 ENDF Activation Cross Sections (ACTIVATE 2019-1)
 ------------------------------------------------------------------------------
 ENDF Input and Output Data Filenames
 ------------------------------------------------------------------------------
 ACTIVATE.IN                                                             
 ACTIVATE.OUT                                                            
 ------------------------------------------------------------------------------
 ENDF Tape Label
 ------------------------------------------------------------------------------
  JENDL/PD-2016.1  Mo- 94                                             1
 ------------------------------------------------------------------------------
   Material  MAT  MF  MT  ENDF    ZAP Final      Q-Value Points Points
                          Format      State           eV     In    Out
 ------------------------------------------------------------------------------
  42-Mo-94  4231  10   5   6        1     0   0.0            88     88
  42-Mo-94  4231  10   5   6     1001     0   0.0            88     88
  42-Mo-94  4231  10   5   6     1002     0   0.0            88     88
  42-Mo-94  4231  10   5   6     1003     0   0.0            88     88
  42-Mo-94  4231  10   5   6     2003     0   0.0            88     88
  42-Mo-94  4231  10   5   6     2004     0   0.0            88     88
  42-Mo-94  4231  10   5   6    22056     0   0.0            88     88
  42-Mo-94  4231  10   5   6    23057     0   0.0            88     88
  42-Mo-94  4231  10   5   6    23058     0   0.0            88     88
  42-Mo-94  4231  10   5   6    23059     0   0.0            88     88
  42-Mo-94  4231  10   5   6    24058     0   0.0            88     88
  42-Mo-94  4231  10   5   6    24059     0   0.0            88     88
  42-Mo-94  4231  10   5   6    24060     0   0.0            88     88
  42-Mo-94  4231  10   5   6    24061     0   0.0            88     88
  42-Mo-94  4231  10   5   6    24062     0   0.0            88     88
  42-Mo-94  4231  10   5   6    25059     0   0.0            88     88
  42-Mo-94  4231  10   5   6    25060     0   0.0            88     88
  42-Mo-94  4231  10   5   6    25060     1   0.0            88     88
  42-Mo-94  4231  10   5   6    25061     0   0.0            88     88
  42-Mo-94  4231  10   5   6    25062     0   0.0            88     88
  42-Mo-94  4231  10   5   6    25063     0   0.0            88     88
  42-Mo-94  4231  10   5   6    25064     0   0.0            88     88
  42-Mo-94  4231  10   5   6    25065     0   0.0            88     88
  42-Mo-94  4231  10   5   6    26060     0   0.0            88     88
  42-Mo-94  4231  10   5   6    26061     0   0.0            88     88
  42-Mo-94  4231  10   5   6    26062     0   0.0            88     88
  42-Mo-94  4231  10   5   6    26063     0   0.0            88     88
  42-Mo-94  4231  10   5   6    26064     0   0.0            88     88
  42-Mo-94  4231  10   5   6    26065     0   0.0            88     88
  42-Mo-94  4231  10   5   6    26066     0   0.0            88     88
  42-Mo-94  4231  10   5   6    26067     0   0.0            88     88
  42-Mo-94  4231  10   5   6    26068     0   0.0            88     88
  42-Mo-94  4231  10   5   6    27061     0   0.0            88     88
  42-Mo-94  4231  10   5   6    27062     0   0.0            88     88
  42-Mo-94  4231  10   5   6    27062     1   0.0            88     88
  42-Mo-94  4231  10   5   6    27063     0   0.0            88     88
  42-Mo-94  4231  10   5   6    27064     0   0.0            88     88
  42-Mo-94  4231  10   5   6    27065     0   0.0            88     88
  42-Mo-94  4231  10   5   6    27066     0   0.0            88     88
  42-Mo-94  4231  10   5   6    27067     0   0.0            88     88
  42-Mo-94  4231  10   5   6    27068     0   0.0            88     88
  42-Mo-94  4231  10   5   6    27068     1   0.0            88     88
  42-Mo-94  4231  10   5   6    27069     0   0.0            88     88
  42-Mo-94  4231  10   5   6    27070     0   0.0            88     88
  42-Mo-94  4231  10   5   6    27070     1   0.0            88     88
  42-Mo-94  4231  10   5   6    27071     0   0.0            88     88
  42-Mo-94  4231  10   5   6    28062     0   0.0            88     88
  42-Mo-94  4231  10   5   6    28063     0   0.0            88     88
  42-Mo-94  4231  10   5   6    28064     0   0.0            88     88
  42-Mo-94  4231  10   5   6    28065     0   0.0            88     88
  42-Mo-94  4231  10   5   6    28066     0   0.0            88     88
  42-Mo-94  4231  10   5   6    28067     0   0.0            88     88
  42-Mo-94  4231  10   5   6    28068     0   0.0            88     88
  42-Mo-94  4231  10   5   6    28069     0   0.0            88     88
  42-Mo-94  4231  10   5   6    28070     0   0.0            88     88
  42-Mo-94  4231  10   5   6    28071     0   0.0            88     88
  42-Mo-94  4231  10   5   6    28072     0   0.0            88     88
  42-Mo-94  4231  10   5   6    28073     0   0.0            88     88
  42-Mo-94  4231  10   5   6    28074     0   0.0            88     88
  42-Mo-94  4231  10   5   6    29063     0   0.0            88     88
  42-Mo-94  4231  10   5   6    29064     0   0.0            88     88
  42-Mo-94  4231  10   5   6    29065     0   0.0            88     88
  42-Mo-94  4231  10   5   6    29066     0   0.0            88     88
  42-Mo-94  4231  10   5   6    29067     0   0.0            88     88
  42-Mo-94  4231  10   5   6    29068     0   0.0            88     88
  42-Mo-94  4231  10   5   6    29068     1   0.0            88     88
  42-Mo-94  4231  10   5   6    29069     0   0.0            88     88
  42-Mo-94  4231  10   5   6    29070     0   0.0            88     88
  42-Mo-94  4231  10   5   6    29070     1   0.0            88     88
  42-Mo-94  4231  10   5   6    29071     0   0.0            88     88
  42-Mo-94  4231  10   5   6    29072     0   0.0            88     88
  42-Mo-94  4231  10   5   6    29073     0   0.0            88     88
  42-Mo-94  4231  10   5   6    29074     0   0.0            88     88
  42-Mo-94  4231  10   5   6    29075     0   0.0            88     88
  42-Mo-94  4231  10   5   6    29076     0   0.0            88     88
  42-Mo-94  4231  10   5   6    29076     1   0.0            88     88
  42-Mo-94  4231  10   5   6    30064     0   0.0            88     88
  42-Mo-94  4231  10   5   6    30065     0   0.0            88     88
  42-Mo-94  4231  10   5   6    30066     0   0.0            88     88
  42-Mo-94  4231  10   5   6    30067     0   0.0            88     88
  42-Mo-94  4231  10   5   6    30068     0   0.0            88     88
  42-Mo-94  4231  10   5   6    30069     0   0.0            88     88
  42-Mo-94  4231  10   5   6    30069     1   0.0            88     88
  42-Mo-94  4231  10   5   6    30070     0   0.0            88     88
  42-Mo-94  4231  10   5   6    30071     0   0.0            88     88
  42-Mo-94  4231  10   5   6    30071     1   0.0            88     88
  42-Mo-94  4231  10   5   6    30072     0   0.0            88     88
  42-Mo-94  4231  10   5   6    30073     0   0.0            88     88
  42-Mo-94  4231  10   5   6    30074     0   0.0            88     88
  42-Mo-94  4231  10   5   6    30075     0   0.0            88     88
  42-Mo-94  4231  10   5   6    30076     0   0.0            88     88
  42-Mo-94  4231  10   5   6    30077     0   0.0            88     88
  42-Mo-94  4231  10   5   6    30077     1   0.0            88     88
  42-Mo-94  4231  10   5   6    30078     0   0.0            88     88
  42-Mo-94  4231  10   5   6    31065     0   0.0            88     88
  42-Mo-94  4231  10   5   6    31066     0   0.0            88     88
  42-Mo-94  4231  10   5   6    31067     0   0.0            88     88
  42-Mo-94  4231  10   5   6    31068     0   0.0            88     88
  42-Mo-94  4231  10   5   6    31069     0   0.0            88     88
  42-Mo-94  4231  10   5   6    31070     0   0.0            88     88
  42-Mo-94  4231  10   5   6    31071     0   0.0            88     88
  42-Mo-94  4231  10   5   6    31072     0   0.0            88     88
  42-Mo-94  4231  10   5   6    31073     0   0.0            88     88
  42-Mo-94  4231  10   5   6    31074     0   0.0            88     88
  42-Mo-94  4231  10   5   6    31075     0   0.0            88     88
  42-Mo-94  4231  10   5   6    31076     0   0.0            88     88
  42-Mo-94  4231  10   5   6    31077     0   0.0            88     88
  42-Mo-94  4231  10   5   6    31078     0   0.0            88     88
  42-Mo-94  4231  10   5   6    31079     0   0.0            88     88
  42-Mo-94  4231  10   5   6    31080     0   0.0            88     88
  42-Mo-94  4231  10   5   6    31081     0   0.0            88     88
  42-Mo-94  4231  10   5   6    32066     0   0.0            88     88
  42-Mo-94  4231  10   5   6    32067     0   0.0            88     88
  42-Mo-94  4231  10   5   6    32068     0   0.0            88     88
  42-Mo-94  4231  10   5   6    32069     0   0.0            88     88
  42-Mo-94  4231  10   5   6    32070     0   0.0            88     88
  42-Mo-94  4231  10   5   6    32071     0   0.0            88     88
  42-Mo-94  4231  10   5   6    32072     0   0.0            88     88
  42-Mo-94  4231  10   5   6    32073     0   0.0            88     88
  42-Mo-94  4231  10   5   6    32073     1   0.0            88     88
  42-Mo-94  4231  10   5   6    32074     0   0.0            88     88
  42-Mo-94  4231  10   5   6    32075     0   0.0            88     88
  42-Mo-94  4231  10   5   6    32075     1   0.0            88     88
  42-Mo-94  4231  10   5   6    32076     0   0.0            88     88
  42-Mo-94  4231  10   5   6    32077     0   0.0            88     88
  42-Mo-94  4231  10   5   6    32077     1   0.0            88     88
  42-Mo-94  4231  10   5   6    32078     0   0.0            88     88
  42-Mo-94  4231  10   5   6    32079     0   0.0            88     88
  42-Mo-94  4231  10   5   6    32079     1   0.0            88     88
  42-Mo-94  4231  10   5   6    32080     0   0.0            88     88
  42-Mo-94  4231  10   5   6    32081     0   0.0            88     88
  42-Mo-94  4231  10   5   6    32081     1   0.0            88     88
  42-Mo-94  4231  10   5   6    32082     0   0.0            88     88
  42-Mo-94  4231  10   5   6    32083     0   0.0            88     88
  42-Mo-94  4231  10   5   6    33067     0   0.0            88     88
  42-Mo-94  4231  10   5   6    33068     0   0.0            88     88
  42-Mo-94  4231  10   5   6    33069     0   0.0            88     88
  42-Mo-94  4231  10   5   6    33070     0   0.0            88     88
  42-Mo-94  4231  10   5   6    33071     0   0.0            88     88
  42-Mo-94  4231  10   5   6    33072     0   0.0            88     88
  42-Mo-94  4231  10   5   6    33073     0   0.0            88     88
  42-Mo-94  4231  10   5   6    33074     0   0.0            88     88
  42-Mo-94  4231  10   5   6    33075     0   0.0            88     88
  42-Mo-94  4231  10   5   6    33076     0   0.0            88     88
  42-Mo-94  4231  10   5   6    33077     0   0.0            88     88
  42-Mo-94  4231  10   5   6    33078     0   0.0            88     88
  42-Mo-94  4231  10   5   6    33079     0   0.0            88     88
  42-Mo-94  4231  10   5   6    33080     0   0.0            88     88
  42-Mo-94  4231  10   5   6    33081     0   0.0            88     88
  42-Mo-94  4231  10   5   6    33082     0   0.0            88     88
  42-Mo-94  4231  10   5   6    33082     1   0.0            88     88
  42-Mo-94  4231  10   5   6    33083     0   0.0            88     88
  42-Mo-94  4231  10   5   6    33084     0   0.0            88     88
  42-Mo-94  4231  10   5   6    34068     0   0.0            88     88
  42-Mo-94  4231  10   5   6    34069     0   0.0            88     88
  42-Mo-94  4231  10   5   6    34070     0   0.0            88     88
  42-Mo-94  4231  10   5   6    34071     0   0.0            88     88
  42-Mo-94  4231  10   5   6    34072     0   0.0            88     88
  42-Mo-94  4231  10   5   6    34073     0   0.0            88     88
  42-Mo-94  4231  10   5   6    34073     1   0.0            88     88
  42-Mo-94  4231  10   5   6    34074     0   0.0            88     88
  42-Mo-94  4231  10   5   6    34075     0   0.0            88     88
  42-Mo-94  4231  10   5   6    34076     0   0.0            88     88
  42-Mo-94  4231  10   5   6    34077     0   0.0            88     88
  42-Mo-94  4231  10   5   6    34077     1   0.0            88     88
  42-Mo-94  4231  10   5   6    34078     0   0.0            88     88
  42-Mo-94  4231  10   5   6    34079     0   0.0            88     88
  42-Mo-94  4231  10   5   6    34079     1   0.0            88     88
  42-Mo-94  4231  10   5   6    34080     0   0.0            88     88
  42-Mo-94  4231  10   5   6    34081     0   0.0            88     88
  42-Mo-94  4231  10   5   6    34081     1   0.0            88     88
  42-Mo-94  4231  10   5   6    34082     0   0.0            88     88
  42-Mo-94  4231  10   5   6    34083     0   0.0            88     88
  42-Mo-94  4231  10   5   6    34083     1   0.0            88     88
  42-Mo-94  4231  10   5   6    34084     0   0.0            88     88
  42-Mo-94  4231  10   5   6    34085     0   0.0            88     88
  42-Mo-94  4231  10   5   6    34086     0   0.0            88     88
  42-Mo-94  4231  10   5   6    35069     0   0.0            88     88
  42-Mo-94  4231  10   5   6    35070     0   0.0            88     88
  42-Mo-94  4231  10   5   6    35070     1   0.0            88     88
  42-Mo-94  4231  10   5   6    35071     0   0.0            88     88
  42-Mo-94  4231  10   5   6    35072     0   0.0            88     88
  42-Mo-94  4231  10   5   6    35072     1   0.0            88     88
  42-Mo-94  4231  10   5   6    35073     0   0.0            88     88
  42-Mo-94  4231  10   5   6    35074     0   0.0            88     88
  42-Mo-94  4231  10   5   6    35074     1   0.0            88     88
  42-Mo-94  4231  10   5   6    35075     0   0.0            88     88
  42-Mo-94  4231  10   5   6    35076     0   0.0            88     88
  42-Mo-94  4231  10   5   6    35076     1   0.0            88     88
  42-Mo-94  4231  10   5   6    35077     0   0.0            88     88
  42-Mo-94  4231  10   5   6    35077     1   0.0            88     88
  42-Mo-94  4231  10   5   6    35078     0   0.0            88     88
  42-Mo-94  4231  10   5   6    35079     0   0.0            88     88
  42-Mo-94  4231  10   5   6    35079     1   0.0            88     88
  42-Mo-94  4231  10   5   6    35080     0   0.0            88     88
  42-Mo-94  4231  10   5   6    35080     1   0.0            88     88
  42-Mo-94  4231  10   5   6    35081     0   0.0            88     88
  42-Mo-94  4231  10   5   6    35082     0   0.0            88     88
  42-Mo-94  4231  10   5   6    35082     1   0.0            88     88
  42-Mo-94  4231  10   5   6    35083     0   0.0            88     88
  42-Mo-94  4231  10   5   6    35084     0   0.0            88     88
  42-Mo-94  4231  10   5   6    35084     1   0.0            88     88
  42-Mo-94  4231  10   5   6    35085     0   0.0            88     88
  42-Mo-94  4231  10   5   6    35086     0   0.0            88     88
  42-Mo-94  4231  10   5   6    35087     0   0.0            88     88
  42-Mo-94  4231  10   5   6    36071     0   0.0            88     88
  42-Mo-94  4231  10   5   6    36072     0   0.0            88     88
  42-Mo-94  4231  10   5   6    36073     0   0.0            88     88
  42-Mo-94  4231  10   5   6    36074     0   0.0            88     88
  42-Mo-94  4231  10   5   6    36075     0   0.0            88     88
  42-Mo-94  4231  10   5   6    36076     0   0.0            88     88
  42-Mo-94  4231  10   5   6    36077     0   0.0            88     88
  42-Mo-94  4231  10   5   6    36078     0   0.0            88     88
  42-Mo-94  4231  10   5   6    36079     0   0.0            88     88
  42-Mo-94  4231  10   5   6    36079     1   0.0            88     88
  42-Mo-94  4231  10   5   6    36080     0   0.0            88     88
  42-Mo-94  4231  10   5   6    36081     0   0.0            88     88
  42-Mo-94  4231  10   5   6    36081     1   0.0            88     88
  42-Mo-94  4231  10   5   6    36082     0   0.0            88     88
  42-Mo-94  4231  10   5   6    36083     0   0.0            88     88
  42-Mo-94  4231  10   5   6    36083     1   0.0            88     88
  42-Mo-94  4231  10   5   6    36084     0   0.0            88     88
  42-Mo-94  4231  10   5   6    36085     0   0.0            88     88
  42-Mo-94  4231  10   5   6    36085     1   0.0            88     88
  42-Mo-94  4231  10   5   6    36086     0   0.0            88     88
  42-Mo-94  4231  10   5   6    36087     0   0.0            88     88
  42-Mo-94  4231  10   5   6    36088     0   0.0            88     88
  42-Mo-94  4231  10   5   6    37072     0   0.0            88     88
  42-Mo-94  4231  10   5   6    37073     0   0.0            88     88
  42-Mo-94  4231  10   5   6    37074     0   0.0            88     88
  42-Mo-94  4231  10   5   6    37075     0   0.0            88     88
  42-Mo-94  4231  10   5   6    37076     0   0.0            88     88
  42-Mo-94  4231  10   5   6    37077     0   0.0            88     88
  42-Mo-94  4231  10   5   6    37078     0   0.0            88     88
  42-Mo-94  4231  10   5   6    37078     1   0.0            88     88
  42-Mo-94  4231  10   5   6    37079     0   0.0            88     88
  42-Mo-94  4231  10   5   6    37080     0   0.0            88     88
  42-Mo-94  4231  10   5   6    37081     0   0.0            88     88
  42-Mo-94  4231  10   5   6    37081     1   0.0            88     88
  42-Mo-94  4231  10   5   6    37082     0   0.0            88     88
  42-Mo-94  4231  10   5   6    37082     1   0.0            88     88
  42-Mo-94  4231  10   5   6    37083     0   0.0            88     88
  42-Mo-94  4231  10   5   6    37084     0   0.0            88     88
  42-Mo-94  4231  10   5   6    37084     1   0.0            88     88
  42-Mo-94  4231  10   5   6    37085     0   0.0            88     88
  42-Mo-94  4231  10   5   6    37086     0   0.0            88     88
  42-Mo-94  4231  10   5   6    37086     1   0.0            88     88
  42-Mo-94  4231  10   5   6    37087     0   0.0            88     88
  42-Mo-94  4231  10   5   6    37088     0   0.0            88     88
  42-Mo-94  4231  10   5   6    37089     0   0.0            88     88
  42-Mo-94  4231  10   5   6    38074     0   0.0            88     88
  42-Mo-94  4231  10   5   6    38075     0   0.0            88     88
  42-Mo-94  4231  10   5   6    38076     0   0.0            88     88
  42-Mo-94  4231  10   5   6    38077     0   0.0            88     88
  42-Mo-94  4231  10   5   6    38078     0   0.0            88     88
  42-Mo-94  4231  10   5   6    38079     0   0.0            88     88
  42-Mo-94  4231  10   5   6    38080     0   0.0            88     88
  42-Mo-94  4231  10   5   6    38081     0   0.0            88     88
  42-Mo-94  4231  10   5   6    38082     0   0.0            88     88
  42-Mo-94  4231  10   5   6    38083     0   0.0            88     88
  42-Mo-94  4231  10   5   6    38083     1   0.0            88     88
  42-Mo-94  4231  10   5   6    38084     0   0.0            88     88
  42-Mo-94  4231  10   5   6    38085     0   0.0            88     88
  42-Mo-94  4231  10   5   6    38085     1   0.0            88     88
  42-Mo-94  4231  10   5   6    38086     0   0.0            88     88
  42-Mo-94  4231  10   5   6    38087     0   0.0            88     88
  42-Mo-94  4231  10   5   6    38087     1   0.0            88     88
  42-Mo-94  4231  10   5   6    38088     0   0.0            88     88
  42-Mo-94  4231  10   5   6    38089     0   0.0            88     88
  42-Mo-94  4231  10   5   6    38090     0   0.0            88     88
  42-Mo-94  4231  10   5   6    39076     0   0.0            88     88
  42-Mo-94  4231  10   5   6    39077     0   0.0            88     88
  42-Mo-94  4231  10   5   6    39078     0   0.0            88     88
  42-Mo-94  4231  10   5   6    39079     0   0.0            88     88
  42-Mo-94  4231  10   5   6    39080     0   0.0            88     88
  42-Mo-94  4231  10   5   6    39080     1   0.0            88     88
  42-Mo-94  4231  10   5   6    39081     0   0.0            88     88
  42-Mo-94  4231  10   5   6    39082     0   0.0            88     88
  42-Mo-94  4231  10   5   6    39083     0   0.0            88     88
  42-Mo-94  4231  10   5   6    39083     1   0.0            88     88
  42-Mo-94  4231  10   5   6    39084     0   0.0            88     88
  42-Mo-94  4231  10   5   6    39084     1   0.0            88     88
  42-Mo-94  4231  10   5   6    39085     0   0.0            88     88
  42-Mo-94  4231  10   5   6    39085     1   0.0            88     88
  42-Mo-94  4231  10   5   6    39086     0   0.0            88     88
  42-Mo-94  4231  10   5   6    39086     1   0.0            88     88
  42-Mo-94  4231  10   5   6    39087     0   0.0            88     88
  42-Mo-94  4231  10   5   6    39087     1   0.0            88     88
  42-Mo-94  4231  10   5   6    39088     0   0.0            88     88
  42-Mo-94  4231  10   5   6    39089     0   0.0            88     88
  42-Mo-94  4231  10   5   6    39089     1   0.0            88     88
  42-Mo-94  4231  10   5   6    39090     0   0.0            88     88
  42-Mo-94  4231  10   5   6    39090     1   0.0            88     88
  42-Mo-94  4231  10   5   6    39091     0   0.0            88     88
  42-Mo-94  4231  10   5   6    39091     1   0.0            88     88
  42-Mo-94  4231  10   5   6    40078     0   0.0            88     88
  42-Mo-94  4231  10   5   6    40079     0   0.0            88     88
  42-Mo-94  4231  10   5   6    40080     0   0.0            88     88
  42-Mo-94  4231  10   5   6    40081     0   0.0            88     88
  42-Mo-94  4231  10   5   6    40082     0   0.0            88     88
  42-Mo-94  4231  10   5   6    40083     0   0.0            88     88
  42-Mo-94  4231  10   5   6    40084     0   0.0            88     88
  42-Mo-94  4231  10   5   6    40085     0   0.0            88     88
  42-Mo-94  4231  10   5   6    40086     0   0.0            88     88
  42-Mo-94  4231  10   5   6    40087     0   0.0            88     88
  42-Mo-94  4231  10   5   6    40087     1   0.0            88     88
  42-Mo-94  4231  10   5   6    40088     0   0.0            88     88
  42-Mo-94  4231  10   5   6    40089     0   0.0            88     88
  42-Mo-94  4231  10   5   6    40089     1   0.0            88     88
  42-Mo-94  4231  10   5   6    40090     0   0.0            88     88
  42-Mo-94  4231  10   5   6    40090     1   0.0            88     88
  42-Mo-94  4231  10   5   6    40091     0   0.0            88     88
  42-Mo-94  4231  10   5   6    40092     0   0.0            88     88
  42-Mo-94  4231  10   5   6    41081     0   0.0            88     88
  42-Mo-94  4231  10   5   6    41082     0   0.0            88     88
  42-Mo-94  4231  10   5   6    41083     0   0.0            88     88
  42-Mo-94  4231  10   5   6    41084     0   0.0            88     88
  42-Mo-94  4231  10   5   6    41085     0   0.0            88     88
  42-Mo-94  4231  10   5   6    41086     0   0.0            88     88
  42-Mo-94  4231  10   5   6    41086     1   0.0            88     88
  42-Mo-94  4231  10   5   6    41087     0   0.0            88     88
  42-Mo-94  4231  10   5   6    41087     1   0.0            88     88
  42-Mo-94  4231  10   5   6    41088     0   0.0            88     88
  42-Mo-94  4231  10   5   6    41088     1   0.0            88     88
  42-Mo-94  4231  10   5   6    41089     0   0.0            88     88
  42-Mo-94  4231  10   5   6    41089     1   0.0            88     88
  42-Mo-94  4231  10   5   6    41090     0   0.0            88     88
  42-Mo-94  4231  10   5   6    41090     1   0.0            88     88
  42-Mo-94  4231  10   5   6    41091     0   0.0            88     88
  42-Mo-94  4231  10   5   6    41091     1   0.0            88     88
  42-Mo-94  4231  10   5   6    41092     0   0.0            88     88
  42-Mo-94  4231  10   5   6    41092     1   0.0            88     88
  42-Mo-94  4231  10   5   6    41093     0   0.0            88     88
  42-Mo-94  4231  10   5   6    41093     1   0.0            88     88
  42-Mo-94  4231  10   5   6    42083     0   0.0            88     88
  42-Mo-94  4231  10   5   6    42084     0   0.0            88     88
  42-Mo-94  4231  10   5   6    42085     0   0.0            88     88
  42-Mo-94  4231  10   5   6    42086     0   0.0            88     88
  42-Mo-94  4231  10   5   6    42087     0   0.0            88     88
  42-Mo-94  4231  10   5   6    42088     0   0.0            88     88
  42-Mo-94  4231  10   5   6    42089     0   0.0            88     88
  42-Mo-94  4231  10   5   6    42089     1   0.0            88     88
  42-Mo-94  4231  10   5   6    42090     0   0.0            88     88
  42-Mo-94  4231  10   5   6    42091     0   0.0            88     88
  42-Mo-94  4231  10   5   6    42091     1   0.0            88     88
  42-Mo-94  4231  10   5   6    42092     0   0.0            88     88
  42-Mo-94  4231  10   5   6    42093     0   0.0            88     88
  42-Mo-94  4231  10   5   6    42093     1   0.0            88     88
  42-Mo-94  4231  10   5   6    42094     0   0.0            88     88
  42-Mo-94  4231  10   5   6        0     0   0.0            88     88
 ------------------------------------------------------------------------------
                                              MAT Totals  30800  30800
 ------------------------------------------------------------------------------
 ------------------------------------------------------------------------------
 All Cross Sections Read. Maximum Tabulated Energy =  200000000. eV
 ------------------------------------------------------------------------------
 ===============================================================================
      MAT Total Execution Time                0.43 Seconds
 ===============================================================================
 ------------------------------------------------------------------------------
                                             Tape Totals  30800  30800
 ------------------------------------------------------------------------------
 ===============================================================================
 ACTIVATE Total Execution Time                0.43 Seconds
 ===============================================================================
