 ENDF Activation Cross Sections (ACTIVATE 2019-1)
 ------------------------------------------------------------------------------
 ENDF Input and Output Data Filenames
 ------------------------------------------------------------------------------
 ACTIVATE.IN                                                             
 ACTIVATE.OUT                                                            
 ------------------------------------------------------------------------------
 ENDF Tape Label
 ------------------------------------------------------------------------------
  JENDL/PD-2016.1  Ge- 74                                             1
 ------------------------------------------------------------------------------
   Material  MAT  MF  MT  ENDF    ZAP Final      Q-Value Points Points
                          Format      State           eV     In    Out
 ------------------------------------------------------------------------------
  32-Ge-74  3237  10   5   6        1     0   0.0            88     88
  32-Ge-74  3237  10   5   6     1001     0   0.0            88     88
  32-Ge-74  3237  10   5   6     1002     0   0.0            88     88
  32-Ge-74  3237  10   5   6     1003     0   0.0            88     88
  32-Ge-74  3237  10   5   6     2003     0   0.0            88     88
  32-Ge-74  3237  10   5   6     2004     0   0.0            88     88
  32-Ge-74  3237  10   5   6    13037     0   0.0            88     88
  32-Ge-74  3237  10   5   6    14038     0   0.0            88     88
  32-Ge-74  3237  10   5   6    14039     0   0.0            88     88
  32-Ge-74  3237  10   5   6    14040     0   0.0            88     88
  32-Ge-74  3237  10   5   6    15039     0   0.0            88     88
  32-Ge-74  3237  10   5   6    15040     0   0.0            88     88
  32-Ge-74  3237  10   5   6    15041     0   0.0            88     88
  32-Ge-74  3237  10   5   6    15042     0   0.0            88     88
  32-Ge-74  3237  10   5   6    15043     0   0.0            88     88
  32-Ge-74  3237  10   5   6    16040     0   0.0            88     88
  32-Ge-74  3237  10   5   6    16041     0   0.0            88     88
  32-Ge-74  3237  10   5   6    16042     0   0.0            88     88
  32-Ge-74  3237  10   5   6    16043     0   0.0            88     88
  32-Ge-74  3237  10   5   6    16044     0   0.0            88     88
  32-Ge-74  3237  10   5   6    16045     0   0.0            88     88
  32-Ge-74  3237  10   5   6    16046     0   0.0            88     88
  32-Ge-74  3237  10   5   6    17041     0   0.0            88     88
  32-Ge-74  3237  10   5   6    17042     0   0.0            88     88
  32-Ge-74  3237  10   5   6    17043     0   0.0            88     88
  32-Ge-74  3237  10   5   6    17044     0   0.0            88     88
  32-Ge-74  3237  10   5   6    17045     0   0.0            88     88
  32-Ge-74  3237  10   5   6    17046     0   0.0            88     88
  32-Ge-74  3237  10   5   6    17047     0   0.0            88     88
  32-Ge-74  3237  10   5   6    17048     0   0.0            88     88
  32-Ge-74  3237  10   5   6    17049     0   0.0            88     88
  32-Ge-74  3237  10   5   6    18042     0   0.0            88     88
  32-Ge-74  3237  10   5   6    18043     0   0.0            88     88
  32-Ge-74  3237  10   5   6    18044     0   0.0            88     88
  32-Ge-74  3237  10   5   6    18045     0   0.0            88     88
  32-Ge-74  3237  10   5   6    18046     0   0.0            88     88
  32-Ge-74  3237  10   5   6    18047     0   0.0            88     88
  32-Ge-74  3237  10   5   6    18048     0   0.0            88     88
  32-Ge-74  3237  10   5   6    18049     0   0.0            88     88
  32-Ge-74  3237  10   5   6    18050     0   0.0            88     88
  32-Ge-74  3237  10   5   6    18051     0   0.0            88     88
  32-Ge-74  3237  10   5   6    18052     0   0.0            88     88
  32-Ge-74  3237  10   5   6    19043     0   0.0            88     88
  32-Ge-74  3237  10   5   6    19044     0   0.0            88     88
  32-Ge-74  3237  10   5   6    19045     0   0.0            88     88
  32-Ge-74  3237  10   5   6    19046     0   0.0            88     88
  32-Ge-74  3237  10   5   6    19047     0   0.0            88     88
  32-Ge-74  3237  10   5   6    19048     0   0.0            88     88
  32-Ge-74  3237  10   5   6    19049     0   0.0            88     88
  32-Ge-74  3237  10   5   6    19050     0   0.0            88     88
  32-Ge-74  3237  10   5   6    19051     0   0.0            88     88
  32-Ge-74  3237  10   5   6    19052     0   0.0            88     88
  32-Ge-74  3237  10   5   6    19053     0   0.0            88     88
  32-Ge-74  3237  10   5   6    19054     0   0.0            88     88
  32-Ge-74  3237  10   5   6    20044     0   0.0            88     88
  32-Ge-74  3237  10   5   6    20045     0   0.0            88     88
  32-Ge-74  3237  10   5   6    20046     0   0.0            88     88
  32-Ge-74  3237  10   5   6    20047     0   0.0            88     88
  32-Ge-74  3237  10   5   6    20048     0   0.0            88     88
  32-Ge-74  3237  10   5   6    20049     0   0.0            88     88
  32-Ge-74  3237  10   5   6    20050     0   0.0            88     88
  32-Ge-74  3237  10   5   6    20051     0   0.0            88     88
  32-Ge-74  3237  10   5   6    20052     0   0.0            88     88
  32-Ge-74  3237  10   5   6    20053     0   0.0            88     88
  32-Ge-74  3237  10   5   6    20054     0   0.0            88     88
  32-Ge-74  3237  10   5   6    20055     0   0.0            88     88
  32-Ge-74  3237  10   5   6    20056     0   0.0            88     88
  32-Ge-74  3237  10   5   6    21045     0   0.0            88     88
  32-Ge-74  3237  10   5   6    21045     1   0.0            88     88
  32-Ge-74  3237  10   5   6    21046     0   0.0            88     88
  32-Ge-74  3237  10   5   6    21046     1   0.0            88     88
  32-Ge-74  3237  10   5   6    21047     0   0.0            88     88
  32-Ge-74  3237  10   5   6    21048     0   0.0            88     88
  32-Ge-74  3237  10   5   6    21049     0   0.0            88     88
  32-Ge-74  3237  10   5   6    21050     0   0.0            88     88
  32-Ge-74  3237  10   5   6    21050     1   0.0            88     88
  32-Ge-74  3237  10   5   6    21051     0   0.0            88     88
  32-Ge-74  3237  10   5   6    21052     0   0.0            88     88
  32-Ge-74  3237  10   5   6    21053     0   0.0            88     88
  32-Ge-74  3237  10   5   6    21054     0   0.0            88     88
  32-Ge-74  3237  10   5   6    21055     0   0.0            88     88
  32-Ge-74  3237  10   5   6    21056     0   0.0            88     88
  32-Ge-74  3237  10   5   6    21057     0   0.0            88     88
  32-Ge-74  3237  10   5   6    21058     0   0.0            88     88
  32-Ge-74  3237  10   5   6    21059     0   0.0            88     88
  32-Ge-74  3237  10   5   6    22046     0   0.0            88     88
  32-Ge-74  3237  10   5   6    22047     0   0.0            88     88
  32-Ge-74  3237  10   5   6    22048     0   0.0            88     88
  32-Ge-74  3237  10   5   6    22048     1   0.0            88     88
  32-Ge-74  3237  10   5   6    22049     0   0.0            88     88
  32-Ge-74  3237  10   5   6    22050     0   0.0            88     88
  32-Ge-74  3237  10   5   6    22051     0   0.0            88     88
  32-Ge-74  3237  10   5   6    22052     0   0.0            88     88
  32-Ge-74  3237  10   5   6    22053     0   0.0            88     88
  32-Ge-74  3237  10   5   6    22054     0   0.0            88     88
  32-Ge-74  3237  10   5   6    22055     0   0.0            88     88
  32-Ge-74  3237  10   5   6    22056     0   0.0            88     88
  32-Ge-74  3237  10   5   6    22057     0   0.0            88     88
  32-Ge-74  3237  10   5   6    22058     0   0.0            88     88
  32-Ge-74  3237  10   5   6    22059     0   0.0            88     88
  32-Ge-74  3237  10   5   6    22060     0   0.0            88     88
  32-Ge-74  3237  10   5   6    22061     0   0.0            88     88
  32-Ge-74  3237  10   5   6    22062     0   0.0            88     88
  32-Ge-74  3237  10   5   6    23047     0   0.0            88     88
  32-Ge-74  3237  10   5   6    23048     0   0.0            88     88
  32-Ge-74  3237  10   5   6    23049     0   0.0            88     88
  32-Ge-74  3237  10   5   6    23050     0   0.0            88     88
  32-Ge-74  3237  10   5   6    23051     0   0.0            88     88
  32-Ge-74  3237  10   5   6    23052     0   0.0            88     88
  32-Ge-74  3237  10   5   6    23053     0   0.0            88     88
  32-Ge-74  3237  10   5   6    23054     0   0.0            88     88
  32-Ge-74  3237  10   5   6    23055     0   0.0            88     88
  32-Ge-74  3237  10   5   6    23056     0   0.0            88     88
  32-Ge-74  3237  10   5   6    23057     0   0.0            88     88
  32-Ge-74  3237  10   5   6    23058     0   0.0            88     88
  32-Ge-74  3237  10   5   6    23059     0   0.0            88     88
  32-Ge-74  3237  10   5   6    23060     0   0.0            88     88
  32-Ge-74  3237  10   5   6    23060     1   0.0            88     88
  32-Ge-74  3237  10   5   6    23061     0   0.0            88     88
  32-Ge-74  3237  10   5   6    23062     0   0.0            88     88
  32-Ge-74  3237  10   5   6    23063     0   0.0            88     88
  32-Ge-74  3237  10   5   6    23064     0   0.0            88     88
  32-Ge-74  3237  10   5   6    24048     0   0.0            88     88
  32-Ge-74  3237  10   5   6    24049     0   0.0            88     88
  32-Ge-74  3237  10   5   6    24050     0   0.0            88     88
  32-Ge-74  3237  10   5   6    24051     0   0.0            88     88
  32-Ge-74  3237  10   5   6    24052     0   0.0            88     88
  32-Ge-74  3237  10   5   6    24053     0   0.0            88     88
  32-Ge-74  3237  10   5   6    24054     0   0.0            88     88
  32-Ge-74  3237  10   5   6    24055     0   0.0            88     88
  32-Ge-74  3237  10   5   6    24056     0   0.0            88     88
  32-Ge-74  3237  10   5   6    24057     0   0.0            88     88
  32-Ge-74  3237  10   5   6    24058     0   0.0            88     88
  32-Ge-74  3237  10   5   6    24059     0   0.0            88     88
  32-Ge-74  3237  10   5   6    24060     0   0.0            88     88
  32-Ge-74  3237  10   5   6    24061     0   0.0            88     88
  32-Ge-74  3237  10   5   6    24062     0   0.0            88     88
  32-Ge-74  3237  10   5   6    24063     0   0.0            88     88
  32-Ge-74  3237  10   5   6    24064     0   0.0            88     88
  32-Ge-74  3237  10   5   6    24065     0   0.0            88     88
  32-Ge-74  3237  10   5   6    25049     0   0.0            88     88
  32-Ge-74  3237  10   5   6    25050     0   0.0            88     88
  32-Ge-74  3237  10   5   6    25050     1   0.0            88     88
  32-Ge-74  3237  10   5   6    25051     0   0.0            88     88
  32-Ge-74  3237  10   5   6    25052     0   0.0            88     88
  32-Ge-74  3237  10   5   6    25052     1   0.0            88     88
  32-Ge-74  3237  10   5   6    25053     0   0.0            88     88
  32-Ge-74  3237  10   5   6    25054     0   0.0            88     88
  32-Ge-74  3237  10   5   6    25055     0   0.0            88     88
  32-Ge-74  3237  10   5   6    25056     0   0.0            88     88
  32-Ge-74  3237  10   5   6    25057     0   0.0            88     88
  32-Ge-74  3237  10   5   6    25058     0   0.0            88     88
  32-Ge-74  3237  10   5   6    25058     1   0.0            88     88
  32-Ge-74  3237  10   5   6    25059     0   0.0            88     88
  32-Ge-74  3237  10   5   6    25060     0   0.0            88     88
  32-Ge-74  3237  10   5   6    25060     1   0.0            88     88
  32-Ge-74  3237  10   5   6    25061     0   0.0            88     88
  32-Ge-74  3237  10   5   6    25062     0   0.0            88     88
  32-Ge-74  3237  10   5   6    25063     0   0.0            88     88
  32-Ge-74  3237  10   5   6    25064     0   0.0            88     88
  32-Ge-74  3237  10   5   6    25065     0   0.0            88     88
  32-Ge-74  3237  10   5   6    25066     0   0.0            88     88
  32-Ge-74  3237  10   5   6    25067     0   0.0            88     88
  32-Ge-74  3237  10   5   6    26050     0   0.0            88     88
  32-Ge-74  3237  10   5   6    26051     0   0.0            88     88
  32-Ge-74  3237  10   5   6    26052     0   0.0            88     88
  32-Ge-74  3237  10   5   6    26053     0   0.0            88     88
  32-Ge-74  3237  10   5   6    26053     1   0.0            88     88
  32-Ge-74  3237  10   5   6    26054     0   0.0            88     88
  32-Ge-74  3237  10   5   6    26055     0   0.0            88     88
  32-Ge-74  3237  10   5   6    26056     0   0.0            88     88
  32-Ge-74  3237  10   5   6    26057     0   0.0            88     88
  32-Ge-74  3237  10   5   6    26058     0   0.0            88     88
  32-Ge-74  3237  10   5   6    26059     0   0.0            88     88
  32-Ge-74  3237  10   5   6    26060     0   0.0            88     88
  32-Ge-74  3237  10   5   6    26061     0   0.0            88     88
  32-Ge-74  3237  10   5   6    26062     0   0.0            88     88
  32-Ge-74  3237  10   5   6    26063     0   0.0            88     88
  32-Ge-74  3237  10   5   6    26064     0   0.0            88     88
  32-Ge-74  3237  10   5   6    26065     0   0.0            88     88
  32-Ge-74  3237  10   5   6    26066     0   0.0            88     88
  32-Ge-74  3237  10   5   6    26067     0   0.0            88     88
  32-Ge-74  3237  10   5   6    26068     0   0.0            88     88
  32-Ge-74  3237  10   5   6    27051     0   0.0            88     88
  32-Ge-74  3237  10   5   6    27052     0   0.0            88     88
  32-Ge-74  3237  10   5   6    27053     0   0.0            88     88
  32-Ge-74  3237  10   5   6    27054     0   0.0            88     88
  32-Ge-74  3237  10   5   6    27054     1   0.0            88     88
  32-Ge-74  3237  10   5   6    27055     0   0.0            88     88
  32-Ge-74  3237  10   5   6    27056     0   0.0            88     88
  32-Ge-74  3237  10   5   6    27057     0   0.0            88     88
  32-Ge-74  3237  10   5   6    27058     0   0.0            88     88
  32-Ge-74  3237  10   5   6    27058     1   0.0            88     88
  32-Ge-74  3237  10   5   6    27059     0   0.0            88     88
  32-Ge-74  3237  10   5   6    27060     0   0.0            88     88
  32-Ge-74  3237  10   5   6    27060     1   0.0            88     88
  32-Ge-74  3237  10   5   6    27061     0   0.0            88     88
  32-Ge-74  3237  10   5   6    27062     0   0.0            88     88
  32-Ge-74  3237  10   5   6    27062     1   0.0            88     88
  32-Ge-74  3237  10   5   6    27063     0   0.0            88     88
  32-Ge-74  3237  10   5   6    27064     0   0.0            88     88
  32-Ge-74  3237  10   5   6    27065     0   0.0            88     88
  32-Ge-74  3237  10   5   6    27066     0   0.0            88     88
  32-Ge-74  3237  10   5   6    27067     0   0.0            88     88
  32-Ge-74  3237  10   5   6    27068     0   0.0            88     88
  32-Ge-74  3237  10   5   6    27068     1   0.0            88     88
  32-Ge-74  3237  10   5   6    27069     0   0.0            88     88
  32-Ge-74  3237  10   5   6    28053     0   0.0            88     88
  32-Ge-74  3237  10   5   6    28054     0   0.0            88     88
  32-Ge-74  3237  10   5   6    28055     0   0.0            88     88
  32-Ge-74  3237  10   5   6    28056     0   0.0            88     88
  32-Ge-74  3237  10   5   6    28057     0   0.0            88     88
  32-Ge-74  3237  10   5   6    28058     0   0.0            88     88
  32-Ge-74  3237  10   5   6    28059     0   0.0            88     88
  32-Ge-74  3237  10   5   6    28060     0   0.0            88     88
  32-Ge-74  3237  10   5   6    28061     0   0.0            88     88
  32-Ge-74  3237  10   5   6    28062     0   0.0            88     88
  32-Ge-74  3237  10   5   6    28063     0   0.0            88     88
  32-Ge-74  3237  10   5   6    28064     0   0.0            88     88
  32-Ge-74  3237  10   5   6    28065     0   0.0            88     88
  32-Ge-74  3237  10   5   6    28066     0   0.0            88     88
  32-Ge-74  3237  10   5   6    28067     0   0.0            88     88
  32-Ge-74  3237  10   5   6    28068     0   0.0            88     88
  32-Ge-74  3237  10   5   6    28069     0   0.0            88     88
  32-Ge-74  3237  10   5   6    28070     0   0.0            88     88
  32-Ge-74  3237  10   5   6    29055     0   0.0            88     88
  32-Ge-74  3237  10   5   6    29056     0   0.0            88     88
  32-Ge-74  3237  10   5   6    29057     0   0.0            88     88
  32-Ge-74  3237  10   5   6    29058     0   0.0            88     88
  32-Ge-74  3237  10   5   6    29059     0   0.0            88     88
  32-Ge-74  3237  10   5   6    29060     0   0.0            88     88
  32-Ge-74  3237  10   5   6    29061     0   0.0            88     88
  32-Ge-74  3237  10   5   6    29062     0   0.0            88     88
  32-Ge-74  3237  10   5   6    29063     0   0.0            88     88
  32-Ge-74  3237  10   5   6    29064     0   0.0            88     88
  32-Ge-74  3237  10   5   6    29065     0   0.0            88     88
  32-Ge-74  3237  10   5   6    29066     0   0.0            88     88
  32-Ge-74  3237  10   5   6    29067     0   0.0            88     88
  32-Ge-74  3237  10   5   6    29068     0   0.0            88     88
  32-Ge-74  3237  10   5   6    29068     1   0.0            88     88
  32-Ge-74  3237  10   5   6    29069     0   0.0            88     88
  32-Ge-74  3237  10   5   6    29070     0   0.0            88     88
  32-Ge-74  3237  10   5   6    29070     1   0.0            88     88
  32-Ge-74  3237  10   5   6    29071     0   0.0            88     88
  32-Ge-74  3237  10   5   6    30057     0   0.0            88     88
  32-Ge-74  3237  10   5   6    30058     0   0.0            88     88
  32-Ge-74  3237  10   5   6    30059     0   0.0            88     88
  32-Ge-74  3237  10   5   6    30060     0   0.0            88     88
  32-Ge-74  3237  10   5   6    30061     0   0.0            88     88
  32-Ge-74  3237  10   5   6    30061     1   0.0            88     88
  32-Ge-74  3237  10   5   6    30061     2   0.0            88     88
  32-Ge-74  3237  10   5   6    30061     3   0.0            88     88
  32-Ge-74  3237  10   5   6    30062     0   0.0            88     88
  32-Ge-74  3237  10   5   6    30063     0   0.0            88     88
  32-Ge-74  3237  10   5   6    30064     0   0.0            88     88
  32-Ge-74  3237  10   5   6    30065     0   0.0            88     88
  32-Ge-74  3237  10   5   6    30066     0   0.0            88     88
  32-Ge-74  3237  10   5   6    30067     0   0.0            88     88
  32-Ge-74  3237  10   5   6    30068     0   0.0            88     88
  32-Ge-74  3237  10   5   6    30069     0   0.0            88     88
  32-Ge-74  3237  10   5   6    30069     1   0.0            88     88
  32-Ge-74  3237  10   5   6    30070     0   0.0            88     88
  32-Ge-74  3237  10   5   6    30071     0   0.0            88     88
  32-Ge-74  3237  10   5   6    30071     1   0.0            88     88
  32-Ge-74  3237  10   5   6    30072     0   0.0            88     88
  32-Ge-74  3237  10   5   6    31059     0   0.0            88     88
  32-Ge-74  3237  10   5   6    31060     0   0.0            88     88
  32-Ge-74  3237  10   5   6    31061     0   0.0            88     88
  32-Ge-74  3237  10   5   6    31062     0   0.0            88     88
  32-Ge-74  3237  10   5   6    31063     0   0.0            88     88
  32-Ge-74  3237  10   5   6    31064     0   0.0            88     88
  32-Ge-74  3237  10   5   6    31065     0   0.0            88     88
  32-Ge-74  3237  10   5   6    31066     0   0.0            88     88
  32-Ge-74  3237  10   5   6    31067     0   0.0            88     88
  32-Ge-74  3237  10   5   6    31068     0   0.0            88     88
  32-Ge-74  3237  10   5   6    31069     0   0.0            88     88
  32-Ge-74  3237  10   5   6    31070     0   0.0            88     88
  32-Ge-74  3237  10   5   6    31071     0   0.0            88     88
  32-Ge-74  3237  10   5   6    31072     0   0.0            88     88
  32-Ge-74  3237  10   5   6    31073     0   0.0            88     88
  32-Ge-74  3237  10   5   6    32061     0   0.0            88     88
  32-Ge-74  3237  10   5   6    32062     0   0.0            88     88
  32-Ge-74  3237  10   5   6    32063     0   0.0            88     88
  32-Ge-74  3237  10   5   6    32064     0   0.0            88     88
  32-Ge-74  3237  10   5   6    32065     0   0.0            88     88
  32-Ge-74  3237  10   5   6    32066     0   0.0            88     88
  32-Ge-74  3237  10   5   6    32067     0   0.0            88     88
  32-Ge-74  3237  10   5   6    32068     0   0.0            88     88
  32-Ge-74  3237  10   5   6    32069     0   0.0            88     88
  32-Ge-74  3237  10   5   6    32070     0   0.0            88     88
  32-Ge-74  3237  10   5   6    32071     0   0.0            88     88
  32-Ge-74  3237  10   5   6    32072     0   0.0            88     88
  32-Ge-74  3237  10   5   6    32073     0   0.0            88     88
  32-Ge-74  3237  10   5   6    32073     1   0.0            88     88
  32-Ge-74  3237  10   5   6    32074     0   0.0            88     88
  32-Ge-74  3237  10   5   6        0     0   0.0            88     88
 ------------------------------------------------------------------------------
                                              MAT Totals  26048  26048
 ------------------------------------------------------------------------------
 ------------------------------------------------------------------------------
 All Cross Sections Read. Maximum Tabulated Energy =  200000000. eV
 ------------------------------------------------------------------------------
 ===============================================================================
      MAT Total Execution Time                0.40 Seconds
 ===============================================================================
 ------------------------------------------------------------------------------
                                             Tape Totals  26048  26048
 ------------------------------------------------------------------------------
 ===============================================================================
 ACTIVATE Total Execution Time                0.40 Seconds
 ===============================================================================
