 Create New Section Index (DICTIN 2019-1)
 ------------------------------------------------------------
 ENDF/B Input and Output Data Filenames
 ------------------------------------------------------------
 DICTIN.IN                                                               
 DICTIN.OUT                                                              
 ------------------------------------------------------------
 First Pass. Reading ENDF/B Data
 ------------------------------------------------------------
  MAT   Messages
 ------------------------------------------------------------
 3237
 ------------------------------------------------------------
 Second Pass. Creating New Index
 ------------------------------------------------------------
 ENDF/B  MAT MF  MT  Lines  Mod
 Format
 ------------------------------------------------------------
  VI    3237  1 451     67    1
        3237  3   5     33    1
        3237 10   5   9473    1
 ------------------------------------------------------------
 Original Line Count   9581
 Final Line Count      9582
 ------------------------------------------------------------
 ===============================================================================
 DICTIN   Total Execution Time                0.03 Seconds
 ===============================================================================
