 ENDF Activation Cross Sections (ACTIVATE 2019-1)
 ------------------------------------------------------------------------------
 ENDF Input and Output Data Filenames
 ------------------------------------------------------------------------------
 ACTIVATE.IN                                                             
 ACTIVATE.OUT                                                            
 ------------------------------------------------------------------------------
 ENDF Tape Label
 ------------------------------------------------------------------------------
 Retrieved by E4-util: 2019/11/11,14:58:55                            1
 ------------------------------------------------------------------------------
   Material  MAT  MF  MT  ENDF    ZAP Final      Q-Value Points Points
                          Format      State           eV     In    Out
 ------------------------------------------------------------------------------
  83-Bi-209 8325  10   5   6        1     0   0.0            88     88
  83-Bi-209 8325  10   5   6     1001     0   0.0            88     88
  83-Bi-209 8325  10   5   6     1002     0   0.0            88     88
  83-Bi-209 8325  10   5   6     1003     0   0.0            88     88
  83-Bi-209 8325  10   5   6     2003     0   0.0            88     88
  83-Bi-209 8325  10   5   6     2004     0   0.0            88     88
  83-Bi-209 8325  10   5   6    77183     0   0.0            88     88
  83-Bi-209 8325  10   5   6    77184     0   0.0            88     88
  83-Bi-209 8325  10   5   6    78184     0   0.0            88     88
  83-Bi-209 8325  10   5   6    78185     0   0.0            88     88
  83-Bi-209 8325  10   5   6    78185     1   0.0            88     88
  83-Bi-209 8325  10   5   6    78186     0   0.0            88     88
  83-Bi-209 8325  10   5   6    78187     0   0.0            88     88
  83-Bi-209 8325  10   5   6    78188     0   0.0            88     88
  83-Bi-209 8325  10   5   6    79185     0   0.0            88     88
  83-Bi-209 8325  10   5   6    79185     1   0.0            88     88
  83-Bi-209 8325  10   5   6    79186     0   0.0            88     88
  83-Bi-209 8325  10   5   6    79187     0   0.0            88     88
  83-Bi-209 8325  10   5   6    79187     1   0.0            88     88
  83-Bi-209 8325  10   5   6    79188     0   0.0            88     88
  83-Bi-209 8325  10   5   6    79189     0   0.0            88     88
  83-Bi-209 8325  10   5   6    79189     1   0.0            88     88
  83-Bi-209 8325  10   5   6    79190     0   0.0            88     88
  83-Bi-209 8325  10   5   6    79191     0   0.0            88     88
  83-Bi-209 8325  10   5   6    79192     0   0.0            88     88
  83-Bi-209 8325  10   5   6    79193     0   0.0            88     88
  83-Bi-209 8325  10   5   6    79193     1   0.0            88     88
  83-Bi-209 8325  10   5   6    79194     0   0.0            88     88
  83-Bi-209 8325  10   5   6    79195     0   0.0            88     88
  83-Bi-209 8325  10   5   6    79195     1   0.0            88     88
  83-Bi-209 8325  10   5   6    80186     0   0.0            88     88
  83-Bi-209 8325  10   5   6    80187     0   0.0            88     88
  83-Bi-209 8325  10   5   6    80187     1   0.0            88     88
  83-Bi-209 8325  10   5   6    80188     0   0.0            88     88
  83-Bi-209 8325  10   5   6    80189     0   0.0            88     88
  83-Bi-209 8325  10   5   6    80189     1   0.0            88     88
  83-Bi-209 8325  10   5   6    80190     0   0.0            88     88
  83-Bi-209 8325  10   5   6    80191     0   0.0            88     88
  83-Bi-209 8325  10   5   6    80191     1   0.0            88     88
  83-Bi-209 8325  10   5   6    80192     0   0.0            88     88
  83-Bi-209 8325  10   5   6    80193     0   0.0            88     88
  83-Bi-209 8325  10   5   6    80193     1   0.0            88     88
  83-Bi-209 8325  10   5   6    80194     0   0.0            88     88
  83-Bi-209 8325  10   5   6    80195     0   0.0            88     88
  83-Bi-209 8325  10   5   6    80195     1   0.0            88     88
  83-Bi-209 8325  10   5   6    80196     0   0.0            88     88
  83-Bi-209 8325  10   5   6    80197     0   0.0            88     88
  83-Bi-209 8325  10   5   6    80197     1   0.0            88     88
  83-Bi-209 8325  10   5   6    80198     0   0.0            88     88
  83-Bi-209 8325  10   5   6    80199     0   0.0            88     88
  83-Bi-209 8325  10   5   6    80199     1   0.0            88     88
  83-Bi-209 8325  10   5   6    80200     0   0.0            88     88
  83-Bi-209 8325  10   5   6    80201     0   0.0            88     88
  83-Bi-209 8325  10   5   6    80202     0   0.0            88     88
  83-Bi-209 8325  10   5   6    80203     0   0.0            88     88
  83-Bi-209 8325  10   5   6    80204     0   0.0            88     88
  83-Bi-209 8325  10   5   6    81187     0   0.0            88     88
  83-Bi-209 8325  10   5   6    81187     1   0.0            88     88
  83-Bi-209 8325  10   5   6    81188     0   0.0            88     88
  83-Bi-209 8325  10   5   6    81188     1   0.0            88     88
  83-Bi-209 8325  10   5   6    81189     0   0.0            88     88
  83-Bi-209 8325  10   5   6    81189     1   0.0            88     88
  83-Bi-209 8325  10   5   6    81190     0   0.0            88     88
  83-Bi-209 8325  10   5   6    81191     0   0.0            88     88
  83-Bi-209 8325  10   5   6    81191     1   0.0            88     88
  83-Bi-209 8325  10   5   6    81192     0   0.0            88     88
  83-Bi-209 8325  10   5   6    81192     1   0.0            88     88
  83-Bi-209 8325  10   5   6    81193     0   0.0            88     88
  83-Bi-209 8325  10   5   6    81193     1   0.0            88     88
  83-Bi-209 8325  10   5   6    81194     0   0.0            88     88
  83-Bi-209 8325  10   5   6    81194     1   0.0            88     88
  83-Bi-209 8325  10   5   6    81195     0   0.0            88     88
  83-Bi-209 8325  10   5   6    81195     1   0.0            88     88
  83-Bi-209 8325  10   5   6    81196     0   0.0            88     88
  83-Bi-209 8325  10   5   6    81196     1   0.0            88     88
  83-Bi-209 8325  10   5   6    81197     0   0.0            88     88
  83-Bi-209 8325  10   5   6    81198     0   0.0            88     88
  83-Bi-209 8325  10   5   6    81198     1   0.0            88     88
  83-Bi-209 8325  10   5   6    81199     0   0.0            88     88
  83-Bi-209 8325  10   5   6    81200     0   0.0            88     88
  83-Bi-209 8325  10   5   6    81201     0   0.0            88     88
  83-Bi-209 8325  10   5   6    81202     0   0.0            88     88
  83-Bi-209 8325  10   5   6    81203     0   0.0            88     88
  83-Bi-209 8325  10   5   6    81204     0   0.0            88     88
  83-Bi-209 8325  10   5   6    81205     0   0.0            88     88
  83-Bi-209 8325  10   5   6    81206     0   0.0            88     88
  83-Bi-209 8325  10   5   6    81206     1   0.0            88     88
  83-Bi-209 8325  10   5   6    81207     0   0.0            88     88
  83-Bi-209 8325  10   5   6    81207     1   0.0            88     88
  83-Bi-209 8325  10   5   6    82188     0   0.0            88     88
  83-Bi-209 8325  10   5   6    82189     0   0.0            88     88
  83-Bi-209 8325  10   5   6    82189     1   0.0            88     88
  83-Bi-209 8325  10   5   6    82190     0   0.0            88     88
  83-Bi-209 8325  10   5   6    82191     0   0.0            88     88
  83-Bi-209 8325  10   5   6    82191     1   0.0            88     88
  83-Bi-209 8325  10   5   6    82192     0   0.0            88     88
  83-Bi-209 8325  10   5   6    82193     0   0.0            88     88
  83-Bi-209 8325  10   5   6    82193     1   0.0            88     88
  83-Bi-209 8325  10   5   6    82194     0   0.0            88     88
  83-Bi-209 8325  10   5   6    82195     0   0.0            88     88
  83-Bi-209 8325  10   5   6    82195     1   0.0            88     88
  83-Bi-209 8325  10   5   6    82196     0   0.0            88     88
  83-Bi-209 8325  10   5   6    82197     0   0.0            88     88
  83-Bi-209 8325  10   5   6    82197     1   0.0            88     88
  83-Bi-209 8325  10   5   6    82198     0   0.0            88     88
  83-Bi-209 8325  10   5   6    82199     0   0.0            88     88
  83-Bi-209 8325  10   5   6    82199     1   0.0            88     88
  83-Bi-209 8325  10   5   6    82200     0   0.0            88     88
  83-Bi-209 8325  10   5   6    82201     0   0.0            88     88
  83-Bi-209 8325  10   5   6    82201     1   0.0            88     88
  83-Bi-209 8325  10   5   6    82202     0   0.0            88     88
  83-Bi-209 8325  10   5   6    82202     1   0.0            88     88
  83-Bi-209 8325  10   5   6    82203     0   0.0            88     88
  83-Bi-209 8325  10   5   6    82203     1   0.0            88     88
  83-Bi-209 8325  10   5   6    82204     0   0.0            88     88
  83-Bi-209 8325  10   5   6    82204     1   0.0            88     88
  83-Bi-209 8325  10   5   6    82205     0   0.0            88     88
  83-Bi-209 8325  10   5   6    82206     0   0.0            88     88
  83-Bi-209 8325  10   5   6    82207     0   0.0            88     88
  83-Bi-209 8325  10   5   6    82208     0   0.0            88     88
  83-Bi-209 8325  10   5   6    83189     0   0.0            88     88
  83-Bi-209 8325  10   5   6    83190     0   0.0            88     88
  83-Bi-209 8325  10   5   6    83190     1   0.0            88     88
  83-Bi-209 8325  10   5   6    83191     0   0.0            88     88
  83-Bi-209 8325  10   5   6    83192     0   0.0            88     88
  83-Bi-209 8325  10   5   6    83192     1   0.0            88     88
  83-Bi-209 8325  10   5   6    83193     0   0.0            88     88
  83-Bi-209 8325  10   5   6    83193     1   0.0            88     88
  83-Bi-209 8325  10   5   6    83194     0   0.0            88     88
  83-Bi-209 8325  10   5   6    83194     1   0.0            88     88
  83-Bi-209 8325  10   5   6    83194     2   0.0            88     88
  83-Bi-209 8325  10   5   6    83195     0   0.0            88     88
  83-Bi-209 8325  10   5   6    83195     1   0.0            88     88
  83-Bi-209 8325  10   5   6    83196     0   0.0            88     88
  83-Bi-209 8325  10   5   6    83196     1   0.0            88     88
  83-Bi-209 8325  10   5   6    83197     0   0.0            88     88
  83-Bi-209 8325  10   5   6    83197     1   0.0            88     88
  83-Bi-209 8325  10   5   6    83198     0   0.0            88     88
  83-Bi-209 8325  10   5   6    83198     1   0.0            88     88
  83-Bi-209 8325  10   5   6    83198     2   0.0            88     88
  83-Bi-209 8325  10   5   6    83199     0   0.0            88     88
  83-Bi-209 8325  10   5   6    83199     1   0.0            88     88
  83-Bi-209 8325  10   5   6    83200     0   0.0            88     88
  83-Bi-209 8325  10   5   6    83200     1   0.0            88     88
  83-Bi-209 8325  10   5   6    83201     0   0.0            88     88
  83-Bi-209 8325  10   5   6    83201     1   0.0            88     88
  83-Bi-209 8325  10   5   6    83202     0   0.0            88     88
  83-Bi-209 8325  10   5   6    83203     0   0.0            88     88
  83-Bi-209 8325  10   5   6    83204     0   0.0            88     88
  83-Bi-209 8325  10   5   6    83205     0   0.0            88     88
  83-Bi-209 8325  10   5   6    83206     0   0.0            88     88
  83-Bi-209 8325  10   5   6    83207     0   0.0            88     88
  83-Bi-209 8325  10   5   6    83208     0   0.0            88     88
  83-Bi-209 8325  10   5   6    83209     0   0.0            88     88
  83-Bi-209 8325  10   5   6        0     0   0.0            88     88
 ------------------------------------------------------------------------------
                                              MAT Totals  13640  13640
 ------------------------------------------------------------------------------
 ------------------------------------------------------------------------------
 All Cross Sections Read. Maximum Tabulated Energy =  200000000. eV
 ------------------------------------------------------------------------------
 ===============================================================================
      MAT Total Execution Time                0.16 Seconds
 ===============================================================================
 ------------------------------------------------------------------------------
                                             Tape Totals  13640  13640
 ------------------------------------------------------------------------------
 ===============================================================================
 ACTIVATE Total Execution Time                0.16 Seconds
 ===============================================================================
