 Create New Section Index (DICTIN 2019-1)
 ------------------------------------------------------------
 ENDF/B Input and Output Data Filenames
 ------------------------------------------------------------
 DICTIN.IN                                                               
 DICTIN.OUT                                                              
 ------------------------------------------------------------
 First Pass. Reading ENDF/B Data
 ------------------------------------------------------------
  MAT   Messages
 ------------------------------------------------------------
 8325
 ------------------------------------------------------------
 Second Pass. Creating New Index
 ------------------------------------------------------------
 ENDF/B  MAT MF  MT  Lines  Mod
 Format
 ------------------------------------------------------------
  VI    8325  1 451    350    1
        8325  3   3     33    1
        8325  3   5     33    1
        8325 10   5   4961    1
 ------------------------------------------------------------
 Original Line Count   5387
 Final Line Count      5387
 ------------------------------------------------------------
 ===============================================================================
 DICTIN   Total Execution Time                0.02 Seconds
 ===============================================================================
