 Create New Section Index (DICTIN 2019-1)
 ------------------------------------------------------------
 ENDF/B Input and Output Data Filenames
 ------------------------------------------------------------
 DICTIN.IN                                                               
 DICTIN.OUT                                                              
 ------------------------------------------------------------
 First Pass. Reading ENDF/B Data
 ------------------------------------------------------------
  MAT   Messages
 ------------------------------------------------------------
 3037
 ------------------------------------------------------------
 Second Pass. Creating New Index
 ------------------------------------------------------------
 ENDF/B  MAT MF  MT  Lines  Mod
 Format
 ------------------------------------------------------------
  VI    3037  1 451     67    1
        3037  3   5     33    1
        3037 10   5   9377    1
 ------------------------------------------------------------
 Original Line Count   9485
 Final Line Count      9486
 ------------------------------------------------------------
 ===============================================================================
 DICTIN   Total Execution Time                0.04 Seconds
 ===============================================================================
