 ENDF Activation Cross Sections (ACTIVATE 2019-1)
 ------------------------------------------------------------------------------
 ENDF Input and Output Data Filenames
 ------------------------------------------------------------------------------
 ACTIVATE.IN                                                             
 ACTIVATE.OUT                                                            
 ------------------------------------------------------------------------------
 ENDF Tape Label
 ------------------------------------------------------------------------------
  JENDL/PD-2016.1  Re-185                                             1
 ------------------------------------------------------------------------------
   Material  MAT  MF  MT  ENDF    ZAP Final      Q-Value Points Points
                          Format      State           eV     In    Out
 ------------------------------------------------------------------------------
  75-Re-185 7525  10   5   6        1     0   0.0            88     88
  75-Re-185 7525  10   5   6     1001     0   0.0            88     88
  75-Re-185 7525  10   5   6     1002     0   0.0            88     88
  75-Re-185 7525  10   5   6     1003     0   0.0            88     88
  75-Re-185 7525  10   5   6     2003     0   0.0            88     88
  75-Re-185 7525  10   5   6     2004     0   0.0            88     88
  75-Re-185 7525  10   5   6    60152     0   0.0            88     88
  75-Re-185 7525  10   5   6    60153     0   0.0            88     88
  75-Re-185 7525  10   5   6    60154     0   0.0            88     88
  75-Re-185 7525  10   5   6    60155     0   0.0            88     88
  75-Re-185 7525  10   5   6    60156     0   0.0            88     88
  75-Re-185 7525  10   5   6    60157     0   0.0            88     88
  75-Re-185 7525  10   5   6    60158     0   0.0            88     88
  75-Re-185 7525  10   5   6    61153     0   0.0            88     88
  75-Re-185 7525  10   5   6    61154     0   0.0            88     88
  75-Re-185 7525  10   5   6    61154     1   0.0            88     88
  75-Re-185 7525  10   5   6    61155     0   0.0            88     88
  75-Re-185 7525  10   5   6    61156     0   0.0            88     88
  75-Re-185 7525  10   5   6    61157     0   0.0            88     88
  75-Re-185 7525  10   5   6    61158     0   0.0            88     88
  75-Re-185 7525  10   5   6    61159     0   0.0            88     88
  75-Re-185 7525  10   5   6    61160     0   0.0            88     88
  75-Re-185 7525  10   5   6    61161     0   0.0            88     88
  75-Re-185 7525  10   5   6    62154     0   0.0            88     88
  75-Re-185 7525  10   5   6    62155     0   0.0            88     88
  75-Re-185 7525  10   5   6    62156     0   0.0            88     88
  75-Re-185 7525  10   5   6    62157     0   0.0            88     88
  75-Re-185 7525  10   5   6    62158     0   0.0            88     88
  75-Re-185 7525  10   5   6    62159     0   0.0            88     88
  75-Re-185 7525  10   5   6    62160     0   0.0            88     88
  75-Re-185 7525  10   5   6    62161     0   0.0            88     88
  75-Re-185 7525  10   5   6    62162     0   0.0            88     88
  75-Re-185 7525  10   5   6    62163     0   0.0            88     88
  75-Re-185 7525  10   5   6    62164     0   0.0            88     88
  75-Re-185 7525  10   5   6    63155     0   0.0            88     88
  75-Re-185 7525  10   5   6    63156     0   0.0            88     88
  75-Re-185 7525  10   5   6    63157     0   0.0            88     88
  75-Re-185 7525  10   5   6    63158     0   0.0            88     88
  75-Re-185 7525  10   5   6    63159     0   0.0            88     88
  75-Re-185 7525  10   5   6    63160     0   0.0            88     88
  75-Re-185 7525  10   5   6    63161     0   0.0            88     88
  75-Re-185 7525  10   5   6    63162     0   0.0            88     88
  75-Re-185 7525  10   5   6    63163     0   0.0            88     88
  75-Re-185 7525  10   5   6    63164     0   0.0            88     88
  75-Re-185 7525  10   5   6    63165     0   0.0            88     88
  75-Re-185 7525  10   5   6    63166     0   0.0            88     88
  75-Re-185 7525  10   5   6    63167     0   0.0            88     88
  75-Re-185 7525  10   5   6    64156     0   0.0            88     88
  75-Re-185 7525  10   5   6    64157     0   0.0            88     88
  75-Re-185 7525  10   5   6    64158     0   0.0            88     88
  75-Re-185 7525  10   5   6    64159     0   0.0            88     88
  75-Re-185 7525  10   5   6    64160     0   0.0            88     88
  75-Re-185 7525  10   5   6    64161     0   0.0            88     88
  75-Re-185 7525  10   5   6    64162     0   0.0            88     88
  75-Re-185 7525  10   5   6    64163     0   0.0            88     88
  75-Re-185 7525  10   5   6    64164     0   0.0            88     88
  75-Re-185 7525  10   5   6    64165     0   0.0            88     88
  75-Re-185 7525  10   5   6    64166     0   0.0            88     88
  75-Re-185 7525  10   5   6    64167     0   0.0            88     88
  75-Re-185 7525  10   5   6    64168     0   0.0            88     88
  75-Re-185 7525  10   5   6    64169     0   0.0            88     88
  75-Re-185 7525  10   5   6    65157     0   0.0            88     88
  75-Re-185 7525  10   5   6    65158     0   0.0            88     88
  75-Re-185 7525  10   5   6    65158     1   0.0            88     88
  75-Re-185 7525  10   5   6    65159     0   0.0            88     88
  75-Re-185 7525  10   5   6    65160     0   0.0            88     88
  75-Re-185 7525  10   5   6    65161     0   0.0            88     88
  75-Re-185 7525  10   5   6    65162     0   0.0            88     88
  75-Re-185 7525  10   5   6    65163     0   0.0            88     88
  75-Re-185 7525  10   5   6    65164     0   0.0            88     88
  75-Re-185 7525  10   5   6    65165     0   0.0            88     88
  75-Re-185 7525  10   5   6    65166     0   0.0            88     88
  75-Re-185 7525  10   5   6    65167     0   0.0            88     88
  75-Re-185 7525  10   5   6    65168     0   0.0            88     88
  75-Re-185 7525  10   5   6    65169     0   0.0            88     88
  75-Re-185 7525  10   5   6    65170     0   0.0            88     88
  75-Re-185 7525  10   5   6    65171     0   0.0            88     88
  75-Re-185 7525  10   5   6    66158     0   0.0            88     88
  75-Re-185 7525  10   5   6    66159     0   0.0            88     88
  75-Re-185 7525  10   5   6    66160     0   0.0            88     88
  75-Re-185 7525  10   5   6    66161     0   0.0            88     88
  75-Re-185 7525  10   5   6    66162     0   0.0            88     88
  75-Re-185 7525  10   5   6    66163     0   0.0            88     88
  75-Re-185 7525  10   5   6    66164     0   0.0            88     88
  75-Re-185 7525  10   5   6    66165     0   0.0            88     88
  75-Re-185 7525  10   5   6    66165     1   0.0            88     88
  75-Re-185 7525  10   5   6    66166     0   0.0            88     88
  75-Re-185 7525  10   5   6    66167     0   0.0            88     88
  75-Re-185 7525  10   5   6    66168     0   0.0            88     88
  75-Re-185 7525  10   5   6    66169     0   0.0            88     88
  75-Re-185 7525  10   5   6    66170     0   0.0            88     88
  75-Re-185 7525  10   5   6    66171     0   0.0            88     88
  75-Re-185 7525  10   5   6    66172     0   0.0            88     88
  75-Re-185 7525  10   5   6    66173     0   0.0            88     88
  75-Re-185 7525  10   5   6    67159     0   0.0            88     88
  75-Re-185 7525  10   5   6    67159     1   0.0            88     88
  75-Re-185 7525  10   5   6    67160     0   0.0            88     88
  75-Re-185 7525  10   5   6    67160     1   0.0            88     88
  75-Re-185 7525  10   5   6    67160     2   0.0            88     88
  75-Re-185 7525  10   5   6    67161     0   0.0            88     88
  75-Re-185 7525  10   5   6    67161     1   0.0            88     88
  75-Re-185 7525  10   5   6    67162     0   0.0            88     88
  75-Re-185 7525  10   5   6    67162     1   0.0            88     88
  75-Re-185 7525  10   5   6    67163     0   0.0            88     88
  75-Re-185 7525  10   5   6    67163     1   0.0            88     88
  75-Re-185 7525  10   5   6    67164     0   0.0            88     88
  75-Re-185 7525  10   5   6    67164     1   0.0            88     88
  75-Re-185 7525  10   5   6    67165     0   0.0            88     88
  75-Re-185 7525  10   5   6    67166     0   0.0            88     88
  75-Re-185 7525  10   5   6    67166     1   0.0            88     88
  75-Re-185 7525  10   5   6    67167     0   0.0            88     88
  75-Re-185 7525  10   5   6    67168     0   0.0            88     88
  75-Re-185 7525  10   5   6    67168     1   0.0            88     88
  75-Re-185 7525  10   5   6    67169     0   0.0            88     88
  75-Re-185 7525  10   5   6    67170     0   0.0            88     88
  75-Re-185 7525  10   5   6    67170     1   0.0            88     88
  75-Re-185 7525  10   5   6    67171     0   0.0            88     88
  75-Re-185 7525  10   5   6    67172     0   0.0            88     88
  75-Re-185 7525  10   5   6    67173     0   0.0            88     88
  75-Re-185 7525  10   5   6    67174     0   0.0            88     88
  75-Re-185 7525  10   5   6    67175     0   0.0            88     88
  75-Re-185 7525  10   5   6    68160     0   0.0            88     88
  75-Re-185 7525  10   5   6    68161     0   0.0            88     88
  75-Re-185 7525  10   5   6    68162     0   0.0            88     88
  75-Re-185 7525  10   5   6    68163     0   0.0            88     88
  75-Re-185 7525  10   5   6    68164     0   0.0            88     88
  75-Re-185 7525  10   5   6    68165     0   0.0            88     88
  75-Re-185 7525  10   5   6    68166     0   0.0            88     88
  75-Re-185 7525  10   5   6    68167     0   0.0            88     88
  75-Re-185 7525  10   5   6    68167     1   0.0            88     88
  75-Re-185 7525  10   5   6    68168     0   0.0            88     88
  75-Re-185 7525  10   5   6    68169     0   0.0            88     88
  75-Re-185 7525  10   5   6    68170     0   0.0            88     88
  75-Re-185 7525  10   5   6    68171     0   0.0            88     88
  75-Re-185 7525  10   5   6    68172     0   0.0            88     88
  75-Re-185 7525  10   5   6    68173     0   0.0            88     88
  75-Re-185 7525  10   5   6    68174     0   0.0            88     88
  75-Re-185 7525  10   5   6    68175     0   0.0            88     88
  75-Re-185 7525  10   5   6    68176     0   0.0            88     88
  75-Re-185 7525  10   5   6    68177     0   0.0            88     88
  75-Re-185 7525  10   5   6    69161     0   0.0            88     88
  75-Re-185 7525  10   5   6    69162     0   0.0            88     88
  75-Re-185 7525  10   5   6    69162     1   0.0            88     88
  75-Re-185 7525  10   5   6    69163     0   0.0            88     88
  75-Re-185 7525  10   5   6    69164     0   0.0            88     88
  75-Re-185 7525  10   5   6    69164     1   0.0            88     88
  75-Re-185 7525  10   5   6    69165     0   0.0            88     88
  75-Re-185 7525  10   5   6    69166     0   0.0            88     88
  75-Re-185 7525  10   5   6    69166     1   0.0            88     88
  75-Re-185 7525  10   5   6    69167     0   0.0            88     88
  75-Re-185 7525  10   5   6    69168     0   0.0            88     88
  75-Re-185 7525  10   5   6    69169     0   0.0            88     88
  75-Re-185 7525  10   5   6    69170     0   0.0            88     88
  75-Re-185 7525  10   5   6    69171     0   0.0            88     88
  75-Re-185 7525  10   5   6    69172     0   0.0            88     88
  75-Re-185 7525  10   5   6    69173     0   0.0            88     88
  75-Re-185 7525  10   5   6    69174     0   0.0            88     88
  75-Re-185 7525  10   5   6    69175     0   0.0            88     88
  75-Re-185 7525  10   5   6    69176     0   0.0            88     88
  75-Re-185 7525  10   5   6    69177     0   0.0            88     88
  75-Re-185 7525  10   5   6    69178     0   0.0            88     88
  75-Re-185 7525  10   5   6    69179     0   0.0            88     88
  75-Re-185 7525  10   5   6    70162     0   0.0            88     88
  75-Re-185 7525  10   5   6    70163     0   0.0            88     88
  75-Re-185 7525  10   5   6    70164     0   0.0            88     88
  75-Re-185 7525  10   5   6    70165     0   0.0            88     88
  75-Re-185 7525  10   5   6    70166     0   0.0            88     88
  75-Re-185 7525  10   5   6    70167     0   0.0            88     88
  75-Re-185 7525  10   5   6    70168     0   0.0            88     88
  75-Re-185 7525  10   5   6    70169     0   0.0            88     88
  75-Re-185 7525  10   5   6    70169     1   0.0            88     88
  75-Re-185 7525  10   5   6    70170     0   0.0            88     88
  75-Re-185 7525  10   5   6    70171     0   0.0            88     88
  75-Re-185 7525  10   5   6    70172     0   0.0            88     88
  75-Re-185 7525  10   5   6    70173     0   0.0            88     88
  75-Re-185 7525  10   5   6    70174     0   0.0            88     88
  75-Re-185 7525  10   5   6    70175     0   0.0            88     88
  75-Re-185 7525  10   5   6    70176     0   0.0            88     88
  75-Re-185 7525  10   5   6    70176     1   0.0            88     88
  75-Re-185 7525  10   5   6    70177     0   0.0            88     88
  75-Re-185 7525  10   5   6    70177     1   0.0            88     88
  75-Re-185 7525  10   5   6    70178     0   0.0            88     88
  75-Re-185 7525  10   5   6    70179     0   0.0            88     88
  75-Re-185 7525  10   5   6    70180     0   0.0            88     88
  75-Re-185 7525  10   5   6    71163     0   0.0            88     88
  75-Re-185 7525  10   5   6    71164     0   0.0            88     88
  75-Re-185 7525  10   5   6    71165     0   0.0            88     88
  75-Re-185 7525  10   5   6    71166     0   0.0            88     88
  75-Re-185 7525  10   5   6    71166     1   0.0            88     88
  75-Re-185 7525  10   5   6    71166     2   0.0            88     88
  75-Re-185 7525  10   5   6    71167     0   0.0            88     88
  75-Re-185 7525  10   5   6    71167     1   0.0            88     88
  75-Re-185 7525  10   5   6    71168     0   0.0            88     88
  75-Re-185 7525  10   5   6    71168     1   0.0            88     88
  75-Re-185 7525  10   5   6    71169     0   0.0            88     88
  75-Re-185 7525  10   5   6    71169     1   0.0            88     88
  75-Re-185 7525  10   5   6    71170     0   0.0            88     88
  75-Re-185 7525  10   5   6    71170     1   0.0            88     88
  75-Re-185 7525  10   5   6    71171     0   0.0            88     88
  75-Re-185 7525  10   5   6    71171     1   0.0            88     88
  75-Re-185 7525  10   5   6    71172     0   0.0            88     88
  75-Re-185 7525  10   5   6    71172     1   0.0            88     88
  75-Re-185 7525  10   5   6    71173     0   0.0            88     88
  75-Re-185 7525  10   5   6    71174     0   0.0            88     88
  75-Re-185 7525  10   5   6    71174     1   0.0            88     88
  75-Re-185 7525  10   5   6    71175     0   0.0            88     88
  75-Re-185 7525  10   5   6    71176     0   0.0            88     88
  75-Re-185 7525  10   5   6    71176     1   0.0            88     88
  75-Re-185 7525  10   5   6    71177     0   0.0            88     88
  75-Re-185 7525  10   5   6    71177     1   0.0            88     88
  75-Re-185 7525  10   5   6    71178     0   0.0            88     88
  75-Re-185 7525  10   5   6    71178     1   0.0            88     88
  75-Re-185 7525  10   5   6    71179     0   0.0            88     88
  75-Re-185 7525  10   5   6    71180     0   0.0            88     88
  75-Re-185 7525  10   5   6    71181     0   0.0            88     88
  75-Re-185 7525  10   5   6    72164     0   0.0            88     88
  75-Re-185 7525  10   5   6    72165     0   0.0            88     88
  75-Re-185 7525  10   5   6    72166     0   0.0            88     88
  75-Re-185 7525  10   5   6    72167     0   0.0            88     88
  75-Re-185 7525  10   5   6    72168     0   0.0            88     88
  75-Re-185 7525  10   5   6    72169     0   0.0            88     88
  75-Re-185 7525  10   5   6    72170     0   0.0            88     88
  75-Re-185 7525  10   5   6    72171     0   0.0            88     88
  75-Re-185 7525  10   5   6    72171     1   0.0            88     88
  75-Re-185 7525  10   5   6    72172     0   0.0            88     88
  75-Re-185 7525  10   5   6    72173     0   0.0            88     88
  75-Re-185 7525  10   5   6    72174     0   0.0            88     88
  75-Re-185 7525  10   5   6    72175     0   0.0            88     88
  75-Re-185 7525  10   5   6    72176     0   0.0            88     88
  75-Re-185 7525  10   5   6    72177     0   0.0            88     88
  75-Re-185 7525  10   5   6    72178     0   0.0            88     88
  75-Re-185 7525  10   5   6    72178     1   0.0            88     88
  75-Re-185 7525  10   5   6    72179     0   0.0            88     88
  75-Re-185 7525  10   5   6    72179     1   0.0            88     88
  75-Re-185 7525  10   5   6    72180     0   0.0            88     88
  75-Re-185 7525  10   5   6    72180     1   0.0            88     88
  75-Re-185 7525  10   5   6    72181     0   0.0            88     88
  75-Re-185 7525  10   5   6    72182     0   0.0            88     88
  75-Re-185 7525  10   5   6    72182     1   0.0            88     88
  75-Re-185 7525  10   5   6    73165     0   0.0            88     88
  75-Re-185 7525  10   5   6    73166     0   0.0            88     88
  75-Re-185 7525  10   5   6    73167     0   0.0            88     88
  75-Re-185 7525  10   5   6    73168     0   0.0            88     88
  75-Re-185 7525  10   5   6    73169     0   0.0            88     88
  75-Re-185 7525  10   5   6    73170     0   0.0            88     88
  75-Re-185 7525  10   5   6    73171     0   0.0            88     88
  75-Re-185 7525  10   5   6    73172     0   0.0            88     88
  75-Re-185 7525  10   5   6    73173     0   0.0            88     88
  75-Re-185 7525  10   5   6    73174     0   0.0            88     88
  75-Re-185 7525  10   5   6    73175     0   0.0            88     88
  75-Re-185 7525  10   5   6    73176     0   0.0            88     88
  75-Re-185 7525  10   5   6    73177     0   0.0            88     88
  75-Re-185 7525  10   5   6    73178     0   0.0            88     88
  75-Re-185 7525  10   5   6    73178     1   0.0            88     88
  75-Re-185 7525  10   5   6    73179     0   0.0            88     88
  75-Re-185 7525  10   5   6    73180     0   0.0            88     88
  75-Re-185 7525  10   5   6    73180     1   0.0            88     88
  75-Re-185 7525  10   5   6    73181     0   0.0            88     88
  75-Re-185 7525  10   5   6    73182     0   0.0            88     88
  75-Re-185 7525  10   5   6    73182     1   0.0            88     88
  75-Re-185 7525  10   5   6    73182     2   0.0            88     88
  75-Re-185 7525  10   5   6    73183     0   0.0            88     88
  75-Re-185 7525  10   5   6    74166     0   0.0            88     88
  75-Re-185 7525  10   5   6    74167     0   0.0            88     88
  75-Re-185 7525  10   5   6    74168     0   0.0            88     88
  75-Re-185 7525  10   5   6    74169     0   0.0            88     88
  75-Re-185 7525  10   5   6    74170     0   0.0            88     88
  75-Re-185 7525  10   5   6    74171     0   0.0            88     88
  75-Re-185 7525  10   5   6    74172     0   0.0            88     88
  75-Re-185 7525  10   5   6    74173     0   0.0            88     88
  75-Re-185 7525  10   5   6    74174     0   0.0            88     88
  75-Re-185 7525  10   5   6    74175     0   0.0            88     88
  75-Re-185 7525  10   5   6    74176     0   0.0            88     88
  75-Re-185 7525  10   5   6    74177     0   0.0            88     88
  75-Re-185 7525  10   5   6    74178     0   0.0            88     88
  75-Re-185 7525  10   5   6    74179     0   0.0            88     88
  75-Re-185 7525  10   5   6    74179     1   0.0            88     88
  75-Re-185 7525  10   5   6    74180     0   0.0            88     88
  75-Re-185 7525  10   5   6    74181     0   0.0            88     88
  75-Re-185 7525  10   5   6    74182     0   0.0            88     88
  75-Re-185 7525  10   5   6    74183     0   0.0            88     88
  75-Re-185 7525  10   5   6    74183     1   0.0            88     88
  75-Re-185 7525  10   5   6    74184     0   0.0            88     88
  75-Re-185 7525  10   5   6    75167     0   0.0            88     88
  75-Re-185 7525  10   5   6    75168     0   0.0            88     88
  75-Re-185 7525  10   5   6    75169     0   0.0            88     88
  75-Re-185 7525  10   5   6    75169     1   0.0            88     88
  75-Re-185 7525  10   5   6    75170     0   0.0            88     88
  75-Re-185 7525  10   5   6    75171     0   0.0            88     88
  75-Re-185 7525  10   5   6    75172     0   0.0            88     88
  75-Re-185 7525  10   5   6    75172     1   0.0            88     88
  75-Re-185 7525  10   5   6    75173     0   0.0            88     88
  75-Re-185 7525  10   5   6    75174     0   0.0            88     88
  75-Re-185 7525  10   5   6    75175     0   0.0            88     88
  75-Re-185 7525  10   5   6    75176     0   0.0            88     88
  75-Re-185 7525  10   5   6    75177     0   0.0            88     88
  75-Re-185 7525  10   5   6    75178     0   0.0            88     88
  75-Re-185 7525  10   5   6    75179     0   0.0            88     88
  75-Re-185 7525  10   5   6    75180     0   0.0            88     88
  75-Re-185 7525  10   5   6    75181     0   0.0            88     88
  75-Re-185 7525  10   5   6    75182     0   0.0            88     88
  75-Re-185 7525  10   5   6    75182     1   0.0            88     88
  75-Re-185 7525  10   5   6    75183     0   0.0            88     88
  75-Re-185 7525  10   5   6    75184     0   0.0            88     88
  75-Re-185 7525  10   5   6    75184     1   0.0            88     88
  75-Re-185 7525  10   5   6    75185     0   0.0            88     88
  75-Re-185 7525  10   5   6        0     0   0.0            88     88
 ------------------------------------------------------------------------------
                                              MAT Totals  27016  27016
 ------------------------------------------------------------------------------
 ------------------------------------------------------------------------------
 All Cross Sections Read. Maximum Tabulated Energy =  200000000. eV
 ------------------------------------------------------------------------------
 ===============================================================================
      MAT Total Execution Time                0.55 Seconds
 ===============================================================================
 ------------------------------------------------------------------------------
                                             Tape Totals  27016  27016
 ------------------------------------------------------------------------------
 ===============================================================================
 ACTIVATE Total Execution Time                0.55 Seconds
 ===============================================================================
