 Create New Section Index (DICTIN 2019-1)
 ------------------------------------------------------------
 ENDF/B Input and Output Data Filenames
 ------------------------------------------------------------
 DICTIN.IN                                                               
 DICTIN.OUT                                                              
 ------------------------------------------------------------
 First Pass. Reading ENDF/B Data
 ------------------------------------------------------------
  MAT   Messages
 ------------------------------------------------------------
 7531
 ------------------------------------------------------------
 Second Pass. Creating New Index
 ------------------------------------------------------------
 ENDF/B  MAT MF  MT  Lines  Mod
 Format
 ------------------------------------------------------------
  VI    7531  1 451     84    1
        7531  1 452     33    1
        7531  1 456     33    1
        7531  3   3     33    1
        7531  3   5     33    1
        7531  3  18     33    1
        7531 10   5   9185    1
 ------------------------------------------------------------
 Original Line Count   9447
 Final Line Count      9447
 ------------------------------------------------------------
 ===============================================================================
 DICTIN   Total Execution Time                0.05 Seconds
 ===============================================================================
