                                                     MT=  5
 MAT 2031                         0.0        Kelvin Unshielded Cross Sections                          20-Ca-42 

   No.  Group-eV   Average      No.  Group-eV   Average      No.  Group-eV   Average      No.  Group-eV   Average

    93 6200000.00 1.03899E-5    111 9800000.00 .001047859    129 40000000.0 .007449591    147 360000000. 0.0       
    94 6400000.00 4.95959E-5    112 10000000.0 .001381836    130 45000000.0 .006395402    148 400000000. 0.0       
    95 6600000.00 9.04713E-5    113 11000000.0 .002103197    131 50000000.0 .005702120    149 440000000. 0.0       
    96 6800000.00 1.31346E-4    114 12000000.0 .003242759    132 54000000.0 .005379172    150 480000000. 0.0       
    97 7000000.00 1.72222E-4    115 13000000.0 .005105339    133 55000000.0 .005052626    151 520000000. 0.0       
    98 7200000.00 2.13096E-4    116 14000000.0 .008255229    134 60000000.0 .004376762    152 560000000. 0.0       
    99 7400000.00 2.53971E-4    117 15000000.0 .013779649    135 70000000.0 .003663101    153 600000000. 0.0       
   100 7600000.00 2.94846E-4    118 16000000.0 .023253397    136 80000000.0 .003110347    154 640000000. 0.0       
   101 7800000.00 3.35720E-4    119 17000000.0 .040516305    137 90000000.0 .002665396    155 680000000. 0.0       
   102 8000000.00 3.76595E-4    120 18000000.0 .066534981    138 100000000. .002159829    156 720000000. 0.0       
   103 8200000.00 4.17469E-4    121 19000000.0 .089598596    139 120000000. .001657772    157 760000000. 0.0       
   104 8400000.00 4.58343E-4    122 20000000.0 .081941298    140 140000000. 0.0           158 800000000. 0.0       
   105 8600000.00 4.99217E-4    123 22000000.0 .049089450    141 160000000. 0.0           159 840000000. 0.0       
   106 8800000.00 5.40091E-4    124 24000000.0 .030497880    142 180000000. 0.0           160 880000000. 0.0       
   107 9000000.00 6.14565E-4    125 26000000.0 .021464462    143 200000000. 0.0           161 920000000. 0.0       
   108 9200000.00 7.22889E-4    126 28000000.0 .016579932    144 240000000. 0.0           162 960000000. 0.0       
   109 9400000.00 8.31212E-4    127 30000000.0 .012276734    145 280000000. 0.0           163 1.00000E+9
   110 9600000.00 9.39536E-4    128 35000000.0 .009101272    146 320000000. 0.0       
 
                                                     MT=  5
 MAT 2031                         0.0        Kelvin Unshielded Cross Sections                          20-Ca-42 

   No.  Group-eV   Average      No.  Group-eV   Average      No.  Group-eV   Average      No.  Group-eV   Average

   113 11000000.0 4.54958E-5    126 28000000.0 .016068804    139 120000000. .005797580    152 560000000. 0.0       
   114 12000000.0 3.52227E-4    127 30000000.0 .013274788    140 140000000. 0.0           153 600000000. 0.0       
   115 13000000.0 .001860412    128 35000000.0 .011892595    141 160000000. 0.0           154 640000000. 0.0       
   116 14000000.0 .004159435    129 40000000.0 .011435934    142 180000000. 0.0           155 680000000. 0.0       
   117 15000000.0 .007389030    130 45000000.0 .011203452    143 200000000. 0.0           156 720000000. 0.0       
   118 16000000.0 .012797658    131 50000000.0 .010888560    144 240000000. 0.0           157 760000000. 0.0       
   119 17000000.0 .022390048    132 54000000.0 .010717416    145 280000000. 0.0           158 800000000. 0.0       
   120 18000000.0 .037015861    133 55000000.0 .010568117    146 320000000. 0.0           159 840000000. 0.0       
   121 19000000.0 .050267661    134 60000000.0 .010245069    147 360000000. 0.0           160 880000000. 0.0       
   122 20000000.0 .054268352    135 70000000.0 .009625611    148 400000000. 0.0           161 920000000. 0.0       
   123 22000000.0 .039490314    136 80000000.0 .008884056    149 440000000. 0.0           162 960000000. 0.0       
   124 24000000.0 .026856410    137 90000000.0 .008113737    150 480000000. 0.0           163 1.00000E+9
   125 26000000.0 .020145442    138 100000000. .007039936    151 520000000. 0.0       
 
                                                     MT=  5
 MAT 2031                         0.0        Kelvin Unshielded Cross Sections                          20-Ca-42 

   No.  Group-eV   Average      No.  Group-eV   Average      No.  Group-eV   Average      No.  Group-eV   Average

   113 11000000.0 1.84338E-5    126 28000000.0 .009940676    139 120000000. .001714553    152 560000000. 0.0       
   114 12000000.0 1.87647E-4    127 30000000.0 .008065335    140 140000000. 0.0           153 600000000. 0.0       
   115 13000000.0 5.79770E-4    128 35000000.0 .006557957    141 160000000. 0.0           154 640000000. 0.0       
   116 14000000.0 .001439117    129 40000000.0 .005696124    142 180000000. 0.0           155 680000000. 0.0       
   117 15000000.0 .002794035    130 45000000.0 .005129209    143 200000000. 0.0           156 720000000. 0.0       
   118 16000000.0 .004880285    131 50000000.0 .004749874    144 240000000. 0.0           157 760000000. 0.0       
   119 17000000.0 .009036618    132 54000000.0 .004566562    145 280000000. 0.0           158 800000000. 0.0       
   120 18000000.0 .016118281    133 55000000.0 .004375788    146 320000000. 0.0           159 840000000. 0.0       
   121 19000000.0 .023520949    134 60000000.0 .003956791    147 360000000. 0.0           160 880000000. 0.0       
   122 20000000.0 .024013550    135 70000000.0 .003454899    148 400000000. 0.0           161 920000000. 0.0       
   123 22000000.0 .018656530    136 80000000.0 .003031046    149 440000000. 0.0           162 960000000. 0.0       
   124 24000000.0 .014719350    137 90000000.0 .002656357    150 480000000. 0.0           163 1.00000E+9
   125 26000000.0 .011752402    138 100000000. .002195845    151 520000000. 0.0       
 
                                                     MT=  5
 MAT 2031                         0.0        Kelvin Unshielded Cross Sections                          20-Ca-42 

   No.  Group-eV   Average      No.  Group-eV   Average      No.  Group-eV   Average      No.  Group-eV   Average

   121 19000000.0 6.98594E-8    132 54000000.0 2.79935E-4    143 200000000. 0.0           154 640000000. 0.0       
   122 20000000.0 2.69534E-5    133 55000000.0 2.58012E-4    144 240000000. 0.0           155 680000000. 0.0       
   123 22000000.0 1.61787E-4    134 60000000.0 2.08978E-4    145 280000000. 0.0           156 720000000. 0.0       
   124 24000000.0 3.07713E-4    135 70000000.0 1.60613E-4    146 320000000. 0.0           157 760000000. 0.0       
   125 26000000.0 3.78512E-4    136 80000000.0 1.20255E-4    147 360000000. 0.0           158 800000000. 0.0       
   126 28000000.0 3.95336E-4    137 90000000.0 9.22925E-5    148 400000000. 0.0           159 840000000. 0.0       
   127 30000000.0 3.97138E-4    138 100000000. 6.52948E-5    149 440000000. 0.0           160 880000000. 0.0       
   128 35000000.0 3.90513E-4    139 120000000. 4.18581E-5    150 480000000. 0.0           161 920000000. 0.0       
   129 40000000.0 3.66964E-4    140 140000000. 0.0           151 520000000. 0.0           162 960000000. 0.0       
   130 45000000.0 3.34318E-4    141 160000000. 0.0           152 560000000. 0.0           163 1.00000E+9
   131 50000000.0 2.99112E-4    142 180000000. 0.0           153 600000000. 0.0       
 
                                                     MT=  5
 MAT 2031                         0.0        Kelvin Unshielded Cross Sections                          20-Ca-42 

   No.  Group-eV   Average      No.  Group-eV   Average      No.  Group-eV   Average      No.  Group-eV   Average

   122 20000000.0 1.28514E-6    133 55000000.0 1.34320E-5    144 240000000. 0.0           155 680000000. 0.0       
   123 22000000.0 1.16630E-5    134 60000000.0 9.87118E-6    145 280000000. 0.0           156 720000000. 0.0       
   124 24000000.0 1.06142E-5    135 70000000.0 7.07700E-6    146 320000000. 0.0           157 760000000. 0.0       
   125 26000000.0 1.14713E-5    136 80000000.0 4.57585E-6    147 360000000. 0.0           158 800000000. 0.0       
   126 28000000.0 1.24994E-5    137 90000000.0 3.13748E-6    148 400000000. 0.0           159 840000000. 0.0       
   127 30000000.0 1.51818E-5    138 100000000. 1.99742E-6    149 440000000. 0.0           160 880000000. 0.0       
   128 35000000.0 1.81193E-5    139 120000000. 1.12482E-6    150 480000000. 0.0           161 920000000. 0.0       
   129 40000000.0 1.89407E-5    140 140000000. 0.0           151 520000000. 0.0           162 960000000. 0.0       
   130 45000000.0 1.83895E-5    141 160000000. 0.0           152 560000000. 0.0           163 1.00000E+9
   131 50000000.0 1.62158E-5    142 180000000. 0.0           153 600000000. 0.0       
   132 54000000.0 1.49800E-5    143 200000000. 0.0           154 640000000. 0.0       
 
                                                     MT=  5
 MAT 2031                         0.0        Kelvin Unshielded Cross Sections                          20-Ca-42 

   No.  Group-eV   Average      No.  Group-eV   Average      No.  Group-eV   Average      No.  Group-eV   Average

    93 6200000.00 9.66458E-6    111 9800000.00 .001041059    129 40000000.0 6.73932E-4    147 360000000. 0.0       
    94 6400000.00 4.61335E-5    112 10000000.0 .001379625    130 45000000.0 4.93190E-4    148 400000000. 0.0       
    95 6600000.00 8.41553E-5    113 11000000.0 .002038024    131 50000000.0 3.86223E-4    149 440000000. 0.0       
    96 6800000.00 1.22177E-4    114 12000000.0 .002701248    132 54000000.0 3.41129E-4    150 480000000. 0.0       
    97 7000000.00 1.60198E-4    115 13000000.0 .002663182    133 55000000.0 2.99201E-4    151 520000000. 0.0       
    98 7200000.00 1.98220E-4    116 14000000.0 .002654224    134 60000000.0 2.20301E-4    152 560000000. 0.0       
    99 7400000.00 2.36241E-4    117 15000000.0 .003592960    135 70000000.0 1.45903E-4    153 600000000. 0.0       
   100 7600000.00 2.74262E-4    118 16000000.0 .005569937    136 80000000.0 1.02662E-4    154 640000000. 0.0       
   101 7800000.00 3.12283E-4    119 17000000.0 .009081574    137 90000000.0 7.41068E-5    155 680000000. 0.0       
   102 8000000.00 3.50304E-4    120 18000000.0 .013391333    138 100000000. 4.87936E-5    156 720000000. 0.0       
   103 8200000.00 3.88325E-4    121 19000000.0 .016145747    139 120000000. 2.96720E-5    157 760000000. 0.0       
   104 8400000.00 4.26345E-4    122 20000000.0 .012897117    140 140000000. 0.0           158 800000000. 0.0       
   105 8600000.00 4.64366E-4    123 22000000.0 .007541708    141 160000000. 0.0           159 840000000. 0.0       
   106 8800000.00 5.02386E-4    124 24000000.0 .005642696    142 180000000. 0.0           160 880000000. 0.0       
   107 9000000.00 5.79009E-4    125 26000000.0 .003912466    143 200000000. 0.0           161 920000000. 0.0       
   108 9200000.00 6.94522E-4    126 28000000.0 .002755307    144 240000000. 0.0           162 960000000. 0.0       
   109 9400000.00 8.10034E-4    127 30000000.0 .001743141    145 280000000. 0.0           163 1.00000E+9
   110 9600000.00 9.25547E-4    128 35000000.0 9.96541E-4    146 320000000. 0.0       
 
                                                     MT=  5
 MAT 2031                         0.0        Kelvin Unshielded Cross Sections                          20-Ca-42 

   No.  Group-eV   Average      No.  Group-eV   Average      No.  Group-eV   Average      No.  Group-eV   Average

   137 90000000.0 1.1263E-10    144 240000000. 0.0           151 520000000. 0.0           158 800000000. 0.0       
   138 100000000. 2.12952E-7    145 280000000. 0.0           152 560000000. 0.0           159 840000000. 0.0       
   139 120000000. 4.56035E-6    146 320000000. 0.0           153 600000000. 0.0           160 880000000. 0.0       
   140 140000000. 0.0           147 360000000. 0.0           154 640000000. 0.0           161 920000000. 0.0       
   141 160000000. 0.0           148 400000000. 0.0           155 680000000. 0.0           162 960000000. 0.0       
   142 180000000. 0.0           149 440000000. 0.0           156 720000000. 0.0           163 1.00000E+9
   143 200000000. 0.0           150 480000000. 0.0           157 760000000. 0.0       
 
                                                     MT=  5
 MAT 2031                         0.0        Kelvin Unshielded Cross Sections                          20-Ca-42 

   No.  Group-eV   Average      No.  Group-eV   Average      No.  Group-eV   Average      No.  Group-eV   Average

   135 70000000.0 6.0757E-12    143 200000000. 0.0           151 520000000. 0.0           159 840000000. 0.0       
   136 80000000.0 8.63229E-8    144 240000000. 0.0           152 560000000. 0.0           160 880000000. 0.0       
   137 90000000.0 1.43291E-6    145 280000000. 0.0           153 600000000. 0.0           161 920000000. 0.0       
   138 100000000. 1.29193E-5    146 320000000. 0.0           154 640000000. 0.0           162 960000000. 0.0       
   139 120000000. 3.99167E-5    147 360000000. 0.0           155 680000000. 0.0           163 1.00000E+9
   140 140000000. 0.0           148 400000000. 0.0           156 720000000. 0.0       
   141 160000000. 0.0           149 440000000. 0.0           157 760000000. 0.0       
   142 180000000. 0.0           150 480000000. 0.0           158 800000000. 0.0       
 
                                                     MT=  5
 MAT 2031                         0.0        Kelvin Unshielded Cross Sections                          20-Ca-42 

   No.  Group-eV   Average      No.  Group-eV   Average      No.  Group-eV   Average      No.  Group-eV   Average

   133 55000000.0 3.5793E-12    141 160000000. 0.0           149 440000000. 0.0           157 760000000. 0.0       
   134 60000000.0 3.13432E-7    142 180000000. 0.0           150 480000000. 0.0           158 800000000. 0.0       
   135 70000000.0 5.61561E-6    143 200000000. 0.0           151 520000000. 0.0           159 840000000. 0.0       
   136 80000000.0 2.68449E-5    144 240000000. 0.0           152 560000000. 0.0           160 880000000. 0.0       
   137 90000000.0 5.93229E-5    145 280000000. 0.0           153 600000000. 0.0           161 920000000. 0.0       
   138 100000000. 8.87579E-5    146 320000000. 0.0           154 640000000. 0.0           162 960000000. 0.0       
   139 120000000. 7.38061E-5    147 360000000. 0.0           155 680000000. 0.0           163 1.00000E+9
   140 140000000. 0.0           148 400000000. 0.0           156 720000000. 0.0       
 
                                                     MT=  5
 MAT 2031                         0.0        Kelvin Unshielded Cross Sections                          20-Ca-42 

   No.  Group-eV   Average      No.  Group-eV   Average      No.  Group-eV   Average      No.  Group-eV   Average

   129 40000000.0 1.1661E-12    138 100000000. 9.61593E-5    147 360000000. 0.0           156 720000000. 0.0       
   130 45000000.0 1.98160E-7    139 120000000. 4.53038E-5    148 400000000. 0.0           157 760000000. 0.0       
   131 50000000.0 4.93763E-6    140 140000000. 0.0           149 440000000. 0.0           158 800000000. 0.0       
   132 54000000.0 1.24500E-5    141 160000000. 0.0           150 480000000. 0.0           159 840000000. 0.0       
   133 55000000.0 2.59462E-5    142 180000000. 0.0           151 520000000. 0.0           160 880000000. 0.0       
   134 60000000.0 7.08394E-5    143 200000000. 0.0           152 560000000. 0.0           161 920000000. 0.0       
   135 70000000.0 1.32313E-4    144 240000000. 0.0           153 600000000. 0.0           162 960000000. 0.0       
   136 80000000.0 1.66253E-4    145 280000000. 0.0           154 640000000. 0.0           163 1.00000E+9
   137 90000000.0 1.50276E-4    146 320000000. 0.0           155 680000000. 0.0       
 
                                                     MT=  5
 MAT 2031                         0.0        Kelvin Unshielded Cross Sections                          20-Ca-42 

   No.  Group-eV   Average      No.  Group-eV   Average      No.  Group-eV   Average      No.  Group-eV   Average

   126 28000000.0 5.08662E-9    136 80000000.0 1.15102E-4    146 320000000. 0.0           156 720000000. 0.0       
   127 30000000.0 3.05566E-5    137 90000000.0 7.17214E-5    147 360000000. 0.0           157 760000000. 0.0       
   128 35000000.0 1.84321E-4    138 100000000. 3.84366E-5    148 400000000. 0.0           158 800000000. 0.0       
   129 40000000.0 2.54552E-4    139 120000000. 1.85560E-5    149 440000000. 0.0           159 840000000. 0.0       
   130 45000000.0 2.43979E-4    140 140000000. 0.0           150 480000000. 0.0           160 880000000. 0.0       
   131 50000000.0 2.19713E-4    141 160000000. 0.0           151 520000000. 0.0           161 920000000. 0.0       
   132 54000000.0 2.11871E-4    142 180000000. 0.0           152 560000000. 0.0           162 960000000. 0.0       
   133 55000000.0 2.13795E-4    143 200000000. 0.0           153 600000000. 0.0           163 1.00000E+9
   134 60000000.0 2.18269E-4    144 240000000. 0.0           154 640000000. 0.0       
   135 70000000.0 1.74547E-4    145 280000000. 0.0           155 680000000. 0.0       
 
                                                     MT=  5
 MAT 2031                         0.0        Kelvin Unshielded Cross Sections                          20-Ca-42 

   No.  Group-eV   Average      No.  Group-eV   Average      No.  Group-eV   Average      No.  Group-eV   Average

   122 20000000.0 1.04778E-4    133 55000000.0 1.15092E-4    144 240000000. 0.0           155 680000000. 0.0       
   123 22000000.0 .002104201    134 60000000.0 7.29809E-5    145 280000000. 0.0           156 720000000. 0.0       
   124 24000000.0 .004003658    135 70000000.0 4.09924E-5    146 320000000. 0.0           157 760000000. 0.0       
   125 26000000.0 .003492104    136 80000000.0 2.62071E-5    147 360000000. 0.0           158 800000000. 0.0       
   126 28000000.0 .002641383    137 90000000.0 1.86689E-5    148 400000000. 0.0           159 840000000. 0.0       
   127 30000000.0 .001691056    138 100000000. 1.23638E-5    149 440000000. 0.0           160 880000000. 0.0       
   128 35000000.0 8.10271E-4    139 120000000. 7.51219E-6    150 480000000. 0.0           161 920000000. 0.0       
   129 40000000.0 4.18993E-4    140 140000000. 0.0           151 520000000. 0.0           162 960000000. 0.0       
   130 45000000.0 2.49211E-4    141 160000000. 0.0           152 560000000. 0.0           163 1.00000E+9
   131 50000000.0 1.69970E-4    142 180000000. 0.0           153 600000000. 0.0       
   132 54000000.0 1.40337E-4    143 200000000. 0.0           154 640000000. 0.0       
 
                                                     MT=  5
 MAT 2031                         0.0        Kelvin Unshielded Cross Sections                          20-Ca-42 

   No.  Group-eV   Average      No.  Group-eV   Average      No.  Group-eV   Average      No.  Group-eV   Average

    93 6200000.00 9.66458E-6    111 9800000.00 .001041059    129 40000000.0 6.47125E-6    147 360000000. 0.0       
    94 6400000.00 4.61335E-5    112 10000000.0 .001379625    130 45000000.0 5.26177E-5    148 400000000. 0.0       
    95 6600000.00 8.41553E-5    113 11000000.0 .002038024    131 50000000.0 1.15794E-4    149 440000000. 0.0       
    96 6800000.00 1.22177E-4    114 12000000.0 .002701248    132 54000000.0 1.39090E-4    150 480000000. 0.0       
    97 7000000.00 1.60198E-4    115 13000000.0 .002663182    133 55000000.0 1.43380E-4    151 520000000. 0.0       
    98 7200000.00 1.98220E-4    116 14000000.0 .002654224    134 60000000.0 1.11257E-4    152 560000000. 0.0       
    99 7400000.00 2.36241E-4    117 15000000.0 .003592960    135 70000000.0 6.31264E-5    153 600000000. 0.0       
   100 7600000.00 2.74262E-4    118 16000000.0 .005569937    136 80000000.0 3.56042E-5    154 640000000. 0.0       
   101 7800000.00 3.12283E-4    119 17000000.0 .009081574    137 90000000.0 2.09131E-5    155 680000000. 0.0       
   102 8000000.00 3.50304E-4    120 18000000.0 .013391333    138 100000000. 1.08466E-5    156 720000000. 0.0       
   103 8200000.00 3.88325E-4    121 19000000.0 .016145747    139 120000000. 4.92901E-6    157 760000000. 0.0       
   104 8400000.00 4.26345E-4    122 20000000.0 .012792333    140 140000000. 0.0           158 800000000. 0.0       
   105 8600000.00 4.64366E-4    123 22000000.0 .005437505    141 160000000. 0.0           159 840000000. 0.0       
   106 8800000.00 5.02386E-4    124 24000000.0 .001639037    142 180000000. 0.0           160 880000000. 0.0       
   107 9000000.00 5.79009E-4    125 26000000.0 4.20359E-4    143 200000000. 0.0           161 920000000. 0.0       
   108 9200000.00 6.94522E-4    126 28000000.0 1.13915E-4    144 240000000. 0.0           162 960000000. 0.0       
   109 9400000.00 8.10034E-4    127 30000000.0 2.15297E-5    145 280000000. 0.0           163 1.00000E+9
   110 9600000.00 9.25547E-4    128 35000000.0 1.95724E-6    146 320000000. 0.0       
 
                                                     MT=  5
 MAT 2031                         0.0        Kelvin Unshielded Cross Sections                          20-Ca-42 

   No.  Group-eV   Average      No.  Group-eV   Average      No.  Group-eV   Average      No.  Group-eV   Average

   126 28000000.0 1.5406E-12    136 80000000.0 2.34529E-5    146 320000000. 0.0           156 720000000. 0.0       
   127 30000000.0 2.62686E-6    137 90000000.0 1.44613E-5    147 360000000. 0.0           157 760000000. 0.0       
   128 35000000.0 6.14134E-5    138 100000000. 7.84511E-6    148 400000000. 0.0           158 800000000. 0.0       
   129 40000000.0 1.61336E-4    139 120000000. 3.63955E-6    149 440000000. 0.0           159 840000000. 0.0       
   130 45000000.0 1.88440E-4    140 140000000. 0.0           150 480000000. 0.0           160 880000000. 0.0       
   131 50000000.0 1.58291E-4    141 160000000. 0.0           151 520000000. 0.0           161 920000000. 0.0       
   132 54000000.0 1.35813E-4    142 180000000. 0.0           152 560000000. 0.0           162 960000000. 0.0       
   133 55000000.0 1.12454E-4    143 200000000. 0.0           153 600000000. 0.0           163 1.00000E+9
   134 60000000.0 7.11301E-5    144 240000000. 0.0           154 640000000. 0.0       
   135 70000000.0 3.97194E-5    145 280000000. 0.0           155 680000000. 0.0       
 
                                                     MT=  5
 MAT 2031                         0.0        Kelvin Unshielded Cross Sections                          20-Ca-42 

   No.  Group-eV   Average      No.  Group-eV   Average      No.  Group-eV   Average      No.  Group-eV   Average

   120 18000000.0 2.56997E-8    131 50000000.0 1.36784E-4    142 180000000. 0.0           153 600000000. 0.0       
   121 19000000.0 2.66184E-8    132 54000000.0 1.22314E-4    143 200000000. 0.0           154 640000000. 0.0       
   122 20000000.0 3.10792E-4    133 55000000.0 1.10685E-4    144 240000000. 0.0           155 680000000. 0.0       
   123 22000000.0 .002209687    134 60000000.0 9.28375E-5    145 280000000. 0.0           156 720000000. 0.0       
   124 24000000.0 .002383428    135 70000000.0 8.05908E-5    146 320000000. 0.0           157 760000000. 0.0       
   125 26000000.0 .001557069    136 80000000.0 7.26380E-5    147 360000000. 0.0           158 800000000. 0.0       
   126 28000000.0 .001057010    137 90000000.0 6.72702E-5    148 400000000. 0.0           159 840000000. 0.0       
   127 30000000.0 7.01097E-4    138 100000000. 6.08916E-5    149 440000000. 0.0           160 880000000. 0.0       
   128 35000000.0 4.35040E-4    139 120000000. 5.25905E-5    150 480000000. 0.0           161 920000000. 0.0       
   129 40000000.0 2.64619E-4    140 140000000. 0.0           151 520000000. 0.0           162 960000000. 0.0       
   130 45000000.0 1.77126E-4    141 160000000. 0.0           152 560000000. 0.0           163 1.00000E+9
 
                                                     MT=  5
 MAT 2031                         0.0        Kelvin Unshielded Cross Sections                          20-Ca-42 

   No.  Group-eV   Average      No.  Group-eV   Average      No.  Group-eV   Average      No.  Group-eV   Average

   137 90000000.0 1.8808E-12    144 240000000. 0.0           151 520000000. 0.0           158 800000000. 0.0       
   138 100000000. 4.45319E-7    145 280000000. 0.0           152 560000000. 0.0           159 840000000. 0.0       
   139 120000000. 1.40168E-5    146 320000000. 0.0           153 600000000. 0.0           160 880000000. 0.0       
   140 140000000. 0.0           147 360000000. 0.0           154 640000000. 0.0           161 920000000. 0.0       
   141 160000000. 0.0           148 400000000. 0.0           155 680000000. 0.0           162 960000000. 0.0       
   142 180000000. 0.0           149 440000000. 0.0           156 720000000. 0.0           163 1.00000E+9
   143 200000000. 0.0           150 480000000. 0.0           157 760000000. 0.0       
 
                                                     MT=  5
 MAT 2031                         0.0        Kelvin Unshielded Cross Sections                          20-Ca-42 

   No.  Group-eV   Average      No.  Group-eV   Average      No.  Group-eV   Average      No.  Group-eV   Average

   135 70000000.0 1.0134E-11    143 200000000. 0.0           151 520000000. 0.0           159 840000000. 0.0       
   136 80000000.0 2.73041E-7    144 240000000. 0.0           152 560000000. 0.0           160 880000000. 0.0       
   137 90000000.0 7.57172E-6    145 280000000. 0.0           153 600000000. 0.0           161 920000000. 0.0       
   138 100000000. 5.91853E-5    146 320000000. 0.0           154 640000000. 0.0           162 960000000. 0.0       
   139 120000000. 1.23505E-4    147 360000000. 0.0           155 680000000. 0.0           163 1.00000E+9
   140 140000000. 0.0           148 400000000. 0.0           156 720000000. 0.0       
   141 160000000. 0.0           149 440000000. 0.0           157 760000000. 0.0       
   142 180000000. 0.0           150 480000000. 0.0           158 800000000. 0.0       
 
                                                     MT=  5
 MAT 2031                         0.0        Kelvin Unshielded Cross Sections                          20-Ca-42 

   No.  Group-eV   Average      No.  Group-eV   Average      No.  Group-eV   Average      No.  Group-eV   Average

   134 60000000.0 1.21656E-7    142 180000000. 0.0           150 480000000. 0.0           158 800000000. 0.0       
   135 70000000.0 1.57322E-5    143 200000000. 0.0           151 520000000. 0.0           159 840000000. 0.0       
   136 80000000.0 1.00700E-4    144 240000000. 0.0           152 560000000. 0.0           160 880000000. 0.0       
   137 90000000.0 2.01995E-4    145 280000000. 0.0           153 600000000. 0.0           161 920000000. 0.0       
   138 100000000. 2.36960E-4    146 320000000. 0.0           154 640000000. 0.0           162 960000000. 0.0       
   139 120000000. 1.73194E-4    147 360000000. 0.0           155 680000000. 0.0           163 1.00000E+9
   140 140000000. 0.0           148 400000000. 0.0           156 720000000. 0.0       
   141 160000000. 0.0           149 440000000. 0.0           157 760000000. 0.0       
 
                                                     MT=  5
 MAT 2031                         0.0        Kelvin Unshielded Cross Sections                          20-Ca-42 

   No.  Group-eV   Average      No.  Group-eV   Average      No.  Group-eV   Average      No.  Group-eV   Average

   129 40000000.0 2.9937E-14    138 100000000. 3.77136E-4    147 360000000. 0.0           156 720000000. 0.0       
   130 45000000.0 2.43764E-7    139 120000000. 2.39779E-4    148 400000000. 0.0           157 760000000. 0.0       
   131 50000000.0 1.13755E-5    140 140000000. 0.0           149 440000000. 0.0           158 800000000. 0.0       
   132 54000000.0 3.90943E-5    141 160000000. 0.0           150 480000000. 0.0           159 840000000. 0.0       
   133 55000000.0 1.15716E-4    142 180000000. 0.0           151 520000000. 0.0           160 880000000. 0.0       
   134 60000000.0 3.80161E-4    143 200000000. 0.0           152 560000000. 0.0           161 920000000. 0.0       
   135 70000000.0 6.37731E-4    144 240000000. 0.0           153 600000000. 0.0           162 960000000. 0.0       
   136 80000000.0 6.46381E-4    145 280000000. 0.0           154 640000000. 0.0           163 1.00000E+9
   137 90000000.0 5.37405E-4    146 320000000. 0.0           155 680000000. 0.0       
 
                                                     MT=  5
 MAT 2031                         0.0        Kelvin Unshielded Cross Sections                          20-Ca-42 

   No.  Group-eV   Average      No.  Group-eV   Average      No.  Group-eV   Average      No.  Group-eV   Average

   127 30000000.0 2.79435E-8    137 90000000.0 6.93314E-4    147 360000000. 0.0           157 760000000. 0.0       
   128 35000000.0 5.71502E-5    138 100000000. 5.33260E-4    148 400000000. 0.0           158 800000000. 0.0       
   129 40000000.0 5.75453E-4    139 120000000. 4.02007E-4    149 440000000. 0.0           159 840000000. 0.0       
   130 45000000.0 .001225506    140 140000000. 0.0           150 480000000. 0.0           160 880000000. 0.0       
   131 50000000.0 .001567923    141 160000000. 0.0           151 520000000. 0.0           161 920000000. 0.0       
   132 54000000.0 .001658541    142 180000000. 0.0           152 560000000. 0.0           162 960000000. 0.0       
   133 55000000.0 .001659905    143 200000000. 0.0           153 600000000. 0.0           163 1.00000E+9
   134 60000000.0 .001453825    144 240000000. 0.0           154 640000000. 0.0       
   135 70000000.0 .001113779    145 280000000. 0.0           155 680000000. 0.0       
   136 80000000.0 8.65035E-4    146 320000000. 0.0           156 720000000. 0.0       
 
                                                     MT=  5
 MAT 2031                         0.0        Kelvin Unshielded Cross Sections                          20-Ca-42 

   No.  Group-eV   Average      No.  Group-eV   Average      No.  Group-eV   Average      No.  Group-eV   Average

   122 20000000.0 1.28514E-6    133 55000000.0 .001128129    144 240000000. 0.0           155 680000000. 0.0       
   123 22000000.0 1.16630E-5    134 60000000.0 8.40573E-4    145 280000000. 0.0           156 720000000. 0.0       
   124 24000000.0 1.06142E-5    135 70000000.0 6.05219E-4    146 320000000. 0.0           157 760000000. 0.0       
   125 26000000.0 1.40230E-5    136 80000000.0 4.63775E-4    147 360000000. 0.0           158 800000000. 0.0       
   126 28000000.0 1.43480E-4    137 90000000.0 3.72849E-4    148 400000000. 0.0           159 840000000. 0.0       
   127 30000000.0 .001362858    138 100000000. 2.87865E-4    149 440000000. 0.0           160 880000000. 0.0       
   128 35000000.0 .002708680    139 120000000. 2.12499E-4    150 480000000. 0.0           161 920000000. 0.0       
   129 40000000.0 .002570642    140 140000000. 0.0           151 520000000. 0.0           162 960000000. 0.0       
   130 45000000.0 .001931616    141 160000000. 0.0           152 560000000. 0.0           163 1.00000E+9
   131 50000000.0 .001482380    142 180000000. 0.0           153 600000000. 0.0       
   132 54000000.0 .001295064    143 200000000. 0.0           154 640000000. 0.0       
 
                                                     MT=  5
 MAT 2031                         0.0        Kelvin Unshielded Cross Sections                          20-Ca-42 

   No.  Group-eV   Average      No.  Group-eV   Average      No.  Group-eV   Average      No.  Group-eV   Average

   121 19000000.0 6.98594E-8    132 54000000.0 9.01694E-4    143 200000000. 0.0           154 640000000. 0.0       
   122 20000000.0 3.55261E-5    133 55000000.0 7.96219E-4    144 240000000. 0.0           155 680000000. 0.0       
   123 22000000.0 .001136377    134 60000000.0 6.01224E-4    145 280000000. 0.0           156 720000000. 0.0       
   124 24000000.0 .003972362    135 70000000.0 4.31140E-4    146 320000000. 0.0           157 760000000. 0.0       
   125 26000000.0 .005715103    136 80000000.0 3.30191E-4    147 360000000. 0.0           158 800000000. 0.0       
   126 28000000.0 .006082325    137 90000000.0 2.64575E-4    148 400000000. 0.0           159 840000000. 0.0       
   127 30000000.0 .004606203    138 100000000. 2.01278E-4    149 440000000. 0.0           160 880000000. 0.0       
   128 35000000.0 .002648569    139 120000000. 1.46503E-4    150 480000000. 0.0           161 920000000. 0.0       
   129 40000000.0 .001740994    140 140000000. 0.0           151 520000000. 0.0           162 960000000. 0.0       
   130 45000000.0 .001274313    141 160000000. 0.0           152 560000000. 0.0           163 1.00000E+9
   131 50000000.0 .001013925    142 180000000. 0.0           153 600000000. 0.0       
 
                                                     MT=  5
 MAT 2031                         0.0        Kelvin Unshielded Cross Sections                          20-Ca-42 

   No.  Group-eV   Average      No.  Group-eV   Average      No.  Group-eV   Average      No.  Group-eV   Average

   113 11000000.0 1.84338E-5    126 28000000.0 .002008694    139 120000000. 3.60130E-6    152 560000000. 0.0       
   114 12000000.0 1.87647E-4    127 30000000.0 .001101127    140 140000000. 0.0           153 600000000. 0.0       
   115 13000000.0 5.79770E-4    128 35000000.0 5.59266E-4    141 160000000. 0.0           154 640000000. 0.0       
   116 14000000.0 .001439117    129 40000000.0 3.30863E-4    142 180000000. 0.0           155 680000000. 0.0       
   117 15000000.0 .002794035    130 45000000.0 2.13477E-4    143 200000000. 0.0           156 720000000. 0.0       
   118 16000000.0 .004880285    131 50000000.0 1.51071E-4    144 240000000. 0.0           157 760000000. 0.0       
   119 17000000.0 .009036618    132 54000000.0 1.25597E-4    145 280000000. 0.0           158 800000000. 0.0       
   120 18000000.0 .016118230    133 55000000.0 1.02967E-4    146 320000000. 0.0           159 840000000. 0.0       
   121 19000000.0 .023520895    134 60000000.0 6.50865E-5    147 360000000. 0.0           160 880000000. 0.0       
   122 20000000.0 .023383400    135 70000000.0 3.69899E-5    148 400000000. 0.0           161 920000000. 0.0       
   123 22000000.0 .013262553    136 80000000.0 2.24771E-5    149 440000000. 0.0           162 960000000. 0.0       
   124 24000000.0 .006287839    137 90000000.0 1.41679E-5    150 480000000. 0.0           163 1.00000E+9
   125 26000000.0 .003299128    138 100000000. 7.74026E-6    151 520000000. 0.0       
 
                                                     MT=  5
 MAT 2031                         0.0        Kelvin Unshielded Cross Sections                          20-Ca-42 

   No.  Group-eV   Average      No.  Group-eV   Average      No.  Group-eV   Average      No.  Group-eV   Average

   136 80000000.0 1.61622E-8    143 200000000. 0.0           150 480000000. 0.0           157 760000000. 0.0       
   137 90000000.0 8.53435E-7    144 240000000. 0.0           151 520000000. 0.0           158 800000000. 0.0       
   138 100000000. 7.49296E-6    145 280000000. 0.0           152 560000000. 0.0           159 840000000. 0.0       
   139 120000000. 1.58959E-5    146 320000000. 0.0           153 600000000. 0.0           160 880000000. 0.0       
   140 140000000. 0.0           147 360000000. 0.0           154 640000000. 0.0           161 920000000. 0.0       
   141 160000000. 0.0           148 400000000. 0.0           155 680000000. 0.0           162 960000000. 0.0       
   142 180000000. 0.0           149 440000000. 0.0           156 720000000. 0.0           163 1.00000E+9
 
                                                     MT=  5
 MAT 2031                         0.0        Kelvin Unshielded Cross Sections                          20-Ca-42 

   No.  Group-eV   Average      No.  Group-eV   Average      No.  Group-eV   Average      No.  Group-eV   Average

   134 60000000.0 4.62363E-9    142 180000000. 0.0           150 480000000. 0.0           158 800000000. 0.0       
   135 70000000.0 2.23263E-6    143 200000000. 0.0           151 520000000. 0.0           159 840000000. 0.0       
   136 80000000.0 1.40375E-5    144 240000000. 0.0           152 560000000. 0.0           160 880000000. 0.0       
   137 90000000.0 2.69651E-5    145 280000000. 0.0           153 600000000. 0.0           161 920000000. 0.0       
   138 100000000. 3.09762E-5    146 320000000. 0.0           154 640000000. 0.0           162 960000000. 0.0       
   139 120000000. 2.28114E-5    147 360000000. 0.0           155 680000000. 0.0           163 1.00000E+9
   140 140000000. 0.0           148 400000000. 0.0           156 720000000. 0.0       
   141 160000000. 0.0           149 440000000. 0.0           157 760000000. 0.0       
 
                                                     MT=  5
 MAT 2031                         0.0        Kelvin Unshielded Cross Sections                          20-Ca-42 

   No.  Group-eV   Average      No.  Group-eV   Average      No.  Group-eV   Average      No.  Group-eV   Average

   130 45000000.0 4.54722E-9    139 120000000. 1.80288E-5    148 400000000. 0.0           157 760000000. 0.0       
   131 50000000.0 1.26527E-6    140 140000000. 0.0           149 440000000. 0.0           158 800000000. 0.0       
   132 54000000.0 5.13816E-6    141 160000000. 0.0           150 480000000. 0.0           159 840000000. 0.0       
   133 55000000.0 1.64101E-5    142 180000000. 0.0           151 520000000. 0.0           160 880000000. 0.0       
   134 60000000.0 5.09834E-5    143 200000000. 0.0           152 560000000. 0.0           161 920000000. 0.0       
   135 70000000.0 7.74447E-5    144 240000000. 0.0           153 600000000. 0.0           162 960000000. 0.0       
   136 80000000.0 7.04343E-5    145 280000000. 0.0           154 640000000. 0.0           163 1.00000E+9
   137 90000000.0 5.36167E-5    146 320000000. 0.0           155 680000000. 0.0       
   138 100000000. 3.33078E-5    147 360000000. 0.0           156 720000000. 0.0       
 
                                                     MT=  5
 MAT 2031                         0.0        Kelvin Unshielded Cross Sections                          20-Ca-42 

   No.  Group-eV   Average      No.  Group-eV   Average      No.  Group-eV   Average      No.  Group-eV   Average

   128 35000000.0 2.67310E-5    137 90000000.0 3.86465E-5    146 320000000. 0.0           155 680000000. 0.0       
   129 40000000.0 1.47188E-4    138 100000000. 2.26643E-5    147 360000000. 0.0           156 720000000. 0.0       
   130 45000000.0 2.24087E-4    139 120000000. 1.30034E-5    148 400000000. 0.0           157 760000000. 0.0       
   131 50000000.0 2.42775E-4    140 140000000. 0.0           149 440000000. 0.0           158 800000000. 0.0       
   132 54000000.0 2.39896E-4    141 160000000. 0.0           150 480000000. 0.0           159 840000000. 0.0       
   133 55000000.0 2.23366E-4    142 180000000. 0.0           151 520000000. 0.0           160 880000000. 0.0       
   134 60000000.0 1.64996E-4    143 200000000. 0.0           152 560000000. 0.0           161 920000000. 0.0       
   135 70000000.0 1.00442E-4    144 240000000. 0.0           153 600000000. 0.0           162 960000000. 0.0       
   136 80000000.0 6.15319E-5    145 280000000. 0.0           154 640000000. 0.0           163 1.00000E+9
 
                                                     MT=  5
 MAT 2031                         0.0        Kelvin Unshielded Cross Sections                          20-Ca-42 

   No.  Group-eV   Average      No.  Group-eV   Average      No.  Group-eV   Average      No.  Group-eV   Average

   121 19000000.0 3.42721E-4    132 54000000.0 2.52014E-4    143 200000000. 0.0           154 640000000. 0.0       
   122 20000000.0 .008841000    133 55000000.0 2.06135E-4    144 240000000. 0.0           155 680000000. 0.0       
   123 22000000.0 .011482202    134 60000000.0 1.29817E-4    145 280000000. 0.0           156 720000000. 0.0       
   124 24000000.0 .006989064    135 70000000.0 7.26466E-5    146 320000000. 0.0           157 760000000. 0.0       
   125 26000000.0 .004348943    136 80000000.0 4.55926E-5    147 360000000. 0.0           158 800000000. 0.0       
   126 28000000.0 .002949717    137 90000000.0 3.16691E-5    148 400000000. 0.0           159 840000000. 0.0       
   127 30000000.0 .001860007    138 100000000. 2.05382E-5    149 440000000. 0.0           160 880000000. 0.0       
   128 35000000.0 .001157482    139 120000000. 1.25077E-5    150 480000000. 0.0           161 920000000. 0.0       
   129 40000000.0 7.14258E-4    140 140000000. 0.0           151 520000000. 0.0           162 960000000. 0.0       
   130 45000000.0 4.44502E-4    141 160000000. 0.0           152 560000000. 0.0           163 1.00000E+9
   131 50000000.0 3.05530E-4    142 180000000. 0.0           153 600000000. 0.0       
 
                                                     MT=  5
 MAT 2031                         0.0        Kelvin Unshielded Cross Sections                          20-Ca-42 

   No.  Group-eV   Average      No.  Group-eV   Average      No.  Group-eV   Average      No.  Group-eV   Average

   113 11000000.0 4.54958E-5    126 28000000.0 .001579045    139 120000000. 6.23799E-6    152 560000000. 0.0       
   114 12000000.0 3.52227E-4    127 30000000.0 8.95497E-4    140 140000000. 0.0           153 600000000. 0.0       
   115 13000000.0 .001860412    128 35000000.0 4.46512E-4    141 160000000. 0.0           154 640000000. 0.0       
   116 14000000.0 .004159435    129 40000000.0 2.60500E-4    142 180000000. 0.0           155 680000000. 0.0       
   117 15000000.0 .007389030    130 45000000.0 1.66469E-4    143 200000000. 0.0           156 720000000. 0.0       
   118 16000000.0 .012797658    131 50000000.0 1.16860E-4    144 240000000. 0.0           157 760000000. 0.0       
   119 17000000.0 .022390048    132 54000000.0 9.67826E-5    145 280000000. 0.0           158 800000000. 0.0       
   120 18000000.0 .037015861    133 55000000.0 7.90128E-5    146 320000000. 0.0           159 840000000. 0.0       
   121 19000000.0 .049582215    134 60000000.0 4.90966E-5    147 360000000. 0.0           160 880000000. 0.0       
   122 20000000.0 .036473009    135 70000000.0 2.98504E-5    148 400000000. 0.0           161 920000000. 0.0       
   123 22000000.0 .013447140    136 80000000.0 2.10015E-5    149 440000000. 0.0           162 960000000. 0.0       
   124 24000000.0 .005209937    137 90000000.0 1.52619E-5    150 480000000. 0.0           163 1.00000E+9
   125 26000000.0 .002613759    138 100000000. 1.04408E-5    151 520000000. 0.0       
 
                                                     MT=  5
 MAT 2031                         0.0        Kelvin Unshielded Cross Sections                          20-Ca-42 

   No.  Group-eV   Average      No.  Group-eV   Average      No.  Group-eV   Average      No.  Group-eV   Average

    93 6200000.00 6.60449E-6    111 9800000.00 5.33261E-5    129 40000000.0 .010795683    147 360000000. 0.0       
    94 6400000.00 3.15263E-5    112 10000000.0 1.31115E-5    130 45000000.0 .009157957    148 400000000. 0.0       
    95 6600000.00 5.75092E-5    113 11000000.0 3.01275E-5    131 50000000.0 .008480102    149 440000000. 0.0       
    96 6800000.00 8.34921E-5    114 12000000.0 2.75044E-4    132 54000000.0 .008220595    150 480000000. 0.0       
    97 7000000.00 1.09475E-4    115 13000000.0 .002648313    133 55000000.0 .007898393    151 520000000. 0.0       
    98 7200000.00 1.35458E-4    116 14000000.0 .008075187    134 60000000.0 .007089372    152 560000000. 0.0       
    99 7400000.00 1.61440E-4    117 15000000.0 .018129401    135 70000000.0 .006271301    153 600000000. 0.0       
   100 7600000.00 1.87423E-4    118 16000000.0 .037118339    136 80000000.0 .005658815    154 640000000. 0.0       
   101 7800000.00 2.13405E-4    119 17000000.0 .073673022    137 90000000.0 .005134793    155 680000000. 0.0       
   102 8000000.00 2.39387E-4    120 18000000.0 .132065421    138 100000000. .004448600    156 720000000. 0.0       
   103 8200000.00 2.65370E-4    121 19000000.0 .189016164    139 120000000. .003658446    157 760000000. 0.0       
   104 8400000.00 2.91352E-4    122 20000000.0 .159669152    140 140000000. 0.0           158 800000000. 0.0       
   105 8600000.00 3.17334E-4    123 22000000.0 .074034411    141 160000000. 0.0           159 840000000. 0.0       
   106 8800000.00 3.43316E-4    124 24000000.0 .037026187    142 180000000. 0.0           160 880000000. 0.0       
   107 9000000.00 3.22796E-4    125 26000000.0 .028071754    143 200000000. 0.0           161 920000000. 0.0       
   108 9200000.00 2.55429E-4    126 28000000.0 .025797755    144 240000000. 0.0           162 960000000. 0.0       
   109 9400000.00 1.88061E-4    127 30000000.0 .019977758    145 280000000. 0.0           163 1.00000E+9
   110 9600000.00 1.20693E-4    128 35000000.0 .013630188    146 320000000. 0.0       
 
