 ENDF Activation Cross Sections (ACTIVATE 2019-1)
 ------------------------------------------------------------------------------
 ENDF Input and Output Data Filenames
 ------------------------------------------------------------------------------
 ACTIVATE.IN                                                             
 ACTIVATE.OUT                                                            
 ------------------------------------------------------------------------------
 ENDF Tape Label
 ------------------------------------------------------------------------------
  JENDL/PD-2016.1  Au-197                                             1
 ------------------------------------------------------------------------------
   Material  MAT  MF  MT  ENDF    ZAP Final      Q-Value Points Points
                          Format      State           eV     In    Out
 ------------------------------------------------------------------------------
  79-Au-197 7925  10   5   6        1     0   0.0            88     88
  79-Au-197 7925  10   5   6     1001     0   0.0            88     88
  79-Au-197 7925  10   5   6     1002     0   0.0            88     88
  79-Au-197 7925  10   5   6     1003     0   0.0            88     88
  79-Au-197 7925  10   5   6     2003     0   0.0            88     88
  79-Au-197 7925  10   5   6     2004     0   0.0            88     88
  79-Au-197 7925  10   5   6    64164     0   0.0            88     88
  79-Au-197 7925  10   5   6    64165     0   0.0            88     88
  79-Au-197 7925  10   5   6    64166     0   0.0            88     88
  79-Au-197 7925  10   5   6    64167     0   0.0            88     88
  79-Au-197 7925  10   5   6    64168     0   0.0            88     88
  79-Au-197 7925  10   5   6    64169     0   0.0            88     88
  79-Au-197 7925  10   5   6    65165     0   0.0            88     88
  79-Au-197 7925  10   5   6    65166     0   0.0            88     88
  79-Au-197 7925  10   5   6    65167     0   0.0            88     88
  79-Au-197 7925  10   5   6    65168     0   0.0            88     88
  79-Au-197 7925  10   5   6    65169     0   0.0            88     88
  79-Au-197 7925  10   5   6    65170     0   0.0            88     88
  79-Au-197 7925  10   5   6    65171     0   0.0            88     88
  79-Au-197 7925  10   5   6    66166     0   0.0            88     88
  79-Au-197 7925  10   5   6    66167     0   0.0            88     88
  79-Au-197 7925  10   5   6    66168     0   0.0            88     88
  79-Au-197 7925  10   5   6    66169     0   0.0            88     88
  79-Au-197 7925  10   5   6    66170     0   0.0            88     88
  79-Au-197 7925  10   5   6    66171     0   0.0            88     88
  79-Au-197 7925  10   5   6    66172     0   0.0            88     88
  79-Au-197 7925  10   5   6    66173     0   0.0            88     88
  79-Au-197 7925  10   5   6    67167     0   0.0            88     88
  79-Au-197 7925  10   5   6    67168     0   0.0            88     88
  79-Au-197 7925  10   5   6    67168     1   0.0            88     88
  79-Au-197 7925  10   5   6    67169     0   0.0            88     88
  79-Au-197 7925  10   5   6    67170     0   0.0            88     88
  79-Au-197 7925  10   5   6    67170     1   0.0            88     88
  79-Au-197 7925  10   5   6    67171     0   0.0            88     88
  79-Au-197 7925  10   5   6    67172     0   0.0            88     88
  79-Au-197 7925  10   5   6    67173     0   0.0            88     88
  79-Au-197 7925  10   5   6    67174     0   0.0            88     88
  79-Au-197 7925  10   5   6    67175     0   0.0            88     88
  79-Au-197 7925  10   5   6    68168     0   0.0            88     88
  79-Au-197 7925  10   5   6    68169     0   0.0            88     88
  79-Au-197 7925  10   5   6    68170     0   0.0            88     88
  79-Au-197 7925  10   5   6    68171     0   0.0            88     88
  79-Au-197 7925  10   5   6    68172     0   0.0            88     88
  79-Au-197 7925  10   5   6    68173     0   0.0            88     88
  79-Au-197 7925  10   5   6    68174     0   0.0            88     88
  79-Au-197 7925  10   5   6    68175     0   0.0            88     88
  79-Au-197 7925  10   5   6    68176     0   0.0            88     88
  79-Au-197 7925  10   5   6    68177     0   0.0            88     88
  79-Au-197 7925  10   5   6    69169     0   0.0            88     88
  79-Au-197 7925  10   5   6    69170     0   0.0            88     88
  79-Au-197 7925  10   5   6    69171     0   0.0            88     88
  79-Au-197 7925  10   5   6    69172     0   0.0            88     88
  79-Au-197 7925  10   5   6    69173     0   0.0            88     88
  79-Au-197 7925  10   5   6    69174     0   0.0            88     88
  79-Au-197 7925  10   5   6    69175     0   0.0            88     88
  79-Au-197 7925  10   5   6    69176     0   0.0            88     88
  79-Au-197 7925  10   5   6    69177     0   0.0            88     88
  79-Au-197 7925  10   5   6    69178     0   0.0            88     88
  79-Au-197 7925  10   5   6    69179     0   0.0            88     88
  79-Au-197 7925  10   5   6    70170     0   0.0            88     88
  79-Au-197 7925  10   5   6    70171     0   0.0            88     88
  79-Au-197 7925  10   5   6    70172     0   0.0            88     88
  79-Au-197 7925  10   5   6    70173     0   0.0            88     88
  79-Au-197 7925  10   5   6    70174     0   0.0            88     88
  79-Au-197 7925  10   5   6    70175     0   0.0            88     88
  79-Au-197 7925  10   5   6    70176     0   0.0            88     88
  79-Au-197 7925  10   5   6    70176     1   0.0            88     88
  79-Au-197 7925  10   5   6    70177     0   0.0            88     88
  79-Au-197 7925  10   5   6    70177     1   0.0            88     88
  79-Au-197 7925  10   5   6    70178     0   0.0            88     88
  79-Au-197 7925  10   5   6    70179     0   0.0            88     88
  79-Au-197 7925  10   5   6    70180     0   0.0            88     88
  79-Au-197 7925  10   5   6    70181     0   0.0            88     88
  79-Au-197 7925  10   5   6    71171     0   0.0            88     88
  79-Au-197 7925  10   5   6    71171     1   0.0            88     88
  79-Au-197 7925  10   5   6    71172     0   0.0            88     88
  79-Au-197 7925  10   5   6    71172     1   0.0            88     88
  79-Au-197 7925  10   5   6    71173     0   0.0            88     88
  79-Au-197 7925  10   5   6    71174     0   0.0            88     88
  79-Au-197 7925  10   5   6    71174     1   0.0            88     88
  79-Au-197 7925  10   5   6    71175     0   0.0            88     88
  79-Au-197 7925  10   5   6    71176     0   0.0            88     88
  79-Au-197 7925  10   5   6    71176     1   0.0            88     88
  79-Au-197 7925  10   5   6    71177     0   0.0            88     88
  79-Au-197 7925  10   5   6    71177     1   0.0            88     88
  79-Au-197 7925  10   5   6    71178     0   0.0            88     88
  79-Au-197 7925  10   5   6    71178     1   0.0            88     88
  79-Au-197 7925  10   5   6    71179     0   0.0            88     88
  79-Au-197 7925  10   5   6    71180     0   0.0            88     88
  79-Au-197 7925  10   5   6    71181     0   0.0            88     88
  79-Au-197 7925  10   5   6    71182     0   0.0            88     88
  79-Au-197 7925  10   5   6    71183     0   0.0            88     88
  79-Au-197 7925  10   5   6    71184     0   0.0            88     88
  79-Au-197 7925  10   5   6    71185     0   0.0            88     88
  79-Au-197 7925  10   5   6    72172     0   0.0            88     88
  79-Au-197 7925  10   5   6    72173     0   0.0            88     88
  79-Au-197 7925  10   5   6    72174     0   0.0            88     88
  79-Au-197 7925  10   5   6    72175     0   0.0            88     88
  79-Au-197 7925  10   5   6    72176     0   0.0            88     88
  79-Au-197 7925  10   5   6    72177     0   0.0            88     88
  79-Au-197 7925  10   5   6    72178     0   0.0            88     88
  79-Au-197 7925  10   5   6    72178     1   0.0            88     88
  79-Au-197 7925  10   5   6    72179     0   0.0            88     88
  79-Au-197 7925  10   5   6    72179     1   0.0            88     88
  79-Au-197 7925  10   5   6    72180     0   0.0            88     88
  79-Au-197 7925  10   5   6    72180     1   0.0            88     88
  79-Au-197 7925  10   5   6    72181     0   0.0            88     88
  79-Au-197 7925  10   5   6    72182     0   0.0            88     88
  79-Au-197 7925  10   5   6    72182     1   0.0            88     88
  79-Au-197 7925  10   5   6    72183     0   0.0            88     88
  79-Au-197 7925  10   5   6    72184     0   0.0            88     88
  79-Au-197 7925  10   5   6    72185     0   0.0            88     88
  79-Au-197 7925  10   5   6    72186     0   0.0            88     88
  79-Au-197 7925  10   5   6    72187     0   0.0            88     88
  79-Au-197 7925  10   5   6    72188     0   0.0            88     88
  79-Au-197 7925  10   5   6    72189     0   0.0            88     88
  79-Au-197 7925  10   5   6    73173     0   0.0            88     88
  79-Au-197 7925  10   5   6    73174     0   0.0            88     88
  79-Au-197 7925  10   5   6    73175     0   0.0            88     88
  79-Au-197 7925  10   5   6    73176     0   0.0            88     88
  79-Au-197 7925  10   5   6    73177     0   0.0            88     88
  79-Au-197 7925  10   5   6    73178     0   0.0            88     88
  79-Au-197 7925  10   5   6    73178     1   0.0            88     88
  79-Au-197 7925  10   5   6    73179     0   0.0            88     88
  79-Au-197 7925  10   5   6    73180     0   0.0            88     88
  79-Au-197 7925  10   5   6    73180     1   0.0            88     88
  79-Au-197 7925  10   5   6    73181     0   0.0            88     88
  79-Au-197 7925  10   5   6    73182     0   0.0            88     88
  79-Au-197 7925  10   5   6    73182     1   0.0            88     88
  79-Au-197 7925  10   5   6    73182     2   0.0            88     88
  79-Au-197 7925  10   5   6    73183     0   0.0            88     88
  79-Au-197 7925  10   5   6    73184     0   0.0            88     88
  79-Au-197 7925  10   5   6    73185     0   0.0            88     88
  79-Au-197 7925  10   5   6    73186     0   0.0            88     88
  79-Au-197 7925  10   5   6    73187     0   0.0            88     88
  79-Au-197 7925  10   5   6    73188     0   0.0            88     88
  79-Au-197 7925  10   5   6    73189     0   0.0            88     88
  79-Au-197 7925  10   5   6    73190     0   0.0            88     88
  79-Au-197 7925  10   5   6    73191     0   0.0            88     88
  79-Au-197 7925  10   5   6    74174     0   0.0            88     88
  79-Au-197 7925  10   5   6    74175     0   0.0            88     88
  79-Au-197 7925  10   5   6    74176     0   0.0            88     88
  79-Au-197 7925  10   5   6    74177     0   0.0            88     88
  79-Au-197 7925  10   5   6    74178     0   0.0            88     88
  79-Au-197 7925  10   5   6    74179     0   0.0            88     88
  79-Au-197 7925  10   5   6    74179     1   0.0            88     88
  79-Au-197 7925  10   5   6    74180     0   0.0            88     88
  79-Au-197 7925  10   5   6    74181     0   0.0            88     88
  79-Au-197 7925  10   5   6    74182     0   0.0            88     88
  79-Au-197 7925  10   5   6    74183     0   0.0            88     88
  79-Au-197 7925  10   5   6    74183     1   0.0            88     88
  79-Au-197 7925  10   5   6    74184     0   0.0            88     88
  79-Au-197 7925  10   5   6    74185     0   0.0            88     88
  79-Au-197 7925  10   5   6    74185     1   0.0            88     88
  79-Au-197 7925  10   5   6    74186     0   0.0            88     88
  79-Au-197 7925  10   5   6    74187     0   0.0            88     88
  79-Au-197 7925  10   5   6    74188     0   0.0            88     88
  79-Au-197 7925  10   5   6    74189     0   0.0            88     88
  79-Au-197 7925  10   5   6    74190     0   0.0            88     88
  79-Au-197 7925  10   5   6    74191     0   0.0            88     88
  79-Au-197 7925  10   5   6    74192     0   0.0            88     88
  79-Au-197 7925  10   5   6    75175     0   0.0            88     88
  79-Au-197 7925  10   5   6    75176     0   0.0            88     88
  79-Au-197 7925  10   5   6    75177     0   0.0            88     88
  79-Au-197 7925  10   5   6    75178     0   0.0            88     88
  79-Au-197 7925  10   5   6    75179     0   0.0            88     88
  79-Au-197 7925  10   5   6    75180     0   0.0            88     88
  79-Au-197 7925  10   5   6    75181     0   0.0            88     88
  79-Au-197 7925  10   5   6    75182     0   0.0            88     88
  79-Au-197 7925  10   5   6    75182     1   0.0            88     88
  79-Au-197 7925  10   5   6    75183     0   0.0            88     88
  79-Au-197 7925  10   5   6    75184     0   0.0            88     88
  79-Au-197 7925  10   5   6    75184     1   0.0            88     88
  79-Au-197 7925  10   5   6    75185     0   0.0            88     88
  79-Au-197 7925  10   5   6    75186     0   0.0            88     88
  79-Au-197 7925  10   5   6    75186     1   0.0            88     88
  79-Au-197 7925  10   5   6    75187     0   0.0            88     88
  79-Au-197 7925  10   5   6    75188     0   0.0            88     88
  79-Au-197 7925  10   5   6    75188     1   0.0            88     88
  79-Au-197 7925  10   5   6    75189     0   0.0            88     88
  79-Au-197 7925  10   5   6    75190     0   0.0            88     88
  79-Au-197 7925  10   5   6    75191     0   0.0            88     88
  79-Au-197 7925  10   5   6    75192     0   0.0            88     88
  79-Au-197 7925  10   5   6    75193     0   0.0            88     88
  79-Au-197 7925  10   5   6    76176     0   0.0            88     88
  79-Au-197 7925  10   5   6    76177     0   0.0            88     88
  79-Au-197 7925  10   5   6    76178     0   0.0            88     88
  79-Au-197 7925  10   5   6    76179     0   0.0            88     88
  79-Au-197 7925  10   5   6    76180     0   0.0            88     88
  79-Au-197 7925  10   5   6    76181     0   0.0            88     88
  79-Au-197 7925  10   5   6    76181     1   0.0            88     88
  79-Au-197 7925  10   5   6    76182     0   0.0            88     88
  79-Au-197 7925  10   5   6    76183     0   0.0            88     88
  79-Au-197 7925  10   5   6    76183     1   0.0            88     88
  79-Au-197 7925  10   5   6    76184     0   0.0            88     88
  79-Au-197 7925  10   5   6    76185     0   0.0            88     88
  79-Au-197 7925  10   5   6    76186     0   0.0            88     88
  79-Au-197 7925  10   5   6    76187     0   0.0            88     88
  79-Au-197 7925  10   5   6    76188     0   0.0            88     88
  79-Au-197 7925  10   5   6    76189     0   0.0            88     88
  79-Au-197 7925  10   5   6    76189     1   0.0            88     88
  79-Au-197 7925  10   5   6    76190     0   0.0            88     88
  79-Au-197 7925  10   5   6    76190     1   0.0            88     88
  79-Au-197 7925  10   5   6    76191     0   0.0            88     88
  79-Au-197 7925  10   5   6    76191     1   0.0            88     88
  79-Au-197 7925  10   5   6    76192     0   0.0            88     88
  79-Au-197 7925  10   5   6    76193     0   0.0            88     88
  79-Au-197 7925  10   5   6    76194     0   0.0            88     88
  79-Au-197 7925  10   5   6    77177     0   0.0            88     88
  79-Au-197 7925  10   5   6    77178     0   0.0            88     88
  79-Au-197 7925  10   5   6    77179     0   0.0            88     88
  79-Au-197 7925  10   5   6    77180     0   0.0            88     88
  79-Au-197 7925  10   5   6    77181     0   0.0            88     88
  79-Au-197 7925  10   5   6    77182     0   0.0            88     88
  79-Au-197 7925  10   5   6    77183     0   0.0            88     88
  79-Au-197 7925  10   5   6    77184     0   0.0            88     88
  79-Au-197 7925  10   5   6    77185     0   0.0            88     88
  79-Au-197 7925  10   5   6    77186     0   0.0            88     88
  79-Au-197 7925  10   5   6    77186     1   0.0            88     88
  79-Au-197 7925  10   5   6    77187     0   0.0            88     88
  79-Au-197 7925  10   5   6    77188     0   0.0            88     88
  79-Au-197 7925  10   5   6    77189     0   0.0            88     88
  79-Au-197 7925  10   5   6    77190     0   0.0            88     88
  79-Au-197 7925  10   5   6    77190     1   0.0            88     88
  79-Au-197 7925  10   5   6    77190     2   0.0            88     88
  79-Au-197 7925  10   5   6    77191     0   0.0            88     88
  79-Au-197 7925  10   5   6    77191     1   0.0            88     88
  79-Au-197 7925  10   5   6    77192     0   0.0            88     88
  79-Au-197 7925  10   5   6    77192     1   0.0            88     88
  79-Au-197 7925  10   5   6    77192     2   0.0            88     88
  79-Au-197 7925  10   5   6    77193     0   0.0            88     88
  79-Au-197 7925  10   5   6    77193     1   0.0            88     88
  79-Au-197 7925  10   5   6    77194     0   0.0            88     88
  79-Au-197 7925  10   5   6    77194     1   0.0            88     88
  79-Au-197 7925  10   5   6    77195     0   0.0            88     88
  79-Au-197 7925  10   5   6    77195     1   0.0            88     88
  79-Au-197 7925  10   5   6    78178     0   0.0            88     88
  79-Au-197 7925  10   5   6    78179     0   0.0            88     88
  79-Au-197 7925  10   5   6    78180     0   0.0            88     88
  79-Au-197 7925  10   5   6    78181     0   0.0            88     88
  79-Au-197 7925  10   5   6    78182     0   0.0            88     88
  79-Au-197 7925  10   5   6    78183     0   0.0            88     88
  79-Au-197 7925  10   5   6    78183     1   0.0            88     88
  79-Au-197 7925  10   5   6    78184     0   0.0            88     88
  79-Au-197 7925  10   5   6    78185     0   0.0            88     88
  79-Au-197 7925  10   5   6    78185     1   0.0            88     88
  79-Au-197 7925  10   5   6    78186     0   0.0            88     88
  79-Au-197 7925  10   5   6    78187     0   0.0            88     88
  79-Au-197 7925  10   5   6    78188     0   0.0            88     88
  79-Au-197 7925  10   5   6    78189     0   0.0            88     88
  79-Au-197 7925  10   5   6    78190     0   0.0            88     88
  79-Au-197 7925  10   5   6    78191     0   0.0            88     88
  79-Au-197 7925  10   5   6    78192     0   0.0            88     88
  79-Au-197 7925  10   5   6    78193     0   0.0            88     88
  79-Au-197 7925  10   5   6    78193     1   0.0            88     88
  79-Au-197 7925  10   5   6    78194     0   0.0            88     88
  79-Au-197 7925  10   5   6    78195     0   0.0            88     88
  79-Au-197 7925  10   5   6    78195     1   0.0            88     88
  79-Au-197 7925  10   5   6    78196     0   0.0            88     88
  79-Au-197 7925  10   5   6    79179     0   0.0            88     88
  79-Au-197 7925  10   5   6    79180     0   0.0            88     88
  79-Au-197 7925  10   5   6    79181     0   0.0            88     88
  79-Au-197 7925  10   5   6    79182     0   0.0            88     88
  79-Au-197 7925  10   5   6    79183     0   0.0            88     88
  79-Au-197 7925  10   5   6    79184     0   0.0            88     88
  79-Au-197 7925  10   5   6    79184     1   0.0            88     88
  79-Au-197 7925  10   5   6    79185     0   0.0            88     88
  79-Au-197 7925  10   5   6    79185     1   0.0            88     88
  79-Au-197 7925  10   5   6    79186     0   0.0            88     88
  79-Au-197 7925  10   5   6    79187     0   0.0            88     88
  79-Au-197 7925  10   5   6    79187     1   0.0            88     88
  79-Au-197 7925  10   5   6    79188     0   0.0            88     88
  79-Au-197 7925  10   5   6    79189     0   0.0            88     88
  79-Au-197 7925  10   5   6    79189     1   0.0            88     88
  79-Au-197 7925  10   5   6    79190     0   0.0            88     88
  79-Au-197 7925  10   5   6    79190     1   0.0            88     88
  79-Au-197 7925  10   5   6    79191     0   0.0            88     88
  79-Au-197 7925  10   5   6    79191     1   0.0            88     88
  79-Au-197 7925  10   5   6    79192     0   0.0            88     88
  79-Au-197 7925  10   5   6    79192     1   0.0            88     88
  79-Au-197 7925  10   5   6    79193     0   0.0            88     88
  79-Au-197 7925  10   5   6    79194     0   0.0            88     88
  79-Au-197 7925  10   5   6    79195     0   0.0            88     88
  79-Au-197 7925  10   5   6    79195     1   0.0            88     88
  79-Au-197 7925  10   5   6    79196     0   0.0            88     88
  79-Au-197 7925  10   5   6    79196     1   0.0            88     88
  79-Au-197 7925  10   5   6    79197     0   0.0            88     88
  79-Au-197 7925  10   5   6    79197     1   0.0            88     88
  79-Au-197 7925  10   5   6        0     0   0.0            88     88
 ------------------------------------------------------------------------------
                                              MAT Totals  25432  25432
 ------------------------------------------------------------------------------
 ------------------------------------------------------------------------------
 All Cross Sections Read. Maximum Tabulated Energy =  200000000. eV
 ------------------------------------------------------------------------------
 ===============================================================================
      MAT Total Execution Time                0.45 Seconds
 ===============================================================================
 ------------------------------------------------------------------------------
                                             Tape Totals  25432  25432
 ------------------------------------------------------------------------------
 ===============================================================================
 ACTIVATE Total Execution Time                0.45 Seconds
 ===============================================================================
