 ENDF Activation Cross Sections (ACTIVATE 2019-1)
 ------------------------------------------------------------------------------
 ENDF Input and Output Data Filenames
 ------------------------------------------------------------------------------
 ACTIVATE.IN                                                             
 ACTIVATE.OUT                                                            
 ------------------------------------------------------------------------------
 ENDF Tape Label
 ------------------------------------------------------------------------------
 Retrieved by E4-util: 2019/11/11,14:58:10                            1
 ------------------------------------------------------------------------------
   Material  MAT  MF  MT  ENDF    ZAP Final      Q-Value Points Points
                          Format      State           eV     In    Out
 ------------------------------------------------------------------------------
  60-Nd-148 6043  10   5   6        1     0   0.0            88     88
  60-Nd-148 6043  10   5   6     1001     0   0.0            88     88
  60-Nd-148 6043  10   5   6     1002     0   0.0            88     88
  60-Nd-148 6043  10   5   6     1003     0   0.0            88     88
  60-Nd-148 6043  10   5   6     2003     0   0.0            88     88
  60-Nd-148 6043  10   5   6     2004     0   0.0            88     88
  60-Nd-148 6043  10   5   6    52120     0   0.0            88     88
  60-Nd-148 6043  10   5   6    53121     0   0.0            88     88
  60-Nd-148 6043  10   5   6    53122     0   0.0            88     88
  60-Nd-148 6043  10   5   6    54122     0   0.0            88     88
  60-Nd-148 6043  10   5   6    54123     0   0.0            88     88
  60-Nd-148 6043  10   5   6    54124     0   0.0            88     88
  60-Nd-148 6043  10   5   6    54125     0   0.0            88     88
  60-Nd-148 6043  10   5   6    54125     1   0.0            88     88
  60-Nd-148 6043  10   5   6    54126     0   0.0            88     88
  60-Nd-148 6043  10   5   6    54128     0   0.0            88     88
  60-Nd-148 6043  10   5   6    55123     0   0.0            88     88
  60-Nd-148 6043  10   5   6    55123     1   0.0            88     88
  60-Nd-148 6043  10   5   6    55124     0   0.0            88     88
  60-Nd-148 6043  10   5   6    55124     1   0.0            88     88
  60-Nd-148 6043  10   5   6    55125     0   0.0            88     88
  60-Nd-148 6043  10   5   6    55126     0   0.0            88     88
  60-Nd-148 6043  10   5   6    55127     0   0.0            88     88
  60-Nd-148 6043  10   5   6    56124     0   0.0            88     88
  60-Nd-148 6043  10   5   6    56125     0   0.0            88     88
  60-Nd-148 6043  10   5   6    56126     0   0.0            88     88
  60-Nd-148 6043  10   5   6    56127     0   0.0            88     88
  60-Nd-148 6043  10   5   6    56127     1   0.0            88     88
  60-Nd-148 6043  10   5   6    56128     0   0.0            88     88
  60-Nd-148 6043  10   5   6    56129     0   0.0            88     88
  60-Nd-148 6043  10   5   6    56129     1   0.0            88     88
  60-Nd-148 6043  10   5   6    56130     0   0.0            88     88
  60-Nd-148 6043  10   5   6    56131     0   0.0            88     88
  60-Nd-148 6043  10   5   6    56131     1   0.0            88     88
  60-Nd-148 6043  10   5   6    57125     0   0.0            88     88
  60-Nd-148 6043  10   5   6    57126     0   0.0            88     88
  60-Nd-148 6043  10   5   6    57126     1   0.0            88     88
  60-Nd-148 6043  10   5   6    57127     0   0.0            88     88
  60-Nd-148 6043  10   5   6    57127     1   0.0            88     88
  60-Nd-148 6043  10   5   6    57128     0   0.0            88     88
  60-Nd-148 6043  10   5   6    57128     1   0.0            88     88
  60-Nd-148 6043  10   5   6    57129     0   0.0            88     88
  60-Nd-148 6043  10   5   6    57130     0   0.0            88     88
  60-Nd-148 6043  10   5   6    57131     0   0.0            88     88
  60-Nd-148 6043  10   5   6    57132     0   0.0            88     88
  60-Nd-148 6043  10   5   6    57132     1   0.0            88     88
  60-Nd-148 6043  10   5   6    57133     0   0.0            88     88
  60-Nd-148 6043  10   5   6    57134     0   0.0            88     88
  60-Nd-148 6043  10   5   6    57135     0   0.0            88     88
  60-Nd-148 6043  10   5   6    57136     0   0.0            88     88
  60-Nd-148 6043  10   5   6    57137     0   0.0            88     88
  60-Nd-148 6043  10   5   6    57138     0   0.0            88     88
  60-Nd-148 6043  10   5   6    57139     0   0.0            88     88
  60-Nd-148 6043  10   5   6    57140     0   0.0            88     88
  60-Nd-148 6043  10   5   6    57141     0   0.0            88     88
  60-Nd-148 6043  10   5   6    58126     0   0.0            88     88
  60-Nd-148 6043  10   5   6    58127     0   0.0            88     88
  60-Nd-148 6043  10   5   6    58127     1   0.0            88     88
  60-Nd-148 6043  10   5   6    58128     0   0.0            88     88
  60-Nd-148 6043  10   5   6    58129     0   0.0            88     88
  60-Nd-148 6043  10   5   6    58130     0   0.0            88     88
  60-Nd-148 6043  10   5   6    58131     0   0.0            88     88
  60-Nd-148 6043  10   5   6    58131     1   0.0            88     88
  60-Nd-148 6043  10   5   6    58132     0   0.0            88     88
  60-Nd-148 6043  10   5   6    58133     0   0.0            88     88
  60-Nd-148 6043  10   5   6    58133     1   0.0            88     88
  60-Nd-148 6043  10   5   6    58134     0   0.0            88     88
  60-Nd-148 6043  10   5   6    58135     0   0.0            88     88
  60-Nd-148 6043  10   5   6    58135     1   0.0            88     88
  60-Nd-148 6043  10   5   6    58136     0   0.0            88     88
  60-Nd-148 6043  10   5   6    58137     0   0.0            88     88
  60-Nd-148 6043  10   5   6    58137     1   0.0            88     88
  60-Nd-148 6043  10   5   6    58138     0   0.0            88     88
  60-Nd-148 6043  10   5   6    58139     0   0.0            88     88
  60-Nd-148 6043  10   5   6    58139     1   0.0            88     88
  60-Nd-148 6043  10   5   6    58140     0   0.0            88     88
  60-Nd-148 6043  10   5   6    58141     0   0.0            88     88
  60-Nd-148 6043  10   5   6    58142     0   0.0            88     88
  60-Nd-148 6043  10   5   6    58143     0   0.0            88     88
  60-Nd-148 6043  10   5   6    58144     0   0.0            88     88
  60-Nd-148 6043  10   5   6    58145     0   0.0            88     88
  60-Nd-148 6043  10   5   6    58146     0   0.0            88     88
  60-Nd-148 6043  10   5   6    59127     0   0.0            88     88
  60-Nd-148 6043  10   5   6    59128     0   0.0            88     88
  60-Nd-148 6043  10   5   6    59129     0   0.0            88     88
  60-Nd-148 6043  10   5   6    59130     0   0.0            88     88
  60-Nd-148 6043  10   5   6    59131     0   0.0            88     88
  60-Nd-148 6043  10   5   6    59131     1   0.0            88     88
  60-Nd-148 6043  10   5   6    59132     0   0.0            88     88
  60-Nd-148 6043  10   5   6    59133     0   0.0            88     88
  60-Nd-148 6043  10   5   6    59133     1   0.0            88     88
  60-Nd-148 6043  10   5   6    59134     0   0.0            88     88
  60-Nd-148 6043  10   5   6    59134     1   0.0            88     88
  60-Nd-148 6043  10   5   6    59135     0   0.0            88     88
  60-Nd-148 6043  10   5   6    59136     0   0.0            88     88
  60-Nd-148 6043  10   5   6    59137     0   0.0            88     88
  60-Nd-148 6043  10   5   6    59138     0   0.0            88     88
  60-Nd-148 6043  10   5   6    59138     1   0.0            88     88
  60-Nd-148 6043  10   5   6    59139     0   0.0            88     88
  60-Nd-148 6043  10   5   6    59140     0   0.0            88     88
  60-Nd-148 6043  10   5   6    59141     0   0.0            88     88
  60-Nd-148 6043  10   5   6    59142     0   0.0            88     88
  60-Nd-148 6043  10   5   6    59142     1   0.0            88     88
  60-Nd-148 6043  10   5   6    59143     0   0.0            88     88
  60-Nd-148 6043  10   5   6    59144     0   0.0            88     88
  60-Nd-148 6043  10   5   6    59144     1   0.0            88     88
  60-Nd-148 6043  10   5   6    59145     0   0.0            88     88
  60-Nd-148 6043  10   5   6    59146     0   0.0            88     88
  60-Nd-148 6043  10   5   6    59147     0   0.0            88     88
  60-Nd-148 6043  10   5   6    60130     0   0.0            88     88
  60-Nd-148 6043  10   5   6    60131     0   0.0            88     88
  60-Nd-148 6043  10   5   6    60132     0   0.0            88     88
  60-Nd-148 6043  10   5   6    60133     0   0.0            88     88
  60-Nd-148 6043  10   5   6    60133     1   0.0            88     88
  60-Nd-148 6043  10   5   6    60134     0   0.0            88     88
  60-Nd-148 6043  10   5   6    60135     0   0.0            88     88
  60-Nd-148 6043  10   5   6    60136     0   0.0            88     88
  60-Nd-148 6043  10   5   6    60137     0   0.0            88     88
  60-Nd-148 6043  10   5   6    60137     1   0.0            88     88
  60-Nd-148 6043  10   5   6    60138     0   0.0            88     88
  60-Nd-148 6043  10   5   6    60139     0   0.0            88     88
  60-Nd-148 6043  10   5   6    60139     1   0.0            88     88
  60-Nd-148 6043  10   5   6    60140     0   0.0            88     88
  60-Nd-148 6043  10   5   6    60141     0   0.0            88     88
  60-Nd-148 6043  10   5   6    60141     1   0.0            88     88
  60-Nd-148 6043  10   5   6    60142     0   0.0            88     88
  60-Nd-148 6043  10   5   6    60143     0   0.0            88     88
  60-Nd-148 6043  10   5   6    60144     0   0.0            88     88
  60-Nd-148 6043  10   5   6    60145     0   0.0            88     88
  60-Nd-148 6043  10   5   6    60146     0   0.0            88     88
  60-Nd-148 6043  10   5   6    60147     0   0.0            88     88
  60-Nd-148 6043  10   5   6    60148     0   0.0            88     88
  60-Nd-148 6043  10   5   6        0     0   0.0            88     88
 ------------------------------------------------------------------------------
                                              MAT Totals  11704  11704
 ------------------------------------------------------------------------------
 ------------------------------------------------------------------------------
 All Cross Sections Read. Maximum Tabulated Energy =  200000000. eV
 ------------------------------------------------------------------------------
 ===============================================================================
      MAT Total Execution Time                0.15 Seconds
 ===============================================================================
 ------------------------------------------------------------------------------
                                             Tape Totals  11704  11704
 ------------------------------------------------------------------------------
 ===============================================================================
 ACTIVATE Total Execution Time                0.15 Seconds
 ===============================================================================
