 ENDF Activation Cross Sections (ACTIVATE 2019-1)
 ------------------------------------------------------------------------------
 ENDF Input and Output Data Filenames
 ------------------------------------------------------------------------------
 ACTIVATE.IN                                                             
 ACTIVATE.OUT                                                            
 ------------------------------------------------------------------------------
 ENDF Tape Label
 ------------------------------------------------------------------------------
  EMPEND Processing file : tm169-g.out                                1
 ------------------------------------------------------------------------------
   Material  MAT  MF  MT  ENDF    ZAP Final      Q-Value Points Points
                          Format      State           eV     In    Out
 ------------------------------------------------------------------------------
  69-Tm-169 6925  10   5   6        1     0   0.0            91     91
  69-Tm-169 6925  10   5   6     1001     0   0.0            91     91
  69-Tm-169 6925  10   5   6     1002     0   0.0            91     91
  69-Tm-169 6925  10   5   6     1003     0   0.0            91     91
  69-Tm-169 6925  10   5   6     2003     0   0.0            91     91
  69-Tm-169 6925  10   5   6     2004     0   0.0            91     91
  69-Tm-169 6925  10   5   6    58143     0   0.0            91     91
  69-Tm-169 6925  10   5   6    58144     0   0.0            91     91
  69-Tm-169 6925  10   5   6    59144     0   0.0            91     91
  69-Tm-169 6925  10   5   6    59145     0   0.0            91     91
  69-Tm-169 6925  10   5   6    59146     0   0.0            91     91
  69-Tm-169 6925  10   5   6    59147     0   0.0            91     91
  69-Tm-169 6925  10   5   6    60145     0   0.0            91     91
  69-Tm-169 6925  10   5   6    60146     0   0.0            91     91
  69-Tm-169 6925  10   5   6    60147     0   0.0            91     91
  69-Tm-169 6925  10   5   6    60148     0   0.0            91     91
  69-Tm-169 6925  10   5   6    60149     0   0.0            91     91
  69-Tm-169 6925  10   5   6    60150     0   0.0            91     91
  69-Tm-169 6925  10   5   6    61146     0   0.0            91     91
  69-Tm-169 6925  10   5   6    61147     0   0.0            91     91
  69-Tm-169 6925  10   5   6    61148     0   0.0            91     91
  69-Tm-169 6925  10   5   6    61149     0   0.0            91     91
  69-Tm-169 6925  10   5   6    61150     0   0.0            91     91
  69-Tm-169 6925  10   5   6    61151     0   0.0            91     91
  69-Tm-169 6925  10   5   6    61152     0   0.0            91     91
  69-Tm-169 6925  10   5   6    61153     0   0.0            91     91
  69-Tm-169 6925  10   5   6    62148     0   0.0            91     91
  69-Tm-169 6925  10   5   6    62149     0   0.0            91     91
  69-Tm-169 6925  10   5   6    62150     0   0.0            91     91
  69-Tm-169 6925  10   5   6    62151     0   0.0            91     91
  69-Tm-169 6925  10   5   6    62152     0   0.0            91     91
  69-Tm-169 6925  10   5   6    62153     0   0.0            91     91
  69-Tm-169 6925  10   5   6    62154     0   0.0            91     91
  69-Tm-169 6925  10   5   6    62155     0   0.0            91     91
 WARNING - MF3 E= 2.00000D+08 Not in Energy Range of
           MF9 E= 5.00000D+06 1.80000D+08 eV Data.
           Will Assume MF9 Data = 0 at E= 2.00000D+08
  69-Tm-169 6925  10   5   6    62156     0   0.0            91     91
  69-Tm-169 6925  10   5   6    63149     0   0.0            91     91
  69-Tm-169 6925  10   5   6    63150     0   0.0            91     91
  69-Tm-169 6925  10   5   6    63151     0   0.0            91     91
  69-Tm-169 6925  10   5   6    63152     0   0.0            91     91
  69-Tm-169 6925  10   5   6    63153     0   0.0            91     91
  69-Tm-169 6925  10   5   6    63154     0   0.0            91     91
  69-Tm-169 6925  10   5   6    63155     0   0.0            91     91
  69-Tm-169 6925  10   5   6    63156     0   0.0            91     91
  69-Tm-169 6925  10   5   6    63157     0   0.0            91     91
  69-Tm-169 6925  10   5   6    63158     0   0.0            91     91
  69-Tm-169 6925  10   5   6    64151     0   0.0            91     91
  69-Tm-169 6925  10   5   6    64152     0   0.0            91     91
  69-Tm-169 6925  10   5   6    64153     0   0.0            91     91
  69-Tm-169 6925  10   5   6    64154     0   0.0            91     91
  69-Tm-169 6925  10   5   6    64155     0   0.0            91     91
  69-Tm-169 6925  10   5   6    64156     0   0.0            91     91
  69-Tm-169 6925  10   5   6    64157     0   0.0            91     91
  69-Tm-169 6925  10   5   6    64158     0   0.0            91     91
  69-Tm-169 6925  10   5   6    64159     0   0.0            91     91
  69-Tm-169 6925  10   5   6    64160     0   0.0            91     91
 WARNING - MF3 E= 2.00000D+08 Not in Energy Range of
           MF9 E= 5.00000D+06 1.80000D+08 eV Data.
           Will Assume MF9 Data = 0 at E= 2.00000D+08
  69-Tm-169 6925  10   5   6    64161     0   0.0            91     91
  69-Tm-169 6925  10   5   6    65153     0   0.0            91     91
  69-Tm-169 6925  10   5   6    65154     0   0.0            91     91
  69-Tm-169 6925  10   5   6    65155     0   0.0            91     91
  69-Tm-169 6925  10   5   6    65156     0   0.0            91     91
  69-Tm-169 6925  10   5   6    65157     0   0.0            91     91
  69-Tm-169 6925  10   5   6    65158     0   0.0            91     91
  69-Tm-169 6925  10   5   6    65159     0   0.0            91     91
  69-Tm-169 6925  10   5   6    65160     0   0.0            91     91
  69-Tm-169 6925  10   5   6    65161     0   0.0            91     91
  69-Tm-169 6925  10   5   6    65162     0   0.0            91     91
  69-Tm-169 6925  10   5   6    65163     0   0.0            91     91
  69-Tm-169 6925  10   5   6    66155     0   0.0            91     91
  69-Tm-169 6925  10   5   6    66156     0   0.0            91     91
  69-Tm-169 6925  10   5   6    66157     0   0.0            91     91
  69-Tm-169 6925  10   5   6    66158     0   0.0            91     91
  69-Tm-169 6925  10   5   6    66159     0   0.0            91     91
  69-Tm-169 6925  10   5   6    66160     0   0.0            91     91
  69-Tm-169 6925  10   5   6    66161     0   0.0            91     91
  69-Tm-169 6925  10   5   6    66162     0   0.0            91     91
  69-Tm-169 6925  10   5   6    66163     0   0.0            91     91
  69-Tm-169 6925  10   5   6    66164     0   0.0            91     91
 WARNING - MF3 E= 2.00000D+08 Not in Energy Range of
           MF9 E= 5.00000D+06 1.80000D+08 eV Data.
           Will Assume MF9 Data = 0 at E= 2.00000D+08
  69-Tm-169 6925  10   5   6    66165     0   0.0            91     91
 WARNING - MF3 E= 1.80000D+08 Not in Energy Range of
           MF9 E= 5.00000D+06 1.60000D+08 eV Data.
           Will Assume MF9 Data = 0 at E= 1.80000D+08
 WARNING - MF3 E= 2.00000D+08 Not in Energy Range of
           MF9 E= 5.00000D+06 1.60000D+08 eV Data.
           Will Assume MF9 Data = 0 at E= 2.00000D+08
  69-Tm-169 6925  10   5   6    67157     0   0.0            91     91
  69-Tm-169 6925  10   5   6    67158     0   0.0            91     91
  69-Tm-169 6925  10   5   6    67159     0   0.0            91     91
  69-Tm-169 6925  10   5   6    67160     0   0.0            91     91
  69-Tm-169 6925  10   5   6    67161     0   0.0            91     91
  69-Tm-169 6925  10   5   6    67162     0   0.0            91     91
  69-Tm-169 6925  10   5   6    67163     0   0.0            91     91
  69-Tm-169 6925  10   5   6    67164     0   0.0            91     91
  69-Tm-169 6925  10   5   6    67165     0   0.0            91     91
  69-Tm-169 6925  10   5   6    67166     0   0.0            91     91
  69-Tm-169 6925  10   5   6    68159     0   0.0            91     91
  69-Tm-169 6925  10   5   6    68160     0   0.0            91     91
  69-Tm-169 6925  10   5   6    68161     0   0.0            91     91
  69-Tm-169 6925  10   5   6    68162     0   0.0            91     91
  69-Tm-169 6925  10   5   6    68163     0   0.0            91     91
  69-Tm-169 6925  10   5   6    68164     0   0.0            91     91
  69-Tm-169 6925  10   5   6    68165     0   0.0            91     91
  69-Tm-169 6925  10   5   6    68166     0   0.0            91     91
  69-Tm-169 6925  10   5   6    68167     0   0.0            91     91
  69-Tm-169 6925  10   5   6    69162     0   0.0            91     91
  69-Tm-169 6925  10   5   6    69163     0   0.0            91     91
  69-Tm-169 6925  10   5   6    69164     0   0.0            91     91
  69-Tm-169 6925  10   5   6    69165     0   0.0            91     91
  69-Tm-169 6925  10   5   6        0     0   0.0            91     91
 ------------------------------------------------------------------------------
                                              MAT Totals   9282   9282
 ------------------------------------------------------------------------------
 ------------------------------------------------------------------------------
 All Cross Sections Read. Maximum Tabulated Energy =  200000000. eV
 ------------------------------------------------------------------------------
 WARNING - The Following MTs Stop below the Maximum Tabulated Energy
 ------------------------------------------------------------------------------
  MAT MF  MT  This MT     Maximum E
 ------------------------------------------------------------------------------
 6925  9   5  180000000.  200000000.
 6925  9   5  180000000.  200000000.
 6925  9   5  180000000.  200000000.
 6925  9   5  160000000.  200000000.
 ------------------------------------------------------------------------------
 WARNING - Data between 160000000. and  200000000. are NOT Reliable
 ------------------------------------------------------------------------------
 ===============================================================================
      MAT Total Execution Time                1.57 Seconds
 ===============================================================================
 ------------------------------------------------------------------------------
                                             Tape Totals   9282   9282
 ------------------------------------------------------------------------------
 ------------------------------------------------------------------------------
 WARNING - The ENDF Output is NOT Relialble above 160000000. eV,
           because it is NOT Consistently Defined for ALL MTs.
           It is STRONGLY recommended that you NOT use this
           data above this energy. If you need data up to
           energies higher than this PLEASE correct the data
           and only then try re-running this code.
 ------------------------------------------------------------------------------
 ===============================================================================
 ACTIVATE Total Execution Time                1.57 Seconds
 ===============================================================================
