 Create New Section Index (DICTIN 2019-1)
 ------------------------------------------------------------
 ENDF/B Input and Output Data Filenames
 ------------------------------------------------------------
 DICTIN.IN                                                               
 DICTIN.OUT                                                              
 ------------------------------------------------------------
 First Pass. Reading ENDF/B Data
 ------------------------------------------------------------
  MAT   Messages
 ------------------------------------------------------------
 6925
 ------------------------------------------------------------
 Second Pass. Creating New Index
 ------------------------------------------------------------
 ENDF/B  MAT MF  MT  Lines  Mod
 Format
 ------------------------------------------------------------
  VI    6925  1 451    517    1
        6925  3   1     34    1
        6925  3   4     33    1
        6925  3   5     34    1
        6925  3  11     13    1
        6925  3  16     26    1
        6925  3  17     17    1
        6925  3  22     30    1
        6925  3  28     25    1
        6925  3  32     20    1
        6925  3  33     19    1
        6925  3  34     18    1
        6925  3  41     19    1
        6925  3  42     12    1
        6925  3  44     14    1
        6925  3  50     33    1
        6925  3  51     33    1
        6925  3  52     33    1
        6925  3  53     33    1
        6925  3  54     33    1
        6925  3  55     33    1
        6925  3  56     33    1
        6925  3  57     33    1
        6925  3  58     33    1
        6925  3  59     33    1
        6925  3  60     32    1
        6925  3  61     32    1
        6925  3  62     32    1
        6925  3  63     32    1
        6925  3  64     32    1
        6925  3  65     32    1
        6925  3  66     32    1
        6925  3  67     32    1
        6925  3  68     32    1
        6925  3  69     32    1
        6925  3  70     32    1
        6925  3  71     32    1
        6925  3  72     32    1
        6925  3  73     32    1
        6925  3  74     32    1
        6925  3  75     32    1
        6925  3  76     32    1
        6925  3  77     32    1
        6925  3  78     32    1
        6925  3  79     32    1
        6925  3  80     32    1
        6925  3  81     32    1
        6925  3  82     32    1
        6925  3  83     32    1
        6925  3  84     32    1
        6925  3  85     32    1
        6925  3  86     32    1
        6925  3  87     32    1
        6925  3  88     32    1
        6925  3  89     32    1
        6925  3  91     32    1
        6925  3 102     34    1
        6925  3 104     29    1
        6925  3 105     28    1
        6925  3 106     23    1
        6925  3 111     20    1
        6925  3 112     30    1
        6925  3 115     17    1
        6925  3 116     17    1
        6925  3 600     33    1
        6925  3 601     33    1
        6925  3 602     33    1
        6925  3 603     33    1
        6925  3 604     33    1
        6925  3 605     33    1
        6925  3 606      4    1
        6925  3 607     32    1
        6925  3 608     32    1
        6925  3 609     32    1
        6925  3 610     32    1
        6925  3 611     32    1
        6925  3 612     32    1
        6925  3 613     32    1
        6925  3 614     32    1
        6925  3 615     32    1
        6925  3 616     32    1
        6925  3 617      4    1
        6925  3 618     32    1
        6925  3 619     32    1
        6925  3 620     32    1
        6925  3 621     32    1
        6925  3 622     31    1
        6925  3 623     31    1
        6925  3 624     32    1
        6925  3 625     31    1
        6925  3 626     31    1
        6925  3 627     32    1
        6925  3 628     31    1
        6925  3 629     31    1
        6925  3 630     31    1
        6925  3 631     31    1
        6925  3 632      4    1
        6925  3 633     31    1
        6925  3 634     31    1
        6925  3 635     32    1
        6925  3 636     31    1
        6925  3 637     31    1
        6925  3 638     31    1
        6925  3 639     31    1
        6925  3 800     34    1
        6925  3 801     34    1
        6925  3 802     34    1
        6925  3 803     34    1
        6925  3 804     34    1
        6925  3 805     34    1
        6925  3 806     34    1
        6925  3 807     34    1
        6925  3 808     34    1
        6925  3 809     34    1
        6925  3 810     34    1
        6925  3 811     34    1
        6925  3 812     34    1
        6925  3 813     34    1
        6925  3 814     34    1
        6925  3 815     34    1
        6925  3 816      4    1
        6925  3 817     34    1
        6925  3 818     34    1
        6925  3 819     34    1
        6925  3 820     34    1
        6925  3 821     34    1
        6925  3 822     34    1
        6925  3 823     34    1
        6925  3 824     34    1
        6925  3 825     34    1
        6925  3 826     34    1
        6925  3 827     34    1
        6925  3 828     34    1
        6925  3 829     34    1
        6925  3 830      4    1
        6925  3 831     34    1
        6925  3 832     34    1
        6925  3 833     34    1
        6925  3 834     34    1
        6925  3 835     34    1
        6925  3 836     34    1
        6925  3 837     34    1
        6925  3 838      4    1
        6925 10   5   3367    1
 ------------------------------------------------------------
 Original Line Count   8662
 Final Line Count      8292
 ------------------------------------------------------------
 ===============================================================================
 DICTIN   Total Execution Time                0.03 Seconds
 ===============================================================================
