 Create New Section Index (DICTIN 2019-1)
 ------------------------------------------------------------
 ENDF/B Input and Output Data Filenames
 ------------------------------------------------------------
 DICTIN.IN                                                               
 DICTIN.OUT                                                              
 ------------------------------------------------------------
 First Pass. Reading ENDF/B Data
 ------------------------------------------------------------
  MAT   Messages
 ------------------------------------------------------------
 5037
 ------------------------------------------------------------
 Second Pass. Creating New Index
 ------------------------------------------------------------
 ENDF/B  MAT MF  MT  Lines  Mod
 Format
 ------------------------------------------------------------
  VI    5037  1 451    350    1
        5037  3   3     32    1
        5037  3   5     33    1
        5037 10   5   5153    1
 ------------------------------------------------------------
 Original Line Count   5578
 Final Line Count      5578
 ------------------------------------------------------------
 ===============================================================================
 DICTIN   Total Execution Time                0.02 Seconds
 ===============================================================================
