 Process ENDF/B Double Differential Data - MF=6 (SIXPAK 2019-1)
 ==============================================================================
 ENDF/B Input Data Filename
 SIXPAK.IN                                                               
 ------------------------------------------------------------------------------
 Requested Ranges
 ------------------------------------------------------------------------------
    Minimum    Maximum   
    MAT  MT    MAT  MT
 ------------------------------------------------------------------------------
      1   1   9999 999
 ==============================================================================
 Terminology
 ------------------------------------------------------------------------------
 LCT  = Reference System (Lab or Center-of-Mass)
 LIP  = Product Modifier, e.g., for Isomeric States
 LAW  = Representation of Data - see, List at End of Output
 LANG = 1     = Legendre     (LAW 1)
      = 2     = Kalbach-Mann (LAW 1)
      = 11-15 = Tabulated    (LAW 1)
      = 0     = Legendre     (LAW 2)
      = 11-15 = Tabulated    (LAW 2)
 LTP  = 1-2   = Legendre     (LAW 5)
      = 11-15 = Tabulated    (LAW 5)
 LEP  = Secondary Energy Interpolation Type(1 to 5)
 ==============================================================================
 Tape Label
 ------------------------------------------------------------------------------
 Retrieved by E4-util: 2019/11/11,14:57:57                            1
 ------------------------------------------------------------------------------
 WARNING: MT=5 is ALLOWED in MF=6, but NOT in MF=4 or 5.
          see ENDF-102 - Strictly for diagnostic purposes
          this code will Translate MF=6 Data - but be
          WARNED - the results should not be used in ANY          APPLICATIONS.
 ------------------------------------------------------------------------------
 ==============================================================================
 Projectile   Target    Emitted    MAT  MT LCT LIP LAW LANG  LEP  ENDF/B
                                                        LTP       Output
 ==============================================================================
  Photon     50-Sn-116  Neutron   5037   5 cm    0   1    2    1      
 ------------------------------------------------------------------------------
 Projectile=      0 Emitted=      1 Cannot Define Kalbach-Mann
 Parameters for this Combination - Will use Neutron Parameters
 ------------------------------------------------------------------------------
  Photon     50-Sn-116   1-H -1   5037   5 cm    0   1    2    1      
 ------------------------------------------------------------------------------
 Projectile=      0 Emitted=   1001 Cannot Define Kalbach-Mann
 Parameters for this Combination - Will use Neutron Parameters
 ------------------------------------------------------------------------------
  Photon     50-Sn-116   1-H -2   5037   5 cm    0   1    2    1      
 ------------------------------------------------------------------------------
 Projectile=      0 Emitted=   1002 Cannot Define Kalbach-Mann
 Parameters for this Combination - Will use Neutron Parameters
 ------------------------------------------------------------------------------
  Photon     50-Sn-116   1-H -3   5037   5 cm    0   1    2    1      
 ------------------------------------------------------------------------------
 Projectile=      0 Emitted=   1003 Cannot Define Kalbach-Mann
 Parameters for this Combination - Will use Neutron Parameters
 ------------------------------------------------------------------------------
  Photon     50-Sn-116   2-He-3   5037   5 cm    0   1    2    1      
 ------------------------------------------------------------------------------
 Projectile=      0 Emitted=   2003 Cannot Define Kalbach-Mann
 Parameters for this Combination - Will use Neutron Parameters
 ------------------------------------------------------------------------------
  Photon     50-Sn-116   2-He-4   5037   5 cm    0   1    2    1      
 ------------------------------------------------------------------------------
 Projectile=      0 Emitted=   2004 Cannot Define Kalbach-Mann
 Parameters for this Combination - Will use Neutron Parameters
 ------------------------------------------------------------------------------
  Photon     50-Sn-116  40-Zr-86  5037   5 cm    0   0                
  Photon     50-Sn-116  40-Zr-87  5037   5 cm    0   0                
  Photon     50-Sn-116  40-Zr-87  5037   5 cm    1   0                
  Photon     50-Sn-116  40-Zr-88  5037   5 cm    0   0                
  Photon     50-Sn-116  40-Zr-89  5037   5 cm    0   0                
  Photon     50-Sn-116  40-Zr-89  5037   5 cm    1   0                
  Photon     50-Sn-116  41-Nb-87  5037   5 cm    0   0                
  Photon     50-Sn-116  41-Nb-87  5037   5 cm    1   0                
  Photon     50-Sn-116  41-Nb-88  5037   5 cm    0   0                
  Photon     50-Sn-116  41-Nb-88  5037   5 cm    1   0                
  Photon     50-Sn-116  41-Nb-89  5037   5 cm    0   0                
  Photon     50-Sn-116  41-Nb-89  5037   5 cm    1   0                
  Photon     50-Sn-116  41-Nb-90  5037   5 cm    0   0                
  Photon     50-Sn-116  41-Nb-90  5037   5 cm    1   0                
  Photon     50-Sn-116  41-Nb-91  5037   5 cm    0   0                
  Photon     50-Sn-116  41-Nb-91  5037   5 cm    1   0                
  Photon     50-Sn-116  42-Mo-88  5037   5 cm    0   0                
  Photon     50-Sn-116  42-Mo-89  5037   5 cm    0   0                
  Photon     50-Sn-116  42-Mo-90  5037   5 cm    0   0                
  Photon     50-Sn-116  42-Mo-91  5037   5 cm    0   0                
  Photon     50-Sn-116  42-Mo-91  5037   5 cm    1   0                
  Photon     50-Sn-116  42-Mo-92  5037   5 cm    0   0                
  Photon     50-Sn-116  42-Mo-93  5037   5 cm    0   0                
  Photon     50-Sn-116  42-Mo-93  5037   5 cm    1   0                
  Photon     50-Sn-116  43-Tc-90  5037   5 cm    0   0                
  Photon     50-Sn-116  43-Tc-90  5037   5 cm    1   0                
  Photon     50-Sn-116  43-Tc-90  5037   5 cm    2   0                
  Photon     50-Sn-116  43-Tc-91  5037   5 cm    0   0                
  Photon     50-Sn-116  43-Tc-91  5037   5 cm    1   0                
  Photon     50-Sn-116  43-Tc-92  5037   5 cm    0   0                
  Photon     50-Sn-116  43-Tc-93  5037   5 cm    0   0                
  Photon     50-Sn-116  43-Tc-93  5037   5 cm    1   0                
  Photon     50-Sn-116  43-Tc-94  5037   5 cm    0   0                
  Photon     50-Sn-116  43-Tc-94  5037   5 cm    1   0                
  Photon     50-Sn-116  43-Tc-95  5037   5 cm    0   0                
  Photon     50-Sn-116  43-Tc-95  5037   5 cm    1   0                
  Photon     50-Sn-116  43-Tc-96  5037   5 cm    0   0                
  Photon     50-Sn-116  43-Tc-96  5037   5 cm    1   0                
  Photon     50-Sn-116  44-Ru-92  5037   5 cm    0   0                
  Photon     50-Sn-116  44-Ru-93  5037   5 cm    0   0                
  Photon     50-Sn-116  44-Ru-93  5037   5 cm    1   0                
  Photon     50-Sn-116  44-Ru-94  5037   5 cm    0   0                
  Photon     50-Sn-116  44-Ru-95  5037   5 cm    0   0                
  Photon     50-Sn-116  44-Ru-96  5037   5 cm    0   0                
  Photon     50-Sn-116  44-Ru-97  5037   5 cm    0   0                
  Photon     50-Sn-116  44-Ru-98  5037   5 cm    0   0                
  Photon     50-Sn-116  45-Rh-94  5037   5 cm    0   0                
  Photon     50-Sn-116  45-Rh-94  5037   5 cm    1   0                
  Photon     50-Sn-116  45-Rh-95  5037   5 cm    0   0                
  Photon     50-Sn-116  45-Rh-95  5037   5 cm    1   0                
  Photon     50-Sn-116  45-Rh-96  5037   5 cm    0   0                
  Photon     50-Sn-116  45-Rh-96  5037   5 cm    1   0                
  Photon     50-Sn-116  45-Rh-97  5037   5 cm    0   0                
  Photon     50-Sn-116  45-Rh-97  5037   5 cm    1   0                
  Photon     50-Sn-116  45-Rh-98  5037   5 cm    0   0                
  Photon     50-Sn-116  45-Rh-98  5037   5 cm    1   0                
  Photon     50-Sn-116  45-Rh-99  5037   5 cm    0   0                
  Photon     50-Sn-116  45-Rh-99  5037   5 cm    1   0                
  Photon     50-Sn-116  45-Rh-100 5037   5 cm    0   0                
  Photon     50-Sn-116  45-Rh-100 5037   5 cm    1   0                
  Photon     50-Sn-116  45-Rh-101 5037   5 cm    0   0                
  Photon     50-Sn-116  45-Rh-101 5037   5 cm    1   0                
  Photon     50-Sn-116  46-Pd-96  5037   5 cm    0   0                
  Photon     50-Sn-116  46-Pd-97  5037   5 cm    0   0                
  Photon     50-Sn-116  46-Pd-98  5037   5 cm    0   0                
  Photon     50-Sn-116  46-Pd-99  5037   5 cm    0   0                
  Photon     50-Sn-116  46-Pd-100 5037   5 cm    0   0                
  Photon     50-Sn-116  46-Pd-101 5037   5 cm    0   0                
  Photon     50-Sn-116  46-Pd-102 5037   5 cm    0   0                
  Photon     50-Sn-116  46-Pd-103 5037   5 cm    0   0                
  Photon     50-Sn-116  46-Pd-104 5037   5 cm    0   0                
  Photon     50-Sn-116  46-Pd-105 5037   5 cm    0   0                
  Photon     50-Sn-116  46-Pd-106 5037   5 cm    0   0                
  Photon     50-Sn-116  47-Ag-98  5037   5 cm    0   0                
  Photon     50-Sn-116  47-Ag-99  5037   5 cm    0   0                
  Photon     50-Sn-116  47-Ag-99  5037   5 cm    1   0                
  Photon     50-Sn-116  47-Ag-100 5037   5 cm    0   0                
  Photon     50-Sn-116  47-Ag-100 5037   5 cm    1   0                
  Photon     50-Sn-116  47-Ag-101 5037   5 cm    0   0                
  Photon     50-Sn-116  47-Ag-101 5037   5 cm    1   0                
  Photon     50-Sn-116  47-Ag-102 5037   5 cm    0   0                
  Photon     50-Sn-116  47-Ag-102 5037   5 cm    1   0                
  Photon     50-Sn-116  47-Ag-103 5037   5 cm    0   0                
  Photon     50-Sn-116  47-Ag-103 5037   5 cm    1   0                
  Photon     50-Sn-116  47-Ag-104 5037   5 cm    0   0                
  Photon     50-Sn-116  47-Ag-104 5037   5 cm    1   0                
  Photon     50-Sn-116  47-Ag-105 5037   5 cm    0   0                
  Photon     50-Sn-116  47-Ag-105 5037   5 cm    1   0                
  Photon     50-Sn-116  47-Ag-106 5037   5 cm    0   0                
  Photon     50-Sn-116  47-Ag-106 5037   5 cm    1   0                
  Photon     50-Sn-116  47-Ag-107 5037   5 cm    0   0                
  Photon     50-Sn-116  47-Ag-107 5037   5 cm    1   0                
  Photon     50-Sn-116  47-Ag-108 5037   5 cm    0   0                
  Photon     50-Sn-116  47-Ag-108 5037   5 cm    1   0                
  Photon     50-Sn-116  47-Ag-109 5037   5 cm    0   0                
  Photon     50-Sn-116  47-Ag-109 5037   5 cm    1   0                
  Photon     50-Sn-116  47-Ag-110 5037   5 cm    0   0                
  Photon     50-Sn-116  47-Ag-110 5037   5 cm    1   0                
  Photon     50-Sn-116  47-Ag-111 5037   5 cm    0   0                
  Photon     50-Sn-116  47-Ag-111 5037   5 cm    1   0                
  Photon     50-Sn-116  48-Cd-101 5037   5 cm    0   0                
  Photon     50-Sn-116  48-Cd-102 5037   5 cm    0   0                
  Photon     50-Sn-116  48-Cd-103 5037   5 cm    0   0                
  Photon     50-Sn-116  48-Cd-104 5037   5 cm    0   0                
  Photon     50-Sn-116  48-Cd-105 5037   5 cm    0   0                
  Photon     50-Sn-116  48-Cd-106 5037   5 cm    0   0                
  Photon     50-Sn-116  48-Cd-107 5037   5 cm    0   0                
  Photon     50-Sn-116  48-Cd-108 5037   5 cm    0   0                
  Photon     50-Sn-116  48-Cd-109 5037   5 cm    0   0                
  Photon     50-Sn-116  48-Cd-110 5037   5 cm    0   0                
  Photon     50-Sn-116  48-Cd-111 5037   5 cm    0   0                
  Photon     50-Sn-116  48-Cd-111 5037   5 cm    1   0                
  Photon     50-Sn-116  48-Cd-112 5037   5 cm    0   0                
  Photon     50-Sn-116  48-Cd-113 5037   5 cm    0   0                
  Photon     50-Sn-116  48-Cd-113 5037   5 cm    1   0                
  Photon     50-Sn-116  48-Cd-114 5037   5 cm    0   0                
  Photon     50-Sn-116  49-In-103 5037   5 cm    0   0                
  Photon     50-Sn-116  49-In-103 5037   5 cm    1   0                
  Photon     50-Sn-116  49-In-104 5037   5 cm    0   0                
  Photon     50-Sn-116  49-In-104 5037   5 cm    1   0                
  Photon     50-Sn-116  49-In-105 5037   5 cm    0   0                
  Photon     50-Sn-116  49-In-105 5037   5 cm    1   0                
  Photon     50-Sn-116  49-In-106 5037   5 cm    0   0                
  Photon     50-Sn-116  49-In-106 5037   5 cm    1   0                
  Photon     50-Sn-116  49-In-107 5037   5 cm    0   0                
  Photon     50-Sn-116  49-In-107 5037   5 cm    1   0                
  Photon     50-Sn-116  49-In-108 5037   5 cm    0   0                
  Photon     50-Sn-116  49-In-108 5037   5 cm    1   0                
  Photon     50-Sn-116  49-In-109 5037   5 cm    0   0                
  Photon     50-Sn-116  49-In-109 5037   5 cm    1   0                
  Photon     50-Sn-116  49-In-110 5037   5 cm    0   0                
  Photon     50-Sn-116  49-In-110 5037   5 cm    1   0                
  Photon     50-Sn-116  49-In-111 5037   5 cm    0   0                
  Photon     50-Sn-116  49-In-111 5037   5 cm    1   0                
  Photon     50-Sn-116  49-In-112 5037   5 cm    0   0                
  Photon     50-Sn-116  49-In-112 5037   5 cm    1   0                
  Photon     50-Sn-116  49-In-113 5037   5 cm    0   0                
  Photon     50-Sn-116  49-In-113 5037   5 cm    1   0                
  Photon     50-Sn-116  49-In-114 5037   5 cm    0   0                
  Photon     50-Sn-116  49-In-114 5037   5 cm    1   0                
  Photon     50-Sn-116  49-In-115 5037   5 cm    0   0                
  Photon     50-Sn-116  49-In-115 5037   5 cm    1   0                
  Photon     50-Sn-116  50-Sn-106 5037   5 cm    0   0                
  Photon     50-Sn-116  50-Sn-107 5037   5 cm    0   0                
  Photon     50-Sn-116  50-Sn-108 5037   5 cm    0   0                
  Photon     50-Sn-116  50-Sn-109 5037   5 cm    0   0                
  Photon     50-Sn-116  50-Sn-110 5037   5 cm    0   0                
  Photon     50-Sn-116  50-Sn-111 5037   5 cm    0   0                
  Photon     50-Sn-116  50-Sn-112 5037   5 cm    0   0                
  Photon     50-Sn-116  50-Sn-113 5037   5 cm    0   0                
  Photon     50-Sn-116  50-Sn-113 5037   5 cm    1   0                
  Photon     50-Sn-116  50-Sn-114 5037   5 cm    0   0                
  Photon     50-Sn-116  50-Sn-115 5037   5 cm    0   0                
  Photon     50-Sn-116  50-Sn-116 5037   5 cm    0   0                
  Photon     50-Sn-116  Photon    5037   5 cm    0   1    1    1      
 ------------------------------------------------------------------------------
 All Cross Sections Read. Maximum Tabulated Energy =  200000000. eV
 ------------------------------------------------------------------------------
 ==============================================================================
 Laws by Incident Particle
 ------------------------------------------------------------------------------
 Law Number and Definition   Photon    n     p     d     t  He-3  He-4 Other
 ------------------------------------------------------------------------------
 (0) Unknown................   154     0     0     0     0     0     0     0
 (1) Continuum Energy-Angle
      Legendre..............     1     0     0     0     0     0     0     0
      Kalbach-Mann..........     6     0     0     0     0     0     0     0
      Tabulated.............     0     0     0     0     0     0     0     0
 (2) Discrete 2 Body
      Legendre..............     0     0     0     0     0     0     0     0
      Tabulated.............     0     0     0     0     0     0     0     0
 (3) Isotropic Discrete.....     0     0     0     0     0     0     0     0
 (4) Discrete 2 Body Recoil.     0     0     0     0     0     0     0     0
 (5) Charged Particle Elastic
      Legendre..............     0     0     0     0     0     0     0     0
      Tabulated.............     0     0     0     0     0     0     0     0
 (6) n-Body Phase-Space.....     0     0     0     0     0     0     0     0
 (7) Laboratory Angle-Energy     0     0     0     0     0     0     0     0
 Not 0 to 7 (WARNING if Any)     0     0     0     0     0     0     0     0
 ==============================================================================
 Laws by Emitted Particle
 ------------------------------------------------------------------------------
 Law Number and Definition   Photon    n     p     d     t  He-3  He-4 Other
 ------------------------------------------------------------------------------
 (0) Unknown................     0     0     0     0     0     0     0   154
 (1) Continuum Energy-Angle
      Legendre..............     1     0     0     0     0     0     0     0
      Kalbach-Mann..........     0     1     1     1     1     1     1     0
      Tabulated.............     0     0     0     0     0     0     0     0
 (2) Discrete 2 Body
      Legendre..............     0     0     0     0     0     0     0     0
      Tabulated.............     0     0     0     0     0     0     0     0
 (3) Isotropic Discrete.....     0     0     0     0     0     0     0     0
 (4) Discrete 2 Body Recoil.     0     0     0     0     0     0     0     0
 (5) Charged Particle Elastic
      Legendre..............     0     0     0     0     0     0     0     0
      Tabulated.............     0     0     0     0     0     0     0     0
 (6) n-Body Phase-Space.....     0     0     0     0     0     0     0     0
 (7) Laboratory Angle-Energy     0     0     0     0     0     0     0     0
 Not 0 to 7 (WARNING if Any)     0     0     0     0     0     0     0     0
 ------------------------------------------------------------------------------
 Summary of Emitted Particle Yields
 ------------------------------------------------------------------------------
 Energy Independent.........     0     0     0     0     0     0     0     0
 Energy Dependent...........     1     1     1     1     1     1     1   154
 ------------------------------------------------------------------------------
 Summary of Angular Distributions
 ------------------------------------------------------------------------------
 Isotropic..................     1     0     0     0     0     0     0     0
 Nonisotropic...............     0     1     1     1     1     1     1     0
 Mixed......................     0     0     0     0     0     0     0     0
 ------------------------------------------------------------------------------
 Maximum Legendre Order.....     0     0     0     0     0     0     0     0
 Maximum Number of Cosines..     0     0     0     0     0     0     0     0
 ------------------------------------------------------------------------------
 Summary of Energy Distributions
 ------------------------------------------------------------------------------
 Continuous.................     1     1     1     1     1     1     1     0
 Discrete...................     0     0     0     0     0     0     0     0
 Mixed......................     0     0     0     0     0     0     0     0
 ------------------------------------------------------------------------------
 ==============================================================================
 Summary of Incident Neutron with Photon or Neutron Emitted Data
 ------------------------------------------------------------------------------
 Law Number and Definition   Output        Not Output 
 ------------------------------------------------------------------------------
                             Photon    n   Photon    n
 ------------------------------------------------------------------------------
 (0) Unknown................     0     0       0     0
 (1) Continuum Energy-Angle
      Legendre..............     0     0       0     0
      Kalbach-Mann..........     0     0       0     0
      Tabulated.............     0     0       0     0
 (2) Discrete 2 Body
      Legendre..............     0     0       0     0
      Tabulated.............     0     0       0     0
 (3) Isotropic Discrete.....     0     0       0     0
 (4) Discrete 2 Body Recoil.     0     0       0     0
 (5) Charged Particle Elastic
      Legendre..............     0     0       0     0
      Tabulated.............     0     0       0     0
 (6) n-Body Phase-Space.....     0     0       0     0
 (7) Laboratory Angle-Energy     0     0       0     0
 Not 0 to 7 (WARNING if Any)     0     0       0     0
 ==============================================================================
 End of Run
 ===============================================================================
 SIXPAK   Total Execution Time                0.09 Seconds
 ===============================================================================
