                                                     MT=  5
 MAT  325                         0.0        Kelvin Unshielded Cross Sections                           3-Li-6  

   No.  Group-eV   Average      No.  Group-eV   Average      No.  Group-eV   Average      No.  Group-eV   Average

    58 1000000.00 5.83519E-8     85 4600000.00 7.04250E-4    112 10000000.0 .002014197    139 120000000. 1.31948E-4
    59 1125000.00 1.77515E-7     86 4800000.00 7.79769E-4    113 11000000.0 .002138540    140 140000000. 0.0       
    60 1250000.00 2.96655E-7     87 5000000.00 8.60920E-4    114 12000000.0 .002077545    141 160000000. 0.0       
    61 1375000.00 4.15777E-7     88 5200000.00 9.47779E-4    115 13000000.0 .001907901    142 180000000. 0.0       
    62 1500000.00 1.04610E-5     89 5400000.00 .001033569    116 14000000.0 .001876094    143 200000000. 0.0       
    63 1625000.00 3.07107E-5     90 5600000.00 .001112871    117 15000000.0 .002058613    144 240000000. 0.0       
    64 1750000.00 5.09591E-5     91 5800000.00 .001191079    118 16000000.0 .002185714    145 280000000. 0.0       
    65 1875000.00 7.12063E-5     92 6000000.00 .001261429    119 17000000.0 .002415508    146 320000000. 0.0       
    66 2000000.00 9.17689E-5     93 6200000.00 .001323835    120 18000000.0 .002978226    147 360000000. 0.0       
    67 2125000.00 1.12654E-4     94 6400000.00 .001384226    121 19000000.0 .003293717    148 400000000. 0.0       
    68 2250000.00 1.33538E-4     95 6600000.00 .001432405    122 20000000.0 .003073048    149 440000000. 0.0       
    69 2375000.00 1.54421E-4     96 6800000.00 .001478529    123 22000000.0 .004141003    150 480000000. 0.0       
    70 2500000.00 1.75627E-4     97 7000000.00 .001521507    124 24000000.0 .002471580    151 520000000. 0.0       
    71 2625000.00 1.97162E-4     98 7200000.00 .001561309    125 26000000.0 .002166376    152 560000000. 0.0       
    72 2750000.00 2.18695E-4     99 7400000.00 .001600452    126 28000000.0 .002065764    153 600000000. 0.0       
    73 2875000.00 2.40229E-4    100 7600000.00 .001635605    127 30000000.0 .001639156    154 640000000. 0.0       
    74 3000000.00 2.64935E-4    101 7800000.00 .001670087    128 35000000.0 .001258175    155 680000000. 0.0       
    75 3125000.00 2.92859E-4    102 8000000.00 .001701701    129 40000000.0 .001000245    156 720000000. 0.0       
    76 3250000.00 3.20782E-4    103 8200000.00 .001730422    130 45000000.0 5.61806E-4    157 760000000. 0.0       
    77 3375000.00 3.48705E-4    104 8400000.00 .001758350    131 50000000.0 3.80632E-4    158 800000000. 0.0       
    78 3500000.00 3.77186E-4    105 8600000.00 .001781477    132 54000000.0 3.26880E-4    159 840000000. 0.0       
    79 3625000.00 4.06232E-4    106 8800000.00 .001803798    133 55000000.0 2.88056E-4    160 880000000. 0.0       
    80 3750000.00 4.35277E-4    107 9000000.00 .001825601    134 60000000.0 2.32786E-4    161 920000000. 0.0       
    81 3875000.00 4.64322E-4    108 9200000.00 .001846882    135 70000000.0 1.95360E-4    162 960000000. 0.0       
    82 4000000.00 5.08694E-4    109 9400000.00 .001868704    136 80000000.0 1.73625E-4    163 1.00000E+9
    83 4200000.00 5.68741E-4    110 9600000.00 .001893796    137 90000000.0 1.61057E-4
    84 4400000.00 6.30693E-4    111 9800000.00 .001919437    138 100000000. 1.48789E-4
 
                                                     MT=  5
 MAT  325                         0.0        Kelvin Unshielded Cross Sections                           3-Li-6  

   No.  Group-eV   Average      No.  Group-eV   Average      No.  Group-eV   Average      No.  Group-eV   Average

    89 5400000.00 1.03504E-5    108 9200000.00 .001408191    127 30000000.0 9.23064E-4    146 320000000. 0.0       
    90 5600000.00 8.35697E-5    109 9400000.00 .001444770    128 35000000.0 7.97324E-4    147 360000000. 0.0       
    91 5800000.00 1.67393E-4    110 9600000.00 .001477327    129 40000000.0 6.74465E-4    148 400000000. 0.0       
    92 6000000.00 2.71224E-4    111 9800000.00 .001509209    130 45000000.0 4.47967E-4    149 440000000. 0.0       
    93 6200000.00 3.95285E-4    112 10000000.0 .001616070    131 50000000.0 3.31139E-4    150 480000000. 0.0       
    94 6400000.00 5.13665E-4    113 11000000.0 .001775345    132 54000000.0 2.89396E-4    151 520000000. 0.0       
    95 6600000.00 5.97606E-4    114 12000000.0 .001742881    133 55000000.0 2.53584E-4    152 560000000. 0.0       
    96 6800000.00 6.75748E-4    115 13000000.0 .001566162    134 60000000.0 1.92237E-4    153 600000000. 0.0       
    97 7000000.00 7.56025E-4    116 14000000.0 .001442601    135 70000000.0 1.41054E-4    154 640000000. 0.0       
    98 7200000.00 8.38458E-4    117 15000000.0 .001443333    136 80000000.0 1.09370E-4    155 680000000. 0.0       
    99 7400000.00 9.19715E-4    118 16000000.0 .001314947    137 90000000.0 9.67918E-5    156 720000000. 0.0       
   100 7600000.00 9.93850E-4    119 17000000.0 .001115865    138 100000000. 9.67170E-5    157 760000000. 0.0       
   101 7800000.00 .001066787    120 18000000.0 .001045254    139 120000000. 9.65805E-5    158 800000000. 0.0       
   102 8000000.00 .001131551    121 19000000.0 .001003179    140 140000000. 0.0           159 840000000. 0.0       
   103 8200000.00 .001188072    122 20000000.0 8.69799E-4    141 160000000. 0.0           160 880000000. 0.0       
   104 8400000.00 .001242926    123 22000000.0 8.52198E-4    142 180000000. 0.0           161 920000000. 0.0       
   105 8600000.00 .001287697    124 24000000.0 8.00796E-4    143 200000000. 0.0           162 960000000. 0.0       
   106 8800000.00 .001330775    125 26000000.0 8.60000E-4    144 240000000. 0.0           163 1.00000E+9
   107 9000000.00 .001370946    126 28000000.0 9.96437E-4    145 280000000. 0.0       
 
                                                     MT=  5
 MAT  325                         0.0        Kelvin Unshielded Cross Sections                           3-Li-6  

   No.  Group-eV   Average      No.  Group-eV   Average      No.  Group-eV   Average      No.  Group-eV   Average

    84 4400000.00 8.63985E-7    104 8400000.00 2.09846E-4    124 24000000.0 3.05756E-4    144 240000000. 0.0       
    85 4600000.00 6.99036E-6    105 8600000.00 2.06437E-4    125 26000000.0 5.01678E-4    145 280000000. 0.0       
    86 4800000.00 1.40066E-5    106 8800000.00 2.03259E-4    126 28000000.0 5.26895E-4    146 320000000. 0.0       
    87 5000000.00 4.86543E-5    107 9000000.00 2.01350E-4    127 30000000.0 3.89957E-4    147 360000000. 0.0       
    88 5200000.00 1.11304E-4    108 9200000.00 2.00718E-4    128 35000000.0 2.81686E-4    148 400000000. 0.0       
    89 5400000.00 1.72037E-4    109 9400000.00 2.00733E-4    129 40000000.0 2.15149E-4    149 440000000. 0.0       
    90 5600000.00 2.21137E-4    110 9600000.00 2.04662E-4    130 45000000.0 5.97190E-5    150 480000000. 0.0       
    91 5800000.00 2.68274E-4    111 9800000.00 2.09248E-4    131 50000000.0 1.99420E-5    151 520000000. 0.0       
    92 6000000.00 2.92821E-4    112 10000000.0 2.24576E-4    132 54000000.0 1.60157E-5    152 560000000. 0.0       
    93 6200000.00 2.94524E-4    113 11000000.0 2.30915E-4    133 55000000.0 1.92730E-5    153 600000000. 0.0       
    94 6400000.00 2.95094E-4    114 12000000.0 2.27793E-4    134 60000000.0 3.40308E-5    154 640000000. 0.0       
    95 6600000.00 2.88788E-4    115 13000000.0 2.42559E-4    135 70000000.0 5.25503E-5    155 680000000. 0.0       
    96 6800000.00 2.81324E-4    116 14000000.0 3.18749E-4    136 80000000.0 6.39815E-5    156 720000000. 0.0       
    97 7000000.00 2.71236E-4    117 15000000.0 4.65648E-4    137 90000000.0 6.46442E-5    157 760000000. 0.0       
    98 7200000.00 2.58500E-4    118 16000000.0 6.55888E-4    138 100000000. 5.35800E-5    158 800000000. 0.0       
    99 7400000.00 2.46172E-4    119 17000000.0 7.99667E-4    139 120000000. 3.82091E-5    159 840000000. 0.0       
   100 7600000.00 2.36314E-4    120 18000000.0 7.62607E-4    140 140000000. 0.0           160 880000000. 0.0       
   101 7800000.00 2.26871E-4    121 19000000.0 5.94114E-4    141 160000000. 0.0           161 920000000. 0.0       
   102 8000000.00 2.19635E-4    122 20000000.0 4.25400E-4    142 180000000. 0.0           162 960000000. 0.0       
   103 8200000.00 2.14627E-4    123 22000000.0 3.43249E-4    143 200000000. 0.0           163 1.00000E+9
 
                                                     MT=  5
 MAT  325                         0.0        Kelvin Unshielded Cross Sections                           3-Li-6  

   No.  Group-eV   Average      No.  Group-eV   Average      No.  Group-eV   Average      No.  Group-eV   Average

    58 1000000.00 5.83519E-8     85 4600000.00 6.97349E-4    112 10000000.0 1.75442E-4    139 120000000. 2.57521E-6
    59 1125000.00 1.77515E-7     86 4800000.00 7.65877E-4    113 11000000.0 1.34706E-4    140 140000000. 0.0       
    60 1250000.00 2.96655E-7     87 5000000.00 8.12413E-4    114 12000000.0 1.09912E-4    141 160000000. 0.0       
    61 1375000.00 4.15777E-7     88 5200000.00 8.36663E-4    115 13000000.0 1.02958E-4    142 180000000. 0.0       
    62 1500000.00 1.04610E-5     89 5400000.00 8.51405E-4    116 14000000.0 1.19372E-4    143 200000000. 0.0       
    63 1625000.00 3.07107E-5     90 5600000.00 8.08404E-4    117 15000000.0 1.55234E-4    144 240000000. 0.0       
    64 1750000.00 5.09591E-5     91 5800000.00 7.55664E-4    118 16000000.0 1.87819E-4    145 280000000. 0.0       
    65 1875000.00 7.12063E-5     92 6000000.00 6.97677E-4    119 17000000.0 1.83491E-4    146 320000000. 0.0       
    66 2000000.00 9.17689E-5     93 6200000.00 6.34386E-4    120 18000000.0 1.41902E-4    147 360000000. 0.0       
    67 2125000.00 1.12654E-4     94 6400000.00 5.75893E-4    121 19000000.0 9.46479E-5    148 400000000. 0.0       
    68 2250000.00 1.33538E-4     95 6600000.00 5.46480E-4    122 20000000.0 5.25161E-5    149 440000000. 0.0       
    69 2375000.00 1.54421E-4     96 6800000.00 5.21963E-4    123 22000000.0 2.47012E-5    150 480000000. 0.0       
    70 2500000.00 1.75627E-4     97 7000000.00 4.94816E-4    124 24000000.0 1.71087E-5    151 520000000. 0.0       
    71 2625000.00 1.97162E-4     98 7200000.00 4.65012E-4    125 26000000.0 2.29850E-5    152 560000000. 0.0       
    72 2750000.00 2.18695E-4     99 7400000.00 4.35310E-4    126 28000000.0 2.12327E-5    153 600000000. 0.0       
    73 2875000.00 2.40229E-4    100 7600000.00 4.06224E-4    127 30000000.0 1.47110E-5    154 640000000. 0.0       
    74 3000000.00 2.64935E-4    101 7800000.00 3.77241E-4    128 35000000.0 9.88550E-6    155 680000000. 0.0       
    75 3125000.00 2.92859E-4    102 8000000.00 3.51387E-4    129 40000000.0 7.23078E-6    156 720000000. 0.0       
    76 3250000.00 3.20782E-4    103 8200000.00 3.28687E-4    130 45000000.0 2.30712E-6    157 760000000. 0.0       
    77 3375000.00 3.48705E-4    104 8400000.00 3.06628E-4    131 50000000.0 9.01027E-7    158 800000000. 0.0       
    78 3500000.00 3.77186E-4    105 8600000.00 2.88448E-4    132 54000000.0 7.72885E-7    159 840000000. 0.0       
    79 3625000.00 4.06232E-4    106 8800000.00 2.70919E-4    133 55000000.0 9.97609E-7    160 880000000. 0.0       
    80 3750000.00 4.35277E-4    107 9000000.00 2.54540E-4    134 60000000.0 2.01761E-6    161 920000000. 0.0       
    81 3875000.00 4.64322E-4    108 9200000.00 2.39319E-4    135 70000000.0 3.55178E-6    162 960000000. 0.0       
    82 4000000.00 5.08706E-4    109 9400000.00 2.24652E-4    136 80000000.0 4.79495E-6    163 1.00000E+9
    83 4200000.00 5.68779E-4    110 9600000.00 2.13330E-4    137 90000000.0 4.96751E-6
    84 4400000.00 6.29892E-4    111 9800000.00 2.02570E-4    138 100000000. 3.88266E-6
 
                                                     MT=  5
 MAT  325                         0.0        Kelvin Unshielded Cross Sections                           3-Li-6  

   No.  Group-eV   Average      No.  Group-eV   Average      No.  Group-eV   Average      No.  Group-eV   Average

   117 15000000.0 8.23547E-9    129 40000000.0 1.81414E-4    141 160000000. 0.0           153 600000000. 0.0       
   118 16000000.0 3.38398E-5    130 45000000.0 1.29189E-4    142 180000000. 0.0           154 640000000. 0.0       
   119 17000000.0 3.24527E-4    131 50000000.0 9.95998E-5    143 200000000. 0.0           155 680000000. 0.0       
   120 18000000.0 .001037962    132 54000000.0 8.75881E-5    144 240000000. 0.0           156 720000000. 0.0       
   121 19000000.0 .001612971    133 55000000.0 7.65209E-5    145 280000000. 0.0           157 760000000. 0.0       
   122 20000000.0 .001739379    134 60000000.0 5.69304E-5    146 320000000. 0.0           158 800000000. 0.0       
   123 22000000.0 .002939044    135 70000000.0 4.02122E-5    147 360000000. 0.0           159 840000000. 0.0       
   124 24000000.0 .001370063    136 80000000.0 2.99006E-5    148 400000000. 0.0           160 880000000. 0.0       
   125 26000000.0 7.33390E-4    137 90000000.0 2.58615E-5    149 440000000. 0.0           161 920000000. 0.0       
   126 28000000.0 5.30627E-4    138 100000000. 2.58495E-5    150 480000000. 0.0           162 960000000. 0.0       
   127 30000000.0 3.66637E-4    139 120000000. 2.58351E-5    151 520000000. 0.0           163 1.00000E+9
   128 35000000.0 2.46219E-4    140 140000000. 0.0           152 560000000. 0.0       
 
                                                     MT=  5
 MAT  325                         0.0        Kelvin Unshielded Cross Sections                           3-Li-6  

   No.  Group-eV   Average      No.  Group-eV   Average      No.  Group-eV   Average      No.  Group-eV   Average

   117 15000000.0 8.23706E-9    129 40000000.0 1.81407E-4    141 160000000. 0.0           153 600000000. 0.0       
   118 16000000.0 3.38435E-5    130 45000000.0 1.29185E-4    142 180000000. 0.0           154 640000000. 0.0       
   119 17000000.0 3.24543E-4    131 50000000.0 9.95912E-5    143 200000000. 0.0           155 680000000. 0.0       
   120 18000000.0 .001037976    132 54000000.0 8.75782E-5    144 240000000. 0.0           156 720000000. 0.0       
   121 19000000.0 .001612971    133 55000000.0 7.65103E-5    145 280000000. 0.0           157 760000000. 0.0       
   122 20000000.0 .001739466    134 60000000.0 5.69162E-5    146 320000000. 0.0           158 800000000. 0.0       
   123 22000000.0 .002939057    135 70000000.0 4.01963E-5    147 360000000. 0.0           159 840000000. 0.0       
   124 24000000.0 .001370116    136 80000000.0 2.98854E-5    148 400000000. 0.0           160 880000000. 0.0       
   125 26000000.0 7.33452E-4    137 90000000.0 2.58487E-5    149 440000000. 0.0           161 920000000. 0.0       
   126 28000000.0 5.30661E-4    138 100000000. 2.58381E-5    150 480000000. 0.0           162 960000000. 0.0       
   127 30000000.0 3.66648E-4    139 120000000. 2.58263E-5    151 520000000. 0.0           163 1.00000E+9
   128 35000000.0 2.46220E-4    140 140000000. 0.0           152 560000000. 0.0       
 
                                                     MT=  5
 MAT  325                         0.0        Kelvin Unshielded Cross Sections                           3-Li-6  

   No.  Group-eV   Average      No.  Group-eV   Average      No.  Group-eV   Average      No.  Group-eV   Average

    58 1000000.00 6.6457E-13     85 4600000.00 9.29888E-5    112 10000000.0 3.83662E-4    139 120000000. 2.42691E-6
    59 1125000.00 2.0217E-12     86 4800000.00 1.10119E-4    113 11000000.0 3.52307E-4    140 140000000. 0.0       
    60 1250000.00 3.3786E-12     87 5000000.00 1.30173E-4    114 12000000.0 3.12386E-4    141 160000000. 0.0       
    61 1375000.00 4.7353E-12     88 5200000.00 1.53189E-4    115 13000000.0 2.69115E-4    142 180000000. 0.0       
    62 1500000.00 6.62593E-8     89 5400000.00 1.76142E-4    116 14000000.0 2.46691E-4    143 200000000. 0.0       
    63 1625000.00 2.00625E-7     90 5600000.00 1.98712E-4    117 15000000.0 2.50242E-4    144 240000000. 0.0       
    64 1750000.00 3.34981E-7     91 5800000.00 2.21218E-4    118 16000000.0 2.28628E-4    145 280000000. 0.0       
    65 1875000.00 4.69330E-7     92 6000000.00 2.43041E-4    119 17000000.0 1.92994E-4    146 320000000. 0.0       
    66 2000000.00 1.06812E-6     93 6200000.00 2.64175E-4    120 18000000.0 1.85054E-4    147 360000000. 0.0       
    67 2125000.00 2.14111E-6     94 6400000.00 2.85000E-4    121 19000000.0 1.77480E-4    148 400000000. 0.0       
    68 2250000.00 3.21407E-6     95 6600000.00 3.03958E-4    122 20000000.0 1.31059E-4    149 440000000. 0.0       
    69 2375000.00 4.28700E-6     96 6800000.00 3.22600E-4    123 22000000.0 8.95231E-5    150 480000000. 0.0       
    70 2500000.00 5.83405E-6     97 7000000.00 3.40583E-4    124 24000000.0 7.69925E-5    151 520000000. 0.0       
    71 2625000.00 7.86318E-6     98 7200000.00 3.57901E-4    125 26000000.0 7.37749E-5    152 560000000. 0.0       
    72 2750000.00 9.89227E-6     99 7400000.00 3.74690E-4    126 28000000.0 7.02551E-5    153 600000000. 0.0       
    73 2875000.00 1.19213E-5    100 7600000.00 3.88277E-4    127 30000000.0 5.83402E-5    154 640000000. 0.0       
    74 3000000.00 1.48525E-5    101 7800000.00 4.01327E-4    128 35000000.0 5.07602E-5    155 680000000. 0.0       
    75 3125000.00 1.86982E-5    102 8000000.00 4.11833E-4    129 40000000.0 4.34308E-5    156 720000000. 0.0       
    76 3250000.00 2.25439E-5    103 8200000.00 4.19775E-4    130 45000000.0 2.36095E-5    157 760000000. 0.0       
    77 3375000.00 2.63896E-5    104 8400000.00 4.26865E-4    131 50000000.0 1.47291E-5    158 800000000. 0.0       
    78 3500000.00 3.06507E-5    105 8600000.00 4.28808E-4    132 54000000.0 1.19096E-5    159 840000000. 0.0       
    79 3625000.00 3.53323E-5    106 8800000.00 4.29886E-4    133 55000000.0 9.76135E-6    160 880000000. 0.0       
    80 3750000.00 4.00138E-5    107 9000000.00 4.28240E-4    134 60000000.0 6.50118E-6    161 920000000. 0.0       
    81 3875000.00 4.46952E-5    108 9200000.00 4.23848E-4    135 70000000.0 4.17171E-6    162 960000000. 0.0       
    82 4000000.00 5.27759E-5    109 9400000.00 4.19064E-4    136 80000000.0 2.92567E-6    163 1.00000E+9
    83 4200000.00 6.43274E-5    110 9600000.00 4.11908E-4    137 90000000.0 2.46291E-6
    84 4400000.00 7.65658E-5    111 9800000.00 4.04355E-4    138 100000000. 2.44434E-6
 
                                                     MT=  5
 MAT  325                         0.0        Kelvin Unshielded Cross Sections                           3-Li-6  

   No.  Group-eV   Average      No.  Group-eV   Average      No.  Group-eV   Average      No.  Group-eV   Average

    84 4400000.00 8.63985E-7    104 8400000.00 2.09846E-4    124 24000000.0 3.05756E-4    144 240000000. 0.0       
    85 4600000.00 6.99036E-6    105 8600000.00 2.06437E-4    125 26000000.0 5.01678E-4    145 280000000. 0.0       
    86 4800000.00 1.40066E-5    106 8800000.00 2.03259E-4    126 28000000.0 5.26895E-4    146 320000000. 0.0       
    87 5000000.00 4.86543E-5    107 9000000.00 2.01350E-4    127 30000000.0 3.89957E-4    147 360000000. 0.0       
    88 5200000.00 1.11304E-4    108 9200000.00 2.00718E-4    128 35000000.0 2.81686E-4    148 400000000. 0.0       
    89 5400000.00 1.72037E-4    109 9400000.00 2.00733E-4    129 40000000.0 2.15149E-4    149 440000000. 0.0       
    90 5600000.00 2.21137E-4    110 9600000.00 2.04662E-4    130 45000000.0 5.97190E-5    150 480000000. 0.0       
    91 5800000.00 2.68274E-4    111 9800000.00 2.09248E-4    131 50000000.0 1.99420E-5    151 520000000. 0.0       
    92 6000000.00 2.92821E-4    112 10000000.0 2.24576E-4    132 54000000.0 1.60157E-5    152 560000000. 0.0       
    93 6200000.00 2.94524E-4    113 11000000.0 2.30915E-4    133 55000000.0 1.92730E-5    153 600000000. 0.0       
    94 6400000.00 2.95094E-4    114 12000000.0 2.27793E-4    134 60000000.0 3.40308E-5    154 640000000. 0.0       
    95 6600000.00 2.88788E-4    115 13000000.0 2.42559E-4    135 70000000.0 5.25503E-5    155 680000000. 0.0       
    96 6800000.00 2.81324E-4    116 14000000.0 3.18749E-4    136 80000000.0 6.39815E-5    156 720000000. 0.0       
    97 7000000.00 2.71236E-4    117 15000000.0 4.65648E-4    137 90000000.0 6.46442E-5    157 760000000. 0.0       
    98 7200000.00 2.58500E-4    118 16000000.0 6.55888E-4    138 100000000. 5.35800E-5    158 800000000. 0.0       
    99 7400000.00 2.46172E-4    119 17000000.0 7.99667E-4    139 120000000. 3.82091E-5    159 840000000. 0.0       
   100 7600000.00 2.36314E-4    120 18000000.0 7.62607E-4    140 140000000. 0.0           160 880000000. 0.0       
   101 7800000.00 2.26871E-4    121 19000000.0 5.94114E-4    141 160000000. 0.0           161 920000000. 0.0       
   102 8000000.00 2.19635E-4    122 20000000.0 4.25400E-4    142 180000000. 0.0           162 960000000. 0.0       
   103 8200000.00 2.14627E-4    123 22000000.0 3.43249E-4    143 200000000. 0.0           163 1.00000E+9
 
                                                     MT=  5
 MAT  325                         0.0        Kelvin Unshielded Cross Sections                           3-Li-6  

   No.  Group-eV   Average      No.  Group-eV   Average      No.  Group-eV   Average      No.  Group-eV   Average

   125 26000000.0 1.27331E-5    135 70000000.0 4.61800E-5    145 280000000. 0.0           155 680000000. 0.0       
   126 28000000.0 7.96793E-5    136 80000000.0 3.73482E-5    146 320000000. 0.0           156 720000000. 0.0       
   127 30000000.0 1.13557E-4    137 90000000.0 3.36713E-5    147 360000000. 0.0           157 760000000. 0.0       
   128 35000000.0 1.27698E-4    138 100000000. 3.36840E-5    148 400000000. 0.0           158 800000000. 0.0       
   129 40000000.0 1.21443E-4    139 120000000. 3.36785E-5    149 440000000. 0.0           159 840000000. 0.0       
   130 45000000.0 1.00985E-4    140 140000000. 0.0           150 480000000. 0.0           160 880000000. 0.0       
   131 50000000.0 8.56796E-5    141 160000000. 0.0           151 520000000. 0.0           161 920000000. 0.0       
   132 54000000.0 7.88030E-5    142 180000000. 0.0           152 560000000. 0.0           162 960000000. 0.0       
   133 55000000.0 7.20832E-5    143 200000000. 0.0           153 600000000. 0.0           163 1.00000E+9
   134 60000000.0 5.89305E-5    144 240000000. 0.0           154 640000000. 0.0       
 
                                                     MT=  5
 MAT  325                         0.0        Kelvin Unshielded Cross Sections                           3-Li-6  

   No.  Group-eV   Average      No.  Group-eV   Average      No.  Group-eV   Average      No.  Group-eV   Average

    89 5400000.00 1.03350E-5    108 9200000.00 .001406844    127 30000000.0 6.67615E-4    146 320000000. 0.0       
    90 5600000.00 8.34449E-5    109 9400000.00 .001443337    128 35000000.0 5.07168E-4    147 360000000. 0.0       
    91 5800000.00 1.67143E-4    110 9600000.00 .001475805    129 40000000.0 3.99306E-4    148 400000000. 0.0       
    92 6000000.00 2.70889E-4    111 9800000.00 .001507598    130 45000000.0 2.26439E-4    149 440000000. 0.0       
    93 6200000.00 3.94909E-4    112 10000000.0 .001614178    131 50000000.0 1.47460E-4    150 480000000. 0.0       
    94 6400000.00 5.13245E-4    113 11000000.0 .001772909    132 54000000.0 1.21904E-4    151 520000000. 0.0       
    95 6600000.00 5.97135E-4    114 12000000.0 .001739818    133 55000000.0 1.01393E-4    152 560000000. 0.0       
    96 6800000.00 6.75225E-4    115 13000000.0 .001562363    134 60000000.0 6.90387E-5    153 600000000. 0.0       
    97 7000000.00 7.55445E-4    116 14000000.0 .001437963    135 70000000.0 4.51373E-5    154 640000000. 0.0       
    98 7200000.00 8.37816E-4    117 15000000.0 .001437713    136 80000000.0 3.20123E-5    155 680000000. 0.0       
    99 7400000.00 9.19011E-4    118 16000000.0 .001308187    137 90000000.0 2.71346E-5    156 720000000. 0.0       
   100 7600000.00 9.93082E-4    119 17000000.0 .001107812    138 100000000. 2.71149E-5    157 760000000. 0.0       
   101 7800000.00 .001065955    120 18000000.0 .001035704    139 120000000. 2.70933E-5    158 800000000. 0.0       
   102 8000000.00 .001130654    121 19000000.0 9.91961E-4    140 140000000. 0.0           159 840000000. 0.0       
   103 8200000.00 .001187109    122 20000000.0 8.55741E-4    141 160000000. 0.0           160 880000000. 0.0       
   104 8400000.00 .001241896    123 22000000.0 8.33990E-4    142 180000000. 0.0           161 920000000. 0.0       
   105 8600000.00 .001286592    124 24000000.0 7.78666E-4    143 200000000. 0.0           162 960000000. 0.0       
   106 8800000.00 .001329594    125 26000000.0 8.09544E-4    144 240000000. 0.0           163 1.00000E+9
   107 9000000.00 .001369685    126 28000000.0 8.10560E-4    145 280000000. 0.0       
 
