                                                     MT=  5
 MAT 7437                         0.0        Kelvin Unshielded Cross Sections                          74-W -184

   No.  Group-eV   Average      No.  Group-eV   Average      No.  Group-eV   Average      No.  Group-eV   Average

    66 2000000.00 1.40585E-4     91 5800000.00 .004760651    116 14000000.0 .378640791    141 160000000. .009835124
    67 2125000.00 1.72384E-4     92 6000000.00 .005401284    117 15000000.0 .365934902    142 180000000. .008505931
    68 2250000.00 2.04181E-4     93 6200000.00 .006206022    118 16000000.0 .280071982    143 200000000. 0.0       
    69 2375000.00 2.37156E-4     94 6400000.00 .007044406    119 17000000.0 .193218516    144 240000000. 0.0       
    70 2500000.00 2.81212E-4     95 6600000.00 .008041066    120 18000000.0 .138547471    145 280000000. 0.0       
    71 2625000.00 3.28008E-4     96 6800000.00 .009075635    121 19000000.0 .105719566    146 320000000. 0.0       
    72 2750000.00 3.74804E-4     97 7000000.00 .010360441    122 20000000.0 .078231932    147 360000000. 0.0       
    73 2875000.00 4.27191E-4     98 7200000.00 .011748597    123 22000000.0 .057752184    148 400000000. 0.0       
    74 3000000.00 4.91279E-4     99 7400000.00 .013361954    124 24000000.0 .046590340    149 440000000. 0.0       
    75 3125000.00 5.55725E-4    100 7600000.00 .015202549    125 26000000.0 .039769122    150 480000000. 0.0       
    76 3250000.00 6.20806E-4    101 7800000.00 .017226112    126 28000000.0 .035287754    151 520000000. 0.0       
    77 3375000.00 7.07132E-4    102 8000000.00 .019700766    127 30000000.0 .030663729    152 560000000. 0.0       
    78 3500000.00 8.03886E-4    103 8200000.00 .022303924    128 35000000.0 .026873284    153 600000000. 0.0       
    79 3625000.00 9.00639E-4    104 8400000.00 .025559346    129 40000000.0 .024851022    154 640000000. 0.0       
    80 3750000.00 .001001603    105 8600000.00 .028966710    130 45000000.0 .023626235    155 680000000. 0.0       
    81 3875000.00 .001120072    106 8800000.00 .033313369    131 50000000.0 .022854477    156 720000000. 0.0       
    82 4000000.00 .001276091    107 9000000.00 .038047208    132 54000000.0 .022526139    157 760000000. 0.0       
    83 4200000.00 .001493001    108 9200000.00 .043770369    133 55000000.0 .022140415    158 800000000. 0.0       
    84 4400000.00 .001770200    109 9400000.00 .050490045    134 60000000.0 .021176803    159 840000000. 0.0       
    85 4600000.00 .002057099    110 9600000.00 .057936062    135 70000000.0 .019901408    160 880000000. 0.0       
    86 4800000.00 .002386129    111 9800000.00 .067169939    136 80000000.0 .018655510    161 920000000. 0.0       
    87 5000000.00 .002726886    112 10000000.0 .106455663    137 90000000.0 .017409956    162 960000000. 0.0       
    88 5200000.00 .003170405    113 11000000.0 .220024245    138 100000000. .015636518    163 1.00000E+9
    89 5400000.00 .003656505    114 12000000.0 .354276234    139 120000000. .013332707
    90 5600000.00 .004186412    115 13000000.0 .381593272    140 140000000. .011415567
 
                                                     MT=201
 MAT 7437                         0.0        Kelvin Unshielded Cross Sections                          74-W -184

   No.  Group-eV   Average      No.  Group-eV   Average      No.  Group-eV   Average      No.  Group-eV   Average

    99 7400000.00 .003104915    116 14000000.0 .418316710    133 55000000.0 .103127258    150 480000000. 0.0       
   100 7600000.00 .010088569    117 15000000.0 .501783010    134 60000000.0 .112015039    151 520000000. 0.0       
   101 7800000.00 .015864171    118 16000000.0 .454391083    135 70000000.0 .117102251    152 560000000. 0.0       
   102 8000000.00 .018634716    119 17000000.0 .347707981    136 80000000.0 .114919392    153 600000000. 0.0       
   103 8200000.00 .021357228    120 18000000.0 .263076441    137 90000000.0 .112737137    154 640000000. 0.0       
   104 8400000.00 .024622397    121 19000000.0 .205705348    138 100000000. .106333433    155 680000000. 0.0       
   105 8600000.00 .028019881    122 20000000.0 .154101082    139 120000000. .095409787    156 720000000. 0.0       
   106 8800000.00 .032329791    123 22000000.0 .116494835    140 140000000. .084866326    157 760000000. 0.0       
   107 9000000.00 .037015807    124 24000000.0 .107438691    141 160000000. .075793162    158 800000000. 0.0       
   108 9200000.00 .042675821    125 26000000.0 .104888789    142 180000000. .068374797    159 840000000. 0.0       
   109 9400000.00 .049316916    126 28000000.0 .098789704    143 200000000. 0.0           160 880000000. 0.0       
   110 9600000.00 .056679814    127 30000000.0 .092587399    144 240000000. 0.0           161 920000000. 0.0       
   111 9800000.00 .065819399    128 35000000.0 .093310503    145 280000000. 0.0           162 960000000. 0.0       
   112 10000000.0 .104879611    129 40000000.0 .090995779    146 320000000. 0.0           163 1.00000E+9
   113 11000000.0 .218589661    130 45000000.0 .092895214    147 360000000. 0.0       
   114 12000000.0 .353362789    131 50000000.0 .096541184    148 400000000. 0.0       
   115 13000000.0 .381994423    132 54000000.0 .099569575    149 440000000. 0.0       
 
                                                     MT=203
 MAT 7437                         0.0        Kelvin Unshielded Cross Sections                          74-W -184

   No.  Group-eV   Average      No.  Group-eV   Average      No.  Group-eV   Average      No.  Group-eV   Average

   113 11000000.0 2.8088E-11    126 28000000.0 3.20012E-4    139 120000000. .015711626    152 560000000. 0.0       
   114 12000000.0 4.04732E-9    127 30000000.0 5.54551E-4    140 140000000. .015845799    153 600000000. 0.0       
   115 13000000.0 1.82072E-8    128 35000000.0 .001004198    141 160000000. .015339937    154 640000000. 0.0       
   116 14000000.0 7.28624E-8    129 40000000.0 .001574634    142 180000000. .014788705    155 680000000. 0.0       
   117 15000000.0 3.45032E-7    130 45000000.0 .002258544    143 200000000. 0.0           156 720000000. 0.0       
   118 16000000.0 1.28718E-6    131 50000000.0 .003102528    144 240000000. 0.0           157 760000000. 0.0       
   119 17000000.0 3.58653E-6    132 54000000.0 .003710176    145 280000000. 0.0           158 800000000. 0.0       
   120 18000000.0 8.07907E-6    133 55000000.0 .004424027    146 320000000. 0.0           159 840000000. 0.0       
   121 19000000.0 1.55782E-5    134 60000000.0 .006207365    147 360000000. 0.0           160 880000000. 0.0       
   122 20000000.0 3.42174E-5    135 70000000.0 .008446459    148 400000000. 0.0           161 920000000. 0.0       
   123 22000000.0 7.39572E-5    136 80000000.0 .010503867    149 440000000. 0.0           162 960000000. 0.0       
   124 24000000.0 1.34215E-4    137 90000000.0 .012560706    150 480000000. 0.0           163 1.00000E+9
   125 26000000.0 2.16492E-4    138 100000000. .014351972    151 520000000. 0.0       
 
                                                     MT=204
 MAT 7437                         0.0        Kelvin Unshielded Cross Sections                          74-W -184

   No.  Group-eV   Average      No.  Group-eV   Average      No.  Group-eV   Average      No.  Group-eV   Average

   119 17000000.0 9.8871E-11    131 50000000.0 1.73889E-4    143 200000000. 0.0           155 680000000. 0.0       
   120 18000000.0 4.95654E-9    132 54000000.0 1.77056E-4    144 240000000. 0.0           156 720000000. 0.0       
   121 19000000.0 4.50694E-8    133 55000000.0 1.80778E-4    145 280000000. 0.0           157 760000000. 0.0       
   122 20000000.0 6.42074E-7    134 60000000.0 1.90074E-4    146 320000000. 0.0           158 800000000. 0.0       
   123 22000000.0 4.53954E-6    135 70000000.0 1.97057E-4    147 360000000. 0.0           159 840000000. 0.0       
   124 24000000.0 1.50590E-5    136 80000000.0 1.98177E-4    148 400000000. 0.0           160 880000000. 0.0       
   125 26000000.0 3.25334E-5    137 90000000.0 1.99296E-4    149 440000000. 0.0           161 920000000. 0.0       
   126 28000000.0 5.43133E-5    138 100000000. 1.89072E-4    150 480000000. 0.0           162 960000000. 0.0       
   127 30000000.0 9.32781E-5    139 120000000. 1.66177E-4    151 520000000. 0.0           163 1.00000E+9
   128 35000000.0 1.38682E-4    140 140000000. 1.40357E-4    152 560000000. 0.0       
   129 40000000.0 1.62691E-4    141 160000000. 1.18552E-4    153 600000000. 0.0       
   130 45000000.0 1.70159E-4    142 180000000. 1.01305E-4    154 640000000. 0.0       
 
                                                     MT=205
 MAT 7437                         0.0        Kelvin Unshielded Cross Sections                          74-W -184

   No.  Group-eV   Average      No.  Group-eV   Average      No.  Group-eV   Average      No.  Group-eV   Average

   121 19000000.0 1.85933E-9    132 54000000.0 1.70003E-4    143 200000000. 0.0           154 640000000. 0.0       
   122 20000000.0 8.01877E-8    133 55000000.0 1.75900E-4    144 240000000. 0.0           155 680000000. 0.0       
   123 22000000.0 1.12922E-6    134 60000000.0 1.90630E-4    145 280000000. 0.0           156 720000000. 0.0       
   124 24000000.0 5.54937E-6    135 70000000.0 1.97828E-4    146 320000000. 0.0           157 760000000. 0.0       
   125 26000000.0 1.50725E-5    136 80000000.0 1.91685E-4    147 360000000. 0.0           158 800000000. 0.0       
   126 28000000.0 2.91562E-5    137 90000000.0 1.85543E-4    148 400000000. 0.0           159 840000000. 0.0       
   127 30000000.0 5.95363E-5    138 100000000. 1.70978E-4    149 440000000. 0.0           160 880000000. 0.0       
   128 35000000.0 1.03356E-4    139 120000000. 1.47399E-4    150 480000000. 0.0           161 920000000. 0.0       
   129 40000000.0 1.35675E-4    140 140000000. 1.24959E-4    151 520000000. 0.0           162 960000000. 0.0       
   130 45000000.0 1.54240E-4    141 160000000. 1.06575E-4    152 560000000. 0.0           163 1.00000E+9
   131 50000000.0 1.64984E-4    142 180000000. 9.16913E-5    153 600000000. 0.0       
 
                                                     MT=206
 MAT 7437                         0.0        Kelvin Unshielded Cross Sections                          74-W -184

   No.  Group-eV   Average      No.  Group-eV   Average      No.  Group-eV   Average      No.  Group-eV   Average

   125 26000000.0 7.2006E-11    135 70000000.0 1.70253E-5    145 280000000. 0.0           155 680000000. 0.0       
   126 28000000.0 4.85591E-9    136 80000000.0 1.61082E-5    146 320000000. 0.0           156 720000000. 0.0       
   127 30000000.0 1.79824E-7    137 90000000.0 1.51914E-5    147 360000000. 0.0           157 760000000. 0.0       
   128 35000000.0 1.91021E-6    138 100000000. 1.37815E-5    148 400000000. 0.0           158 800000000. 0.0       
   129 40000000.0 5.91361E-6    139 120000000. 1.18815E-5    149 440000000. 0.0           159 840000000. 0.0       
   130 45000000.0 1.01141E-5    140 140000000. 1.03517E-5    150 480000000. 0.0           160 880000000. 0.0       
   131 50000000.0 1.25715E-5    141 160000000. 9.14721E-6    151 520000000. 0.0           161 920000000. 0.0       
   132 54000000.0 1.32578E-5    142 180000000. 8.07049E-6    152 560000000. 0.0           162 960000000. 0.0       
   133 55000000.0 1.40642E-5    143 200000000. 0.0           153 600000000. 0.0           163 1.00000E+9
   134 60000000.0 1.60786E-5    144 240000000. 0.0           154 640000000. 0.0       
 
                                                     MT=  5
 MAT 7437                         0.0        Kelvin Unshielded Cross Sections                          74-W -184

   No.  Group-eV   Average      No.  Group-eV   Average      No.  Group-eV   Average      No.  Group-eV   Average

    99 7400000.00 .003395777    116 14000000.0 .418316431    133 55000000.0 .103127379    150 480000000. 0.0       
   100 7600000.00 .010218046    117 15000000.0 .501782554    134 60000000.0 .112015373    151 520000000. 0.0       
   101 7800000.00 .015869543    118 16000000.0 .454391280    135 70000000.0 .117102702    152 560000000. 0.0       
   102 8000000.00 .018634696    119 17000000.0 .347708189    136 80000000.0 .114919780    153 600000000. 0.0       
   103 8200000.00 .021357252    120 18000000.0 .263076944    137 90000000.0 .112737461    154 640000000. 0.0       
   104 8400000.00 .024622443    121 19000000.0 .205705809    138 100000000. .106333599    155 680000000. 0.0       
   105 8600000.00 .028019943    122 20000000.0 .154101037    139 120000000. .095409702    156 720000000. 0.0       
   106 8800000.00 .032329838    123 22000000.0 .116494741    140 140000000. .084866083    157 760000000. 0.0       
   107 9000000.00 .037015825    124 24000000.0 .107438819    141 160000000. .075793043    158 800000000. 0.0       
   108 9200000.00 .042675815    125 26000000.0 .104888801    142 180000000. .068374796    159 840000000. 0.0       
   109 9400000.00 .049316889    126 28000000.0 .098789812    143 200000000. 0.0           160 880000000. 0.0       
   110 9600000.00 .056679779    127 30000000.0 .092587383    144 240000000. 0.0           161 920000000. 0.0       
   111 9800000.00 .065819388    128 35000000.0 .093310482    145 280000000. 0.0           162 960000000. 0.0       
   112 10000000.0 .104879570    129 40000000.0 .090995836    146 320000000. 0.0           163 1.00000E+9
   113 11000000.0 .218590122    130 45000000.0 .092895201    147 360000000. 0.0       
   114 12000000.0 .353362770    131 50000000.0 .096541148    148 400000000. 0.0       
   115 13000000.0 .381994678    132 54000000.0 .099569612    149 440000000. 0.0       
 
                                                     MT=  5
 MAT 7437                         0.0        Kelvin Unshielded Cross Sections                          74-W -184

   No.  Group-eV   Average      No.  Group-eV   Average      No.  Group-eV   Average      No.  Group-eV   Average

   113 11000000.0 2.6094E-10    126 28000000.0 3.20012E-4    139 120000000. .015711640    152 560000000. 0.0       
   114 12000000.0 4.15425E-9    127 30000000.0 5.54551E-4    140 140000000. .015845761    153 600000000. 0.0       
   115 13000000.0 1.82072E-8    128 35000000.0 .001004196    141 160000000. .015339949    154 640000000. 0.0       
   116 14000000.0 7.28623E-8    129 40000000.0 .001574634    142 180000000. .014788757    155 680000000. 0.0       
   117 15000000.0 3.45032E-7    130 45000000.0 .002258540    143 200000000. 0.0           156 720000000. 0.0       
   118 16000000.0 1.28718E-6    131 50000000.0 .003102522    144 240000000. 0.0           157 760000000. 0.0       
   119 17000000.0 3.58653E-6    132 54000000.0 .003710172    145 280000000. 0.0           158 800000000. 0.0       
   120 18000000.0 8.07909E-6    133 55000000.0 .004424024    146 320000000. 0.0           159 840000000. 0.0       
   121 19000000.0 1.55782E-5    134 60000000.0 .006207367    147 360000000. 0.0           160 880000000. 0.0       
   122 20000000.0 3.42174E-5    135 70000000.0 .008446472    148 400000000. 0.0           161 920000000. 0.0       
   123 22000000.0 7.39570E-5    136 80000000.0 .010503894    149 440000000. 0.0           162 960000000. 0.0       
   124 24000000.0 1.34215E-4    137 90000000.0 .012560749    150 480000000. 0.0           163 1.00000E+9
   125 26000000.0 2.16492E-4    138 100000000. .014352012    151 520000000. 0.0       
 
                                                     MT=  5
 MAT 7437                         0.0        Kelvin Unshielded Cross Sections                          74-W -184

   No.  Group-eV   Average      No.  Group-eV   Average      No.  Group-eV   Average      No.  Group-eV   Average

   119 17000000.0 2.3381E-10    131 50000000.0 1.73888E-4    143 200000000. 0.0           155 680000000. 0.0       
   120 18000000.0 4.97188E-9    132 54000000.0 1.77056E-4    144 240000000. 0.0           156 720000000. 0.0       
   121 19000000.0 4.50695E-8    133 55000000.0 1.80778E-4    145 280000000. 0.0           157 760000000. 0.0       
   122 20000000.0 6.42073E-7    134 60000000.0 1.90074E-4    146 320000000. 0.0           158 800000000. 0.0       
   123 22000000.0 4.53954E-6    135 70000000.0 1.97057E-4    147 360000000. 0.0           159 840000000. 0.0       
   124 24000000.0 1.50590E-5    136 80000000.0 1.98177E-4    148 400000000. 0.0           160 880000000. 0.0       
   125 26000000.0 3.25334E-5    137 90000000.0 1.99296E-4    149 440000000. 0.0           161 920000000. 0.0       
   126 28000000.0 5.43133E-5    138 100000000. 1.89072E-4    150 480000000. 0.0           162 960000000. 0.0       
   127 30000000.0 9.32782E-5    139 120000000. 1.66176E-4    151 520000000. 0.0           163 1.00000E+9
   128 35000000.0 1.38682E-4    140 140000000. 1.40357E-4    152 560000000. 0.0       
   129 40000000.0 1.62691E-4    141 160000000. 1.18552E-4    153 600000000. 0.0       
   130 45000000.0 1.70159E-4    142 180000000. 1.01305E-4    154 640000000. 0.0       
 
                                                     MT=  5
 MAT 7437                         0.0        Kelvin Unshielded Cross Sections                          74-W -184

   No.  Group-eV   Average      No.  Group-eV   Average      No.  Group-eV   Average      No.  Group-eV   Average

   120 18000000.0 5.2989E-11    131 50000000.0 1.64985E-4    142 180000000. 9.16911E-5    153 600000000. 0.0       
   121 19000000.0 1.98606E-9    132 54000000.0 1.70004E-4    143 200000000. 0.0           154 640000000. 0.0       
   122 20000000.0 8.01878E-8    133 55000000.0 1.75900E-4    144 240000000. 0.0           155 680000000. 0.0       
   123 22000000.0 1.12922E-6    134 60000000.0 1.90631E-4    145 280000000. 0.0           156 720000000. 0.0       
   124 24000000.0 5.54937E-6    135 70000000.0 1.97829E-4    146 320000000. 0.0           157 760000000. 0.0       
   125 26000000.0 1.50725E-5    136 80000000.0 1.91685E-4    147 360000000. 0.0           158 800000000. 0.0       
   126 28000000.0 2.91563E-5    137 90000000.0 1.85542E-4    148 400000000. 0.0           159 840000000. 0.0       
   127 30000000.0 5.95363E-5    138 100000000. 1.70978E-4    149 440000000. 0.0           160 880000000. 0.0       
   128 35000000.0 1.03356E-4    139 120000000. 1.47398E-4    150 480000000. 0.0           161 920000000. 0.0       
   129 40000000.0 1.35675E-4    140 140000000. 1.24959E-4    151 520000000. 0.0           162 960000000. 0.0       
   130 45000000.0 1.54240E-4    141 160000000. 1.06575E-4    152 560000000. 0.0           163 1.00000E+9
 
                                                     MT=  5
 MAT 7437                         0.0        Kelvin Unshielded Cross Sections                          74-W -184

   No.  Group-eV   Average      No.  Group-eV   Average      No.  Group-eV   Average      No.  Group-eV   Average

   127 30000000.0 1.62513E-7    137 90000000.0 1.51914E-5    147 360000000. 0.0           157 760000000. 0.0       
   128 35000000.0 1.91021E-6    138 100000000. 1.37815E-5    148 400000000. 0.0           158 800000000. 0.0       
   129 40000000.0 5.91362E-6    139 120000000. 1.18814E-5    149 440000000. 0.0           159 840000000. 0.0       
   130 45000000.0 1.01141E-5    140 140000000. 1.03517E-5    150 480000000. 0.0           160 880000000. 0.0       
   131 50000000.0 1.25715E-5    141 160000000. 9.14722E-6    151 520000000. 0.0           161 920000000. 0.0       
   132 54000000.0 1.32579E-5    142 180000000. 8.07049E-6    152 560000000. 0.0           162 960000000. 0.0       
   133 55000000.0 1.40642E-5    143 200000000. 0.0           153 600000000. 0.0           163 1.00000E+9
   134 60000000.0 1.60786E-5    144 240000000. 0.0           154 640000000. 0.0       
   135 70000000.0 1.70254E-5    145 280000000. 0.0           155 680000000. 0.0       
   136 80000000.0 1.61083E-5    146 320000000. 0.0           156 720000000. 0.0       
 
                                                     MT=  5
 MAT 7437                         0.0        Kelvin Unshielded Cross Sections                          74-W -184

   No.  Group-eV   Average      No.  Group-eV   Average      No.  Group-eV   Average      No.  Group-eV   Average

    92 6000000.00 1.4941E-10    110 9600000.00 1.22832E-7    128 35000000.0 2.80362E-4    146 320000000. 0.0       
    93 6200000.00 6.6813E-10    111 9800000.00 1.91124E-7    129 40000000.0 3.77221E-4    147 360000000. 0.0       
    94 6400000.00 1.31308E-9    112 10000000.0 3.87822E-7    130 45000000.0 4.68339E-4    148 400000000. 0.0       
    95 6600000.00 2.62046E-9    113 11000000.0 6.94863E-7    131 50000000.0 5.53346E-4    149 440000000. 0.0       
    96 6800000.00 4.02064E-9    114 12000000.0 1.22501E-6    132 54000000.0 6.05120E-4    150 480000000. 0.0       
    97 7000000.00 5.00471E-9    115 13000000.0 1.80528E-6    133 55000000.0 6.65943E-4    151 520000000. 0.0       
    98 7200000.00 5.81691E-9    116 14000000.0 2.75585E-6    134 60000000.0 8.17890E-4    152 560000000. 0.0       
    99 7400000.00 5.10489E-9    117 15000000.0 4.44590E-6    135 70000000.0 9.31614E-4    153 600000000. 0.0       
   100 7600000.00 2.85486E-9    118 16000000.0 6.04750E-6    136 80000000.0 9.49088E-4    154 640000000. 0.0       
   101 7800000.00 1.46474E-9    119 17000000.0 7.71048E-6    137 90000000.0 9.66557E-4    155 680000000. 0.0       
   102 8000000.00 2.19458E-9    120 18000000.0 1.01651E-5    138 100000000. 9.05195E-4    156 720000000. 0.0       
   103 8200000.00 3.85861E-9    121 19000000.0 1.38284E-5    139 120000000. 7.75913E-4    157 760000000. 0.0       
   104 8400000.00 1.05856E-8    122 20000000.0 2.22607E-5    140 140000000. 7.38814E-4    158 800000000. 0.0       
   105 8600000.00 1.83054E-8    123 22000000.0 3.88340E-5    141 160000000. 6.63975E-4    159 840000000. 0.0       
   106 8800000.00 2.91803E-8    124 24000000.0 6.16336E-5    142 180000000. 5.50436E-4    160 880000000. 0.0       
   107 9000000.00 4.13558E-8    125 26000000.0 8.96324E-5    143 200000000. 0.0           161 920000000. 0.0       
   108 9200000.00 6.00116E-8    126 28000000.0 1.21274E-4    144 240000000. 0.0           162 960000000. 0.0       
   109 9400000.00 8.51948E-8    127 30000000.0 1.82945E-4    145 280000000. 0.0           163 1.00000E+9
 
                                                     MT=  5
 MAT 7437                         0.0        Kelvin Unshielded Cross Sections                          74-W -184

   No.  Group-eV   Average      No.  Group-eV   Average      No.  Group-eV   Average      No.  Group-eV   Average

   162 960000000. 0.0           163 1.00000E+9
 
