 Create New Section Index (DICTIN 2019-1)
 ------------------------------------------------------------
 ENDF/B Input and Output Data Filenames
 ------------------------------------------------------------
 DICTIN.IN                                                               
 DICTIN.OUT                                                              
 ------------------------------------------------------------
 First Pass. Reading ENDF/B Data
 ------------------------------------------------------------
  MAT   Messages
 ------------------------------------------------------------
 9222
 ------------------------------------------------------------
 Second Pass. Creating New Index
 ------------------------------------------------------------
 ENDF/B  MAT MF  MT  Lines  Mod
 Format
 ------------------------------------------------------------
  VI    9222  1 451     94    1
        9222  1 452     33    1
        9222  1 455      7    1
        9222  1 456     33    1
        9222  3   3     33    1
        9222  3   5     33    1
        9222  3  18     33    1
        9222 10   5   8289    1
 ------------------------------------------------------------
 Original Line Count   8570
 Final Line Count      8569
 ------------------------------------------------------------
 ===============================================================================
 DICTIN   Total Execution Time                0.03 Seconds
 ===============================================================================
