 Create New Section Index (DICTIN 2019-1)
 ------------------------------------------------------------
 ENDF/B Input and Output Data Filenames
 ------------------------------------------------------------
 DICTIN.IN                                                               
 DICTIN.OUT                                                              
 ------------------------------------------------------------
 First Pass. Reading ENDF/B Data
 ------------------------------------------------------------
  MAT   Messages
 ------------------------------------------------------------
 9346
 ------------------------------------------------------------
 Second Pass. Creating New Index
 ------------------------------------------------------------
 ENDF/B  MAT MF  MT  Lines  Mod
 Format
 ------------------------------------------------------------
  VI    9346  1 451     95    1
        9346  1 452     33    1
        9346  1 455     12    1
        9346  1 456     33    1
        9346  3   3     33    1
        9346  3   5     33    1
        9346  3  18     33    1
        9346 10   5   8097    1
 ------------------------------------------------------------
 Original Line Count   8384
 Final Line Count      8383
 ------------------------------------------------------------
 ===============================================================================
 DICTIN   Total Execution Time                0.03 Seconds
 ===============================================================================
