 Create New Section Index (DICTIN 2019-1)
 ------------------------------------------------------------
 ENDF/B Input and Output Data Filenames
 ------------------------------------------------------------
 DICTIN.IN                                                               
 DICTIN.OUT                                                              
 ------------------------------------------------------------
 First Pass. Reading ENDF/B Data
 ------------------------------------------------------------
  MAT   Messages
 ------------------------------------------------------------
 6249
 ------------------------------------------------------------
 Second Pass. Creating New Index
 ------------------------------------------------------------
 ENDF/B  MAT MF  MT  Lines  Mod
 Format
 ------------------------------------------------------------
  VI    6249  1 451     67    1
        6249  3   5     33    1
        6249 10   5  11073    1
 ------------------------------------------------------------
 Original Line Count  11181
 Final Line Count     11182
 ------------------------------------------------------------
 ===============================================================================
 DICTIN   Total Execution Time                0.04 Seconds
 ===============================================================================
