 Create New Section Index (DICTIN 2019-1)
 ------------------------------------------------------------
 ENDF/B Input and Output Data Filenames
 ------------------------------------------------------------
 DICTIN.IN                                                               
 DICTIN.OUT                                                              
 ------------------------------------------------------------
 First Pass. Reading ENDF/B Data
 ------------------------------------------------------------
  MAT   Messages
 ------------------------------------------------------------
 2725
 ------------------------------------------------------------
 Second Pass. Creating New Index
 ------------------------------------------------------------
 ENDF/B  MAT MF  MT  Lines  Mod
 Format
 ------------------------------------------------------------
  VI    2725  1 451    568    1
        2725  3   1     86    1
        2725  3   4     61    1
        2725  3   5     82    1
        2725  3  11     15    1
        2725  3  16     24    1
        2725  3  17     13    1
        2725  3  22     28    1
        2725  3  28     27    1
        2725  3  32     20    1
        2725  3  33     15    1
        2725  3  34     16    1
        2725  3  41     18    1
        2725  3  42     11    1
        2725  3  44     15    1
        2725  3  50     61    1
        2725  3  51     61    1
        2725  3  52     60    1
        2725  3  53     59    1
        2725  3  54     57    1
        2725  3  55     57    1
        2725  3  56     56    1
        2725  3  57     52    1
        2725  3  58     51    1
        2725  3  59     50    1
        2725  3  60     49    1
        2725  3  61     49    1
        2725  3  62     48    1
        2725  3  63     47    1
        2725  3  64     46    1
        2725  3  65     44    1
        2725  3  66     44    1
        2725  3  67     44    1
        2725  3  68     43    1
        2725  3  69     43    1
        2725  3  70     43    1
        2725  3  71     42    1
        2725  3  72     42    1
        2725  3  73     42    1
        2725  3  74     41    1
        2725  3  75     41    1
        2725  3  76     40    1
        2725  3  77     40    1
        2725  3  78     40    1
        2725  3  79     39    1
        2725  3  80     39    1
        2725  3  81     39    1
        2725  3  82     38    1
        2725  3  83     38    1
        2725  3  84     38    1
        2725  3  85     37    1
        2725  3  86     37    1
        2725  3  87     36    1
        2725  3  88     36    1
        2725  3  89     35    1
        2725  3  91     36    1
        2725  3 102     86    1
        2725  3 104     31    1
        2725  3 105     29    1
        2725  3 106     22    1
        2725  3 111     24    1
        2725  3 112     31    1
        2725  3 115     18    1
        2725  3 116     17    1
        2725  3 600     82    1
        2725  3 601     80    1
        2725  3 602     77    1
        2725  3 603     73    1
        2725  3 604     72    1
        2725  3 605     71    1
        2725  3 606     65    1
        2725  3 607     63    1
        2725  3 608     63    1
        2725  3 609     62    1
        2725  3 610     62    1
        2725  3 611     61    1
        2725  3 612     60    1
        2725  3 613     59    1
        2725  3 614     59    1
        2725  3 615     58    1
        2725  3 616     58    1
        2725  3 617     57    1
        2725  3 618     56    1
        2725  3 619     56    1
        2725  3 620     55    1
        2725  3 621     55    1
        2725  3 622     54    1
        2725  3 623     54    1
        2725  3 624     54    1
        2725  3 625     53    1
        2725  3 626     53    1
        2725  3 627     52    1
        2725  3 628     52    1
        2725  3 629     51    1
        2725  3 630     51    1
        2725  3 631     50    1
        2725  3 632     49    1
        2725  3 633     48    1
        2725  3 634     48    1
        2725  3 635     47    1
        2725  3 636     47    1
        2725  3 637     46    1
        2725  3 638     46    1
        2725  3 639     45    1
        2725  3 649     45    1
        2725  3 800     84    1
        2725  3 801     83    1
        2725  3 802     81    1
        2725  3 803     80    1
        2725  3 804     80    1
        2725  3 805     79    1
        2725  3 806     79    1
        2725  3 807     78    1
        2725  3 808     77    1
        2725  3 809     76    1
        2725  3 810     76    1
        2725  3 811     76    1
        2725  3 812     75    1
        2725  3 813     75    1
        2725  3 814     74    1
        2725  3 815     74    1
        2725  3 816     74    1
        2725  3 817     73    1
        2725  3 818     73    1
        2725  3 819     72    1
        2725  3 820     71    1
        2725  3 821     71    1
        2725  3 822     70    1
        2725  3 823     70    1
        2725  3 824     70    1
        2725  3 825     69    1
        2725  3 826     69    1
        2725  3 827     68    1
        2725  3 828     68    1
        2725  3 829     68    1
        2725  3 830     67    1
        2725  3 831     67    1
        2725  3 832     67    1
        2725  3 833     66    1
        2725  3 834     66    1
        2725  3 835     66    1
        2725  3 836     65    1
        2725  3 837     65    1
        2725  3 838     64    1
        2725  3 839     64    1
        2725  3 849     64    1
        2725 10   4     63    1
        2725 10   5    535    1
        2725 10  22     11    1
        2725 10  23      8    1
        2725 10  24     13    1
        2725 10  25      9    1
        2725 10  29     12    1
        2725 10  30      8    1
        2725 10  35      9    1
        2725 10  36      7    1
        2725 10  37      9    1
        2725 10  45     15    1
        2725 10 108     19    1
        2725 10 109     11    1
        2725 10 112     11    1
        2725 10 114      9    1
 ------------------------------------------------------------
 Original Line Count   9709
 Final Line Count      9317
 ------------------------------------------------------------
 ===============================================================================
 DICTIN   Total Execution Time                0.04 Seconds
 ===============================================================================
