 ENDF Activation Cross Sections (ACTIVATE 2019-1)
 ------------------------------------------------------------------------------
 ENDF Input and Output Data Filenames
 ------------------------------------------------------------------------------
 ACTIVATE.IN                                                             
 ACTIVATE.OUT                                                            
 ------------------------------------------------------------------------------
 ENDF Tape Label
 ------------------------------------------------------------------------------
 Retrieved by E4-util: 2019/11/11,14:57:08                            1
 ------------------------------------------------------------------------------
   Material  MAT  MF  MT  ENDF    ZAP Final      Q-Value Points Points
                          Format      State           eV     In    Out
 ------------------------------------------------------------------------------
  24-Cr-53  2434  10   5   6        1     0   0.0            99     99
  24-Cr-53  2434  10   5   6     1001     0   0.0            99     99
  24-Cr-53  2434  10   5   6     1002     0   0.0            99     99
  24-Cr-53  2434  10   5   6     1003     0   0.0            99     99
  24-Cr-53  2434  10   5   6     2003     0   0.0            99     99
  24-Cr-53  2434  10   5   6     2004     0   0.0            99     99
  24-Cr-53  2434  10   5   6    18038     0   0.0            99     99
  24-Cr-53  2434  10   5   6    18039     0   0.0            99     99
  24-Cr-53  2434  10   5   6    19041     0   0.0            99     99
  24-Cr-53  2434  10   5   6    19042     0   0.0            99     99
  24-Cr-53  2434  10   5   6    19043     0   0.0            99     99
  24-Cr-53  2434  10   5   6    19044     0   0.0            99     99
  24-Cr-53  2434  10   5   6    19046     0   0.0            99     99
  24-Cr-53  2434  10   5   6    20041     0   0.0            99     99
  24-Cr-53  2434  10   5   6    20042     0   0.0            99     99
  24-Cr-53  2434  10   5   6    20043     0   0.0            99     99
  24-Cr-53  2434  10   5   6    20044     0   0.0            99     99
  24-Cr-53  2434  10   5   6    20045     0   0.0            99     99
  24-Cr-53  2434  10   5   6    20046     0   0.0            99     99
  24-Cr-53  2434  10   5   6    20047     0   0.0            99     99
  24-Cr-53  2434  10   5   6    20048     0   0.0            99     99
  24-Cr-53  2434  10   5   6    21044     0   0.0            99     99
  24-Cr-53  2434  10   5   6    21045     0   0.0            99     99
  24-Cr-53  2434  10   5   6    21046     0   0.0            99     99
  24-Cr-53  2434  10   5   6    21047     0   0.0            99     99
  24-Cr-53  2434  10   5   6    21048     0   0.0            99     99
  24-Cr-53  2434  10   5   6    21049     0   0.0            99     99
  24-Cr-53  2434  10   5   6    21050     0   0.0            99     99
  24-Cr-53  2434  10   5   6    22044     0   0.0            99     99
  24-Cr-53  2434  10   5   6    22045     0   0.0            99     99
  24-Cr-53  2434  10   5   6    22046     0   0.0            99     99
  24-Cr-53  2434  10   5   6    22047     0   0.0            99     99
  24-Cr-53  2434  10   5   6    22048     0   0.0            99     99
  24-Cr-53  2434  10   5   6    22049     0   0.0            99     99
  24-Cr-53  2434  10   5   6    22050     0   0.0            99     99
  24-Cr-53  2434  10   5   6    22051     0   0.0            99     99
  24-Cr-53  2434  10   5   6    23046     0   0.0            99     99
  24-Cr-53  2434  10   5   6    23047     0   0.0            99     99
  24-Cr-53  2434  10   5   6    23048     0   0.0            99     99
  24-Cr-53  2434  10   5   6    23049     0   0.0            99     99
  24-Cr-53  2434  10   5   6    23050     0   0.0            99     99
  24-Cr-53  2434  10   5   6    23051     0   0.0            99     99
  24-Cr-53  2434  10   5   6    23052     0   0.0            99     99
  24-Cr-53  2434  10   5   6    24048     0   0.0            99     99
  24-Cr-53  2434  10   5   6    24049     0   0.0            99     99
  24-Cr-53  2434  10   5   6    24050     0   0.0            99     99
  24-Cr-53  2434  10   5   6    24051     0   0.0            99     99
  24-Cr-53  2434  10   5   6    24052     0   0.0            99     99
 ------------------------------------------------------------------------------
                                              MAT Totals   4752   4752
 ------------------------------------------------------------------------------
 ------------------------------------------------------------------------------
 All Cross Sections Read. Maximum Tabulated Energy =  200000000. eV
 ------------------------------------------------------------------------------
 ===============================================================================
      MAT Total Execution Time                0.28 Seconds
 ===============================================================================
 ------------------------------------------------------------------------------
                                             Tape Totals   4752   4752
 ------------------------------------------------------------------------------
 ===============================================================================
 ACTIVATE Total Execution Time                0.28 Seconds
 ===============================================================================
