  Linearize ENDF/B Cross Sections (LINEAR 2019-1)
  ------------------------------------------------------------------------------
  Retrieval Criteria-----------        MAT
  Monitor Mode-----------------        Off
  Minimum Cross Section-------- 1.0000E-10
  Keep Evaluated Data Points---        Yes
  ------------------------------------------------------------------------------
  ENDF/B Input and Output Data Filenames
  LINEAR.IN                                                               
  LINEAR.OUT                                                              
  ------------------------------------------------------------------------------
  Requested Ranges
  ------------------------------------------------------------------------------
       Minimum       Maximum   
     MAT MF  MT    MAT MF  MT
  ------------------------------------------------------------------------------
       0  0   0 999999 99 999
  ------------------------------------------------------------------------------
  Allowable Uncertainty
  ------------------------------------------------------------------------------
      Energy Uncertainty   per-cent
  ------------------------------------------------------------------------------
  0.0         1.0000E-10     0.0000
  ------------------------------------------------------------------------------
  ENDF/B Tape Label
  ------------------------------------------------------------------------------
  Retrieved by E4-util: 2019/11/11,14:57:08                            1
  ------------------------------------------------------------------------------
    Material  MAT  MF  MT  ENDF/B      Kelvin     Q-Value   Points   Points
                           Format                      eV       In      Out
  ------------------------------------------------------------------------------
   24-Cr-53  2434   3   5   VI     0.0         0.0             102      102
   24-Cr-53  2434   3 201   VI     0.0        -7939200.00       93       93
   24-Cr-53  2434   3 203   VI     0.0        -11132000.0       88       88
   24-Cr-53  2434   3 204   VI     0.0        -16219000.0       75       75
   24-Cr-53  2434   3 205   VI     0.0        -21013000.0       62       62
   24-Cr-53  2434   3 206   VI     0.0        -18787000.0       61       61
   24-Cr-53  2434   3 207   VI     0.0        -9148300.00       88       88
  ------------------------------------------------------------------------------
                                               MAT Totals      569      569
  ------------------------------------------------------------------------------
 ------------------------------------------------------------------------------
 All Cross Sections Read. Maximum Tabulated Energy =  200000000. eV
 ------------------------------------------------------------------------------
 ===============================================================================
      MAT Total Execution Time                0.08 Seconds
 ===============================================================================
  ------------------------------------------------------------------------------
                                              Tape Totals      569      569
  ------------------------------------------------------------------------------
 ===============================================================================
 LINEAR   Total Execution Time                0.08 Seconds
 ===============================================================================
