                                                     MT=  5
 MAT 1628                         0.0        Kelvin Unshielded Cross Sections                          16-S -33 

   No.  Group-eV   Average      No.  Group-eV   Average      No.  Group-eV   Average      No.  Group-eV   Average

    97 7000000.00 2.74735E-7    114 12000000.0 .003042455    131 50000000.0 .003153857    148 400000000. 0.0       
    98 7200000.00 2.89309E-6    115 13000000.0 .005838599    132 54000000.0 .003091324    149 440000000. 0.0       
    99 7400000.00 6.04748E-6    116 14000000.0 .011883566    133 55000000.0 .003034670    150 480000000. 0.0       
   100 7600000.00 9.20187E-6    117 15000000.0 .024141823    134 60000000.0 .002921546    151 520000000. 0.0       
   101 7800000.00 1.23562E-5    118 16000000.0 .039088844    135 70000000.0 .002782009    152 560000000. 0.0       
   102 8000000.00 3.62707E-5    119 17000000.0 .043998408    136 80000000.0 .002629524    153 600000000. 0.0       
   103 8200000.00 8.11189E-5    120 18000000.0 .036486682    137 90000000.0 .002460460    154 640000000. 0.0       
   104 8400000.00 1.25967E-4    121 19000000.0 .034390126    138 100000000. .002196271    155 680000000. 0.0       
   105 8600000.00 1.70815E-4    122 20000000.0 .055726489    139 120000000. .001868363    156 720000000. 0.0       
   106 8800000.00 2.15663E-4    123 22000000.0 .052129341    140 140000000. 0.0           157 760000000. 0.0       
   107 9000000.00 2.63501E-4    124 24000000.0 .024007798    141 160000000. 0.0           158 800000000. 0.0       
   108 9200000.00 3.14353E-4    125 26000000.0 .013800080    142 180000000. 0.0           159 840000000. 0.0       
   109 9400000.00 3.65204E-4    126 28000000.0 .009313981    143 200000000. 0.0           160 880000000. 0.0       
   110 9600000.00 4.16055E-4    127 30000000.0 .006158406    144 240000000. 0.0           161 920000000. 0.0       
   111 9800000.00 4.66906E-4    128 35000000.0 .004330199    145 280000000. 0.0           162 960000000. 0.0       
   112 10000000.0 8.46147E-4    129 40000000.0 .003638017    146 320000000. 0.0           163 1.00000E+9
   113 11000000.0 .001671635    130 45000000.0 .003314348    147 360000000. 0.0       
 
                                                     MT=  5
 MAT 1628                         0.0        Kelvin Unshielded Cross Sections                          16-S -33 

   No.  Group-eV   Average      No.  Group-eV   Average      No.  Group-eV   Average      No.  Group-eV   Average

   102 8000000.00 2.12137E-5    118 16000000.0 .012742543    134 60000000.0 .006777071    150 480000000. 0.0       
   103 8200000.00 6.38185E-5    119 17000000.0 .014847506    135 70000000.0 .007420244    151 520000000. 0.0       
   104 8400000.00 1.06423E-4    120 18000000.0 .012506937    136 80000000.0 .007705519    152 560000000. 0.0       
   105 8600000.00 1.49028E-4    121 19000000.0 .012330009    137 90000000.0 .007753257    153 600000000. 0.0       
   106 8800000.00 1.91632E-4    122 20000000.0 .026372429    138 100000000. .007503200    154 640000000. 0.0       
   107 9000000.00 2.25104E-4    123 22000000.0 .033120589    139 120000000. .006976489    155 680000000. 0.0       
   108 9200000.00 2.49374E-4    124 24000000.0 .018304125    140 140000000. 0.0           156 720000000. 0.0       
   109 9400000.00 2.73645E-4    125 26000000.0 .011434285    141 160000000. 0.0           157 760000000. 0.0       
   110 9600000.00 2.97915E-4    126 28000000.0 .008056312    142 180000000. 0.0           158 800000000. 0.0       
   111 9800000.00 3.22185E-4    127 30000000.0 .005748919    143 200000000. 0.0           159 840000000. 0.0       
   112 10000000.0 5.61098E-4    128 35000000.0 .004935096    144 240000000. 0.0           160 880000000. 0.0       
   113 11000000.0 8.87236E-4    129 40000000.0 .005119559    145 280000000. 0.0           161 920000000. 0.0       
   114 12000000.0 .001005116    130 45000000.0 .005559549    146 320000000. 0.0           162 960000000. 0.0       
   115 13000000.0 .001599409    131 50000000.0 .005869795    147 360000000. 0.0           163 1.00000E+9
   116 14000000.0 .003530035    132 54000000.0 .006016720    148 400000000. 0.0       
   117 15000000.0 .007552809    133 55000000.0 .006208116    149 440000000. 0.0       
 
                                                     MT=  5
 MAT 1628                         0.0        Kelvin Unshielded Cross Sections                          16-S -33 

   No.  Group-eV   Average      No.  Group-eV   Average      No.  Group-eV   Average      No.  Group-eV   Average

   112 10000000.0 5.71715E-5    125 26000000.0 .008761413    138 100000000. .002196437    151 520000000. 0.0       
   113 11000000.0 2.73531E-4    126 28000000.0 .006222658    139 120000000. .001893479    152 560000000. 0.0       
   114 12000000.0 7.92238E-4    127 30000000.0 .004297076    140 140000000. 0.0           153 600000000. 0.0       
   115 13000000.0 .001742215    128 35000000.0 .003186886    141 160000000. 0.0           154 640000000. 0.0       
   116 14000000.0 .003806639    129 40000000.0 .002818914    142 180000000. 0.0           155 680000000. 0.0       
   117 15000000.0 .008427325    130 45000000.0 .002688743    143 200000000. 0.0           156 720000000. 0.0       
   118 16000000.0 .014519123    131 50000000.0 .002656351    144 240000000. 0.0           157 760000000. 0.0       
   119 17000000.0 .017051027    132 54000000.0 .002652717    145 280000000. 0.0           158 800000000. 0.0       
   120 18000000.0 .014694741    133 55000000.0 .002651982    146 320000000. 0.0           159 840000000. 0.0       
   121 19000000.0 .015129381    134 60000000.0 .002646026    147 360000000. 0.0           160 880000000. 0.0       
   122 20000000.0 .027612767    135 70000000.0 .002621334    148 400000000. 0.0           161 920000000. 0.0       
   123 22000000.0 .027965482    136 80000000.0 .002537432    149 440000000. 0.0           162 960000000. 0.0       
   124 24000000.0 .014048727    137 90000000.0 .002422718    150 480000000. 0.0           163 1.00000E+9
 
                                                     MT=  5
 MAT 1628                         0.0        Kelvin Unshielded Cross Sections                          16-S -33 

   No.  Group-eV   Average      No.  Group-eV   Average      No.  Group-eV   Average      No.  Group-eV   Average

   117 15000000.0 9.3956E-11    129 40000000.0 1.42596E-4    141 160000000. 0.0           153 600000000. 0.0       
   118 16000000.0 1.38860E-6    130 45000000.0 1.43596E-4    142 180000000. 0.0           154 640000000. 0.0       
   119 17000000.0 1.62550E-5    131 50000000.0 1.44170E-4    143 200000000. 0.0           155 680000000. 0.0       
   120 18000000.0 6.29117E-5    132 54000000.0 1.44197E-4    144 240000000. 0.0           156 720000000. 0.0       
   121 19000000.0 1.33522E-4    133 55000000.0 1.44774E-4    145 280000000. 0.0           157 760000000. 0.0       
   122 20000000.0 3.96106E-4    134 60000000.0 1.46743E-4    146 320000000. 0.0           158 800000000. 0.0       
   123 22000000.0 5.57771E-4    135 70000000.0 1.41065E-4    147 360000000. 0.0           159 840000000. 0.0       
   124 24000000.0 3.55427E-4    136 80000000.0 1.34213E-4    148 400000000. 0.0           160 880000000. 0.0       
   125 26000000.0 2.54532E-4    137 90000000.0 1.21860E-4    149 440000000. 0.0           161 920000000. 0.0       
   126 28000000.0 2.04211E-4    138 100000000. 1.04981E-4    150 480000000. 0.0           162 960000000. 0.0       
   127 30000000.0 1.68163E-4    139 120000000. 8.25483E-5    151 520000000. 0.0           163 1.00000E+9
   128 35000000.0 1.47978E-4    140 140000000. 0.0           152 560000000. 0.0       
 
                                                     MT=  5
 MAT 1628                         0.0        Kelvin Unshielded Cross Sections                          16-S -33 

   No.  Group-eV   Average      No.  Group-eV   Average      No.  Group-eV   Average      No.  Group-eV   Average

   123 22000000.0 5.07504E-6    134 60000000.0 2.55805E-5    145 280000000. 0.0           156 720000000. 0.0       
   124 24000000.0 1.97787E-5    135 70000000.0 2.46823E-5    146 320000000. 0.0           157 760000000. 0.0       
   125 26000000.0 2.00659E-5    136 80000000.0 2.34206E-5    147 360000000. 0.0           158 800000000. 0.0       
   126 28000000.0 1.85076E-5    137 90000000.0 2.07344E-5    148 400000000. 0.0           159 840000000. 0.0       
   127 30000000.0 1.77808E-5    138 100000000. 1.74449E-5    149 440000000. 0.0           160 880000000. 0.0       
   128 35000000.0 1.90721E-5    139 120000000. 1.30316E-5    150 480000000. 0.0           161 920000000. 0.0       
   129 40000000.0 2.10028E-5    140 140000000. 0.0           151 520000000. 0.0           162 960000000. 0.0       
   130 45000000.0 2.28564E-5    141 160000000. 0.0           152 560000000. 0.0           163 1.00000E+9
   131 50000000.0 2.37410E-5    142 180000000. 0.0           153 600000000. 0.0       
   132 54000000.0 2.40524E-5    143 200000000. 0.0           154 640000000. 0.0       
   133 55000000.0 2.45361E-5    144 240000000. 0.0           155 680000000. 0.0       
 
                                                     MT=  5
 MAT 1628                         0.0        Kelvin Unshielded Cross Sections                          16-S -33 

   No.  Group-eV   Average      No.  Group-eV   Average      No.  Group-eV   Average      No.  Group-eV   Average

   102 8000000.00 2.15702E-8    118 16000000.0 .011824263    134 60000000.0 5.06348E-4    150 480000000. 0.0       
   103 8200000.00 6.48911E-8    119 17000000.0 .012202262    135 70000000.0 4.28674E-4    151 520000000. 0.0       
   104 8400000.00 1.08212E-7    120 18000000.0 .010284740    136 80000000.0 3.63501E-4    152 560000000. 0.0       
   105 8600000.00 1.51532E-7    121 19000000.0 .010457231    137 90000000.0 3.08562E-4    153 600000000. 0.0       
   106 8800000.00 1.94853E-7    122 20000000.0 .018578362    138 100000000. 2.42817E-4    154 640000000. 0.0       
   107 9000000.00 1.16590E-5    123 22000000.0 .018379744    139 120000000. 1.77200E-4    155 680000000. 0.0       
   108 9200000.00 3.46288E-5    124 24000000.0 .008328288    140 140000000. 0.0           156 720000000. 0.0       
   109 9400000.00 5.75986E-5    125 26000000.0 .004438844    141 160000000. 0.0           157 760000000. 0.0       
   110 9600000.00 8.05684E-5    126 28000000.0 .002775779    142 180000000. 0.0           158 800000000. 0.0       
   111 9800000.00 1.03538E-4    127 30000000.0 .001665480    143 200000000. 0.0           159 840000000. 0.0       
   112 10000000.0 2.05545E-4    128 35000000.0 .001075508    144 240000000. 0.0           160 880000000. 0.0       
   113 11000000.0 5.10145E-4    129 40000000.0 8.50311E-4    145 280000000. 0.0           161 920000000. 0.0       
   114 12000000.0 .001244615    130 45000000.0 7.24853E-4    146 320000000. 0.0           162 960000000. 0.0       
   115 13000000.0 .002496397    131 50000000.0 6.47141E-4    147 360000000. 0.0           163 1.00000E+9
   116 14000000.0 .004546111    132 54000000.0 6.12809E-4    148 400000000. 0.0       
   117 15000000.0 .008160453    133 55000000.0 5.78888E-4    149 440000000. 0.0       
 
                                                     MT=  5
 MAT 1628                         0.0        Kelvin Unshielded Cross Sections                          16-S -33 

   No.  Group-eV   Average      No.  Group-eV   Average      No.  Group-eV   Average      No.  Group-eV   Average

   136 80000000.0 2.07949E-9    143 200000000. 0.0           150 480000000. 0.0           157 760000000. 0.0       
   137 90000000.0 9.46902E-7    144 240000000. 0.0           151 520000000. 0.0           158 800000000. 0.0       
   138 100000000. 2.20869E-5    145 280000000. 0.0           152 560000000. 0.0           159 840000000. 0.0       
   139 120000000. 8.39117E-5    146 320000000. 0.0           153 600000000. 0.0           160 880000000. 0.0       
   140 140000000. 0.0           147 360000000. 0.0           154 640000000. 0.0           161 920000000. 0.0       
   141 160000000. 0.0           148 400000000. 0.0           155 680000000. 0.0           162 960000000. 0.0       
   142 180000000. 0.0           149 440000000. 0.0           156 720000000. 0.0           163 1.00000E+9
 
                                                     MT=  5
 MAT 1628                         0.0        Kelvin Unshielded Cross Sections                          16-S -33 

   No.  Group-eV   Average      No.  Group-eV   Average      No.  Group-eV   Average      No.  Group-eV   Average

   134 60000000.0 6.5529E-12    142 180000000. 0.0           150 480000000. 0.0           158 800000000. 0.0       
   135 70000000.0 1.66776E-6    143 200000000. 0.0           151 520000000. 0.0           159 840000000. 0.0       
   136 80000000.0 3.17910E-5    144 240000000. 0.0           152 560000000. 0.0           160 880000000. 0.0       
   137 90000000.0 9.62374E-5    145 280000000. 0.0           153 600000000. 0.0           161 920000000. 0.0       
   138 100000000. 1.82037E-4    146 320000000. 0.0           154 640000000. 0.0           162 960000000. 0.0       
   139 120000000. 2.09579E-4    147 360000000. 0.0           155 680000000. 0.0           163 1.00000E+9
   140 140000000. 0.0           148 400000000. 0.0           156 720000000. 0.0       
   141 160000000. 0.0           149 440000000. 0.0           157 760000000. 0.0       
 
                                                     MT=  5
 MAT 1628                         0.0        Kelvin Unshielded Cross Sections                          16-S -33 

   No.  Group-eV   Average      No.  Group-eV   Average      No.  Group-eV   Average      No.  Group-eV   Average

   130 45000000.0 1.4346E-10    139 120000000. 1.50272E-4    148 400000000. 0.0           157 760000000. 0.0       
   131 50000000.0 7.86277E-7    140 140000000. 0.0           149 440000000. 0.0           158 800000000. 0.0       
   132 54000000.0 5.05121E-6    141 160000000. 0.0           150 480000000. 0.0           159 840000000. 0.0       
   133 55000000.0 2.72596E-5    142 180000000. 0.0           151 520000000. 0.0           160 880000000. 0.0       
   134 60000000.0 1.35001E-4    143 200000000. 0.0           152 560000000. 0.0           161 920000000. 0.0       
   135 70000000.0 2.92168E-4    144 240000000. 0.0           153 600000000. 0.0           162 960000000. 0.0       
   136 80000000.0 3.89647E-4    145 280000000. 0.0           154 640000000. 0.0           163 1.00000E+9
   137 90000000.0 4.02236E-4    146 320000000. 0.0           155 680000000. 0.0       
   138 100000000. 3.05295E-4    147 360000000. 0.0           156 720000000. 0.0       
 
                                                     MT=  5
 MAT 1628                         0.0        Kelvin Unshielded Cross Sections                          16-S -33 

   No.  Group-eV   Average      No.  Group-eV   Average      No.  Group-eV   Average      No.  Group-eV   Average

   127 30000000.0 6.8664E-11    137 90000000.0 2.00967E-4    147 360000000. 0.0           157 760000000. 0.0       
   128 35000000.0 1.68467E-5    138 100000000. 9.87989E-5    148 400000000. 0.0           158 800000000. 0.0       
   129 40000000.0 1.96802E-4    139 120000000. 4.22556E-5    149 440000000. 0.0           159 840000000. 0.0       
   130 45000000.0 3.83933E-4    140 140000000. 0.0           150 480000000. 0.0           160 880000000. 0.0       
   131 50000000.0 4.51927E-4    141 160000000. 0.0           151 520000000. 0.0           161 920000000. 0.0       
   132 54000000.0 4.69742E-4    142 180000000. 0.0           152 560000000. 0.0           162 960000000. 0.0       
   133 55000000.0 4.82295E-4    143 200000000. 0.0           153 600000000. 0.0           163 1.00000E+9
   134 60000000.0 4.88827E-4    144 240000000. 0.0           154 640000000. 0.0       
   135 70000000.0 4.38127E-4    145 280000000. 0.0           155 680000000. 0.0       
   136 80000000.0 3.16063E-4    146 320000000. 0.0           156 720000000. 0.0       
 
                                                     MT=  5
 MAT 1628                         0.0        Kelvin Unshielded Cross Sections                          16-S -33 

   No.  Group-eV   Average      No.  Group-eV   Average      No.  Group-eV   Average      No.  Group-eV   Average

   119 17000000.0 1.19724E-4    131 50000000.0 2.00261E-4    143 200000000. 0.0           155 680000000. 0.0       
   120 18000000.0 8.32999E-4    132 54000000.0 1.58420E-4    144 240000000. 0.0           156 720000000. 0.0       
   121 19000000.0 .002134485    133 55000000.0 1.31744E-4    145 280000000. 0.0           157 760000000. 0.0       
   122 20000000.0 .008248004    134 60000000.0 9.90959E-5    146 320000000. 0.0           158 800000000. 0.0       
   123 22000000.0 .012413730    135 70000000.0 7.48010E-5    147 360000000. 0.0           159 840000000. 0.0       
   124 24000000.0 .006942236    136 80000000.0 5.67683E-5    148 400000000. 0.0           160 880000000. 0.0       
   125 26000000.0 .004052158    137 90000000.0 4.37054E-5    149 440000000. 0.0           161 920000000. 0.0       
   126 28000000.0 .002647269    138 100000000. 3.09147E-5    150 480000000. 0.0           162 960000000. 0.0       
   127 30000000.0 .001634722    139 120000000. 1.94959E-5    151 520000000. 0.0           163 1.00000E+9
   128 35000000.0 .001054184    140 140000000. 0.0           152 560000000. 0.0       
   129 40000000.0 6.52575E-4    141 160000000. 0.0           153 600000000. 0.0       
   130 45000000.0 3.40818E-4    142 180000000. 0.0           154 640000000. 0.0       
 
                                                     MT=  5
 MAT 1628                         0.0        Kelvin Unshielded Cross Sections                          16-S -33 

   No.  Group-eV   Average      No.  Group-eV   Average      No.  Group-eV   Average      No.  Group-eV   Average

   102 8000000.00 2.15702E-8    118 16000000.0 .011824263    134 60000000.0 1.88246E-4    150 480000000. 0.0       
   103 8200000.00 6.48911E-8    119 17000000.0 .012082505    135 70000000.0 8.88266E-5    151 520000000. 0.0       
   104 8400000.00 1.08212E-7    120 18000000.0 .009451741    136 80000000.0 3.98676E-5    152 560000000. 0.0       
   105 8600000.00 1.51532E-7    121 19000000.0 .008322759    137 90000000.0 2.03965E-5    153 600000000. 0.0       
   106 8800000.00 1.94853E-7    122 20000000.0 .010330364    138 100000000. 9.63926E-6    154 640000000. 0.0       
   107 9000000.00 1.16590E-5    123 22000000.0 .005966033    139 120000000. 4.26443E-6    155 680000000. 0.0       
   108 9200000.00 3.46288E-5    124 24000000.0 .001386061    140 140000000. 0.0           156 720000000. 0.0       
   109 9400000.00 5.75986E-5    125 26000000.0 3.86685E-4    141 160000000. 0.0           157 760000000. 0.0       
   110 9600000.00 8.05684E-5    126 28000000.0 1.28510E-4    142 180000000. 0.0           158 800000000. 0.0       
   111 9800000.00 1.03538E-4    127 30000000.0 3.07583E-5    143 200000000. 0.0           159 840000000. 0.0       
   112 10000000.0 2.05545E-4    128 35000000.0 4.48437E-6    144 240000000. 0.0           160 880000000. 0.0       
   113 11000000.0 5.10145E-4    129 40000000.0 6.67094E-6    145 280000000. 0.0           161 920000000. 0.0       
   114 12000000.0 .001244615    130 45000000.0 6.30490E-5    146 320000000. 0.0           162 960000000. 0.0       
   115 13000000.0 .002496397    131 50000000.0 1.64847E-4    147 360000000. 0.0           163 1.00000E+9
   116 14000000.0 .004546111    132 54000000.0 2.15722E-4    148 400000000. 0.0       
   117 15000000.0 .008160453    133 55000000.0 2.38863E-4    149 440000000. 0.0       
 
                                                     MT=  5
 MAT 1628                         0.0        Kelvin Unshielded Cross Sections                          16-S -33 

   No.  Group-eV   Average      No.  Group-eV   Average      No.  Group-eV   Average      No.  Group-eV   Average

   125 26000000.0 1.87207E-8    135 70000000.0 3.53400E-5    145 280000000. 0.0           155 680000000. 0.0       
   126 28000000.0 1.80438E-6    136 80000000.0 1.99334E-5    146 320000000. 0.0           156 720000000. 0.0       
   127 30000000.0 4.37174E-5    137 90000000.0 1.23136E-5    147 360000000. 0.0           157 760000000. 0.0       
   128 35000000.0 1.70162E-4    138 100000000. 6.84618E-6    148 400000000. 0.0           158 800000000. 0.0       
   129 40000000.0 2.76297E-4    139 120000000. 3.41641E-6    149 440000000. 0.0           159 840000000. 0.0       
   130 45000000.0 2.93403E-4    140 140000000. 0.0           150 480000000. 0.0           160 880000000. 0.0       
   131 50000000.0 2.34648E-4    141 160000000. 0.0           151 520000000. 0.0           161 920000000. 0.0       
   132 54000000.0 1.91841E-4    142 180000000. 0.0           152 560000000. 0.0           162 960000000. 0.0       
   133 55000000.0 1.47218E-4    143 200000000. 0.0           153 600000000. 0.0           163 1.00000E+9
   134 60000000.0 7.56587E-5    144 240000000. 0.0           154 640000000. 0.0       
 
                                                     MT=  5
 MAT 1628                         0.0        Kelvin Unshielded Cross Sections                          16-S -33 

   No.  Group-eV   Average      No.  Group-eV   Average      No.  Group-eV   Average      No.  Group-eV   Average

   121 19000000.0 2.61408E-9    132 54000000.0 3.16716E-5    143 200000000. 0.0           154 640000000. 0.0       
   122 20000000.0 1.47684E-5    133 55000000.0 3.13244E-5    144 240000000. 0.0           155 680000000. 0.0       
   123 22000000.0 2.23877E-4    134 60000000.0 3.29365E-5    145 280000000. 0.0           156 720000000. 0.0       
   124 24000000.0 4.30992E-4    135 70000000.0 3.70066E-5    146 320000000. 0.0           157 760000000. 0.0       
   125 26000000.0 4.55619E-4    136 80000000.0 4.13172E-5    147 360000000. 0.0           158 800000000. 0.0       
   126 28000000.0 3.84234E-4    137 90000000.0 4.44780E-5    148 400000000. 0.0           159 840000000. 0.0       
   127 30000000.0 2.54225E-4    138 100000000. 4.64118E-5    149 440000000. 0.0           160 880000000. 0.0       
   128 35000000.0 1.29369E-4    139 120000000. 4.58881E-5    150 480000000. 0.0           161 920000000. 0.0       
   129 40000000.0 6.61780E-5    140 140000000. 0.0           151 520000000. 0.0           162 960000000. 0.0       
   130 45000000.0 4.08718E-5    141 160000000. 0.0           152 560000000. 0.0           163 1.00000E+9
   131 50000000.0 3.32260E-5    142 180000000. 0.0           153 600000000. 0.0       
 
                                                     MT=  5
 MAT 1628                         0.0        Kelvin Unshielded Cross Sections                          16-S -33 

   No.  Group-eV   Average      No.  Group-eV   Average      No.  Group-eV   Average      No.  Group-eV   Average

   138 100000000. 5.58909E-8    145 280000000. 0.0           152 560000000. 0.0           159 840000000. 0.0       
   139 120000000. 6.73041E-6    146 320000000. 0.0           153 600000000. 0.0           160 880000000. 0.0       
   140 140000000. 0.0           147 360000000. 0.0           154 640000000. 0.0           161 920000000. 0.0       
   141 160000000. 0.0           148 400000000. 0.0           155 680000000. 0.0           162 960000000. 0.0       
   142 180000000. 0.0           149 440000000. 0.0           156 720000000. 0.0           163 1.00000E+9
   143 200000000. 0.0           150 480000000. 0.0           157 760000000. 0.0       
   144 240000000. 0.0           151 520000000. 0.0           158 800000000. 0.0       
 
                                                     MT=  5
 MAT 1628                         0.0        Kelvin Unshielded Cross Sections                          16-S -33 

   No.  Group-eV   Average      No.  Group-eV   Average      No.  Group-eV   Average      No.  Group-eV   Average

   136 80000000.0 6.9465E-10    143 200000000. 0.0           150 480000000. 0.0           157 760000000. 0.0       
   137 90000000.0 6.43102E-7    144 240000000. 0.0           151 520000000. 0.0           158 800000000. 0.0       
   138 100000000. 2.72179E-5    145 280000000. 0.0           152 560000000. 0.0           159 840000000. 0.0       
   139 120000000. 1.26663E-4    146 320000000. 0.0           153 600000000. 0.0           160 880000000. 0.0       
   140 140000000. 0.0           147 360000000. 0.0           154 640000000. 0.0           161 920000000. 0.0       
   141 160000000. 0.0           148 400000000. 0.0           155 680000000. 0.0           162 960000000. 0.0       
   142 180000000. 0.0           149 440000000. 0.0           156 720000000. 0.0           163 1.00000E+9
 
                                                     MT=  5
 MAT 1628                         0.0        Kelvin Unshielded Cross Sections                          16-S -33 

   No.  Group-eV   Average      No.  Group-eV   Average      No.  Group-eV   Average      No.  Group-eV   Average

   134 60000000.0 2.05423E-9    142 180000000. 0.0           150 480000000. 0.0           158 800000000. 0.0       
   135 70000000.0 3.09602E-6    143 200000000. 0.0           151 520000000. 0.0           159 840000000. 0.0       
   136 80000000.0 4.47342E-5    144 240000000. 0.0           152 560000000. 0.0           160 880000000. 0.0       
   137 90000000.0 1.47178E-4    145 280000000. 0.0           153 600000000. 0.0           161 920000000. 0.0       
   138 100000000. 2.70344E-4    146 320000000. 0.0           154 640000000. 0.0           162 960000000. 0.0       
   139 120000000. 2.49928E-4    147 360000000. 0.0           155 680000000. 0.0           163 1.00000E+9
   140 140000000. 0.0           148 400000000. 0.0           156 720000000. 0.0       
   141 160000000. 0.0           149 440000000. 0.0           157 760000000. 0.0       
 
                                                     MT=  5
 MAT 1628                         0.0        Kelvin Unshielded Cross Sections                          16-S -33 

   No.  Group-eV   Average      No.  Group-eV   Average      No.  Group-eV   Average      No.  Group-eV   Average

   131 50000000.0 2.77108E-8    140 140000000. 0.0           149 440000000. 0.0           158 800000000. 0.0       
   132 54000000.0 4.52647E-7    141 160000000. 0.0           150 480000000. 0.0           159 840000000. 0.0       
   133 55000000.0 6.51380E-6    142 180000000. 0.0           151 520000000. 0.0           160 880000000. 0.0       
   134 60000000.0 9.72067E-5    143 200000000. 0.0           152 560000000. 0.0           161 920000000. 0.0       
   135 70000000.0 3.34120E-4    144 240000000. 0.0           153 600000000. 0.0           162 960000000. 0.0       
   136 80000000.0 4.77147E-4    145 280000000. 0.0           154 640000000. 0.0           163 1.00000E+9
   137 90000000.0 4.49390E-4    146 320000000. 0.0           155 680000000. 0.0       
   138 100000000. 3.11460E-4    147 360000000. 0.0           156 720000000. 0.0       
   139 120000000. 1.81706E-4    148 400000000. 0.0           157 760000000. 0.0       
 
                                                     MT=  5
 MAT 1628                         0.0        Kelvin Unshielded Cross Sections                          16-S -33 

   No.  Group-eV   Average      No.  Group-eV   Average      No.  Group-eV   Average      No.  Group-eV   Average

   127 30000000.0 6.45011E-8    137 90000000.0 4.87319E-4    147 360000000. 0.0           157 760000000. 0.0       
   128 35000000.0 2.69631E-5    138 100000000. 3.96489E-4    148 400000000. 0.0           158 800000000. 0.0       
   129 40000000.0 2.49657E-4    139 120000000. 3.25770E-4    149 440000000. 0.0           159 840000000. 0.0       
   130 45000000.0 6.02953E-4    140 140000000. 0.0           150 480000000. 0.0           160 880000000. 0.0       
   131 50000000.0 8.42742E-4    141 160000000. 0.0           151 520000000. 0.0           161 920000000. 0.0       
   132 54000000.0 9.32957E-4    142 180000000. 0.0           152 560000000. 0.0           162 960000000. 0.0       
   133 55000000.0 9.96741E-4    143 200000000. 0.0           153 600000000. 0.0           163 1.00000E+9
   134 60000000.0 .001000883    144 240000000. 0.0           154 640000000. 0.0       
   135 70000000.0 7.94686E-4    145 280000000. 0.0           155 680000000. 0.0       
   136 80000000.0 6.02153E-4    146 320000000. 0.0           156 720000000. 0.0       
 
                                                     MT=  5
 MAT 1628                         0.0        Kelvin Unshielded Cross Sections                          16-S -33 

   No.  Group-eV   Average      No.  Group-eV   Average      No.  Group-eV   Average      No.  Group-eV   Average

   123 22000000.0 5.07504E-6    134 60000000.0 2.90368E-4    145 280000000. 0.0           156 720000000. 0.0       
   124 24000000.0 1.97787E-5    135 70000000.0 2.33893E-4    146 320000000. 0.0           157 760000000. 0.0       
   125 26000000.0 2.00659E-5    136 80000000.0 2.05803E-4    147 360000000. 0.0           158 800000000. 0.0       
   126 28000000.0 2.02426E-5    137 90000000.0 1.86209E-4    148 400000000. 0.0           159 840000000. 0.0       
   127 30000000.0 2.36420E-4    138 100000000. 1.63906E-4    149 440000000. 0.0           160 880000000. 0.0       
   128 35000000.0 8.75337E-4    139 120000000. 1.41976E-4    150 480000000. 0.0           161 920000000. 0.0       
   129 40000000.0 .001010067    140 140000000. 0.0           151 520000000. 0.0           162 960000000. 0.0       
   130 45000000.0 7.67222E-4    141 160000000. 0.0           152 560000000. 0.0           163 1.00000E+9
   131 50000000.0 5.47401E-4    142 180000000. 0.0           153 600000000. 0.0       
   132 54000000.0 4.57823E-4    143 200000000. 0.0           154 640000000. 0.0       
   133 55000000.0 3.87100E-4    144 240000000. 0.0           155 680000000. 0.0       
 
                                                     MT=  5
 MAT 1628                         0.0        Kelvin Unshielded Cross Sections                          16-S -33 

   No.  Group-eV   Average      No.  Group-eV   Average      No.  Group-eV   Average      No.  Group-eV   Average

   117 15000000.0 9.3956E-11    129 40000000.0 9.49437E-4    141 160000000. 0.0           153 600000000. 0.0       
   118 16000000.0 1.38860E-6    130 45000000.0 6.37631E-4    142 180000000. 0.0           154 640000000. 0.0       
   119 17000000.0 1.62550E-5    131 50000000.0 5.16565E-4    143 200000000. 0.0           155 680000000. 0.0       
   120 18000000.0 2.92959E-4    132 54000000.0 4.75325E-4    144 240000000. 0.0           156 720000000. 0.0       
   121 19000000.0 .001659321    133 55000000.0 4.41136E-4    145 280000000. 0.0           157 760000000. 0.0       
   122 20000000.0 .009367773    134 60000000.0 3.81964E-4    146 320000000. 0.0           158 800000000. 0.0       
   123 22000000.0 .015820740    135 70000000.0 3.29246E-4    147 360000000. 0.0           159 840000000. 0.0       
   124 24000000.0 .010002344    136 80000000.0 2.92414E-4    148 400000000. 0.0           160 880000000. 0.0       
   125 26000000.0 .006781026    137 90000000.0 2.62974E-4    149 440000000. 0.0           161 920000000. 0.0       
   126 28000000.0 .005023149    138 100000000. 2.27288E-4    150 480000000. 0.0           162 960000000. 0.0       
   127 30000000.0 .003368497    139 120000000. 1.84909E-4    151 520000000. 0.0           163 1.00000E+9
   128 35000000.0 .001724827    140 140000000. 0.0           152 560000000. 0.0       
 
                                                     MT=  5
 MAT 1628                         0.0        Kelvin Unshielded Cross Sections                          16-S -33 

   No.  Group-eV   Average      No.  Group-eV   Average      No.  Group-eV   Average      No.  Group-eV   Average

   112 10000000.0 5.71715E-5    125 26000000.0 .001323645    138 100000000. 3.66683E-6    151 520000000. 0.0       
   113 11000000.0 2.73531E-4    126 28000000.0 6.29912E-4    139 120000000. 1.88177E-6    152 560000000. 0.0       
   114 12000000.0 7.92238E-4    127 30000000.0 2.82154E-4    140 140000000. 0.0           153 600000000. 0.0       
   115 13000000.0 .001742215    128 35000000.0 1.27739E-4    141 160000000. 0.0           154 640000000. 0.0       
   116 14000000.0 .003806639    129 40000000.0 7.69352E-5    142 180000000. 0.0           155 680000000. 0.0       
   117 15000000.0 .008427325    130 45000000.0 5.29448E-5    143 200000000. 0.0           156 720000000. 0.0       
   118 16000000.0 .014519123    131 50000000.0 4.04245E-5    144 240000000. 0.0           157 760000000. 0.0       
   119 17000000.0 .017051027    132 54000000.0 3.51407E-5    145 280000000. 0.0           158 800000000. 0.0       
   120 18000000.0 .014464701    133 55000000.0 3.01708E-5    146 320000000. 0.0           159 840000000. 0.0       
   121 19000000.0 .013603560    134 60000000.0 2.10975E-5    147 360000000. 0.0           160 880000000. 0.0       
   122 20000000.0 .018611533    135 70000000.0 1.35213E-5    148 400000000. 0.0           161 920000000. 0.0       
   123 22000000.0 .012254761    136 80000000.0 9.04172E-6    149 440000000. 0.0           162 960000000. 0.0       
   124 24000000.0 .003539836    137 90000000.0 6.16964E-6    150 480000000. 0.0           163 1.00000E+9
 
                                                     MT=  5
 MAT 1628                         0.0        Kelvin Unshielded Cross Sections                          16-S -33 

   No.  Group-eV   Average      No.  Group-eV   Average      No.  Group-eV   Average      No.  Group-eV   Average

   137 90000000.0 1.52458E-9    144 240000000. 0.0           151 520000000. 0.0           158 800000000. 0.0       
   138 100000000. 1.11694E-6    145 280000000. 0.0           152 560000000. 0.0           159 840000000. 0.0       
   139 120000000. 9.53947E-6    146 320000000. 0.0           153 600000000. 0.0           160 880000000. 0.0       
   140 140000000. 0.0           147 360000000. 0.0           154 640000000. 0.0           161 920000000. 0.0       
   141 160000000. 0.0           148 400000000. 0.0           155 680000000. 0.0           162 960000000. 0.0       
   142 180000000. 0.0           149 440000000. 0.0           156 720000000. 0.0           163 1.00000E+9
   143 200000000. 0.0           150 480000000. 0.0           157 760000000. 0.0       
 
                                                     MT=  5
 MAT 1628                         0.0        Kelvin Unshielded Cross Sections                          16-S -33 

   No.  Group-eV   Average      No.  Group-eV   Average      No.  Group-eV   Average      No.  Group-eV   Average

   135 70000000.0 5.05460E-8    143 200000000. 0.0           151 520000000. 0.0           159 840000000. 0.0       
   136 80000000.0 2.70118E-6    144 240000000. 0.0           152 560000000. 0.0           160 880000000. 0.0       
   137 90000000.0 1.17227E-5    145 280000000. 0.0           153 600000000. 0.0           161 920000000. 0.0       
   138 100000000. 2.61317E-5    146 320000000. 0.0           154 640000000. 0.0           162 960000000. 0.0       
   139 120000000. 3.11256E-5    147 360000000. 0.0           155 680000000. 0.0           163 1.00000E+9
   140 140000000. 0.0           148 400000000. 0.0           156 720000000. 0.0       
   141 160000000. 0.0           149 440000000. 0.0           157 760000000. 0.0       
   142 180000000. 0.0           150 480000000. 0.0           158 800000000. 0.0       
 
                                                     MT=  5
 MAT 1628                         0.0        Kelvin Unshielded Cross Sections                          16-S -33 

   No.  Group-eV   Average      No.  Group-eV   Average      No.  Group-eV   Average      No.  Group-eV   Average

   132 54000000.0 2.8775E-12    140 140000000. 0.0           148 400000000. 0.0           156 720000000. 0.0       
   133 55000000.0 5.24839E-8    141 160000000. 0.0           149 440000000. 0.0           157 760000000. 0.0       
   134 60000000.0 4.57402E-6    142 180000000. 0.0           150 480000000. 0.0           158 800000000. 0.0       
   135 70000000.0 2.18657E-5    143 200000000. 0.0           151 520000000. 0.0           159 840000000. 0.0       
   136 80000000.0 3.59843E-5    144 240000000. 0.0           152 560000000. 0.0           160 880000000. 0.0       
   137 90000000.0 3.73656E-5    145 280000000. 0.0           153 600000000. 0.0           161 920000000. 0.0       
   138 100000000. 3.04594E-5    146 320000000. 0.0           154 640000000. 0.0           162 960000000. 0.0       
   139 120000000. 2.16979E-5    147 360000000. 0.0           155 680000000. 0.0           163 1.00000E+9
 
                                                     MT=  5
 MAT 1628                         0.0        Kelvin Unshielded Cross Sections                          16-S -33 

   No.  Group-eV   Average      No.  Group-eV   Average      No.  Group-eV   Average      No.  Group-eV   Average

   128 35000000.0 5.43240E-7    137 90000000.0 2.58569E-5    146 320000000. 0.0           155 680000000. 0.0       
   129 40000000.0 1.06778E-5    138 100000000. 1.83288E-5    147 360000000. 0.0           156 720000000. 0.0       
   130 45000000.0 2.89912E-5    139 120000000. 1.22095E-5    148 400000000. 0.0           157 760000000. 0.0       
   131 50000000.0 4.18770E-5    140 140000000. 0.0           149 440000000. 0.0           158 800000000. 0.0       
   132 54000000.0 4.72203E-5    141 160000000. 0.0           150 480000000. 0.0           159 840000000. 0.0       
   133 55000000.0 5.20522E-5    142 180000000. 0.0           151 520000000. 0.0           160 880000000. 0.0       
   134 60000000.0 5.64942E-5    143 200000000. 0.0           152 560000000. 0.0           161 920000000. 0.0       
   135 70000000.0 4.57955E-5    144 240000000. 0.0           153 600000000. 0.0           162 960000000. 0.0       
   136 80000000.0 3.39969E-5    145 280000000. 0.0           154 640000000. 0.0           163 1.00000E+9
 
                                                     MT=  5
 MAT 1628                         0.0        Kelvin Unshielded Cross Sections                          16-S -33 

   No.  Group-eV   Average      No.  Group-eV   Average      No.  Group-eV   Average      No.  Group-eV   Average

   123 22000000.0 6.85348E-7    134 60000000.0 1.95300E-5    145 280000000. 0.0           156 720000000. 0.0       
   124 24000000.0 3.07770E-5    135 70000000.0 1.41275E-5    146 320000000. 0.0           157 760000000. 0.0       
   125 26000000.0 7.82915E-5    136 80000000.0 1.08155E-5    147 360000000. 0.0           158 800000000. 0.0       
   126 28000000.0 1.09931E-4    137 90000000.0 8.44529E-6    148 400000000. 0.0           159 840000000. 0.0       
   127 30000000.0 1.28273E-4    138 100000000. 6.04879E-6    149 440000000. 0.0           160 880000000. 0.0       
   128 35000000.0 1.08302E-4    139 120000000. 3.82592E-6    150 480000000. 0.0           161 920000000. 0.0       
   129 40000000.0 7.96071E-5    140 140000000. 0.0           151 520000000. 0.0           162 960000000. 0.0       
   130 45000000.0 5.30871E-5    141 160000000. 0.0           152 560000000. 0.0           163 1.00000E+9
   131 50000000.0 3.71778E-5    142 180000000. 0.0           153 600000000. 0.0       
   132 54000000.0 3.12779E-5    143 200000000. 0.0           154 640000000. 0.0       
   133 55000000.0 2.66140E-5    144 240000000. 0.0           155 680000000. 0.0       
 
                                                     MT=  5
 MAT 1628                         0.0        Kelvin Unshielded Cross Sections                          16-S -33 

   No.  Group-eV   Average      No.  Group-eV   Average      No.  Group-eV   Average      No.  Group-eV   Average

   102 8000000.00 2.12137E-5    118 16000000.0 .012742543    134 60000000.0 2.69338E-5    150 480000000. 0.0       
   103 8200000.00 6.38185E-5    119 17000000.0 .014727793    135 70000000.0 2.09218E-5    151 520000000. 0.0       
   104 8400000.00 1.06423E-4    120 18000000.0 .011443868    136 80000000.0 1.66357E-5    152 560000000. 0.0       
   105 8600000.00 1.49028E-4    121 19000000.0 .008669747    137 90000000.0 1.32914E-5    153 600000000. 0.0       
   106 8800000.00 1.91632E-4    122 20000000.0 .009152776    138 100000000. 9.31157E-6    154 640000000. 0.0       
   107 9000000.00 2.25104E-4    123 22000000.0 .005442497    139 120000000. 6.16650E-6    155 680000000. 0.0       
   108 9200000.00 2.49374E-4    124 24000000.0 .001653424    140 140000000. 0.0           156 720000000. 0.0       
   109 9400000.00 2.73645E-4    125 26000000.0 6.99034E-4    141 160000000. 0.0           157 760000000. 0.0       
   110 9600000.00 2.97915E-4    126 28000000.0 3.64971E-4    142 180000000. 0.0           158 800000000. 0.0       
   111 9800000.00 3.22185E-4    127 30000000.0 1.76127E-4    143 200000000. 0.0           159 840000000. 0.0       
   112 10000000.0 5.61098E-4    128 35000000.0 8.85490E-5    144 240000000. 0.0           160 880000000. 0.0       
   113 11000000.0 8.87236E-4    129 40000000.0 6.04235E-5    145 280000000. 0.0           161 920000000. 0.0       
   114 12000000.0 .001005116    130 45000000.0 4.68050E-5    146 320000000. 0.0           162 960000000. 0.0       
   115 13000000.0 .001599409    131 50000000.0 3.93005E-5    147 360000000. 0.0           163 1.00000E+9
   116 14000000.0 .003530035    132 54000000.0 3.60176E-5    148 400000000. 0.0       
   117 15000000.0 .007552809    133 55000000.0 3.29021E-5    149 440000000. 0.0       
 
                                                     MT=  5
 MAT 1628                         0.0        Kelvin Unshielded Cross Sections                          16-S -33 

   No.  Group-eV   Average      No.  Group-eV   Average      No.  Group-eV   Average      No.  Group-eV   Average

    97 7000000.00 7.24094E-6    114 12000000.0 .002115777    131 50000000.0 .005582838    148 400000000. 0.0       
    98 7200000.00 7.62505E-5    115 13000000.0 .005279597    132 54000000.0 .005690621    149 440000000. 0.0       
    99 7400000.00 1.59388E-4    116 14000000.0 .013477269    133 55000000.0 .005829974    150 480000000. 0.0       
   100 7600000.00 2.42525E-4    117 15000000.0 .032613573    134 60000000.0 .005971205    151 520000000. 0.0       
   101 7800000.00 3.25662E-4    118 16000000.0 .060066807    135 70000000.0 .005862895    152 560000000. 0.0       
   102 8000000.00 3.59935E-4    119 17000000.0 .074960796    136 80000000.0 .005689144    153 600000000. 0.0       
   103 8200000.00 3.44935E-4    120 18000000.0 .066574180    137 90000000.0 .005481242    154 640000000. 0.0       
   104 8400000.00 3.29935E-4    121 19000000.0 .062095539    138 100000000. .005176455    155 680000000. 0.0       
   105 8600000.00 3.14935E-4    122 20000000.0 .086029987    139 120000000. .004684015    156 720000000. 0.0       
   106 8800000.00 2.99935E-4    123 22000000.0 .065577539    140 140000000. 0.0           157 760000000. 0.0       
   107 9000000.00 2.95485E-4    124 24000000.0 .027011004    141 160000000. 0.0           158 800000000. 0.0       
   108 9200000.00 3.01663E-4    125 26000000.0 .016432002    142 180000000. 0.0           159 840000000. 0.0       
   109 9400000.00 3.07841E-4    126 28000000.0 .012807504    143 200000000. 0.0           160 880000000. 0.0       
   110 9600000.00 3.14018E-4    127 30000000.0 .010081667    144 240000000. 0.0           161 920000000. 0.0       
   111 9800000.00 3.20196E-4    128 35000000.0 .007471573    145 280000000. 0.0           162 960000000. 0.0       
   112 10000000.0 4.60700E-4    129 40000000.0 .006168934    146 320000000. 0.0           163 1.00000E+9
   113 11000000.0 9.44502E-4    130 45000000.0 .005588090    147 360000000. 0.0       
 
