  Linearize ENDF/B Cross Sections (LINEAR 2019-1)
  ------------------------------------------------------------------------------
  Retrieval Criteria-----------        MAT
  Monitor Mode-----------------        Off
  Minimum Cross Section-------- 1.0000E-10
  Keep Evaluated Data Points---        Yes
  ------------------------------------------------------------------------------
  ENDF/B Input and Output Data Filenames
  LINEAR.IN                                                               
  LINEAR.OUT                                                              
  ------------------------------------------------------------------------------
  Requested Ranges
  ------------------------------------------------------------------------------
       Minimum       Maximum   
     MAT MF  MT    MAT MF  MT
  ------------------------------------------------------------------------------
       0  0   0 999999 99 999
  ------------------------------------------------------------------------------
  Allowable Uncertainty
  ------------------------------------------------------------------------------
      Energy Uncertainty   per-cent
  ------------------------------------------------------------------------------
  0.0         1.0000E-10     0.0000
  ------------------------------------------------------------------------------
  ENDF/B Tape Label
  ------------------------------------------------------------------------------
  Retrieved by E4-util: 2019/11/11,14:58:52                            1
  ------------------------------------------------------------------------------
    Material  MAT  MF  MT  ENDF/B      Kelvin     Q-Value   Points   Points
                           Format                      eV       In      Out
  ------------------------------------------------------------------------------
   76-Os-192 7649   3   3   VI     0.0         0.0              88       88
   76-Os-192 7649   3   5   VI     0.0         0.0              88       88
  ------------------------------------------------------------------------------
                                               MAT Totals      176      176
  ------------------------------------------------------------------------------
 ------------------------------------------------------------------------------
 All Cross Sections Read. Maximum Tabulated Energy =  200000000. eV
 ------------------------------------------------------------------------------
 ===============================================================================
      MAT Total Execution Time                0.04 Seconds
 ===============================================================================
  ------------------------------------------------------------------------------
                                              Tape Totals      176      176
  ------------------------------------------------------------------------------
 ===============================================================================
 LINEAR   Total Execution Time                0.04 Seconds
 ===============================================================================
