 ENDF Activation Cross Sections (ACTIVATE 2019-1)
 ------------------------------------------------------------------------------
 ENDF Input and Output Data Filenames
 ------------------------------------------------------------------------------
 ACTIVATE.IN                                                             
 ACTIVATE.OUT                                                            
 ------------------------------------------------------------------------------
 ENDF Tape Label
 ------------------------------------------------------------------------------
  EMPEND Processing file : y89-g.out                                  1
 ------------------------------------------------------------------------------
   Material  MAT  MF  MT  ENDF    ZAP Final      Q-Value Points Points
                          Format      State           eV     In    Out
 ------------------------------------------------------------------------------
  39-Y -89  3925  10   5   6        1     0   0.0            86     86
  39-Y -89  3925  10   5   6     1001     0   0.0            86     86
  39-Y -89  3925  10   5   6     1002     0   0.0            86     86
  39-Y -89  3925  10   5   6     1003     0   0.0            86     86
  39-Y -89  3925  10   5   6     2003     0   0.0            86     86
  39-Y -89  3925  10   5   6     2004     0   0.0            86     86
  39-Y -89  3925  10   5   6    26061     0   0.0            86     86
  39-Y -89  3925  10   5   6    26062     0   0.0            86     86
  39-Y -89  3925  10   5   6    26063     0   0.0            86     86
  39-Y -89  3925  10   5   6    27062     0   0.0            86     86
  39-Y -89  3925  10   5   6    27063     0   0.0            86     86
  39-Y -89  3925  10   5   6    27064     0   0.0            86     86
  39-Y -89  3925  10   5   6    27065     0   0.0            86     86
  39-Y -89  3925  10   5   6    27066     0   0.0            86     86
  39-Y -89  3925  10   5   6    28063     0   0.0            86     86
  39-Y -89  3925  10   5   6    28064     0   0.0            86     86
  39-Y -89  3925  10   5   6    28065     0   0.0            86     86
  39-Y -89  3925  10   5   6    28066     0   0.0            86     86
  39-Y -89  3925  10   5   6    28067     0   0.0            86     86
  39-Y -89  3925  10   5   6    28068     0   0.0            86     86
  39-Y -89  3925  10   5   6    28069     0   0.0            86     86
  39-Y -89  3925  10   5   6    29064     0   0.0            86     86
  39-Y -89  3925  10   5   6    29065     0   0.0            86     86
  39-Y -89  3925  10   5   6    29066     0   0.0            86     86
  39-Y -89  3925  10   5   6    29067     0   0.0            86     86
  39-Y -89  3925  10   5   6    29068     0   0.0            86     86
  39-Y -89  3925  10   5   6    29069     0   0.0            86     86
  39-Y -89  3925  10   5   6    29070     0   0.0            86     86
  39-Y -89  3925  10   5   6    29071     0   0.0            86     86
  39-Y -89  3925  10   5   6    29072     0   0.0            86     86
  39-Y -89  3925  10   5   6    30065     0   0.0            86     86
  39-Y -89  3925  10   5   6    30066     0   0.0            86     86
  39-Y -89  3925  10   5   6    30067     0   0.0            86     86
  39-Y -89  3925  10   5   6    30068     0   0.0            86     86
  39-Y -89  3925  10   5   6    30069     0   0.0            86     86
  39-Y -89  3925  10   5   6    30070     0   0.0            86     86
  39-Y -89  3925  10   5   6    30071     0   0.0            86     86
  39-Y -89  3925  10   5   6    30072     0   0.0            86     86
  39-Y -89  3925  10   5   6    30073     0   0.0            86     86
  39-Y -89  3925  10   5   6    30074     0   0.0            86     86
  39-Y -89  3925  10   5   6    30075     0   0.0            86     86
  39-Y -89  3925  10   5   6    31066     0   0.0            86     86
  39-Y -89  3925  10   5   6    31067     0   0.0            86     86
  39-Y -89  3925  10   5   6    31068     0   0.0            86     86
  39-Y -89  3925  10   5   6    31069     0   0.0            86     86
  39-Y -89  3925  10   5   6    31070     0   0.0            86     86
  39-Y -89  3925  10   5   6    31071     0   0.0            86     86
  39-Y -89  3925  10   5   6    31072     0   0.0            86     86
  39-Y -89  3925  10   5   6    31073     0   0.0            86     86
  39-Y -89  3925  10   5   6    31074     0   0.0            86     86
  39-Y -89  3925  10   5   6    31075     0   0.0            86     86
  39-Y -89  3925  10   5   6    31076     0   0.0            86     86
  39-Y -89  3925  10   5   6    31077     0   0.0            86     86
  39-Y -89  3925  10   5   6    32068     0   0.0            86     86
  39-Y -89  3925  10   5   6    32069     0   0.0            86     86
  39-Y -89  3925  10   5   6    32070     0   0.0            86     86
  39-Y -89  3925  10   5   6    32071     0   0.0            86     86
  39-Y -89  3925  10   5   6    32072     0   0.0            86     86
  39-Y -89  3925  10   5   6    32073     0   0.0            86     86
  39-Y -89  3925  10   5   6    32074     0   0.0            86     86
  39-Y -89  3925  10   5   6    32075     0   0.0            86     86
  39-Y -89  3925  10   5   6    32076     0   0.0            86     86
  39-Y -89  3925  10   5   6    32077     0   0.0            86     86
  39-Y -89  3925  10   5   6    32078     0   0.0            86     86
  39-Y -89  3925  10   5   6    32079     0   0.0            86     86
  39-Y -89  3925  10   5   6    33069     0   0.0            86     86
  39-Y -89  3925  10   5   6    33070     0   0.0            86     86
  39-Y -89  3925  10   5   6    33071     0   0.0            86     86
  39-Y -89  3925  10   5   6    33072     0   0.0            86     86
  39-Y -89  3925  10   5   6    33073     0   0.0            86     86
  39-Y -89  3925  10   5   6    33074     0   0.0            86     86
  39-Y -89  3925  10   5   6    33075     0   0.0            86     86
  39-Y -89  3925  10   5   6    33076     0   0.0            86     86
  39-Y -89  3925  10   5   6    33077     0   0.0            86     86
  39-Y -89  3925  10   5   6    33078     0   0.0            86     86
  39-Y -89  3925  10   5   6    33079     0   0.0            86     86
  39-Y -89  3925  10   5   6    33080     0   0.0            86     86
  39-Y -89  3925  10   5   6    33081     0   0.0            86     86
  39-Y -89  3925  10   5   6    33082     0   0.0            86     86
  39-Y -89  3925  10   5   6    34071     0   0.0            86     86
  39-Y -89  3925  10   5   6    34072     0   0.0            86     86
  39-Y -89  3925  10   5   6    34073     0   0.0            86     86
  39-Y -89  3925  10   5   6    34074     0   0.0            86     86
  39-Y -89  3925  10   5   6    34075     0   0.0            86     86
  39-Y -89  3925  10   5   6    34076     0   0.0            86     86
  39-Y -89  3925  10   5   6    34077     0   0.0            86     86
  39-Y -89  3925  10   5   6    34078     0   0.0            86     86
  39-Y -89  3925  10   5   6    34079     0   0.0            86     86
  39-Y -89  3925  10   5   6    34080     0   0.0            86     86
  39-Y -89  3925  10   5   6    34081     0   0.0            86     86
  39-Y -89  3925  10   5   6    34082     0   0.0            86     86
  39-Y -89  3925  10   5   6    34083     0   0.0            86     86
  39-Y -89  3925  10   5   6    35073     0   0.0            86     86
  39-Y -89  3925  10   5   6    35074     0   0.0            86     86
  39-Y -89  3925  10   5   6    35075     0   0.0            86     86
  39-Y -89  3925  10   5   6    35076     0   0.0            86     86
  39-Y -89  3925  10   5   6    35077     0   0.0            86     86
  39-Y -89  3925  10   5   6    35078     0   0.0            86     86
  39-Y -89  3925  10   5   6    35079     0   0.0            86     86
  39-Y -89  3925  10   5   6    35080     0   0.0            86     86
  39-Y -89  3925  10   5   6    35081     0   0.0            86     86
  39-Y -89  3925  10   5   6    35082     0   0.0            86     86
  39-Y -89  3925  10   5   6    35083     0   0.0            86     86
  39-Y -89  3925  10   5   6    35084     0   0.0            86     86
  39-Y -89  3925  10   5   6    35085     0   0.0            86     86
  39-Y -89  3925  10   5   6    36075     0   0.0            86     86
  39-Y -89  3925  10   5   6    36076     0   0.0            86     86
  39-Y -89  3925  10   5   6    36077     0   0.0            86     86
  39-Y -89  3925  10   5   6    36078     0   0.0            86     86
  39-Y -89  3925  10   5   6    36079     0   0.0            86     86
  39-Y -89  3925  10   5   6    36080     0   0.0            86     86
  39-Y -89  3925  10   5   6    36081     0   0.0            86     86
  39-Y -89  3925  10   5   6    36082     0   0.0            86     86
  39-Y -89  3925  10   5   6    36083     0   0.0            86     86
  39-Y -89  3925  10   5   6    36084     0   0.0            86     86
  39-Y -89  3925  10   5   6    36085     0   0.0            86     86
  39-Y -89  3925  10   5   6    37077     0   0.0            86     86
  39-Y -89  3925  10   5   6    37078     0   0.0            86     86
  39-Y -89  3925  10   5   6    37079     0   0.0            86     86
  39-Y -89  3925  10   5   6    37080     0   0.0            86     86
  39-Y -89  3925  10   5   6    37081     0   0.0            86     86
  39-Y -89  3925  10   5   6    37082     0   0.0            86     86
  39-Y -89  3925  10   5   6    37083     0   0.0            86     86
  39-Y -89  3925  10   5   6    37084     0   0.0            86     86
  39-Y -89  3925  10   5   6    37085     0   0.0            86     86
  39-Y -89  3925  10   5   6    37086     0   0.0            86     86
  39-Y -89  3925  10   5   6    38079     0   0.0            86     86
  39-Y -89  3925  10   5   6    38080     0   0.0            86     86
  39-Y -89  3925  10   5   6    38081     0   0.0            86     86
  39-Y -89  3925  10   5   6    38082     0   0.0            86     86
  39-Y -89  3925  10   5   6    38083     0   0.0            86     86
  39-Y -89  3925  10   5   6    38084     0   0.0            86     86
  39-Y -89  3925  10   5   6    38085     0   0.0            86     86
  39-Y -89  3925  10   5   6    38086     0   0.0            86     86
  39-Y -89  3925  10   5   6    38087     0   0.0            86     86
  39-Y -89  3925  10   5   6    39082     0   0.0            86     86
  39-Y -89  3925  10   5   6    39083     0   0.0            86     86
  39-Y -89  3925  10   5   6    39084     0   0.0            86     86
  39-Y -89  3925  10   5   6    39085     0   0.0            86     86
  39-Y -89  3925  10   5   6        0     0   0.0            86     86
 ------------------------------------------------------------------------------
                                              MAT Totals  12040  12040
 ------------------------------------------------------------------------------
 ------------------------------------------------------------------------------
 All Cross Sections Read. Maximum Tabulated Energy =  200000000. eV
 ------------------------------------------------------------------------------
 ===============================================================================
      MAT Total Execution Time                1.31 Seconds
 ===============================================================================
 ------------------------------------------------------------------------------
                                             Tape Totals  12040  12040
 ------------------------------------------------------------------------------
 ===============================================================================
 ACTIVATE Total Execution Time                1.31 Seconds
 ===============================================================================
