 Create New Section Index (DICTIN 2019-1)
 ------------------------------------------------------------
 ENDF/B Input and Output Data Filenames
 ------------------------------------------------------------
 DICTIN.IN                                                               
 DICTIN.OUT                                                              
 ------------------------------------------------------------
 First Pass. Reading ENDF/B Data
 ------------------------------------------------------------
  MAT   Messages
 ------------------------------------------------------------
 3925
 ------------------------------------------------------------
 Second Pass. Creating New Index
 ------------------------------------------------------------
 ENDF/B  MAT MF  MT  Lines  Mod
 Format
 ------------------------------------------------------------
  VI    3925  1 451    564    1
        3925  3   1     78    1
        3925  3   4     54    1
        3925  3   5     77    1
        3925  3  11     16    1
        3925  3  16     25    1
        3925  3  17     14    1
        3925  3  22     29    1
        3925  3  28     29    1
        3925  3  32     21    1
        3925  3  33     17    1
        3925  3  34     17    1
        3925  3  41     19    1
        3925  3  42     10    1
        3925  3  44     18    1
        3925  3  50     54    1
        3925  3  51     50    1
        3925  3  52     48    1
        3925  3  53     46    1
        3925  3  54     46    1
        3925  3  55     46    1
        3925  3  56     45    1
        3925  3  57     45    1
        3925  3  58     45    1
        3925  3  59     44    1
        3925  3  60     44    1
        3925  3  61     43    1
        3925  3  62     43    1
        3925  3  63     43    1
        3925  3  64     42    1
        3925  3  65     42    1
        3925  3  66     42    1
        3925  3  67     41    1
        3925  3  68     41    1
        3925  3  69     41    1
        3925  3  70     40    1
        3925  3  71     40    1
        3925  3  72     40    1
        3925  3  74     39    1
        3925  3  75     39    1
        3925  3  76     38    1
        3925  3  77     38    1
        3925  3  78     38    1
        3925  3  79     37    1
        3925  3  80     37    1
        3925  3  81     37    1
        3925  3  82     36    1
        3925  3  83     36    1
        3925  3  84     35    1
        3925  3  91     36    1
        3925  3 102     78    1
        3925  3 104     32    1
        3925  3 105     30    1
        3925  3 106     27    1
        3925  3 111     30    1
        3925  3 112     33    1
        3925  3 115     20    1
        3925  3 116     18    1
        3925  3 600     77    1
        3925  3 601     71    1
        3925  3 602     65    1
        3925  3 603     61    1
        3925  3 604     61    1
        3925  3 605     61    1
        3925  3 606     60    1
        3925  3 607     60    1
        3925  3 608     59    1
        3925  3 609     59    1
        3925  3 610     58    1
        3925  3 611     58    1
        3925  3 612     58    1
        3925  3 613     57    1
        3925  3 614     57    1
        3925  3 615     57    1
        3925  3 616     56    1
        3925  3 617     56    1
        3925  3 618     56    1
        3925  3 619     55    1
        3925  3 620     55    1
        3925  3 621     55    1
        3925  3 622     54    1
        3925  3 623     54    1
        3925  3 624     53    1
        3925  3 625     53    1
        3925  3 626     52    1
        3925  3 627     52    1
        3925  3 628     52    1
        3925  3 629     51    1
        3925  3 630     51    1
        3925  3 631     51    1
        3925  3 632     50    1
        3925  3 633     50    1
        3925  3 634     49    1
        3925  3 635     49    1
        3925  3 636     49    1
        3925  3 637     48    1
        3925  3 638     48    1
        3925  3 639     47    1
        3925  3 649     47    1
        3925  3 800     77    1
        3925  3 801     76    1
        3925  3 802     75    1
        3925  3 803     74    1
        3925  3 804     73    1
        3925  3 805     73    1
        3925  3 806     72    1
        3925  3 807     72    1
        3925  3 808     72    1
        3925  3 809     71    1
        3925  3 810     70    1
        3925  3 811     70    1
        3925  3 812     70    1
        3925  3 813     69    1
        3925  3 814     69    1
        3925  3 815     69    1
        3925  3 816     68    1
        3925  3 817     68    1
        3925  3 818     67    1
        3925  3 819     67    1
        3925  3 820     67    1
        3925  3 821     66    1
        3925  3 822     66    1
        3925  3 823     66    1
        3925  3 824     65    1
        3925  3 825     65    1
        3925  3 826     64    1
        3925  3 827     64    1
        3925  3 828     64    1
        3925  3 829     63    1
        3925  3 830     63    1
        3925  3 831     62    1
        3925  3 832     62    1
        3925  3 849     62    1
        3925 10   5    665    1
        3925 10  22     10    1
        3925 10  23      8    1
        3925 10  24     16    1
        3925 10  25      9    1
        3925 10  29     13    1
        3925 10  30      9    1
        3925 10  35      9    1
        3925 10  36      7    1
        3925 10  37      9    1
        3925 10  45     16    1
        3925 10 108     20    1
        3925 10 109     11    1
        3925 10 112     10    1
        3925 10 114      8    1
 ------------------------------------------------------------
 Original Line Count   8621
 Final Line Count      8280
 ------------------------------------------------------------
 ===============================================================================
 DICTIN   Total Execution Time                0.03 Seconds
 ===============================================================================
