 Process ENDF/B Double Differential Data - MF=6 (SIXPAK 2019-1)
 ==============================================================================
 ENDF/B Input Data Filename
 SIXPAK.IN                                                               
 ------------------------------------------------------------------------------
 Requested Ranges
 ------------------------------------------------------------------------------
    Minimum    Maximum   
    MAT  MT    MAT  MT
 ------------------------------------------------------------------------------
      1   1   9999 999
 ==============================================================================
 Terminology
 ------------------------------------------------------------------------------
 LCT  = Reference System (Lab or Center-of-Mass)
 LIP  = Product Modifier, e.g., for Isomeric States
 LAW  = Representation of Data - see, List at End of Output
 LANG = 1     = Legendre     (LAW 1)
      = 2     = Kalbach-Mann (LAW 1)
      = 11-15 = Tabulated    (LAW 1)
      = 0     = Legendre     (LAW 2)
      = 11-15 = Tabulated    (LAW 2)
 LTP  = 1-2   = Legendre     (LAW 5)
      = 11-15 = Tabulated    (LAW 5)
 LEP  = Secondary Energy Interpolation Type(1 to 5)
 ==============================================================================
 Tape Label
 ------------------------------------------------------------------------------
  EMPEND Processing file : y89-g.out                                  1
 ------------------------------------------------------------------------------
 WARNING: MT=5 is ALLOWED in MF=6, but NOT in MF=4 or 5.
          see ENDF-102 - Strictly for diagnostic purposes
          this code will Translate MF=6 Data - but be
          WARNED - the results should not be used in ANY          APPLICATIONS.
 ------------------------------------------------------------------------------
 ==============================================================================
 Projectile   Target    Emitted    MAT  MT LCT LIP LAW LANG  LEP  ENDF/B
                                                        LTP       Output
 ==============================================================================
  Photon     39-Y -89   Neutron   3925   5 cm    0   1    1    2      
  Photon     39-Y -89    1-H -1   3925   5 cm    0   1    1    2      
 ------------------------------------------------------------------------------
 E= 1.0000E+08 EP= 0.0000E+00 Angular Distribution Negative at Cos=-1  
  Photon     39-Y -89    1-H -2   3925   5 cm    0   1    1    2      
  Photon     39-Y -89    1-H -3   3925   5 cm    0   1    1    2      
  Photon     39-Y -89    2-He-3   3925   5 cm    0   1    1    2      
 ------------------------------------------------------------------------------
 E= 2.0000E+08 EP= 0.0000E+00 Angular Distribution Negative at Cos=-1  
  Photon     39-Y -89    2-He-4   3925   5 cm    0   1    1    2      
  Photon     39-Y -89   26-Fe-61  3925   5 cm    0   1    1    2      
  Photon     39-Y -89   26-Fe-62  3925   5 cm    0   1    1    2      
  Photon     39-Y -89   26-Fe-63  3925   5 cm    0   1    1    2      
  Photon     39-Y -89   27-Co-62  3925   5 cm    0   1    1    2      
  Photon     39-Y -89   27-Co-63  3925   5 cm    0   1    1    2      
  Photon     39-Y -89   27-Co-64  3925   5 cm    0   1    1    2      
  Photon     39-Y -89   27-Co-65  3925   5 cm    0   1    1    2      
  Photon     39-Y -89   27-Co-66  3925   5 cm    0   1    1    2      
  Photon     39-Y -89   28-Ni-63  3925   5 cm    0   1    1    2      
  Photon     39-Y -89   28-Ni-64  3925   5 cm    0   1    1    2      
  Photon     39-Y -89   28-Ni-65  3925   5 cm    0   1    1    2      
  Photon     39-Y -89   28-Ni-66  3925   5 cm    0   1    1    2      
  Photon     39-Y -89   28-Ni-67  3925   5 cm    0   1    1    2      
  Photon     39-Y -89   28-Ni-68  3925   5 cm    0   1    1    2      
  Photon     39-Y -89   28-Ni-69  3925   5 cm    0   1    1    2      
  Photon     39-Y -89   29-Cu-64  3925   5 cm    0   1    1    2      
  Photon     39-Y -89   29-Cu-65  3925   5 cm    0   1    1    2      
  Photon     39-Y -89   29-Cu-66  3925   5 cm    0   1    1    2      
  Photon     39-Y -89   29-Cu-67  3925   5 cm    0   1    1    2      
  Photon     39-Y -89   29-Cu-68  3925   5 cm    0   1    1    2      
  Photon     39-Y -89   29-Cu-69  3925   5 cm    0   1    1    2      
  Photon     39-Y -89   29-Cu-70  3925   5 cm    0   1    1    2      
  Photon     39-Y -89   29-Cu-71  3925   5 cm    0   1    1    2      
  Photon     39-Y -89   29-Cu-72  3925   5 cm    0   1    1    2      
  Photon     39-Y -89   30-Zn-65  3925   5 cm    0   1    1    2      
  Photon     39-Y -89   30-Zn-66  3925   5 cm    0   1    1    2      
  Photon     39-Y -89   30-Zn-67  3925   5 cm    0   1    1    2      
  Photon     39-Y -89   30-Zn-68  3925   5 cm    0   1    1    2      
  Photon     39-Y -89   30-Zn-69  3925   5 cm    0   1    1    2      
  Photon     39-Y -89   30-Zn-70  3925   5 cm    0   1    1    2      
  Photon     39-Y -89   30-Zn-71  3925   5 cm    0   1    1    2      
  Photon     39-Y -89   30-Zn-72  3925   5 cm    0   1    1    2      
  Photon     39-Y -89   30-Zn-73  3925   5 cm    0   1    1    2      
  Photon     39-Y -89   30-Zn-74  3925   5 cm    0   1    1    2      
  Photon     39-Y -89   30-Zn-75  3925   5 cm    0   1    1    2      
  Photon     39-Y -89   31-Ga-66  3925   5 cm    0   1    1    2      
  Photon     39-Y -89   31-Ga-67  3925   5 cm    0   1    1    2      
  Photon     39-Y -89   31-Ga-68  3925   5 cm    0   1    1    2      
  Photon     39-Y -89   31-Ga-69  3925   5 cm    0   1    1    2      
  Photon     39-Y -89   31-Ga-70  3925   5 cm    0   1    1    2      
  Photon     39-Y -89   31-Ga-71  3925   5 cm    0   1    1    2      
  Photon     39-Y -89   31-Ga-72  3925   5 cm    0   1    1    2      
  Photon     39-Y -89   31-Ga-73  3925   5 cm    0   1    1    2      
  Photon     39-Y -89   31-Ga-74  3925   5 cm    0   1    1    2      
  Photon     39-Y -89   31-Ga-75  3925   5 cm    0   1    1    2      
  Photon     39-Y -89   31-Ga-76  3925   5 cm    0   1    1    2      
  Photon     39-Y -89   31-Ga-77  3925   5 cm    0   1    1    2      
  Photon     39-Y -89   32-Ge-68  3925   5 cm    0   1    1    2      
  Photon     39-Y -89   32-Ge-69  3925   5 cm    0   1    1    2      
  Photon     39-Y -89   32-Ge-70  3925   5 cm    0   1    1    2      
  Photon     39-Y -89   32-Ge-71  3925   5 cm    0   1    1    2      
  Photon     39-Y -89   32-Ge-72  3925   5 cm    0   1    1    2      
  Photon     39-Y -89   32-Ge-73  3925   5 cm    0   1    1    2      
  Photon     39-Y -89   32-Ge-74  3925   5 cm    0   1    1    2      
  Photon     39-Y -89   32-Ge-75  3925   5 cm    0   1    1    2      
  Photon     39-Y -89   32-Ge-76  3925   5 cm    0   1    1    2      
  Photon     39-Y -89   32-Ge-77  3925   5 cm    0   1    1    2      
  Photon     39-Y -89   32-Ge-78  3925   5 cm    0   1    1    2      
  Photon     39-Y -89   32-Ge-79  3925   5 cm    0   1    1    2      
  Photon     39-Y -89   33-As-69  3925   5 cm    0   1    1    2      
  Photon     39-Y -89   33-As-70  3925   5 cm    0   1    1    2      
  Photon     39-Y -89   33-As-71  3925   5 cm    0   1    1    2      
  Photon     39-Y -89   33-As-72  3925   5 cm    0   1    1    2      
  Photon     39-Y -89   33-As-73  3925   5 cm    0   1    1    2      
  Photon     39-Y -89   33-As-74  3925   5 cm    0   1    1    2      
  Photon     39-Y -89   33-As-75  3925   5 cm    0   1    1    2      
  Photon     39-Y -89   33-As-76  3925   5 cm    0   1    1    2      
  Photon     39-Y -89   33-As-77  3925   5 cm    0   1    1    2      
  Photon     39-Y -89   33-As-78  3925   5 cm    0   1    1    2      
  Photon     39-Y -89   33-As-79  3925   5 cm    0   1    1    2      
  Photon     39-Y -89   33-As-80  3925   5 cm    0   1    1    2      
  Photon     39-Y -89   33-As-81  3925   5 cm    0   1    1    2      
  Photon     39-Y -89   33-As-82  3925   5 cm    0   1    1    2      
  Photon     39-Y -89   34-Se-71  3925   5 cm    0   1    1    2      
  Photon     39-Y -89   34-Se-72  3925   5 cm    0   1    1    2      
  Photon     39-Y -89   34-Se-73  3925   5 cm    0   1    1    2      
  Photon     39-Y -89   34-Se-74  3925   5 cm    0   1    1    2      
  Photon     39-Y -89   34-Se-75  3925   5 cm    0   1    1    2      
  Photon     39-Y -89   34-Se-76  3925   5 cm    0   1    1    2      
  Photon     39-Y -89   34-Se-77  3925   5 cm    0   1    1    2      
  Photon     39-Y -89   34-Se-78  3925   5 cm    0   1    1    2      
  Photon     39-Y -89   34-Se-79  3925   5 cm    0   1    1    2      
  Photon     39-Y -89   34-Se-80  3925   5 cm    0   1    1    2      
  Photon     39-Y -89   34-Se-81  3925   5 cm    0   1    1    2      
  Photon     39-Y -89   34-Se-82  3925   5 cm    0   1    1    2      
  Photon     39-Y -89   34-Se-83  3925   5 cm    0   1    1    2      
  Photon     39-Y -89   35-Br-73  3925   5 cm    0   1    1    2      
  Photon     39-Y -89   35-Br-74  3925   5 cm    0   1    1    2      
  Photon     39-Y -89   35-Br-75  3925   5 cm    0   1    1    2      
  Photon     39-Y -89   35-Br-76  3925   5 cm    0   1    1    2      
  Photon     39-Y -89   35-Br-77  3925   5 cm    0   1    1    2      
  Photon     39-Y -89   35-Br-78  3925   5 cm    0   1    1    2      
  Photon     39-Y -89   35-Br-79  3925   5 cm    0   1    1    2      
  Photon     39-Y -89   35-Br-80  3925   5 cm    0   1    1    2      
  Photon     39-Y -89   35-Br-81  3925   5 cm    0   1    1    2      
  Photon     39-Y -89   35-Br-82  3925   5 cm    0   1    1    2      
  Photon     39-Y -89   35-Br-83  3925   5 cm    0   1    1    2      
  Photon     39-Y -89   35-Br-84  3925   5 cm    0   1    1    2      
  Photon     39-Y -89   35-Br-85  3925   5 cm    0   1    1    2      
  Photon     39-Y -89   36-Kr-75  3925   5 cm    0   1    1    2      
  Photon     39-Y -89   36-Kr-76  3925   5 cm    0   1    1    2      
  Photon     39-Y -89   36-Kr-77  3925   5 cm    0   1    1    2      
  Photon     39-Y -89   36-Kr-78  3925   5 cm    0   1    1    2      
  Photon     39-Y -89   36-Kr-79  3925   5 cm    0   1    1    2      
  Photon     39-Y -89   36-Kr-80  3925   5 cm    0   1    1    2      
  Photon     39-Y -89   36-Kr-81  3925   5 cm    0   1    1    2      
  Photon     39-Y -89   36-Kr-82  3925   5 cm    0   1    1    2      
  Photon     39-Y -89   36-Kr-83  3925   5 cm    0   1    1    2      
  Photon     39-Y -89   36-Kr-84  3925   5 cm    0   1    1    2      
  Photon     39-Y -89   36-Kr-85  3925   5 cm    0   1    1    2      
  Photon     39-Y -89   37-Rb-77  3925   5 cm    0   1    1    2      
  Photon     39-Y -89   37-Rb-78  3925   5 cm    0   1    1    2      
  Photon     39-Y -89   37-Rb-79  3925   5 cm    0   1    1    2      
  Photon     39-Y -89   37-Rb-80  3925   5 cm    0   1    1    2      
  Photon     39-Y -89   37-Rb-81  3925   5 cm    0   1    1    2      
  Photon     39-Y -89   37-Rb-82  3925   5 cm    0   1    1    2      
  Photon     39-Y -89   37-Rb-83  3925   5 cm    0   1    1    2      
  Photon     39-Y -89   37-Rb-84  3925   5 cm    0   1    1    2      
  Photon     39-Y -89   37-Rb-85  3925   5 cm    0   1    1    2      
  Photon     39-Y -89   37-Rb-86  3925   5 cm    0   1    1    2      
  Photon     39-Y -89   38-Sr-79  3925   5 cm    0   1    1    2      
  Photon     39-Y -89   38-Sr-80  3925   5 cm    0   1    1    2      
  Photon     39-Y -89   38-Sr-81  3925   5 cm    0   1    1    2      
  Photon     39-Y -89   38-Sr-82  3925   5 cm    0   1    1    2      
  Photon     39-Y -89   38-Sr-83  3925   5 cm    0   1    1    2      
  Photon     39-Y -89   38-Sr-84  3925   5 cm    0   1    1    2      
  Photon     39-Y -89   38-Sr-85  3925   5 cm    0   1    1    2      
  Photon     39-Y -89   38-Sr-86  3925   5 cm    0   1    1    2      
  Photon     39-Y -89   38-Sr-87  3925   5 cm    0   1    1    2      
  Photon     39-Y -89   39-Y -82  3925   5 cm    0   1    1    2      
  Photon     39-Y -89   39-Y -83  3925   5 cm    0   1    1    2      
  Photon     39-Y -89   39-Y -84  3925   5 cm    0   1    1    2      
  Photon     39-Y -89   39-Y -85  3925   5 cm    0   1    1    2      
  Photon     39-Y -89   Photon    3925   5 cm    0   1    1    2      
  Photon     39-Y -89   Neutron   3925  11 cm    0   1    1    2      
  Photon     39-Y -89    1-H -2   3925  11 cm    0   1    1    2      
  Photon     39-Y -89   Photon    3925  11 cm    0   1    1    2      
  Photon     39-Y -89   Neutron   3925  16 cm    0   1    1    2      
  Photon     39-Y -89   39-Y -87  3925  16 cm    0   1    1    2      
  Photon     39-Y -89   Photon    3925  16 cm    0   1    1    2      
  Photon     39-Y -89   Neutron   3925  17 cm    0   1    1    2      
  Photon     39-Y -89   39-Y -86  3925  17 cm    0   1    1    2      
  Photon     39-Y -89   Photon    3925  17 cm    0   1    1    2      
  Photon     39-Y -89   Neutron   3925  22 cm    0   1    1    2      
  Photon     39-Y -89    2-He-4   3925  22 cm    0   1    1    2      
  Photon     39-Y -89   Photon    3925  22 cm    0   1    1    2      
  Photon     39-Y -89   Neutron   3925  28 cm    0   1    1    2      
  Photon     39-Y -89    1-H -1   3925  28 cm    0   1    1    2      
  Photon     39-Y -89   Neutron   3925  32 cm    0   1    1    2      
  Photon     39-Y -89    1-H -2   3925  32 cm    0   1    1    2      
  Photon     39-Y -89   Photon    3925  32 cm    0   1    1    2      
  Photon     39-Y -89   Neutron   3925  33 cm    0   1    1    2      
  Photon     39-Y -89    1-H -3   3925  33 cm    0   1    1    2      
  Photon     39-Y -89   Photon    3925  33 cm    0   1    1    2      
  Photon     39-Y -89   Neutron   3925  34 cm    0   1    1    2      
  Photon     39-Y -89    2-He-3   3925  34 cm    0   1    1    2      
  Photon     39-Y -89   Photon    3925  34 cm    0   1    1    2      
  Photon     39-Y -89   Neutron   3925  41 cm    0   1    1    2      
  Photon     39-Y -89    1-H -1   3925  41 cm    0   1    1    2      
  Photon     39-Y -89   Photon    3925  41 cm    0   1    1    2      
  Photon     39-Y -89   Neutron   3925  42 cm    0   1    1    2      
  Photon     39-Y -89    1-H -1   3925  42 cm    0   1    1    2      
  Photon     39-Y -89   Photon    3925  42 cm    0   1    1    2      
  Photon     39-Y -89   Neutron   3925  44 cm    0   1    1    2      
  Photon     39-Y -89    1-H -1   3925  44 cm    0   1    1    2      
  Photon     39-Y -89   Photon    3925  44 cm    0   1    1    2      
  Photon     39-Y -89   Neutron   3925  50 cm    0   2    0           
  Photon     39-Y -89   Neutron   3925  51 cm    0   2    0           
  Photon     39-Y -89   Neutron   3925  52 cm    0   2    0           
  Photon     39-Y -89   Neutron   3925  53 cm    0   2    0           
  Photon     39-Y -89   Neutron   3925  54 cm    0   2    0           
  Photon     39-Y -89   Neutron   3925  55 cm    0   2    0           
  Photon     39-Y -89   Neutron   3925  56 cm    0   2    0           
  Photon     39-Y -89   Neutron   3925  57 cm    0   2    0           
  Photon     39-Y -89   Neutron   3925  58 cm    0   2    0           
  Photon     39-Y -89   Neutron   3925  59 cm    0   2    0           
  Photon     39-Y -89   Neutron   3925  60 cm    0   2    0           
  Photon     39-Y -89   Neutron   3925  61 cm    0   2    0           
  Photon     39-Y -89   Neutron   3925  62 cm    0   2    0           
  Photon     39-Y -89   Neutron   3925  63 cm    0   2    0           
  Photon     39-Y -89   Neutron   3925  64 cm    0   2    0           
  Photon     39-Y -89   Neutron   3925  65 cm    0   2    0           
  Photon     39-Y -89   Neutron   3925  66 cm    0   2    0           
  Photon     39-Y -89   Neutron   3925  67 cm    0   2    0           
  Photon     39-Y -89   Neutron   3925  68 cm    0   2    0           
  Photon     39-Y -89   Neutron   3925  69 cm    0   2    0           
  Photon     39-Y -89   Neutron   3925  70 cm    0   2    0           
  Photon     39-Y -89   Neutron   3925  71 cm    0   2    0           
  Photon     39-Y -89   Neutron   3925  72 cm    0   2    0           
  Photon     39-Y -89   Neutron   3925  91 cm    0   1    1    2      
  Photon     39-Y -89   39-Y -88  3925  91 cm    0   1    1    2      
  Photon     39-Y -89   Photon    3925  91 cm    0   1    1    2      
  Photon     39-Y -89   Photon    3925 102 cm    0   1    1    2      
  Photon     39-Y -89    1-H -2   3925 104 cm    0   1    1    2      
  Photon     39-Y -89   Photon    3925 104 cm    0   1    1    2      
  Photon     39-Y -89    1-H -3   3925 105 cm    0   1    1    2      
 ------------------------------------------------------------------------------
 E= 2.0000E+08 EP= 0.0000E+00 Angular Distribution Negative at Cos=-1  
  Photon     39-Y -89   Photon    3925 105 cm    0   1    1    2      
  Photon     39-Y -89    2-He-3   3925 106 cm    0   1    1    2      
  Photon     39-Y -89   Photon    3925 106 cm    0   1    1    2      
  Photon     39-Y -89    1-H -1   3925 111 cm    0   1    1    2      
  Photon     39-Y -89   Photon    3925 111 cm    0   1    1    2      
  Photon     39-Y -89    1-H -1   3925 112 cm    0   1    1    2      
  Photon     39-Y -89    2-He-4   3925 112 cm    0   1    1    2      
  Photon     39-Y -89   Photon    3925 112 cm    0   1    1    2      
  Photon     39-Y -89    1-H -1   3925 115 cm    0   1    1    2      
  Photon     39-Y -89    1-H -2   3925 115 cm    0   1    1    2      
  Photon     39-Y -89   Photon    3925 115 cm    0   1    1    2      
  Photon     39-Y -89    1-H -1   3925 116 cm    0   1    1    2      
  Photon     39-Y -89    1-H -3   3925 116 cm    0   1    1    2      
 ------------------------------------------------------------------------------
 E= 2.0000E+08 EP= 0.0000E+00 Angular Distribution Negative at Cos=-1  
  Photon     39-Y -89   Photon    3925 116 cm    0   1    1    2      
  Photon     39-Y -89    1-H -1   3925 600 cm    0   2    0           
  Photon     39-Y -89    1-H -1   3925 601 cm    0   2    0           
  Photon     39-Y -89    1-H -1   3925 602 cm    0   2    0           
  Photon     39-Y -89    1-H -1   3925 603 cm    0   2    0           
  Photon     39-Y -89    1-H -1   3925 604 cm    0   2    0           
  Photon     39-Y -89    1-H -1   3925 605 cm    0   2    0           
  Photon     39-Y -89    1-H -1   3925 606 cm    0   2    0           
  Photon     39-Y -89    1-H -1   3925 607 cm    0   2    0           
  Photon     39-Y -89    1-H -1   3925 608 cm    0   2    0           
  Photon     39-Y -89    1-H -1   3925 609 cm    0   2    0           
  Photon     39-Y -89    1-H -1   3925 610 cm    0   2    0           
  Photon     39-Y -89    1-H -1   3925 611 cm    0   2    0           
  Photon     39-Y -89    1-H -1   3925 612 cm    0   2    0           
  Photon     39-Y -89    1-H -1   3925 613 cm    0   2    0           
  Photon     39-Y -89    1-H -1   3925 614 cm    0   2    0           
  Photon     39-Y -89    1-H -1   3925 615 cm    0   2    0           
  Photon     39-Y -89    1-H -1   3925 616 cm    0   2    0           
  Photon     39-Y -89    1-H -1   3925 617 cm    0   2    0           
  Photon     39-Y -89    1-H -1   3925 618 cm    0   2    0           
  Photon     39-Y -89    1-H -1   3925 619 cm    0   2    0           
  Photon     39-Y -89    1-H -1   3925 620 cm    0   2    0           
  Photon     39-Y -89    1-H -1   3925 621 cm    0   2    0           
  Photon     39-Y -89    1-H -1   3925 622 cm    0   2    0           
  Photon     39-Y -89    1-H -1   3925 623 cm    0   2    0           
  Photon     39-Y -89    1-H -1   3925 624 cm    0   2    0           
  Photon     39-Y -89    1-H -1   3925 625 cm    0   2    0           
  Photon     39-Y -89    1-H -1   3925 626 cm    0   2    0           
  Photon     39-Y -89    1-H -1   3925 627 cm    0   2    0           
  Photon     39-Y -89    1-H -1   3925 628 cm    0   2    0           
  Photon     39-Y -89    1-H -1   3925 629 cm    0   2    0           
  Photon     39-Y -89    1-H -1   3925 630 cm    0   2    0           
  Photon     39-Y -89    1-H -1   3925 631 cm    0   2    0           
  Photon     39-Y -89    1-H -1   3925 632 cm    0   2    0           
  Photon     39-Y -89    1-H -1   3925 633 cm    0   2    0           
  Photon     39-Y -89    1-H -1   3925 634 cm    0   2    0           
  Photon     39-Y -89    1-H -1   3925 635 cm    0   2    0           
  Photon     39-Y -89    1-H -1   3925 636 cm    0   2    0           
  Photon     39-Y -89    1-H -1   3925 637 cm    0   2    0           
  Photon     39-Y -89    1-H -1   3925 638 cm    0   2    0           
  Photon     39-Y -89    1-H -1   3925 639 cm    0   2    0           
  Photon     39-Y -89    1-H -1   3925 649 cm    0   1    1    2      
  Photon     39-Y -89   38-Sr-88  3925 649 cm    0   1    1    2      
  Photon     39-Y -89   Photon    3925 649 cm    0   1    1    2      
  Photon     39-Y -89    2-He-4   3925 800 cm    0   2    0           
  Photon     39-Y -89    2-He-4   3925 801 cm    0   2    0           
  Photon     39-Y -89    2-He-4   3925 802 cm    0   2    0           
  Photon     39-Y -89    2-He-4   3925 803 cm    0   2    0           
  Photon     39-Y -89    2-He-4   3925 804 cm    0   2    0           
  Photon     39-Y -89    2-He-4   3925 805 cm    0   2    0           
  Photon     39-Y -89    2-He-4   3925 806 cm    0   2    0           
  Photon     39-Y -89    2-He-4   3925 807 cm    0   2    0           
  Photon     39-Y -89    2-He-4   3925 808 cm    0   2    0           
  Photon     39-Y -89    2-He-4   3925 809 cm    0   2    0           
  Photon     39-Y -89    2-He-4   3925 810 cm    0   2    0           
  Photon     39-Y -89    2-He-4   3925 811 cm    0   2    0           
  Photon     39-Y -89    2-He-4   3925 812 cm    0   2    0           
  Photon     39-Y -89    2-He-4   3925 813 cm    0   2    0           
  Photon     39-Y -89    2-He-4   3925 814 cm    0   2    0           
  Photon     39-Y -89    2-He-4   3925 815 cm    0   2    0           
  Photon     39-Y -89    2-He-4   3925 816 cm    0   2    0           
  Photon     39-Y -89    2-He-4   3925 817 cm    0   2    0           
  Photon     39-Y -89    2-He-4   3925 818 cm    0   2    0           
  Photon     39-Y -89    2-He-4   3925 819 cm    0   2    0           
  Photon     39-Y -89    2-He-4   3925 820 cm    0   2    0           
  Photon     39-Y -89    2-He-4   3925 821 cm    0   2    0           
  Photon     39-Y -89    2-He-4   3925 822 cm    0   2    0           
  Photon     39-Y -89    2-He-4   3925 823 cm    0   2    0           
  Photon     39-Y -89    2-He-4   3925 824 cm    0   2    0           
  Photon     39-Y -89    2-He-4   3925 825 cm    0   2    0           
  Photon     39-Y -89    2-He-4   3925 826 cm    0   2    0           
  Photon     39-Y -89    2-He-4   3925 827 cm    0   2    0           
  Photon     39-Y -89    2-He-4   3925 828 cm    0   2    0           
  Photon     39-Y -89    2-He-4   3925 829 cm    0   2    0           
  Photon     39-Y -89    2-He-4   3925 830 cm    0   2    0           
  Photon     39-Y -89    2-He-4   3925 831 cm    0   2    0           
  Photon     39-Y -89    2-He-4   3925 832 cm    0   2    0           
  Photon     39-Y -89    2-He-4   3925 849 cm    0   1    1    2      
  Photon     39-Y -89   Photon    3925 849 cm    0   1    1    2      
 ------------------------------------------------------------------------------
 All Cross Sections Read. Maximum Tabulated Energy =  200000000. eV
 ------------------------------------------------------------------------------
 ==============================================================================
 Laws by Incident Particle
 ------------------------------------------------------------------------------
 Law Number and Definition   Photon    n     p     d     t  He-3  He-4 Other
 ------------------------------------------------------------------------------
 (0) Unknown................     0     0     0     0     0     0     0     0
 (1) Continuum Energy-Angle
      Legendre..............   198     0     0     0     0     0     0     0
      Kalbach-Mann..........     0     0     0     0     0     0     0     0
      Tabulated.............     0     0     0     0     0     0     0     0
 (2) Discrete 2 Body
      Legendre..............    96     0     0     0     0     0     0     0
      Tabulated.............     0     0     0     0     0     0     0     0
 (3) Isotropic Discrete.....     0     0     0     0     0     0     0     0
 (4) Discrete 2 Body Recoil.     0     0     0     0     0     0     0     0
 (5) Charged Particle Elastic
      Legendre..............     0     0     0     0     0     0     0     0
      Tabulated.............     0     0     0     0     0     0     0     0
 (6) n-Body Phase-Space.....     0     0     0     0     0     0     0     0
 (7) Laboratory Angle-Energy     0     0     0     0     0     0     0     0
 Not 0 to 7 (WARNING if Any)     0     0     0     0     0     0     0     0
 ==============================================================================
 Laws by Emitted Particle
 ------------------------------------------------------------------------------
 Law Number and Definition   Photon    n     p     d     t  He-3  He-4 Other
 ------------------------------------------------------------------------------
 (0) Unknown................     0     0     0     0     0     0     0     0
 (1) Continuum Energy-Angle
      Legendre..............    22    13    10     5     4     3     4   137
      Kalbach-Mann..........     0     0     0     0     0     0     0     0
      Tabulated.............     0     0     0     0     0     0     0     0
 (2) Discrete 2 Body
      Legendre..............     0    23    40     0     0     0    33     0
      Tabulated.............     0     0     0     0     0     0     0     0
 (3) Isotropic Discrete.....     0     0     0     0     0     0     0     0
 (4) Discrete 2 Body Recoil.     0     0     0     0     0     0     0     0
 (5) Charged Particle Elastic
      Legendre..............     0     0     0     0     0     0     0     0
      Tabulated.............     0     0     0     0     0     0     0     0
 (6) n-Body Phase-Space.....     0     0     0     0     0     0     0     0
 (7) Laboratory Angle-Energy     0     0     0     0     0     0     0     0
 Not 0 to 7 (WARNING if Any)     0     0     0     0     0     0     0     0
 ------------------------------------------------------------------------------
 Summary of Emitted Particle Yields
 ------------------------------------------------------------------------------
 Energy Independent.........     0    35    49     4     3     2    36     4
 Energy Dependent...........    22     1     1     1     1     1     1   133
 ------------------------------------------------------------------------------
 Summary of Angular Distributions
 ------------------------------------------------------------------------------
 Isotropic..................    22     0     0     0     0     0     0   137
 Nonisotropic...............     0     0     0     0     0     0     0     0
 Mixed......................     0    13    10     5     4     3     4     0
 ------------------------------------------------------------------------------
 Maximum Legendre Order.....     0     6     6     6     6     6     7     0
 Maximum Number of Cosines..     0     0     0     0     0     0     0     0
 ------------------------------------------------------------------------------
 Summary of Energy Distributions
 ------------------------------------------------------------------------------
 Continuous.................    22    13    10     5     4     3     4   137
 Discrete...................     0     0     0     0     0     0     0     0
 Mixed......................     0     0     0     0     0     0     0     0
 ------------------------------------------------------------------------------
 ==============================================================================
 Summary of Incident Neutron with Photon or Neutron Emitted Data
 ------------------------------------------------------------------------------
 Law Number and Definition   Output        Not Output 
 ------------------------------------------------------------------------------
                             Photon    n   Photon    n
 ------------------------------------------------------------------------------
 (0) Unknown................     0     0       0     0
 (1) Continuum Energy-Angle
      Legendre..............     0     0       0     0
      Kalbach-Mann..........     0     0       0     0
      Tabulated.............     0     0       0     0
 (2) Discrete 2 Body
      Legendre..............     0     0       0     0
      Tabulated.............     0     0       0     0
 (3) Isotropic Discrete.....     0     0       0     0
 (4) Discrete 2 Body Recoil.     0     0       0     0
 (5) Charged Particle Elastic
      Legendre..............     0     0       0     0
      Tabulated.............     0     0       0     0
 (6) n-Body Phase-Space.....     0     0       0     0
 (7) Laboratory Angle-Energy     0     0       0     0
 Not 0 to 7 (WARNING if Any)     0     0       0     0
 ==============================================================================
 End of Run
 ===============================================================================
 SIXPAK   Total Execution Time                0.68 Seconds
 ===============================================================================
