 Create New Section Index (DICTIN 2019-1)
 ------------------------------------------------------------
 ENDF/B Input and Output Data Filenames
 ------------------------------------------------------------
 DICTIN.IN                                                               
 DICTIN.OUT                                                              
 ------------------------------------------------------------
 First Pass. Reading ENDF/B Data
 ------------------------------------------------------------
  MAT   Messages
 ------------------------------------------------------------
 5031
 ------------------------------------------------------------
 Second Pass. Creating New Index
 ------------------------------------------------------------
 ENDF/B  MAT MF  MT  Lines  Mod
 Format
 ------------------------------------------------------------
  VI    5031  1 451     67    1
        5031  3   5     33    1
        5031 10   5  11841    1
 ------------------------------------------------------------
 Original Line Count  11949
 Final Line Count     11950
 ------------------------------------------------------------
 ===============================================================================
 DICTIN   Total Execution Time                0.05 Seconds
 ===============================================================================
