 Create New Section Index (DICTIN 2019-1)
 ------------------------------------------------------------
 ENDF/B Input and Output Data Filenames
 ------------------------------------------------------------
 DICTIN.IN                                                               
 DICTIN.OUT                                                              
 ------------------------------------------------------------
 First Pass. Reading ENDF/B Data
 ------------------------------------------------------------
  MAT   Messages
 ------------------------------------------------------------
  825
 ------------------------------------------------------------
 Second Pass. Creating New Index
 ------------------------------------------------------------
 ENDF/B  MAT MF  MT  Lines  Mod
 Format
 ------------------------------------------------------------
  VI     825  1 451    123    0
         825  3   3     67    0
         825  3  16     39    0
         825  3  22     45    0
         825  3  23     32    0
         825  3  28     49    0
         825  3  29     33    0
         825  3  32     33    0
         825  3  34     41    0
         825  3  41     34    0
         825  3  50     63    0
         825  3  51     58    0
         825  3  52     57    0
         825  3  53     55    0
         825  3  54     52    0
         825  3  55     52    0
         825  3  56     50    0
         825  3 109     64    0
         825  3 111     51    0
         825  3 112     44    0
         825  3 113     33    0
         825  3 114     36    0
         825  3 115     39    0
         825  3 116     41    0
         825  3 117     35    0
         825  3 600     67    0
         825  3 601     62    0
         825  3 602     62    0
         825  3 603     61    0
         825  3 604     59    0
         825  3 605     59    0
         825  3 606     59    0
         825  3 607     58    0
         825  3 608     57    0
         825  3 609     55    0
         825  3 610     55    0
         825  3 611     55    0
         825  3 612     55    0
         825  3 613     53    0
         825  3 614     53    0
         825  3 615     53    0
         825  3 616     52    0
         825  3 650     57    0
         825  3 651     49    0
         825  3 652     47    0
         825  3 653     45    0
         825  3 654     45    0
         825  3 655     43    0
         825  3 656     43    0
         825  3 657     42    0
         825  3 658     42    0
         825  3 659     41    0
         825  3 700     46    0
         825  3 750     48    0
         825  3 751     43    0
         825  3 752     42    0
         825  3 753     41    0
         825  3 800     67    0
         825  3 801     67    0
 ------------------------------------------------------------
 Original Line Count   3129
 Final Line Count      3073
 ------------------------------------------------------------
 ===============================================================================
 DICTIN   Total Execution Time                0.02 Seconds
 ===============================================================================
