  Linearize ENDF/B Cross Sections (LINEAR 2019-1)
  ------------------------------------------------------------------------------
  Retrieval Criteria-----------        MAT
  Monitor Mode-----------------        Off
  Minimum Cross Section-------- 1.0000E-10
  Keep Evaluated Data Points---        Yes
  ------------------------------------------------------------------------------
  ENDF/B Input and Output Data Filenames
  LINEAR.IN                                                               
  LINEAR.OUT                                                              
  ------------------------------------------------------------------------------
  Requested Ranges
  ------------------------------------------------------------------------------
       Minimum       Maximum   
     MAT MF  MT    MAT MF  MT
  ------------------------------------------------------------------------------
       0  0   0 999999 99 999
  ------------------------------------------------------------------------------
  Allowable Uncertainty
  ------------------------------------------------------------------------------
      Energy Uncertainty   per-cent
  ------------------------------------------------------------------------------
  0.0         1.0000E-10     0.0000
  ------------------------------------------------------------------------------
  ENDF/B Tape Label
  ------------------------------------------------------------------------------
                                                                       1
  ------------------------------------------------------------------------------
    Material  MAT  MF  MT  ENDF/B      Kelvin     Q-Value   Points   Points
                           Format                      eV       In      Out
  ------------------------------------------------------------------------------
    8-O -16   825   3   3   VI     0.0         0.0             192      192
    8-O -16   825   3  16   VI     0.0        -28885000.0      107      107
    8-O -16   825   3  22   VI     0.0        -25882000.0      125      125
    8-O -16   825   3  23   VI     0.0        -35014000.0       86       86
    8-O -16   825   3  28   VI     0.0        -22960000.0      136      136
    8-O -16   825   3  29   VI     0.0        -33427000.0       89       89
    8-O -16   825   3  32   VI     0.0        -34537000.0       88       88
    8-O -16   825   3  34   VI     0.0        -27739000.0      114      114
    8-O -16   825   3  41   VI     0.0        -33513000.0       91       91
    8-O -16   825   3  50   VI     0.0        -15663000.0      180      180
    8-O -16   825   3  51   VI     0.0        -20846000.0      163      163
    8-O -16   825   3  52   VI     0.0        -20904000.0      162      162
    8-O -16   825   3  53   VI     0.0        -21839000.0      154      154
    8-O -16   825   3  54   VI     0.0        -22456000.0      147      147
    8-O -16   825   3  55   VI     0.0        -22522000.0      145      145
    8-O -16   825   3  56   VI     0.0        -22939000.0      140      140
    8-O -16   825   3 109   VI     0.0        -14437000.0      181      181
    8-O -16   825   3 111   VI     0.0        -22335000.0      142      142
    8-O -16   825   3 112   VI     0.0        -23118000.0      123      123
    8-O -16   825   3 113   VI     0.0        -34245000.0       89       89
    8-O -16   825   3 114   VI     0.0        -31009000.0       97       97
    8-O -16   825   3 115   VI     0.0        -28287000.0      107      107
    8-O -16   825   3 116   VI     0.0        -26976000.0      114      114
    8-O -16   825   3 117   VI     0.0        -32347000.0       95       95
    8-O -16   825   3 600   VI     0.0        -12127000.0      190      190
    8-O -16   825   3 601   VI     0.0        -17397000.0      175      175
    8-O -16   825   3 602   VI     0.0        -17426000.0      175      175
    8-O -16   825   3 603   VI     0.0        -18451000.0      172      172
    8-O -16   825   3 604   VI     0.0        -19282000.0      168      168
    8-O -16   825   3 605   VI     0.0        -19428000.0      167      167
    8-O -16   825   3 606   VI     0.0        -19694000.0      166      166
    8-O -16   825   3 607   VI     0.0        -20440000.0      164      164
    8-O -16   825   3 608   VI     0.0        -20698000.0      161      161
    8-O -16   825   3 609   VI     0.0        -21177000.0      156      156
    8-O -16   825   3 610   VI     0.0        -21279000.0      156      156
    8-O -16   825   3 611   VI     0.0        -21282000.0      156      156
    8-O -16   825   3 612   VI     0.0        -21349000.0      156      156
    8-O -16   825   3 613   VI     0.0        -21887000.0      150      150
    8-O -16   825   3 614   VI     0.0        -21956000.0      150      150
    8-O -16   825   3 615   VI     0.0        -22052000.0      149      149
    8-O -16   825   3 616   VI     0.0        -22193000.0      147      147
    8-O -16   825   3 650   VI     0.0        -20736000.0      161      161
    8-O -16   825   3 651   VI     0.0        -23049000.0      136      136
    8-O -16   825   3 652   VI     0.0        -24684000.0      131      131
    8-O -16   825   3 653   VI     0.0        -25651000.0      124      124
    8-O -16   825   3 654   VI     0.0        -25842000.0      124      124
    8-O -16   825   3 655   VI     0.0        -26427000.0      120      120
    8-O -16   825   3 656   VI     0.0        -26570000.0      120      120
    8-O -16   825   3 657   VI     0.0        -26940000.0      117      117
    8-O -16   825   3 658   VI     0.0        -27182000.0      116      116
    8-O -16   825   3 659   VI     0.0        -27765000.0      113      113
    8-O -16   825   3 700   VI     0.0        -25032000.0      129      129
    8-O -16   825   3 750   VI     0.0        -22793000.0      134      134
    8-O -16   825   3 751   VI     0.0        -25882000.0      118      118
    8-O -16   825   3 752   VI     0.0        -26478000.0      116      116
    8-O -16   825   3 753   VI     0.0        -26647000.0      114      114
    8-O -16   825   3 800   VI     0.0        -7161000.00      192      192
    8-O -16   825   3 801   VI     0.0        -11600000.0      190      190
  ------------------------------------------------------------------------------
                                               MAT Totals     8080     8080
  ------------------------------------------------------------------------------
 ------------------------------------------------------------------------------
 All Cross Sections Read. Maximum Tabulated Energy =  150000000. eV
 ------------------------------------------------------------------------------
 ===============================================================================
      MAT Total Execution Time                0.28 Seconds
 ===============================================================================
  ------------------------------------------------------------------------------
                                              Tape Totals     8080     8080
  ------------------------------------------------------------------------------
 ===============================================================================
 LINEAR   Total Execution Time                0.28 Seconds
 ===============================================================================
