  Merge ENDF/B Data into MAT/MF/MT Order (MERGER 2019-1)
 ************************************************************************
 Interpretation of Input Parameters
 ************************************************************************
 Output Filename
 ------------------------------------------------------------------------
 MERGER.OUT                                                              
 ------------------------------------------------------------------------
 Merged File Label
 ------------------------------------------------------------------------
                                                                      0
 ------------------------------------------------------------------------
 Retrieval Criteria-----------        MAT
 ------------------------------------------------------------------------
 Input Filenames
 ------------------------------------------------------------------------
 MERGER.IN                                                               
 ------------------------------------------------------------------------
 Retrieval Criteria
 ------------------------------------------------------------------------
 Request *   Lower Limit *   Upper Limit  
  Number *    MAT MF  MT *    MAT MF  MT  
 ------------------------------------------------------------------------
       1 *      0  1   1 * 999999  3 999
       2 *      0 10   1 * 999999 10 999
       3 *      0 33   1 * 999999 33 999
       4 *      0 40   1 * 999999 40 999
 ------------------------------------------------------------------------
 ************************************************************************
 Retrieved Data
 ************************************************************************
     ZA  MAT MF  MT  Lines  Unit Request Message
                                  Number
 ------------------------------------------------------------------------
   8016  825  1 451    180    11       1
   8016  825  3   3     68    11       1
   8016  825  3  16     40    11       1
   8016  825  3  22     46    11       1
   8016  825  3  23     33    11       1
   8016  825  3  28     50    11       1
   8016  825  3  29     34    11       1
   8016  825  3  32     34    11       1
   8016  825  3  34     42    11       1
   8016  825  3  41     35    11       1
   8016  825  3  50     64    11       1
   8016  825  3  51     59    11       1
   8016  825  3  52     58    11       1
   8016  825  3  53     56    11       1
   8016  825  3  54     53    11       1
   8016  825  3  55     53    11       1
   8016  825  3  56     51    11       1
   8016  825  3 109     65    11       1
   8016  825  3 111     52    11       1
   8016  825  3 112     45    11       1
   8016  825  3 113     34    11       1
   8016  825  3 114     37    11       1
   8016  825  3 115     40    11       1
   8016  825  3 116     42    11       1
   8016  825  3 117     36    11       1
   8016  825  3 600     68    11       1
   8016  825  3 601     63    11       1
   8016  825  3 602     63    11       1
   8016  825  3 603     62    11       1
   8016  825  3 604     60    11       1
   8016  825  3 605     60    11       1
   8016  825  3 606     60    11       1
   8016  825  3 607     59    11       1
   8016  825  3 608     58    11       1
   8016  825  3 609     56    11       1
   8016  825  3 610     56    11       1
   8016  825  3 611     56    11       1
   8016  825  3 612     56    11       1
   8016  825  3 613     54    11       1
   8016  825  3 614     54    11       1
   8016  825  3 615     54    11       1
   8016  825  3 616     53    11       1
   8016  825  3 650     58    11       1
   8016  825  3 651     50    11       1
   8016  825  3 652     48    11       1
   8016  825  3 653     46    11       1
   8016  825  3 654     46    11       1
   8016  825  3 655     44    11       1
   8016  825  3 656     44    11       1
   8016  825  3 657     43    11       1
   8016  825  3 658     43    11       1
   8016  825  3 659     42    11       1
   8016  825  3 700     47    11       1
   8016  825  3 750     49    11       1
   8016  825  3 751     44    11       1
   8016  825  3 752     43    11       1
   8016  825  3 753     42    11       1
   8016  825  3 800     68    11       1
   8016  825  3 801     68    11       1
 ------------------------------------------------------------------------
          MAT Lines   3127
 ------------------------------------------------------------------------
         Tape Lines   3129
 ------------------------------------------------------------------------
 ************************************************************************
 Retrieval Statistics
 ************************************************************************
 Merged Materials---          1
 Merged Sections----         59
 Merged Lines-------       3129
 ------------------------------------------------------------------------
 Retrieved Data for Each Request
 ------------------------------------------------------------------------
 Request *   Lower Limit *   Upper Limit *            Retrieved
  Number *    MAT MF  MT *    MAT MF  MT *   Materials    Sections  Lines
 ------------------------------------------------------------------------
       1 *      0  1   1 * 999999  3 999 *           1          59   3124
       2 *      0 10   1 * 999999 10 999 *           0           0      0
       3 *      0 33   1 * 999999 33 999 *           0           0      0
       4 *      0 40   1 * 999999 40 999 *           0           0      0
 ------------------------------------------------------------------------
  Totals                                             1          59   3129
 ------------------------------------------------------------------------
 Note..The Line Count of Retrieved Data for Each Request Does
       NOT Include FEND, MEND AND TEND Lines. Therefore the  
       Total Number of Lines Actually Retrieved and Written  
       on the Merged File Will be More than the Sum of the   
       Number of Lines for All Requests.                     
 ===============================================================================
 MERGER   Total Execution Time                0.06 Seconds
 ===============================================================================
