                                                     MT=  3
 MAT  825                         0.0        Kelvin Unshielded Cross Sections                           8-O -16 

   No.  Group-eV   Average      No.  Group-eV   Average      No.  Group-eV   Average      No.  Group-eV   Average

    97 7000000.00 5.48894E-7    114 12000000.0 .001447200    131 50000000.0 .003582800    148 400000000. 0.0       
    98 7200000.00 2.18628E-5    115 13000000.0 .002540961    132 54000000.0 .002828075    149 440000000. 0.0       
    99 7400000.00 5.38178E-5    116 14000000.0 .003077427    133 55000000.0 .002439332    150 480000000. 0.0       
   100 7600000.00 8.57727E-5    117 15000000.0 .003945775    134 60000000.0 .002406447    151 520000000. 0.0       
   101 7800000.00 1.17728E-4    118 16000000.0 .005903786    135 70000000.0 .001490116    152 560000000. 0.0       
   102 8000000.00 1.49682E-4    119 17000000.0 .006353551    136 80000000.0 8.17250E-4    153 600000000. 0.0       
   103 8200000.00 1.81637E-4    120 18000000.0 .005921684    137 90000000.0 9.92798E-4    154 640000000. 0.0       
   104 8400000.00 2.13591E-4    121 19000000.0 .007331331    138 100000000. .001694201    155 680000000. 0.0       
   105 8600000.00 2.45546E-4    122 20000000.0 .012669042    139 120000000. .001949050    156 720000000. 0.0       
   106 8800000.00 2.77500E-4    123 22000000.0 .025413869    140 140000000. .001121816    157 760000000. 0.0       
   107 9000000.00 3.09455E-4    124 24000000.0 .023403576    141 160000000. 0.0           158 800000000. 0.0       
   108 9200000.00 3.41409E-4    125 26000000.0 .012960324    142 180000000. 0.0           159 840000000. 0.0       
   109 9400000.00 3.73363E-4    126 28000000.0 .008174700    143 200000000. 0.0           160 880000000. 0.0       
   110 9600000.00 4.05318E-4    127 30000000.0 .007296059    144 240000000. 0.0           161 920000000. 0.0       
   111 9800000.00 4.37272E-4    128 35000000.0 .006561270    145 280000000. 0.0           162 960000000. 0.0       
   112 10000000.0 5.31916E-4    129 40000000.0 .005464459    146 320000000. 0.0           163 1.00000E+9
   113 11000000.0 6.91872E-4    130 45000000.0 .004553352    147 360000000. 0.0       
 
                                                     MT= 16
 MAT  825                         0.0        Kelvin Unshielded Cross Sections                           8-O -16 

   No.  Group-eV   Average      No.  Group-eV   Average      No.  Group-eV   Average      No.  Group-eV   Average

   126 28000000.0 2.09806E-6    136 80000000.0 3.79162E-6    146 320000000. 0.0           156 720000000. 0.0       
   127 30000000.0 2.67932E-5    137 90000000.0 4.63512E-6    147 360000000. 0.0           157 760000000. 0.0       
   128 35000000.0 2.52842E-5    138 100000000. 7.95672E-6    148 400000000. 0.0           158 800000000. 0.0       
   129 40000000.0 1.76336E-5    139 120000000. 9.15992E-6    149 440000000. 0.0           159 840000000. 0.0       
   130 45000000.0 1.48029E-5    140 140000000. 5.27216E-6    150 480000000. 0.0           160 880000000. 0.0       
   131 50000000.0 1.26747E-5    141 160000000. 0.0           151 520000000. 0.0           161 920000000. 0.0       
   132 54000000.0 1.06364E-5    142 180000000. 0.0           152 560000000. 0.0           162 960000000. 0.0       
   133 55000000.0 9.67057E-6    143 200000000. 0.0           153 600000000. 0.0           163 1.00000E+9
   134 60000000.0 1.02770E-5    144 240000000. 0.0           154 640000000. 0.0       
   135 70000000.0 6.69808E-6    145 280000000. 0.0           155 680000000. 0.0       
 
                                                     MT= 22
 MAT  825                         0.0        Kelvin Unshielded Cross Sections                           8-O -16 

   No.  Group-eV   Average      No.  Group-eV   Average      No.  Group-eV   Average      No.  Group-eV   Average

   124 24000000.0 2.6954E-11    134 60000000.0 1.39802E-4    144 240000000. 0.0           154 640000000. 0.0       
   125 26000000.0 1.61646E-5    135 70000000.0 9.06144E-5    145 280000000. 0.0           155 680000000. 0.0       
   126 28000000.0 2.56874E-4    136 80000000.0 5.11912E-5    146 320000000. 0.0           156 720000000. 0.0       
   127 30000000.0 4.58270E-4    137 90000000.0 6.27615E-5    147 360000000. 0.0           157 760000000. 0.0       
   128 35000000.0 4.88747E-4    138 100000000. 1.07824E-4    148 400000000. 0.0           158 800000000. 0.0       
   129 40000000.0 2.98535E-4    139 120000000. 1.24175E-4    149 440000000. 0.0           159 840000000. 0.0       
   130 45000000.0 2.30184E-4    140 140000000. 7.14719E-5    150 480000000. 0.0           160 880000000. 0.0       
   131 50000000.0 1.88093E-4    141 160000000. 0.0           151 520000000. 0.0           161 920000000. 0.0       
   132 54000000.0 1.54653E-4    142 180000000. 0.0           152 560000000. 0.0           162 960000000. 0.0       
   133 55000000.0 1.37181E-4    143 200000000. 0.0           153 600000000. 0.0           163 1.00000E+9
 
                                                     MT= 23
 MAT  825                         0.0        Kelvin Unshielded Cross Sections                           8-O -16 

   No.  Group-eV   Average      No.  Group-eV   Average      No.  Group-eV   Average      No.  Group-eV   Average

   128 35000000.0 1.72396E-7    137 90000000.0 1.13895E-5    146 320000000. 0.0           155 680000000. 0.0       
   129 40000000.0 8.80415E-6    138 100000000. 1.94092E-5    147 360000000. 0.0           156 720000000. 0.0       
   130 45000000.0 3.91581E-5    139 120000000. 2.23252E-5    148 400000000. 0.0           157 760000000. 0.0       
   131 50000000.0 4.92015E-5    140 140000000. 1.28497E-5    149 440000000. 0.0           158 800000000. 0.0       
   132 54000000.0 3.81668E-5    141 160000000. 0.0           150 480000000. 0.0           159 840000000. 0.0       
   133 55000000.0 3.01578E-5    142 180000000. 0.0           151 520000000. 0.0           160 880000000. 0.0       
   134 60000000.0 2.77883E-5    143 200000000. 0.0           152 560000000. 0.0           161 920000000. 0.0       
   135 70000000.0 1.71614E-5    144 240000000. 0.0           153 600000000. 0.0           162 960000000. 0.0       
   136 80000000.0 9.41376E-6    145 280000000. 0.0           154 640000000. 0.0           163 1.00000E+9
 
                                                     MT= 28
 MAT  825                         0.0        Kelvin Unshielded Cross Sections                           8-O -16 

   No.  Group-eV   Average      No.  Group-eV   Average      No.  Group-eV   Average      No.  Group-eV   Average

   123 22000000.0 8.95627E-5    134 60000000.0 3.68119E-4    145 280000000. 0.0           156 720000000. 0.0       
   124 24000000.0 .001919325    135 70000000.0 2.36650E-4    146 320000000. 0.0           157 760000000. 0.0       
   125 26000000.0 .003259540    136 80000000.0 1.33014E-4    147 360000000. 0.0           158 800000000. 0.0       
   126 28000000.0 .003045791    137 90000000.0 1.62404E-4    148 400000000. 0.0           159 840000000. 0.0       
   127 30000000.0 .002584509    138 100000000. 2.78059E-4    149 440000000. 0.0           160 880000000. 0.0       
   128 35000000.0 .001589807    139 120000000. 3.19992E-4    150 480000000. 0.0           161 920000000. 0.0       
   129 40000000.0 .001057227    140 140000000. 1.84175E-4    151 520000000. 0.0           162 960000000. 0.0       
   130 45000000.0 8.28708E-4    141 160000000. 0.0           152 560000000. 0.0           163 1.00000E+9
   131 50000000.0 6.20033E-4    142 180000000. 0.0           153 600000000. 0.0       
   132 54000000.0 4.60732E-4    143 200000000. 0.0           154 640000000. 0.0       
   133 55000000.0 3.75859E-4    144 240000000. 0.0           155 680000000. 0.0       
 
                                                     MT= 29
 MAT  825                         0.0        Kelvin Unshielded Cross Sections                           8-O -16 

   No.  Group-eV   Average      No.  Group-eV   Average      No.  Group-eV   Average      No.  Group-eV   Average

   128 35000000.0 1.26265E-4    137 90000000.0 2.03452E-5    146 320000000. 0.0           155 680000000. 0.0       
   129 40000000.0 1.45406E-4    138 100000000. 3.46571E-5    147 360000000. 0.0           156 720000000. 0.0       
   130 45000000.0 9.66991E-5    139 120000000. 3.98616E-5    148 400000000. 0.0           157 760000000. 0.0       
   131 50000000.0 7.32947E-5    140 140000000. 2.29429E-5    149 440000000. 0.0           158 800000000. 0.0       
   132 54000000.0 5.80455E-5    141 160000000. 0.0           150 480000000. 0.0           159 840000000. 0.0       
   133 55000000.0 5.04092E-5    142 180000000. 0.0           151 520000000. 0.0           160 880000000. 0.0       
   134 60000000.0 4.96720E-5    143 200000000. 0.0           152 560000000. 0.0           161 920000000. 0.0       
   135 70000000.0 3.07147E-5    144 240000000. 0.0           153 600000000. 0.0           162 960000000. 0.0       
   136 80000000.0 1.68270E-5    145 280000000. 0.0           154 640000000. 0.0           163 1.00000E+9
 
                                                     MT= 32
 MAT  825                         0.0        Kelvin Unshielded Cross Sections                           8-O -16 

   No.  Group-eV   Average      No.  Group-eV   Average      No.  Group-eV   Average      No.  Group-eV   Average

   128 35000000.0 4.94690E-5    137 90000000.0 1.37622E-5    146 320000000. 0.0           155 680000000. 0.0       
   129 40000000.0 1.00189E-4    138 100000000. 2.34427E-5    147 360000000. 0.0           156 720000000. 0.0       
   130 45000000.0 6.58694E-5    139 120000000. 2.69631E-5    148 400000000. 0.0           157 760000000. 0.0       
   131 50000000.0 4.96931E-5    140 140000000. 1.55189E-5    149 440000000. 0.0           158 800000000. 0.0       
   132 54000000.0 3.93254E-5    141 160000000. 0.0           150 480000000. 0.0           159 840000000. 0.0       
   133 55000000.0 3.41330E-5    142 180000000. 0.0           151 520000000. 0.0           160 880000000. 0.0       
   134 60000000.0 3.36129E-5    143 200000000. 0.0           152 560000000. 0.0           161 920000000. 0.0       
   135 70000000.0 2.07809E-5    144 240000000. 0.0           153 600000000. 0.0           162 960000000. 0.0       
   136 80000000.0 1.13838E-5    145 280000000. 0.0           154 640000000. 0.0           163 1.00000E+9
 
                                                     MT= 34
 MAT  825                         0.0        Kelvin Unshielded Cross Sections                           8-O -16 

   No.  Group-eV   Average      No.  Group-eV   Average      No.  Group-eV   Average      No.  Group-eV   Average

   125 26000000.0 5.2203E-11    135 70000000.0 2.82297E-5    145 280000000. 0.0           155 680000000. 0.0       
   126 28000000.0 1.68027E-8    136 80000000.0 1.55134E-5    146 320000000. 0.0           156 720000000. 0.0       
   127 30000000.0 1.05570E-5    137 90000000.0 1.87822E-5    147 360000000. 0.0           157 760000000. 0.0       
   128 35000000.0 6.75918E-5    138 100000000. 3.20237E-5    148 400000000. 0.0           158 800000000. 0.0       
   129 40000000.0 1.12684E-4    139 120000000. 3.68376E-5    149 440000000. 0.0           159 840000000. 0.0       
   130 45000000.0 9.59719E-5    140 140000000. 2.12024E-5    150 480000000. 0.0           160 880000000. 0.0       
   131 50000000.0 7.00174E-5    141 160000000. 0.0           151 520000000. 0.0           161 920000000. 0.0       
   132 54000000.0 5.42510E-5    142 180000000. 0.0           152 560000000. 0.0           162 960000000. 0.0       
   133 55000000.0 4.62952E-5    143 200000000. 0.0           153 600000000. 0.0           163 1.00000E+9
   134 60000000.0 4.54521E-5    144 240000000. 0.0           154 640000000. 0.0       
 
                                                     MT= 41
 MAT  825                         0.0        Kelvin Unshielded Cross Sections                           8-O -16 

   No.  Group-eV   Average      No.  Group-eV   Average      No.  Group-eV   Average      No.  Group-eV   Average

   127 30000000.0 1.38227E-9    137 90000000.0 7.03394E-6    147 360000000. 0.0           157 760000000. 0.0       
   128 35000000.0 3.44776E-6    138 100000000. 1.25267E-5    148 400000000. 0.0           158 800000000. 0.0       
   129 40000000.0 7.49289E-6    139 120000000. 1.45190E-5    149 440000000. 0.0           159 840000000. 0.0       
   130 45000000.0 8.05772E-6    140 140000000. 8.35841E-6    150 480000000. 0.0           160 880000000. 0.0       
   131 50000000.0 1.03346E-5    141 160000000. 0.0           151 520000000. 0.0           161 920000000. 0.0       
   132 54000000.0 1.08391E-5    142 180000000. 0.0           152 560000000. 0.0           162 960000000. 0.0       
   133 55000000.0 1.12907E-5    143 200000000. 0.0           153 600000000. 0.0           163 1.00000E+9
   134 60000000.0 1.14608E-5    144 240000000. 0.0           154 640000000. 0.0       
   135 70000000.0 8.48109E-6    145 280000000. 0.0           155 680000000. 0.0       
   136 80000000.0 5.44409E-6    146 320000000. 0.0           156 720000000. 0.0       
 
                                                     MT= 50
 MAT  825                         0.0        Kelvin Unshielded Cross Sections                           8-O -16 

   No.  Group-eV   Average      No.  Group-eV   Average      No.  Group-eV   Average      No.  Group-eV   Average

   117 15000000.0 1.32573E-5    129 40000000.0 7.92454E-6    141 160000000. 0.0           153 600000000. 0.0       
   118 16000000.0 2.48202E-4    130 45000000.0 5.89135E-6    142 180000000. 0.0           154 640000000. 0.0       
   119 17000000.0 4.48328E-4    131 50000000.0 4.65558E-6    143 200000000. 0.0           155 680000000. 0.0       
   120 18000000.0 5.53544E-4    132 54000000.0 3.75308E-6    144 240000000. 0.0           156 720000000. 0.0       
   121 19000000.0 7.33407E-4    133 55000000.0 3.30639E-6    145 280000000. 0.0           157 760000000. 0.0       
   122 20000000.0 .001082042    134 60000000.0 3.33612E-6    146 320000000. 0.0           158 800000000. 0.0       
   123 22000000.0 .001497551    135 70000000.0 2.08745E-6    147 360000000. 0.0           159 840000000. 0.0       
   124 24000000.0 8.24625E-4    136 80000000.0 1.15061E-6    148 400000000. 0.0           160 880000000. 0.0       
   125 26000000.0 2.75726E-4    137 90000000.0 1.39383E-6    149 440000000. 0.0           161 920000000. 0.0       
   126 28000000.0 9.14618E-5    138 100000000. 2.37570E-6    150 480000000. 0.0           162 960000000. 0.0       
   127 30000000.0 3.95894E-5    139 120000000. 2.73250E-6    151 520000000. 0.0           163 1.00000E+9
   128 35000000.0 1.48723E-5    140 140000000. 1.57271E-6    152 560000000. 0.0       
 
                                                     MT= 51
 MAT  825                         0.0        Kelvin Unshielded Cross Sections                           8-O -16 

   No.  Group-eV   Average      No.  Group-eV   Average      No.  Group-eV   Average      No.  Group-eV   Average

   122 20000000.0 3.12381E-4    133 55000000.0 3.23407E-6    144 240000000. 0.0           155 680000000. 0.0       
   123 22000000.0 .001031901    134 60000000.0 3.28800E-6    145 280000000. 0.0           156 720000000. 0.0       
   124 24000000.0 6.90254E-4    135 70000000.0 2.07313E-6    146 320000000. 0.0           157 760000000. 0.0       
   125 26000000.0 2.01321E-4    136 80000000.0 1.14507E-6    147 360000000. 0.0           158 800000000. 0.0       
   126 28000000.0 6.31159E-5    137 90000000.0 1.39285E-6    148 400000000. 0.0           159 840000000. 0.0       
   127 30000000.0 2.89467E-5    138 100000000. 2.37521E-6    149 440000000. 0.0           160 880000000. 0.0       
   128 35000000.0 1.24569E-5    139 120000000. 2.73202E-6    150 480000000. 0.0           161 920000000. 0.0       
   129 40000000.0 7.25638E-6    140 140000000. 1.57245E-6    151 520000000. 0.0           162 960000000. 0.0       
   130 45000000.0 5.61936E-6    141 160000000. 0.0           152 560000000. 0.0           163 1.00000E+9
   131 50000000.0 4.51179E-6    142 180000000. 0.0           153 600000000. 0.0       
   132 54000000.0 3.65525E-6    143 200000000. 0.0           154 640000000. 0.0       
 
                                                     MT= 52
 MAT  825                         0.0        Kelvin Unshielded Cross Sections                           8-O -16 

   No.  Group-eV   Average      No.  Group-eV   Average      No.  Group-eV   Average      No.  Group-eV   Average

   122 20000000.0 9.95024E-4    133 55000000.0 7.86231E-6    144 240000000. 0.0           155 680000000. 0.0       
   123 22000000.0 .002622170    134 60000000.0 8.03863E-6    145 280000000. 0.0           156 720000000. 0.0       
   124 24000000.0 .001507638    135 70000000.0 5.09216E-6    146 320000000. 0.0           157 760000000. 0.0       
   125 26000000.0 4.39964E-4    136 80000000.0 2.81773E-6    147 360000000. 0.0           158 800000000. 0.0       
   126 28000000.0 1.38905E-4    137 90000000.0 3.42789E-6    148 400000000. 0.0           159 840000000. 0.0       
   127 30000000.0 6.50944E-5    138 100000000. 5.84670E-6    149 440000000. 0.0           160 880000000. 0.0       
   128 35000000.0 2.89944E-5    139 120000000. 6.72496E-6    150 480000000. 0.0           161 920000000. 0.0       
   129 40000000.0 1.77859E-5    140 140000000. 3.87062E-6    151 520000000. 0.0           162 960000000. 0.0       
   130 45000000.0 1.38486E-5    141 160000000. 0.0           152 560000000. 0.0           163 1.00000E+9
   131 50000000.0 1.09833E-5    142 180000000. 0.0           153 600000000. 0.0       
   132 54000000.0 8.88010E-6    143 200000000. 0.0           154 640000000. 0.0       
 
                                                     MT= 53
 MAT  825                         0.0        Kelvin Unshielded Cross Sections                           8-O -16 

   No.  Group-eV   Average      No.  Group-eV   Average      No.  Group-eV   Average      No.  Group-eV   Average

   122 20000000.0 2.89674E-6    133 55000000.0 5.82941E-6    144 240000000. 0.0           155 680000000. 0.0       
   123 22000000.0 2.63908E-4    134 60000000.0 5.97842E-6    145 280000000. 0.0           156 720000000. 0.0       
   124 24000000.0 3.67910E-4    135 70000000.0 3.78121E-6    146 320000000. 0.0           157 760000000. 0.0       
   125 26000000.0 1.80866E-4    136 80000000.0 2.09552E-6    147 360000000. 0.0           158 800000000. 0.0       
   126 28000000.0 9.32776E-5    137 90000000.0 2.54311E-6    148 400000000. 0.0           159 840000000. 0.0       
   127 30000000.0 5.71329E-5    138 100000000. 4.33772E-6    149 440000000. 0.0           160 880000000. 0.0       
   128 35000000.0 2.50322E-5    139 120000000. 4.98931E-6    150 480000000. 0.0           161 920000000. 0.0       
   129 40000000.0 1.32260E-5    140 140000000. 2.87167E-6    151 520000000. 0.0           162 960000000. 0.0       
   130 45000000.0 1.00115E-5    141 160000000. 0.0           152 560000000. 0.0           163 1.00000E+9
   131 50000000.0 8.05164E-6    142 180000000. 0.0           153 600000000. 0.0       
   132 54000000.0 6.55288E-6    143 200000000. 0.0           154 640000000. 0.0       
 
                                                     MT= 54
 MAT  825                         0.0        Kelvin Unshielded Cross Sections                           8-O -16 

   No.  Group-eV   Average      No.  Group-eV   Average      No.  Group-eV   Average      No.  Group-eV   Average

   123 22000000.0 5.71697E-4    134 60000000.0 5.96506E-6    145 280000000. 0.0           156 720000000. 0.0       
   124 24000000.0 8.99693E-4    135 70000000.0 3.77472E-6    146 320000000. 0.0           157 760000000. 0.0       
   125 26000000.0 3.65514E-4    136 80000000.0 2.08714E-6    147 360000000. 0.0           158 800000000. 0.0       
   126 28000000.0 1.09374E-4    137 90000000.0 2.54272E-6    148 400000000. 0.0           159 840000000. 0.0       
   127 30000000.0 4.86049E-5    138 100000000. 4.33711E-6    149 440000000. 0.0           160 880000000. 0.0       
   128 35000000.0 2.13497E-5    139 120000000. 4.98875E-6    150 480000000. 0.0           161 920000000. 0.0       
   129 40000000.0 1.28079E-5    140 140000000. 2.87135E-6    151 520000000. 0.0           162 960000000. 0.0       
   130 45000000.0 1.00705E-5    141 160000000. 0.0           152 560000000. 0.0           163 1.00000E+9
   131 50000000.0 8.12962E-6    142 180000000. 0.0           153 600000000. 0.0       
   132 54000000.0 6.59854E-6    143 200000000. 0.0           154 640000000. 0.0       
   133 55000000.0 5.84694E-6    144 240000000. 0.0           155 680000000. 0.0       
 
                                                     MT= 55
 MAT  825                         0.0        Kelvin Unshielded Cross Sections                           8-O -16 

   No.  Group-eV   Average      No.  Group-eV   Average      No.  Group-eV   Average      No.  Group-eV   Average

   123 22000000.0 9.03526E-4    134 60000000.0 7.98596E-6    145 280000000. 0.0           156 720000000. 0.0       
   124 24000000.0 .001188634    135 70000000.0 5.07687E-6    146 320000000. 0.0           157 760000000. 0.0       
   125 26000000.0 4.56269E-4    136 80000000.0 2.81225E-6    147 360000000. 0.0           158 800000000. 0.0       
   126 28000000.0 1.36536E-4    137 90000000.0 3.42689E-6    148 400000000. 0.0           159 840000000. 0.0       
   127 30000000.0 6.08522E-5    138 100000000. 5.84647E-6    149 440000000. 0.0           160 880000000. 0.0       
   128 35000000.0 2.69687E-5    139 120000000. 6.72496E-6    150 480000000. 0.0           161 920000000. 0.0       
   129 40000000.0 1.67650E-5    140 140000000. 3.87062E-6    151 520000000. 0.0           162 960000000. 0.0       
   130 45000000.0 1.35653E-5    141 160000000. 0.0           152 560000000. 0.0           163 1.00000E+9
   131 50000000.0 1.08317E-5    142 180000000. 0.0           153 600000000. 0.0       
   132 54000000.0 8.77257E-6    143 200000000. 0.0           154 640000000. 0.0       
   133 55000000.0 7.78060E-6    144 240000000. 0.0           155 680000000. 0.0       
 
                                                     MT= 56
 MAT  825                         0.0        Kelvin Unshielded Cross Sections                           8-O -16 

   No.  Group-eV   Average      No.  Group-eV   Average      No.  Group-eV   Average      No.  Group-eV   Average

   123 22000000.0 5.59626E-4    134 60000000.0 9.21880E-6    145 280000000. 0.0           156 720000000. 0.0       
   124 24000000.0 .001203440    135 70000000.0 5.90449E-6    146 320000000. 0.0           157 760000000. 0.0       
   125 26000000.0 4.80108E-4    136 80000000.0 3.28054E-6    147 360000000. 0.0           158 800000000. 0.0       
   126 28000000.0 1.45892E-4    137 90000000.0 4.00047E-6    148 400000000. 0.0           159 840000000. 0.0       
   127 30000000.0 6.33821E-5    138 100000000. 6.82751E-6    149 440000000. 0.0           160 880000000. 0.0       
   128 35000000.0 2.81400E-5    139 120000000. 7.85359E-6    150 480000000. 0.0           161 920000000. 0.0       
   129 40000000.0 1.83335E-5    140 140000000. 4.52024E-6    151 520000000. 0.0           162 960000000. 0.0       
   130 45000000.0 1.57220E-5    141 160000000. 0.0           152 560000000. 0.0           163 1.00000E+9
   131 50000000.0 1.23989E-5    142 180000000. 0.0           153 600000000. 0.0       
   132 54000000.0 1.00109E-5    143 200000000. 0.0           154 640000000. 0.0       
   133 55000000.0 8.89391E-6    144 240000000. 0.0           155 680000000. 0.0       
 
                                                     MT=109
 MAT  825                         0.0        Kelvin Unshielded Cross Sections                           8-O -16 

   No.  Group-eV   Average      No.  Group-eV   Average      No.  Group-eV   Average      No.  Group-eV   Average

   117 15000000.0 4.41281E-8    129 40000000.0 2.33077E-4    141 160000000. 0.0           153 600000000. 0.0       
   118 16000000.0 1.10387E-5    130 45000000.0 1.61365E-4    142 180000000. 0.0           154 640000000. 0.0       
   119 17000000.0 5.81396E-5    131 50000000.0 1.19568E-4    143 200000000. 0.0           155 680000000. 0.0       
   120 18000000.0 2.38606E-4    132 54000000.0 9.40811E-5    144 240000000. 0.0           156 720000000. 0.0       
   121 19000000.0 9.37292E-4    133 55000000.0 8.14766E-5    145 280000000. 0.0           157 760000000. 0.0       
   122 20000000.0 .003107674    134 60000000.0 8.01727E-5    146 320000000. 0.0           158 800000000. 0.0       
   123 22000000.0 .006628459    135 70000000.0 4.95824E-5    147 360000000. 0.0           159 840000000. 0.0       
   124 24000000.0 .005433341    136 80000000.0 2.71653E-5    148 400000000. 0.0           160 880000000. 0.0       
   125 26000000.0 .002530048    137 90000000.0 3.28489E-5    149 440000000. 0.0           161 920000000. 0.0       
   126 28000000.0 .001230760    138 100000000. 5.59588E-5    150 480000000. 0.0           162 960000000. 0.0       
   127 30000000.0 8.51970E-4    139 120000000. 6.43623E-5    151 520000000. 0.0           163 1.00000E+9
   128 35000000.0 4.28932E-4    140 140000000. 3.70446E-5    152 560000000. 0.0       
 
                                                     MT=111
 MAT  825                         0.0        Kelvin Unshielded Cross Sections                           8-O -16 

   No.  Group-eV   Average      No.  Group-eV   Average      No.  Group-eV   Average      No.  Group-eV   Average

   123 22000000.0 4.93680E-5    134 60000000.0 7.63113E-7    145 280000000. 0.0           156 720000000. 0.0       
   124 24000000.0 6.38256E-4    135 70000000.0 1.75674E-7    146 320000000. 0.0           157 760000000. 0.0       
   125 26000000.0 5.64270E-4    136 80000000.0 9.32852E-8    147 360000000. 0.0           158 800000000. 0.0       
   126 28000000.0 3.34595E-4    137 90000000.0 1.12859E-7    148 400000000. 0.0           159 840000000. 0.0       
   127 30000000.0 2.40467E-4    138 100000000. 1.92276E-7    149 440000000. 0.0           160 880000000. 0.0       
   128 35000000.0 1.38507E-4    139 120000000. 2.21157E-7    150 480000000. 0.0           161 920000000. 0.0       
   129 40000000.0 8.48090E-5    140 140000000. 1.27290E-7    151 520000000. 0.0           162 960000000. 0.0       
   130 45000000.0 5.44940E-5    141 160000000. 0.0           152 560000000. 0.0           163 1.00000E+9
   131 50000000.0 2.55426E-5    142 180000000. 0.0           153 600000000. 0.0       
   132 54000000.0 1.12829E-5    143 200000000. 0.0           154 640000000. 0.0       
   133 55000000.0 4.81857E-6    144 240000000. 0.0           155 680000000. 0.0       
 
                                                     MT=112
 MAT  825                         0.0        Kelvin Unshielded Cross Sections                           8-O -16 

   No.  Group-eV   Average      No.  Group-eV   Average      No.  Group-eV   Average      No.  Group-eV   Average

   125 26000000.0 4.99954E-7    135 70000000.0 1.46453E-4    145 280000000. 0.0           155 680000000. 0.0       
   126 28000000.0 1.48684E-4    136 80000000.0 8.02303E-5    146 320000000. 0.0           156 720000000. 0.0       
   127 30000000.0 3.00012E-4    137 90000000.0 9.70074E-5    147 360000000. 0.0           157 760000000. 0.0       
   128 35000000.0 6.07547E-4    138 100000000. 1.65248E-4    148 400000000. 0.0           158 800000000. 0.0       
   129 40000000.0 6.02105E-4    139 120000000. 1.90067E-4    149 440000000. 0.0           159 840000000. 0.0       
   130 45000000.0 4.85200E-4    140 140000000. 1.09394E-4    150 480000000. 0.0           160 880000000. 0.0       
   131 50000000.0 3.59763E-4    141 160000000. 0.0           151 520000000. 0.0           161 920000000. 0.0       
   132 54000000.0 2.82102E-4    142 180000000. 0.0           152 560000000. 0.0           162 960000000. 0.0       
   133 55000000.0 2.43342E-4    143 200000000. 0.0           153 600000000. 0.0           163 1.00000E+9
   134 60000000.0 2.37298E-4    144 240000000. 0.0           154 640000000. 0.0       
 
                                                     MT=113
 MAT  825                         0.0        Kelvin Unshielded Cross Sections                           8-O -16 

   No.  Group-eV   Average      No.  Group-eV   Average      No.  Group-eV   Average      No.  Group-eV   Average

   128 35000000.0 1.99740E-6    137 90000000.0 1.86312E-5    146 320000000. 0.0           155 680000000. 0.0       
   129 40000000.0 2.39225E-5    138 100000000. 3.17399E-5    147 360000000. 0.0           156 720000000. 0.0       
   130 45000000.0 7.66257E-5    139 120000000. 3.65062E-5    148 400000000. 0.0           157 760000000. 0.0       
   131 50000000.0 8.01306E-5    140 140000000. 2.10119E-5    149 440000000. 0.0           158 800000000. 0.0       
   132 54000000.0 6.49039E-5    141 160000000. 0.0           150 480000000. 0.0           159 840000000. 0.0       
   133 55000000.0 5.62001E-5    142 180000000. 0.0           151 520000000. 0.0           160 880000000. 0.0       
   134 60000000.0 5.38135E-5    143 200000000. 0.0           152 560000000. 0.0           161 920000000. 0.0       
   135 70000000.0 3.17448E-5    144 240000000. 0.0           153 600000000. 0.0           162 960000000. 0.0       
   136 80000000.0 1.52846E-5    145 280000000. 0.0           154 640000000. 0.0           163 1.00000E+9
 
                                                     MT=114
 MAT  825                         0.0        Kelvin Unshielded Cross Sections                           8-O -16 

   No.  Group-eV   Average      No.  Group-eV   Average      No.  Group-eV   Average      No.  Group-eV   Average

   127 30000000.0 2.58132E-5    137 90000000.0 1.21220E-4    147 360000000. 0.0           157 760000000. 0.0       
   128 35000000.0 3.68145E-4    138 100000000. 2.06484E-4    148 400000000. 0.0           158 800000000. 0.0       
   129 40000000.0 4.95769E-4    139 120000000. 2.37491E-4    149 440000000. 0.0           159 840000000. 0.0       
   130 45000000.0 4.79968E-4    140 140000000. 1.36691E-4    150 480000000. 0.0           160 880000000. 0.0       
   131 50000000.0 4.06022E-4    141 160000000. 0.0           151 520000000. 0.0           161 920000000. 0.0       
   132 54000000.0 3.32239E-4    142 180000000. 0.0           152 560000000. 0.0           162 960000000. 0.0       
   133 55000000.0 2.94430E-4    143 200000000. 0.0           153 600000000. 0.0           163 1.00000E+9
   134 60000000.0 2.96700E-4    144 240000000. 0.0           154 640000000. 0.0       
   135 70000000.0 1.83516E-4    145 280000000. 0.0           155 680000000. 0.0       
   136 80000000.0 9.99456E-5    146 320000000. 0.0           156 720000000. 0.0       
 
                                                     MT=115
 MAT  825                         0.0        Kelvin Unshielded Cross Sections                           8-O -16 

   No.  Group-eV   Average      No.  Group-eV   Average      No.  Group-eV   Average      No.  Group-eV   Average

   126 28000000.0 6.27249E-6    136 80000000.0 2.11063E-4    146 320000000. 0.0           156 720000000. 0.0       
   127 30000000.0 6.26553E-4    137 90000000.0 2.55507E-4    147 360000000. 0.0           157 760000000. 0.0       
   128 35000000.0 .001377702    138 100000000. 4.35243E-4    148 400000000. 0.0           158 800000000. 0.0       
   129 40000000.0 .001272278    139 120000000. 5.00603E-4    149 440000000. 0.0           159 840000000. 0.0       
   130 45000000.0 .001097442    140 140000000. 2.88129E-4    150 480000000. 0.0           160 880000000. 0.0       
   131 50000000.0 8.90999E-4    141 160000000. 0.0           151 520000000. 0.0           161 920000000. 0.0       
   132 54000000.0 7.19072E-4    142 180000000. 0.0           152 560000000. 0.0           162 960000000. 0.0       
   133 55000000.0 6.31141E-4    143 200000000. 0.0           153 600000000. 0.0           163 1.00000E+9
   134 60000000.0 6.28196E-4    144 240000000. 0.0           154 640000000. 0.0       
   135 70000000.0 3.85235E-4    145 280000000. 0.0           155 680000000. 0.0       
 
                                                     MT=116
 MAT  825                         0.0        Kelvin Unshielded Cross Sections                           8-O -16 

   No.  Group-eV   Average      No.  Group-eV   Average      No.  Group-eV   Average      No.  Group-eV   Average

   125 26000000.0 3.52003E-8    135 70000000.0 9.45843E-5    145 280000000. 0.0           155 680000000. 0.0       
   126 28000000.0 4.30157E-5    136 80000000.0 4.96412E-5    146 320000000. 0.0           156 720000000. 0.0       
   127 30000000.0 2.29341E-4    137 90000000.0 6.03173E-5    147 360000000. 0.0           157 760000000. 0.0       
   128 35000000.0 3.69973E-4    138 100000000. 1.02750E-4    148 400000000. 0.0           158 800000000. 0.0       
   129 40000000.0 3.96186E-4    139 120000000. 1.18181E-4    149 440000000. 0.0           159 840000000. 0.0       
   130 45000000.0 3.37522E-4    140 140000000. 6.80209E-5    150 480000000. 0.0           160 880000000. 0.0       
   131 50000000.0 2.63178E-4    141 160000000. 0.0           151 520000000. 0.0           161 920000000. 0.0       
   132 54000000.0 2.06975E-4    142 180000000. 0.0           152 560000000. 0.0           162 960000000. 0.0       
   133 55000000.0 1.77074E-4    143 200000000. 0.0           153 600000000. 0.0           163 1.00000E+9
   134 60000000.0 1.66667E-4    144 240000000. 0.0           154 640000000. 0.0       
 
                                                     MT=117
 MAT  825                         0.0        Kelvin Unshielded Cross Sections                           8-O -16 

   No.  Group-eV   Average      No.  Group-eV   Average      No.  Group-eV   Average      No.  Group-eV   Average

   127 30000000.0 5.04348E-8    137 90000000.0 4.97489E-5    147 360000000. 0.0           157 760000000. 0.0       
   128 35000000.0 3.27614E-5    138 100000000. 8.47362E-5    148 400000000. 0.0           158 800000000. 0.0       
   129 40000000.0 1.43769E-4    139 120000000. 9.74616E-5    149 440000000. 0.0           159 840000000. 0.0       
   130 45000000.0 1.76051E-4    140 140000000. 5.60953E-5    150 480000000. 0.0           160 880000000. 0.0       
   131 50000000.0 1.58474E-4    141 160000000. 0.0           151 520000000. 0.0           161 920000000. 0.0       
   132 54000000.0 1.32174E-4    142 180000000. 0.0           152 560000000. 0.0           162 960000000. 0.0       
   133 55000000.0 1.18557E-4    143 200000000. 0.0           153 600000000. 0.0           163 1.00000E+9
   134 60000000.0 1.21144E-4    144 240000000. 0.0           154 640000000. 0.0       
   135 70000000.0 7.55781E-5    145 280000000. 0.0           155 680000000. 0.0       
   136 80000000.0 4.08017E-5    146 320000000. 0.0           156 720000000. 0.0       
 
                                                     MT=600
 MAT  825                         0.0        Kelvin Unshielded Cross Sections                           8-O -16 

   No.  Group-eV   Average      No.  Group-eV   Average      No.  Group-eV   Average      No.  Group-eV   Average

   114 12000000.0 9.19775E-5    127 30000000.0 2.15185E-5    140 140000000. 7.47735E-9    153 600000000. 0.0       
   115 13000000.0 2.69714E-4    128 35000000.0 6.36901E-6    141 160000000. 0.0           154 640000000. 0.0       
   116 14000000.0 3.85193E-4    129 40000000.0 1.07301E-6    142 180000000. 0.0           155 680000000. 0.0       
   117 15000000.0 5.62025E-4    130 45000000.0 9.61789E-8    143 200000000. 0.0           156 720000000. 0.0       
   118 16000000.0 8.65579E-4    131 50000000.0 2.34407E-8    144 240000000. 0.0           157 760000000. 0.0       
   119 17000000.0 9.60164E-4    132 54000000.0 1.86765E-8    145 280000000. 0.0           158 800000000. 0.0       
   120 18000000.0 9.01675E-4    133 55000000.0 1.62936E-8    146 320000000. 0.0           159 840000000. 0.0       
   121 19000000.0 9.95885E-4    134 60000000.0 1.61360E-8    147 360000000. 0.0           160 880000000. 0.0       
   122 20000000.0 .001047220    135 70000000.0 9.99163E-9    148 400000000. 0.0           161 920000000. 0.0       
   123 22000000.0 9.96162E-4    136 80000000.0 5.47688E-9    149 440000000. 0.0           162 960000000. 0.0       
   124 24000000.0 4.62674E-4    137 90000000.0 6.62874E-9    150 480000000. 0.0           163 1.00000E+9
   125 26000000.0 1.50825E-4    138 100000000. 1.12944E-8    151 520000000. 0.0       
   126 28000000.0 5.03680E-5    139 120000000. 1.29910E-8    152 560000000. 0.0       
 
                                                     MT=601
 MAT  825                         0.0        Kelvin Unshielded Cross Sections                           8-O -16 

   No.  Group-eV   Average      No.  Group-eV   Average      No.  Group-eV   Average      No.  Group-eV   Average

   119 17000000.0 2.40275E-6    131 50000000.0 2.04008E-7    143 200000000. 0.0           155 680000000. 0.0       
   120 18000000.0 1.19557E-4    132 54000000.0 3.83017E-8    144 240000000. 0.0           156 720000000. 0.0       
   121 19000000.0 4.78517E-4    133 55000000.0 3.33267E-8    145 280000000. 0.0           157 760000000. 0.0       
   122 20000000.0 9.79897E-4    134 60000000.0 3.29101E-8    146 320000000. 0.0           158 800000000. 0.0       
   123 22000000.0 .001292726    135 70000000.0 2.03628E-8    147 360000000. 0.0           159 840000000. 0.0       
   124 24000000.0 7.30366E-4    136 80000000.0 1.11587E-8    148 400000000. 0.0           160 880000000. 0.0       
   125 26000000.0 2.80370E-4    137 90000000.0 1.34975E-8    149 440000000. 0.0           161 920000000. 0.0       
   126 28000000.0 1.09950E-4    138 100000000. 2.29945E-8    150 480000000. 0.0           162 960000000. 0.0       
   127 30000000.0 5.69501E-5    139 120000000. 2.64482E-8    151 520000000. 0.0           163 1.00000E+9
   128 35000000.0 2.22825E-5    140 140000000. 1.52226E-8    152 560000000. 0.0       
   129 40000000.0 8.56537E-6    141 160000000. 0.0           153 600000000. 0.0       
   130 45000000.0 1.90040E-6    142 180000000. 0.0           154 640000000. 0.0       
 
                                                     MT=602
 MAT  825                         0.0        Kelvin Unshielded Cross Sections                           8-O -16 

   No.  Group-eV   Average      No.  Group-eV   Average      No.  Group-eV   Average      No.  Group-eV   Average

   119 17000000.0 3.70629E-7    131 50000000.0 1.02622E-7    143 200000000. 0.0           155 680000000. 0.0       
   120 18000000.0 2.41644E-5    132 54000000.0 1.89890E-8    144 240000000. 0.0           156 720000000. 0.0       
   121 19000000.0 1.15050E-4    133 55000000.0 1.65675E-8    145 280000000. 0.0           157 760000000. 0.0       
   122 20000000.0 2.80419E-4    134 60000000.0 1.64092E-8    146 320000000. 0.0           158 800000000. 0.0       
   123 22000000.0 4.04988E-4    135 70000000.0 1.01611E-8    147 360000000. 0.0           159 840000000. 0.0       
   124 24000000.0 2.60053E-4    136 80000000.0 5.56984E-9    148 400000000. 0.0           160 880000000. 0.0       
   125 26000000.0 1.10383E-4    137 90000000.0 6.74135E-9    149 440000000. 0.0           161 920000000. 0.0       
   126 28000000.0 4.71650E-5    138 100000000. 1.14862E-8    150 480000000. 0.0           162 960000000. 0.0       
   127 30000000.0 2.61919E-5    139 120000000. 1.32121E-8    151 520000000. 0.0           163 1.00000E+9
   128 35000000.0 1.07641E-5    140 140000000. 7.60418E-9    152 560000000. 0.0       
   129 40000000.0 4.20522E-6    141 160000000. 0.0           153 600000000. 0.0       
   130 45000000.0 9.43986E-7    142 180000000. 0.0           154 640000000. 0.0       
 
                                                     MT=603
 MAT  825                         0.0        Kelvin Unshielded Cross Sections                           8-O -16 

   No.  Group-eV   Average      No.  Group-eV   Average      No.  Group-eV   Average      No.  Group-eV   Average

   120 18000000.0 2.69955E-6    131 50000000.0 2.61827E-7    142 180000000. 0.0           153 600000000. 0.0       
   121 19000000.0 9.82970E-5    132 54000000.0 3.42348E-8    143 200000000. 0.0           154 640000000. 0.0       
   122 20000000.0 4.33233E-4    133 55000000.0 2.77704E-8    144 240000000. 0.0           155 680000000. 0.0       
   123 22000000.0 8.38172E-4    134 60000000.0 2.74666E-8    145 280000000. 0.0           156 720000000. 0.0       
   124 24000000.0 6.00181E-4    135 70000000.0 1.70019E-8    146 320000000. 0.0           157 760000000. 0.0       
   125 26000000.0 2.37495E-4    136 80000000.0 9.31841E-9    147 360000000. 0.0           158 800000000. 0.0       
   126 28000000.0 8.78746E-5    137 90000000.0 1.12751E-8    148 400000000. 0.0           159 840000000. 0.0       
   127 30000000.0 4.09249E-5    138 100000000. 1.92102E-8    149 440000000. 0.0           160 880000000. 0.0       
   128 35000000.0 1.51803E-5    139 120000000. 2.20957E-8    150 480000000. 0.0           161 920000000. 0.0       
   129 40000000.0 6.43276E-6    140 140000000. 1.27174E-8    151 520000000. 0.0           162 960000000. 0.0       
   130 45000000.0 2.00762E-6    141 160000000. 0.0           152 560000000. 0.0           163 1.00000E+9
 
                                                     MT=604
 MAT  825                         0.0        Kelvin Unshielded Cross Sections                           8-O -16 

   No.  Group-eV   Average      No.  Group-eV   Average      No.  Group-eV   Average      No.  Group-eV   Average

   121 19000000.0 5.02672E-6    132 54000000.0 8.52834E-8    143 200000000. 0.0           154 640000000. 0.0       
   122 20000000.0 2.70288E-4    133 55000000.0 3.33267E-8    144 240000000. 0.0           155 680000000. 0.0       
   123 22000000.0 7.70099E-4    134 60000000.0 3.29101E-8    145 280000000. 0.0           156 720000000. 0.0       
   124 24000000.0 5.42762E-4    135 70000000.0 2.03628E-8    146 320000000. 0.0           157 760000000. 0.0       
   125 26000000.0 2.21116E-4    136 80000000.0 1.11587E-8    147 360000000. 0.0           158 800000000. 0.0       
   126 28000000.0 9.05144E-5    137 90000000.0 1.34975E-8    148 400000000. 0.0           159 840000000. 0.0       
   127 30000000.0 5.04548E-5    138 100000000. 2.29945E-8    149 440000000. 0.0           160 880000000. 0.0       
   128 35000000.0 2.23621E-5    139 120000000. 2.64482E-8    150 480000000. 0.0           161 920000000. 0.0       
   129 40000000.0 9.97641E-6    140 140000000. 1.52226E-8    151 520000000. 0.0           162 960000000. 0.0       
   130 45000000.0 3.52245E-6    141 160000000. 0.0           152 560000000. 0.0           163 1.00000E+9
   131 50000000.0 4.15896E-7    142 180000000. 0.0           153 600000000. 0.0       
 
                                                     MT=605
 MAT  825                         0.0        Kelvin Unshielded Cross Sections                           8-O -16 

   No.  Group-eV   Average      No.  Group-eV   Average      No.  Group-eV   Average      No.  Group-eV   Average

   121 19000000.0 1.51007E-6    132 54000000.0 7.87428E-8    143 200000000. 0.0           154 640000000. 0.0       
   122 20000000.0 1.20309E-4    133 55000000.0 2.80245E-8    144 240000000. 0.0           155 680000000. 0.0       
   123 22000000.0 4.06922E-4    134 60000000.0 2.74457E-8    145 280000000. 0.0           156 720000000. 0.0       
   124 24000000.0 3.25966E-4    135 70000000.0 1.69902E-8    146 320000000. 0.0           157 760000000. 0.0       
   125 26000000.0 1.44872E-4    136 80000000.0 9.31258E-9    147 360000000. 0.0           158 800000000. 0.0       
   126 28000000.0 6.42666E-5    137 90000000.0 1.12689E-8    148 400000000. 0.0           159 840000000. 0.0       
   127 30000000.0 3.87086E-5    138 100000000. 1.91996E-8    149 440000000. 0.0           160 880000000. 0.0       
   128 35000000.0 1.81956E-5    139 120000000. 2.20837E-8    150 480000000. 0.0           161 920000000. 0.0       
   129 40000000.0 8.31553E-6    140 140000000. 1.27105E-8    151 520000000. 0.0           162 960000000. 0.0       
   130 45000000.0 3.02487E-6    141 160000000. 0.0           152 560000000. 0.0           163 1.00000E+9
   131 50000000.0 3.61593E-7    142 180000000. 0.0           153 600000000. 0.0       
 
                                                     MT=606
 MAT  825                         0.0        Kelvin Unshielded Cross Sections                           8-O -16 

   No.  Group-eV   Average      No.  Group-eV   Average      No.  Group-eV   Average      No.  Group-eV   Average

   121 19000000.0 1.24821E-6    132 54000000.0 1.19965E-7    143 200000000. 0.0           154 640000000. 0.0       
   122 20000000.0 2.04188E-4    133 55000000.0 3.58586E-8    144 240000000. 0.0           155 680000000. 0.0       
   123 22000000.0 8.01866E-4    134 60000000.0 3.24384E-8    145 280000000. 0.0           156 720000000. 0.0       
   124 24000000.0 5.93331E-4    135 70000000.0 2.00575E-8    146 320000000. 0.0           157 760000000. 0.0       
   125 26000000.0 2.38450E-4    136 80000000.0 1.09883E-8    147 360000000. 0.0           158 800000000. 0.0       
   126 28000000.0 9.52304E-5    137 90000000.0 1.32850E-8    148 400000000. 0.0           159 840000000. 0.0       
   127 30000000.0 5.17410E-5    138 100000000. 2.26304E-8    149 440000000. 0.0           160 880000000. 0.0       
   128 35000000.0 2.27321E-5    139 120000000. 2.60287E-8    150 480000000. 0.0           161 920000000. 0.0       
   129 40000000.0 1.02689E-5    140 140000000. 1.49813E-8    151 520000000. 0.0           162 960000000. 0.0       
   130 45000000.0 3.91492E-6    141 160000000. 0.0           152 560000000. 0.0           163 1.00000E+9
   131 50000000.0 4.91488E-7    142 180000000. 0.0           153 600000000. 0.0       
 
                                                     MT=607
 MAT  825                         0.0        Kelvin Unshielded Cross Sections                           8-O -16 

   No.  Group-eV   Average      No.  Group-eV   Average      No.  Group-eV   Average      No.  Group-eV   Average

   122 20000000.0 1.05341E-5    133 55000000.0 2.21968E-8    144 240000000. 0.0           155 680000000. 0.0       
   123 22000000.0 1.16941E-4    134 60000000.0 1.64092E-8    145 280000000. 0.0           156 720000000. 0.0       
   124 24000000.0 1.34466E-4    135 70000000.0 1.01611E-8    146 320000000. 0.0           157 760000000. 0.0       
   125 26000000.0 6.60184E-5    136 80000000.0 5.56984E-9    147 360000000. 0.0           158 800000000. 0.0       
   126 28000000.0 3.12636E-5    137 90000000.0 6.74135E-9    148 400000000. 0.0           159 840000000. 0.0       
   127 30000000.0 2.03466E-5    138 100000000. 1.14862E-8    149 440000000. 0.0           160 880000000. 0.0       
   128 35000000.0 1.05321E-5    139 120000000. 1.32121E-8    150 480000000. 0.0           161 920000000. 0.0       
   129 40000000.0 5.20474E-6    140 140000000. 7.60418E-9    151 520000000. 0.0           162 960000000. 0.0       
   130 45000000.0 2.24852E-6    141 160000000. 0.0           152 560000000. 0.0           163 1.00000E+9
   131 50000000.0 3.34036E-7    142 180000000. 0.0           153 600000000. 0.0       
   132 54000000.0 9.77542E-8    143 200000000. 0.0           154 640000000. 0.0       
 
                                                     MT=608
 MAT  825                         0.0        Kelvin Unshielded Cross Sections                           8-O -16 

   No.  Group-eV   Average      No.  Group-eV   Average      No.  Group-eV   Average      No.  Group-eV   Average

   122 20000000.0 9.52715E-6    133 55000000.0 4.33420E-8    144 240000000. 0.0           155 680000000. 0.0       
   123 22000000.0 1.75778E-4    134 60000000.0 2.74457E-8    145 280000000. 0.0           156 720000000. 0.0       
   124 24000000.0 2.34696E-4    135 70000000.0 1.69902E-8    146 320000000. 0.0           157 760000000. 0.0       
   125 26000000.0 1.15591E-4    136 80000000.0 9.31258E-9    147 360000000. 0.0           158 800000000. 0.0       
   126 28000000.0 5.35034E-5    137 90000000.0 1.12689E-8    148 400000000. 0.0           159 840000000. 0.0       
   127 30000000.0 3.42229E-5    138 100000000. 1.91996E-8    149 440000000. 0.0           160 880000000. 0.0       
   128 35000000.0 1.76846E-5    139 120000000. 2.20837E-8    150 480000000. 0.0           161 920000000. 0.0       
   129 40000000.0 8.84833E-6    140 140000000. 1.27105E-8    151 520000000. 0.0           162 960000000. 0.0       
   130 45000000.0 3.97168E-6    141 160000000. 0.0           152 560000000. 0.0           163 1.00000E+9
   131 50000000.0 6.53576E-7    142 180000000. 0.0           153 600000000. 0.0       
   132 54000000.0 1.85112E-7    143 200000000. 0.0           154 640000000. 0.0       
 
                                                     MT=609
 MAT  825                         0.0        Kelvin Unshielded Cross Sections                           8-O -16 

   No.  Group-eV   Average      No.  Group-eV   Average      No.  Group-eV   Average      No.  Group-eV   Average

   122 20000000.0 6.37371E-7    133 55000000.0 3.27675E-8    144 240000000. 0.0           155 680000000. 0.0       
   123 22000000.0 5.43226E-5    134 60000000.0 1.64092E-8    145 280000000. 0.0           156 720000000. 0.0       
   124 24000000.0 1.04773E-4    135 70000000.0 1.01611E-8    146 320000000. 0.0           157 760000000. 0.0       
   125 26000000.0 5.67862E-5    136 80000000.0 5.56984E-9    147 360000000. 0.0           158 800000000. 0.0       
   126 28000000.0 2.77612E-5    137 90000000.0 6.74135E-9    148 400000000. 0.0           159 840000000. 0.0       
   127 30000000.0 1.87512E-5    138 100000000. 1.14862E-8    149 440000000. 0.0           160 880000000. 0.0       
   128 35000000.0 1.02830E-5    139 120000000. 1.32121E-8    150 480000000. 0.0           161 920000000. 0.0       
   129 40000000.0 5.35234E-6    140 140000000. 7.60418E-9    151 520000000. 0.0           162 960000000. 0.0       
   130 45000000.0 2.54140E-6    141 160000000. 0.0           152 560000000. 0.0           163 1.00000E+9
   131 50000000.0 4.92860E-7    142 180000000. 0.0           153 600000000. 0.0       
   132 54000000.0 1.33940E-7    143 200000000. 0.0           154 640000000. 0.0       
 
                                                     MT=610
 MAT  825                         0.0        Kelvin Unshielded Cross Sections                           8-O -16 

   No.  Group-eV   Average      No.  Group-eV   Average      No.  Group-eV   Average      No.  Group-eV   Average

   122 20000000.0 2.46964E-6    133 55000000.0 5.70663E-8    144 240000000. 0.0           155 680000000. 0.0       
   123 22000000.0 1.54547E-4    134 60000000.0 2.74666E-8    145 280000000. 0.0           156 720000000. 0.0       
   124 24000000.0 2.61489E-4    135 70000000.0 1.70019E-8    146 320000000. 0.0           157 760000000. 0.0       
   125 26000000.0 1.51968E-4    136 80000000.0 9.31841E-9    147 360000000. 0.0           158 800000000. 0.0       
   126 28000000.0 7.04520E-5    137 90000000.0 1.12751E-8    148 400000000. 0.0           159 840000000. 0.0       
   127 30000000.0 3.76275E-5    138 100000000. 1.92102E-8    149 440000000. 0.0           160 880000000. 0.0       
   128 35000000.0 1.54272E-5    139 120000000. 2.20957E-8    150 480000000. 0.0           161 920000000. 0.0       
   129 40000000.0 7.42341E-6    140 140000000. 1.27174E-8    151 520000000. 0.0           162 960000000. 0.0       
   130 45000000.0 3.67638E-6    141 160000000. 0.0           152 560000000. 0.0           163 1.00000E+9
   131 50000000.0 7.94933E-7    142 180000000. 0.0           153 600000000. 0.0       
   132 54000000.0 2.29816E-7    143 200000000. 0.0           154 640000000. 0.0       
 
                                                     MT=611
 MAT  825                         0.0        Kelvin Unshielded Cross Sections                           8-O -16 

   No.  Group-eV   Average      No.  Group-eV   Average      No.  Group-eV   Average      No.  Group-eV   Average

   122 20000000.0 1.12210E-6    133 55000000.0 6.88182E-8    144 240000000. 0.0           155 680000000. 0.0       
   123 22000000.0 1.57909E-4    134 60000000.0 3.29101E-8    145 280000000. 0.0           156 720000000. 0.0       
   124 24000000.0 3.20396E-4    135 70000000.0 2.03628E-8    146 320000000. 0.0           157 760000000. 0.0       
   125 26000000.0 1.61222E-4    136 80000000.0 1.11587E-8    147 360000000. 0.0           158 800000000. 0.0       
   126 28000000.0 7.06659E-5    137 90000000.0 1.34975E-8    148 400000000. 0.0           159 840000000. 0.0       
   127 30000000.0 4.23364E-5    138 100000000. 2.29945E-8    149 440000000. 0.0           160 880000000. 0.0       
   128 35000000.0 2.13571E-5    139 120000000. 2.64482E-8    150 480000000. 0.0           161 920000000. 0.0       
   129 40000000.0 1.09296E-5    140 140000000. 1.52226E-8    151 520000000. 0.0           162 960000000. 0.0       
   130 45000000.0 5.24546E-6    141 160000000. 0.0           152 560000000. 0.0           163 1.00000E+9
   131 50000000.0 1.04225E-6    142 180000000. 0.0           153 600000000. 0.0       
   132 54000000.0 2.78621E-7    143 200000000. 0.0           154 640000000. 0.0       
 
                                                     MT=612
 MAT  825                         0.0        Kelvin Unshielded Cross Sections                           8-O -16 

   No.  Group-eV   Average      No.  Group-eV   Average      No.  Group-eV   Average      No.  Group-eV   Average

   122 20000000.0 1.24911E-6    133 55000000.0 3.43884E-8    144 240000000. 0.0           155 680000000. 0.0       
   123 22000000.0 1.03047E-4    134 60000000.0 1.61360E-8    145 280000000. 0.0           156 720000000. 0.0       
   124 24000000.0 1.45337E-4    135 70000000.0 9.99163E-9    146 320000000. 0.0           157 760000000. 0.0       
   125 26000000.0 7.72823E-5    136 80000000.0 5.47688E-9    147 360000000. 0.0           158 800000000. 0.0       
   126 28000000.0 3.51252E-5    137 90000000.0 6.62874E-9    148 400000000. 0.0           159 840000000. 0.0       
   127 30000000.0 1.91057E-5    138 100000000. 1.12944E-8    149 440000000. 0.0           160 880000000. 0.0       
   128 35000000.0 8.27370E-6    139 120000000. 1.29910E-8    150 480000000. 0.0           161 920000000. 0.0       
   129 40000000.0 4.16869E-6    140 140000000. 7.47735E-9    151 520000000. 0.0           162 960000000. 0.0       
   130 45000000.0 2.12795E-6    141 160000000. 0.0           152 560000000. 0.0           163 1.00000E+9
   131 50000000.0 4.74084E-7    142 180000000. 0.0           153 600000000. 0.0       
   132 54000000.0 1.37260E-7    143 200000000. 0.0           154 640000000. 0.0       
 
                                                     MT=613
 MAT  825                         0.0        Kelvin Unshielded Cross Sections                           8-O -16 

   No.  Group-eV   Average      No.  Group-eV   Average      No.  Group-eV   Average      No.  Group-eV   Average

   123 22000000.0 1.03093E-4    134 60000000.0 3.31284E-8    145 280000000. 0.0           156 720000000. 0.0       
   124 24000000.0 2.91697E-4    135 70000000.0 2.04973E-8    146 320000000. 0.0           157 760000000. 0.0       
   125 26000000.0 1.81054E-4    136 80000000.0 1.12324E-8    147 360000000. 0.0           158 800000000. 0.0       
   126 28000000.0 8.77307E-5    137 90000000.0 1.35861E-8    148 400000000. 0.0           159 840000000. 0.0       
   127 30000000.0 4.75561E-5    138 100000000. 2.31460E-8    149 440000000. 0.0           160 880000000. 0.0       
   128 35000000.0 1.92406E-5    139 120000000. 2.66226E-8    150 480000000. 0.0           161 920000000. 0.0       
   129 40000000.0 9.23580E-6    140 140000000. 1.53229E-8    151 520000000. 0.0           162 960000000. 0.0       
   130 45000000.0 4.82127E-6    141 160000000. 0.0           152 560000000. 0.0           163 1.00000E+9
   131 50000000.0 1.26684E-6    142 180000000. 0.0           153 600000000. 0.0       
   132 54000000.0 3.31778E-7    143 200000000. 0.0           154 640000000. 0.0       
   133 55000000.0 9.52138E-8    144 240000000. 0.0           155 680000000. 0.0       
 
                                                     MT=614
 MAT  825                         0.0        Kelvin Unshielded Cross Sections                           8-O -16 

   No.  Group-eV   Average      No.  Group-eV   Average      No.  Group-eV   Average      No.  Group-eV   Average

   123 22000000.0 1.83675E-4    134 60000000.0 3.26331E-8    145 280000000. 0.0           156 720000000. 0.0       
   124 24000000.0 4.46778E-4    135 70000000.0 2.01772E-8    146 320000000. 0.0           157 760000000. 0.0       
   125 26000000.0 2.27222E-4    136 80000000.0 1.10537E-8    147 360000000. 0.0           158 800000000. 0.0       
   126 28000000.0 9.88344E-5    137 90000000.0 1.33639E-8    148 400000000. 0.0           159 840000000. 0.0       
   127 30000000.0 4.98958E-5    138 100000000. 2.27643E-8    149 440000000. 0.0           160 880000000. 0.0       
   128 35000000.0 1.91124E-5    139 120000000. 2.61828E-8    150 480000000. 0.0           161 920000000. 0.0       
   129 40000000.0 9.03050E-6    140 140000000. 1.50700E-8    151 520000000. 0.0           162 960000000. 0.0       
   130 45000000.0 4.78879E-6    141 160000000. 0.0           152 560000000. 0.0           163 1.00000E+9
   131 50000000.0 1.28957E-6    142 180000000. 0.0           153 600000000. 0.0       
   132 54000000.0 3.31337E-7    143 200000000. 0.0           154 640000000. 0.0       
   133 55000000.0 9.67281E-8    144 240000000. 0.0           155 680000000. 0.0       
 
                                                     MT=615
 MAT  825                         0.0        Kelvin Unshielded Cross Sections                           8-O -16 

   No.  Group-eV   Average      No.  Group-eV   Average      No.  Group-eV   Average      No.  Group-eV   Average

   123 22000000.0 4.96863E-5    134 60000000.0 2.74666E-8    145 280000000. 0.0           156 720000000. 0.0       
   124 24000000.0 1.79770E-4    135 70000000.0 1.70019E-8    146 320000000. 0.0           157 760000000. 0.0       
   125 26000000.0 1.22917E-4    136 80000000.0 9.31841E-9    147 360000000. 0.0           158 800000000. 0.0       
   126 28000000.0 6.34167E-5    137 90000000.0 1.12751E-8    148 400000000. 0.0           159 840000000. 0.0       
   127 30000000.0 3.61526E-5    138 100000000. 1.92102E-8    149 440000000. 0.0           160 880000000. 0.0       
   128 35000000.0 1.53763E-5    139 120000000. 2.20957E-8    150 480000000. 0.0           161 920000000. 0.0       
   129 40000000.0 7.60119E-6    140 140000000. 1.27174E-8    151 520000000. 0.0           162 960000000. 0.0       
   130 45000000.0 4.03417E-6    141 160000000. 0.0           152 560000000. 0.0           163 1.00000E+9
   131 50000000.0 1.11357E-6    142 180000000. 0.0           153 600000000. 0.0       
   132 54000000.0 2.86852E-7    143 200000000. 0.0           154 640000000. 0.0       
   133 55000000.0 8.51798E-8    144 240000000. 0.0           155 680000000. 0.0       
 
                                                     MT=616
 MAT  825                         0.0        Kelvin Unshielded Cross Sections                           8-O -16 

   No.  Group-eV   Average      No.  Group-eV   Average      No.  Group-eV   Average      No.  Group-eV   Average

   123 22000000.0 1.73515E-5    134 60000000.0 2.74457E-8    145 280000000. 0.0           156 720000000. 0.0       
   124 24000000.0 1.18558E-4    135 70000000.0 1.69902E-8    146 320000000. 0.0           157 760000000. 0.0       
   125 26000000.0 8.29050E-5    136 80000000.0 9.31258E-9    147 360000000. 0.0           158 800000000. 0.0       
   126 28000000.0 4.20082E-5    137 90000000.0 1.12689E-8    148 400000000. 0.0           159 840000000. 0.0       
   127 30000000.0 2.88137E-5    138 100000000. 1.91996E-8    149 440000000. 0.0           160 880000000. 0.0       
   128 35000000.0 1.66291E-5    139 120000000. 2.20837E-8    150 480000000. 0.0           161 920000000. 0.0       
   129 40000000.0 9.23469E-6    140 140000000. 1.27105E-8    151 520000000. 0.0           162 960000000. 0.0       
   130 45000000.0 4.87976E-6    141 160000000. 0.0           152 560000000. 0.0           163 1.00000E+9
   131 50000000.0 1.30809E-6    142 180000000. 0.0           153 600000000. 0.0       
   132 54000000.0 3.00831E-7    143 200000000. 0.0           154 640000000. 0.0       
   133 55000000.0 9.08828E-8    144 240000000. 0.0           155 680000000. 0.0       
 
                                                     MT=650
 MAT  825                         0.0        Kelvin Unshielded Cross Sections                           8-O -16 

   No.  Group-eV   Average      No.  Group-eV   Average      No.  Group-eV   Average      No.  Group-eV   Average

   122 20000000.0 7.03520E-5    133 55000000.0 7.01343E-6    144 240000000. 0.0           155 680000000. 0.0       
   123 22000000.0 .001122097    134 60000000.0 6.71195E-6    145 280000000. 0.0           156 720000000. 0.0       
   124 24000000.0 .001315306    135 70000000.0 4.22355E-6    146 320000000. 0.0           157 760000000. 0.0       
   125 26000000.0 5.58975E-4    136 80000000.0 2.30737E-6    147 360000000. 0.0           158 800000000. 0.0       
   126 28000000.0 2.10927E-4    137 90000000.0 2.79079E-6    148 400000000. 0.0           159 840000000. 0.0       
   127 30000000.0 9.79920E-5    138 100000000. 4.75439E-6    149 440000000. 0.0           160 880000000. 0.0       
   128 35000000.0 3.67035E-5    139 120000000. 5.46847E-6    150 480000000. 0.0           161 920000000. 0.0       
   129 40000000.0 1.86777E-5    140 140000000. 3.14745E-6    151 520000000. 0.0           162 960000000. 0.0       
   130 45000000.0 1.32786E-5    141 160000000. 0.0           152 560000000. 0.0           163 1.00000E+9
   131 50000000.0 1.01536E-5    142 180000000. 0.0           153 600000000. 0.0       
   132 54000000.0 8.06101E-6    143 200000000. 0.0           154 640000000. 0.0       
 
                                                     MT=651
 MAT  825                         0.0        Kelvin Unshielded Cross Sections                           8-O -16 

   No.  Group-eV   Average      No.  Group-eV   Average      No.  Group-eV   Average      No.  Group-eV   Average

   123 22000000.0 3.84409E-6    134 60000000.0 2.60734E-6    145 280000000. 0.0           156 720000000. 0.0       
   124 24000000.0 1.42117E-4    135 70000000.0 1.64457E-6    146 320000000. 0.0           157 760000000. 0.0       
   125 26000000.0 1.41217E-4    136 80000000.0 8.95317E-7    147 360000000. 0.0           158 800000000. 0.0       
   126 28000000.0 6.91141E-5    137 90000000.0 1.08276E-6    148 400000000. 0.0           159 840000000. 0.0       
   127 30000000.0 3.60352E-5    138 100000000. 1.84452E-6    149 440000000. 0.0           160 880000000. 0.0       
   128 35000000.0 1.42544E-5    139 120000000. 2.12153E-6    150 480000000. 0.0           161 920000000. 0.0       
   129 40000000.0 7.28500E-6    140 140000000. 1.22107E-6    151 520000000. 0.0           162 960000000. 0.0       
   130 45000000.0 5.17223E-6    141 160000000. 0.0           152 560000000. 0.0           163 1.00000E+9
   131 50000000.0 3.94997E-6    142 180000000. 0.0           153 600000000. 0.0       
   132 54000000.0 3.13371E-6    143 200000000. 0.0           154 640000000. 0.0       
   133 55000000.0 2.72492E-6    144 240000000. 0.0           155 680000000. 0.0       
 
                                                     MT=652
 MAT  825                         0.0        Kelvin Unshielded Cross Sections                           8-O -16 

   No.  Group-eV   Average      No.  Group-eV   Average      No.  Group-eV   Average      No.  Group-eV   Average

   124 24000000.0 1.86261E-5    134 60000000.0 6.76055E-6    144 240000000. 0.0           154 640000000. 0.0       
   125 26000000.0 1.51227E-4    135 70000000.0 4.19782E-6    145 280000000. 0.0           155 680000000. 0.0       
   126 28000000.0 1.30670E-4    136 80000000.0 2.30737E-6    146 320000000. 0.0           156 720000000. 0.0       
   127 30000000.0 8.20658E-5    137 90000000.0 2.79079E-6    147 360000000. 0.0           157 760000000. 0.0       
   128 35000000.0 3.55115E-5    138 100000000. 4.75439E-6    148 400000000. 0.0           158 800000000. 0.0       
   129 40000000.0 1.85457E-5    139 120000000. 5.46847E-6    149 440000000. 0.0           159 840000000. 0.0       
   130 45000000.0 1.32512E-5    140 140000000. 3.14745E-6    150 480000000. 0.0           160 880000000. 0.0       
   131 50000000.0 1.01453E-5    141 160000000. 0.0           151 520000000. 0.0           161 920000000. 0.0       
   132 54000000.0 8.05700E-6    142 180000000. 0.0           152 560000000. 0.0           162 960000000. 0.0       
   133 55000000.0 7.01112E-6    143 200000000. 0.0           153 600000000. 0.0           163 1.00000E+9
 
                                                     MT=653
 MAT  825                         0.0        Kelvin Unshielded Cross Sections                           8-O -16 

   No.  Group-eV   Average      No.  Group-eV   Average      No.  Group-eV   Average      No.  Group-eV   Average

   125 26000000.0 1.51953E-5    135 70000000.0 1.39310E-6    145 280000000. 0.0           155 680000000. 0.0       
   126 28000000.0 3.05449E-5    136 80000000.0 7.65626E-7    146 320000000. 0.0           156 720000000. 0.0       
   127 30000000.0 2.49411E-5    137 90000000.0 9.26252E-7    147 360000000. 0.0           157 760000000. 0.0       
   128 35000000.0 1.14508E-5    138 100000000. 1.57804E-6    148 400000000. 0.0           158 800000000. 0.0       
   129 40000000.0 6.01391E-6    139 120000000. 1.81507E-6    149 440000000. 0.0           159 840000000. 0.0       
   130 45000000.0 4.31421E-6    140 140000000. 1.04470E-6    150 480000000. 0.0           160 880000000. 0.0       
   131 50000000.0 3.31216E-6    141 160000000. 0.0           151 520000000. 0.0           161 920000000. 0.0       
   132 54000000.0 2.63377E-6    142 180000000. 0.0           152 560000000. 0.0           162 960000000. 0.0       
   133 55000000.0 2.29412E-6    143 200000000. 0.0           153 600000000. 0.0           163 1.00000E+9
   134 60000000.0 2.25860E-6    144 240000000. 0.0           154 640000000. 0.0       
 
                                                     MT=654
 MAT  825                         0.0        Kelvin Unshielded Cross Sections                           8-O -16 

   No.  Group-eV   Average      No.  Group-eV   Average      No.  Group-eV   Average      No.  Group-eV   Average

   125 26000000.0 6.20575E-5    135 70000000.0 6.72113E-6    145 280000000. 0.0           155 680000000. 0.0       
   126 28000000.0 1.43940E-4    136 80000000.0 3.70222E-6    146 320000000. 0.0           156 720000000. 0.0       
   127 30000000.0 1.12693E-4    137 90000000.0 4.47717E-6    147 360000000. 0.0           157 760000000. 0.0       
   128 35000000.0 5.40281E-5    138 100000000. 7.62706E-6    148 400000000. 0.0           158 800000000. 0.0       
   129 40000000.0 2.92289E-5    139 120000000. 8.77245E-6    149 440000000. 0.0           159 840000000. 0.0       
   130 45000000.0 2.10455E-5    140 140000000. 5.04907E-6    150 480000000. 0.0           160 880000000. 0.0       
   131 50000000.0 1.61206E-5    141 160000000. 0.0           151 520000000. 0.0           161 920000000. 0.0       
   132 54000000.0 1.27991E-5    142 180000000. 0.0           152 560000000. 0.0           162 960000000. 0.0       
   133 55000000.0 1.11334E-5    143 200000000. 0.0           153 600000000. 0.0           163 1.00000E+9
   134 60000000.0 1.09296E-5    144 240000000. 0.0           154 640000000. 0.0       
 
                                                     MT=655
 MAT  825                         0.0        Kelvin Unshielded Cross Sections                           8-O -16 

   No.  Group-eV   Average      No.  Group-eV   Average      No.  Group-eV   Average      No.  Group-eV   Average

   125 26000000.0 1.24281E-5    135 70000000.0 4.67799E-6    145 280000000. 0.0           155 680000000. 0.0       
   126 28000000.0 7.52892E-5    136 80000000.0 2.57779E-6    146 320000000. 0.0           156 720000000. 0.0       
   127 30000000.0 7.50023E-5    137 90000000.0 3.11784E-6    147 360000000. 0.0           157 760000000. 0.0       
   128 35000000.0 3.76855E-5    138 100000000. 5.31153E-6    148 400000000. 0.0           158 800000000. 0.0       
   129 40000000.0 2.02963E-5    139 120000000. 6.10924E-6    149 440000000. 0.0           159 840000000. 0.0       
   130 45000000.0 1.46022E-5    140 140000000. 3.51626E-6    150 480000000. 0.0           160 880000000. 0.0       
   131 50000000.0 1.11966E-5    141 160000000. 0.0           151 520000000. 0.0           161 920000000. 0.0       
   132 54000000.0 8.89394E-6    142 180000000. 0.0           152 560000000. 0.0           162 960000000. 0.0       
   133 55000000.0 7.74022E-6    143 200000000. 0.0           153 600000000. 0.0           163 1.00000E+9
   134 60000000.0 7.62076E-6    144 240000000. 0.0           154 640000000. 0.0       
 
                                                     MT=656
 MAT  825                         0.0        Kelvin Unshielded Cross Sections                           8-O -16 

   No.  Group-eV   Average      No.  Group-eV   Average      No.  Group-eV   Average      No.  Group-eV   Average

   125 26000000.0 1.84583E-5    135 70000000.0 8.58853E-6    145 280000000. 0.0           155 680000000. 0.0       
   126 28000000.0 1.29856E-4    136 80000000.0 4.75632E-6    146 320000000. 0.0           156 720000000. 0.0       
   127 30000000.0 1.24789E-4    137 90000000.0 5.75022E-6    147 360000000. 0.0           157 760000000. 0.0       
   128 35000000.0 6.50138E-5    138 100000000. 9.79506E-6    148 400000000. 0.0           158 800000000. 0.0       
   129 40000000.0 3.66812E-5    139 120000000. 1.12659E-5    149 440000000. 0.0           159 840000000. 0.0       
   130 45000000.0 2.69168E-5    140 140000000. 6.48430E-6    150 480000000. 0.0           160 880000000. 0.0       
   131 50000000.0 2.07263E-5    141 160000000. 0.0           151 520000000. 0.0           161 920000000. 0.0       
   132 54000000.0 1.64677E-5    142 180000000. 0.0           152 560000000. 0.0           162 960000000. 0.0       
   133 55000000.0 1.43257E-5    143 200000000. 0.0           153 600000000. 0.0           163 1.00000E+9
   134 60000000.0 1.40753E-5    144 240000000. 0.0           154 640000000. 0.0       
 
                                                     MT=657
 MAT  825                         0.0        Kelvin Unshielded Cross Sections                           8-O -16 

   No.  Group-eV   Average      No.  Group-eV   Average      No.  Group-eV   Average      No.  Group-eV   Average

   125 26000000.0 1.60026E-6    135 70000000.0 4.11168E-6    145 280000000. 0.0           155 680000000. 0.0       
   126 28000000.0 4.36019E-5    136 80000000.0 2.30737E-6    146 320000000. 0.0           156 720000000. 0.0       
   127 30000000.0 6.29333E-5    137 90000000.0 2.79079E-6    147 360000000. 0.0           157 760000000. 0.0       
   128 35000000.0 3.38335E-5    138 100000000. 4.75439E-6    148 400000000. 0.0           158 800000000. 0.0       
   129 40000000.0 1.83778E-5    139 120000000. 5.46847E-6    149 440000000. 0.0           159 840000000. 0.0       
   130 45000000.0 1.32205E-5    140 140000000. 3.14745E-6    150 480000000. 0.0           160 880000000. 0.0       
   131 50000000.0 1.01367E-5    141 160000000. 0.0           151 520000000. 0.0           161 920000000. 0.0       
   132 54000000.0 8.05305E-6    142 180000000. 0.0           152 560000000. 0.0           162 960000000. 0.0       
   133 55000000.0 7.00900E-6    143 200000000. 0.0           153 600000000. 0.0           163 1.00000E+9
   134 60000000.0 6.87345E-6    144 240000000. 0.0           154 640000000. 0.0       
 
                                                     MT=658
 MAT  825                         0.0        Kelvin Unshielded Cross Sections                           8-O -16 

   No.  Group-eV   Average      No.  Group-eV   Average      No.  Group-eV   Average      No.  Group-eV   Average

   125 26000000.0 8.12145E-7    135 70000000.0 7.96286E-6    145 280000000. 0.0           155 680000000. 0.0       
   126 28000000.0 6.77404E-5    136 80000000.0 4.44925E-6    146 320000000. 0.0           156 720000000. 0.0       
   127 30000000.0 1.03573E-4    137 90000000.0 5.37912E-6    147 360000000. 0.0           157 760000000. 0.0       
   128 35000000.0 5.94002E-5    138 100000000. 9.16290E-6    148 400000000. 0.0           158 800000000. 0.0       
   129 40000000.0 3.42221E-5    139 120000000. 1.05389E-5    149 440000000. 0.0           159 840000000. 0.0       
   130 45000000.0 2.53002E-5    140 140000000. 6.06590E-6    150 480000000. 0.0           160 880000000. 0.0       
   131 50000000.0 1.95029E-5    141 160000000. 0.0           151 520000000. 0.0           161 920000000. 0.0       
   132 54000000.0 1.54980E-5    142 180000000. 0.0           152 560000000. 0.0           162 960000000. 0.0       
   133 55000000.0 1.34832E-5    143 200000000. 0.0           153 600000000. 0.0           163 1.00000E+9
   134 60000000.0 1.32491E-5    144 240000000. 0.0           154 640000000. 0.0       
 
                                                     MT=659
 MAT  825                         0.0        Kelvin Unshielded Cross Sections                           8-O -16 

   No.  Group-eV   Average      No.  Group-eV   Average      No.  Group-eV   Average      No.  Group-eV   Average

   126 28000000.0 2.76344E-5    136 80000000.0 3.69197E-6    146 320000000. 0.0           156 720000000. 0.0       
   127 30000000.0 8.18929E-5    137 90000000.0 4.46422E-6    147 360000000. 0.0           157 760000000. 0.0       
   128 35000000.0 5.08949E-5    138 100000000. 7.60473E-6    148 400000000. 0.0           158 800000000. 0.0       
   129 40000000.0 2.88978E-5    139 120000000. 8.74672E-6    149 440000000. 0.0           159 840000000. 0.0       
   130 45000000.0 2.11038E-5    140 140000000. 5.03431E-6    150 480000000. 0.0           160 880000000. 0.0       
   131 50000000.0 1.62204E-5    141 160000000. 0.0           151 520000000. 0.0           161 920000000. 0.0       
   132 54000000.0 1.28841E-5    142 180000000. 0.0           152 560000000. 0.0           162 960000000. 0.0       
   133 55000000.0 1.12088E-5    143 200000000. 0.0           153 600000000. 0.0           163 1.00000E+9
   134 60000000.0 1.10327E-5    144 240000000. 0.0           154 640000000. 0.0       
   135 70000000.0 6.57913E-6    145 280000000. 0.0           155 680000000. 0.0       
 
                                                     MT=700
 MAT  825                         0.0        Kelvin Unshielded Cross Sections                           8-O -16 

   No.  Group-eV   Average      No.  Group-eV   Average      No.  Group-eV   Average      No.  Group-eV   Average

   124 24000000.0 4.25163E-6    134 60000000.0 2.46156E-6    144 240000000. 0.0           154 640000000. 0.0       
   125 26000000.0 1.01122E-4    135 70000000.0 1.61935E-6    145 280000000. 0.0           155 680000000. 0.0       
   126 28000000.0 9.52409E-5    136 80000000.0 8.87355E-7    146 320000000. 0.0           156 720000000. 0.0       
   127 30000000.0 4.64784E-5    137 90000000.0 1.07336E-6    147 360000000. 0.0           157 760000000. 0.0       
   128 35000000.0 1.66415E-5    138 100000000. 1.82865E-6    148 400000000. 0.0           158 800000000. 0.0       
   129 40000000.0 8.26750E-6    139 120000000. 2.10330E-6    149 440000000. 0.0           159 840000000. 0.0       
   130 45000000.0 5.75962E-6    140 140000000. 1.21056E-6    150 480000000. 0.0           160 880000000. 0.0       
   131 50000000.0 4.32946E-6    141 160000000. 0.0           151 520000000. 0.0           161 920000000. 0.0       
   132 54000000.0 3.40202E-6    142 180000000. 0.0           152 560000000. 0.0           162 960000000. 0.0       
   133 55000000.0 3.04016E-6    143 200000000. 0.0           153 600000000. 0.0           163 1.00000E+9
 
                                                     MT=750
 MAT  825                         0.0        Kelvin Unshielded Cross Sections                           8-O -16 

   No.  Group-eV   Average      No.  Group-eV   Average      No.  Group-eV   Average      No.  Group-eV   Average

   124 24000000.0 1.77718E-5    134 60000000.0 6.83726E-7    144 240000000. 0.0           154 640000000. 0.0       
   125 26000000.0 5.07950E-5    135 70000000.0 4.22812E-7    145 280000000. 0.0           155 680000000. 0.0       
   126 28000000.0 2.93045E-5    136 80000000.0 2.31638E-7    146 320000000. 0.0           156 720000000. 0.0       
   127 30000000.0 1.93365E-5    137 90000000.0 2.80092E-7    147 360000000. 0.0           157 760000000. 0.0       
   128 35000000.0 4.09091E-6    138 100000000. 4.77134E-7    148 400000000. 0.0           158 800000000. 0.0       
   129 40000000.0 1.88167E-6    139 120000000. 5.48788E-7    149 440000000. 0.0           159 840000000. 0.0       
   130 45000000.0 1.32459E-6    140 140000000. 3.15861E-7    150 480000000. 0.0           160 880000000. 0.0       
   131 50000000.0 1.00780E-6    141 160000000. 0.0           151 520000000. 0.0           161 920000000. 0.0       
   132 54000000.0 7.98450E-7    142 180000000. 0.0           152 560000000. 0.0           162 960000000. 0.0       
   133 55000000.0 6.93636E-7    143 200000000. 0.0           153 600000000. 0.0           163 1.00000E+9
 
                                                     MT=751
 MAT  825                         0.0        Kelvin Unshielded Cross Sections                           8-O -16 

   No.  Group-eV   Average      No.  Group-eV   Average      No.  Group-eV   Average      No.  Group-eV   Average

   125 26000000.0 9.84571E-8    135 70000000.0 2.67041E-7    145 280000000. 0.0           155 680000000. 0.0       
   126 28000000.0 1.71395E-6    136 80000000.0 1.46345E-7    146 320000000. 0.0           156 720000000. 0.0       
   127 30000000.0 3.67619E-6    137 90000000.0 1.77047E-7    147 360000000. 0.0           157 760000000. 0.0       
   128 35000000.0 2.33735E-6    138 100000000. 3.01635E-7    148 400000000. 0.0           158 800000000. 0.0       
   129 40000000.0 1.15568E-6    139 120000000. 3.46941E-7    149 440000000. 0.0           159 840000000. 0.0       
   130 45000000.0 8.23240E-7    140 140000000. 1.99685E-7    150 480000000. 0.0           160 880000000. 0.0       
   131 50000000.0 6.30965E-7    141 160000000. 0.0           151 520000000. 0.0           161 920000000. 0.0       
   132 54000000.0 5.01446E-7    142 180000000. 0.0           152 560000000. 0.0           162 960000000. 0.0       
   133 55000000.0 4.36630E-7    143 200000000. 0.0           153 600000000. 0.0           163 1.00000E+9
   134 60000000.0 4.31507E-7    144 240000000. 0.0           154 640000000. 0.0       
 
                                                     MT=752
 MAT  825                         0.0        Kelvin Unshielded Cross Sections                           8-O -16 

   No.  Group-eV   Average      No.  Group-eV   Average      No.  Group-eV   Average      No.  Group-eV   Average

   125 26000000.0 1.69360E-8    135 70000000.0 7.23713E-7    145 280000000. 0.0           155 680000000. 0.0       
   126 28000000.0 5.35366E-6    136 80000000.0 3.96535E-7    146 320000000. 0.0           156 720000000. 0.0       
   127 30000000.0 2.28215E-5    137 90000000.0 4.79538E-7    147 360000000. 0.0           157 760000000. 0.0       
   128 35000000.0 9.95649E-6    138 100000000. 8.16916E-7    148 400000000. 0.0           158 800000000. 0.0       
   129 40000000.0 3.23273E-6    139 120000000. 9.39606E-7    149 440000000. 0.0           159 840000000. 0.0       
   130 45000000.0 2.25822E-6    140 140000000. 5.40793E-7    150 480000000. 0.0           160 880000000. 0.0       
   131 50000000.0 1.72101E-6    141 160000000. 0.0           151 520000000. 0.0           161 920000000. 0.0       
   132 54000000.0 1.36462E-6    142 180000000. 0.0           152 560000000. 0.0           162 960000000. 0.0       
   133 55000000.0 1.18620E-6    143 200000000. 0.0           153 600000000. 0.0           163 1.00000E+9
   134 60000000.0 1.17003E-6    144 240000000. 0.0           154 640000000. 0.0       
 
                                                     MT=753
 MAT  825                         0.0        Kelvin Unshielded Cross Sections                           8-O -16 

   No.  Group-eV   Average      No.  Group-eV   Average      No.  Group-eV   Average      No.  Group-eV   Average

   125 26000000.0 5.10420E-9    135 70000000.0 5.88267E-7    145 280000000. 0.0           155 680000000. 0.0       
   126 28000000.0 1.85879E-6    136 80000000.0 3.22332E-7    146 320000000. 0.0           156 720000000. 0.0       
   127 30000000.0 6.96521E-6    137 90000000.0 3.89828E-7    147 360000000. 0.0           157 760000000. 0.0       
   128 35000000.0 4.98685E-6    138 100000000. 6.64095E-7    148 400000000. 0.0           158 800000000. 0.0       
   129 40000000.0 2.59643E-6    139 120000000. 7.63834E-7    149 440000000. 0.0           159 840000000. 0.0       
   130 45000000.0 1.83243E-6    140 140000000. 4.39635E-7    150 480000000. 0.0           160 880000000. 0.0       
   131 50000000.0 1.39760E-6    141 160000000. 0.0           151 520000000. 0.0           161 920000000. 0.0       
   132 54000000.0 1.10853E-6    142 180000000. 0.0           152 560000000. 0.0           162 960000000. 0.0       
   133 55000000.0 9.63822E-7    143 200000000. 0.0           153 600000000. 0.0           163 1.00000E+9
   134 60000000.0 9.50987E-7    144 240000000. 0.0           154 640000000. 0.0       
 
                                                     MT=800
 MAT  825                         0.0        Kelvin Unshielded Cross Sections                           8-O -16 

   No.  Group-eV   Average      No.  Group-eV   Average      No.  Group-eV   Average      No.  Group-eV   Average

    97 7000000.00 5.48894E-7    114 12000000.0 8.33154E-4    131 50000000.0 8.16786E-7    148 400000000. 0.0       
    98 7200000.00 2.18628E-5    115 13000000.0 8.55030E-4    132 54000000.0 6.51974E-7    149 440000000. 0.0       
    99 7400000.00 5.38178E-5    116 14000000.0 7.29804E-4    133 55000000.0 5.69561E-7    150 480000000. 0.0       
   100 7600000.00 8.57727E-5    117 15000000.0 6.88536E-4    134 60000000.0 5.64976E-7    151 520000000. 0.0       
   101 7800000.00 1.17728E-4    118 16000000.0 7.89299E-4    135 70000000.0 3.50053E-7    152 560000000. 0.0       
   102 8000000.00 1.49682E-4    119 17000000.0 7.10344E-4    136 80000000.0 1.91920E-7    153 600000000. 0.0       
   103 8200000.00 1.81637E-4    120 18000000.0 5.26224E-4    137 90000000.0 2.32343E-7    154 640000000. 0.0       
   104 8400000.00 2.13591E-4    121 19000000.0 4.80374E-4    138 100000000. 3.95915E-7    155 680000000. 0.0       
   105 8600000.00 2.45546E-4    122 20000000.0 4.45569E-4    139 120000000. 4.55394E-7    156 720000000. 0.0       
   106 8800000.00 2.77500E-4    123 22000000.0 4.15008E-4    140 140000000. 2.62110E-7    157 760000000. 0.0       
   107 9000000.00 3.09455E-4    124 24000000.0 1.84592E-4    141 160000000. 0.0           158 800000000. 0.0       
   108 9200000.00 3.41409E-4    125 26000000.0 5.68077E-5    142 180000000. 0.0           159 840000000. 0.0       
   109 9400000.00 3.73363E-4    126 28000000.0 1.77808E-5    143 200000000. 0.0           160 880000000. 0.0       
   110 9600000.00 4.05318E-4    127 30000000.0 7.38208E-6    144 240000000. 0.0           161 920000000. 0.0       
   111 9800000.00 4.37272E-4    128 35000000.0 2.74989E-6    145 280000000. 0.0           162 960000000. 0.0       
   112 10000000.0 5.31916E-4    129 40000000.0 1.45379E-6    146 320000000. 0.0           163 1.00000E+9
   113 11000000.0 6.91872E-4    130 45000000.0 1.05467E-6    147 360000000. 0.0       
 
                                                     MT=801
 MAT  825                         0.0        Kelvin Unshielded Cross Sections                           8-O -16 

   No.  Group-eV   Average      No.  Group-eV   Average      No.  Group-eV   Average      No.  Group-eV   Average

   114 12000000.0 5.22056E-4    127 30000000.0 4.82556E-5    140 140000000. 1.32342E-6    153 600000000. 0.0       
   115 13000000.0 .001416222    128 35000000.0 1.57336E-5    141 160000000. 0.0           154 640000000. 0.0       
   116 14000000.0 .001962438    129 40000000.0 7.81215E-6    142 180000000. 0.0           155 680000000. 0.0       
   117 15000000.0 .002681888    130 45000000.0 5.52019E-6    143 200000000. 0.0           156 720000000. 0.0       
   118 16000000.0 .003989656    131 50000000.0 4.20860E-6    144 240000000. 0.0           157 760000000. 0.0       
   119 17000000.0 .004173817    132 54000000.0 3.33774E-6    145 280000000. 0.0           158 800000000. 0.0       
   120 18000000.0 .003555233    133 55000000.0 2.90178E-6    146 320000000. 0.0           159 840000000. 0.0       
   121 19000000.0 .003484759    134 60000000.0 2.86281E-6    147 360000000. 0.0           160 880000000. 0.0       
   122 20000000.0 .003292023    135 70000000.0 1.77091E-6    148 400000000. 0.0           161 920000000. 0.0       
   123 22000000.0 .003027816    136 80000000.0 9.70331E-7    149 440000000. 0.0           162 960000000. 0.0       
   124 24000000.0 .001294408    137 90000000.0 1.17347E-6    150 480000000. 0.0           163 1.00000E+9
   125 26000000.0 3.92721E-4    138 100000000. 1.99909E-6    151 520000000. 0.0       
   126 28000000.0 1.21347E-4    139 120000000. 2.29934E-6    152 560000000. 0.0       
 
