                                                     MT=  5
 MAT  328                         0.0        Kelvin Unshielded Cross Sections                           3-Li-7  

   No.  Group-eV   Average      No.  Group-eV   Average      No.  Group-eV   Average      No.  Group-eV   Average

    66 2000000.00 1.5503E-11     91 5800000.00 7.48016E-4    116 14000000.0 .003099787    141 160000000. 0.0       
    67 2125000.00 4.6835E-11     92 6000000.00 7.38098E-4    117 15000000.0 .003068405    142 180000000. 0.0       
    68 2250000.00 7.8165E-11     93 6200000.00 7.85618E-4    118 16000000.0 .003250810    143 200000000. 0.0       
    69 2375000.00 1.0949E-10     94 6400000.00 8.42984E-4    119 17000000.0 .003707919    144 240000000. 0.0       
    70 2500000.00 9.97297E-7     95 6600000.00 9.60040E-4    120 18000000.0 .003822521    145 280000000. 0.0       
    71 2625000.00 3.00837E-6     96 6800000.00 .001087145    121 19000000.0 .003593219    146 320000000. 0.0       
    72 2750000.00 5.01941E-6     97 7000000.00 .001212908    122 20000000.0 .003243355    147 360000000. 0.0       
    73 2875000.00 7.03042E-6     98 7200000.00 .001337316    123 22000000.0 .003190662    148 400000000. 0.0       
    74 3000000.00 2.07145E-5     99 7400000.00 .001438075    124 24000000.0 .002678562    149 440000000. 0.0       
    75 3125000.00 4.62347E-5    100 7600000.00 .001395664    125 26000000.0 .003024975    150 480000000. 0.0       
    76 3250000.00 7.17546E-5    101 7800000.00 .001329180    126 28000000.0 .003042301    151 520000000. 0.0       
    77 3375000.00 9.72743E-5    102 8000000.00 .001242401    127 30000000.0 .002766689    152 560000000. 0.0       
    78 3500000.00 1.70049E-4    103 8200000.00 .001135155    128 35000000.0 .002658551    153 600000000. 0.0       
    79 3625000.00 2.90643E-4    104 8400000.00 .001035047    129 40000000.0 .001884499    154 640000000. 0.0       
    80 3750000.00 4.11237E-4    105 8600000.00 9.78095E-4    130 45000000.0 .001519628    155 680000000. 0.0       
    81 3875000.00 5.31830E-4    106 8800000.00 9.28393E-4    131 50000000.0 .001559728    156 720000000. 0.0       
    82 4000000.00 9.14274E-4    107 9000000.00 9.14804E-4    132 54000000.0 .001427334    157 760000000. 0.0       
    83 4200000.00 .001563340    108 9200000.00 9.37597E-4    133 55000000.0 .001141879    158 800000000. 0.0       
    84 4400000.00 .002101704    109 9400000.00 9.92076E-4    134 60000000.0 8.11340E-4    159 840000000. 0.0       
    85 4600000.00 .001965846    110 9600000.00 .001238020    135 70000000.0 6.75892E-4    160 880000000. 0.0       
    86 4800000.00 .001715970    111 9800000.00 .001516098    136 80000000.0 6.13948E-4    161 920000000. 0.0       
    87 5000000.00 .001449339    112 10000000.0 .001755700    137 90000000.0 5.74547E-4    162 960000000. 0.0       
    88 5200000.00 .001165728    113 11000000.0 .002149045    138 100000000. 5.27266E-4    163 1.00000E+9
    89 5400000.00 9.08900E-4    114 12000000.0 .002567396    139 120000000. 4.62371E-4
    90 5600000.00 8.14739E-4    115 13000000.0 .002758034    140 140000000. 0.0       
 
                                                     MT=  5
 MAT  328                         0.0        Kelvin Unshielded Cross Sections                           3-Li-7  

   No.  Group-eV   Average      No.  Group-eV   Average      No.  Group-eV   Average      No.  Group-eV   Average

    97 7000000.00 1.11920E-5    114 12000000.0 8.67809E-4    131 50000000.0 8.01215E-4    148 400000000. 0.0       
    98 7200000.00 3.36831E-5    115 13000000.0 .001428341    132 54000000.0 7.81950E-4    149 440000000. 0.0       
    99 7400000.00 5.51884E-5    116 14000000.0 .002076096    133 55000000.0 7.50005E-4    150 480000000. 0.0       
   100 7600000.00 7.07256E-5    117 15000000.0 .002200115    134 60000000.0 6.94765E-4    151 520000000. 0.0       
   101 7800000.00 8.52593E-5    118 16000000.0 .002329905    135 70000000.0 6.48622E-4    152 560000000. 0.0       
   102 8000000.00 9.70266E-5    119 17000000.0 .002500278    136 80000000.0 6.10703E-4    153 600000000. 0.0       
   103 8200000.00 1.06004E-4    120 18000000.0 .002425854    137 90000000.0 5.85663E-4    154 640000000. 0.0       
   104 8400000.00 1.15914E-4    121 19000000.0 .002257589    138 100000000. 5.59359E-4    155 680000000. 0.0       
   105 8600000.00 1.31462E-4    122 20000000.0 .002036503    139 120000000. 5.15619E-4    156 720000000. 0.0       
   106 8800000.00 1.47956E-4    123 22000000.0 .001723065    140 140000000. 0.0           157 760000000. 0.0       
   107 9000000.00 1.72652E-4    124 24000000.0 .001381975    141 160000000. 0.0           158 800000000. 0.0       
   108 9200000.00 2.05611E-4    125 26000000.0 .001187542    142 180000000. 0.0           159 840000000. 0.0       
   109 9400000.00 2.41881E-4    126 28000000.0 .001056531    143 200000000. 0.0           160 880000000. 0.0       
   110 9600000.00 2.98151E-4    127 30000000.0 9.04061E-4    144 240000000. 0.0           161 920000000. 0.0       
   111 9800000.00 3.57779E-4    128 35000000.0 8.94189E-4    145 280000000. 0.0           162 960000000. 0.0       
   112 10000000.0 4.78995E-4    129 40000000.0 8.43425E-4    146 320000000. 0.0           163 1.00000E+9
   113 11000000.0 7.38547E-4    130 45000000.0 8.11365E-4    147 360000000. 0.0       
 
                                                     MT=  5
 MAT  328                         0.0        Kelvin Unshielded Cross Sections                           3-Li-7  

   No.  Group-eV   Average      No.  Group-eV   Average      No.  Group-eV   Average      No.  Group-eV   Average

   109 9400000.00 2.10861E-5    123 22000000.0 5.50613E-4    137 90000000.0 5.35902E-5    151 520000000. 0.0       
   110 9600000.00 1.69586E-4    124 24000000.0 4.56950E-4    138 100000000. 5.02567E-5    152 560000000. 0.0       
   111 9800000.00 3.39470E-4    125 26000000.0 4.80599E-4    139 120000000. 4.44025E-5    153 600000000. 0.0       
   112 10000000.0 5.45923E-4    126 28000000.0 4.61965E-4    140 140000000. 0.0           154 640000000. 0.0       
   113 11000000.0 6.84404E-4    127 30000000.0 4.11703E-4    141 160000000. 0.0           155 680000000. 0.0       
   114 12000000.0 8.38075E-4    128 35000000.0 3.48668E-4    142 180000000. 0.0           156 720000000. 0.0       
   115 13000000.0 7.99598E-4    129 40000000.0 2.37637E-4    143 200000000. 0.0           157 760000000. 0.0       
   116 14000000.0 6.60472E-4    130 45000000.0 1.81035E-4    144 240000000. 0.0           158 800000000. 0.0       
   117 15000000.0 5.89378E-4    131 50000000.0 1.73699E-4    145 280000000. 0.0           159 840000000. 0.0       
   118 16000000.0 6.06769E-4    132 54000000.0 1.55685E-4    146 320000000. 0.0           160 880000000. 0.0       
   119 17000000.0 6.85106E-4    133 55000000.0 1.21851E-4    147 360000000. 0.0           161 920000000. 0.0       
   120 18000000.0 7.11786E-4    134 60000000.0 7.77720E-5    148 400000000. 0.0           162 960000000. 0.0       
   121 19000000.0 6.60130E-4    135 70000000.0 6.02742E-5    149 440000000. 0.0           163 1.00000E+9
   122 20000000.0 5.74400E-4    136 80000000.0 5.55209E-5    150 480000000. 0.0       
 
                                                     MT=  5
 MAT  328                         0.0        Kelvin Unshielded Cross Sections                           3-Li-7  

   No.  Group-eV   Average      No.  Group-eV   Average      No.  Group-eV   Average      No.  Group-eV   Average

   109 9400000.00 5.29372E-6    123 22000000.0 9.44070E-4    137 90000000.0 7.37887E-5    151 520000000. 0.0       
   110 9600000.00 4.25750E-5    124 24000000.0 8.58000E-4    138 100000000. 6.39547E-5    152 560000000. 0.0       
   111 9800000.00 8.52247E-5    125 26000000.0 .001257141    139 120000000. 5.13741E-5    153 600000000. 0.0       
   112 10000000.0 4.91470E-5    126 28000000.0 .001387095    140 140000000. 0.0           154 640000000. 0.0       
   113 11000000.0 6.22955E-5    127 30000000.0 .001352447    141 160000000. 0.0           155 680000000. 0.0       
   114 12000000.0 1.17915E-4    128 35000000.0 .001352718    142 180000000. 0.0           156 720000000. 0.0       
   115 13000000.0 1.64573E-4    129 40000000.0 8.28677E-4    143 200000000. 0.0           157 760000000. 0.0       
   116 14000000.0 2.01615E-4    130 45000000.0 5.93747E-4    144 240000000. 0.0           158 800000000. 0.0       
   117 15000000.0 2.78895E-4    131 50000000.0 6.41065E-4    145 280000000. 0.0           159 840000000. 0.0       
   118 16000000.0 4.36578E-4    132 54000000.0 5.56512E-4    146 320000000. 0.0           160 880000000. 0.0       
   119 17000000.0 6.72928E-4    133 55000000.0 3.67106E-4    147 360000000. 0.0           161 920000000. 0.0       
   120 18000000.0 8.25300E-4    134 60000000.0 1.65761E-4    148 400000000. 0.0           162 960000000. 0.0       
   121 19000000.0 8.25184E-4    135 70000000.0 1.01299E-4    149 440000000. 0.0           163 1.00000E+9
   122 20000000.0 8.00280E-4    136 80000000.0 8.26114E-5    150 480000000. 0.0       
 
                                                     MT=  5
 MAT  328                         0.0        Kelvin Unshielded Cross Sections                           3-Li-7  

   No.  Group-eV   Average      No.  Group-eV   Average      No.  Group-eV   Average      No.  Group-eV   Average

    66 2000000.00 7.7211E-12     91 5800000.00 3.73997E-4    116 14000000.0 7.32615E-4    141 160000000. 0.0       
    67 2125000.00 2.3325E-11     92 6000000.00 3.69026E-4    117 15000000.0 6.97462E-4    142 180000000. 0.0       
    68 2250000.00 3.8929E-11     93 6200000.00 3.92768E-4    118 16000000.0 6.86858E-4    143 200000000. 0.0       
    69 2375000.00 5.4533E-11     94 6400000.00 4.21432E-4    119 17000000.0 7.50709E-4    144 240000000. 0.0       
    70 2500000.00 4.98210E-7     95 6600000.00 4.79930E-4    120 18000000.0 7.64039E-4    145 280000000. 0.0       
    71 2625000.00 1.50286E-6     96 6800000.00 5.43450E-4    121 19000000.0 7.17688E-4    146 320000000. 0.0       
    72 2750000.00 2.50750E-6     97 7000000.00 6.00689E-4    122 20000000.0 6.53013E-4    147 360000000. 0.0       
    73 2875000.00 3.51212E-6     98 7200000.00 6.51585E-4    123 22000000.0 6.46936E-4    148 400000000. 0.0       
    74 3000000.00 1.03525E-5     99 7400000.00 6.91146E-4    124 24000000.0 4.86570E-4    149 440000000. 0.0       
    75 3125000.00 2.31102E-5    100 7600000.00 6.62087E-4    125 26000000.0 4.98867E-4    150 480000000. 0.0       
    76 3250000.00 3.58677E-5    101 7800000.00 6.21491E-4    126 28000000.0 4.59628E-4    151 520000000. 0.0       
    77 3375000.00 4.86251E-5    102 8000000.00 5.72100E-4    127 30000000.0 3.27508E-4    152 560000000. 0.0       
    78 3500000.00 8.50105E-5    103 8200000.00 5.13840E-4    128 35000000.0 2.85496E-4    153 600000000. 0.0       
    79 3625000.00 1.45307E-4    104 8400000.00 4.58543E-4    129 40000000.0 1.99884E-4    154 640000000. 0.0       
    80 3750000.00 2.05602E-4    105 8600000.00 4.21165E-4    130 45000000.0 1.53815E-4    155 680000000. 0.0       
    81 3875000.00 2.65898E-4    106 8800000.00 3.86795E-4    131 50000000.0 1.52070E-4    156 720000000. 0.0       
    82 4000000.00 4.57123E-4    107 9000000.00 3.67053E-4    132 54000000.0 1.36997E-4    157 760000000. 0.0       
    83 4200000.00 7.81663E-4    108 9200000.00 3.62046E-4    133 55000000.0 1.05759E-4    158 800000000. 0.0       
    84 4400000.00 .001050852    109 9400000.00 3.58125E-4    134 60000000.0 6.64142E-5    159 840000000. 0.0       
    85 4600000.00 9.82929E-4    110 9600000.00 3.60765E-4    135 70000000.0 4.73012E-5    160 880000000. 0.0       
    86 4800000.00 8.57998E-4    111 9800000.00 3.64507E-4    136 80000000.0 3.81639E-5    161 920000000. 0.0       
    87 5000000.00 7.24682E-4    112 10000000.0 3.38308E-4    137 90000000.0 3.34840E-5    162 960000000. 0.0       
    88 5200000.00 5.82870E-4    113 11000000.0 3.28185E-4    138 100000000. 2.99638E-5    163 1.00000E+9
    89 5400000.00 4.54450E-4    114 12000000.0 4.32476E-4    139 120000000. 2.58110E-5
    90 5600000.00 4.07364E-4    115 13000000.0 6.17690E-4    140 140000000. 0.0       
 
                                                     MT=  5
 MAT  328                         0.0        Kelvin Unshielded Cross Sections                           3-Li-7  

   No.  Group-eV   Average      No.  Group-eV   Average      No.  Group-eV   Average      No.  Group-eV   Average

   124 24000000.0 4.9829E-11    134 60000000.0 1.27384E-5    144 240000000. 0.0           154 640000000. 0.0       
   125 26000000.0 5.04341E-6    135 70000000.0 8.78659E-6    145 280000000. 0.0           155 680000000. 0.0       
   126 28000000.0 1.61630E-5    136 80000000.0 7.72851E-6    146 320000000. 0.0           156 720000000. 0.0       
   127 30000000.0 3.64062E-5    137 90000000.0 7.15183E-6    147 360000000. 0.0           157 760000000. 0.0       
   128 35000000.0 5.21382E-5    138 100000000. 6.27640E-6    148 400000000. 0.0           158 800000000. 0.0       
   129 40000000.0 3.77940E-5    139 120000000. 5.09446E-6    149 440000000. 0.0           159 840000000. 0.0       
   130 45000000.0 3.26420E-5    140 140000000. 0.0           150 480000000. 0.0           160 880000000. 0.0       
   131 50000000.0 4.00162E-5    141 160000000. 0.0           151 520000000. 0.0           161 920000000. 0.0       
   132 54000000.0 3.62666E-5    142 180000000. 0.0           152 560000000. 0.0           162 960000000. 0.0       
   133 55000000.0 2.50773E-5    143 200000000. 0.0           153 600000000. 0.0           163 1.00000E+9
 
                                                     MT=  5
 MAT  328                         0.0        Kelvin Unshielded Cross Sections                           3-Li-7  

   No.  Group-eV   Average      No.  Group-eV   Average      No.  Group-eV   Average      No.  Group-eV   Average

    66 2000000.00 7.7825E-12     91 5800000.00 3.74020E-4    116 14000000.0 7.48825E-4    141 160000000. 0.0       
    67 2125000.00 2.3511E-11     92 6000000.00 3.69072E-4    117 15000000.0 7.16242E-4    142 180000000. 0.0       
    68 2250000.00 3.9239E-11     93 6200000.00 3.92850E-4    118 16000000.0 7.07790E-4    143 200000000. 0.0       
    69 2375000.00 5.4966E-11     94 6400000.00 4.21553E-4    119 17000000.0 7.73096E-4    144 240000000. 0.0       
    70 2500000.00 4.99088E-7     95 6600000.00 4.80119E-4    120 18000000.0 7.86778E-4    145 280000000. 0.0       
    71 2625000.00 1.50551E-6     96 6800000.00 5.43713E-4    121 19000000.0 7.30673E-4    146 320000000. 0.0       
    72 2750000.00 2.51191E-6     97 7000000.00 6.01053E-4    122 20000000.0 6.31260E-4    147 360000000. 0.0       
    73 2875000.00 3.51830E-6     98 7200000.00 6.52081E-4    123 22000000.0 6.50353E-4    148 400000000. 0.0       
    74 3000000.00 1.03621E-5     99 7400000.00 6.91778E-4    124 24000000.0 5.22061E-4    149 440000000. 0.0       
    75 3125000.00 2.31249E-5    100 7600000.00 6.62879E-4    125 26000000.0 5.41372E-4    150 480000000. 0.0       
    76 3250000.00 3.58876E-5    101 7800000.00 6.22446E-4    126 28000000.0 5.02366E-4    151 520000000. 0.0       
    77 3375000.00 4.86501E-5    102 8000000.00 5.73282E-4    127 30000000.0 3.69820E-4    152 560000000. 0.0       
    78 3500000.00 8.50391E-5    103 8200000.00 5.15315E-4    128 35000000.0 3.26055E-4    153 600000000. 0.0       
    79 3625000.00 1.45337E-4    104 8400000.00 4.60589E-4    129 40000000.0 2.38202E-4    154 640000000. 0.0       
    80 3750000.00 2.05635E-4    105 8600000.00 4.25469E-4    130 45000000.0 1.89422E-4    155 680000000. 0.0       
    81 3875000.00 2.65932E-4    106 8800000.00 3.93642E-4    131 50000000.0 1.84885E-4    156 720000000. 0.0       
    82 4000000.00 4.57151E-4    107 9000000.00 3.75099E-4    132 54000000.0 1.68562E-4    157 760000000. 0.0       
    83 4200000.00 7.81677E-4    108 9200000.00 3.69940E-4    133 55000000.0 1.35546E-4    158 800000000. 0.0       
    84 4400000.00 .001050853    109 9400000.00 3.65690E-4    134 60000000.0 9.19366E-5    159 840000000. 0.0       
    85 4600000.00 9.82923E-4    110 9600000.00 3.66936E-4    135 70000000.0 6.75473E-5    160 880000000. 0.0       
    86 4800000.00 8.57985E-4    111 9800000.00 3.69104E-4    136 80000000.0 5.39732E-5    161 920000000. 0.0       
    87 5000000.00 7.24669E-4    112 10000000.0 3.43346E-4    137 90000000.0 4.56992E-5    162 960000000. 0.0       
    88 5200000.00 5.82864E-4    113 11000000.0 3.35748E-4    138 100000000. 3.83077E-5    163 1.00000E+9
    89 5400000.00 4.54451E-4    114 12000000.0 4.42723E-4    139 120000000. 3.08197E-5
    90 5600000.00 4.07375E-4    115 13000000.0 6.30911E-4    140 140000000. 0.0       
 
                                                     MT=  5
 MAT  328                         0.0        Kelvin Unshielded Cross Sections                           3-Li-7  

   No.  Group-eV   Average      No.  Group-eV   Average      No.  Group-eV   Average      No.  Group-eV   Average

   113 11000000.0 1.29071E-7    126 28000000.0 1.93052E-4    139 120000000. 1.44901E-4    152 560000000. 0.0       
   114 12000000.0 7.99730E-6    127 30000000.0 1.83320E-4    140 140000000. 0.0           153 600000000. 0.0       
   115 13000000.0 2.88133E-5    128 35000000.0 1.80165E-4    141 160000000. 0.0           154 640000000. 0.0       
   116 14000000.0 5.05831E-5    129 40000000.0 1.69386E-4    142 180000000. 0.0           155 680000000. 0.0       
   117 15000000.0 7.55998E-5    130 45000000.0 1.69787E-4    143 200000000. 0.0           156 720000000. 0.0       
   118 16000000.0 1.07688E-4    131 50000000.0 1.76542E-4    144 240000000. 0.0           157 760000000. 0.0       
   119 17000000.0 1.38757E-4    132 54000000.0 1.74977E-4    145 280000000. 0.0           158 800000000. 0.0       
   120 18000000.0 1.55398E-4    133 55000000.0 1.69634E-4    146 320000000. 0.0           159 840000000. 0.0       
   121 19000000.0 1.69721E-4    134 60000000.0 1.63394E-4    147 360000000. 0.0           160 880000000. 0.0       
   122 20000000.0 2.04542E-4    135 70000000.0 1.63585E-4    148 400000000. 0.0           161 920000000. 0.0       
   123 22000000.0 2.00332E-4    136 80000000.0 1.63756E-4    149 440000000. 0.0           162 960000000. 0.0       
   124 24000000.0 1.76504E-4    137 90000000.0 1.62531E-4    150 480000000. 0.0           163 1.00000E+9
   125 26000000.0 1.88977E-4    138 100000000. 1.56977E-4    151 520000000. 0.0       
 
                                                     MT=  5
 MAT  328                         0.0        Kelvin Unshielded Cross Sections                           3-Li-7  

   No.  Group-eV   Average      No.  Group-eV   Average      No.  Group-eV   Average      No.  Group-eV   Average

   109 9400000.00 2.10861E-5    123 22000000.0 5.50613E-4    137 90000000.0 5.35902E-5    151 520000000. 0.0       
   110 9600000.00 1.69586E-4    124 24000000.0 4.56950E-4    138 100000000. 5.02567E-5    152 560000000. 0.0       
   111 9800000.00 3.39470E-4    125 26000000.0 4.80599E-4    139 120000000. 4.44025E-5    153 600000000. 0.0       
   112 10000000.0 5.45923E-4    126 28000000.0 4.61965E-4    140 140000000. 0.0           154 640000000. 0.0       
   113 11000000.0 6.84404E-4    127 30000000.0 4.11703E-4    141 160000000. 0.0           155 680000000. 0.0       
   114 12000000.0 8.38075E-4    128 35000000.0 3.48668E-4    142 180000000. 0.0           156 720000000. 0.0       
   115 13000000.0 7.99598E-4    129 40000000.0 2.37637E-4    143 200000000. 0.0           157 760000000. 0.0       
   116 14000000.0 6.60472E-4    130 45000000.0 1.81035E-4    144 240000000. 0.0           158 800000000. 0.0       
   117 15000000.0 5.89378E-4    131 50000000.0 1.73699E-4    145 280000000. 0.0           159 840000000. 0.0       
   118 16000000.0 6.06769E-4    132 54000000.0 1.55685E-4    146 320000000. 0.0           160 880000000. 0.0       
   119 17000000.0 6.85106E-4    133 55000000.0 1.21851E-4    147 360000000. 0.0           161 920000000. 0.0       
   120 18000000.0 7.11786E-4    134 60000000.0 7.77720E-5    148 400000000. 0.0           162 960000000. 0.0       
   121 19000000.0 6.60130E-4    135 70000000.0 6.02742E-5    149 440000000. 0.0           163 1.00000E+9
   122 20000000.0 5.74400E-4    136 80000000.0 5.55209E-5    150 480000000. 0.0       
 
                                                     MT=  5
 MAT  328                         0.0        Kelvin Unshielded Cross Sections                           3-Li-7  

   No.  Group-eV   Average      No.  Group-eV   Average      No.  Group-eV   Average      No.  Group-eV   Average

   127 30000000.0 9.29741E-7    137 90000000.0 5.37851E-5    147 360000000. 0.0           157 760000000. 0.0       
   128 35000000.0 3.79484E-5    138 100000000. 5.52876E-5    148 400000000. 0.0           158 800000000. 0.0       
   129 40000000.0 5.29870E-5    139 120000000. 5.51860E-5    149 440000000. 0.0           159 840000000. 0.0       
   130 45000000.0 6.03712E-5    140 140000000. 0.0           150 480000000. 0.0           160 880000000. 0.0       
   131 50000000.0 6.46320E-5    141 160000000. 0.0           151 520000000. 0.0           161 920000000. 0.0       
   132 54000000.0 6.44406E-5    142 180000000. 0.0           152 560000000. 0.0           162 960000000. 0.0       
   133 55000000.0 6.25679E-5    143 200000000. 0.0           153 600000000. 0.0           163 1.00000E+9
   134 60000000.0 5.84978E-5    144 240000000. 0.0           154 640000000. 0.0       
   135 70000000.0 5.55307E-5    145 280000000. 0.0           155 680000000. 0.0       
   136 80000000.0 5.37110E-5    146 320000000. 0.0           156 720000000. 0.0       
 
                                                     MT=  5
 MAT  328                         0.0        Kelvin Unshielded Cross Sections                           3-Li-7  

   No.  Group-eV   Average      No.  Group-eV   Average      No.  Group-eV   Average      No.  Group-eV   Average

   114 12000000.0 1.60574E-6    127 30000000.0 3.05891E-4    140 140000000. 0.0           153 600000000. 0.0       
   115 13000000.0 2.65373E-4    128 35000000.0 2.39312E-4    141 160000000. 0.0           154 640000000. 0.0       
   116 14000000.0 5.87257E-4    129 40000000.0 1.95253E-4    142 180000000. 0.0           155 680000000. 0.0       
   117 15000000.0 7.16212E-4    130 45000000.0 1.67838E-4    143 200000000. 0.0           156 720000000. 0.0       
   118 16000000.0 8.30199E-4    131 50000000.0 1.51883E-4    144 240000000. 0.0           157 760000000. 0.0       
   119 17000000.0 9.23443E-4    132 54000000.0 1.42769E-4    145 280000000. 0.0           158 800000000. 0.0       
   120 18000000.0 9.27206E-4    133 55000000.0 1.32569E-4    146 320000000. 0.0           159 840000000. 0.0       
   121 19000000.0 8.80350E-4    134 60000000.0 1.14638E-4    147 360000000. 0.0           160 880000000. 0.0       
   122 20000000.0 7.99074E-4    135 70000000.0 9.95758E-5    148 400000000. 0.0           161 920000000. 0.0       
   123 22000000.0 6.77452E-4    136 80000000.0 8.91740E-5    149 440000000. 0.0           162 960000000. 0.0       
   124 24000000.0 5.40391E-4    137 90000000.0 8.37951E-5    150 480000000. 0.0           163 1.00000E+9
   125 26000000.0 4.46732E-4    138 100000000. 8.03083E-5    151 520000000. 0.0       
   126 28000000.0 3.81790E-4    139 120000000. 7.45622E-5    152 560000000. 0.0       
 
                                                     MT=  5
 MAT  328                         0.0        Kelvin Unshielded Cross Sections                           3-Li-7  

   No.  Group-eV   Average      No.  Group-eV   Average      No.  Group-eV   Average      No.  Group-eV   Average

    97 7000000.00 1.11920E-5    114 12000000.0 8.56599E-4    131 50000000.0 1.27009E-4    148 400000000. 0.0       
    98 7200000.00 3.36831E-5    115 13000000.0 8.68768E-4    132 54000000.0 1.28117E-4    149 440000000. 0.0       
    99 7400000.00 5.51884E-5    116 14000000.0 8.51014E-4    133 55000000.0 1.27532E-4    150 480000000. 0.0       
   100 7600000.00 7.07256E-5    117 15000000.0 6.92069E-4    134 60000000.0 1.26601E-4    151 520000000. 0.0       
   101 7800000.00 8.52593E-5    118 16000000.0 5.61803E-4    135 70000000.0 1.19294E-4    152 560000000. 0.0       
   102 8000000.00 9.70266E-5    119 17000000.0 5.14625E-4    136 80000000.0 1.07471E-4    153 600000000. 0.0       
   103 8200000.00 1.06004E-4    120 18000000.0 4.16063E-4    137 90000000.0 9.42077E-5    154 640000000. 0.0       
   104 8400000.00 1.15914E-4    121 19000000.0 3.27171E-4    138 100000000. 7.58963E-5    155 680000000. 0.0       
   105 8600000.00 1.31462E-4    122 20000000.0 2.33795E-4    139 120000000. 5.60304E-5    156 720000000. 0.0       
   106 8800000.00 1.47956E-4    123 22000000.0 1.67842E-4    140 140000000. 0.0           157 760000000. 0.0       
   107 9000000.00 1.72652E-4    124 24000000.0 1.24662E-4    141 160000000. 0.0           158 800000000. 0.0       
   108 9200000.00 2.05611E-4    125 26000000.0 1.05106E-4    142 180000000. 0.0           159 840000000. 0.0       
   109 9400000.00 2.41881E-4    126 28000000.0 9.98851E-5    143 200000000. 0.0           160 880000000. 0.0       
   110 9600000.00 2.98151E-4    127 30000000.0 1.06172E-4    144 240000000. 0.0           161 920000000. 0.0       
   111 9800000.00 3.57779E-4    128 35000000.0 1.21553E-4    145 280000000. 0.0           162 960000000. 0.0       
   112 10000000.0 4.78995E-4    129 40000000.0 1.24567E-4    146 320000000. 0.0           163 1.00000E+9
   113 11000000.0 7.38417E-4    130 45000000.0 1.24787E-4    147 360000000. 0.0       
 
