                                                     MT=  5
 MAT  831                         0.0        Kelvin Unshielded Cross Sections                           8-O -18 

   No.  Group-eV   Average      No.  Group-eV   Average      No.  Group-eV   Average      No.  Group-eV   Average

    93 6200000.00 6.92904E-5    111 9800000.00 .004237957    129 40000000.0 .003564886    147 360000000. 0.0       
    94 6400000.00 2.60237E-4    112 10000000.0 .004006006    130 45000000.0 .002779367    148 400000000. 0.0       
    95 6600000.00 4.53387E-4    113 11000000.0 .006004257    131 50000000.0 .002298336    149 440000000. 0.0       
    96 6800000.00 6.46536E-4    114 12000000.0 .003281486    132 54000000.0 .002080723    150 480000000. 0.0       
    97 7000000.00 7.97235E-4    115 13000000.0 .006092890    133 55000000.0 .001882230    151 520000000. 0.0       
    98 7200000.00 9.05078E-4    116 14000000.0 .007899167    134 60000000.0 .001677115    152 560000000. 0.0       
    99 7400000.00 9.81889E-4    117 15000000.0 .004933618    135 70000000.0 .001584147    153 600000000. 0.0       
   100 7600000.00 8.70834E-4    118 16000000.0 .004599567    136 80000000.0 .001521816    154 640000000. 0.0       
   101 7800000.00 7.28192E-4    119 17000000.0 .004747588    137 90000000.0 .001500726    155 680000000. 0.0       
   102 8000000.00 5.85550E-4    120 18000000.0 .005450032    138 100000000. .001311797    156 720000000. 0.0       
   103 8200000.00 4.42908E-4    121 19000000.0 .006241806    139 120000000. .001095302    157 760000000. 0.0       
   104 8400000.00 3.57641E-4    122 20000000.0 .008692957    140 140000000. 0.0           158 800000000. 0.0       
   105 8600000.00 6.19350E-4    123 22000000.0 .015071207    141 160000000. 0.0           159 840000000. 0.0       
   106 8800000.00 9.39339E-4    124 24000000.0 .012556666    142 180000000. 0.0           160 880000000. 0.0       
   107 9000000.00 .001279266    125 26000000.0 .013300871    143 200000000. 0.0           161 920000000. 0.0       
   108 9200000.00 .001639279    126 28000000.0 .011578650    144 240000000. 0.0           162 960000000. 0.0       
   109 9400000.00 .002093622    127 30000000.0 .007686197    145 280000000. 0.0           163 1.00000E+9
   110 9600000.00 .003117959    128 35000000.0 .004892027    146 320000000. 0.0       
 
                                                     MT=  5
 MAT  831                         0.0        Kelvin Unshielded Cross Sections                           8-O -18 

   No.  Group-eV   Average      No.  Group-eV   Average      No.  Group-eV   Average      No.  Group-eV   Average

    99 7400000.00 2.11757E-6    116 14000000.0 .009630908    133 55000000.0 .003697017    150 480000000. 0.0       
   100 7600000.00 1.70550E-5    117 15000000.0 .006307621    134 60000000.0 .003511071    151 520000000. 0.0       
   101 7800000.00 3.41479E-5    118 16000000.0 .006102645    135 70000000.0 .003556490    152 560000000. 0.0       
   102 8000000.00 5.12407E-5    119 17000000.0 .006299937    136 80000000.0 .003584562    153 600000000. 0.0       
   103 8200000.00 6.83336E-5    120 18000000.0 .007021140    137 90000000.0 .003645497    154 640000000. 0.0       
   104 8400000.00 1.33634E-4    121 19000000.0 .007722892    138 100000000. .003271755    155 680000000. 0.0       
   105 8600000.00 4.90472E-4    122 20000000.0 .010189713    139 120000000. .002780848    156 720000000. 0.0       
   106 8800000.00 8.96278E-4    123 22000000.0 .016472734    140 140000000. 0.0           157 760000000. 0.0       
   107 9000000.00 .001279275    124 24000000.0 .013649540    141 160000000. 0.0           158 800000000. 0.0       
   108 9200000.00 .001639291    125 26000000.0 .015376561    142 180000000. 0.0           159 840000000. 0.0       
   109 9400000.00 .002093639    126 28000000.0 .014519853    143 200000000. 0.0           160 880000000. 0.0       
   110 9600000.00 .003117987    127 30000000.0 .010790815    144 240000000. 0.0           161 920000000. 0.0       
   111 9800000.00 .004237999    128 35000000.0 .007765687    145 280000000. 0.0           162 960000000. 0.0       
   112 10000000.0 .004004677    129 40000000.0 .006072535    146 320000000. 0.0           163 1.00000E+9
   113 11000000.0 .005990019    130 45000000.0 .004984794    147 360000000. 0.0       
   114 12000000.0 .003325358    131 50000000.0 .004298002    148 400000000. 0.0       
   115 13000000.0 .006767538    132 54000000.0 .003981725    149 440000000. 0.0       
 
                                                     MT=  5
 MAT  831                         0.0        Kelvin Unshielded Cross Sections                           8-O -18 

   No.  Group-eV   Average      No.  Group-eV   Average      No.  Group-eV   Average      No.  Group-eV   Average

   117 15000000.0 7.66830E-8    129 40000000.0 .002814532    141 160000000. 0.0           153 600000000. 0.0       
   118 16000000.0 3.49919E-6    130 45000000.0 .002322260    142 180000000. 0.0           154 640000000. 0.0       
   119 17000000.0 5.35176E-5    131 50000000.0 .001988535    143 200000000. 0.0           155 680000000. 0.0       
   120 18000000.0 1.97417E-4    132 54000000.0 .001828617    144 240000000. 0.0           156 720000000. 0.0       
   121 19000000.0 4.28168E-4    133 55000000.0 .001678925    145 280000000. 0.0           157 760000000. 0.0       
   122 20000000.0 .001072676    134 60000000.0 .001540186    146 320000000. 0.0           158 800000000. 0.0       
   123 22000000.0 .003033305    135 70000000.0 .001490664    147 360000000. 0.0           159 840000000. 0.0       
   124 24000000.0 .003635942    136 80000000.0 .001453921    148 400000000. 0.0           160 880000000. 0.0       
   125 26000000.0 .005238052    137 90000000.0 .001448497    149 440000000. 0.0           161 920000000. 0.0       
   126 28000000.0 .005625468    138 100000000. .001278187    150 480000000. 0.0           162 960000000. 0.0       
   127 30000000.0 .004575911    139 120000000. .001075463    151 520000000. 0.0           163 1.00000E+9
   128 35000000.0 .003510883    140 140000000. 0.0           152 560000000. 0.0       
 
                                                     MT=  5
 MAT  831                         0.0        Kelvin Unshielded Cross Sections                           8-O -18 

   No.  Group-eV   Average      No.  Group-eV   Average      No.  Group-eV   Average      No.  Group-eV   Average

   122 20000000.0 1.09375E-5    133 55000000.0 4.65196E-5    144 240000000. 0.0           155 680000000. 0.0       
   123 22000000.0 1.10602E-4    134 60000000.0 3.66949E-5    145 280000000. 0.0           156 720000000. 0.0       
   124 24000000.0 2.02719E-4    135 70000000.0 2.94852E-5    146 320000000. 0.0           157 760000000. 0.0       
   125 26000000.0 3.28953E-4    136 80000000.0 2.43540E-5    147 360000000. 0.0           158 800000000. 0.0       
   126 28000000.0 3.41271E-4    137 90000000.0 2.10242E-5    148 400000000. 0.0           159 840000000. 0.0       
   127 30000000.0 2.58322E-4    138 100000000. 1.55284E-5    149 440000000. 0.0           160 880000000. 0.0       
   128 35000000.0 1.60061E-4    139 120000000. 1.06436E-5    150 480000000. 0.0           161 920000000. 0.0       
   129 40000000.0 1.10387E-4    140 140000000. 0.0           151 520000000. 0.0           162 960000000. 0.0       
   130 45000000.0 8.08076E-5    141 160000000. 0.0           152 560000000. 0.0           163 1.00000E+9
   131 50000000.0 6.22513E-5    142 180000000. 0.0           153 600000000. 0.0       
   132 54000000.0 5.39839E-5    143 200000000. 0.0           154 640000000. 0.0       
 
                                                     MT=  5
 MAT  831                         0.0        Kelvin Unshielded Cross Sections                           8-O -18 

   No.  Group-eV   Average      No.  Group-eV   Average      No.  Group-eV   Average      No.  Group-eV   Average

   118 16000000.0 1.27890E-7    130 45000000.0 8.09633E-7    142 180000000. 0.0           154 640000000. 0.0       
   119 17000000.0 1.50827E-6    131 50000000.0 4.13892E-7    143 200000000. 0.0           155 680000000. 0.0       
   120 18000000.0 3.63243E-6    132 54000000.0 2.91319E-7    144 240000000. 0.0           156 720000000. 0.0       
   121 19000000.0 5.08301E-6    133 55000000.0 2.06853E-7    145 280000000. 0.0           157 760000000. 0.0       
   122 20000000.0 7.04478E-6    134 60000000.0 1.08739E-7    146 320000000. 0.0           158 800000000. 0.0       
   123 22000000.0 1.52358E-5    135 70000000.0 6.07932E-8    147 360000000. 0.0           159 840000000. 0.0       
   124 24000000.0 1.09477E-5    136 80000000.0 4.27334E-8    148 400000000. 0.0           160 880000000. 0.0       
   125 26000000.0 8.76418E-6    137 90000000.0 3.55083E-8    149 440000000. 0.0           161 920000000. 0.0       
   126 28000000.0 5.74261E-6    138 100000000. 3.08320E-8    150 480000000. 0.0           162 960000000. 0.0       
   127 30000000.0 9.54047E-6    139 120000000. 2.57296E-8    151 520000000. 0.0           163 1.00000E+9
   128 35000000.0 4.20439E-6    140 140000000. 0.0           152 560000000. 0.0       
   129 40000000.0 1.78818E-6    141 160000000. 0.0           153 600000000. 0.0       
 
                                                     MT=  5
 MAT  831                         0.0        Kelvin Unshielded Cross Sections                           8-O -18 

   No.  Group-eV   Average      No.  Group-eV   Average      No.  Group-eV   Average      No.  Group-eV   Average

    93 6200000.00 6.92876E-5    111 9800000.00 2.65866E-8    129 40000000.0 2.52532E-4    147 360000000. 0.0       
    94 6400000.00 2.60227E-4    112 10000000.0 1.40052E-6    130 45000000.0 1.87251E-4    148 400000000. 0.0       
    95 6600000.00 4.53369E-4    113 11000000.0 1.43710E-5    131 50000000.0 1.53127E-4    149 440000000. 0.0       
    96 6800000.00 6.46510E-4    114 12000000.0 1.49964E-5    132 54000000.0 1.38840E-4    150 480000000. 0.0       
    97 7000000.00 7.97211E-4    115 13000000.0 2.87043E-5    133 55000000.0 1.26232E-4    151 520000000. 0.0       
    98 7200000.00 9.05068E-4    116 14000000.0 2.63915E-5    134 60000000.0 1.12303E-4    152 560000000. 0.0       
    99 7400000.00 9.79773E-4    117 15000000.0 6.85836E-7    135 70000000.0 1.04285E-4    153 600000000. 0.0       
   100 7600000.00 8.53782E-4    118 16000000.0 3.00890E-5    136 80000000.0 1.00969E-4    154 640000000. 0.0       
   101 7800000.00 6.94047E-4    119 17000000.0 1.31388E-4    137 90000000.0 1.02843E-4    155 680000000. 0.0       
   102 8000000.00 5.34312E-4    120 18000000.0 3.10505E-4    138 100000000. 9.70185E-5    156 720000000. 0.0       
   103 8200000.00 3.74577E-4    121 19000000.0 5.07051E-4    139 120000000. 9.04564E-5    157 760000000. 0.0       
   104 8400000.00 2.24011E-4    122 20000000.0 9.31977E-4    140 140000000. 0.0           158 800000000. 0.0       
   105 8600000.00 1.28888E-4    123 22000000.0 .001979051    141 160000000. 0.0           159 840000000. 0.0       
   106 8800000.00 4.30788E-5    124 24000000.0 .001719412    142 180000000. 0.0           160 880000000. 0.0       
   107 9000000.00 1.51756E-8    125 26000000.0 .001695756    143 200000000. 0.0           161 920000000. 0.0       
   108 9200000.00 1.49912E-8    126 28000000.0 .001311728    144 240000000. 0.0           162 960000000. 0.0       
   109 9400000.00 1.55615E-8    127 30000000.0 7.72234E-4    145 280000000. 0.0           163 1.00000E+9
   110 9600000.00 2.06914E-8    128 35000000.0 3.92478E-4    146 320000000. 0.0       
 
                                                     MT=  5
 MAT  831                         0.0        Kelvin Unshielded Cross Sections                           8-O -18 

   No.  Group-eV   Average      No.  Group-eV   Average      No.  Group-eV   Average      No.  Group-eV   Average

   123 22000000.0 5.2783E-14    134 60000000.0 4.35925E-5    145 280000000. 0.0           156 720000000. 0.0       
   124 24000000.0 4.91500E-7    135 70000000.0 3.26493E-5    146 320000000. 0.0           157 760000000. 0.0       
   125 26000000.0 7.17304E-6    136 80000000.0 2.57880E-5    147 360000000. 0.0           158 800000000. 0.0       
   126 28000000.0 1.81028E-5    137 90000000.0 2.17533E-5    148 400000000. 0.0           159 840000000. 0.0       
   127 30000000.0 5.46464E-5    138 100000000. 1.60404E-5    149 440000000. 0.0           160 880000000. 0.0       
   128 35000000.0 8.33473E-5    139 120000000. 1.08035E-5    150 480000000. 0.0           161 920000000. 0.0       
   129 40000000.0 8.76581E-5    140 140000000. 0.0           151 520000000. 0.0           162 960000000. 0.0       
   130 45000000.0 8.12839E-5    141 160000000. 0.0           152 560000000. 0.0           163 1.00000E+9
   131 50000000.0 7.19897E-5    142 180000000. 0.0           153 600000000. 0.0       
   132 54000000.0 6.54514E-5    143 200000000. 0.0           154 640000000. 0.0       
   133 55000000.0 5.72557E-5    144 240000000. 0.0           155 680000000. 0.0       
 
                                                     MT=  5
 MAT  831                         0.0        Kelvin Unshielded Cross Sections                           8-O -18 

   No.  Group-eV   Average      No.  Group-eV   Average      No.  Group-eV   Average      No.  Group-eV   Average

   117 15000000.0 6.71299E-7    129 40000000.0 1.44476E-4    141 160000000. 0.0           153 600000000. 0.0       
   118 16000000.0 3.00790E-5    130 45000000.0 7.73939E-5    142 180000000. 0.0           154 640000000. 0.0       
   119 17000000.0 1.31379E-4    131 50000000.0 4.69738E-5    143 200000000. 0.0           155 680000000. 0.0       
   120 18000000.0 3.10497E-4    132 54000000.0 3.60853E-5    144 240000000. 0.0           156 720000000. 0.0       
   121 19000000.0 5.07037E-4    133 55000000.0 2.75519E-5    145 280000000. 0.0           157 760000000. 0.0       
   122 20000000.0 9.31854E-4    134 60000000.0 1.63936E-5    146 320000000. 0.0           158 800000000. 0.0       
   123 22000000.0 .001978739    135 70000000.0 1.01729E-5    147 360000000. 0.0           159 840000000. 0.0       
   124 24000000.0 .001718706    136 80000000.0 7.67626E-6    148 400000000. 0.0           160 880000000. 0.0       
   125 26000000.0 .001688440    137 90000000.0 6.33875E-6    149 440000000. 0.0           161 920000000. 0.0       
   126 28000000.0 .001293461    138 100000000. 4.47065E-6    150 480000000. 0.0           162 960000000. 0.0       
   127 30000000.0 7.13246E-4    139 120000000. 2.95217E-6    151 520000000. 0.0           163 1.00000E+9
   128 35000000.0 2.98626E-4    140 140000000. 0.0           152 560000000. 0.0       
 
                                                     MT=  5
 MAT  831                         0.0        Kelvin Unshielded Cross Sections                           8-O -18 

   No.  Group-eV   Average      No.  Group-eV   Average      No.  Group-eV   Average      No.  Group-eV   Average

    93 6200000.00 6.92876E-5    111 9800000.00 2.65866E-8    129 40000000.0 6.75397E-7    147 360000000. 0.0       
    94 6400000.00 2.60227E-4    112 10000000.0 1.40052E-6    130 45000000.0 2.63040E-6    148 400000000. 0.0       
    95 6600000.00 4.53369E-4    113 11000000.0 1.43710E-5    131 50000000.0 5.37175E-6    149 440000000. 0.0       
    96 6800000.00 6.46510E-4    114 12000000.0 1.49964E-5    132 54000000.0 6.89888E-6    150 480000000. 0.0       
    97 7000000.00 7.97211E-4    115 13000000.0 2.87043E-5    133 55000000.0 8.35518E-6    151 520000000. 0.0       
    98 7200000.00 9.05068E-4    116 14000000.0 2.63915E-5    134 60000000.0 1.06422E-5    152 560000000. 0.0       
    99 7400000.00 9.79773E-4    117 15000000.0 1.45364E-8    135 70000000.0 1.07099E-5    153 600000000. 0.0       
   100 7600000.00 8.53782E-4    118 16000000.0 9.99138E-9    136 80000000.0 9.11305E-6    154 640000000. 0.0       
   101 7800000.00 6.94047E-4    119 17000000.0 8.73488E-9    137 90000000.0 7.49297E-6    155 680000000. 0.0       
   102 8000000.00 5.34312E-4    120 18000000.0 7.99568E-9    138 100000000. 4.90828E-6    156 720000000. 0.0       
   103 8200000.00 3.74577E-4    121 19000000.0 1.36945E-8    139 120000000. 2.73391E-6    157 760000000. 0.0       
   104 8400000.00 2.24011E-4    122 20000000.0 1.23211E-7    140 140000000. 0.0           158 800000000. 0.0       
   105 8600000.00 1.28888E-4    123 22000000.0 3.13030E-7    141 160000000. 0.0           159 840000000. 0.0       
   106 8800000.00 4.30788E-5    124 24000000.0 2.14440E-7    142 180000000. 0.0           160 880000000. 0.0       
   107 9000000.00 1.51756E-8    125 26000000.0 1.43508E-7    143 200000000. 0.0           161 920000000. 0.0       
   108 9200000.00 1.49912E-8    126 28000000.0 7.32957E-8    144 240000000. 0.0           162 960000000. 0.0       
   109 9400000.00 1.55615E-8    127 30000000.0 1.77132E-6    145 280000000. 0.0           163 1.00000E+9
   110 9600000.00 2.06914E-8    128 35000000.0 4.58165E-7    146 320000000. 0.0       
 
                                                     MT=  5
 MAT  831                         0.0        Kelvin Unshielded Cross Sections                           8-O -18 

   No.  Group-eV   Average      No.  Group-eV   Average      No.  Group-eV   Average      No.  Group-eV   Average

   128 35000000.0 2.72047E-9    137 90000000.0 2.42507E-4    146 320000000. 0.0           155 680000000. 0.0       
   129 40000000.0 4.73959E-7    138 100000000. 2.29570E-4    147 360000000. 0.0           156 720000000. 0.0       
   130 45000000.0 5.35520E-6    139 120000000. 1.98679E-4    148 400000000. 0.0           157 760000000. 0.0       
   131 50000000.0 1.81802E-5    140 140000000. 0.0           149 440000000. 0.0           158 800000000. 0.0       
   132 54000000.0 2.87541E-5    141 160000000. 0.0           150 480000000. 0.0           159 840000000. 0.0       
   133 55000000.0 4.41312E-5    142 180000000. 0.0           151 520000000. 0.0           160 880000000. 0.0       
   134 60000000.0 9.46435E-5    143 200000000. 0.0           152 560000000. 0.0           161 920000000. 0.0       
   135 70000000.0 1.64679E-4    144 240000000. 0.0           153 600000000. 0.0           162 960000000. 0.0       
   136 80000000.0 2.13454E-4    145 280000000. 0.0           154 640000000. 0.0           163 1.00000E+9
 
                                                     MT=  5
 MAT  831                         0.0        Kelvin Unshielded Cross Sections                           8-O -18 

   No.  Group-eV   Average      No.  Group-eV   Average      No.  Group-eV   Average      No.  Group-eV   Average

   125 26000000.0 6.4516E-10    135 70000000.0 2.38374E-4    145 280000000. 0.0           155 680000000. 0.0       
   126 28000000.0 1.33503E-8    136 80000000.0 2.51239E-4    146 320000000. 0.0           156 720000000. 0.0       
   127 30000000.0 2.98333E-6    137 90000000.0 2.58248E-4    147 360000000. 0.0           157 760000000. 0.0       
   128 35000000.0 5.31883E-6    138 100000000. 2.31995E-4    148 400000000. 0.0           158 800000000. 0.0       
   129 40000000.0 3.20379E-5    139 120000000. 1.99492E-4    149 440000000. 0.0           159 840000000. 0.0       
   130 45000000.0 8.45935E-5    140 140000000. 0.0           150 480000000. 0.0           160 880000000. 0.0       
   131 50000000.0 1.30870E-4    141 160000000. 0.0           151 520000000. 0.0           161 920000000. 0.0       
   132 54000000.0 1.50764E-4    142 180000000. 0.0           152 560000000. 0.0           162 960000000. 0.0       
   133 55000000.0 1.67270E-4    143 200000000. 0.0           153 600000000. 0.0           163 1.00000E+9
   134 60000000.0 2.05294E-4    144 240000000. 0.0           154 640000000. 0.0       
 
                                                     MT=  5
 MAT  831                         0.0        Kelvin Unshielded Cross Sections                           8-O -18 

   No.  Group-eV   Average      No.  Group-eV   Average      No.  Group-eV   Average      No.  Group-eV   Average

   118 16000000.0 1.27890E-7    130 45000000.0 .001988649    142 180000000. 0.0           154 640000000. 0.0       
   119 17000000.0 1.50827E-6    131 50000000.0 .001661011    143 200000000. 0.0           155 680000000. 0.0       
   120 18000000.0 3.63243E-6    132 54000000.0 .001493668    144 240000000. 0.0           156 720000000. 0.0       
   121 19000000.0 5.08301E-6    133 55000000.0 .001329006    145 280000000. 0.0           157 760000000. 0.0       
   122 20000000.0 7.04478E-6    134 60000000.0 .001116615    146 320000000. 0.0           158 800000000. 0.0       
   123 22000000.0 4.05509E-5    135 70000000.0 9.68162E-4    147 360000000. 0.0           159 840000000. 0.0       
   124 24000000.0 4.49440E-4    136 80000000.0 8.64736E-4    148 400000000. 0.0           160 880000000. 0.0       
   125 26000000.0 .001666665    137 90000000.0 8.08706E-4    149 440000000. 0.0           161 920000000. 0.0       
   126 28000000.0 .002712034    138 100000000. 6.70259E-4    150 480000000. 0.0           162 960000000. 0.0       
   127 30000000.0 .003013961    139 120000000. 5.28053E-4    151 520000000. 0.0           163 1.00000E+9
   128 35000000.0 .002800338    140 140000000. 0.0           152 560000000. 0.0       
   129 40000000.0 .002395626    141 160000000. 0.0           153 600000000. 0.0       
 
                                                     MT=  5
 MAT  831                         0.0        Kelvin Unshielded Cross Sections                           8-O -18 

   No.  Group-eV   Average      No.  Group-eV   Average      No.  Group-eV   Average      No.  Group-eV   Average

   122 20000000.0 1.09375E-5    133 55000000.0 8.23040E-5    144 240000000. 0.0           155 680000000. 0.0       
   123 22000000.0 2.85617E-4    134 60000000.0 5.61684E-5    145 280000000. 0.0           156 720000000. 0.0       
   124 24000000.0 9.45229E-4    135 70000000.0 3.77733E-5    146 320000000. 0.0           157 760000000. 0.0       
   125 26000000.0 .001594058    136 80000000.0 2.68725E-5    147 360000000. 0.0           158 800000000. 0.0       
   126 28000000.0 .001538943    137 90000000.0 2.05666E-5    148 400000000. 0.0           159 840000000. 0.0       
   127 30000000.0 9.65718E-4    138 100000000. 1.30892E-5    149 440000000. 0.0           160 880000000. 0.0       
   128 35000000.0 5.05207E-4    139 120000000. 9.94365E-6    150 480000000. 0.0           161 920000000. 0.0       
   129 40000000.0 2.95569E-4    140 140000000. 0.0           151 520000000. 0.0           162 960000000. 0.0       
   130 45000000.0 1.85039E-4    141 160000000. 0.0           152 560000000. 0.0           163 1.00000E+9
   131 50000000.0 1.25559E-4    142 180000000. 0.0           153 600000000. 0.0       
   132 54000000.0 1.01917E-4    143 200000000. 0.0           154 640000000. 0.0       
 
                                                     MT=  5
 MAT  831                         0.0        Kelvin Unshielded Cross Sections                           8-O -18 

   No.  Group-eV   Average      No.  Group-eV   Average      No.  Group-eV   Average      No.  Group-eV   Average

   117 15000000.0 7.66830E-8    129 40000000.0 1.70405E-4    141 160000000. 0.0           153 600000000. 0.0       
   118 16000000.0 3.49919E-6    130 45000000.0 9.26108E-5    142 180000000. 0.0           154 640000000. 0.0       
   119 17000000.0 5.35176E-5    131 50000000.0 5.68969E-5    143 200000000. 0.0           155 680000000. 0.0       
   120 18000000.0 1.97417E-4    132 54000000.0 4.40925E-5    144 240000000. 0.0           156 720000000. 0.0       
   121 19000000.0 4.28168E-4    133 55000000.0 3.40686E-5    145 280000000. 0.0           157 760000000. 0.0       
   122 20000000.0 .001072676    134 60000000.0 2.10991E-5    146 320000000. 0.0           158 800000000. 0.0       
   123 22000000.0 .002832977    135 70000000.0 1.29702E-5    147 360000000. 0.0           159 840000000. 0.0       
   124 24000000.0 .002454942    136 80000000.0 8.53836E-6    148 400000000. 0.0           160 880000000. 0.0       
   125 26000000.0 .002315047    137 90000000.0 6.03508E-6    149 440000000. 0.0           161 920000000. 0.0       
   126 28000000.0 .001721047    138 100000000. 3.42654E-6    150 480000000. 0.0           162 960000000. 0.0       
   127 30000000.0 8.56581E-4    139 120000000. 1.63874E-6    151 520000000. 0.0           163 1.00000E+9
   128 35000000.0 3.48201E-4    140 140000000. 0.0           152 560000000. 0.0       
 
                                                     MT=  5
 MAT  831                         0.0        Kelvin Unshielded Cross Sections                           8-O -18 

   No.  Group-eV   Average      No.  Group-eV   Average      No.  Group-eV   Average      No.  Group-eV   Average

   125 26000000.0 5.8531E-12    135 70000000.0 2.61736E-6    145 280000000. 0.0           155 680000000. 0.0       
   126 28000000.0 3.98305E-7    136 80000000.0 1.71808E-6    146 320000000. 0.0           156 720000000. 0.0       
   127 30000000.0 4.69091E-6    137 90000000.0 1.28320E-6    147 360000000. 0.0           157 760000000. 0.0       
   128 35000000.0 9.96480E-6    138 100000000. 9.00325E-7    148 400000000. 0.0           158 800000000. 0.0       
   129 40000000.0 1.09968E-5    139 120000000. 6.02158E-7    149 440000000. 0.0           159 840000000. 0.0       
   130 45000000.0 9.79186E-6    140 140000000. 0.0           150 480000000. 0.0           160 880000000. 0.0       
   131 50000000.0 8.00215E-6    141 160000000. 0.0           151 520000000. 0.0           161 920000000. 0.0       
   132 54000000.0 6.93728E-6    142 180000000. 0.0           152 560000000. 0.0           162 960000000. 0.0       
   133 55000000.0 5.82251E-6    143 200000000. 0.0           153 600000000. 0.0           163 1.00000E+9
   134 60000000.0 4.06043E-6    144 240000000. 0.0           154 640000000. 0.0       
 
                                                     MT=  5
 MAT  831                         0.0        Kelvin Unshielded Cross Sections                           8-O -18 

   No.  Group-eV   Average      No.  Group-eV   Average      No.  Group-eV   Average      No.  Group-eV   Average

   114 12000000.0 5.87837E-5    127 30000000.0 .001159177    140 140000000. 0.0           153 600000000. 0.0       
   115 13000000.0 7.03165E-4    128 35000000.0 4.89272E-4    141 160000000. 0.0           154 640000000. 0.0       
   116 14000000.0 .001757872    129 40000000.0 2.44864E-4    142 180000000. 0.0           155 680000000. 0.0       
   117 15000000.0 .001373890    130 45000000.0 1.34941E-4    143 200000000. 0.0           156 720000000. 0.0       
   118 16000000.0 .001506494    131 50000000.0 8.33856E-5    144 240000000. 0.0           157 760000000. 0.0       
   119 17000000.0 .001607112    132 54000000.0 6.44999E-5    145 280000000. 0.0           158 800000000. 0.0       
   120 18000000.0 .001771780    133 55000000.0 4.94769E-5    146 320000000. 0.0           159 840000000. 0.0       
   121 19000000.0 .001913797    134 60000000.0 2.97842E-5    147 360000000. 0.0           160 880000000. 0.0       
   122 20000000.0 .002586506    135 70000000.0 1.87625E-5    148 400000000. 0.0           161 920000000. 0.0       
   123 22000000.0 .004332814    136 80000000.0 1.40921E-5    149 440000000. 0.0           162 960000000. 0.0       
   124 24000000.0 .003320202    137 90000000.0 1.16448E-5    150 480000000. 0.0           163 1.00000E+9
   125 26000000.0 .003060775    138 100000000. 8.24640E-6    151 520000000. 0.0       
   126 28000000.0 .002282296    139 120000000. 5.46339E-6    152 560000000. 0.0       
 
                                                     MT=  5
 MAT  831                         0.0        Kelvin Unshielded Cross Sections                           8-O -18 

   No.  Group-eV   Average      No.  Group-eV   Average      No.  Group-eV   Average      No.  Group-eV   Average

    99 7400000.00 2.11757E-6    116 14000000.0 .006115182    133 55000000.0 2.74772E-5    150 480000000. 0.0       
   100 7600000.00 1.70550E-5    117 15000000.0 .003559170    134 60000000.0 1.63956E-5    151 520000000. 0.0       
   101 7800000.00 3.41479E-5    118 16000000.0 .003059576    135 70000000.0 1.12314E-5    152 560000000. 0.0       
   102 8000000.00 5.12407E-5    119 17000000.0 .002954336    136 80000000.0 8.59868E-6    153 600000000. 0.0       
   103 8200000.00 6.83336E-5    120 18000000.0 .003167082    137 90000000.0 7.01842E-6    154 640000000. 0.0       
   104 8400000.00 1.33634E-4    121 19000000.0 .003388245    138 100000000. 4.87996E-6    155 680000000. 0.0       
   105 8600000.00 4.90472E-4    122 20000000.0 .004084844    139 120000000. 3.18149E-6    156 720000000. 0.0       
   106 8800000.00 8.96278E-4    123 22000000.0 .005602692    140 140000000. 0.0           157 760000000. 0.0       
   107 9000000.00 .001279275    124 24000000.0 .003669942    141 160000000. 0.0           158 800000000. 0.0       
   108 9200000.00 .001639291    125 26000000.0 .002971304    142 180000000. 0.0           159 840000000. 0.0       
   109 9400000.00 .002093639    126 28000000.0 .002014102    143 200000000. 0.0           160 880000000. 0.0       
   110 9600000.00 .003117987    127 30000000.0 9.10658E-4    144 240000000. 0.0           161 920000000. 0.0       
   111 9800000.00 .004237999    128 35000000.0 3.38191E-4    145 280000000. 0.0           162 960000000. 0.0       
   112 10000000.0 .004004677    129 40000000.0 1.55933E-4    146 320000000. 0.0           163 1.00000E+9
   113 11000000.0 .005990019    130 45000000.0 8.11548E-5    147 360000000. 0.0       
   114 12000000.0 .003207793    131 50000000.0 4.81793E-5    148 400000000. 0.0       
   115 13000000.0 .005361211    132 54000000.0 3.65214E-5    149 440000000. 0.0       
 
                                                     MT=  5
 MAT  831                         0.0        Kelvin Unshielded Cross Sections                           8-O -18 

   No.  Group-eV   Average      No.  Group-eV   Average      No.  Group-eV   Average      No.  Group-eV   Average

    93 6200000.00 1.19088E-5    111 9800000.00 .003356142    129 40000000.0 .001948017    147 360000000. 0.0       
    94 6400000.00 4.47264E-5    112 10000000.0 .003277096    130 45000000.0 .001769698    148 400000000. 0.0       
    95 6600000.00 7.79226E-5    113 11000000.0 .007185401    131 50000000.0 .001657547    149 440000000. 0.0       
    96 6800000.00 1.11119E-4    114 12000000.0 .003994995    132 54000000.0 .001588397    150 480000000. 0.0       
    97 7000000.00 1.02717E-4    115 13000000.0 .006303926    133 55000000.0 .001509210    151 520000000. 0.0       
    98 7200000.00 5.23188E-5    116 14000000.0 .007038216    134 60000000.0 .001455033    152 560000000. 0.0       
    99 7400000.00 8.12028E-6    117 15000000.0 .003985664    135 70000000.0 .001446457    153 600000000. 0.0       
   100 7600000.00 1.45207E-6    118 16000000.0 .003353628    136 80000000.0 .001419081    154 640000000. 0.0       
   101 7800000.00 1.09425E-6    119 17000000.0 .003193828    137 90000000.0 .001406204    155 680000000. 0.0       
   102 8000000.00 7.36427E-7    120 18000000.0 .003495020    138 100000000. .001224009    156 720000000. 0.0       
   103 8200000.00 3.78607E-7    121 19000000.0 .004020851    139 120000000. .001009091    157 760000000. 0.0       
   104 8400000.00 4.40298E-6    122 20000000.0 .006004209    140 140000000. 0.0           158 800000000. 0.0       
   105 8600000.00 3.49291E-5    123 22000000.0 .011830059    141 160000000. 0.0           159 840000000. 0.0       
   106 8800000.00 6.99067E-5    124 24000000.0 .010020673    142 180000000. 0.0           160 880000000. 0.0       
   107 9000000.00 3.38279E-4    125 26000000.0 .009917268    143 200000000. 0.0           161 920000000. 0.0       
   108 9200000.00 8.41780E-4    126 28000000.0 .007751118    144 240000000. 0.0           162 960000000. 0.0       
   109 9400000.00 .001407635    127 30000000.0 .004318350    145 280000000. 0.0           163 1.00000E+9
   110 9600000.00 .002350271    128 35000000.0 .002439705    146 320000000. 0.0       
 
