 ENDF Activation Cross Sections (ACTIVATE 2019-1)
 ------------------------------------------------------------------------------
 ENDF Input and Output Data Filenames
 ------------------------------------------------------------------------------
 ACTIVATE.IN                                                             
 ACTIVATE.OUT                                                            
 ------------------------------------------------------------------------------
 ENDF Tape Label
 ------------------------------------------------------------------------------
  JENDL/PD-2016.1  Ca- 48                                             1
 ------------------------------------------------------------------------------
   Material  MAT  MF  MT  ENDF    ZAP Final      Q-Value Points Points
                          Format      State           eV     In    Out
 ------------------------------------------------------------------------------
  20-Ca-48  2049  10   5   6        1     0   0.0           262    262
  20-Ca-48  2049  10   5   6     1001     0   0.0           262    262
  20-Ca-48  2049  10   5   6     1002     0   0.0           262    262
  20-Ca-48  2049  10   5   6     1003     0   0.0           262    262
  20-Ca-48  2049  10   5   6     2003     0   0.0           262    262
  20-Ca-48  2049  10   5   6     2004     0   0.0           262    262
  20-Ca-48  2049  10   5   6    17040     0   0.0           262    262
  20-Ca-48  2049  10   5   6    17041     0   0.0           262    262
  20-Ca-48  2049  10   5   6    17042     0   0.0           262    262
  20-Ca-48  2049  10   5   6    17043     0   0.0           262    262
  20-Ca-48  2049  10   5   6    17044     0   0.0           262    262
  20-Ca-48  2049  10   5   6    17045     0   0.0           262    262
  20-Ca-48  2049  10   5   6    18041     0   0.0           262    262
  20-Ca-48  2049  10   5   6    18042     0   0.0           262    262
  20-Ca-48  2049  10   5   6    18043     0   0.0           262    262
  20-Ca-48  2049  10   5   6    18044     0   0.0           262    262
  20-Ca-48  2049  10   5   6    18045     0   0.0           262    262
  20-Ca-48  2049  10   5   6    18046     0   0.0           262    262
  20-Ca-48  2049  10   5   6    19045     0   0.0           262    262
  20-Ca-48  2049  10   5   6    19046     0   0.0           262    262
  20-Ca-48  2049  10   5   6    19047     0   0.0           262    262
  20-Ca-48  2049  10   5   6    20043     0   0.0           262    262
  20-Ca-48  2049  10   5   6    20044     0   0.0           262    262
  20-Ca-48  2049  10   5   6    20045     0   0.0           262    262
  20-Ca-48  2049  10   5   6    20046     0   0.0           262    262
  20-Ca-48  2049  10   5   6    20047     0   0.0           262    262
 ------------------------------------------------------------------------------
                                              MAT Totals   6812   6812
 ------------------------------------------------------------------------------
 ------------------------------------------------------------------------------
 All Cross Sections Read. Maximum Tabulated Energy =  140000000. eV
 ------------------------------------------------------------------------------
 ===============================================================================
      MAT Total Execution Time                0.38 Seconds
 ===============================================================================
 ------------------------------------------------------------------------------
                                             Tape Totals   6812   6812
 ------------------------------------------------------------------------------
 ===============================================================================
 ACTIVATE Total Execution Time                0.38 Seconds
 ===============================================================================
