                                                     MT=  5
 MAT 2049                         0.0        Kelvin Unshielded Cross Sections                          20-Ca-48 

   No.  Group-eV   Average      No.  Group-eV   Average      No.  Group-eV   Average      No.  Group-eV   Average

   111 9800000.00 1.96135E-5    125 26000000.0 .019779461    139 120000000. .002948120    153 600000000. 0.0       
   112 10000000.0 .001128532    126 28000000.0 .014382014    140 140000000. 0.0           154 640000000. 0.0       
   113 11000000.0 .003052607    127 30000000.0 .009961812    141 160000000. 0.0           155 680000000. 0.0       
   114 12000000.0 .005783533    128 35000000.0 .007120737    142 180000000. 0.0           156 720000000. 0.0       
   115 13000000.0 .009433754    129 40000000.0 .005953976    143 200000000. 0.0           157 760000000. 0.0       
   116 14000000.0 .015756029    130 45000000.0 .005389298    144 240000000. 0.0           158 800000000. 0.0       
   117 15000000.0 .024890400    131 50000000.0 .005100090    145 280000000. 0.0           159 840000000. 0.0       
   118 16000000.0 .038179280    132 54000000.0 .004985436    146 320000000. 0.0           160 880000000. 0.0       
   119 17000000.0 .058353763    133 55000000.0 .004880777    147 360000000. 0.0           161 920000000. 0.0       
   120 18000000.0 .081376021    134 60000000.0 .004674311    148 400000000. 0.0           162 960000000. 0.0       
   121 19000000.0 .097289781    135 70000000.0 .004430099    149 440000000. 0.0           163 1.00000E+9
   122 20000000.0 .085761481    136 80000000.0 .004175502    150 480000000. 0.0       
   123 22000000.0 .051105649    137 90000000.0 .003899478    151 520000000. 0.0       
   124 24000000.0 .030052296    138 100000000. .003474470    152 560000000. 0.0       
 
                                                     MT=  5
 MAT 2049                         0.0        Kelvin Unshielded Cross Sections                          20-Ca-48 

   No.  Group-eV   Average      No.  Group-eV   Average      No.  Group-eV   Average      No.  Group-eV   Average

   111 9800000.00 8.66661E-6    125 26000000.0 .022869639    139 120000000. .002606950    153 600000000. 0.0       
   112 10000000.0 .001277788    126 28000000.0 .016378425    140 140000000. 0.0           154 640000000. 0.0       
   113 11000000.0 .003200665    127 30000000.0 .012905759    141 160000000. 0.0           155 680000000. 0.0       
   114 12000000.0 .005743499    128 35000000.0 .011574456    142 180000000. 0.0           156 720000000. 0.0       
   115 13000000.0 .009410466    129 40000000.0 .009464166    143 200000000. 0.0           157 760000000. 0.0       
   116 14000000.0 .015700162    130 45000000.0 .007686291    144 240000000. 0.0           158 800000000. 0.0       
   117 15000000.0 .024649964    131 50000000.0 .006735425    145 280000000. 0.0           159 840000000. 0.0       
   118 16000000.0 .036576200    132 54000000.0 .006412787    146 320000000. 0.0           160 880000000. 0.0       
   119 17000000.0 .052833493    133 55000000.0 .006568468    147 360000000. 0.0           161 920000000. 0.0       
   120 18000000.0 .075976454    134 60000000.0 .006192504    148 400000000. 0.0           162 960000000. 0.0       
   121 19000000.0 .100248211    135 70000000.0 .005898256    149 440000000. 0.0           163 1.00000E+9
   122 20000000.0 .094542666    136 80000000.0 .004745376    150 480000000. 0.0       
   123 22000000.0 .058266876    137 90000000.0 .003964377    151 520000000. 0.0       
   124 24000000.0 .034734917    138 100000000. .003253276    152 560000000. 0.0       
 
                                                     MT=  5
 MAT 2049                         0.0        Kelvin Unshielded Cross Sections                          20-Ca-48 

   No.  Group-eV   Average      No.  Group-eV   Average      No.  Group-eV   Average      No.  Group-eV   Average

   117 15000000.0 1.32908E-7    129 40000000.0 8.13270E-4    141 160000000. 0.0           153 600000000. 0.0       
   118 16000000.0 2.69816E-6    130 45000000.0 9.53518E-4    142 180000000. 0.0           154 640000000. 0.0       
   119 17000000.0 9.58552E-6    131 50000000.0 .001068850    143 200000000. 0.0           155 680000000. 0.0       
   120 18000000.0 2.09707E-5    132 54000000.0 .001135970    144 240000000. 0.0           156 720000000. 0.0       
   121 19000000.0 3.40516E-5    133 55000000.0 .001478590    145 280000000. 0.0           157 760000000. 0.0       
   122 20000000.0 1.91212E-4    134 60000000.0 .001584069    146 320000000. 0.0           158 800000000. 0.0       
   123 22000000.0 3.50094E-4    135 70000000.0 .001401954    147 360000000. 0.0           159 840000000. 0.0       
   124 24000000.0 3.99600E-4    136 80000000.0 .001337636    148 400000000. 0.0           160 880000000. 0.0       
   125 26000000.0 4.34193E-4    137 90000000.0 .001251353    149 440000000. 0.0           161 920000000. 0.0       
   126 28000000.0 4.55931E-4    138 100000000. .001185595    150 480000000. 0.0           162 960000000. 0.0       
   127 30000000.0 5.00940E-4    139 120000000. .001069590    151 520000000. 0.0           163 1.00000E+9
   128 35000000.0 6.61575E-4    140 140000000. 0.0           152 560000000. 0.0       
 
                                                     MT=  5
 MAT 2049                         0.0        Kelvin Unshielded Cross Sections                          20-Ca-48 

   No.  Group-eV   Average      No.  Group-eV   Average      No.  Group-eV   Average      No.  Group-eV   Average

   122 20000000.0 2.0206E-28    133 55000000.0 2.35757E-6    144 240000000. 0.0           155 680000000. 0.0       
   123 22000000.0 1.7886E-26    134 60000000.0 2.07551E-6    145 280000000. 0.0           156 720000000. 0.0       
   124 24000000.0 3.2953E-26    135 70000000.0 1.72762E-6    146 320000000. 0.0           157 760000000. 0.0       
   125 26000000.0 1.52783E-8    136 80000000.0 1.46055E-6    147 360000000. 0.0           158 800000000. 0.0       
   126 28000000.0 6.45519E-8    137 90000000.0 1.20246E-6    148 400000000. 0.0           159 840000000. 0.0       
   127 30000000.0 3.26111E-7    138 100000000. 1.08885E-6    149 440000000. 0.0           160 880000000. 0.0       
   128 35000000.0 1.13414E-6    139 120000000. 9.96302E-7    150 480000000. 0.0           161 920000000. 0.0       
   129 40000000.0 1.84924E-6    140 140000000. 0.0           151 520000000. 0.0           162 960000000. 0.0       
   130 45000000.0 2.22210E-6    141 160000000. 0.0           152 560000000. 0.0           163 1.00000E+9
   131 50000000.0 2.38256E-6    142 180000000. 0.0           153 600000000. 0.0       
   132 54000000.0 2.40464E-6    143 200000000. 0.0           154 640000000. 0.0       
 
                                                     MT=  5
 MAT 2049                         0.0        Kelvin Unshielded Cross Sections                          20-Ca-48 

   No.  Group-eV   Average      No.  Group-eV   Average      No.  Group-eV   Average      No.  Group-eV   Average

   123 22000000.0 1.42592E-7    134 60000000.0 1.45067E-6    145 280000000. 0.0           156 720000000. 0.0       
   124 24000000.0 4.52511E-7    135 70000000.0 1.31051E-6    146 320000000. 0.0           157 760000000. 0.0       
   125 26000000.0 5.54644E-7    136 80000000.0 1.23520E-6    147 360000000. 0.0           158 800000000. 0.0       
   126 28000000.0 4.65830E-6    137 90000000.0 1.15354E-6    148 400000000. 0.0           159 840000000. 0.0       
   127 30000000.0 1.02093E-5    138 100000000. 1.02782E-6    149 440000000. 0.0           160 880000000. 0.0       
   128 35000000.0 7.06361E-6    139 120000000. 8.72113E-7    150 480000000. 0.0           161 920000000. 0.0       
   129 40000000.0 4.90538E-6    140 140000000. 0.0           151 520000000. 0.0           162 960000000. 0.0       
   130 45000000.0 3.61764E-6    141 160000000. 0.0           152 560000000. 0.0           163 1.00000E+9
   131 50000000.0 2.78205E-6    142 180000000. 0.0           153 600000000. 0.0       
   132 54000000.0 2.38953E-6    143 200000000. 0.0           154 640000000. 0.0       
   133 55000000.0 1.99776E-6    144 240000000. 0.0           155 680000000. 0.0       
 
                                                     MT=  5
 MAT 2049                         0.0        Kelvin Unshielded Cross Sections                          20-Ca-48 

   No.  Group-eV   Average      No.  Group-eV   Average      No.  Group-eV   Average      No.  Group-eV   Average

   126 28000000.0 1.2439E-21    136 80000000.0 2.87762E-8    146 320000000. 0.0           156 720000000. 0.0       
   127 30000000.0 3.1435E-20    137 90000000.0 2.07104E-8    147 360000000. 0.0           157 760000000. 0.0       
   128 35000000.0 1.4151E-11    138 100000000. 1.34576E-8    148 400000000. 0.0           158 800000000. 0.0       
   129 40000000.0 1.6885E-10    139 120000000. 8.86647E-9    149 440000000. 0.0           159 840000000. 0.0       
   130 45000000.0 9.8060E-10    140 140000000. 0.0           150 480000000. 0.0           160 880000000. 0.0       
   131 50000000.0 3.53777E-9    141 160000000. 0.0           151 520000000. 0.0           161 920000000. 0.0       
   132 54000000.0 5.84515E-9    142 180000000. 0.0           152 560000000. 0.0           162 960000000. 0.0       
   133 55000000.0 1.02734E-8    143 200000000. 0.0           153 600000000. 0.0           163 1.00000E+9
   134 60000000.0 2.30889E-8    144 240000000. 0.0           154 640000000. 0.0       
   135 70000000.0 3.24025E-8    145 280000000. 0.0           155 680000000. 0.0       
 
                                                     MT=  5
 MAT 2049                         0.0        Kelvin Unshielded Cross Sections                          20-Ca-48 

   No.  Group-eV   Average      No.  Group-eV   Average      No.  Group-eV   Average      No.  Group-eV   Average

   116 14000000.0 1.4114E-11    128 35000000.0 8.79801E-6    140 140000000. 0.0           152 560000000. 0.0       
   117 15000000.0 1.0088E-10    129 40000000.0 4.11310E-6    141 160000000. 0.0           153 600000000. 0.0       
   118 16000000.0 2.8928E-10    130 45000000.0 2.84606E-6    142 180000000. 0.0           154 640000000. 0.0       
   119 17000000.0 6.4310E-10    131 50000000.0 2.35698E-6    143 200000000. 0.0           155 680000000. 0.0       
   120 18000000.0 1.17660E-9    132 54000000.0 2.20369E-6    144 240000000. 0.0           156 720000000. 0.0       
   121 19000000.0 1.73712E-9    133 55000000.0 2.13927E-6    145 280000000. 0.0           157 760000000. 0.0       
   122 20000000.0 1.95088E-9    134 60000000.0 2.05006E-6    146 320000000. 0.0           158 800000000. 0.0       
   123 22000000.0 5.16899E-6    135 70000000.0 1.94295E-6    147 360000000. 0.0           159 840000000. 0.0       
   124 24000000.0 1.21961E-5    136 80000000.0 1.83129E-6    148 400000000. 0.0           160 880000000. 0.0       
   125 26000000.0 1.83138E-5    137 90000000.0 1.71023E-6    149 440000000. 0.0           161 920000000. 0.0       
   126 28000000.0 2.38717E-5    138 100000000. 1.52383E-6    150 480000000. 0.0           162 960000000. 0.0       
   127 30000000.0 2.16849E-5    139 120000000. 1.29299E-6    151 520000000. 0.0           163 1.00000E+9
 
                                                     MT=  5
 MAT 2049                         0.0        Kelvin Unshielded Cross Sections                          20-Ca-48 

   No.  Group-eV   Average      No.  Group-eV   Average      No.  Group-eV   Average      No.  Group-eV   Average

   129 40000000.0 1.0141E-12    138 100000000. 4.15228E-5    147 360000000. 0.0           156 720000000. 0.0       
   130 45000000.0 6.3064E-12    139 120000000. 4.96435E-5    148 400000000. 0.0           157 760000000. 0.0       
   131 50000000.0 1.1073E-11    140 140000000. 0.0           149 440000000. 0.0           158 800000000. 0.0       
   132 54000000.0 1.3614E-11    141 160000000. 0.0           150 480000000. 0.0           159 840000000. 0.0       
   133 55000000.0 5.36375E-7    142 180000000. 0.0           151 520000000. 0.0           160 880000000. 0.0       
   134 60000000.0 5.09758E-6    143 200000000. 0.0           152 560000000. 0.0           161 920000000. 0.0       
   135 70000000.0 1.78227E-5    144 240000000. 0.0           153 600000000. 0.0           162 960000000. 0.0       
   136 80000000.0 2.94483E-5    145 280000000. 0.0           154 640000000. 0.0           163 1.00000E+9
   137 90000000.0 3.34813E-5    146 320000000. 0.0           155 680000000. 0.0       
 
                                                     MT=  5
 MAT 2049                         0.0        Kelvin Unshielded Cross Sections                          20-Ca-48 

   No.  Group-eV   Average      No.  Group-eV   Average      No.  Group-eV   Average      No.  Group-eV   Average

   127 30000000.0 4.6147E-12    137 90000000.0 2.86005E-5    147 360000000. 0.0           157 760000000. 0.0       
   128 35000000.0 1.8922E-10    138 100000000. 3.17255E-5    148 400000000. 0.0           158 800000000. 0.0       
   129 40000000.0 4.1149E-10    139 120000000. 2.64575E-5    149 440000000. 0.0           159 840000000. 0.0       
   130 45000000.0 6.0065E-10    140 140000000. 0.0           150 480000000. 0.0           160 880000000. 0.0       
   131 50000000.0 8.57337E-7    141 160000000. 0.0           151 520000000. 0.0           161 920000000. 0.0       
   132 54000000.0 1.92122E-6    142 180000000. 0.0           152 560000000. 0.0           162 960000000. 0.0       
   133 55000000.0 7.79799E-6    143 200000000. 0.0           153 600000000. 0.0           163 1.00000E+9
   134 60000000.0 2.89386E-5    144 240000000. 0.0           154 640000000. 0.0       
   135 70000000.0 4.05700E-5    145 280000000. 0.0           155 680000000. 0.0       
   136 80000000.0 3.12315E-5    146 320000000. 0.0           156 720000000. 0.0       
 
                                                     MT=  5
 MAT 2049                         0.0        Kelvin Unshielded Cross Sections                          20-Ca-48 

   No.  Group-eV   Average      No.  Group-eV   Average      No.  Group-eV   Average      No.  Group-eV   Average

   128 35000000.0 6.08102E-9    137 90000000.0 5.37346E-6    146 320000000. 0.0           155 680000000. 0.0       
   129 40000000.0 1.78080E-8    138 100000000. 4.44829E-6    147 360000000. 0.0           156 720000000. 0.0       
   130 45000000.0 2.76314E-8    139 120000000. 3.54362E-6    148 400000000. 0.0           157 760000000. 0.0       
   131 50000000.0 1.29038E-6    140 140000000. 0.0           149 440000000. 0.0           158 800000000. 0.0       
   132 54000000.0 2.85280E-6    141 160000000. 0.0           150 480000000. 0.0           159 840000000. 0.0       
   133 55000000.0 4.93395E-6    142 180000000. 0.0           151 520000000. 0.0           160 880000000. 0.0       
   134 60000000.0 8.52913E-6    143 200000000. 0.0           152 560000000. 0.0           161 920000000. 0.0       
   135 70000000.0 8.47589E-6    144 240000000. 0.0           153 600000000. 0.0           162 960000000. 0.0       
   136 80000000.0 6.89890E-6    145 280000000. 0.0           154 640000000. 0.0           163 1.00000E+9
 
                                                     MT=  5
 MAT 2049                         0.0        Kelvin Unshielded Cross Sections                          20-Ca-48 

   No.  Group-eV   Average      No.  Group-eV   Average      No.  Group-eV   Average      No.  Group-eV   Average

   127 30000000.0 3.4565E-10    137 90000000.0 4.62157E-7    147 360000000. 0.0           157 760000000. 0.0       
   128 35000000.0 1.04951E-9    138 100000000. 4.37980E-7    148 400000000. 0.0           158 800000000. 0.0       
   129 40000000.0 1.55479E-9    139 120000000. 8.71673E-7    149 440000000. 0.0           159 840000000. 0.0       
   130 45000000.0 3.15215E-8    140 140000000. 0.0           150 480000000. 0.0           160 880000000. 0.0       
   131 50000000.0 7.47791E-8    141 160000000. 0.0           151 520000000. 0.0           161 920000000. 0.0       
   132 54000000.0 9.20586E-8    142 180000000. 0.0           152 560000000. 0.0           162 960000000. 0.0       
   133 55000000.0 1.01381E-7    143 200000000. 0.0           153 600000000. 0.0           163 1.00000E+9
   134 60000000.0 1.74076E-7    144 240000000. 0.0           154 640000000. 0.0       
   135 70000000.0 4.05478E-7    145 280000000. 0.0           155 680000000. 0.0       
   136 80000000.0 5.00054E-7    146 320000000. 0.0           156 720000000. 0.0       
 
                                                     MT=  5
 MAT 2049                         0.0        Kelvin Unshielded Cross Sections                          20-Ca-48 

   No.  Group-eV   Average      No.  Group-eV   Average      No.  Group-eV   Average      No.  Group-eV   Average

   130 45000000.0 1.7607E-12    139 120000000. 1.19582E-7    148 400000000. 0.0           157 760000000. 0.0       
   131 50000000.0 7.5536E-12    140 140000000. 0.0           149 440000000. 0.0           158 800000000. 0.0       
   132 54000000.0 1.0768E-11    141 160000000. 0.0           150 480000000. 0.0           159 840000000. 0.0       
   133 55000000.0 1.4397E-11    142 180000000. 0.0           151 520000000. 0.0           160 880000000. 0.0       
   134 60000000.0 2.36475E-8    143 200000000. 0.0           152 560000000. 0.0           161 920000000. 0.0       
   135 70000000.0 4.31334E-8    144 240000000. 0.0           153 600000000. 0.0           162 960000000. 0.0       
   136 80000000.0 3.79412E-8    145 280000000. 0.0           154 640000000. 0.0           163 1.00000E+9
   137 90000000.0 4.61599E-8    146 320000000. 0.0           155 680000000. 0.0       
   138 100000000. 8.30492E-8    147 360000000. 0.0           156 720000000. 0.0       
 
                                                     MT=  5
 MAT 2049                         0.0        Kelvin Unshielded Cross Sections                          20-Ca-48 

   No.  Group-eV   Average      No.  Group-eV   Average      No.  Group-eV   Average      No.  Group-eV   Average

   127 30000000.0 1.9755E-16    137 90000000.0 1.92395E-9    147 360000000. 0.0           157 760000000. 0.0       
   128 35000000.0 1.9418E-15    138 100000000. 2.81752E-9    148 400000000. 0.0           158 800000000. 0.0       
   129 40000000.0 3.5184E-15    139 120000000. 2.23054E-9    149 440000000. 0.0           159 840000000. 0.0       
   130 45000000.0 4.8918E-15    140 140000000. 0.0           150 480000000. 0.0           160 880000000. 0.0       
   131 50000000.0 6.0868E-15    141 160000000. 0.0           151 520000000. 0.0           161 920000000. 0.0       
   132 54000000.0 6.7466E-15    142 180000000. 0.0           152 560000000. 0.0           162 960000000. 0.0       
   133 55000000.0 7.5126E-15    143 200000000. 0.0           153 600000000. 0.0           163 1.00000E+9
   134 60000000.0 9.0458E-12    144 240000000. 0.0           154 640000000. 0.0       
   135 70000000.0 5.5158E-11    145 280000000. 0.0           155 680000000. 0.0       
   136 80000000.0 5.3976E-10    146 320000000. 0.0           156 720000000. 0.0       
 
                                                     MT=  5
 MAT 2049                         0.0        Kelvin Unshielded Cross Sections                          20-Ca-48 

   No.  Group-eV   Average      No.  Group-eV   Average      No.  Group-eV   Average      No.  Group-eV   Average

   128 35000000.0 4.72493E-7    137 90000000.0 1.10024E-4    146 320000000. 0.0           155 680000000. 0.0       
   129 40000000.0 4.18411E-6    138 100000000. 9.34935E-5    147 360000000. 0.0           156 720000000. 0.0       
   130 45000000.0 7.91877E-6    139 120000000. 7.26717E-5    148 400000000. 0.0           157 760000000. 0.0       
   131 50000000.0 6.93556E-5    140 140000000. 0.0           149 440000000. 0.0           158 800000000. 0.0       
   132 54000000.0 1.43482E-4    141 160000000. 0.0           150 480000000. 0.0           159 840000000. 0.0       
   133 55000000.0 2.21826E-4    142 180000000. 0.0           151 520000000. 0.0           160 880000000. 0.0       
   134 60000000.0 3.18914E-4    143 200000000. 0.0           152 560000000. 0.0           161 920000000. 0.0       
   135 70000000.0 2.34611E-4    144 240000000. 0.0           153 600000000. 0.0           162 960000000. 0.0       
   136 80000000.0 1.41533E-4    145 280000000. 0.0           154 640000000. 0.0           163 1.00000E+9
 
                                                     MT=  5
 MAT 2049                         0.0        Kelvin Unshielded Cross Sections                          20-Ca-48 

   No.  Group-eV   Average      No.  Group-eV   Average      No.  Group-eV   Average      No.  Group-eV   Average

   126 28000000.0 8.42512E-8    136 80000000.0 1.08476E-4    146 320000000. 0.0           156 720000000. 0.0       
   127 30000000.0 3.61337E-7    137 90000000.0 9.54704E-5    147 360000000. 0.0           157 760000000. 0.0       
   128 35000000.0 2.59020E-5    138 100000000. 8.67423E-5    148 400000000. 0.0           158 800000000. 0.0       
   129 40000000.0 1.59940E-4    139 120000000. 8.63875E-5    149 440000000. 0.0           159 840000000. 0.0       
   130 45000000.0 3.02997E-4    140 140000000. 0.0           150 480000000. 0.0           160 880000000. 0.0       
   131 50000000.0 3.69741E-4    141 160000000. 0.0           151 520000000. 0.0           161 920000000. 0.0       
   132 54000000.0 3.80599E-4    142 180000000. 0.0           152 560000000. 0.0           162 960000000. 0.0       
   133 55000000.0 3.46931E-4    143 200000000. 0.0           153 600000000. 0.0           163 1.00000E+9
   134 60000000.0 2.31238E-4    144 240000000. 0.0           154 640000000. 0.0       
   135 70000000.0 1.37138E-4    145 280000000. 0.0           155 680000000. 0.0       
 
                                                     MT=  5
 MAT 2049                         0.0        Kelvin Unshielded Cross Sections                          20-Ca-48 

   No.  Group-eV   Average      No.  Group-eV   Average      No.  Group-eV   Average      No.  Group-eV   Average

   123 22000000.0 1.65532E-7    134 60000000.0 2.69006E-5    145 280000000. 0.0           156 720000000. 0.0       
   124 24000000.0 6.23034E-7    135 70000000.0 2.44115E-5    146 320000000. 0.0           157 760000000. 0.0       
   125 26000000.0 7.92529E-7    136 80000000.0 2.20127E-5    147 360000000. 0.0           158 800000000. 0.0       
   126 28000000.0 8.53689E-7    137 90000000.0 2.60004E-5    148 400000000. 0.0           159 840000000. 0.0       
   127 30000000.0 2.72945E-5    138 100000000. 3.80768E-5    149 440000000. 0.0           160 880000000. 0.0       
   128 35000000.0 9.33404E-5    139 120000000. 4.17209E-5    150 480000000. 0.0           161 920000000. 0.0       
   129 40000000.0 8.94779E-5    140 140000000. 0.0           151 520000000. 0.0           162 960000000. 0.0       
   130 45000000.0 5.99658E-5    141 160000000. 0.0           152 560000000. 0.0           163 1.00000E+9
   131 50000000.0 3.95333E-5    142 180000000. 0.0           153 600000000. 0.0       
   132 54000000.0 3.26752E-5    143 200000000. 0.0           154 640000000. 0.0       
   133 55000000.0 2.87224E-5    144 240000000. 0.0           155 680000000. 0.0       
 
                                                     MT=  5
 MAT 2049                         0.0        Kelvin Unshielded Cross Sections                          20-Ca-48 

   No.  Group-eV   Average      No.  Group-eV   Average      No.  Group-eV   Average      No.  Group-eV   Average

   116 14000000.0 1.4114E-11    128 35000000.0 8.79801E-6    140 140000000. 0.0           152 560000000. 0.0       
   117 15000000.0 1.0088E-10    129 40000000.0 4.83298E-6    141 160000000. 0.0           153 600000000. 0.0       
   118 16000000.0 2.8928E-10    130 45000000.0 6.68047E-6    142 180000000. 0.0           154 640000000. 0.0       
   119 17000000.0 6.4310E-10    131 50000000.0 9.67946E-6    143 200000000. 0.0           155 680000000. 0.0       
   120 18000000.0 1.17660E-9    132 54000000.0 1.13551E-5    144 240000000. 0.0           156 720000000. 0.0       
   121 19000000.0 1.73712E-9    133 55000000.0 1.31573E-5    145 280000000. 0.0           157 760000000. 0.0       
   122 20000000.0 1.95088E-9    134 60000000.0 1.66759E-5    146 320000000. 0.0           158 800000000. 0.0       
   123 22000000.0 5.16899E-6    135 70000000.0 2.34205E-5    147 360000000. 0.0           159 840000000. 0.0       
   124 24000000.0 1.21961E-5    136 80000000.0 3.37320E-5    148 400000000. 0.0           160 880000000. 0.0       
   125 26000000.0 1.83138E-5    137 90000000.0 4.07683E-5    149 440000000. 0.0           161 920000000. 0.0       
   126 28000000.0 2.38717E-5    138 100000000. 4.04998E-5    150 480000000. 0.0           162 960000000. 0.0       
   127 30000000.0 2.16849E-5    139 120000000. 3.35410E-5    151 520000000. 0.0           163 1.00000E+9
 
                                                     MT=  5
 MAT 2049                         0.0        Kelvin Unshielded Cross Sections                          20-Ca-48 

   No.  Group-eV   Average      No.  Group-eV   Average      No.  Group-eV   Average      No.  Group-eV   Average

   126 28000000.0 6.1719E-13    136 80000000.0 1.99939E-5    146 320000000. 0.0           156 720000000. 0.0       
   127 30000000.0 1.5597E-11    137 90000000.0 1.90145E-5    147 360000000. 0.0           157 760000000. 0.0       
   128 35000000.0 7.59120E-8    138 100000000. 1.76547E-5    148 400000000. 0.0           158 800000000. 0.0       
   129 40000000.0 6.56858E-7    139 120000000. 1.50770E-5    149 440000000. 0.0           159 840000000. 0.0       
   130 45000000.0 1.50041E-6    140 140000000. 0.0           150 480000000. 0.0           160 880000000. 0.0       
   131 50000000.0 3.35874E-6    141 160000000. 0.0           151 520000000. 0.0           161 920000000. 0.0       
   132 54000000.0 4.85709E-6    142 180000000. 0.0           152 560000000. 0.0           162 960000000. 0.0       
   133 55000000.0 7.52369E-6    143 200000000. 0.0           153 600000000. 0.0           163 1.00000E+9
   134 60000000.0 1.44480E-5    144 240000000. 0.0           154 640000000. 0.0       
   135 70000000.0 1.97436E-5    145 280000000. 0.0           155 680000000. 0.0       
 
                                                     MT=  5
 MAT 2049                         0.0        Kelvin Unshielded Cross Sections                          20-Ca-48 

   No.  Group-eV   Average      No.  Group-eV   Average      No.  Group-eV   Average      No.  Group-eV   Average

   126 28000000.0 2.41882E-7    136 80000000.0 1.92519E-5    146 320000000. 0.0           156 720000000. 0.0       
   127 30000000.0 2.76711E-6    137 90000000.0 1.85225E-5    147 360000000. 0.0           157 760000000. 0.0       
   128 35000000.0 6.39840E-6    138 100000000. 1.73709E-5    148 400000000. 0.0           158 800000000. 0.0       
   129 40000000.0 9.85606E-6    139 120000000. 1.56507E-5    149 440000000. 0.0           159 840000000. 0.0       
   130 45000000.0 1.34926E-5    140 140000000. 0.0           150 480000000. 0.0           160 880000000. 0.0       
   131 50000000.0 1.62650E-5    141 160000000. 0.0           151 520000000. 0.0           161 920000000. 0.0       
   132 54000000.0 1.75544E-5    142 180000000. 0.0           152 560000000. 0.0           162 960000000. 0.0       
   133 55000000.0 1.84774E-5    143 200000000. 0.0           153 600000000. 0.0           163 1.00000E+9
   134 60000000.0 1.95060E-5    144 240000000. 0.0           154 640000000. 0.0       
   135 70000000.0 1.96685E-5    145 280000000. 0.0           155 680000000. 0.0       
 
                                                     MT=  5
 MAT 2049                         0.0        Kelvin Unshielded Cross Sections                          20-Ca-48 

   No.  Group-eV   Average      No.  Group-eV   Average      No.  Group-eV   Average      No.  Group-eV   Average

   123 22000000.0 1.42592E-7    134 60000000.0 4.76409E-4    145 280000000. 0.0           156 720000000. 0.0       
   124 24000000.0 4.52511E-7    135 70000000.0 4.01554E-4    146 320000000. 0.0           157 760000000. 0.0       
   125 26000000.0 5.54644E-7    136 80000000.0 3.46844E-4    147 360000000. 0.0           158 800000000. 0.0       
   126 28000000.0 4.65830E-6    137 90000000.0 3.03425E-4    148 400000000. 0.0           159 840000000. 0.0       
   127 30000000.0 2.54250E-5    138 100000000. 2.55044E-4    149 440000000. 0.0           160 880000000. 0.0       
   128 35000000.0 9.98385E-5    139 120000000. 2.03103E-4    150 480000000. 0.0           161 920000000. 0.0       
   129 40000000.0 2.43682E-4    140 140000000. 0.0           151 520000000. 0.0           162 960000000. 0.0       
   130 45000000.0 3.90987E-4    141 160000000. 0.0           152 560000000. 0.0           163 1.00000E+9
   131 50000000.0 4.81282E-4    142 180000000. 0.0           153 600000000. 0.0       
   132 54000000.0 5.16203E-4    143 200000000. 0.0           154 640000000. 0.0       
   133 55000000.0 5.17921E-4    144 240000000. 0.0           155 680000000. 0.0       
 
                                                     MT=  5
 MAT 2049                         0.0        Kelvin Unshielded Cross Sections                          20-Ca-48 

   No.  Group-eV   Average      No.  Group-eV   Average      No.  Group-eV   Average      No.  Group-eV   Average

   122 20000000.0 2.2584E-16    133 55000000.0 2.31728E-4    144 240000000. 0.0           155 680000000. 0.0       
   123 22000000.0 1.9991E-14    134 60000000.0 2.10894E-4    145 280000000. 0.0           156 720000000. 0.0       
   124 24000000.0 3.6832E-14    135 70000000.0 1.93960E-4    146 320000000. 0.0           157 760000000. 0.0       
   125 26000000.0 3.22491E-5    136 80000000.0 1.80220E-4    147 360000000. 0.0           158 800000000. 0.0       
   126 28000000.0 8.29654E-5    137 90000000.0 1.61613E-4    148 400000000. 0.0           159 840000000. 0.0       
   127 30000000.0 1.75157E-4    138 100000000. 1.35725E-4    149 440000000. 0.0           160 880000000. 0.0       
   128 35000000.0 3.03464E-4    139 120000000. 1.07396E-4    150 480000000. 0.0           161 920000000. 0.0       
   129 40000000.0 3.10646E-4    140 140000000. 0.0           151 520000000. 0.0           162 960000000. 0.0       
   130 45000000.0 2.76794E-4    141 160000000. 0.0           152 560000000. 0.0           163 1.00000E+9
   131 50000000.0 2.51498E-4    142 180000000. 0.0           153 600000000. 0.0       
   132 54000000.0 2.40662E-4    143 200000000. 0.0           154 640000000. 0.0       
 
                                                     MT=  5
 MAT 2049                         0.0        Kelvin Unshielded Cross Sections                          20-Ca-48 

   No.  Group-eV   Average      No.  Group-eV   Average      No.  Group-eV   Average      No.  Group-eV   Average

   117 15000000.0 1.14246E-7    129 40000000.0 1.77666E-4    141 160000000. 0.0           153 600000000. 0.0       
   118 16000000.0 2.31931E-6    130 45000000.0 1.62583E-4    142 180000000. 0.0           154 640000000. 0.0       
   119 17000000.0 8.23959E-6    131 50000000.0 1.51730E-4    143 200000000. 0.0           155 680000000. 0.0       
   120 18000000.0 1.80261E-5    132 54000000.0 1.45587E-4    144 240000000. 0.0           156 720000000. 0.0       
   121 19000000.0 2.92703E-5    133 55000000.0 1.38910E-4    145 280000000. 0.0           157 760000000. 0.0       
   122 20000000.0 1.51812E-4    134 60000000.0 1.23824E-4    146 320000000. 0.0           158 800000000. 0.0       
   123 22000000.0 2.70185E-4    135 70000000.0 1.05563E-4    147 360000000. 0.0           159 840000000. 0.0       
   124 24000000.0 3.02720E-4    136 80000000.0 9.03501E-5    148 400000000. 0.0           160 880000000. 0.0       
   125 26000000.0 3.09914E-4    137 90000000.0 8.21387E-5    149 440000000. 0.0           161 920000000. 0.0       
   126 28000000.0 2.98882E-4    138 100000000. 6.70268E-5    150 480000000. 0.0           162 960000000. 0.0       
   127 30000000.0 2.57260E-4    139 120000000. 4.82928E-5    151 520000000. 0.0           163 1.00000E+9
   128 35000000.0 2.04309E-4    140 140000000. 0.0           152 560000000. 0.0       
 
                                                     MT=  5
 MAT 2049                         0.0        Kelvin Unshielded Cross Sections                          20-Ca-48 

   No.  Group-eV   Average      No.  Group-eV   Average      No.  Group-eV   Average      No.  Group-eV   Average

   130 45000000.0 3.54613E-8    139 120000000. 8.46372E-5    148 400000000. 0.0           157 760000000. 0.0       
   131 50000000.0 9.69635E-6    140 140000000. 0.0           149 440000000. 0.0           158 800000000. 0.0       
   132 54000000.0 2.16232E-5    141 160000000. 0.0           150 480000000. 0.0           159 840000000. 0.0       
   133 55000000.0 4.68525E-5    142 180000000. 0.0           151 520000000. 0.0           160 880000000. 0.0       
   134 60000000.0 1.19563E-4    143 200000000. 0.0           152 560000000. 0.0           161 920000000. 0.0       
   135 70000000.0 1.99470E-4    144 240000000. 0.0           153 600000000. 0.0           162 960000000. 0.0       
   136 80000000.0 2.13185E-4    145 280000000. 0.0           154 640000000. 0.0           163 1.00000E+9
   137 90000000.0 1.78244E-4    146 320000000. 0.0           155 680000000. 0.0       
   138 100000000. 1.22798E-4    147 360000000. 0.0           156 720000000. 0.0       
 
                                                     MT=  5
 MAT 2049                         0.0        Kelvin Unshielded Cross Sections                          20-Ca-48 

   No.  Group-eV   Average      No.  Group-eV   Average      No.  Group-eV   Average      No.  Group-eV   Average

   128 35000000.0 3.06983E-5    137 90000000.0 3.43227E-4    146 320000000. 0.0           155 680000000. 0.0       
   129 40000000.0 3.41854E-4    138 100000000. 2.55704E-4    147 360000000. 0.0           156 720000000. 0.0       
   130 45000000.0 7.31373E-4    139 120000000. 1.78115E-4    148 400000000. 0.0           157 760000000. 0.0       
   131 50000000.0 9.54139E-4    140 140000000. 0.0           149 440000000. 0.0           158 800000000. 0.0       
   132 54000000.0 .001040074    141 160000000. 0.0           150 480000000. 0.0           159 840000000. 0.0       
   133 55000000.0 9.98755E-4    142 180000000. 0.0           151 520000000. 0.0           160 880000000. 0.0       
   134 60000000.0 8.04226E-4    143 200000000. 0.0           152 560000000. 0.0           161 920000000. 0.0       
   135 70000000.0 5.65512E-4    144 240000000. 0.0           153 600000000. 0.0           162 960000000. 0.0       
   136 80000000.0 4.25972E-4    145 280000000. 0.0           154 640000000. 0.0           163 1.00000E+9
 
                                                     MT=  5
 MAT 2049                         0.0        Kelvin Unshielded Cross Sections                          20-Ca-48 

   No.  Group-eV   Average      No.  Group-eV   Average      No.  Group-eV   Average      No.  Group-eV   Average

   125 26000000.0 7.05392E-6    135 70000000.0 4.15626E-4    145 280000000. 0.0           155 680000000. 0.0       
   126 28000000.0 1.74686E-4    136 80000000.0 3.37456E-4    146 320000000. 0.0           156 720000000. 0.0       
   127 30000000.0 .001512922    137 90000000.0 2.76144E-4    147 360000000. 0.0           157 760000000. 0.0       
   128 35000000.0 .002819758    138 100000000. 2.17014E-4    148 400000000. 0.0           158 800000000. 0.0       
   129 40000000.0 .002449144    139 120000000. 1.56562E-4    149 440000000. 0.0           159 840000000. 0.0       
   130 45000000.0 .001718394    140 140000000. 0.0           150 480000000. 0.0           160 880000000. 0.0       
   131 50000000.0 .001210531    141 160000000. 0.0           151 520000000. 0.0           161 920000000. 0.0       
   132 54000000.0 9.89892E-4    142 180000000. 0.0           152 560000000. 0.0           162 960000000. 0.0       
   133 55000000.0 8.29399E-4    143 200000000. 0.0           153 600000000. 0.0           163 1.00000E+9
   134 60000000.0 5.75701E-4    144 240000000. 0.0           154 640000000. 0.0       
 
                                                     MT=  5
 MAT 2049                         0.0        Kelvin Unshielded Cross Sections                          20-Ca-48 

   No.  Group-eV   Average      No.  Group-eV   Average      No.  Group-eV   Average      No.  Group-eV   Average

   119 17000000.0 .001096116    131 50000000.0 8.28272E-4    143 200000000. 0.0           155 680000000. 0.0       
   120 18000000.0 .011106909    132 54000000.0 7.45641E-4    144 240000000. 0.0           156 720000000. 0.0       
   121 19000000.0 .030592273    133 55000000.0 6.74413E-4    145 280000000. 0.0           157 760000000. 0.0       
   122 20000000.0 .044975983    134 60000000.0 5.49230E-4    146 320000000. 0.0           158 800000000. 0.0       
   123 22000000.0 .037236004    135 70000000.0 4.58598E-4    147 360000000. 0.0           159 840000000. 0.0       
   124 24000000.0 .025012945    136 80000000.0 3.92290E-4    148 400000000. 0.0           160 880000000. 0.0       
   125 26000000.0 .017214289    137 90000000.0 3.27591E-4    149 440000000. 0.0           161 920000000. 0.0       
   126 28000000.0 .012314060    138 100000000. 2.45057E-4    150 480000000. 0.0           162 960000000. 0.0       
   127 30000000.0 .007081393    139 120000000. 1.75560E-4    151 520000000. 0.0           163 1.00000E+9
   128 35000000.0 .002973233    140 140000000. 0.0           152 560000000. 0.0       
   129 40000000.0 .001586040    141 160000000. 0.0           153 600000000. 0.0       
   130 45000000.0 .001065036    142 180000000. 0.0           154 640000000. 0.0       
 
                                                     MT=  5
 MAT 2049                         0.0        Kelvin Unshielded Cross Sections                          20-Ca-48 

   No.  Group-eV   Average      No.  Group-eV   Average      No.  Group-eV   Average      No.  Group-eV   Average

   111 9800000.00 8.66661E-6    125 26000000.0 .002148298    139 120000000. 7.58868E-5    153 600000000. 0.0       
   112 10000000.0 .001277788    126 28000000.0 .001252837    140 140000000. 0.0           154 640000000. 0.0       
   113 11000000.0 .003200665    127 30000000.0 7.20942E-4    141 160000000. 0.0           155 680000000. 0.0       
   114 12000000.0 .005743499    128 35000000.0 4.44708E-4    142 180000000. 0.0           156 720000000. 0.0       
   115 13000000.0 .009410466    129 40000000.0 3.57709E-4    143 200000000. 0.0           157 760000000. 0.0       
   116 14000000.0 .015700162    130 45000000.0 3.11835E-4    144 240000000. 0.0           158 800000000. 0.0       
   117 15000000.0 .024649964    131 50000000.0 2.79833E-4    145 280000000. 0.0           159 840000000. 0.0       
   118 16000000.0 .036071463    132 54000000.0 2.62028E-4    146 320000000. 0.0           160 880000000. 0.0       
   119 17000000.0 .050684250    133 55000000.0 2.44734E-4    147 360000000. 0.0           161 920000000. 0.0       
   120 18000000.0 .062647382    134 60000000.0 2.09301E-4    148 400000000. 0.0           162 960000000. 0.0       
   121 19000000.0 .063534329    135 70000000.0 1.73494E-4    149 440000000. 0.0           163 1.00000E+9
   122 20000000.0 .040570289    136 80000000.0 1.55916E-4    150 480000000. 0.0       
   123 22000000.0 .013584931    137 90000000.0 1.36470E-4    151 520000000. 0.0       
   124 24000000.0 .004719252    138 100000000. 1.04373E-4    152 560000000. 0.0       
 
