 ENDF Activation Cross Sections (ACTIVATE 2019-1)
 ------------------------------------------------------------------------------
 ENDF Input and Output Data Filenames
 ------------------------------------------------------------------------------
 ACTIVATE.IN                                                             
 ACTIVATE.OUT                                                            
 ------------------------------------------------------------------------------
 ENDF Tape Label
 ------------------------------------------------------------------------------
  JENDL/PD-2016.1  U -236                                             1
 ------------------------------------------------------------------------------
   Material  MAT  MF  MT  ENDF    ZAP Final      Q-Value Points Points
                          Format      State           eV     In    Out
 ------------------------------------------------------------------------------
  92-U -236 9231  10   5   6        1     0   0.0            90     90
  92-U -236 9231  10   5   6     1001     0   0.0            90     90
  92-U -236 9231  10   5   6     1002     0   0.0            90     90
  92-U -236 9231  10   5   6     1003     0   0.0            90     90
  92-U -236 9231  10   5   6     2003     0   0.0            90     90
  92-U -236 9231  10   5   6     2004     0   0.0            90     90
  92-U -236 9231  10   5   6    78204     0   0.0            90     90
  92-U -236 9231  10   5   6    78205     0   0.0            90     90
  92-U -236 9231  10   5   6    78206     0   0.0            90     90
  92-U -236 9231  10   5   6    79205     0   0.0            90     90
  92-U -236 9231  10   5   6    79206     0   0.0            90     90
  92-U -236 9231  10   5   6    79207     0   0.0            90     90
  92-U -236 9231  10   5   6    79208     0   0.0            90     90
  92-U -236 9231  10   5   6    79209     0   0.0            90     90
  92-U -236 9231  10   5   6    79210     0   0.0            90     90
  92-U -236 9231  10   5   6    80206     0   0.0            90     90
  92-U -236 9231  10   5   6    80207     0   0.0            90     90
  92-U -236 9231  10   5   6    80208     0   0.0            90     90
  92-U -236 9231  10   5   6    80209     0   0.0            90     90
  92-U -236 9231  10   5   6    80210     0   0.0            90     90
  92-U -236 9231  10   5   6    80211     0   0.0            90     90
  92-U -236 9231  10   5   6    80212     0   0.0            90     90
  92-U -236 9231  10   5   6    80213     0   0.0            90     90
  92-U -236 9231  10   5   6    80214     0   0.0            90     90
  92-U -236 9231  10   5   6    80215     0   0.0            90     90
  92-U -236 9231  10   5   6    80216     0   0.0            90     90
  92-U -236 9231  10   5   6    81207     0   0.0            90     90
  92-U -236 9231  10   5   6    81207     1   0.0            90     90
  92-U -236 9231  10   5   6    81208     0   0.0            90     90
  92-U -236 9231  10   5   6    81209     0   0.0            90     90
  92-U -236 9231  10   5   6    81210     0   0.0            90     90
  92-U -236 9231  10   5   6    81211     0   0.0            90     90
  92-U -236 9231  10   5   6    81212     0   0.0            90     90
  92-U -236 9231  10   5   6    81213     0   0.0            90     90
  92-U -236 9231  10   5   6    81214     0   0.0            90     90
  92-U -236 9231  10   5   6    81215     0   0.0            90     90
  92-U -236 9231  10   5   6    81216     0   0.0            90     90
  92-U -236 9231  10   5   6    81217     0   0.0            90     90
  92-U -236 9231  10   5   6    81218     0   0.0            90     90
  92-U -236 9231  10   5   6    82208     0   0.0            90     90
  92-U -236 9231  10   5   6    82209     0   0.0            90     90
  92-U -236 9231  10   5   6    82210     0   0.0            90     90
  92-U -236 9231  10   5   6    82211     0   0.0            90     90
  92-U -236 9231  10   5   6    82212     0   0.0            90     90
  92-U -236 9231  10   5   6    82213     0   0.0            90     90
  92-U -236 9231  10   5   6    82214     0   0.0            90     90
  92-U -236 9231  10   5   6    82215     0   0.0            90     90
  92-U -236 9231  10   5   6    82216     0   0.0            90     90
  92-U -236 9231  10   5   6    82217     0   0.0            90     90
  92-U -236 9231  10   5   6    82218     0   0.0            90     90
  92-U -236 9231  10   5   6    82219     0   0.0            90     90
  92-U -236 9231  10   5   6    82220     0   0.0            90     90
  92-U -236 9231  10   5   6    83209     0   0.0            90     90
  92-U -236 9231  10   5   6    83210     0   0.0            90     90
  92-U -236 9231  10   5   6    83210     1   0.0            90     90
  92-U -236 9231  10   5   6    83211     0   0.0            90     90
  92-U -236 9231  10   5   6    83212     0   0.0            90     90
  92-U -236 9231  10   5   6    83213     0   0.0            90     90
  92-U -236 9231  10   5   6    83214     0   0.0            90     90
  92-U -236 9231  10   5   6    83215     0   0.0            90     90
  92-U -236 9231  10   5   6    83216     0   0.0            90     90
  92-U -236 9231  10   5   6    83216     1   0.0            90     90
  92-U -236 9231  10   5   6    83217     0   0.0            90     90
  92-U -236 9231  10   5   6    83218     0   0.0            90     90
  92-U -236 9231  10   5   6    83219     0   0.0            90     90
  92-U -236 9231  10   5   6    83220     0   0.0            90     90
  92-U -236 9231  10   5   6    83221     0   0.0            90     90
  92-U -236 9231  10   5   6    83222     0   0.0            90     90
  92-U -236 9231  10   5   6    83223     0   0.0            90     90
  92-U -236 9231  10   5   6    84210     0   0.0            90     90
  92-U -236 9231  10   5   6    84211     0   0.0            90     90
  92-U -236 9231  10   5   6    84211     1   0.0            90     90
  92-U -236 9231  10   5   6    84212     0   0.0            90     90
  92-U -236 9231  10   5   6    84213     0   0.0            90     90
  92-U -236 9231  10   5   6    84214     0   0.0            90     90
  92-U -236 9231  10   5   6    84215     0   0.0            90     90
  92-U -236 9231  10   5   6    84216     0   0.0            90     90
  92-U -236 9231  10   5   6    84217     0   0.0            90     90
  92-U -236 9231  10   5   6    84218     0   0.0            90     90
  92-U -236 9231  10   5   6    84219     0   0.0            90     90
  92-U -236 9231  10   5   6    84220     0   0.0            90     90
  92-U -236 9231  10   5   6    84221     0   0.0            90     90
  92-U -236 9231  10   5   6    84222     0   0.0            90     90
  92-U -236 9231  10   5   6    84223     0   0.0            90     90
  92-U -236 9231  10   5   6    84224     0   0.0            90     90
  92-U -236 9231  10   5   6    84225     0   0.0            90     90
  92-U -236 9231  10   5   6    84226     0   0.0            90     90
  92-U -236 9231  10   5   6    85211     0   0.0            90     90
  92-U -236 9231  10   5   6    85212     0   0.0            90     90
  92-U -236 9231  10   5   6    85212     1   0.0            90     90
  92-U -236 9231  10   5   6    85213     0   0.0            90     90
  92-U -236 9231  10   5   6    85214     0   0.0            90     90
  92-U -236 9231  10   5   6    85215     0   0.0            90     90
  92-U -236 9231  10   5   6    85216     0   0.0            90     90
  92-U -236 9231  10   5   6    85217     0   0.0            90     90
  92-U -236 9231  10   5   6    85218     0   0.0            90     90
  92-U -236 9231  10   5   6    85219     0   0.0            90     90
  92-U -236 9231  10   5   6    85220     0   0.0            90     90
  92-U -236 9231  10   5   6    85221     0   0.0            90     90
  92-U -236 9231  10   5   6    85222     0   0.0            90     90
  92-U -236 9231  10   5   6    85223     0   0.0            90     90
  92-U -236 9231  10   5   6    85224     0   0.0            90     90
  92-U -236 9231  10   5   6    85225     0   0.0            90     90
  92-U -236 9231  10   5   6    85226     0   0.0            90     90
  92-U -236 9231  10   5   6    85227     0   0.0            90     90
  92-U -236 9231  10   5   6    85228     0   0.0            90     90
  92-U -236 9231  10   5   6    86212     0   0.0            90     90
  92-U -236 9231  10   5   6    86213     0   0.0            90     90
  92-U -236 9231  10   5   6    86214     0   0.0            90     90
  92-U -236 9231  10   5   6    86215     0   0.0            90     90
  92-U -236 9231  10   5   6    86216     0   0.0            90     90
  92-U -236 9231  10   5   6    86217     0   0.0            90     90
  92-U -236 9231  10   5   6    86218     0   0.0            90     90
  92-U -236 9231  10   5   6    86219     0   0.0            90     90
  92-U -236 9231  10   5   6    86220     0   0.0            90     90
  92-U -236 9231  10   5   6    86221     0   0.0            90     90
  92-U -236 9231  10   5   6    86222     0   0.0            90     90
  92-U -236 9231  10   5   6    86223     0   0.0            90     90
  92-U -236 9231  10   5   6    86224     0   0.0            90     90
  92-U -236 9231  10   5   6    86225     0   0.0            90     90
  92-U -236 9231  10   5   6    86226     0   0.0            90     90
  92-U -236 9231  10   5   6    86227     0   0.0            90     90
  92-U -236 9231  10   5   6    86228     0   0.0            90     90
  92-U -236 9231  10   5   6    86229     0   0.0            90     90
  92-U -236 9231  10   5   6    86230     0   0.0            90     90
  92-U -236 9231  10   5   6    87213     0   0.0            90     90
  92-U -236 9231  10   5   6    87214     0   0.0            90     90
  92-U -236 9231  10   5   6    87215     0   0.0            90     90
  92-U -236 9231  10   5   6    87216     0   0.0            90     90
  92-U -236 9231  10   5   6    87217     0   0.0            90     90
  92-U -236 9231  10   5   6    87218     0   0.0            90     90
  92-U -236 9231  10   5   6    87219     0   0.0            90     90
  92-U -236 9231  10   5   6    87220     0   0.0            90     90
  92-U -236 9231  10   5   6    87221     0   0.0            90     90
  92-U -236 9231  10   5   6    87222     0   0.0            90     90
  92-U -236 9231  10   5   6    87223     0   0.0            90     90
  92-U -236 9231  10   5   6    87224     0   0.0            90     90
  92-U -236 9231  10   5   6    87225     0   0.0            90     90
  92-U -236 9231  10   5   6    87226     0   0.0            90     90
  92-U -236 9231  10   5   6    87227     0   0.0            90     90
  92-U -236 9231  10   5   6    87228     0   0.0            90     90
  92-U -236 9231  10   5   6    87229     0   0.0            90     90
  92-U -236 9231  10   5   6    87230     0   0.0            90     90
  92-U -236 9231  10   5   6    87231     0   0.0            90     90
  92-U -236 9231  10   5   6    88214     0   0.0            90     90
  92-U -236 9231  10   5   6    88215     0   0.0            90     90
  92-U -236 9231  10   5   6    88216     0   0.0            90     90
  92-U -236 9231  10   5   6    88217     0   0.0            90     90
  92-U -236 9231  10   5   6    88218     0   0.0            90     90
  92-U -236 9231  10   5   6    88219     0   0.0            90     90
  92-U -236 9231  10   5   6    88220     0   0.0            90     90
  92-U -236 9231  10   5   6    88221     0   0.0            90     90
  92-U -236 9231  10   5   6    88222     0   0.0            90     90
  92-U -236 9231  10   5   6    88223     0   0.0            90     90
  92-U -236 9231  10   5   6    88224     0   0.0            90     90
  92-U -236 9231  10   5   6    88225     0   0.0            90     90
  92-U -236 9231  10   5   6    88226     0   0.0            90     90
  92-U -236 9231  10   5   6    88227     0   0.0            90     90
  92-U -236 9231  10   5   6    88228     0   0.0            90     90
  92-U -236 9231  10   5   6    88229     0   0.0            90     90
  92-U -236 9231  10   5   6    88230     0   0.0            90     90
  92-U -236 9231  10   5   6    88231     0   0.0            90     90
  92-U -236 9231  10   5   6    88232     0   0.0            90     90
  92-U -236 9231  10   5   6    89215     0   0.0            90     90
  92-U -236 9231  10   5   6    89216     0   0.0            90     90
  92-U -236 9231  10   5   6    89217     0   0.0            90     90
  92-U -236 9231  10   5   6    89218     0   0.0            90     90
  92-U -236 9231  10   5   6    89219     0   0.0            90     90
  92-U -236 9231  10   5   6    89220     0   0.0            90     90
  92-U -236 9231  10   5   6    89221     0   0.0            90     90
  92-U -236 9231  10   5   6    89222     0   0.0            90     90
  92-U -236 9231  10   5   6    89223     0   0.0            90     90
  92-U -236 9231  10   5   6    89224     0   0.0            90     90
  92-U -236 9231  10   5   6    89225     0   0.0            90     90
  92-U -236 9231  10   5   6    89226     0   0.0            90     90
  92-U -236 9231  10   5   6    89227     0   0.0            90     90
  92-U -236 9231  10   5   6    89228     0   0.0            90     90
  92-U -236 9231  10   5   6    89229     0   0.0            90     90
  92-U -236 9231  10   5   6    89230     0   0.0            90     90
  92-U -236 9231  10   5   6    89231     0   0.0            90     90
  92-U -236 9231  10   5   6    89232     0   0.0            90     90
  92-U -236 9231  10   5   6    89233     0   0.0            90     90
  92-U -236 9231  10   5   6    90216     0   0.0            90     90
  92-U -236 9231  10   5   6    90217     0   0.0            90     90
  92-U -236 9231  10   5   6    90218     0   0.0            90     90
  92-U -236 9231  10   5   6    90219     0   0.0            90     90
  92-U -236 9231  10   5   6    90220     0   0.0            90     90
  92-U -236 9231  10   5   6    90221     0   0.0            90     90
  92-U -236 9231  10   5   6    90222     0   0.0            90     90
  92-U -236 9231  10   5   6    90223     0   0.0            90     90
  92-U -236 9231  10   5   6    90224     0   0.0            90     90
  92-U -236 9231  10   5   6    90225     0   0.0            90     90
  92-U -236 9231  10   5   6    90226     0   0.0            90     90
  92-U -236 9231  10   5   6    90227     0   0.0            90     90
  92-U -236 9231  10   5   6    90228     0   0.0            90     90
  92-U -236 9231  10   5   6    90229     0   0.0            90     90
  92-U -236 9231  10   5   6    90230     0   0.0            90     90
  92-U -236 9231  10   5   6    90231     0   0.0            90     90
  92-U -236 9231  10   5   6    90232     0   0.0            90     90
  92-U -236 9231  10   5   6    90233     0   0.0            90     90
  92-U -236 9231  10   5   6    90234     0   0.0            90     90
  92-U -236 9231  10   5   6    91217     0   0.0            90     90
  92-U -236 9231  10   5   6    91218     0   0.0            90     90
  92-U -236 9231  10   5   6    91219     0   0.0            90     90
  92-U -236 9231  10   5   6    91220     0   0.0            90     90
  92-U -236 9231  10   5   6    91221     0   0.0            90     90
  92-U -236 9231  10   5   6    91222     0   0.0            90     90
  92-U -236 9231  10   5   6    91223     0   0.0            90     90
  92-U -236 9231  10   5   6    91224     0   0.0            90     90
  92-U -236 9231  10   5   6    91225     0   0.0            90     90
  92-U -236 9231  10   5   6    91226     0   0.0            90     90
  92-U -236 9231  10   5   6    91227     0   0.0            90     90
  92-U -236 9231  10   5   6    91228     0   0.0            90     90
  92-U -236 9231  10   5   6    91229     0   0.0            90     90
  92-U -236 9231  10   5   6    91230     0   0.0            90     90
  92-U -236 9231  10   5   6    91231     0   0.0            90     90
  92-U -236 9231  10   5   6    91232     0   0.0            90     90
  92-U -236 9231  10   5   6    91233     0   0.0            90     90
  92-U -236 9231  10   5   6    91234     0   0.0            90     90
  92-U -236 9231  10   5   6    91235     0   0.0            90     90
  92-U -236 9231  10   5   6    92218     0   0.0            90     90
  92-U -236 9231  10   5   6    92219     0   0.0            90     90
  92-U -236 9231  10   5   6    92220     0   0.0            90     90
  92-U -236 9231  10   5   6    92221     0   0.0            90     90
  92-U -236 9231  10   5   6    92222     0   0.0            90     90
  92-U -236 9231  10   5   6    92223     0   0.0            90     90
  92-U -236 9231  10   5   6    92224     0   0.0            90     90
  92-U -236 9231  10   5   6    92225     0   0.0            90     90
  92-U -236 9231  10   5   6    92226     0   0.0            90     90
  92-U -236 9231  10   5   6    92227     0   0.0            90     90
  92-U -236 9231  10   5   6    92228     0   0.0            90     90
  92-U -236 9231  10   5   6    92229     0   0.0            90     90
  92-U -236 9231  10   5   6    92230     0   0.0            90     90
  92-U -236 9231  10   5   6    92231     0   0.0            90     90
  92-U -236 9231  10   5   6    92232     0   0.0            90     90
  92-U -236 9231  10   5   6    92233     0   0.0            90     90
  92-U -236 9231  10   5   6    92234     0   0.0            90     90
  92-U -236 9231  10   5   6    92235     0   0.0            90     90
  92-U -236 9231  10   5   6    92235     1   0.0            90     90
  92-U -236 9231  10   5   6    92236     0   0.0            90     90
  92-U -236 9231  10   5   6        0     0   0.0            90     90
 ------------------------------------------------------------------------------
                                              MAT Totals  21690  21690
 ------------------------------------------------------------------------------
 ------------------------------------------------------------------------------
 All Cross Sections Read. Maximum Tabulated Energy =  200000000. eV
 ------------------------------------------------------------------------------
 ===============================================================================
      MAT Total Execution Time                0.48 Seconds
 ===============================================================================
 ------------------------------------------------------------------------------
                                             Tape Totals  21690  21690
 ------------------------------------------------------------------------------
 ===============================================================================
 ACTIVATE Total Execution Time                0.48 Seconds
 ===============================================================================
