 Create New Section Index (DICTIN 2019-1)
 ------------------------------------------------------------
 ENDF/B Input and Output Data Filenames
 ------------------------------------------------------------
 DICTIN.IN                                                               
 DICTIN.OUT                                                              
 ------------------------------------------------------------
 First Pass. Reading ENDF/B Data
 ------------------------------------------------------------
  MAT   Messages
 ------------------------------------------------------------
 9231
 ------------------------------------------------------------
 Second Pass. Creating New Index
 ------------------------------------------------------------
 ENDF/B  MAT MF  MT  Lines  Mod
 Format
 ------------------------------------------------------------
  VI    9231  1 451     94    1
        9231  1 452     33    1
        9231  1 455      9    1
        9231  1 456     33    1
        9231  3   3     33    1
        9231  3   5     33    1
        9231  3  18     33    1
        9231 10   5   7713    1
 ------------------------------------------------------------
 Original Line Count   7996
 Final Line Count      7995
 ------------------------------------------------------------
 ===============================================================================
 DICTIN   Total Execution Time                0.03 Seconds
 ===============================================================================
