  Linearize ENDF/B Cross Sections (LINEAR 2019-1)
  ------------------------------------------------------------------------------
  Retrieval Criteria-----------        MAT
  Monitor Mode-----------------        Off
  Minimum Cross Section-------- 1.0000E-10
  Keep Evaluated Data Points---        Yes
  ------------------------------------------------------------------------------
  ENDF/B Input and Output Data Filenames
  LINEAR.IN                                                               
  LINEAR.OUT                                                              
  ------------------------------------------------------------------------------
  Requested Ranges
  ------------------------------------------------------------------------------
       Minimum       Maximum   
     MAT MF  MT    MAT MF  MT
  ------------------------------------------------------------------------------
       0  0   0 999999 99 999
  ------------------------------------------------------------------------------
  Allowable Uncertainty
  ------------------------------------------------------------------------------
      Energy Uncertainty   per-cent
  ------------------------------------------------------------------------------
  0.0         1.0000E-10     0.0000
  ------------------------------------------------------------------------------
  ENDF/B Tape Label
  ------------------------------------------------------------------------------
   JENDL/PD-2016.1  U -236                                             1
  ------------------------------------------------------------------------------
    Material  MAT  MF  MT  ENDF/B      Kelvin     Q-Value   Points   Points
                           Format                      eV       In      Out
  ------------------------------------------------------------------------------
   92-U -236 9231   1 452   VI                                  88       88
   92-U -236 9231   1 455   VI                                  10       10
   92-U -236 9231   1 456   VI                                  88       88
   92-U -236 9231   3   3   VI     0.0         0.0              90       90
   92-U -236 9231   3   5   VI     0.0         0.0              90       90
   92-U -236 9231   3  18   VI     0.0         195042000.       90       90
  ------------------------------------------------------------------------------
                                               MAT Totals      456      456
  ------------------------------------------------------------------------------
 ------------------------------------------------------------------------------
 All Cross Sections Read. Maximum Tabulated Energy =  200000000. eV
 ------------------------------------------------------------------------------
 ===============================================================================
      MAT Total Execution Time                0.13 Seconds
 ===============================================================================
  ------------------------------------------------------------------------------
                                              Tape Totals      456      456
  ------------------------------------------------------------------------------
 ===============================================================================
 LINEAR   Total Execution Time                0.13 Seconds
 ===============================================================================
