 Process ENDF/B Double Differential Data - MF=6 (SIXPAK 2019-1)
 ==============================================================================
 ENDF/B Input Data Filename
 SIXPAK.IN                                                               
 ------------------------------------------------------------------------------
 Requested Ranges
 ------------------------------------------------------------------------------
    Minimum    Maximum   
    MAT  MT    MAT  MT
 ------------------------------------------------------------------------------
      1   1   9999 999
 ==============================================================================
 Terminology
 ------------------------------------------------------------------------------
 LCT  = Reference System (Lab or Center-of-Mass)
 LIP  = Product Modifier, e.g., for Isomeric States
 LAW  = Representation of Data - see, List at End of Output
 LANG = 1     = Legendre     (LAW 1)
      = 2     = Kalbach-Mann (LAW 1)
      = 11-15 = Tabulated    (LAW 1)
      = 0     = Legendre     (LAW 2)
      = 11-15 = Tabulated    (LAW 2)
 LTP  = 1-2   = Legendre     (LAW 5)
      = 11-15 = Tabulated    (LAW 5)
 LEP  = Secondary Energy Interpolation Type(1 to 5)
 ==============================================================================
 Tape Label
 ------------------------------------------------------------------------------
  JENDL/PD-2016.1  Sm-149                                             1
 ------------------------------------------------------------------------------
 WARNING: MT=5 is ALLOWED in MF=6, but NOT in MF=4 or 5.
          see ENDF-102 - Strictly for diagnostic purposes
          this code will Translate MF=6 Data - but be
          WARNED - the results should not be used in ANY          APPLICATIONS.
 ------------------------------------------------------------------------------
 ==============================================================================
 Projectile   Target    Emitted    MAT  MT LCT LIP LAW LANG  LEP  ENDF/B
                                                        LTP       Output
 ==============================================================================
  Photon     62-Sm-149  Neutron   6240   5 cm    0   1    1    2      
  Photon     62-Sm-149   1-H -1   6240   5 cm    0   1    1    2      
  Photon     62-Sm-149   1-H -2   6240   5 cm    0   1    1    2      
  Photon     62-Sm-149   1-H -3   6240   5 cm    0   1    1    2      
  Photon     62-Sm-149   2-He-3   6240   5 cm    0   1    1    2      
  Photon     62-Sm-149   2-He-4   6240   5 cm    0   1    1    2      
  Photon     62-Sm-149  47-Ag-116 6240   5 cm    0   0                
  Photon     62-Sm-149  47-Ag-116 6240   5 cm    1   0                
  Photon     62-Sm-149  47-Ag-117 6240   5 cm    0   0                
  Photon     62-Sm-149  47-Ag-117 6240   5 cm    1   0                
  Photon     62-Sm-149  47-Ag-118 6240   5 cm    0   0                
  Photon     62-Sm-149  47-Ag-119 6240   5 cm    0   0                
  Photon     62-Sm-149  47-Ag-119 6240   5 cm    1   0                
  Photon     62-Sm-149  47-Ag-120 6240   5 cm    0   0                
  Photon     62-Sm-149  47-Ag-121 6240   5 cm    0   0                
  Photon     62-Sm-149  47-Ag-122 6240   5 cm    0   0                
  Photon     62-Sm-149  47-Ag-122 6240   5 cm    1   0                
  Photon     62-Sm-149  47-Ag-123 6240   5 cm    0   0                
  Photon     62-Sm-149  47-Ag-124 6240   5 cm    0   0                
  Photon     62-Sm-149  48-Cd-117 6240   5 cm    0   0                
  Photon     62-Sm-149  48-Cd-117 6240   5 cm    1   0                
  Photon     62-Sm-149  48-Cd-118 6240   5 cm    0   0                
  Photon     62-Sm-149  48-Cd-119 6240   5 cm    0   0                
  Photon     62-Sm-149  48-Cd-119 6240   5 cm    1   0                
  Photon     62-Sm-149  48-Cd-120 6240   5 cm    0   0                
  Photon     62-Sm-149  48-Cd-121 6240   5 cm    0   0                
  Photon     62-Sm-149  48-Cd-121 6240   5 cm    1   0                
  Photon     62-Sm-149  48-Cd-122 6240   5 cm    0   0                
  Photon     62-Sm-149  48-Cd-123 6240   5 cm    0   0                
  Photon     62-Sm-149  48-Cd-123 6240   5 cm    1   0                
  Photon     62-Sm-149  48-Cd-124 6240   5 cm    0   0                
  Photon     62-Sm-149  48-Cd-125 6240   5 cm    0   0                
  Photon     62-Sm-149  48-Cd-125 6240   5 cm    1   0                
  Photon     62-Sm-149  48-Cd-126 6240   5 cm    0   0                
  Photon     62-Sm-149  49-In-118 6240   5 cm    0   0                
  Photon     62-Sm-149  49-In-118 6240   5 cm    1   0                
  Photon     62-Sm-149  49-In-119 6240   5 cm    0   0                
  Photon     62-Sm-149  49-In-119 6240   5 cm    1   0                
  Photon     62-Sm-149  49-In-120 6240   5 cm    0   0                
  Photon     62-Sm-149  49-In-120 6240   5 cm    1   0                
  Photon     62-Sm-149  49-In-121 6240   5 cm    0   0                
  Photon     62-Sm-149  49-In-121 6240   5 cm    1   0                
  Photon     62-Sm-149  49-In-122 6240   5 cm    0   0                
  Photon     62-Sm-149  49-In-122 6240   5 cm    1   0                
  Photon     62-Sm-149  49-In-123 6240   5 cm    0   0                
  Photon     62-Sm-149  49-In-123 6240   5 cm    1   0                
  Photon     62-Sm-149  49-In-124 6240   5 cm    0   0                
  Photon     62-Sm-149  49-In-125 6240   5 cm    0   0                
  Photon     62-Sm-149  49-In-125 6240   5 cm    1   0                
  Photon     62-Sm-149  49-In-126 6240   5 cm    0   0                
  Photon     62-Sm-149  49-In-126 6240   5 cm    1   0                
  Photon     62-Sm-149  49-In-127 6240   5 cm    0   0                
  Photon     62-Sm-149  49-In-127 6240   5 cm    1   0                
  Photon     62-Sm-149  49-In-127 6240   5 cm    2   0                
  Photon     62-Sm-149  49-In-128 6240   5 cm    0   0                
  Photon     62-Sm-149  49-In-129 6240   5 cm    0   0                
  Photon     62-Sm-149  49-In-129 6240   5 cm    1   0                
  Photon     62-Sm-149  50-Sn-119 6240   5 cm    0   0                
  Photon     62-Sm-149  50-Sn-119 6240   5 cm    1   0                
  Photon     62-Sm-149  50-Sn-120 6240   5 cm    0   0                
  Photon     62-Sm-149  50-Sn-121 6240   5 cm    0   0                
  Photon     62-Sm-149  50-Sn-121 6240   5 cm    1   0                
  Photon     62-Sm-149  50-Sn-122 6240   5 cm    0   0                
  Photon     62-Sm-149  50-Sn-123 6240   5 cm    0   0                
  Photon     62-Sm-149  50-Sn-123 6240   5 cm    1   0                
  Photon     62-Sm-149  50-Sn-124 6240   5 cm    0   0                
  Photon     62-Sm-149  50-Sn-125 6240   5 cm    0   0                
  Photon     62-Sm-149  50-Sn-125 6240   5 cm    1   0                
  Photon     62-Sm-149  50-Sn-126 6240   5 cm    0   0                
  Photon     62-Sm-149  50-Sn-127 6240   5 cm    0   0                
  Photon     62-Sm-149  50-Sn-127 6240   5 cm    1   0                
  Photon     62-Sm-149  50-Sn-128 6240   5 cm    0   0                
  Photon     62-Sm-149  50-Sn-128 6240   5 cm    1   0                
  Photon     62-Sm-149  50-Sn-129 6240   5 cm    0   0                
  Photon     62-Sm-149  50-Sn-129 6240   5 cm    1   0                
  Photon     62-Sm-149  50-Sn-130 6240   5 cm    0   0                
  Photon     62-Sm-149  50-Sn-130 6240   5 cm    1   0                
  Photon     62-Sm-149  50-Sn-131 6240   5 cm    0   0                
  Photon     62-Sm-149  50-Sn-131 6240   5 cm    1   0                
  Photon     62-Sm-149  50-Sn-132 6240   5 cm    0   0                
  Photon     62-Sm-149  51-Sb-120 6240   5 cm    0   0                
  Photon     62-Sm-149  51-Sb-120 6240   5 cm    1   0                
  Photon     62-Sm-149  51-Sb-121 6240   5 cm    0   0                
  Photon     62-Sm-149  51-Sb-122 6240   5 cm    0   0                
  Photon     62-Sm-149  51-Sb-122 6240   5 cm    1   0                
  Photon     62-Sm-149  51-Sb-123 6240   5 cm    0   0                
  Photon     62-Sm-149  51-Sb-124 6240   5 cm    0   0                
  Photon     62-Sm-149  51-Sb-124 6240   5 cm    1   0                
  Photon     62-Sm-149  51-Sb-124 6240   5 cm    2   0                
  Photon     62-Sm-149  51-Sb-125 6240   5 cm    0   0                
  Photon     62-Sm-149  51-Sb-126 6240   5 cm    0   0                
  Photon     62-Sm-149  51-Sb-126 6240   5 cm    1   0                
  Photon     62-Sm-149  51-Sb-127 6240   5 cm    0   0                
  Photon     62-Sm-149  51-Sb-128 6240   5 cm    0   0                
  Photon     62-Sm-149  51-Sb-128 6240   5 cm    1   0                
  Photon     62-Sm-149  51-Sb-129 6240   5 cm    0   0                
  Photon     62-Sm-149  51-Sb-129 6240   5 cm    1   0                
  Photon     62-Sm-149  51-Sb-130 6240   5 cm    0   0                
  Photon     62-Sm-149  51-Sb-130 6240   5 cm    1   0                
  Photon     62-Sm-149  51-Sb-131 6240   5 cm    0   0                
  Photon     62-Sm-149  51-Sb-132 6240   5 cm    0   0                
  Photon     62-Sm-149  51-Sb-132 6240   5 cm    1   0                
  Photon     62-Sm-149  51-Sb-133 6240   5 cm    0   0                
  Photon     62-Sm-149  51-Sb-134 6240   5 cm    0   0                
  Photon     62-Sm-149  51-Sb-134 6240   5 cm    1   0                
  Photon     62-Sm-149  51-Sb-135 6240   5 cm    0   0                
  Photon     62-Sm-149  52-Te-121 6240   5 cm    0   0                
  Photon     62-Sm-149  52-Te-121 6240   5 cm    1   0                
  Photon     62-Sm-149  52-Te-122 6240   5 cm    0   0                
  Photon     62-Sm-149  52-Te-123 6240   5 cm    0   0                
  Photon     62-Sm-149  52-Te-123 6240   5 cm    1   0                
  Photon     62-Sm-149  52-Te-124 6240   5 cm    0   0                
  Photon     62-Sm-149  52-Te-125 6240   5 cm    0   0                
  Photon     62-Sm-149  52-Te-125 6240   5 cm    1   0                
  Photon     62-Sm-149  52-Te-126 6240   5 cm    0   0                
  Photon     62-Sm-149  52-Te-127 6240   5 cm    0   0                
  Photon     62-Sm-149  52-Te-127 6240   5 cm    1   0                
  Photon     62-Sm-149  52-Te-128 6240   5 cm    0   0                
  Photon     62-Sm-149  52-Te-129 6240   5 cm    0   0                
  Photon     62-Sm-149  52-Te-129 6240   5 cm    1   0                
  Photon     62-Sm-149  52-Te-130 6240   5 cm    0   0                
  Photon     62-Sm-149  52-Te-131 6240   5 cm    0   0                
  Photon     62-Sm-149  52-Te-131 6240   5 cm    1   0                
  Photon     62-Sm-149  52-Te-132 6240   5 cm    0   0                
  Photon     62-Sm-149  52-Te-133 6240   5 cm    0   0                
  Photon     62-Sm-149  52-Te-133 6240   5 cm    1   0                
  Photon     62-Sm-149  52-Te-134 6240   5 cm    0   0                
  Photon     62-Sm-149  52-Te-135 6240   5 cm    0   0                
  Photon     62-Sm-149  52-Te-136 6240   5 cm    0   0                
  Photon     62-Sm-149  52-Te-137 6240   5 cm    0   0                
  Photon     62-Sm-149  52-Te-138 6240   5 cm    0   0                
  Photon     62-Sm-149  53-I -122 6240   5 cm    0   0                
  Photon     62-Sm-149  53-I -123 6240   5 cm    0   0                
  Photon     62-Sm-149  53-I -124 6240   5 cm    0   0                
  Photon     62-Sm-149  53-I -125 6240   5 cm    0   0                
  Photon     62-Sm-149  53-I -126 6240   5 cm    0   0                
  Photon     62-Sm-149  53-I -127 6240   5 cm    0   0                
  Photon     62-Sm-149  53-I -128 6240   5 cm    0   0                
  Photon     62-Sm-149  53-I -129 6240   5 cm    0   0                
  Photon     62-Sm-149  53-I -130 6240   5 cm    0   0                
  Photon     62-Sm-149  53-I -130 6240   5 cm    1   0                
  Photon     62-Sm-149  53-I -131 6240   5 cm    0   0                
  Photon     62-Sm-149  53-I -132 6240   5 cm    0   0                
  Photon     62-Sm-149  53-I -133 6240   5 cm    0   0                
  Photon     62-Sm-149  53-I -133 6240   5 cm    1   0                
  Photon     62-Sm-149  53-I -134 6240   5 cm    0   0                
  Photon     62-Sm-149  53-I -135 6240   5 cm    0   0                
  Photon     62-Sm-149  53-I -136 6240   5 cm    0   0                
  Photon     62-Sm-149  53-I -137 6240   5 cm    0   0                
  Photon     62-Sm-149  53-I -138 6240   5 cm    0   0                
  Photon     62-Sm-149  53-I -139 6240   5 cm    0   0                
  Photon     62-Sm-149  53-I -140 6240   5 cm    0   0                
  Photon     62-Sm-149  54-Xe-123 6240   5 cm    0   0                
  Photon     62-Sm-149  54-Xe-124 6240   5 cm    0   0                
  Photon     62-Sm-149  54-Xe-125 6240   5 cm    0   0                
  Photon     62-Sm-149  54-Xe-125 6240   5 cm    1   0                
  Photon     62-Sm-149  54-Xe-126 6240   5 cm    0   0                
  Photon     62-Sm-149  54-Xe-127 6240   5 cm    0   0                
  Photon     62-Sm-149  54-Xe-127 6240   5 cm    1   0                
  Photon     62-Sm-149  54-Xe-128 6240   5 cm    0   0                
  Photon     62-Sm-149  54-Xe-129 6240   5 cm    0   0                
  Photon     62-Sm-149  54-Xe-129 6240   5 cm    1   0                
  Photon     62-Sm-149  54-Xe-130 6240   5 cm    0   0                
  Photon     62-Sm-149  54-Xe-131 6240   5 cm    0   0                
  Photon     62-Sm-149  54-Xe-131 6240   5 cm    1   0                
  Photon     62-Sm-149  54-Xe-132 6240   5 cm    0   0                
  Photon     62-Sm-149  54-Xe-133 6240   5 cm    0   0                
  Photon     62-Sm-149  54-Xe-133 6240   5 cm    1   0                
  Photon     62-Sm-149  54-Xe-134 6240   5 cm    0   0                
  Photon     62-Sm-149  54-Xe-134 6240   5 cm    1   0                
  Photon     62-Sm-149  54-Xe-135 6240   5 cm    0   0                
  Photon     62-Sm-149  54-Xe-135 6240   5 cm    1   0                
  Photon     62-Sm-149  54-Xe-136 6240   5 cm    0   0                
  Photon     62-Sm-149  54-Xe-137 6240   5 cm    0   0                
  Photon     62-Sm-149  54-Xe-138 6240   5 cm    0   0                
  Photon     62-Sm-149  54-Xe-139 6240   5 cm    0   0                
  Photon     62-Sm-149  54-Xe-140 6240   5 cm    0   0                
  Photon     62-Sm-149  54-Xe-141 6240   5 cm    0   0                
  Photon     62-Sm-149  55-Cs-124 6240   5 cm    0   0                
  Photon     62-Sm-149  55-Cs-124 6240   5 cm    1   0                
  Photon     62-Sm-149  55-Cs-125 6240   5 cm    0   0                
  Photon     62-Sm-149  55-Cs-126 6240   5 cm    0   0                
  Photon     62-Sm-149  55-Cs-127 6240   5 cm    0   0                
  Photon     62-Sm-149  55-Cs-128 6240   5 cm    0   0                
  Photon     62-Sm-149  55-Cs-129 6240   5 cm    0   0                
  Photon     62-Sm-149  55-Cs-130 6240   5 cm    0   0                
  Photon     62-Sm-149  55-Cs-130 6240   5 cm    1   0                
  Photon     62-Sm-149  55-Cs-131 6240   5 cm    0   0                
  Photon     62-Sm-149  55-Cs-132 6240   5 cm    0   0                
  Photon     62-Sm-149  55-Cs-133 6240   5 cm    0   0                
  Photon     62-Sm-149  55-Cs-134 6240   5 cm    0   0                
  Photon     62-Sm-149  55-Cs-134 6240   5 cm    1   0                
  Photon     62-Sm-149  55-Cs-135 6240   5 cm    0   0                
  Photon     62-Sm-149  55-Cs-136 6240   5 cm    0   0                
  Photon     62-Sm-149  55-Cs-136 6240   5 cm    1   0                
  Photon     62-Sm-149  55-Cs-137 6240   5 cm    0   0                
  Photon     62-Sm-149  55-Cs-138 6240   5 cm    0   0                
  Photon     62-Sm-149  55-Cs-138 6240   5 cm    1   0                
  Photon     62-Sm-149  55-Cs-139 6240   5 cm    0   0                
  Photon     62-Sm-149  55-Cs-140 6240   5 cm    0   0                
  Photon     62-Sm-149  55-Cs-141 6240   5 cm    0   0                
  Photon     62-Sm-149  55-Cs-142 6240   5 cm    0   0                
  Photon     62-Sm-149  56-Ba-125 6240   5 cm    0   0                
  Photon     62-Sm-149  56-Ba-126 6240   5 cm    0   0                
  Photon     62-Sm-149  56-Ba-127 6240   5 cm    0   0                
  Photon     62-Sm-149  56-Ba-127 6240   5 cm    1   0                
  Photon     62-Sm-149  56-Ba-128 6240   5 cm    0   0                
  Photon     62-Sm-149  56-Ba-129 6240   5 cm    0   0                
  Photon     62-Sm-149  56-Ba-129 6240   5 cm    1   0                
  Photon     62-Sm-149  56-Ba-130 6240   5 cm    0   0                
  Photon     62-Sm-149  56-Ba-131 6240   5 cm    0   0                
  Photon     62-Sm-149  56-Ba-131 6240   5 cm    1   0                
  Photon     62-Sm-149  56-Ba-132 6240   5 cm    0   0                
  Photon     62-Sm-149  56-Ba-133 6240   5 cm    0   0                
  Photon     62-Sm-149  56-Ba-133 6240   5 cm    1   0                
  Photon     62-Sm-149  56-Ba-134 6240   5 cm    0   0                
  Photon     62-Sm-149  56-Ba-135 6240   5 cm    0   0                
  Photon     62-Sm-149  56-Ba-135 6240   5 cm    1   0                
  Photon     62-Sm-149  56-Ba-136 6240   5 cm    0   0                
  Photon     62-Sm-149  56-Ba-136 6240   5 cm    1   0                
  Photon     62-Sm-149  56-Ba-137 6240   5 cm    0   0                
  Photon     62-Sm-149  56-Ba-137 6240   5 cm    1   0                
  Photon     62-Sm-149  56-Ba-138 6240   5 cm    0   0                
  Photon     62-Sm-149  56-Ba-139 6240   5 cm    0   0                
  Photon     62-Sm-149  56-Ba-140 6240   5 cm    0   0                
  Photon     62-Sm-149  56-Ba-141 6240   5 cm    0   0                
  Photon     62-Sm-149  56-Ba-142 6240   5 cm    0   0                
  Photon     62-Sm-149  56-Ba-143 6240   5 cm    0   0                
  Photon     62-Sm-149  57-La-126 6240   5 cm    0   0                
  Photon     62-Sm-149  57-La-127 6240   5 cm    0   0                
  Photon     62-Sm-149  57-La-127 6240   5 cm    1   0                
  Photon     62-Sm-149  57-La-128 6240   5 cm    0   0                
  Photon     62-Sm-149  57-La-128 6240   5 cm    1   0                
  Photon     62-Sm-149  57-La-129 6240   5 cm    0   0                
  Photon     62-Sm-149  57-La-129 6240   5 cm    1   0                
  Photon     62-Sm-149  57-La-130 6240   5 cm    0   0                
  Photon     62-Sm-149  57-La-131 6240   5 cm    0   0                
  Photon     62-Sm-149  57-La-132 6240   5 cm    0   0                
  Photon     62-Sm-149  57-La-132 6240   5 cm    1   0                
  Photon     62-Sm-149  57-La-133 6240   5 cm    0   0                
  Photon     62-Sm-149  57-La-134 6240   5 cm    0   0                
  Photon     62-Sm-149  57-La-135 6240   5 cm    0   0                
  Photon     62-Sm-149  57-La-136 6240   5 cm    0   0                
  Photon     62-Sm-149  57-La-136 6240   5 cm    1   0                
  Photon     62-Sm-149  57-La-137 6240   5 cm    0   0                
  Photon     62-Sm-149  57-La-138 6240   5 cm    0   0                
  Photon     62-Sm-149  57-La-139 6240   5 cm    0   0                
  Photon     62-Sm-149  57-La-140 6240   5 cm    0   0                
  Photon     62-Sm-149  57-La-141 6240   5 cm    0   0                
  Photon     62-Sm-149  57-La-142 6240   5 cm    0   0                
  Photon     62-Sm-149  57-La-143 6240   5 cm    0   0                
  Photon     62-Sm-149  57-La-144 6240   5 cm    0   0                
  Photon     62-Sm-149  58-Ce-127 6240   5 cm    0   0                
  Photon     62-Sm-149  58-Ce-127 6240   5 cm    1   0                
  Photon     62-Sm-149  58-Ce-128 6240   5 cm    0   0                
  Photon     62-Sm-149  58-Ce-129 6240   5 cm    0   0                
  Photon     62-Sm-149  58-Ce-130 6240   5 cm    0   0                
  Photon     62-Sm-149  58-Ce-131 6240   5 cm    0   0                
  Photon     62-Sm-149  58-Ce-131 6240   5 cm    1   0                
  Photon     62-Sm-149  58-Ce-132 6240   5 cm    0   0                
  Photon     62-Sm-149  58-Ce-133 6240   5 cm    0   0                
  Photon     62-Sm-149  58-Ce-133 6240   5 cm    1   0                
  Photon     62-Sm-149  58-Ce-134 6240   5 cm    0   0                
  Photon     62-Sm-149  58-Ce-135 6240   5 cm    0   0                
  Photon     62-Sm-149  58-Ce-135 6240   5 cm    1   0                
  Photon     62-Sm-149  58-Ce-136 6240   5 cm    0   0                
  Photon     62-Sm-149  58-Ce-137 6240   5 cm    0   0                
  Photon     62-Sm-149  58-Ce-137 6240   5 cm    1   0                
  Photon     62-Sm-149  58-Ce-138 6240   5 cm    0   0                
  Photon     62-Sm-149  58-Ce-139 6240   5 cm    0   0                
  Photon     62-Sm-149  58-Ce-139 6240   5 cm    1   0                
  Photon     62-Sm-149  58-Ce-140 6240   5 cm    0   0                
  Photon     62-Sm-149  58-Ce-141 6240   5 cm    0   0                
  Photon     62-Sm-149  58-Ce-142 6240   5 cm    0   0                
  Photon     62-Sm-149  58-Ce-143 6240   5 cm    0   0                
  Photon     62-Sm-149  58-Ce-144 6240   5 cm    0   0                
  Photon     62-Sm-149  58-Ce-145 6240   5 cm    0   0                
  Photon     62-Sm-149  59-Pr-128 6240   5 cm    0   0                
  Photon     62-Sm-149  59-Pr-129 6240   5 cm    0   0                
  Photon     62-Sm-149  59-Pr-130 6240   5 cm    0   0                
  Photon     62-Sm-149  59-Pr-131 6240   5 cm    0   0                
  Photon     62-Sm-149  59-Pr-131 6240   5 cm    1   0                
  Photon     62-Sm-149  59-Pr-132 6240   5 cm    0   0                
  Photon     62-Sm-149  59-Pr-133 6240   5 cm    0   0                
  Photon     62-Sm-149  59-Pr-133 6240   5 cm    1   0                
  Photon     62-Sm-149  59-Pr-134 6240   5 cm    0   0                
  Photon     62-Sm-149  59-Pr-134 6240   5 cm    1   0                
  Photon     62-Sm-149  59-Pr-135 6240   5 cm    0   0                
  Photon     62-Sm-149  59-Pr-136 6240   5 cm    0   0                
  Photon     62-Sm-149  59-Pr-137 6240   5 cm    0   0                
  Photon     62-Sm-149  59-Pr-138 6240   5 cm    0   0                
  Photon     62-Sm-149  59-Pr-138 6240   5 cm    1   0                
  Photon     62-Sm-149  59-Pr-139 6240   5 cm    0   0                
  Photon     62-Sm-149  59-Pr-140 6240   5 cm    0   0                
  Photon     62-Sm-149  59-Pr-141 6240   5 cm    0   0                
  Photon     62-Sm-149  59-Pr-142 6240   5 cm    0   0                
  Photon     62-Sm-149  59-Pr-142 6240   5 cm    1   0                
  Photon     62-Sm-149  59-Pr-143 6240   5 cm    0   0                
  Photon     62-Sm-149  59-Pr-144 6240   5 cm    0   0                
  Photon     62-Sm-149  59-Pr-144 6240   5 cm    1   0                
  Photon     62-Sm-149  59-Pr-145 6240   5 cm    0   0                
  Photon     62-Sm-149  59-Pr-146 6240   5 cm    0   0                
  Photon     62-Sm-149  60-Nd-129 6240   5 cm    0   0                
  Photon     62-Sm-149  60-Nd-130 6240   5 cm    0   0                
  Photon     62-Sm-149  60-Nd-131 6240   5 cm    0   0                
  Photon     62-Sm-149  60-Nd-132 6240   5 cm    0   0                
  Photon     62-Sm-149  60-Nd-133 6240   5 cm    0   0                
  Photon     62-Sm-149  60-Nd-133 6240   5 cm    1   0                
  Photon     62-Sm-149  60-Nd-134 6240   5 cm    0   0                
  Photon     62-Sm-149  60-Nd-135 6240   5 cm    0   0                
  Photon     62-Sm-149  60-Nd-136 6240   5 cm    0   0                
  Photon     62-Sm-149  60-Nd-137 6240   5 cm    0   0                
  Photon     62-Sm-149  60-Nd-137 6240   5 cm    1   0                
  Photon     62-Sm-149  60-Nd-138 6240   5 cm    0   0                
  Photon     62-Sm-149  60-Nd-139 6240   5 cm    0   0                
  Photon     62-Sm-149  60-Nd-139 6240   5 cm    1   0                
  Photon     62-Sm-149  60-Nd-140 6240   5 cm    0   0                
  Photon     62-Sm-149  60-Nd-141 6240   5 cm    0   0                
  Photon     62-Sm-149  60-Nd-141 6240   5 cm    1   0                
  Photon     62-Sm-149  60-Nd-142 6240   5 cm    0   0                
  Photon     62-Sm-149  60-Nd-143 6240   5 cm    0   0                
  Photon     62-Sm-149  60-Nd-144 6240   5 cm    0   0                
  Photon     62-Sm-149  60-Nd-145 6240   5 cm    0   0                
  Photon     62-Sm-149  60-Nd-146 6240   5 cm    0   0                
  Photon     62-Sm-149  60-Nd-147 6240   5 cm    0   0                
  Photon     62-Sm-149  61-Pm-130 6240   5 cm    0   0                
  Photon     62-Sm-149  61-Pm-131 6240   5 cm    0   0                
  Photon     62-Sm-149  61-Pm-132 6240   5 cm    0   0                
  Photon     62-Sm-149  61-Pm-133 6240   5 cm    0   0                
  Photon     62-Sm-149  61-Pm-133 6240   5 cm    1   0                
  Photon     62-Sm-149  61-Pm-134 6240   5 cm    0   0                
  Photon     62-Sm-149  61-Pm-134 6240   5 cm    1   0                
  Photon     62-Sm-149  61-Pm-135 6240   5 cm    0   0                
  Photon     62-Sm-149  61-Pm-135 6240   5 cm    1   0                
  Photon     62-Sm-149  61-Pm-136 6240   5 cm    0   0                
  Photon     62-Sm-149  61-Pm-136 6240   5 cm    1   0                
  Photon     62-Sm-149  61-Pm-137 6240   5 cm    0   0                
  Photon     62-Sm-149  61-Pm-138 6240   5 cm    0   0                
  Photon     62-Sm-149  61-Pm-138 6240   5 cm    1   0                
  Photon     62-Sm-149  61-Pm-139 6240   5 cm    0   0                
  Photon     62-Sm-149  61-Pm-139 6240   5 cm    1   0                
  Photon     62-Sm-149  61-Pm-140 6240   5 cm    0   0                
  Photon     62-Sm-149  61-Pm-140 6240   5 cm    1   0                
  Photon     62-Sm-149  61-Pm-141 6240   5 cm    0   0                
  Photon     62-Sm-149  61-Pm-142 6240   5 cm    0   0                
  Photon     62-Sm-149  61-Pm-143 6240   5 cm    0   0                
  Photon     62-Sm-149  61-Pm-144 6240   5 cm    0   0                
  Photon     62-Sm-149  61-Pm-145 6240   5 cm    0   0                
  Photon     62-Sm-149  61-Pm-146 6240   5 cm    0   0                
  Photon     62-Sm-149  61-Pm-147 6240   5 cm    0   0                
  Photon     62-Sm-149  61-Pm-148 6240   5 cm    0   0                
  Photon     62-Sm-149  61-Pm-148 6240   5 cm    1   0                
  Photon     62-Sm-149  62-Sm-132 6240   5 cm    0   0                
  Photon     62-Sm-149  62-Sm-133 6240   5 cm    0   0                
  Photon     62-Sm-149  62-Sm-133 6240   5 cm    1   0                
  Photon     62-Sm-149  62-Sm-134 6240   5 cm    0   0                
  Photon     62-Sm-149  62-Sm-135 6240   5 cm    0   0                
  Photon     62-Sm-149  62-Sm-136 6240   5 cm    0   0                
  Photon     62-Sm-149  62-Sm-137 6240   5 cm    0   0                
  Photon     62-Sm-149  62-Sm-138 6240   5 cm    0   0                
  Photon     62-Sm-149  62-Sm-139 6240   5 cm    0   0                
  Photon     62-Sm-149  62-Sm-139 6240   5 cm    1   0                
  Photon     62-Sm-149  62-Sm-140 6240   5 cm    0   0                
  Photon     62-Sm-149  62-Sm-141 6240   5 cm    0   0                
  Photon     62-Sm-149  62-Sm-141 6240   5 cm    1   0                
  Photon     62-Sm-149  62-Sm-142 6240   5 cm    0   0                
  Photon     62-Sm-149  62-Sm-143 6240   5 cm    0   0                
  Photon     62-Sm-149  62-Sm-143 6240   5 cm    1   0                
  Photon     62-Sm-149  62-Sm-144 6240   5 cm    0   0                
  Photon     62-Sm-149  62-Sm-145 6240   5 cm    0   0                
  Photon     62-Sm-149  62-Sm-146 6240   5 cm    0   0                
  Photon     62-Sm-149  62-Sm-147 6240   5 cm    0   0                
  Photon     62-Sm-149  62-Sm-148 6240   5 cm    0   0                
  Photon     62-Sm-149  62-Sm-149 6240   5 cm    0   0                
  Photon     62-Sm-149  Photon    6240   5 cm    0   1    1    2      
 ------------------------------------------------------------------------------
 All Cross Sections Read. Maximum Tabulated Energy =  200000000. eV
 ------------------------------------------------------------------------------
 ==============================================================================
 Laws by Incident Particle
 ------------------------------------------------------------------------------
 Law Number and Definition   Photon    n     p     d     t  He-3  He-4 Other
 ------------------------------------------------------------------------------
 (0) Unknown................   368     0     0     0     0     0     0     0
 (1) Continuum Energy-Angle
      Legendre..............     7     0     0     0     0     0     0     0
      Kalbach-Mann..........     0     0     0     0     0     0     0     0
      Tabulated.............     0     0     0     0     0     0     0     0
 (2) Discrete 2 Body
      Legendre..............     0     0     0     0     0     0     0     0
      Tabulated.............     0     0     0     0     0     0     0     0
 (3) Isotropic Discrete.....     0     0     0     0     0     0     0     0
 (4) Discrete 2 Body Recoil.     0     0     0     0     0     0     0     0
 (5) Charged Particle Elastic
      Legendre..............     0     0     0     0     0     0     0     0
      Tabulated.............     0     0     0     0     0     0     0     0
 (6) n-Body Phase-Space.....     0     0     0     0     0     0     0     0
 (7) Laboratory Angle-Energy     0     0     0     0     0     0     0     0
 Not 0 to 7 (WARNING if Any)     0     0     0     0     0     0     0     0
 ==============================================================================
 Laws by Emitted Particle
 ------------------------------------------------------------------------------
 Law Number and Definition   Photon    n     p     d     t  He-3  He-4 Other
 ------------------------------------------------------------------------------
 (0) Unknown................     0     0     0     0     0     0     0   368
 (1) Continuum Energy-Angle
      Legendre..............     1     1     1     1     1     1     1     0
      Kalbach-Mann..........     0     0     0     0     0     0     0     0
      Tabulated.............     0     0     0     0     0     0     0     0
 (2) Discrete 2 Body
      Legendre..............     0     0     0     0     0     0     0     0
      Tabulated.............     0     0     0     0     0     0     0     0
 (3) Isotropic Discrete.....     0     0     0     0     0     0     0     0
 (4) Discrete 2 Body Recoil.     0     0     0     0     0     0     0     0
 (5) Charged Particle Elastic
      Legendre..............     0     0     0     0     0     0     0     0
      Tabulated.............     0     0     0     0     0     0     0     0
 (6) n-Body Phase-Space.....     0     0     0     0     0     0     0     0
 (7) Laboratory Angle-Energy     0     0     0     0     0     0     0     0
 Not 0 to 7 (WARNING if Any)     0     0     0     0     0     0     0     0
 ------------------------------------------------------------------------------
 Summary of Emitted Particle Yields
 ------------------------------------------------------------------------------
 Energy Independent.........     0     0     0     0     0     0     0     0
 Energy Dependent...........     1     1     1     1     1     1     1   368
 ------------------------------------------------------------------------------
 Summary of Angular Distributions
 ------------------------------------------------------------------------------
 Isotropic..................     1     0     0     0     0     0     0     0
 Nonisotropic...............     0     0     1     0     0     0     0     0
 Mixed......................     0     1     0     1     1     1     1     0
 ------------------------------------------------------------------------------
 Maximum Legendre Order.....     0    10    10    10    10    10    10     0
 Maximum Number of Cosines..     0     0     0     0     0     0     0     0
 ------------------------------------------------------------------------------
 Summary of Energy Distributions
 ------------------------------------------------------------------------------
 Continuous.................     1     1     1     1     1     1     1     0
 Discrete...................     0     0     0     0     0     0     0     0
 Mixed......................     0     0     0     0     0     0     0     0
 ------------------------------------------------------------------------------
 ==============================================================================
 Summary of Incident Neutron with Photon or Neutron Emitted Data
 ------------------------------------------------------------------------------
 Law Number and Definition   Output        Not Output 
 ------------------------------------------------------------------------------
                             Photon    n   Photon    n
 ------------------------------------------------------------------------------
 (0) Unknown................     0     0       0     0
 (1) Continuum Energy-Angle
      Legendre..............     0     0       0     0
      Kalbach-Mann..........     0     0       0     0
      Tabulated.............     0     0       0     0
 (2) Discrete 2 Body
      Legendre..............     0     0       0     0
      Tabulated.............     0     0       0     0
 (3) Isotropic Discrete.....     0     0       0     0
 (4) Discrete 2 Body Recoil.     0     0       0     0
 (5) Charged Particle Elastic
      Legendre..............     0     0       0     0
      Tabulated.............     0     0       0     0
 (6) n-Body Phase-Space.....     0     0       0     0
 (7) Laboratory Angle-Energy     0     0       0     0
 Not 0 to 7 (WARNING if Any)     0     0       0     0
 ==============================================================================
 End of Run
 ===============================================================================
 SIXPAK   Total Execution Time                0.17 Seconds
 ===============================================================================
