 ENDF Activation Cross Sections (ACTIVATE 2019-1)
 ------------------------------------------------------------------------------
 ENDF Input and Output Data Filenames
 ------------------------------------------------------------------------------
 ACTIVATE.IN                                                             
 ACTIVATE.OUT                                                            
 ------------------------------------------------------------------------------
 ENDF Tape Label
 ------------------------------------------------------------------------------
  JENDL/PD-2016.1  K - 40                                             1
 ------------------------------------------------------------------------------
   Material  MAT  MF  MT  ENDF    ZAP Final      Q-Value Points Points
                          Format      State           eV     In    Out
 ------------------------------------------------------------------------------
  19-K -40  1928  10   5   6        1     0   0.0            88     88
  19-K -40  1928  10   5   6     1001     0   0.0            88     88
  19-K -40  1928  10   5   6     1002     0   0.0            88     88
  19-K -40  1928  10   5   6     1003     0   0.0            88     88
  19-K -40  1928  10   5   6     2003     0   0.0            88     88
  19-K -40  1928  10   5   6     2004     0   0.0            88     88
  19-K -40  1928  10   5   6     7010     0   0.0            88     88
  19-K -40  1928  10   5   6     7011     0   0.0            88     88
  19-K -40  1928  10   5   6     7012     0   0.0            88     88
  19-K -40  1928  10   5   6     7013     0   0.0            88     88
  19-K -40  1928  10   5   6     7014     0   0.0            88     88
  19-K -40  1928  10   5   6     7015     0   0.0            88     88
  19-K -40  1928  10   5   6     7016     0   0.0            88     88
  19-K -40  1928  10   5   6     7017     0   0.0            88     88
  19-K -40  1928  10   5   6     7018     0   0.0            88     88
  19-K -40  1928  10   5   6     7019     0   0.0            88     88
  19-K -40  1928  10   5   6     7020     0   0.0            88     88
  19-K -40  1928  10   5   6     7021     0   0.0            88     88
  19-K -40  1928  10   5   6     7022     0   0.0            88     88
  19-K -40  1928  10   5   6     7023     0   0.0            88     88
  19-K -40  1928  10   5   6     7024     0   0.0            88     88
  19-K -40  1928  10   5   6     7025     0   0.0            88     88
  19-K -40  1928  10   5   6     8012     0   0.0            88     88
  19-K -40  1928  10   5   6     8013     0   0.0            88     88
  19-K -40  1928  10   5   6     8014     0   0.0            88     88
  19-K -40  1928  10   5   6     8015     0   0.0            88     88
  19-K -40  1928  10   5   6     8016     0   0.0            88     88
  19-K -40  1928  10   5   6     8017     0   0.0            88     88
  19-K -40  1928  10   5   6     8018     0   0.0            88     88
  19-K -40  1928  10   5   6     8019     0   0.0            88     88
  19-K -40  1928  10   5   6     8020     0   0.0            88     88
  19-K -40  1928  10   5   6     8021     0   0.0            88     88
  19-K -40  1928  10   5   6     8022     0   0.0            88     88
  19-K -40  1928  10   5   6     8023     0   0.0            88     88
  19-K -40  1928  10   5   6     8024     0   0.0            88     88
  19-K -40  1928  10   5   6     8025     0   0.0            88     88
  19-K -40  1928  10   5   6     8026     0   0.0            88     88
  19-K -40  1928  10   5   6     8027     0   0.0            88     88
  19-K -40  1928  10   5   6     9014     0   0.0            88     88
  19-K -40  1928  10   5   6     9015     0   0.0            88     88
  19-K -40  1928  10   5   6     9016     0   0.0            88     88
  19-K -40  1928  10   5   6     9017     0   0.0            88     88
  19-K -40  1928  10   5   6     9018     0   0.0            88     88
  19-K -40  1928  10   5   6     9019     0   0.0            88     88
  19-K -40  1928  10   5   6     9020     0   0.0            88     88
  19-K -40  1928  10   5   6     9021     0   0.0            88     88
  19-K -40  1928  10   5   6     9022     0   0.0            88     88
  19-K -40  1928  10   5   6     9023     0   0.0            88     88
  19-K -40  1928  10   5   6     9024     0   0.0            88     88
  19-K -40  1928  10   5   6     9025     0   0.0            88     88
  19-K -40  1928  10   5   6     9026     0   0.0            88     88
  19-K -40  1928  10   5   6     9027     0   0.0            88     88
  19-K -40  1928  10   5   6     9028     0   0.0            88     88
  19-K -40  1928  10   5   6     9029     0   0.0            88     88
  19-K -40  1928  10   5   6    10016     0   0.0            88     88
  19-K -40  1928  10   5   6    10017     0   0.0            88     88
  19-K -40  1928  10   5   6    10018     0   0.0            88     88
  19-K -40  1928  10   5   6    10019     0   0.0            88     88
  19-K -40  1928  10   5   6    10020     0   0.0            88     88
  19-K -40  1928  10   5   6    10021     0   0.0            88     88
  19-K -40  1928  10   5   6    10022     0   0.0            88     88
  19-K -40  1928  10   5   6    10023     0   0.0            88     88
  19-K -40  1928  10   5   6    10024     0   0.0            88     88
  19-K -40  1928  10   5   6    10025     0   0.0            88     88
  19-K -40  1928  10   5   6    10026     0   0.0            88     88
  19-K -40  1928  10   5   6    10027     0   0.0            88     88
  19-K -40  1928  10   5   6    10028     0   0.0            88     88
  19-K -40  1928  10   5   6    10029     0   0.0            88     88
  19-K -40  1928  10   5   6    10030     0   0.0            88     88
  19-K -40  1928  10   5   6    10031     0   0.0            88     88
  19-K -40  1928  10   5   6    11018     0   0.0            88     88
  19-K -40  1928  10   5   6    11019     0   0.0            88     88
  19-K -40  1928  10   5   6    11020     0   0.0            88     88
  19-K -40  1928  10   5   6    11021     0   0.0            88     88
  19-K -40  1928  10   5   6    11022     0   0.0            88     88
  19-K -40  1928  10   5   6    11023     0   0.0            88     88
  19-K -40  1928  10   5   6    11024     0   0.0            88     88
  19-K -40  1928  10   5   6    11025     0   0.0            88     88
  19-K -40  1928  10   5   6    11026     0   0.0            88     88
  19-K -40  1928  10   5   6    11027     0   0.0            88     88
  19-K -40  1928  10   5   6    11028     0   0.0            88     88
  19-K -40  1928  10   5   6    11029     0   0.0            88     88
  19-K -40  1928  10   5   6    11030     0   0.0            88     88
  19-K -40  1928  10   5   6    11031     0   0.0            88     88
  19-K -40  1928  10   5   6    11032     0   0.0            88     88
  19-K -40  1928  10   5   6    12019     0   0.0            88     88
  19-K -40  1928  10   5   6    12020     0   0.0            88     88
  19-K -40  1928  10   5   6    12021     0   0.0            88     88
  19-K -40  1928  10   5   6    12022     0   0.0            88     88
  19-K -40  1928  10   5   6    12023     0   0.0            88     88
  19-K -40  1928  10   5   6    12024     0   0.0            88     88
  19-K -40  1928  10   5   6    12025     0   0.0            88     88
  19-K -40  1928  10   5   6    12026     0   0.0            88     88
  19-K -40  1928  10   5   6    12027     0   0.0            88     88
  19-K -40  1928  10   5   6    12028     0   0.0            88     88
  19-K -40  1928  10   5   6    12029     0   0.0            88     88
  19-K -40  1928  10   5   6    12030     0   0.0            88     88
  19-K -40  1928  10   5   6    12031     0   0.0            88     88
  19-K -40  1928  10   5   6    12032     0   0.0            88     88
  19-K -40  1928  10   5   6    12033     0   0.0            88     88
  19-K -40  1928  10   5   6    13021     0   0.0            88     88
  19-K -40  1928  10   5   6    13022     0   0.0            88     88
  19-K -40  1928  10   5   6    13023     0   0.0            88     88
  19-K -40  1928  10   5   6    13024     0   0.0            88     88
  19-K -40  1928  10   5   6    13024     1   0.0            88     88
  19-K -40  1928  10   5   6    13025     0   0.0            88     88
  19-K -40  1928  10   5   6    13026     0   0.0            88     88
  19-K -40  1928  10   5   6    13026     1   0.0            88     88
  19-K -40  1928  10   5   6    13027     0   0.0            88     88
  19-K -40  1928  10   5   6    13028     0   0.0            88     88
  19-K -40  1928  10   5   6    13029     0   0.0            88     88
  19-K -40  1928  10   5   6    13030     0   0.0            88     88
  19-K -40  1928  10   5   6    13031     0   0.0            88     88
  19-K -40  1928  10   5   6    13032     0   0.0            88     88
  19-K -40  1928  10   5   6    13033     0   0.0            88     88
  19-K -40  1928  10   5   6    13034     0   0.0            88     88
  19-K -40  1928  10   5   6    14022     0   0.0            88     88
  19-K -40  1928  10   5   6    14023     0   0.0            88     88
  19-K -40  1928  10   5   6    14024     0   0.0            88     88
  19-K -40  1928  10   5   6    14025     0   0.0            88     88
  19-K -40  1928  10   5   6    14026     0   0.0            88     88
  19-K -40  1928  10   5   6    14027     0   0.0            88     88
  19-K -40  1928  10   5   6    14028     0   0.0            88     88
  19-K -40  1928  10   5   6    14029     0   0.0            88     88
  19-K -40  1928  10   5   6    14030     0   0.0            88     88
  19-K -40  1928  10   5   6    14031     0   0.0            88     88
  19-K -40  1928  10   5   6    14032     0   0.0            88     88
  19-K -40  1928  10   5   6    14033     0   0.0            88     88
  19-K -40  1928  10   5   6    14034     0   0.0            88     88
  19-K -40  1928  10   5   6    14035     0   0.0            88     88
  19-K -40  1928  10   5   6    15024     0   0.0            88     88
  19-K -40  1928  10   5   6    15025     0   0.0            88     88
  19-K -40  1928  10   5   6    15026     0   0.0            88     88
  19-K -40  1928  10   5   6    15027     0   0.0            88     88
  19-K -40  1928  10   5   6    15028     0   0.0            88     88
  19-K -40  1928  10   5   6    15029     0   0.0            88     88
  19-K -40  1928  10   5   6    15030     0   0.0            88     88
  19-K -40  1928  10   5   6    15031     0   0.0            88     88
  19-K -40  1928  10   5   6    15032     0   0.0            88     88
  19-K -40  1928  10   5   6    15033     0   0.0            88     88
  19-K -40  1928  10   5   6    15034     0   0.0            88     88
  19-K -40  1928  10   5   6    15035     0   0.0            88     88
  19-K -40  1928  10   5   6    15036     0   0.0            88     88
  19-K -40  1928  10   5   6    16026     0   0.0            88     88
  19-K -40  1928  10   5   6    16027     0   0.0            88     88
  19-K -40  1928  10   5   6    16028     0   0.0            88     88
  19-K -40  1928  10   5   6    16029     0   0.0            88     88
  19-K -40  1928  10   5   6    16030     0   0.0            88     88
  19-K -40  1928  10   5   6    16031     0   0.0            88     88
  19-K -40  1928  10   5   6    16032     0   0.0            88     88
  19-K -40  1928  10   5   6    16033     0   0.0            88     88
  19-K -40  1928  10   5   6    16034     0   0.0            88     88
  19-K -40  1928  10   5   6    16035     0   0.0            88     88
  19-K -40  1928  10   5   6    16036     0   0.0            88     88
  19-K -40  1928  10   5   6    16037     0   0.0            88     88
  19-K -40  1928  10   5   6    17028     0   0.0            88     88
  19-K -40  1928  10   5   6    17029     0   0.0            88     88
  19-K -40  1928  10   5   6    17030     0   0.0            88     88
  19-K -40  1928  10   5   6    17031     0   0.0            88     88
  19-K -40  1928  10   5   6    17032     0   0.0            88     88
  19-K -40  1928  10   5   6    17033     0   0.0            88     88
  19-K -40  1928  10   5   6    17034     0   0.0            88     88
  19-K -40  1928  10   5   6    17034     1   0.0            88     88
  19-K -40  1928  10   5   6    17035     0   0.0            88     88
  19-K -40  1928  10   5   6    17036     0   0.0            88     88
  19-K -40  1928  10   5   6    17037     0   0.0            88     88
  19-K -40  1928  10   5   6    17038     0   0.0            88     88
  19-K -40  1928  10   5   6    17038     1   0.0            88     88
  19-K -40  1928  10   5   6    18030     0   0.0            88     88
  19-K -40  1928  10   5   6    18031     0   0.0            88     88
  19-K -40  1928  10   5   6    18032     0   0.0            88     88
  19-K -40  1928  10   5   6    18033     0   0.0            88     88
  19-K -40  1928  10   5   6    18034     0   0.0            88     88
  19-K -40  1928  10   5   6    18035     0   0.0            88     88
  19-K -40  1928  10   5   6    18036     0   0.0            88     88
  19-K -40  1928  10   5   6    18037     0   0.0            88     88
  19-K -40  1928  10   5   6    18038     0   0.0            88     88
  19-K -40  1928  10   5   6    18039     0   0.0            88     88
  19-K -40  1928  10   5   6    19032     0   0.0            88     88
  19-K -40  1928  10   5   6    19033     0   0.0            88     88
  19-K -40  1928  10   5   6    19034     0   0.0            88     88
  19-K -40  1928  10   5   6    19035     0   0.0            88     88
  19-K -40  1928  10   5   6    19036     0   0.0            88     88
  19-K -40  1928  10   5   6    19037     0   0.0            88     88
  19-K -40  1928  10   5   6    19038     0   0.0            88     88
  19-K -40  1928  10   5   6    19038     1   0.0            88     88
  19-K -40  1928  10   5   6    19039     0   0.0            88     88
  19-K -40  1928  10   5   6    19040     0   0.0            88     88
  19-K -40  1928  10   5   6        0     0   0.0            88     88
 ------------------------------------------------------------------------------
                                              MAT Totals  16632  16632
 ------------------------------------------------------------------------------
 ------------------------------------------------------------------------------
 All Cross Sections Read. Maximum Tabulated Energy =  200000000. eV
 ------------------------------------------------------------------------------
 ===============================================================================
      MAT Total Execution Time                0.33 Seconds
 ===============================================================================
 ------------------------------------------------------------------------------
                                             Tape Totals  16632  16632
 ------------------------------------------------------------------------------
 ===============================================================================
 ACTIVATE Total Execution Time                0.33 Seconds
 ===============================================================================
