 Create New Section Index (DICTIN 2019-1)
 ------------------------------------------------------------
 ENDF/B Input and Output Data Filenames
 ------------------------------------------------------------
 DICTIN.IN                                                               
 DICTIN.OUT                                                              
 ------------------------------------------------------------
 First Pass. Reading ENDF/B Data
 ------------------------------------------------------------
  MAT   Messages
 ------------------------------------------------------------
 5025
 ------------------------------------------------------------
 Second Pass. Creating New Index
 ------------------------------------------------------------
 ENDF/B  MAT MF  MT  Lines  Mod
 Format
 ------------------------------------------------------------
  VI    5025  1 451     67    1
        5025  3   5     33    1
        5025 10   5  11873    1
 ------------------------------------------------------------
 Original Line Count  11981
 Final Line Count     11982
 ------------------------------------------------------------
 ===============================================================================
 DICTIN   Total Execution Time                0.05 Seconds
 ===============================================================================
