                                                     MT=  5
 MAT 1422                         0.0        Kelvin Unshielded Cross Sections                          14-Si-27 

   No.  Group-eV   Average      No.  Group-eV   Average      No.  Group-eV   Average      No.  Group-eV   Average

    99 7400000.00 6.30805E-5    116 14000000.0 .002940067    133 55000000.0 .002994989    150 480000000. 0.0       
   100 7600000.00 1.15454E-4    117 15000000.0 .005127456    134 60000000.0 .002706401    151 520000000. 0.0       
   101 7800000.00 1.25567E-4    118 16000000.0 .009446245    135 70000000.0 .002427476    152 560000000. 0.0       
   102 8000000.00 1.48705E-4    119 17000000.0 .019547355    136 80000000.0 .002217769    153 600000000. 0.0       
   103 8200000.00 1.84977E-4    120 18000000.0 .036611784    137 90000000.0 .002048897    154 640000000. 0.0       
   104 8400000.00 2.19596E-4    121 19000000.0 .049316724    138 100000000. .001848607    155 680000000. 0.0       
   105 8600000.00 2.44222E-4    122 20000000.0 .048239834    139 120000000. .001635034    156 720000000. 0.0       
   106 8800000.00 2.67170E-4    123 22000000.0 .027049137    140 140000000. 0.0           157 760000000. 0.0       
   107 9000000.00 2.90374E-4    124 24000000.0 .021417611    141 160000000. 0.0           158 800000000. 0.0       
   108 9200000.00 3.13838E-4    125 26000000.0 .020688198    142 180000000. 0.0           159 840000000. 0.0       
   109 9400000.00 3.37905E-4    126 28000000.0 .015635376    143 200000000. 0.0           160 880000000. 0.0       
   110 9600000.00 3.65623E-4    127 30000000.0 .009234635    144 240000000. 0.0           161 920000000. 0.0       
   111 9800000.00 3.93953E-4    128 35000000.0 .005664919    145 280000000. 0.0           162 960000000. 0.0       
   112 10000000.0 4.98751E-4    129 40000000.0 .004355942    146 320000000. 0.0           163 1.00000E+9
   113 11000000.0 7.42751E-4    130 45000000.0 .003684615    147 360000000. 0.0       
   114 12000000.0 .001128943    131 50000000.0 .003306648    148 400000000. 0.0       
   115 13000000.0 .001766921    132 54000000.0 .003146034    149 440000000. 0.0       
 
                                                     MT=  5
 MAT 1422                         0.0        Kelvin Unshielded Cross Sections                          14-Si-27 

   No.  Group-eV   Average      No.  Group-eV   Average      No.  Group-eV   Average      No.  Group-eV   Average

   115 13000000.0 2.68036E-6    128 35000000.0 .003827178    141 160000000. 0.0           154 640000000. 0.0       
   116 14000000.0 9.42493E-6    129 40000000.0 .004067615    142 180000000. 0.0           155 680000000. 0.0       
   117 15000000.0 4.70811E-5    130 45000000.0 .004304654    143 200000000. 0.0           156 720000000. 0.0       
   118 16000000.0 1.57292E-4    131 50000000.0 .004563448    144 240000000. 0.0           157 760000000. 0.0       
   119 17000000.0 4.29797E-4    132 54000000.0 .004710235    145 280000000. 0.0           158 800000000. 0.0       
   120 18000000.0 .001107698    133 55000000.0 .004860051    146 320000000. 0.0           159 840000000. 0.0       
   121 19000000.0 .002409205    134 60000000.0 .005049376    147 360000000. 0.0           160 880000000. 0.0       
   122 20000000.0 .003629260    135 70000000.0 .005180813    148 400000000. 0.0           161 920000000. 0.0       
   123 22000000.0 .003183657    136 80000000.0 .005252524    149 440000000. 0.0           162 960000000. 0.0       
   124 24000000.0 .003809781    137 90000000.0 .005285483    150 480000000. 0.0           163 1.00000E+9
   125 26000000.0 .005063398    138 100000000. .005284990    151 520000000. 0.0       
   126 28000000.0 .005056581    139 120000000. .005212650    152 560000000. 0.0       
   127 30000000.0 .004228683    140 140000000. 0.0           153 600000000. 0.0       
 
                                                     MT=  5
 MAT 1422                         0.0        Kelvin Unshielded Cross Sections                          14-Si-27 

   No.  Group-eV   Average      No.  Group-eV   Average      No.  Group-eV   Average      No.  Group-eV   Average

   102 8000000.00 3.88302E-5    118 16000000.0 .009056810    134 60000000.0 .002129249    150 480000000. 0.0       
   103 8200000.00 1.16815E-4    119 17000000.0 .020708702    135 70000000.0 .001875653    151 520000000. 0.0       
   104 8400000.00 1.89162E-4    120 18000000.0 .042735094    136 80000000.0 .001669534    152 560000000. 0.0       
   105 8600000.00 2.27413E-4    121 19000000.0 .061678529    137 90000000.0 .001542163    153 600000000. 0.0       
   106 8800000.00 2.59937E-4    122 20000000.0 .065460889    138 100000000. .001380112    154 640000000. 0.0       
   107 9000000.00 2.88287E-4    123 22000000.0 .039187653    139 120000000. .001226128    155 680000000. 0.0       
   108 9200000.00 3.12432E-4    124 24000000.0 .031159521    140 140000000. 0.0           156 720000000. 0.0       
   109 9400000.00 3.37113E-4    125 26000000.0 .029446617    141 160000000. 0.0           157 760000000. 0.0       
   110 9600000.00 3.65030E-4    126 28000000.0 .021617381    142 180000000. 0.0           158 800000000. 0.0       
   111 9800000.00 3.93490E-4    127 30000000.0 .012035050    143 200000000. 0.0           159 840000000. 0.0       
   112 10000000.0 4.98424E-4    128 35000000.0 .006492075    144 240000000. 0.0           160 880000000. 0.0       
   113 11000000.0 7.40744E-4    129 40000000.0 .004340004    145 280000000. 0.0           161 920000000. 0.0       
   114 12000000.0 .001107520    130 45000000.0 .003329858    146 320000000. 0.0           162 960000000. 0.0       
   115 13000000.0 .001676245    131 50000000.0 .002863389    147 360000000. 0.0           163 1.00000E+9
   116 14000000.0 .002729018    132 54000000.0 .002654223    148 400000000. 0.0       
   117 15000000.0 .004735808    133 55000000.0 .002465192    149 440000000. 0.0       
 
                                                     MT=  5
 MAT 1422                         0.0        Kelvin Unshielded Cross Sections                          14-Si-27 

   No.  Group-eV   Average      No.  Group-eV   Average      No.  Group-eV   Average      No.  Group-eV   Average

   119 17000000.0 7.15857E-8    131 50000000.0 1.59461E-4    143 200000000. 0.0           155 680000000. 0.0       
   120 18000000.0 6.67383E-6    132 54000000.0 1.56405E-4    144 240000000. 0.0           156 720000000. 0.0       
   121 19000000.0 5.21562E-5    133 55000000.0 1.52660E-4    145 280000000. 0.0           157 760000000. 0.0       
   122 20000000.0 1.78867E-4    134 60000000.0 1.43568E-4    146 320000000. 0.0           158 800000000. 0.0       
   123 22000000.0 2.31251E-4    135 70000000.0 1.36452E-4    147 360000000. 0.0           159 840000000. 0.0       
   124 24000000.0 2.62412E-4    136 80000000.0 1.25345E-4    148 400000000. 0.0           160 880000000. 0.0       
   125 26000000.0 3.16746E-4    137 90000000.0 1.18951E-4    149 440000000. 0.0           161 920000000. 0.0       
   126 28000000.0 3.03579E-4    138 100000000. 1.06595E-4    150 480000000. 0.0           162 960000000. 0.0       
   127 30000000.0 2.43152E-4    139 120000000. 9.40686E-5    151 520000000. 0.0           163 1.00000E+9
   128 35000000.0 1.90559E-4    140 140000000. 0.0           152 560000000. 0.0       
   129 40000000.0 1.72970E-4    141 160000000. 0.0           153 600000000. 0.0       
   130 45000000.0 1.63741E-4    142 180000000. 0.0           154 640000000. 0.0       
 
                                                     MT=  5
 MAT 1422                         0.0        Kelvin Unshielded Cross Sections                          14-Si-27 

   No.  Group-eV   Average      No.  Group-eV   Average      No.  Group-eV   Average      No.  Group-eV   Average

   125 26000000.0 7.1301E-11    135 70000000.0 1.35445E-5    145 280000000. 0.0           155 680000000. 0.0       
   126 28000000.0 5.43432E-7    136 80000000.0 1.59136E-5    146 320000000. 0.0           156 720000000. 0.0       
   127 30000000.0 3.85290E-6    137 90000000.0 1.70070E-5    147 360000000. 0.0           157 760000000. 0.0       
   128 35000000.0 4.82102E-6    138 100000000. 1.83976E-5    148 400000000. 0.0           158 800000000. 0.0       
   129 40000000.0 5.32724E-6    139 120000000. 1.84648E-5    149 440000000. 0.0           159 840000000. 0.0       
   130 45000000.0 6.07531E-6    140 140000000. 0.0           150 480000000. 0.0           160 880000000. 0.0       
   131 50000000.0 6.93384E-6    141 160000000. 0.0           151 520000000. 0.0           161 920000000. 0.0       
   132 54000000.0 7.64977E-6    142 180000000. 0.0           152 560000000. 0.0           162 960000000. 0.0       
   133 55000000.0 8.59677E-6    143 200000000. 0.0           153 600000000. 0.0           163 1.00000E+9
   134 60000000.0 1.10068E-5    144 240000000. 0.0           154 640000000. 0.0       
 
                                                     MT=  5
 MAT 1422                         0.0        Kelvin Unshielded Cross Sections                          14-Si-27 

   No.  Group-eV   Average      No.  Group-eV   Average      No.  Group-eV   Average      No.  Group-eV   Average

   113 11000000.0 1.71093E-6    126 28000000.0 .001772912    139 120000000. 3.51908E-4    152 560000000. 0.0       
   114 12000000.0 2.10806E-5    127 30000000.0 .001198614    140 140000000. 0.0           153 600000000. 0.0       
   115 13000000.0 8.75354E-5    128 35000000.0 8.25724E-4    141 160000000. 0.0           154 640000000. 0.0       
   116 14000000.0 2.00882E-4    129 40000000.0 7.38167E-4    142 180000000. 0.0           155 680000000. 0.0       
   117 15000000.0 3.92546E-4    130 45000000.0 6.90917E-4    143 200000000. 0.0           156 720000000. 0.0       
   118 16000000.0 7.74917E-4    131 50000000.0 6.16645E-4    144 240000000. 0.0           157 760000000. 0.0       
   119 17000000.0 .001703000    132 54000000.0 6.10309E-4    145 280000000. 0.0           158 800000000. 0.0       
   120 18000000.0 .003351641    133 55000000.0 6.05651E-4    146 320000000. 0.0           159 840000000. 0.0       
   121 19000000.0 .004647354    134 60000000.0 5.90453E-4    147 360000000. 0.0           160 880000000. 0.0       
   122 20000000.0 .004620586    135 70000000.0 5.24106E-4    148 400000000. 0.0           161 920000000. 0.0       
   123 22000000.0 .002592938    136 80000000.0 5.06112E-4    149 440000000. 0.0           162 960000000. 0.0       
   124 24000000.0 .002143189    137 90000000.0 4.55392E-4    150 480000000. 0.0           163 1.00000E+9
   125 26000000.0 .002189446    138 100000000. 4.13345E-4    151 520000000. 0.0       
 
                                                     MT=  5
 MAT 1422                         0.0        Kelvin Unshielded Cross Sections                          14-Si-27 

   No.  Group-eV   Average      No.  Group-eV   Average      No.  Group-eV   Average      No.  Group-eV   Average

   133 55000000.0 3.0738E-11    141 160000000. 0.0           149 440000000. 0.0           157 760000000. 0.0       
   134 60000000.0 1.33111E-5    142 180000000. 0.0           150 480000000. 0.0           158 800000000. 0.0       
   135 70000000.0 1.42392E-4    143 200000000. 0.0           151 520000000. 0.0           159 840000000. 0.0       
   136 80000000.0 2.96017E-4    144 240000000. 0.0           152 560000000. 0.0           160 880000000. 0.0       
   137 90000000.0 3.34967E-4    145 280000000. 0.0           153 600000000. 0.0           161 920000000. 0.0       
   138 100000000. 2.44113E-4    146 320000000. 0.0           154 640000000. 0.0           162 960000000. 0.0       
   139 120000000. 9.50757E-5    147 360000000. 0.0           155 680000000. 0.0           163 1.00000E+9
   140 140000000. 0.0           148 400000000. 0.0           156 720000000. 0.0       
 
                                                     MT=  5
 MAT 1422                         0.0        Kelvin Unshielded Cross Sections                          14-Si-27 

   No.  Group-eV   Average      No.  Group-eV   Average      No.  Group-eV   Average      No.  Group-eV   Average

   129 40000000.0 6.43627E-8    138 100000000. 3.81145E-5    147 360000000. 0.0           156 720000000. 0.0       
   130 45000000.0 2.22942E-5    139 120000000. 1.61122E-5    148 400000000. 0.0           157 760000000. 0.0       
   131 50000000.0 1.36104E-4    140 140000000. 0.0           149 440000000. 0.0           158 800000000. 0.0       
   132 54000000.0 2.23317E-4    141 160000000. 0.0           150 480000000. 0.0           159 840000000. 0.0       
   133 55000000.0 3.10456E-4    142 180000000. 0.0           151 520000000. 0.0           160 880000000. 0.0       
   134 60000000.0 4.26107E-4    143 200000000. 0.0           152 560000000. 0.0           161 920000000. 0.0       
   135 70000000.0 3.19682E-4    144 240000000. 0.0           153 600000000. 0.0           162 960000000. 0.0       
   136 80000000.0 1.78714E-4    145 280000000. 0.0           154 640000000. 0.0           163 1.00000E+9
   137 90000000.0 8.93157E-5    146 320000000. 0.0           155 680000000. 0.0       
 
                                                     MT=  5
 MAT 1422                         0.0        Kelvin Unshielded Cross Sections                          14-Si-27 

   No.  Group-eV   Average      No.  Group-eV   Average      No.  Group-eV   Average      No.  Group-eV   Average

   124 24000000.0 5.24329E-6    134 60000000.0 1.53032E-4    144 240000000. 0.0           154 640000000. 0.0       
   125 26000000.0 1.73557E-4    135 70000000.0 6.42840E-5    145 280000000. 0.0           155 680000000. 0.0       
   126 28000000.0 5.73895E-4    136 80000000.0 3.27465E-5    146 320000000. 0.0           156 720000000. 0.0       
   127 30000000.0 8.43423E-4    137 90000000.0 1.87887E-5    147 360000000. 0.0           157 760000000. 0.0       
   128 35000000.0 7.75322E-4    138 100000000. 1.09782E-5    148 400000000. 0.0           158 800000000. 0.0       
   129 40000000.0 7.27852E-4    139 120000000. 7.05924E-6    149 440000000. 0.0           159 840000000. 0.0       
   130 45000000.0 6.66199E-4    140 140000000. 0.0           150 480000000. 0.0           160 880000000. 0.0       
   131 50000000.0 4.80040E-4    141 160000000. 0.0           151 520000000. 0.0           161 920000000. 0.0       
   132 54000000.0 3.87071E-4    142 180000000. 0.0           152 560000000. 0.0           162 960000000. 0.0       
   133 55000000.0 2.95957E-4    143 200000000. 0.0           153 600000000. 0.0           163 1.00000E+9
 
                                                     MT=  5
 MAT 1422                         0.0        Kelvin Unshielded Cross Sections                          14-Si-27 

   No.  Group-eV   Average      No.  Group-eV   Average      No.  Group-eV   Average      No.  Group-eV   Average

   113 11000000.0 1.71093E-6    126 28000000.0 .001199011    139 120000000. 1.19770E-7    152 560000000. 0.0       
   114 12000000.0 2.10806E-5    127 30000000.0 3.55190E-4    140 140000000. 0.0           153 600000000. 0.0       
   115 13000000.0 8.75354E-5    128 35000000.0 5.04013E-5    141 160000000. 0.0           154 640000000. 0.0       
   116 14000000.0 2.00882E-4    129 40000000.0 1.03197E-5    142 180000000. 0.0           155 680000000. 0.0       
   117 15000000.0 3.92546E-4    130 45000000.0 4.01315E-6    143 200000000. 0.0           156 720000000. 0.0       
   118 16000000.0 7.74917E-4    131 50000000.0 5.33546E-6    144 240000000. 0.0           157 760000000. 0.0       
   119 17000000.0 .001703000    132 54000000.0 6.19443E-6    145 280000000. 0.0           158 800000000. 0.0       
   120 18000000.0 .003351641    133 55000000.0 6.25487E-6    146 320000000. 0.0           159 840000000. 0.0       
   121 19000000.0 .004647354    134 60000000.0 4.44217E-6    147 360000000. 0.0           160 880000000. 0.0       
   122 20000000.0 .004620586    135 70000000.0 2.10018E-6    148 400000000. 0.0           161 920000000. 0.0       
   123 22000000.0 .002592938    136 80000000.0 9.51389E-7    149 440000000. 0.0           162 960000000. 0.0       
   124 24000000.0 .002137947    137 90000000.0 4.95251E-7    150 480000000. 0.0           163 1.00000E+9
   125 26000000.0 .002015889    138 100000000. 2.56519E-7    151 520000000. 0.0       
 
                                                     MT=  5
 MAT 1422                         0.0        Kelvin Unshielded Cross Sections                          14-Si-27 

   No.  Group-eV   Average      No.  Group-eV   Average      No.  Group-eV   Average      No.  Group-eV   Average

   123 22000000.0 5.17927E-9    134 60000000.0 2.38938E-5    145 280000000. 0.0           156 720000000. 0.0       
   124 24000000.0 2.04461E-6    135 70000000.0 1.16086E-5    146 320000000. 0.0           157 760000000. 0.0       
   125 26000000.0 3.58668E-5    136 80000000.0 6.67594E-6    147 360000000. 0.0           158 800000000. 0.0       
   126 28000000.0 1.32086E-4    137 90000000.0 4.34762E-6    148 400000000. 0.0           159 840000000. 0.0       
   127 30000000.0 2.96940E-4    138 100000000. 2.63221E-6    149 440000000. 0.0           160 880000000. 0.0       
   128 35000000.0 3.25660E-4    139 120000000. 1.44009E-6    150 480000000. 0.0           161 920000000. 0.0       
   129 40000000.0 2.14453E-4    140 140000000. 0.0           151 520000000. 0.0           162 960000000. 0.0       
   130 45000000.0 1.28193E-4    141 160000000. 0.0           152 560000000. 0.0           163 1.00000E+9
   131 50000000.0 7.97140E-5    142 180000000. 0.0           153 600000000. 0.0       
   132 54000000.0 6.05984E-5    143 200000000. 0.0           154 640000000. 0.0       
   133 55000000.0 4.54161E-5    144 240000000. 0.0           155 680000000. 0.0       
 
                                                     MT=  5
 MAT 1422                         0.0        Kelvin Unshielded Cross Sections                          14-Si-27 

   No.  Group-eV   Average      No.  Group-eV   Average      No.  Group-eV   Average      No.  Group-eV   Average

   117 15000000.0 4.93006E-5    129 40000000.0 7.02405E-4    141 160000000. 0.0           153 600000000. 0.0       
   118 16000000.0 5.45275E-4    130 45000000.0 3.89056E-4    142 180000000. 0.0           154 640000000. 0.0       
   119 17000000.0 .003299693    131 50000000.0 2.66196E-4    143 200000000. 0.0           155 680000000. 0.0       
   120 18000000.0 .010599907    132 54000000.0 2.25931E-4    144 240000000. 0.0           156 720000000. 0.0       
   121 19000000.0 .019283289    133 55000000.0 1.94390E-4    145 280000000. 0.0           157 760000000. 0.0       
   122 20000000.0 .024113538    134 60000000.0 1.46846E-4    146 320000000. 0.0           158 800000000. 0.0       
   123 22000000.0 .015786833    135 70000000.0 1.16637E-4    147 360000000. 0.0           159 840000000. 0.0       
   124 24000000.0 .012572806    136 80000000.0 1.02571E-4    148 400000000. 0.0           160 880000000. 0.0       
   125 26000000.0 .011507992    137 90000000.0 9.41911E-5    149 440000000. 0.0           161 920000000. 0.0       
   126 28000000.0 .008077425    138 100000000. 8.61130E-5    150 480000000. 0.0           162 960000000. 0.0       
   127 30000000.0 .004006570    139 120000000. 7.84714E-5    151 520000000. 0.0           163 1.00000E+9
   128 35000000.0 .001546235    140 140000000. 0.0           152 560000000. 0.0       
 
                                                     MT=  5
 MAT 1422                         0.0        Kelvin Unshielded Cross Sections                          14-Si-27 

   No.  Group-eV   Average      No.  Group-eV   Average      No.  Group-eV   Average      No.  Group-eV   Average

   138 100000000. 6.08539E-7    145 280000000. 0.0           152 560000000. 0.0           159 840000000. 0.0       
   139 120000000. 3.19919E-5    146 320000000. 0.0           153 600000000. 0.0           160 880000000. 0.0       
   140 140000000. 0.0           147 360000000. 0.0           154 640000000. 0.0           161 920000000. 0.0       
   141 160000000. 0.0           148 400000000. 0.0           155 680000000. 0.0           162 960000000. 0.0       
   142 180000000. 0.0           149 440000000. 0.0           156 720000000. 0.0           163 1.00000E+9
   143 200000000. 0.0           150 480000000. 0.0           157 760000000. 0.0       
   144 240000000. 0.0           151 520000000. 0.0           158 800000000. 0.0       
 
                                                     MT=  5
 MAT 1422                         0.0        Kelvin Unshielded Cross Sections                          14-Si-27 

   No.  Group-eV   Average      No.  Group-eV   Average      No.  Group-eV   Average      No.  Group-eV   Average

   135 70000000.0 1.7544E-11    143 200000000. 0.0           151 520000000. 0.0           159 840000000. 0.0       
   136 80000000.0 8.53746E-7    144 240000000. 0.0           152 560000000. 0.0           160 880000000. 0.0       
   137 90000000.0 1.88286E-5    145 280000000. 0.0           153 600000000. 0.0           161 920000000. 0.0       
   138 100000000. 1.39469E-4    146 320000000. 0.0           154 640000000. 0.0           162 960000000. 0.0       
   139 120000000. 3.09902E-4    147 360000000. 0.0           155 680000000. 0.0           163 1.00000E+9
   140 140000000. 0.0           148 400000000. 0.0           156 720000000. 0.0       
   141 160000000. 0.0           149 440000000. 0.0           157 760000000. 0.0       
   142 180000000. 0.0           150 480000000. 0.0           158 800000000. 0.0       
 
                                                     MT=  5
 MAT 1422                         0.0        Kelvin Unshielded Cross Sections                          14-Si-27 

   No.  Group-eV   Average      No.  Group-eV   Average      No.  Group-eV   Average      No.  Group-eV   Average

   134 60000000.0 7.26953E-7    142 180000000. 0.0           150 480000000. 0.0           158 800000000. 0.0       
   135 70000000.0 4.94910E-5    143 200000000. 0.0           151 520000000. 0.0           159 840000000. 0.0       
   136 80000000.0 2.23055E-4    144 240000000. 0.0           152 560000000. 0.0           160 880000000. 0.0       
   137 90000000.0 4.14529E-4    145 280000000. 0.0           153 600000000. 0.0           161 920000000. 0.0       
   138 100000000. 4.31557E-4    146 320000000. 0.0           154 640000000. 0.0           162 960000000. 0.0       
   139 120000000. 2.69643E-4    147 360000000. 0.0           155 680000000. 0.0           163 1.00000E+9
   140 140000000. 0.0           148 400000000. 0.0           156 720000000. 0.0       
   141 160000000. 0.0           149 440000000. 0.0           157 760000000. 0.0       
 
                                                     MT=  5
 MAT 1422                         0.0        Kelvin Unshielded Cross Sections                          14-Si-27 

   No.  Group-eV   Average      No.  Group-eV   Average      No.  Group-eV   Average      No.  Group-eV   Average

   129 40000000.0 1.56726E-7    138 100000000. 3.39125E-4    147 360000000. 0.0           156 720000000. 0.0       
   130 45000000.0 2.21019E-5    139 120000000. 2.16309E-4    148 400000000. 0.0           157 760000000. 0.0       
   131 50000000.0 1.58733E-4    140 140000000. 0.0           149 440000000. 0.0           158 800000000. 0.0       
   132 54000000.0 2.89167E-4    141 160000000. 0.0           150 480000000. 0.0           159 840000000. 0.0       
   133 55000000.0 4.53693E-4    142 180000000. 0.0           151 520000000. 0.0           160 880000000. 0.0       
   134 60000000.0 7.59035E-4    143 200000000. 0.0           152 560000000. 0.0           161 920000000. 0.0       
   135 70000000.0 9.24161E-4    144 240000000. 0.0           153 600000000. 0.0           162 960000000. 0.0       
   136 80000000.0 7.65198E-4    145 280000000. 0.0           154 640000000. 0.0           163 1.00000E+9
   137 90000000.0 5.47537E-4    146 320000000. 0.0           155 680000000. 0.0       
 
                                                     MT=  5
 MAT 1422                         0.0        Kelvin Unshielded Cross Sections                          14-Si-27 

   No.  Group-eV   Average      No.  Group-eV   Average      No.  Group-eV   Average      No.  Group-eV   Average

   125 26000000.0 7.1301E-11    135 70000000.0 4.19515E-4    145 280000000. 0.0           155 680000000. 0.0       
   126 28000000.0 5.43432E-7    136 80000000.0 2.99345E-4    146 320000000. 0.0           156 720000000. 0.0       
   127 30000000.0 3.86275E-6    137 90000000.0 2.39574E-4    147 360000000. 0.0           157 760000000. 0.0       
   128 35000000.0 1.02760E-4    138 100000000. 1.95422E-4    148 400000000. 0.0           158 800000000. 0.0       
   129 40000000.0 6.77694E-4    139 120000000. 1.64885E-4    149 440000000. 0.0           159 840000000. 0.0       
   130 45000000.0 .001158963    140 140000000. 0.0           150 480000000. 0.0           160 880000000. 0.0       
   131 50000000.0 .001263568    141 160000000. 0.0           151 520000000. 0.0           161 920000000. 0.0       
   132 54000000.0 .001173136    142 180000000. 0.0           152 560000000. 0.0           162 960000000. 0.0       
   133 55000000.0 .001017689    143 200000000. 0.0           153 600000000. 0.0           163 1.00000E+9
   134 60000000.0 6.78300E-4    144 240000000. 0.0           154 640000000. 0.0       
 
                                                     MT=  5
 MAT 1422                         0.0        Kelvin Unshielded Cross Sections                          14-Si-27 

   No.  Group-eV   Average      No.  Group-eV   Average      No.  Group-eV   Average      No.  Group-eV   Average

   119 17000000.0 7.15857E-8    131 50000000.0 8.74793E-4    143 200000000. 0.0           155 680000000. 0.0       
   120 18000000.0 6.67383E-6    132 54000000.0 7.44691E-4    144 240000000. 0.0           156 720000000. 0.0       
   121 19000000.0 2.53690E-4    133 55000000.0 6.40365E-4    145 280000000. 0.0           157 760000000. 0.0       
   122 20000000.0 .001728512    134 60000000.0 4.77396E-4    146 320000000. 0.0           158 800000000. 0.0       
   123 22000000.0 .002597417    135 70000000.0 3.58605E-4    147 360000000. 0.0           159 840000000. 0.0       
   124 24000000.0 .003641748    136 80000000.0 2.93081E-4    148 400000000. 0.0           160 880000000. 0.0       
   125 26000000.0 .004894528    137 90000000.0 2.53656E-4    149 440000000. 0.0           161 920000000. 0.0       
   126 28000000.0 .004505452    138 100000000. 2.17535E-4    150 480000000. 0.0           162 960000000. 0.0       
   127 30000000.0 .003274418    139 120000000. 1.84175E-4    151 520000000. 0.0           163 1.00000E+9
   128 35000000.0 .002694442    140 140000000. 0.0           152 560000000. 0.0       
   129 40000000.0 .001931122    141 160000000. 0.0           153 600000000. 0.0       
   130 45000000.0 .001235451    142 180000000. 0.0           154 640000000. 0.0       
 
                                                     MT=  5
 MAT 1422                         0.0        Kelvin Unshielded Cross Sections                          14-Si-27 

   No.  Group-eV   Average      No.  Group-eV   Average      No.  Group-eV   Average      No.  Group-eV   Average

   102 8000000.00 3.88302E-5    118 16000000.0 .007966250    134 60000000.0 1.40142E-5    150 480000000. 0.0       
   103 8200000.00 1.16815E-4    119 17000000.0 .014109346    135 70000000.0 8.68550E-6    151 520000000. 0.0       
   104 8400000.00 1.89162E-4    120 18000000.0 .021535288    136 80000000.0 5.72423E-6    152 560000000. 0.0       
   105 8600000.00 2.27413E-4    121 19000000.0 .022910446    137 90000000.0 3.92582E-6    153 600000000. 0.0       
   106 8800000.00 2.59937E-4    122 20000000.0 .015684140    138 100000000. 2.39647E-6    154 640000000. 0.0       
   107 9000000.00 2.88287E-4    123 22000000.0 .005247797    139 120000000. 1.26476E-6    155 680000000. 0.0       
   108 9200000.00 3.12432E-4    124 24000000.0 .002630496    140 140000000. 0.0           156 720000000. 0.0       
   109 9400000.00 3.37113E-4    125 26000000.0 .001781102    141 160000000. 0.0           157 760000000. 0.0       
   110 9600000.00 3.65030E-4    126 28000000.0 9.96485E-4    142 180000000. 0.0           158 800000000. 0.0       
   111 9800000.00 3.93490E-4    127 30000000.0 3.96750E-4    143 200000000. 0.0           159 840000000. 0.0       
   112 10000000.0 4.98424E-4    128 35000000.0 1.46467E-4    144 240000000. 0.0           160 880000000. 0.0       
   113 11000000.0 7.40744E-4    129 40000000.0 7.54722E-5    145 280000000. 0.0           161 920000000. 0.0       
   114 12000000.0 .001107520    130 45000000.0 4.54845E-5    146 320000000. 0.0           162 960000000. 0.0       
   115 13000000.0 .001676245    131 50000000.0 3.12048E-5    147 360000000. 0.0           163 1.00000E+9
   116 14000000.0 .002729018    132 54000000.0 2.56838E-5    148 400000000. 0.0       
   117 15000000.0 .004637209    133 55000000.0 2.10639E-5    149 440000000. 0.0       
 
                                                     MT=  5
 MAT 1422                         0.0        Kelvin Unshielded Cross Sections                          14-Si-27 

   No.  Group-eV   Average      No.  Group-eV   Average      No.  Group-eV   Average      No.  Group-eV   Average

   136 80000000.0 2.1496E-11    143 200000000. 0.0           150 480000000. 0.0           157 760000000. 0.0       
   137 90000000.0 4.82581E-8    144 240000000. 0.0           151 520000000. 0.0           158 800000000. 0.0       
   138 100000000. 1.65118E-6    145 280000000. 0.0           152 560000000. 0.0           159 840000000. 0.0       
   139 120000000. 7.45312E-6    146 320000000. 0.0           153 600000000. 0.0           160 880000000. 0.0       
   140 140000000. 0.0           147 360000000. 0.0           154 640000000. 0.0           161 920000000. 0.0       
   141 160000000. 0.0           148 400000000. 0.0           155 680000000. 0.0           162 960000000. 0.0       
   142 180000000. 0.0           149 440000000. 0.0           156 720000000. 0.0           163 1.00000E+9
 
                                                     MT=  5
 MAT 1422                         0.0        Kelvin Unshielded Cross Sections                          14-Si-27 

   No.  Group-eV   Average      No.  Group-eV   Average      No.  Group-eV   Average      No.  Group-eV   Average

   134 60000000.0 1.2394E-12    142 180000000. 0.0           150 480000000. 0.0           158 800000000. 0.0       
   135 70000000.0 1.28252E-7    143 200000000. 0.0           151 520000000. 0.0           159 840000000. 0.0       
   136 80000000.0 1.55257E-6    144 240000000. 0.0           152 560000000. 0.0           160 880000000. 0.0       
   137 90000000.0 4.83225E-6    145 280000000. 0.0           153 600000000. 0.0           161 920000000. 0.0       
   138 100000000. 9.36567E-6    146 320000000. 0.0           154 640000000. 0.0           162 960000000. 0.0       
   139 120000000. 1.09202E-5    147 360000000. 0.0           155 680000000. 0.0           163 1.00000E+9
   140 140000000. 0.0           148 400000000. 0.0           156 720000000. 0.0       
   141 160000000. 0.0           149 440000000. 0.0           157 760000000. 0.0       
 
                                                     MT=  5
 MAT 1422                         0.0        Kelvin Unshielded Cross Sections                          14-Si-27 

   No.  Group-eV   Average      No.  Group-eV   Average      No.  Group-eV   Average      No.  Group-eV   Average

   115 13000000.0 2.68036E-6    128 35000000.0 2.04446E-5    141 160000000. 0.0           154 640000000. 0.0       
   116 14000000.0 9.42493E-6    129 40000000.0 1.09587E-5    142 180000000. 0.0           155 680000000. 0.0       
   117 15000000.0 4.70811E-5    130 45000000.0 6.93214E-6    143 200000000. 0.0           156 720000000. 0.0       
   118 16000000.0 1.57292E-4    131 50000000.0 4.98725E-6    144 240000000. 0.0           157 760000000. 0.0       
   119 17000000.0 4.29797E-4    132 54000000.0 4.20291E-6    145 280000000. 0.0           158 800000000. 0.0       
   120 18000000.0 .001107698    133 55000000.0 3.49386E-6    146 320000000. 0.0           159 840000000. 0.0       
   121 19000000.0 .002207670    134 60000000.0 2.26417E-6    147 360000000. 0.0           160 880000000. 0.0       
   122 20000000.0 .002079612    135 70000000.0 1.37189E-6    148 400000000. 0.0           161 920000000. 0.0       
   123 22000000.0 8.17488E-4    136 80000000.0 1.00045E-6    149 440000000. 0.0           162 960000000. 0.0       
   124 24000000.0 4.23160E-4    137 90000000.0 7.77288E-7    150 480000000. 0.0           163 1.00000E+9
   125 26000000.0 2.76187E-4    138 100000000. 5.58898E-7    151 520000000. 0.0       
   126 28000000.0 1.48733E-4    139 120000000. 3.34846E-7    152 560000000. 0.0       
   127 30000000.0 5.66308E-5    140 140000000. 0.0           153 600000000. 0.0       
 
                                                     MT=  5
 MAT 1422                         0.0        Kelvin Unshielded Cross Sections                          14-Si-27 

   No.  Group-eV   Average      No.  Group-eV   Average      No.  Group-eV   Average      No.  Group-eV   Average

    99 7400000.00 6.30805E-5    116 14000000.0 .004525206    133 55000000.0 .005486133    150 480000000. 0.0       
   100 7600000.00 1.15454E-4    117 15000000.0 .008178186    134 60000000.0 .004754270    151 520000000. 0.0       
   101 7800000.00 1.25568E-4    118 16000000.0 .014800124    135 70000000.0 .004405131    152 560000000. 0.0       
   102 8000000.00 1.12473E-4    119 17000000.0 .027706010    136 80000000.0 .004404534    153 600000000. 0.0       
   103 8200000.00 7.59754E-5    120 18000000.0 .045789356    137 90000000.0 .004541622    154 640000000. 0.0       
   104 8400000.00 4.53171E-5    121 19000000.0 .055883824    138 100000000. .004173515    155 680000000. 0.0       
   105 8600000.00 4.99724E-5    122 20000000.0 .050254590    139 120000000. .003404138    156 720000000. 0.0       
   106 8800000.00 6.05593E-5    123 22000000.0 .028828032    140 140000000. 0.0           157 760000000. 0.0       
   107 9000000.00 7.46012E-5    124 24000000.0 .025927393    141 160000000. 0.0           158 800000000. 0.0       
   108 9200000.00 9.21237E-5    125 26000000.0 .027881865    142 180000000. 0.0           159 840000000. 0.0       
   109 9400000.00 1.10094E-4    126 28000000.0 .022297539    143 200000000. 0.0           160 880000000. 0.0       
   110 9600000.00 1.30767E-4    127 30000000.0 .014105758    144 240000000. 0.0           161 920000000. 0.0       
   111 9800000.00 1.51895E-4    128 35000000.0 .010047553    145 280000000. 0.0           162 960000000. 0.0       
   112 10000000.0 2.50792E-4    129 40000000.0 .008300256    146 320000000. 0.0           163 1.00000E+9
   113 11000000.0 6.14190E-4    130 45000000.0 .007510489    147 360000000. 0.0       
   114 12000000.0 .001361904    131 50000000.0 .006630182    148 400000000. 0.0       
   115 13000000.0 .002530528    132 54000000.0 .006048289    149 440000000. 0.0       
 
