 Create New Section Index (DICTIN 2019-1)
 ------------------------------------------------------------
 ENDF/B Input and Output Data Filenames
 ------------------------------------------------------------
 DICTIN.IN                                                               
 DICTIN.OUT                                                              
 ------------------------------------------------------------
 First Pass. Reading ENDF/B Data
 ------------------------------------------------------------
  MAT   Messages
 ------------------------------------------------------------
 1625
 ------------------------------------------------------------
 Second Pass. Creating New Index
 ------------------------------------------------------------
 ENDF/B  MAT MF  MT  Lines  Mod
 Format
 ------------------------------------------------------------
  VI    1625  1 451     37    1
        1625  3   5     27    1
        1625 10   5    729    1
 ------------------------------------------------------------
 Original Line Count    801
 Final Line Count       802
 ------------------------------------------------------------
 ===============================================================================
 DICTIN   Total Execution Time                0.00 Seconds
 ===============================================================================
