                                                     MT=  5
 MAT 1625                         0.0        Kelvin Unshielded Cross Sections                          16-S -32 

   No.  Group-eV   Average      No.  Group-eV   Average      No.  Group-eV   Average      No.  Group-eV   Average

    96 6800000.00 3.82870E-8    113 11000000.0 .001871261    130 45000000.0 .004641598    147 360000000. 0.0       
    97 7000000.00 8.79780E-7    114 12000000.0 .002824873    131 50000000.0 .004060074    148 400000000. 0.0       
    98 7200000.00 2.04412E-6    115 13000000.0 .004341196    132 54000000.0 .003786670    149 440000000. 0.0       
    99 7400000.00 3.20846E-6    116 14000000.0 .006824042    133 55000000.0 .003524862    150 480000000. 0.0       
   100 7600000.00 4.37279E-6    117 15000000.0 .010958924    134 60000000.0 .003202901    151 520000000. 0.0       
   101 7800000.00 5.53712E-6    118 16000000.0 .017743162    135 70000000.0 .002958116    152 560000000. 0.0       
   102 8000000.00 6.70145E-6    119 17000000.0 .027830875    136 80000000.0 .002745068    153 600000000. 0.0       
   103 8200000.00 7.86577E-6    120 18000000.0 .039518591    137 90000000.0 .002538145    154 640000000. 0.0       
   104 8400000.00 9.03009E-6    121 19000000.0 .046756165    138 100000000. .002241666    155 680000000. 0.0       
   105 8600000.00 1.01944E-5    122 20000000.0 .041826895    139 120000000. .001890226    156 720000000. 0.0       
   106 8800000.00 1.13587E-5    123 22000000.0 .028987235    140 140000000. 0.0           157 760000000. 0.0       
   107 9000000.00 1.25230E-5    124 24000000.0 .021745237    141 160000000. 0.0           158 800000000. 0.0       
   108 9200000.00 1.36873E-5    125 26000000.0 .017784558    142 180000000. 0.0           159 840000000. 0.0       
   109 9400000.00 5.53635E-5    126 28000000.0 .014077367    143 200000000. 0.0           160 880000000. 0.0       
   110 9600000.00 3.41835E-4    127 30000000.0 .009920184    144 240000000. 0.0           161 920000000. 0.0       
   111 9800000.00 6.69390E-4    128 35000000.0 .006975502    145 280000000. 0.0           162 960000000. 0.0       
   112 10000000.0 .001162908    129 40000000.0 .005538058    146 320000000. 0.0           163 1.00000E+9
 
                                                     MT=  5
 MAT 1625                         0.0        Kelvin Unshielded Cross Sections                          16-S -32 

   No.  Group-eV   Average      No.  Group-eV   Average      No.  Group-eV   Average      No.  Group-eV   Average

   117 15000000.0 6.50826E-4    129 40000000.0 .005450561    141 160000000. 0.0           153 600000000. 0.0       
   118 16000000.0 .002204508    130 45000000.0 .005293022    142 180000000. 0.0           154 640000000. 0.0       
   119 17000000.0 .004538508    131 50000000.0 .005426951    143 200000000. 0.0           155 680000000. 0.0       
   120 18000000.0 .007525983    132 54000000.0 .005537589    144 240000000. 0.0           156 720000000. 0.0       
   121 19000000.0 .009753396    133 55000000.0 .005651954    145 280000000. 0.0           157 760000000. 0.0       
   122 20000000.0 .009092818    134 60000000.0 .006262219    146 320000000. 0.0           158 800000000. 0.0       
   123 22000000.0 .006074757    135 70000000.0 .007181099    147 360000000. 0.0           159 840000000. 0.0       
   124 24000000.0 .005002105    136 80000000.0 .007802946    148 400000000. 0.0           160 880000000. 0.0       
   125 26000000.0 .005433859    137 90000000.0 .008097401    149 440000000. 0.0           161 920000000. 0.0       
   126 28000000.0 .005548820    138 100000000. .008173434    150 480000000. 0.0           162 960000000. 0.0       
   127 30000000.0 .005493581    139 120000000. .007921818    151 520000000. 0.0           163 1.00000E+9
   128 35000000.0 .005561848    140 140000000. 0.0           152 560000000. 0.0       
 
                                                     MT=  5
 MAT 1625                         0.0        Kelvin Unshielded Cross Sections                          16-S -32 

   No.  Group-eV   Average      No.  Group-eV   Average      No.  Group-eV   Average      No.  Group-eV   Average

   109 9400000.00 3.88818E-5    123 22000000.0 .026771093    137 90000000.0 .001663145    151 520000000. 0.0       
   110 9600000.00 3.12709E-4    124 24000000.0 .021904302    138 100000000. .001373953    152 560000000. 0.0       
   111 9800000.00 6.25967E-4    125 26000000.0 .017467938    139 120000000. .001071700    153 600000000. 0.0       
   112 10000000.0 .001102554    126 28000000.0 .012986569    140 140000000. 0.0           154 640000000. 0.0       
   113 11000000.0 .001748121    127 30000000.0 .008472052    141 160000000. 0.0           155 680000000. 0.0       
   114 12000000.0 .002518466    128 35000000.0 .005710405    142 180000000. 0.0           156 720000000. 0.0       
   115 13000000.0 .003639598    129 40000000.0 .004560256    143 200000000. 0.0           157 760000000. 0.0       
   116 14000000.0 .005429262    130 45000000.0 .003859262    144 240000000. 0.0           158 800000000. 0.0       
   117 15000000.0 .008059838    131 50000000.0 .003365240    145 280000000. 0.0           159 840000000. 0.0       
   118 16000000.0 .012353335    132 54000000.0 .003116012    146 320000000. 0.0           160 880000000. 0.0       
   119 17000000.0 .019094376    133 55000000.0 .002863592    147 360000000. 0.0           161 920000000. 0.0       
   120 18000000.0 .027051194    134 60000000.0 .002493420    148 400000000. 0.0           162 960000000. 0.0       
   121 19000000.0 .032713832    135 70000000.0 .002165552    149 440000000. 0.0           163 1.00000E+9
   122 20000000.0 .032489311    136 80000000.0 .001894553    150 480000000. 0.0       
 
                                                     MT=  5
 MAT 1625                         0.0        Kelvin Unshielded Cross Sections                          16-S -32 

   No.  Group-eV   Average      No.  Group-eV   Average      No.  Group-eV   Average      No.  Group-eV   Average

   121 19000000.0 1.38923E-8    132 54000000.0 1.39782E-4    143 200000000. 0.0           154 640000000. 0.0       
   122 20000000.0 2.58249E-5    133 55000000.0 1.30833E-4    144 240000000. 0.0           155 680000000. 0.0       
   123 22000000.0 2.93415E-4    134 60000000.0 1.22042E-4    145 280000000. 0.0           156 720000000. 0.0       
   124 24000000.0 5.93845E-4    135 70000000.0 1.12376E-4    146 320000000. 0.0           157 760000000. 0.0       
   125 26000000.0 7.10552E-4    136 80000000.0 1.05508E-4    147 360000000. 0.0           158 800000000. 0.0       
   126 28000000.0 6.12164E-4    137 90000000.0 9.56712E-5    148 400000000. 0.0           159 840000000. 0.0       
   127 30000000.0 4.11326E-4    138 100000000. 8.31723E-5    149 440000000. 0.0           160 880000000. 0.0       
   128 35000000.0 2.60655E-4    139 120000000. 6.74916E-5    150 480000000. 0.0           161 920000000. 0.0       
   129 40000000.0 1.98082E-4    140 140000000. 0.0           151 520000000. 0.0           162 960000000. 0.0       
   130 45000000.0 1.67391E-4    141 160000000. 0.0           152 560000000. 0.0           163 1.00000E+9
   131 50000000.0 1.48713E-4    142 180000000. 0.0           153 600000000. 0.0       
 
                                                     MT=  5
 MAT 1625                         0.0        Kelvin Unshielded Cross Sections                          16-S -32 

   No.  Group-eV   Average      No.  Group-eV   Average      No.  Group-eV   Average      No.  Group-eV   Average

   124 24000000.0 5.52142E-6    134 60000000.0 1.53567E-4    144 240000000. 0.0           154 640000000. 0.0       
   125 26000000.0 5.98225E-5    135 70000000.0 1.72132E-4    145 280000000. 0.0           155 680000000. 0.0       
   126 28000000.0 1.02219E-4    136 80000000.0 1.81682E-4    146 320000000. 0.0           156 720000000. 0.0       
   127 30000000.0 9.08150E-5    137 90000000.0 1.83689E-4    147 360000000. 0.0           157 760000000. 0.0       
   128 35000000.0 8.53354E-5    138 100000000. 1.76804E-4    148 400000000. 0.0           158 800000000. 0.0       
   129 40000000.0 1.01381E-4    139 120000000. 1.59436E-4    149 440000000. 0.0           159 840000000. 0.0       
   130 45000000.0 1.17740E-4    140 140000000. 0.0           150 480000000. 0.0           160 880000000. 0.0       
   131 50000000.0 1.28971E-4    141 160000000. 0.0           151 520000000. 0.0           161 920000000. 0.0       
   132 54000000.0 1.33521E-4    142 180000000. 0.0           152 560000000. 0.0           162 960000000. 0.0       
   133 55000000.0 1.37785E-4    143 200000000. 0.0           153 600000000. 0.0           163 1.00000E+9
 
                                                     MT=  5
 MAT 1625                         0.0        Kelvin Unshielded Cross Sections                          16-S -32 

   No.  Group-eV   Average      No.  Group-eV   Average      No.  Group-eV   Average      No.  Group-eV   Average

    96 6800000.00 5.57727E-9    113 11000000.0 1.22622E-4    130 45000000.0 .001245021    147 360000000. 0.0       
    97 7000000.00 1.28157E-7    114 12000000.0 3.06024E-4    131 50000000.0 .001131980    148 400000000. 0.0       
    98 7200000.00 2.97767E-7    115 13000000.0 7.01153E-4    132 54000000.0 .001074184    149 440000000. 0.0       
    99 7400000.00 4.67375E-7    116 14000000.0 .001394152    133 55000000.0 .001016927    150 480000000. 0.0       
   100 7600000.00 6.36984E-7    117 15000000.0 .002247415    134 60000000.0 9.52439E-4    151 520000000. 0.0       
   101 7800000.00 8.06591E-7    118 16000000.0 .003184237    135 70000000.0 9.07478E-4    152 560000000. 0.0       
   102 8000000.00 9.76198E-7    119 17000000.0 .004197944    136 80000000.0 8.54628E-4    153 600000000. 0.0       
   103 8200000.00 1.14581E-6    120 18000000.0 .005017371    137 90000000.0 8.00666E-4    154 640000000. 0.0       
   104 8400000.00 1.31541E-6    121 19000000.0 .005121479    138 100000000. 7.14440E-4    155 680000000. 0.0       
   105 8600000.00 1.48502E-6    122 20000000.0 .004226200    139 120000000. 6.07865E-4    156 720000000. 0.0       
   106 8800000.00 1.65462E-6    123 22000000.0 .003216047    140 140000000. 0.0           157 760000000. 0.0       
   107 9000000.00 1.82423E-6    124 24000000.0 .002788670    141 160000000. 0.0           158 800000000. 0.0       
   108 9200000.00 1.99383E-6    125 26000000.0 .002605490    142 180000000. 0.0           159 840000000. 0.0       
   109 9400000.00 4.30722E-6    126 28000000.0 .002322891    143 200000000. 0.0           160 880000000. 0.0       
   110 9600000.00 1.95745E-5    127 30000000.0 .001914777    144 240000000. 0.0           161 920000000. 0.0       
   111 9800000.00 3.70159E-5    128 35000000.0 .001582937    145 280000000. 0.0           162 960000000. 0.0       
   112 10000000.0 5.75809E-5    129 40000000.0 .001390633    146 320000000. 0.0           163 1.00000E+9
 
                                                     MT=  5
 MAT 1625                         0.0        Kelvin Unshielded Cross Sections                          16-S -32 

   No.  Group-eV   Average      No.  Group-eV   Average      No.  Group-eV   Average      No.  Group-eV   Average

   137 90000000.0 4.2345E-12    144 240000000. 0.0           151 520000000. 0.0           158 800000000. 0.0       
   138 100000000. 7.14438E-6    145 280000000. 0.0           152 560000000. 0.0           159 840000000. 0.0       
   139 120000000. 1.51096E-4    146 320000000. 0.0           153 600000000. 0.0           160 880000000. 0.0       
   140 140000000. 0.0           147 360000000. 0.0           154 640000000. 0.0           161 920000000. 0.0       
   141 160000000. 0.0           148 400000000. 0.0           155 680000000. 0.0           162 960000000. 0.0       
   142 180000000. 0.0           149 440000000. 0.0           156 720000000. 0.0           163 1.00000E+9
   143 200000000. 0.0           150 480000000. 0.0           157 760000000. 0.0       
 
                                                     MT=  5
 MAT 1625                         0.0        Kelvin Unshielded Cross Sections                          16-S -32 

   No.  Group-eV   Average      No.  Group-eV   Average      No.  Group-eV   Average      No.  Group-eV   Average

   135 70000000.0 2.98639E-9    143 200000000. 0.0           151 520000000. 0.0           159 840000000. 0.0       
   136 80000000.0 8.16163E-6    144 240000000. 0.0           152 560000000. 0.0           160 880000000. 0.0       
   137 90000000.0 1.20609E-4    145 280000000. 0.0           153 600000000. 0.0           161 920000000. 0.0       
   138 100000000. 4.32780E-4    146 320000000. 0.0           154 640000000. 0.0           162 960000000. 0.0       
   139 120000000. 5.34236E-4    147 360000000. 0.0           155 680000000. 0.0           163 1.00000E+9
   140 140000000. 0.0           148 400000000. 0.0           156 720000000. 0.0       
   141 160000000. 0.0           149 440000000. 0.0           157 760000000. 0.0       
   142 180000000. 0.0           150 480000000. 0.0           158 800000000. 0.0       
 
                                                     MT=  5
 MAT 1625                         0.0        Kelvin Unshielded Cross Sections                          16-S -32 

   No.  Group-eV   Average      No.  Group-eV   Average      No.  Group-eV   Average      No.  Group-eV   Average

   133 55000000.0 7.2493E-18    141 160000000. 0.0           149 440000000. 0.0           157 760000000. 0.0       
   134 60000000.0 7.67102E-6    142 180000000. 0.0           150 480000000. 0.0           158 800000000. 0.0       
   135 70000000.0 1.97810E-4    143 200000000. 0.0           151 520000000. 0.0           159 840000000. 0.0       
   136 80000000.0 5.69929E-4    144 240000000. 0.0           152 560000000. 0.0           160 880000000. 0.0       
   137 90000000.0 7.28823E-4    145 280000000. 0.0           153 600000000. 0.0           161 920000000. 0.0       
   138 100000000. 5.59916E-4    146 320000000. 0.0           154 640000000. 0.0           162 960000000. 0.0       
   139 120000000. 2.86989E-4    147 360000000. 0.0           155 680000000. 0.0           163 1.00000E+9
   140 140000000. 0.0           148 400000000. 0.0           156 720000000. 0.0       
 
                                                     MT=  5
 MAT 1625                         0.0        Kelvin Unshielded Cross Sections                          16-S -32 

   No.  Group-eV   Average      No.  Group-eV   Average      No.  Group-eV   Average      No.  Group-eV   Average

   129 40000000.0 3.73853E-6    138 100000000. 3.00704E-4    147 360000000. 0.0           156 720000000. 0.0       
   130 45000000.0 1.06723E-4    139 120000000. 1.19934E-4    148 400000000. 0.0           157 760000000. 0.0       
   131 50000000.0 3.73843E-4    140 140000000. 0.0           149 440000000. 0.0           158 800000000. 0.0       
   132 54000000.0 5.33869E-4    141 160000000. 0.0           150 480000000. 0.0           159 840000000. 0.0       
   133 55000000.0 6.84655E-4    142 180000000. 0.0           151 520000000. 0.0           160 880000000. 0.0       
   134 60000000.0 .001015312    143 200000000. 0.0           152 560000000. 0.0           161 920000000. 0.0       
   135 70000000.0 .001159618    144 240000000. 0.0           153 600000000. 0.0           162 960000000. 0.0       
   136 80000000.0 8.90157E-4    145 280000000. 0.0           154 640000000. 0.0           163 1.00000E+9
   137 90000000.0 5.90974E-4    146 320000000. 0.0           155 680000000. 0.0       
 
                                                     MT=  5
 MAT 1625                         0.0        Kelvin Unshielded Cross Sections                          16-S -32 

   No.  Group-eV   Average      No.  Group-eV   Average      No.  Group-eV   Average      No.  Group-eV   Average

   125 26000000.0 4.55614E-7    135 70000000.0 8.23907E-5    145 280000000. 0.0           155 680000000. 0.0       
   126 28000000.0 3.36096E-5    136 80000000.0 4.70243E-5    146 320000000. 0.0           156 720000000. 0.0       
   127 30000000.0 5.23747E-4    137 90000000.0 2.60490E-5    147 360000000. 0.0           157 760000000. 0.0       
   128 35000000.0 .001195373    138 100000000. 1.19983E-5    148 400000000. 0.0           158 800000000. 0.0       
   129 40000000.0 .001289226    139 120000000. 5.24686E-6    149 440000000. 0.0           159 840000000. 0.0       
   130 45000000.0 .001112010    140 140000000. 0.0           150 480000000. 0.0           160 880000000. 0.0       
   131 50000000.0 7.50524E-4    141 160000000. 0.0           151 520000000. 0.0           161 920000000. 0.0       
   132 54000000.0 5.41887E-4    142 180000000. 0.0           152 560000000. 0.0           162 960000000. 0.0       
   133 55000000.0 3.65849E-4    143 200000000. 0.0           153 600000000. 0.0           163 1.00000E+9
   134 60000000.0 1.62818E-4    144 240000000. 0.0           154 640000000. 0.0       
 
                                                     MT=  5
 MAT 1625                         0.0        Kelvin Unshielded Cross Sections                          16-S -32 

   No.  Group-eV   Average      No.  Group-eV   Average      No.  Group-eV   Average      No.  Group-eV   Average

    96 6800000.00 5.57727E-9    113 11000000.0 1.22622E-4    130 45000000.0 1.53938E-4    147 360000000. 0.0       
    97 7000000.00 1.28157E-7    114 12000000.0 3.06024E-4    131 50000000.0 3.77291E-4    148 400000000. 0.0       
    98 7200000.00 2.97767E-7    115 13000000.0 7.01153E-4    132 54000000.0 5.10062E-4    149 440000000. 0.0       
    99 7400000.00 4.67375E-7    116 14000000.0 .001394152    133 55000000.0 6.05426E-4    150 480000000. 0.0       
   100 7600000.00 6.36984E-7    117 15000000.0 .002247415    134 60000000.0 5.95894E-4    151 520000000. 0.0       
   101 7800000.00 8.06591E-7    118 16000000.0 .003184237    135 70000000.0 3.51952E-4    152 560000000. 0.0       
   102 8000000.00 9.76198E-7    119 17000000.0 .004197944    136 80000000.0 1.72550E-4    153 600000000. 0.0       
   103 8200000.00 1.14581E-6    120 18000000.0 .005017371    137 90000000.0 9.22943E-5    154 640000000. 0.0       
   104 8400000.00 1.31541E-6    121 19000000.0 .005121479    138 100000000. 4.60653E-5    155 680000000. 0.0       
   105 8600000.00 1.48502E-6    122 20000000.0 .004226200    139 120000000. 2.19059E-5    156 720000000. 0.0       
   106 8800000.00 1.65462E-6    123 22000000.0 .003216047    140 140000000. 0.0           157 760000000. 0.0       
   107 9000000.00 1.82423E-6    124 24000000.0 .002788670    141 160000000. 0.0           158 800000000. 0.0       
   108 9200000.00 1.99383E-6    125 26000000.0 .002605035    142 180000000. 0.0           159 840000000. 0.0       
   109 9400000.00 4.30722E-6    126 28000000.0 .002289281    143 200000000. 0.0           160 880000000. 0.0       
   110 9600000.00 1.95745E-5    127 30000000.0 .001391031    144 240000000. 0.0           161 920000000. 0.0       
   111 9800000.00 3.70159E-5    128 35000000.0 3.87570E-4    145 280000000. 0.0           162 960000000. 0.0       
   112 10000000.0 5.75809E-5    129 40000000.0 1.07258E-4    146 320000000. 0.0           163 1.00000E+9
 
                                                     MT=  5
 MAT 1625                         0.0        Kelvin Unshielded Cross Sections                          16-S -32 

   No.  Group-eV   Average      No.  Group-eV   Average      No.  Group-eV   Average      No.  Group-eV   Average

   126 28000000.0 1.70495E-8    136 80000000.0 6.55076E-5    146 320000000. 0.0           156 720000000. 0.0       
   127 30000000.0 3.12058E-5    137 90000000.0 4.10266E-5    147 360000000. 0.0           157 760000000. 0.0       
   128 35000000.0 3.71387E-4    138 100000000. 2.35876E-5    148 400000000. 0.0           158 800000000. 0.0       
   129 40000000.0 8.81366E-4    139 120000000. 1.20470E-5    149 440000000. 0.0           159 840000000. 0.0       
   130 45000000.0 .001061880    140 140000000. 0.0           150 480000000. 0.0           160 880000000. 0.0       
   131 50000000.0 8.86604E-4    141 160000000. 0.0           151 520000000. 0.0           161 920000000. 0.0       
   132 54000000.0 7.28092E-4    142 180000000. 0.0           152 560000000. 0.0           162 960000000. 0.0       
   133 55000000.0 5.54364E-4    143 200000000. 0.0           153 600000000. 0.0           163 1.00000E+9
   134 60000000.0 2.80504E-4    144 240000000. 0.0           154 640000000. 0.0       
   135 70000000.0 1.21278E-4    145 280000000. 0.0           155 680000000. 0.0       
 
                                                     MT=  5
 MAT 1625                         0.0        Kelvin Unshielded Cross Sections                          16-S -32 

   No.  Group-eV   Average      No.  Group-eV   Average      No.  Group-eV   Average      No.  Group-eV   Average

   119 17000000.0 1.32269E-6    131 50000000.0 1.79179E-4    143 200000000. 0.0           155 680000000. 0.0       
   120 18000000.0 7.76443E-5    132 54000000.0 1.29663E-4    144 240000000. 0.0           156 720000000. 0.0       
   121 19000000.0 8.34516E-4    133 55000000.0 9.54214E-5    145 280000000. 0.0           157 760000000. 0.0       
   122 20000000.0 .004009620    134 60000000.0 5.44991E-5    146 320000000. 0.0           158 800000000. 0.0       
   123 22000000.0 .007291052    135 70000000.0 3.14963E-5    147 360000000. 0.0           159 840000000. 0.0       
   124 24000000.0 .007613784    136 80000000.0 2.03594E-5    148 400000000. 0.0           160 880000000. 0.0       
   125 26000000.0 .006076027    137 90000000.0 1.38936E-5    149 440000000. 0.0           161 920000000. 0.0       
   126 28000000.0 .004167879    138 100000000. 8.38931E-6    150 480000000. 0.0           162 960000000. 0.0       
   127 30000000.0 .002418212    139 120000000. 4.43442E-6    151 520000000. 0.0           163 1.00000E+9
   128 35000000.0 .001336697    140 140000000. 0.0           152 560000000. 0.0       
   129 40000000.0 6.92208E-4    141 160000000. 0.0           153 600000000. 0.0       
   130 45000000.0 3.35102E-4    142 180000000. 0.0           154 640000000. 0.0       
 
                                                     MT=  5
 MAT 1625                         0.0        Kelvin Unshielded Cross Sections                          16-S -32 

   No.  Group-eV   Average      No.  Group-eV   Average      No.  Group-eV   Average      No.  Group-eV   Average

   138 100000000. 9.8014E-11    145 280000000. 0.0           152 560000000. 0.0           159 840000000. 0.0       
   139 120000000. 4.71347E-6    146 320000000. 0.0           153 600000000. 0.0           160 880000000. 0.0       
   140 140000000. 0.0           147 360000000. 0.0           154 640000000. 0.0           161 920000000. 0.0       
   141 160000000. 0.0           148 400000000. 0.0           155 680000000. 0.0           162 960000000. 0.0       
   142 180000000. 0.0           149 440000000. 0.0           156 720000000. 0.0           163 1.00000E+9
   143 200000000. 0.0           150 480000000. 0.0           157 760000000. 0.0       
   144 240000000. 0.0           151 520000000. 0.0           158 800000000. 0.0       
 
                                                     MT=  5
 MAT 1625                         0.0        Kelvin Unshielded Cross Sections                          16-S -32 

   No.  Group-eV   Average      No.  Group-eV   Average      No.  Group-eV   Average      No.  Group-eV   Average

   137 90000000.0 5.14608E-8    144 240000000. 0.0           151 520000000. 0.0           158 800000000. 0.0       
   138 100000000. 2.18755E-5    145 280000000. 0.0           152 560000000. 0.0           159 840000000. 0.0       
   139 120000000. 1.04944E-4    146 320000000. 0.0           153 600000000. 0.0           160 880000000. 0.0       
   140 140000000. 0.0           147 360000000. 0.0           154 640000000. 0.0           161 920000000. 0.0       
   141 160000000. 0.0           148 400000000. 0.0           155 680000000. 0.0           162 960000000. 0.0       
   142 180000000. 0.0           149 440000000. 0.0           156 720000000. 0.0           163 1.00000E+9
   143 200000000. 0.0           150 480000000. 0.0           157 760000000. 0.0       
 
                                                     MT=  5
 MAT 1625                         0.0        Kelvin Unshielded Cross Sections                          16-S -32 

   No.  Group-eV   Average      No.  Group-eV   Average      No.  Group-eV   Average      No.  Group-eV   Average

   135 70000000.0 2.36550E-8    143 200000000. 0.0           151 520000000. 0.0           159 840000000. 0.0       
   136 80000000.0 1.46328E-5    144 240000000. 0.0           152 560000000. 0.0           160 880000000. 0.0       
   137 90000000.0 9.07104E-5    145 280000000. 0.0           153 600000000. 0.0           161 920000000. 0.0       
   138 100000000. 1.57600E-4    146 320000000. 0.0           154 640000000. 0.0           162 960000000. 0.0       
   139 120000000. 9.19361E-5    147 360000000. 0.0           155 680000000. 0.0           163 1.00000E+9
   140 140000000. 0.0           148 400000000. 0.0           156 720000000. 0.0       
   141 160000000. 0.0           149 440000000. 0.0           157 760000000. 0.0       
   142 180000000. 0.0           150 480000000. 0.0           158 800000000. 0.0       
 
                                                     MT=  5
 MAT 1625                         0.0        Kelvin Unshielded Cross Sections                          16-S -32 

   No.  Group-eV   Average      No.  Group-eV   Average      No.  Group-eV   Average      No.  Group-eV   Average

   133 55000000.0 2.21910E-7    141 160000000. 0.0           149 440000000. 0.0           157 760000000. 0.0       
   134 60000000.0 3.83642E-5    142 180000000. 0.0           150 480000000. 0.0           158 800000000. 0.0       
   135 70000000.0 1.48175E-4    143 200000000. 0.0           151 520000000. 0.0           159 840000000. 0.0       
   136 80000000.0 2.02906E-4    144 240000000. 0.0           152 560000000. 0.0           160 880000000. 0.0       
   137 90000000.0 1.51191E-4    145 280000000. 0.0           153 600000000. 0.0           161 920000000. 0.0       
   138 100000000. 6.28430E-5    146 320000000. 0.0           154 640000000. 0.0           162 960000000. 0.0       
   139 120000000. 1.75719E-5    147 360000000. 0.0           155 680000000. 0.0           163 1.00000E+9
   140 140000000. 0.0           148 400000000. 0.0           156 720000000. 0.0       
 
                                                     MT=  5
 MAT 1625                         0.0        Kelvin Unshielded Cross Sections                          16-S -32 

   No.  Group-eV   Average      No.  Group-eV   Average      No.  Group-eV   Average      No.  Group-eV   Average

   129 40000000.0 2.21433E-6    138 100000000. 1.51197E-5    147 360000000. 0.0           156 720000000. 0.0       
   130 45000000.0 5.79747E-5    139 120000000. 6.29277E-6    148 400000000. 0.0           157 760000000. 0.0       
   131 50000000.0 1.35604E-4    140 140000000. 0.0           149 440000000. 0.0           158 800000000. 0.0       
   132 54000000.0 1.70105E-4    141 160000000. 0.0           150 480000000. 0.0           159 840000000. 0.0       
   133 55000000.0 1.97216E-4    142 180000000. 0.0           151 520000000. 0.0           160 880000000. 0.0       
   134 60000000.0 2.07380E-4    143 200000000. 0.0           152 560000000. 0.0           161 920000000. 0.0       
   135 70000000.0 1.25997E-4    144 240000000. 0.0           153 600000000. 0.0           162 960000000. 0.0       
   136 80000000.0 6.41761E-5    145 280000000. 0.0           154 640000000. 0.0           163 1.00000E+9
   137 90000000.0 3.35857E-5    146 320000000. 0.0           155 680000000. 0.0       
 
                                                     MT=  5
 MAT 1625                         0.0        Kelvin Unshielded Cross Sections                          16-S -32 

   No.  Group-eV   Average      No.  Group-eV   Average      No.  Group-eV   Average      No.  Group-eV   Average

   124 24000000.0 5.52142E-6    134 60000000.0 1.02362E-4    144 240000000. 0.0           154 640000000. 0.0       
   125 26000000.0 5.98225E-5    135 70000000.0 4.78747E-5    145 280000000. 0.0           155 680000000. 0.0       
   126 28000000.0 1.02219E-4    136 80000000.0 2.70579E-5    146 320000000. 0.0           156 720000000. 0.0       
   127 30000000.0 1.05914E-4    137 90000000.0 1.72165E-5    147 360000000. 0.0           157 760000000. 0.0       
   128 35000000.0 3.09486E-4    138 100000000. 9.90066E-6    148 400000000. 0.0           158 800000000. 0.0       
   129 40000000.0 5.34590E-4    139 120000000. 5.10121E-6    149 440000000. 0.0           159 840000000. 0.0       
   130 45000000.0 4.89425E-4    140 140000000. 0.0           150 480000000. 0.0           160 880000000. 0.0       
   131 50000000.0 3.42666E-4    141 160000000. 0.0           151 520000000. 0.0           161 920000000. 0.0       
   132 54000000.0 2.66145E-4    142 180000000. 0.0           152 560000000. 0.0           162 960000000. 0.0       
   133 55000000.0 1.98031E-4    143 200000000. 0.0           153 600000000. 0.0           163 1.00000E+9
 
                                                     MT=  5
 MAT 1625                         0.0        Kelvin Unshielded Cross Sections                          16-S -32 

   No.  Group-eV   Average      No.  Group-eV   Average      No.  Group-eV   Average      No.  Group-eV   Average

   121 19000000.0 1.38923E-8    132 54000000.0 1.90366E-4    143 200000000. 0.0           154 640000000. 0.0       
   122 20000000.0 2.58249E-5    133 55000000.0 1.39773E-4    144 240000000. 0.0           155 680000000. 0.0       
   123 22000000.0 3.74414E-4    134 60000000.0 7.95470E-5    145 280000000. 0.0           156 720000000. 0.0       
   124 24000000.0 .001536407    135 70000000.0 4.56934E-5    146 320000000. 0.0           157 760000000. 0.0       
   125 26000000.0 .003137163    136 80000000.0 2.93821E-5    147 360000000. 0.0           158 800000000. 0.0       
   126 28000000.0 .003825573    137 90000000.0 1.99609E-5    148 400000000. 0.0           159 840000000. 0.0       
   127 30000000.0 .003431837    138 100000000. 1.19972E-5    149 440000000. 0.0           160 880000000. 0.0       
   128 35000000.0 .002165427    139 120000000. 6.34867E-6    150 480000000. 0.0           161 920000000. 0.0       
   129 40000000.0 .001082153    140 140000000. 0.0           151 520000000. 0.0           162 960000000. 0.0       
   130 45000000.0 5.04663E-4    141 160000000. 0.0           152 560000000. 0.0           163 1.00000E+9
   131 50000000.0 2.64457E-4    142 180000000. 0.0           153 600000000. 0.0       
 
                                                     MT=  5
 MAT 1625                         0.0        Kelvin Unshielded Cross Sections                          16-S -32 

   No.  Group-eV   Average      No.  Group-eV   Average      No.  Group-eV   Average      No.  Group-eV   Average

   109 9400000.00 3.88818E-5    123 22000000.0 .012107977    137 90000000.0 3.78636E-6    151 520000000. 0.0       
   110 9600000.00 3.12709E-4    124 24000000.0 .005734199    138 100000000. 2.30577E-6    152 560000000. 0.0       
   111 9800000.00 6.25967E-4    125 26000000.0 .002889263    139 120000000. 1.18314E-6    153 600000000. 0.0       
   112 10000000.0 .001102554    126 28000000.0 .001437359    140 140000000. 0.0           154 640000000. 0.0       
   113 11000000.0 .001748121    127 30000000.0 5.37602E-4    141 160000000. 0.0           155 680000000. 0.0       
   114 12000000.0 .002518466    128 35000000.0 1.65304E-4    142 180000000. 0.0           156 720000000. 0.0       
   115 13000000.0 .003639598    129 40000000.0 7.44338E-5    143 200000000. 0.0           157 760000000. 0.0       
   116 14000000.0 .005429262    130 45000000.0 4.30718E-5    144 240000000. 0.0           158 800000000. 0.0       
   117 15000000.0 .008059838    131 50000000.0 2.92766E-5    145 280000000. 0.0           159 840000000. 0.0       
   118 16000000.0 .012353335    132 54000000.0 2.39221E-5    146 320000000. 0.0           160 880000000. 0.0       
   119 17000000.0 .019091719    133 55000000.0 1.93894E-5    147 360000000. 0.0           161 920000000. 0.0       
   120 18000000.0 .026895913    134 60000000.0 1.28627E-5    148 400000000. 0.0           162 960000000. 0.0       
   121 19000000.0 .031044841    135 70000000.0 8.15980E-6    149 440000000. 0.0           163 1.00000E+9
   122 20000000.0 .024470076    136 80000000.0 5.46727E-6    150 480000000. 0.0       
 
                                                     MT=  5
 MAT 1625                         0.0        Kelvin Unshielded Cross Sections                          16-S -32 

   No.  Group-eV   Average      No.  Group-eV   Average      No.  Group-eV   Average      No.  Group-eV   Average

   138 100000000. 3.79571E-7    145 280000000. 0.0           152 560000000. 0.0           159 840000000. 0.0       
   139 120000000. 2.07278E-5    146 320000000. 0.0           153 600000000. 0.0           160 880000000. 0.0       
   140 140000000. 0.0           147 360000000. 0.0           154 640000000. 0.0           161 920000000. 0.0       
   141 160000000. 0.0           148 400000000. 0.0           155 680000000. 0.0           162 960000000. 0.0       
   142 180000000. 0.0           149 440000000. 0.0           156 720000000. 0.0           163 1.00000E+9
   143 200000000. 0.0           150 480000000. 0.0           157 760000000. 0.0       
   144 240000000. 0.0           151 520000000. 0.0           158 800000000. 0.0       
 
                                                     MT=  5
 MAT 1625                         0.0        Kelvin Unshielded Cross Sections                          16-S -32 

   No.  Group-eV   Average      No.  Group-eV   Average      No.  Group-eV   Average      No.  Group-eV   Average

   136 80000000.0 3.02884E-8    143 200000000. 0.0           150 480000000. 0.0           157 760000000. 0.0       
   137 90000000.0 5.53866E-6    144 240000000. 0.0           151 520000000. 0.0           158 800000000. 0.0       
   138 100000000. 6.86318E-5    145 280000000. 0.0           152 560000000. 0.0           159 840000000. 0.0       
   139 120000000. 1.66019E-4    146 320000000. 0.0           153 600000000. 0.0           160 880000000. 0.0       
   140 140000000. 0.0           147 360000000. 0.0           154 640000000. 0.0           161 920000000. 0.0       
   141 160000000. 0.0           148 400000000. 0.0           155 680000000. 0.0           162 960000000. 0.0       
   142 180000000. 0.0           149 440000000. 0.0           156 720000000. 0.0           163 1.00000E+9
 
                                                     MT=  5
 MAT 1625                         0.0        Kelvin Unshielded Cross Sections                          16-S -32 

   No.  Group-eV   Average      No.  Group-eV   Average      No.  Group-eV   Average      No.  Group-eV   Average

   134 60000000.0 1.26562E-6    142 180000000. 0.0           150 480000000. 0.0           158 800000000. 0.0       
   135 70000000.0 4.21539E-5    143 200000000. 0.0           151 520000000. 0.0           159 840000000. 0.0       
   136 80000000.0 1.50054E-4    144 240000000. 0.0           152 560000000. 0.0           160 880000000. 0.0       
   137 90000000.0 2.46079E-4    145 280000000. 0.0           153 600000000. 0.0           161 920000000. 0.0       
   138 100000000. 2.67480E-4    146 320000000. 0.0           154 640000000. 0.0           162 960000000. 0.0       
   139 120000000. 1.81338E-4    147 360000000. 0.0           155 680000000. 0.0           163 1.00000E+9
   140 140000000. 0.0           148 400000000. 0.0           156 720000000. 0.0       
   141 160000000. 0.0           149 440000000. 0.0           157 760000000. 0.0       
 
                                                     MT=  5
 MAT 1625                         0.0        Kelvin Unshielded Cross Sections                          16-S -32 

   No.  Group-eV   Average      No.  Group-eV   Average      No.  Group-eV   Average      No.  Group-eV   Average

   130 45000000.0 1.41313E-6    139 120000000. 7.99001E-5    148 400000000. 0.0           157 760000000. 0.0       
   131 50000000.0 2.89933E-5    140 140000000. 0.0           149 440000000. 0.0           158 800000000. 0.0       
   132 54000000.0 6.59091E-5    141 160000000. 0.0           150 480000000. 0.0           159 840000000. 0.0       
   133 55000000.0 1.19182E-4    142 180000000. 0.0           151 520000000. 0.0           160 880000000. 0.0       
   134 60000000.0 2.45840E-4    143 200000000. 0.0           152 560000000. 0.0           161 920000000. 0.0       
   135 70000000.0 3.27610E-4    144 240000000. 0.0           153 600000000. 0.0           162 960000000. 0.0       
   136 80000000.0 2.91889E-4    145 280000000. 0.0           154 640000000. 0.0           163 1.00000E+9
   137 90000000.0 2.21615E-4    146 320000000. 0.0           155 680000000. 0.0       
   138 100000000. 1.37837E-4    147 360000000. 0.0           156 720000000. 0.0       
 
                                                     MT=  5
 MAT 1625                         0.0        Kelvin Unshielded Cross Sections                          16-S -32 

   No.  Group-eV   Average      No.  Group-eV   Average      No.  Group-eV   Average      No.  Group-eV   Average

   126 28000000.0 9.10928E-5    136 80000000.0 1.55526E-4    146 320000000. 0.0           156 720000000. 0.0       
   127 30000000.0 4.17429E-4    137 90000000.0 1.08951E-4    147 360000000. 0.0           157 760000000. 0.0       
   128 35000000.0 6.07164E-4    138 100000000. 7.42657E-5    148 400000000. 0.0           158 800000000. 0.0       
   129 40000000.0 6.34214E-4    139 120000000. 5.02411E-5    149 440000000. 0.0           159 840000000. 0.0       
   130 45000000.0 6.24656E-4    140 140000000. 0.0           150 480000000. 0.0           160 880000000. 0.0       
   131 50000000.0 5.82332E-4    141 160000000. 0.0           151 520000000. 0.0           161 920000000. 0.0       
   132 54000000.0 5.33987E-4    142 180000000. 0.0           152 560000000. 0.0           162 960000000. 0.0       
   133 55000000.0 4.67283E-4    143 200000000. 0.0           153 600000000. 0.0           163 1.00000E+9
   134 60000000.0 3.42614E-4    144 240000000. 0.0           154 640000000. 0.0       
   135 70000000.0 2.29148E-4    145 280000000. 0.0           155 680000000. 0.0       
 
                                                     MT=  5
 MAT 1625                         0.0        Kelvin Unshielded Cross Sections                          16-S -32 

   No.  Group-eV   Average      No.  Group-eV   Average      No.  Group-eV   Average      No.  Group-eV   Average

   117 15000000.0 6.50826E-4    129 40000000.0 2.27752E-4    141 160000000. 0.0           153 600000000. 0.0       
   118 16000000.0 .002204508    130 45000000.0 1.42274E-4    142 180000000. 0.0           154 640000000. 0.0       
   119 17000000.0 .004538508    131 50000000.0 1.01194E-4    143 200000000. 0.0           155 680000000. 0.0       
   120 18000000.0 .007525983    132 54000000.0 8.47605E-5    144 240000000. 0.0           156 720000000. 0.0       
   121 19000000.0 .009753396    133 55000000.0 7.03545E-5    145 280000000. 0.0           157 760000000. 0.0       
   122 20000000.0 .009092818    134 60000000.0 4.82708E-5    146 320000000. 0.0           158 800000000. 0.0       
   123 22000000.0 .005993761    135 70000000.0 3.08398E-5    147 360000000. 0.0           159 840000000. 0.0       
   124 24000000.0 .004059542    136 80000000.0 2.22872E-5    148 400000000. 0.0           160 880000000. 0.0       
   125 26000000.0 .003006796    137 90000000.0 1.78783E-5    149 440000000. 0.0           161 920000000. 0.0       
   126 28000000.0 .002119599    138 100000000. 1.32084E-5    150 480000000. 0.0           162 960000000. 0.0       
   127 30000000.0 .001053062    139 120000000. 8.61891E-6    151 520000000. 0.0           163 1.00000E+9
   128 35000000.0 4.27674E-4    140 140000000. 0.0           152 560000000. 0.0       
 
                                                     MT=  5
 MAT 1625                         0.0        Kelvin Unshielded Cross Sections                          16-S -32 

   No.  Group-eV   Average      No.  Group-eV   Average      No.  Group-eV   Average      No.  Group-eV   Average

    96 6800000.00 2.26841E-6    113 11000000.0 1.01517E-4    130 45000000.0 .007709264    147 360000000. 0.0       
    97 7000000.00 5.21248E-5    114 12000000.0 4.57206E-4    131 50000000.0 .006653409    148 400000000. 0.0       
    98 7200000.00 1.21109E-4    115 13000000.0 .001295361    132 54000000.0 .006144811    149 440000000. 0.0       
    99 7400000.00 1.90093E-4    116 14000000.0 .003046785    133 55000000.0 .005828160    150 480000000. 0.0       
   100 7600000.00 2.59077E-4    117 15000000.0 .006346991    134 60000000.0 .005946967    151 520000000. 0.0       
   101 7800000.00 3.28060E-4    118 16000000.0 .013079795    135 70000000.0 .006146381    152 560000000. 0.0       
   102 8000000.00 3.97044E-4    119 17000000.0 .025078311    136 80000000.0 .005941391    153 600000000. 0.0       
   103 8200000.00 4.66027E-4    120 18000000.0 .040887736    137 90000000.0 .005710937    154 640000000. 0.0       
   104 8400000.00 5.35010E-4    121 19000000.0 .053407971    138 100000000. .005524966    155 680000000. 0.0       
   105 8600000.00 6.03993E-4    122 20000000.0 .049577288    139 120000000. .005259037    156 720000000. 0.0       
   106 8800000.00 6.72976E-4    123 22000000.0 .032023826    140 140000000. 0.0           157 760000000. 0.0       
   107 9000000.00 7.41958E-4    124 24000000.0 .022864320    141 160000000. 0.0           158 800000000. 0.0       
   108 9200000.00 8.10941E-4    125 26000000.0 .019686919    142 180000000. 0.0           159 840000000. 0.0       
   109 9400000.00 8.38404E-4    126 28000000.0 .017381723    143 200000000. 0.0           160 880000000. 0.0       
   110 9600000.00 6.14983E-4    127 30000000.0 .013975928    144 240000000. 0.0           161 920000000. 0.0       
   111 9800000.00 3.49456E-4    128 35000000.0 .010444977    145 280000000. 0.0           162 960000000. 0.0       
   112 10000000.0 1.19914E-4    129 40000000.0 .008677073    146 320000000. 0.0           163 1.00000E+9
 
