 ENDF Activation Cross Sections (ACTIVATE 2019-1)
 ------------------------------------------------------------------------------
 ENDF Input and Output Data Filenames
 ------------------------------------------------------------------------------
 ACTIVATE.IN                                                             
 ACTIVATE.OUT                                                            
 ------------------------------------------------------------------------------
 ENDF Tape Label
 ------------------------------------------------------------------------------
  EMPEND Processing file : rh103-g.out                                1
 ------------------------------------------------------------------------------
   Material  MAT  MF  MT  ENDF    ZAP Final      Q-Value Points Points
                          Format      State           eV     In    Out
 ------------------------------------------------------------------------------
  45-Rh-103 4525  10   4 WARNING - MF=10 data already exists - will copy MT.
  45-Rh-103 4525  10 107 WARNING - MF=10 data already exists - will copy MT.
 ------------------------------------------------------------------------------
  45-Rh-103 4525  10   5   6        1     0   0.0           102    102
  45-Rh-103 4525  10   5   6     1001     0   0.0           102    102
  45-Rh-103 4525  10   5   6     1002     0   0.0           102    102
  45-Rh-103 4525  10   5   6     1003     0   0.0           102    102
  45-Rh-103 4525  10   5   6     2003     0   0.0           102    102
  45-Rh-103 4525  10   5   6     2004     0   0.0           102    102
  45-Rh-103 4525  10   5   6        0     0   0.0           102    102
 ------------------------------------------------------------------------------
                                              MAT Totals    714    714
 ------------------------------------------------------------------------------
 ------------------------------------------------------------------------------
 All Cross Sections Read. Maximum Tabulated Energy =  200000000. eV
 ------------------------------------------------------------------------------
 ===============================================================================
      MAT Total Execution Time                0.71 Seconds
 ===============================================================================
 ------------------------------------------------------------------------------
                                             Tape Totals    714    714
 ------------------------------------------------------------------------------
 WARNING - The purpose of this code is to create MF=10 data
           if it does not already exist - if it does exist
           it is copied without checking whether or not it is
           consistent with MF=9 data. Be WARNED that for the
           MF=10 created here MF=9 and MF=10 are consistent.
           But for MF=10 that already existed there is no
           check that MF=9 and MF=10 are consistent.
 ------------------------------------------------------------------------------
 ===============================================================================
 ACTIVATE Total Execution Time                0.71 Seconds
 ===============================================================================
