 Process ENDF/B Double Differential Data - MF=6 (SIXPAK 2019-1)
 ==============================================================================
 ENDF/B Input Data Filename
 SIXPAK.IN                                                               
 ------------------------------------------------------------------------------
 Requested Ranges
 ------------------------------------------------------------------------------
    Minimum    Maximum   
    MAT  MT    MAT  MT
 ------------------------------------------------------------------------------
      1   1   9999 999
 ==============================================================================
 Terminology
 ------------------------------------------------------------------------------
 LCT  = Reference System (Lab or Center-of-Mass)
 LIP  = Product Modifier, e.g., for Isomeric States
 LAW  = Representation of Data - see, List at End of Output
 LANG = 1     = Legendre     (LAW 1)
      = 2     = Kalbach-Mann (LAW 1)
      = 11-15 = Tabulated    (LAW 1)
      = 0     = Legendre     (LAW 2)
      = 11-15 = Tabulated    (LAW 2)
 LTP  = 1-2   = Legendre     (LAW 5)
      = 11-15 = Tabulated    (LAW 5)
 LEP  = Secondary Energy Interpolation Type(1 to 5)
 ==============================================================================
 Tape Label
 ------------------------------------------------------------------------------
  JENDL/PD-2016.1  Te-126                                             1
 ------------------------------------------------------------------------------
 WARNING: MT=5 is ALLOWED in MF=6, but NOT in MF=4 or 5.
          see ENDF-102 - Strictly for diagnostic purposes
          this code will Translate MF=6 Data - but be
          WARNED - the results should not be used in ANY          APPLICATIONS.
 ------------------------------------------------------------------------------
 ==============================================================================
 Projectile   Target    Emitted    MAT  MT LCT LIP LAW LANG  LEP  ENDF/B
                                                        LTP       Output
 ==============================================================================
  Photon     52-Te-126  Neutron   5243   5 cm    0   1    1    2      
  Photon     52-Te-126   1-H -1   5243   5 cm    0   1    1    2      
  Photon     52-Te-126   1-H -2   5243   5 cm    0   1    1    2      
  Photon     52-Te-126   1-H -3   5243   5 cm    0   1    1    2      
  Photon     52-Te-126   2-He-3   5243   5 cm    0   1    1    2      
  Photon     52-Te-126   2-He-4   5243   5 cm    0   1    1    2      
  Photon     52-Te-126  37-Rb-93  5243   5 cm    0   0                
  Photon     52-Te-126  37-Rb-94  5243   5 cm    0   0                
  Photon     52-Te-126  37-Rb-95  5243   5 cm    0   0                
  Photon     52-Te-126  37-Rb-96  5243   5 cm    0   0                
  Photon     52-Te-126  37-Rb-97  5243   5 cm    0   0                
  Photon     52-Te-126  37-Rb-98  5243   5 cm    0   0                
  Photon     52-Te-126  37-Rb-99  5243   5 cm    0   0                
  Photon     52-Te-126  38-Sr-94  5243   5 cm    0   0                
  Photon     52-Te-126  38-Sr-95  5243   5 cm    0   0                
  Photon     52-Te-126  38-Sr-96  5243   5 cm    0   0                
  Photon     52-Te-126  38-Sr-97  5243   5 cm    0   0                
  Photon     52-Te-126  38-Sr-98  5243   5 cm    0   0                
  Photon     52-Te-126  38-Sr-99  5243   5 cm    0   0                
  Photon     52-Te-126  38-Sr-100 5243   5 cm    0   0                
  Photon     52-Te-126  38-Sr-101 5243   5 cm    0   0                
  Photon     52-Te-126  38-Sr-102 5243   5 cm    0   0                
  Photon     52-Te-126  39-Y -95  5243   5 cm    0   0                
  Photon     52-Te-126  39-Y -96  5243   5 cm    0   0                
  Photon     52-Te-126  39-Y -97  5243   5 cm    0   0                
  Photon     52-Te-126  39-Y -97  5243   5 cm    1   0                
  Photon     52-Te-126  39-Y -98  5243   5 cm    0   0                
  Photon     52-Te-126  39-Y -98  5243   5 cm    1   0                
  Photon     52-Te-126  39-Y -99  5243   5 cm    0   0                
  Photon     52-Te-126  39-Y -100 5243   5 cm    0   0                
  Photon     52-Te-126  39-Y -100 5243   5 cm    1   0                
  Photon     52-Te-126  39-Y -101 5243   5 cm    0   0                
  Photon     52-Te-126  39-Y -102 5243   5 cm    0   0                
  Photon     52-Te-126  39-Y -103 5243   5 cm    0   0                
  Photon     52-Te-126  39-Y -104 5243   5 cm    0   0                
  Photon     52-Te-126  39-Y -105 5243   5 cm    0   0                
  Photon     52-Te-126  40-Zr-96  5243   5 cm    0   0                
  Photon     52-Te-126  40-Zr-97  5243   5 cm    0   0                
  Photon     52-Te-126  40-Zr-98  5243   5 cm    0   0                
  Photon     52-Te-126  40-Zr-99  5243   5 cm    0   0                
  Photon     52-Te-126  40-Zr-100 5243   5 cm    0   0                
  Photon     52-Te-126  40-Zr-101 5243   5 cm    0   0                
  Photon     52-Te-126  40-Zr-102 5243   5 cm    0   0                
  Photon     52-Te-126  40-Zr-103 5243   5 cm    0   0                
  Photon     52-Te-126  40-Zr-104 5243   5 cm    0   0                
  Photon     52-Te-126  40-Zr-105 5243   5 cm    0   0                
  Photon     52-Te-126  40-Zr-106 5243   5 cm    0   0                
  Photon     52-Te-126  40-Zr-107 5243   5 cm    0   0                
  Photon     52-Te-126  40-Zr-108 5243   5 cm    0   0                
  Photon     52-Te-126  41-Nb-97  5243   5 cm    0   0                
  Photon     52-Te-126  41-Nb-97  5243   5 cm    1   0                
  Photon     52-Te-126  41-Nb-98  5243   5 cm    0   0                
  Photon     52-Te-126  41-Nb-98  5243   5 cm    1   0                
  Photon     52-Te-126  41-Nb-99  5243   5 cm    0   0                
  Photon     52-Te-126  41-Nb-99  5243   5 cm    1   0                
  Photon     52-Te-126  41-Nb-100 5243   5 cm    0   0                
  Photon     52-Te-126  41-Nb-100 5243   5 cm    1   0                
  Photon     52-Te-126  41-Nb-101 5243   5 cm    0   0                
  Photon     52-Te-126  41-Nb-102 5243   5 cm    0   0                
  Photon     52-Te-126  41-Nb-102 5243   5 cm    1   0                
  Photon     52-Te-126  41-Nb-103 5243   5 cm    0   0                
  Photon     52-Te-126  41-Nb-104 5243   5 cm    0   0                
  Photon     52-Te-126  41-Nb-105 5243   5 cm    0   0                
  Photon     52-Te-126  41-Nb-106 5243   5 cm    0   0                
  Photon     52-Te-126  41-Nb-107 5243   5 cm    0   0                
  Photon     52-Te-126  41-Nb-108 5243   5 cm    0   0                
  Photon     52-Te-126  41-Nb-109 5243   5 cm    0   0                
  Photon     52-Te-126  41-Nb-110 5243   5 cm    0   0                
  Photon     52-Te-126  42-Mo-98  5243   5 cm    0   0                
  Photon     52-Te-126  42-Mo-99  5243   5 cm    0   0                
  Photon     52-Te-126  42-Mo-100 5243   5 cm    0   0                
  Photon     52-Te-126  42-Mo-101 5243   5 cm    0   0                
  Photon     52-Te-126  42-Mo-102 5243   5 cm    0   0                
  Photon     52-Te-126  42-Mo-103 5243   5 cm    0   0                
  Photon     52-Te-126  42-Mo-104 5243   5 cm    0   0                
  Photon     52-Te-126  42-Mo-105 5243   5 cm    0   0                
  Photon     52-Te-126  42-Mo-106 5243   5 cm    0   0                
  Photon     52-Te-126  42-Mo-107 5243   5 cm    0   0                
  Photon     52-Te-126  42-Mo-108 5243   5 cm    0   0                
  Photon     52-Te-126  42-Mo-109 5243   5 cm    0   0                
  Photon     52-Te-126  42-Mo-110 5243   5 cm    0   0                
  Photon     52-Te-126  42-Mo-111 5243   5 cm    0   0                
  Photon     52-Te-126  42-Mo-112 5243   5 cm    0   0                
  Photon     52-Te-126  43-Tc-99  5243   5 cm    0   0                
  Photon     52-Te-126  43-Tc-99  5243   5 cm    1   0                
  Photon     52-Te-126  43-Tc-100 5243   5 cm    0   0                
  Photon     52-Te-126  43-Tc-101 5243   5 cm    0   0                
  Photon     52-Te-126  43-Tc-102 5243   5 cm    0   0                
  Photon     52-Te-126  43-Tc-102 5243   5 cm    1   0                
  Photon     52-Te-126  43-Tc-103 5243   5 cm    0   0                
  Photon     52-Te-126  43-Tc-104 5243   5 cm    0   0                
  Photon     52-Te-126  43-Tc-105 5243   5 cm    0   0                
  Photon     52-Te-126  43-Tc-106 5243   5 cm    0   0                
  Photon     52-Te-126  43-Tc-107 5243   5 cm    0   0                
  Photon     52-Te-126  43-Tc-108 5243   5 cm    0   0                
  Photon     52-Te-126  43-Tc-109 5243   5 cm    0   0                
  Photon     52-Te-126  43-Tc-110 5243   5 cm    0   0                
  Photon     52-Te-126  43-Tc-111 5243   5 cm    0   0                
  Photon     52-Te-126  43-Tc-112 5243   5 cm    0   0                
  Photon     52-Te-126  43-Tc-113 5243   5 cm    0   0                
  Photon     52-Te-126  43-Tc-114 5243   5 cm    0   0                
  Photon     52-Te-126  43-Tc-115 5243   5 cm    0   0                
  Photon     52-Te-126  44-Ru-100 5243   5 cm    0   0                
  Photon     52-Te-126  44-Ru-101 5243   5 cm    0   0                
  Photon     52-Te-126  44-Ru-102 5243   5 cm    0   0                
  Photon     52-Te-126  44-Ru-103 5243   5 cm    0   0                
  Photon     52-Te-126  44-Ru-104 5243   5 cm    0   0                
  Photon     52-Te-126  44-Ru-105 5243   5 cm    0   0                
  Photon     52-Te-126  44-Ru-106 5243   5 cm    0   0                
  Photon     52-Te-126  44-Ru-107 5243   5 cm    0   0                
  Photon     52-Te-126  44-Ru-108 5243   5 cm    0   0                
  Photon     52-Te-126  44-Ru-109 5243   5 cm    0   0                
  Photon     52-Te-126  44-Ru-110 5243   5 cm    0   0                
  Photon     52-Te-126  44-Ru-111 5243   5 cm    0   0                
  Photon     52-Te-126  44-Ru-112 5243   5 cm    0   0                
  Photon     52-Te-126  44-Ru-113 5243   5 cm    0   0                
  Photon     52-Te-126  44-Ru-114 5243   5 cm    0   0                
  Photon     52-Te-126  44-Ru-115 5243   5 cm    0   0                
  Photon     52-Te-126  44-Ru-116 5243   5 cm    0   0                
  Photon     52-Te-126  44-Ru-117 5243   5 cm    0   0                
  Photon     52-Te-126  45-Rh-101 5243   5 cm    0   0                
  Photon     52-Te-126  45-Rh-101 5243   5 cm    1   0                
  Photon     52-Te-126  45-Rh-102 5243   5 cm    0   0                
  Photon     52-Te-126  45-Rh-102 5243   5 cm    1   0                
  Photon     52-Te-126  45-Rh-103 5243   5 cm    0   0                
  Photon     52-Te-126  45-Rh-103 5243   5 cm    1   0                
  Photon     52-Te-126  45-Rh-104 5243   5 cm    0   0                
  Photon     52-Te-126  45-Rh-104 5243   5 cm    1   0                
  Photon     52-Te-126  45-Rh-105 5243   5 cm    0   0                
  Photon     52-Te-126  45-Rh-105 5243   5 cm    1   0                
  Photon     52-Te-126  45-Rh-106 5243   5 cm    0   0                
  Photon     52-Te-126  45-Rh-106 5243   5 cm    1   0                
  Photon     52-Te-126  45-Rh-107 5243   5 cm    0   0                
  Photon     52-Te-126  45-Rh-108 5243   5 cm    0   0                
  Photon     52-Te-126  45-Rh-109 5243   5 cm    0   0                
  Photon     52-Te-126  45-Rh-110 5243   5 cm    0   0                
  Photon     52-Te-126  45-Rh-111 5243   5 cm    0   0                
  Photon     52-Te-126  45-Rh-112 5243   5 cm    0   0                
  Photon     52-Te-126  45-Rh-113 5243   5 cm    0   0                
  Photon     52-Te-126  45-Rh-114 5243   5 cm    0   0                
  Photon     52-Te-126  45-Rh-115 5243   5 cm    0   0                
  Photon     52-Te-126  45-Rh-116 5243   5 cm    0   0                
  Photon     52-Te-126  45-Rh-116 5243   5 cm    1   0                
  Photon     52-Te-126  45-Rh-117 5243   5 cm    0   0                
  Photon     52-Te-126  45-Rh-118 5243   5 cm    0   0                
  Photon     52-Te-126  46-Pd-102 5243   5 cm    0   0                
  Photon     52-Te-126  46-Pd-103 5243   5 cm    0   0                
  Photon     52-Te-126  46-Pd-104 5243   5 cm    0   0                
  Photon     52-Te-126  46-Pd-105 5243   5 cm    0   0                
  Photon     52-Te-126  46-Pd-106 5243   5 cm    0   0                
  Photon     52-Te-126  46-Pd-107 5243   5 cm    0   0                
  Photon     52-Te-126  46-Pd-107 5243   5 cm    1   0                
  Photon     52-Te-126  46-Pd-108 5243   5 cm    0   0                
  Photon     52-Te-126  46-Pd-109 5243   5 cm    0   0                
  Photon     52-Te-126  46-Pd-109 5243   5 cm    1   0                
  Photon     52-Te-126  46-Pd-110 5243   5 cm    0   0                
  Photon     52-Te-126  46-Pd-111 5243   5 cm    0   0                
  Photon     52-Te-126  46-Pd-111 5243   5 cm    1   0                
  Photon     52-Te-126  46-Pd-112 5243   5 cm    0   0                
  Photon     52-Te-126  46-Pd-113 5243   5 cm    0   0                
  Photon     52-Te-126  46-Pd-113 5243   5 cm    1   0                
  Photon     52-Te-126  46-Pd-114 5243   5 cm    0   0                
  Photon     52-Te-126  46-Pd-115 5243   5 cm    0   0                
  Photon     52-Te-126  46-Pd-115 5243   5 cm    1   0                
  Photon     52-Te-126  46-Pd-116 5243   5 cm    0   0                
  Photon     52-Te-126  46-Pd-117 5243   5 cm    0   0                
  Photon     52-Te-126  46-Pd-118 5243   5 cm    0   0                
  Photon     52-Te-126  46-Pd-119 5243   5 cm    0   0                
  Photon     52-Te-126  46-Pd-120 5243   5 cm    0   0                
  Photon     52-Te-126  47-Ag-103 5243   5 cm    0   0                
  Photon     52-Te-126  47-Ag-103 5243   5 cm    1   0                
  Photon     52-Te-126  47-Ag-104 5243   5 cm    0   0                
  Photon     52-Te-126  47-Ag-104 5243   5 cm    1   0                
  Photon     52-Te-126  47-Ag-105 5243   5 cm    0   0                
  Photon     52-Te-126  47-Ag-105 5243   5 cm    1   0                
  Photon     52-Te-126  47-Ag-106 5243   5 cm    0   0                
  Photon     52-Te-126  47-Ag-106 5243   5 cm    1   0                
  Photon     52-Te-126  47-Ag-107 5243   5 cm    0   0                
  Photon     52-Te-126  47-Ag-107 5243   5 cm    1   0                
  Photon     52-Te-126  47-Ag-108 5243   5 cm    0   0                
  Photon     52-Te-126  47-Ag-108 5243   5 cm    1   0                
  Photon     52-Te-126  47-Ag-109 5243   5 cm    0   0                
  Photon     52-Te-126  47-Ag-109 5243   5 cm    1   0                
  Photon     52-Te-126  47-Ag-110 5243   5 cm    0   0                
  Photon     52-Te-126  47-Ag-110 5243   5 cm    1   0                
  Photon     52-Te-126  47-Ag-111 5243   5 cm    0   0                
  Photon     52-Te-126  47-Ag-111 5243   5 cm    1   0                
  Photon     52-Te-126  47-Ag-112 5243   5 cm    0   0                
  Photon     52-Te-126  47-Ag-113 5243   5 cm    0   0                
  Photon     52-Te-126  47-Ag-113 5243   5 cm    1   0                
  Photon     52-Te-126  47-Ag-114 5243   5 cm    0   0                
  Photon     52-Te-126  47-Ag-115 5243   5 cm    0   0                
  Photon     52-Te-126  47-Ag-115 5243   5 cm    1   0                
  Photon     52-Te-126  47-Ag-116 5243   5 cm    0   0                
  Photon     52-Te-126  47-Ag-116 5243   5 cm    1   0                
  Photon     52-Te-126  47-Ag-117 5243   5 cm    0   0                
  Photon     52-Te-126  47-Ag-117 5243   5 cm    1   0                
  Photon     52-Te-126  47-Ag-118 5243   5 cm    0   0                
  Photon     52-Te-126  47-Ag-119 5243   5 cm    0   0                
  Photon     52-Te-126  47-Ag-119 5243   5 cm    1   0                
  Photon     52-Te-126  47-Ag-120 5243   5 cm    0   0                
  Photon     52-Te-126  47-Ag-121 5243   5 cm    0   0                
  Photon     52-Te-126  48-Cd-104 5243   5 cm    0   0                
  Photon     52-Te-126  48-Cd-105 5243   5 cm    0   0                
  Photon     52-Te-126  48-Cd-106 5243   5 cm    0   0                
  Photon     52-Te-126  48-Cd-107 5243   5 cm    0   0                
  Photon     52-Te-126  48-Cd-108 5243   5 cm    0   0                
  Photon     52-Te-126  48-Cd-109 5243   5 cm    0   0                
  Photon     52-Te-126  48-Cd-110 5243   5 cm    0   0                
  Photon     52-Te-126  48-Cd-111 5243   5 cm    0   0                
  Photon     52-Te-126  48-Cd-111 5243   5 cm    1   0                
  Photon     52-Te-126  48-Cd-112 5243   5 cm    0   0                
  Photon     52-Te-126  48-Cd-113 5243   5 cm    0   0                
  Photon     52-Te-126  48-Cd-113 5243   5 cm    1   0                
  Photon     52-Te-126  48-Cd-114 5243   5 cm    0   0                
  Photon     52-Te-126  48-Cd-115 5243   5 cm    0   0                
  Photon     52-Te-126  48-Cd-115 5243   5 cm    1   0                
  Photon     52-Te-126  48-Cd-116 5243   5 cm    0   0                
  Photon     52-Te-126  48-Cd-117 5243   5 cm    0   0                
  Photon     52-Te-126  48-Cd-117 5243   5 cm    1   0                
  Photon     52-Te-126  48-Cd-118 5243   5 cm    0   0                
  Photon     52-Te-126  48-Cd-119 5243   5 cm    0   0                
  Photon     52-Te-126  48-Cd-119 5243   5 cm    1   0                
  Photon     52-Te-126  48-Cd-120 5243   5 cm    0   0                
  Photon     52-Te-126  48-Cd-121 5243   5 cm    0   0                
  Photon     52-Te-126  48-Cd-121 5243   5 cm    1   0                
  Photon     52-Te-126  48-Cd-122 5243   5 cm    0   0                
  Photon     52-Te-126  49-In-105 5243   5 cm    0   0                
  Photon     52-Te-126  49-In-105 5243   5 cm    1   0                
  Photon     52-Te-126  49-In-106 5243   5 cm    0   0                
  Photon     52-Te-126  49-In-106 5243   5 cm    1   0                
  Photon     52-Te-126  49-In-107 5243   5 cm    0   0                
  Photon     52-Te-126  49-In-107 5243   5 cm    1   0                
  Photon     52-Te-126  49-In-108 5243   5 cm    0   0                
  Photon     52-Te-126  49-In-108 5243   5 cm    1   0                
  Photon     52-Te-126  49-In-109 5243   5 cm    0   0                
  Photon     52-Te-126  49-In-109 5243   5 cm    1   0                
  Photon     52-Te-126  49-In-110 5243   5 cm    0   0                
  Photon     52-Te-126  49-In-110 5243   5 cm    1   0                
  Photon     52-Te-126  49-In-111 5243   5 cm    0   0                
  Photon     52-Te-126  49-In-111 5243   5 cm    1   0                
  Photon     52-Te-126  49-In-112 5243   5 cm    0   0                
  Photon     52-Te-126  49-In-112 5243   5 cm    1   0                
  Photon     52-Te-126  49-In-113 5243   5 cm    0   0                
  Photon     52-Te-126  49-In-113 5243   5 cm    1   0                
  Photon     52-Te-126  49-In-114 5243   5 cm    0   0                
  Photon     52-Te-126  49-In-114 5243   5 cm    1   0                
  Photon     52-Te-126  49-In-115 5243   5 cm    0   0                
  Photon     52-Te-126  49-In-115 5243   5 cm    1   0                
  Photon     52-Te-126  49-In-116 5243   5 cm    0   0                
  Photon     52-Te-126  49-In-116 5243   5 cm    1   0                
  Photon     52-Te-126  49-In-116 5243   5 cm    2   0                
  Photon     52-Te-126  49-In-117 5243   5 cm    0   0                
  Photon     52-Te-126  49-In-117 5243   5 cm    1   0                
  Photon     52-Te-126  49-In-118 5243   5 cm    0   0                
  Photon     52-Te-126  49-In-118 5243   5 cm    1   0                
  Photon     52-Te-126  49-In-119 5243   5 cm    0   0                
  Photon     52-Te-126  49-In-119 5243   5 cm    1   0                
  Photon     52-Te-126  49-In-120 5243   5 cm    0   0                
  Photon     52-Te-126  49-In-120 5243   5 cm    1   0                
  Photon     52-Te-126  49-In-121 5243   5 cm    0   0                
  Photon     52-Te-126  49-In-121 5243   5 cm    1   0                
  Photon     52-Te-126  49-In-122 5243   5 cm    0   0                
  Photon     52-Te-126  49-In-122 5243   5 cm    1   0                
  Photon     52-Te-126  49-In-123 5243   5 cm    0   0                
  Photon     52-Te-126  49-In-123 5243   5 cm    1   0                
  Photon     52-Te-126  50-Sn-106 5243   5 cm    0   0                
  Photon     52-Te-126  50-Sn-107 5243   5 cm    0   0                
  Photon     52-Te-126  50-Sn-108 5243   5 cm    0   0                
  Photon     52-Te-126  50-Sn-109 5243   5 cm    0   0                
  Photon     52-Te-126  50-Sn-110 5243   5 cm    0   0                
  Photon     52-Te-126  50-Sn-111 5243   5 cm    0   0                
  Photon     52-Te-126  50-Sn-112 5243   5 cm    0   0                
  Photon     52-Te-126  50-Sn-113 5243   5 cm    0   0                
  Photon     52-Te-126  50-Sn-113 5243   5 cm    1   0                
  Photon     52-Te-126  50-Sn-114 5243   5 cm    0   0                
  Photon     52-Te-126  50-Sn-115 5243   5 cm    0   0                
  Photon     52-Te-126  50-Sn-116 5243   5 cm    0   0                
  Photon     52-Te-126  50-Sn-117 5243   5 cm    0   0                
  Photon     52-Te-126  50-Sn-117 5243   5 cm    1   0                
  Photon     52-Te-126  50-Sn-118 5243   5 cm    0   0                
  Photon     52-Te-126  50-Sn-119 5243   5 cm    0   0                
  Photon     52-Te-126  50-Sn-119 5243   5 cm    1   0                
  Photon     52-Te-126  50-Sn-120 5243   5 cm    0   0                
  Photon     52-Te-126  50-Sn-121 5243   5 cm    0   0                
  Photon     52-Te-126  50-Sn-121 5243   5 cm    1   0                
  Photon     52-Te-126  50-Sn-122 5243   5 cm    0   0                
  Photon     52-Te-126  50-Sn-123 5243   5 cm    0   0                
  Photon     52-Te-126  50-Sn-123 5243   5 cm    1   0                
  Photon     52-Te-126  50-Sn-124 5243   5 cm    0   0                
  Photon     52-Te-126  51-Sb-107 5243   5 cm    0   0                
  Photon     52-Te-126  51-Sb-108 5243   5 cm    0   0                
  Photon     52-Te-126  51-Sb-109 5243   5 cm    0   0                
  Photon     52-Te-126  51-Sb-110 5243   5 cm    0   0                
  Photon     52-Te-126  51-Sb-111 5243   5 cm    0   0                
  Photon     52-Te-126  51-Sb-112 5243   5 cm    0   0                
  Photon     52-Te-126  51-Sb-113 5243   5 cm    0   0                
  Photon     52-Te-126  51-Sb-114 5243   5 cm    0   0                
  Photon     52-Te-126  51-Sb-115 5243   5 cm    0   0                
  Photon     52-Te-126  51-Sb-116 5243   5 cm    0   0                
  Photon     52-Te-126  51-Sb-116 5243   5 cm    1   0                
  Photon     52-Te-126  51-Sb-117 5243   5 cm    0   0                
  Photon     52-Te-126  51-Sb-118 5243   5 cm    0   0                
  Photon     52-Te-126  51-Sb-118 5243   5 cm    1   0                
  Photon     52-Te-126  51-Sb-119 5243   5 cm    0   0                
  Photon     52-Te-126  51-Sb-120 5243   5 cm    0   0                
  Photon     52-Te-126  51-Sb-120 5243   5 cm    1   0                
  Photon     52-Te-126  51-Sb-121 5243   5 cm    0   0                
  Photon     52-Te-126  51-Sb-122 5243   5 cm    0   0                
  Photon     52-Te-126  51-Sb-122 5243   5 cm    1   0                
  Photon     52-Te-126  51-Sb-123 5243   5 cm    0   0                
  Photon     52-Te-126  51-Sb-124 5243   5 cm    0   0                
  Photon     52-Te-126  51-Sb-124 5243   5 cm    1   0                
  Photon     52-Te-126  51-Sb-124 5243   5 cm    2   0                
  Photon     52-Te-126  51-Sb-125 5243   5 cm    0   0                
  Photon     52-Te-126  52-Te-109 5243   5 cm    0   0                
  Photon     52-Te-126  52-Te-110 5243   5 cm    0   0                
  Photon     52-Te-126  52-Te-111 5243   5 cm    0   0                
  Photon     52-Te-126  52-Te-112 5243   5 cm    0   0                
  Photon     52-Te-126  52-Te-113 5243   5 cm    0   0                
  Photon     52-Te-126  52-Te-114 5243   5 cm    0   0                
  Photon     52-Te-126  52-Te-115 5243   5 cm    0   0                
  Photon     52-Te-126  52-Te-115 5243   5 cm    1   0                
  Photon     52-Te-126  52-Te-116 5243   5 cm    0   0                
  Photon     52-Te-126  52-Te-117 5243   5 cm    0   0                
  Photon     52-Te-126  52-Te-117 5243   5 cm    1   0                
  Photon     52-Te-126  52-Te-118 5243   5 cm    0   0                
  Photon     52-Te-126  52-Te-119 5243   5 cm    0   0                
  Photon     52-Te-126  52-Te-119 5243   5 cm    1   0                
  Photon     52-Te-126  52-Te-120 5243   5 cm    0   0                
  Photon     52-Te-126  52-Te-121 5243   5 cm    0   0                
  Photon     52-Te-126  52-Te-121 5243   5 cm    1   0                
  Photon     52-Te-126  52-Te-122 5243   5 cm    0   0                
  Photon     52-Te-126  52-Te-123 5243   5 cm    0   0                
  Photon     52-Te-126  52-Te-123 5243   5 cm    1   0                
  Photon     52-Te-126  52-Te-124 5243   5 cm    0   0                
  Photon     52-Te-126  52-Te-125 5243   5 cm    0   0                
  Photon     52-Te-126  52-Te-125 5243   5 cm    1   0                
  Photon     52-Te-126  52-Te-126 5243   5 cm    0   0                
  Photon     52-Te-126  Photon    5243   5 cm    0   1    1    2      
 ------------------------------------------------------------------------------
 All Cross Sections Read. Maximum Tabulated Energy =  200000000. eV
 ------------------------------------------------------------------------------
 ==============================================================================
 Laws by Incident Particle
 ------------------------------------------------------------------------------
 Law Number and Definition   Photon    n     p     d     t  He-3  He-4 Other
 ------------------------------------------------------------------------------
 (0) Unknown................   333     0     0     0     0     0     0     0
 (1) Continuum Energy-Angle
      Legendre..............     7     0     0     0     0     0     0     0
      Kalbach-Mann..........     0     0     0     0     0     0     0     0
      Tabulated.............     0     0     0     0     0     0     0     0
 (2) Discrete 2 Body
      Legendre..............     0     0     0     0     0     0     0     0
      Tabulated.............     0     0     0     0     0     0     0     0
 (3) Isotropic Discrete.....     0     0     0     0     0     0     0     0
 (4) Discrete 2 Body Recoil.     0     0     0     0     0     0     0     0
 (5) Charged Particle Elastic
      Legendre..............     0     0     0     0     0     0     0     0
      Tabulated.............     0     0     0     0     0     0     0     0
 (6) n-Body Phase-Space.....     0     0     0     0     0     0     0     0
 (7) Laboratory Angle-Energy     0     0     0     0     0     0     0     0
 Not 0 to 7 (WARNING if Any)     0     0     0     0     0     0     0     0
 ==============================================================================
 Laws by Emitted Particle
 ------------------------------------------------------------------------------
 Law Number and Definition   Photon    n     p     d     t  He-3  He-4 Other
 ------------------------------------------------------------------------------
 (0) Unknown................     0     0     0     0     0     0     0   333
 (1) Continuum Energy-Angle
      Legendre..............     1     1     1     1     1     1     1     0
      Kalbach-Mann..........     0     0     0     0     0     0     0     0
      Tabulated.............     0     0     0     0     0     0     0     0
 (2) Discrete 2 Body
      Legendre..............     0     0     0     0     0     0     0     0
      Tabulated.............     0     0     0     0     0     0     0     0
 (3) Isotropic Discrete.....     0     0     0     0     0     0     0     0
 (4) Discrete 2 Body Recoil.     0     0     0     0     0     0     0     0
 (5) Charged Particle Elastic
      Legendre..............     0     0     0     0     0     0     0     0
      Tabulated.............     0     0     0     0     0     0     0     0
 (6) n-Body Phase-Space.....     0     0     0     0     0     0     0     0
 (7) Laboratory Angle-Energy     0     0     0     0     0     0     0     0
 Not 0 to 7 (WARNING if Any)     0     0     0     0     0     0     0     0
 ------------------------------------------------------------------------------
 Summary of Emitted Particle Yields
 ------------------------------------------------------------------------------
 Energy Independent.........     0     0     0     0     0     0     0     0
 Energy Dependent...........     1     1     1     1     1     1     1   333
 ------------------------------------------------------------------------------
 Summary of Angular Distributions
 ------------------------------------------------------------------------------
 Isotropic..................     1     0     0     0     0     0     0     0
 Nonisotropic...............     0     0     0     1     0     0     0     0
 Mixed......................     0     1     1     0     1     1     1     0
 ------------------------------------------------------------------------------
 Maximum Legendre Order.....     0    10    10    10    10    10    10     0
 Maximum Number of Cosines..     0     0     0     0     0     0     0     0
 ------------------------------------------------------------------------------
 Summary of Energy Distributions
 ------------------------------------------------------------------------------
 Continuous.................     1     1     1     1     1     1     1     0
 Discrete...................     0     0     0     0     0     0     0     0
 Mixed......................     0     0     0     0     0     0     0     0
 ------------------------------------------------------------------------------
 ==============================================================================
 Summary of Incident Neutron with Photon or Neutron Emitted Data
 ------------------------------------------------------------------------------
 Law Number and Definition   Output        Not Output 
 ------------------------------------------------------------------------------
                             Photon    n   Photon    n
 ------------------------------------------------------------------------------
 (0) Unknown................     0     0       0     0
 (1) Continuum Energy-Angle
      Legendre..............     0     0       0     0
      Kalbach-Mann..........     0     0       0     0
      Tabulated.............     0     0       0     0
 (2) Discrete 2 Body
      Legendre..............     0     0       0     0
      Tabulated.............     0     0       0     0
 (3) Isotropic Discrete.....     0     0       0     0
 (4) Discrete 2 Body Recoil.     0     0       0     0
 (5) Charged Particle Elastic
      Legendre..............     0     0       0     0
      Tabulated.............     0     0       0     0
 (6) n-Body Phase-Space.....     0     0       0     0
 (7) Laboratory Angle-Energy     0     0       0     0
 Not 0 to 7 (WARNING if Any)     0     0       0     0
 ==============================================================================
 End of Run
 ===============================================================================
 SIXPAK   Total Execution Time                0.14 Seconds
 ===============================================================================
