 ENDF Activation Cross Sections (ACTIVATE 2019-1)
 ------------------------------------------------------------------------------
 ENDF Input and Output Data Filenames
 ------------------------------------------------------------------------------
 ACTIVATE.IN                                                             
 ACTIVATE.OUT                                                            
 ------------------------------------------------------------------------------
 ENDF Tape Label
 ------------------------------------------------------------------------------
  JENDL/PD-2016.1  Cs-135                                             1
 ------------------------------------------------------------------------------
   Material  MAT  MF  MT  ENDF    ZAP Final      Q-Value Points Points
                          Format      State           eV     In    Out
 ------------------------------------------------------------------------------
  55-Cs-135 5531  10   5   6        1     0   0.0            88     88
  55-Cs-135 5531  10   5   6     1001     0   0.0            88     88
  55-Cs-135 5531  10   5   6     1002     0   0.0            88     88
  55-Cs-135 5531  10   5   6     1003     0   0.0            88     88
  55-Cs-135 5531  10   5   6     2003     0   0.0            88     88
  55-Cs-135 5531  10   5   6     2004     0   0.0            88     88
  55-Cs-135 5531  10   5   6    40102     0   0.0            88     88
  55-Cs-135 5531  10   5   6    40103     0   0.0            88     88
  55-Cs-135 5531  10   5   6    40104     0   0.0            88     88
  55-Cs-135 5531  10   5   6    40105     0   0.0            88     88
  55-Cs-135 5531  10   5   6    40106     0   0.0            88     88
  55-Cs-135 5531  10   5   6    40107     0   0.0            88     88
  55-Cs-135 5531  10   5   6    40108     0   0.0            88     88
  55-Cs-135 5531  10   5   6    41103     0   0.0            88     88
  55-Cs-135 5531  10   5   6    41104     0   0.0            88     88
  55-Cs-135 5531  10   5   6    41105     0   0.0            88     88
  55-Cs-135 5531  10   5   6    41106     0   0.0            88     88
  55-Cs-135 5531  10   5   6    41107     0   0.0            88     88
  55-Cs-135 5531  10   5   6    41108     0   0.0            88     88
  55-Cs-135 5531  10   5   6    41109     0   0.0            88     88
  55-Cs-135 5531  10   5   6    41110     0   0.0            88     88
  55-Cs-135 5531  10   5   6    41111     0   0.0            88     88
  55-Cs-135 5531  10   5   6    42104     0   0.0            88     88
  55-Cs-135 5531  10   5   6    42105     0   0.0            88     88
  55-Cs-135 5531  10   5   6    42106     0   0.0            88     88
  55-Cs-135 5531  10   5   6    42107     0   0.0            88     88
  55-Cs-135 5531  10   5   6    42108     0   0.0            88     88
  55-Cs-135 5531  10   5   6    42109     0   0.0            88     88
  55-Cs-135 5531  10   5   6    42110     0   0.0            88     88
  55-Cs-135 5531  10   5   6    42111     0   0.0            88     88
  55-Cs-135 5531  10   5   6    42112     0   0.0            88     88
  55-Cs-135 5531  10   5   6    42113     0   0.0            88     88
  55-Cs-135 5531  10   5   6    42114     0   0.0            88     88
  55-Cs-135 5531  10   5   6    43105     0   0.0            88     88
  55-Cs-135 5531  10   5   6    43106     0   0.0            88     88
  55-Cs-135 5531  10   5   6    43107     0   0.0            88     88
  55-Cs-135 5531  10   5   6    43108     0   0.0            88     88
  55-Cs-135 5531  10   5   6    43109     0   0.0            88     88
  55-Cs-135 5531  10   5   6    43110     0   0.0            88     88
  55-Cs-135 5531  10   5   6    43111     0   0.0            88     88
  55-Cs-135 5531  10   5   6    43112     0   0.0            88     88
  55-Cs-135 5531  10   5   6    43113     0   0.0            88     88
  55-Cs-135 5531  10   5   6    43114     0   0.0            88     88
  55-Cs-135 5531  10   5   6    43115     0   0.0            88     88
  55-Cs-135 5531  10   5   6    43116     0   0.0            88     88
  55-Cs-135 5531  10   5   6    43117     0   0.0            88     88
  55-Cs-135 5531  10   5   6    44106     0   0.0            88     88
  55-Cs-135 5531  10   5   6    44107     0   0.0            88     88
  55-Cs-135 5531  10   5   6    44108     0   0.0            88     88
  55-Cs-135 5531  10   5   6    44109     0   0.0            88     88
  55-Cs-135 5531  10   5   6    44110     0   0.0            88     88
  55-Cs-135 5531  10   5   6    44111     0   0.0            88     88
  55-Cs-135 5531  10   5   6    44112     0   0.0            88     88
  55-Cs-135 5531  10   5   6    44113     0   0.0            88     88
  55-Cs-135 5531  10   5   6    44114     0   0.0            88     88
  55-Cs-135 5531  10   5   6    44115     0   0.0            88     88
  55-Cs-135 5531  10   5   6    44116     0   0.0            88     88
  55-Cs-135 5531  10   5   6    44117     0   0.0            88     88
  55-Cs-135 5531  10   5   6    44118     0   0.0            88     88
  55-Cs-135 5531  10   5   6    44119     0   0.0            88     88
  55-Cs-135 5531  10   5   6    45107     0   0.0            88     88
  55-Cs-135 5531  10   5   6    45108     0   0.0            88     88
  55-Cs-135 5531  10   5   6    45109     0   0.0            88     88
  55-Cs-135 5531  10   5   6    45110     0   0.0            88     88
  55-Cs-135 5531  10   5   6    45111     0   0.0            88     88
  55-Cs-135 5531  10   5   6    45112     0   0.0            88     88
  55-Cs-135 5531  10   5   6    45113     0   0.0            88     88
  55-Cs-135 5531  10   5   6    45114     0   0.0            88     88
  55-Cs-135 5531  10   5   6    45115     0   0.0            88     88
  55-Cs-135 5531  10   5   6    45116     0   0.0            88     88
  55-Cs-135 5531  10   5   6    45116     1   0.0            88     88
  55-Cs-135 5531  10   5   6    45117     0   0.0            88     88
  55-Cs-135 5531  10   5   6    45118     0   0.0            88     88
  55-Cs-135 5531  10   5   6    45119     0   0.0            88     88
  55-Cs-135 5531  10   5   6    45120     0   0.0            88     88
  55-Cs-135 5531  10   5   6    45121     0   0.0            88     88
  55-Cs-135 5531  10   5   6    46108     0   0.0            88     88
  55-Cs-135 5531  10   5   6    46109     0   0.0            88     88
  55-Cs-135 5531  10   5   6    46109     1   0.0            88     88
  55-Cs-135 5531  10   5   6    46110     0   0.0            88     88
  55-Cs-135 5531  10   5   6    46111     0   0.0            88     88
  55-Cs-135 5531  10   5   6    46111     1   0.0            88     88
  55-Cs-135 5531  10   5   6    46112     0   0.0            88     88
  55-Cs-135 5531  10   5   6    46113     0   0.0            88     88
  55-Cs-135 5531  10   5   6    46113     1   0.0            88     88
  55-Cs-135 5531  10   5   6    46114     0   0.0            88     88
  55-Cs-135 5531  10   5   6    46115     0   0.0            88     88
  55-Cs-135 5531  10   5   6    46115     1   0.0            88     88
  55-Cs-135 5531  10   5   6    46116     0   0.0            88     88
  55-Cs-135 5531  10   5   6    46117     0   0.0            88     88
  55-Cs-135 5531  10   5   6    46118     0   0.0            88     88
  55-Cs-135 5531  10   5   6    46119     0   0.0            88     88
  55-Cs-135 5531  10   5   6    46120     0   0.0            88     88
  55-Cs-135 5531  10   5   6    46121     0   0.0            88     88
  55-Cs-135 5531  10   5   6    46122     0   0.0            88     88
  55-Cs-135 5531  10   5   6    46123     0   0.0            88     88
  55-Cs-135 5531  10   5   6    46124     0   0.0            88     88
  55-Cs-135 5531  10   5   6    47109     0   0.0            88     88
  55-Cs-135 5531  10   5   6    47109     1   0.0            88     88
  55-Cs-135 5531  10   5   6    47110     0   0.0            88     88
  55-Cs-135 5531  10   5   6    47110     1   0.0            88     88
  55-Cs-135 5531  10   5   6    47111     0   0.0            88     88
  55-Cs-135 5531  10   5   6    47111     1   0.0            88     88
  55-Cs-135 5531  10   5   6    47112     0   0.0            88     88
  55-Cs-135 5531  10   5   6    47113     0   0.0            88     88
  55-Cs-135 5531  10   5   6    47113     1   0.0            88     88
  55-Cs-135 5531  10   5   6    47114     0   0.0            88     88
  55-Cs-135 5531  10   5   6    47115     0   0.0            88     88
  55-Cs-135 5531  10   5   6    47115     1   0.0            88     88
  55-Cs-135 5531  10   5   6    47116     0   0.0            88     88
  55-Cs-135 5531  10   5   6    47116     1   0.0            88     88
  55-Cs-135 5531  10   5   6    47117     0   0.0            88     88
  55-Cs-135 5531  10   5   6    47117     1   0.0            88     88
  55-Cs-135 5531  10   5   6    47118     0   0.0            88     88
  55-Cs-135 5531  10   5   6    47119     0   0.0            88     88
  55-Cs-135 5531  10   5   6    47119     1   0.0            88     88
  55-Cs-135 5531  10   5   6    47120     0   0.0            88     88
  55-Cs-135 5531  10   5   6    47121     0   0.0            88     88
  55-Cs-135 5531  10   5   6    47122     0   0.0            88     88
  55-Cs-135 5531  10   5   6    47122     1   0.0            88     88
  55-Cs-135 5531  10   5   6    47123     0   0.0            88     88
  55-Cs-135 5531  10   5   6    47124     0   0.0            88     88
  55-Cs-135 5531  10   5   6    47125     0   0.0            88     88
  55-Cs-135 5531  10   5   6    47126     0   0.0            88     88
  55-Cs-135 5531  10   5   6    48110     0   0.0            88     88
  55-Cs-135 5531  10   5   6    48111     0   0.0            88     88
  55-Cs-135 5531  10   5   6    48111     1   0.0            88     88
  55-Cs-135 5531  10   5   6    48112     0   0.0            88     88
  55-Cs-135 5531  10   5   6    48113     0   0.0            88     88
  55-Cs-135 5531  10   5   6    48113     1   0.0            88     88
  55-Cs-135 5531  10   5   6    48114     0   0.0            88     88
  55-Cs-135 5531  10   5   6    48115     0   0.0            88     88
  55-Cs-135 5531  10   5   6    48115     1   0.0            88     88
  55-Cs-135 5531  10   5   6    48116     0   0.0            88     88
  55-Cs-135 5531  10   5   6    48117     0   0.0            88     88
  55-Cs-135 5531  10   5   6    48117     1   0.0            88     88
  55-Cs-135 5531  10   5   6    48118     0   0.0            88     88
  55-Cs-135 5531  10   5   6    48119     0   0.0            88     88
  55-Cs-135 5531  10   5   6    48119     1   0.0            88     88
  55-Cs-135 5531  10   5   6    48120     0   0.0            88     88
  55-Cs-135 5531  10   5   6    48121     0   0.0            88     88
  55-Cs-135 5531  10   5   6    48121     1   0.0            88     88
  55-Cs-135 5531  10   5   6    48122     0   0.0            88     88
  55-Cs-135 5531  10   5   6    48123     0   0.0            88     88
  55-Cs-135 5531  10   5   6    48123     1   0.0            88     88
  55-Cs-135 5531  10   5   6    48124     0   0.0            88     88
  55-Cs-135 5531  10   5   6    48125     0   0.0            88     88
  55-Cs-135 5531  10   5   6    48125     1   0.0            88     88
  55-Cs-135 5531  10   5   6    48126     0   0.0            88     88
  55-Cs-135 5531  10   5   6    48127     0   0.0            88     88
  55-Cs-135 5531  10   5   6    49111     0   0.0            88     88
  55-Cs-135 5531  10   5   6    49111     1   0.0            88     88
  55-Cs-135 5531  10   5   6    49112     0   0.0            88     88
  55-Cs-135 5531  10   5   6    49112     1   0.0            88     88
  55-Cs-135 5531  10   5   6    49113     0   0.0            88     88
  55-Cs-135 5531  10   5   6    49113     1   0.0            88     88
  55-Cs-135 5531  10   5   6    49114     0   0.0            88     88
  55-Cs-135 5531  10   5   6    49114     1   0.0            88     88
  55-Cs-135 5531  10   5   6    49115     0   0.0            88     88
  55-Cs-135 5531  10   5   6    49115     1   0.0            88     88
  55-Cs-135 5531  10   5   6    49116     0   0.0            88     88
  55-Cs-135 5531  10   5   6    49116     1   0.0            88     88
  55-Cs-135 5531  10   5   6    49116     2   0.0            88     88
  55-Cs-135 5531  10   5   6    49117     0   0.0            88     88
  55-Cs-135 5531  10   5   6    49117     1   0.0            88     88
  55-Cs-135 5531  10   5   6    49118     0   0.0            88     88
  55-Cs-135 5531  10   5   6    49118     1   0.0            88     88
  55-Cs-135 5531  10   5   6    49119     0   0.0            88     88
  55-Cs-135 5531  10   5   6    49119     1   0.0            88     88
  55-Cs-135 5531  10   5   6    49120     0   0.0            88     88
  55-Cs-135 5531  10   5   6    49120     1   0.0            88     88
  55-Cs-135 5531  10   5   6    49121     0   0.0            88     88
  55-Cs-135 5531  10   5   6    49121     1   0.0            88     88
  55-Cs-135 5531  10   5   6    49122     0   0.0            88     88
  55-Cs-135 5531  10   5   6    49122     1   0.0            88     88
  55-Cs-135 5531  10   5   6    49123     0   0.0            88     88
  55-Cs-135 5531  10   5   6    49123     1   0.0            88     88
  55-Cs-135 5531  10   5   6    49124     0   0.0            88     88
  55-Cs-135 5531  10   5   6    49125     0   0.0            88     88
  55-Cs-135 5531  10   5   6    49125     1   0.0            88     88
  55-Cs-135 5531  10   5   6    49126     0   0.0            88     88
  55-Cs-135 5531  10   5   6    49126     1   0.0            88     88
  55-Cs-135 5531  10   5   6    49127     0   0.0            88     88
  55-Cs-135 5531  10   5   6    49127     1   0.0            88     88
  55-Cs-135 5531  10   5   6    49127     2   0.0            88     88
  55-Cs-135 5531  10   5   6    49128     0   0.0            88     88
  55-Cs-135 5531  10   5   6    49129     0   0.0            88     88
  55-Cs-135 5531  10   5   6    49129     1   0.0            88     88
  55-Cs-135 5531  10   5   6    50112     0   0.0            88     88
  55-Cs-135 5531  10   5   6    50113     0   0.0            88     88
  55-Cs-135 5531  10   5   6    50113     1   0.0            88     88
  55-Cs-135 5531  10   5   6    50114     0   0.0            88     88
  55-Cs-135 5531  10   5   6    50115     0   0.0            88     88
  55-Cs-135 5531  10   5   6    50116     0   0.0            88     88
  55-Cs-135 5531  10   5   6    50117     0   0.0            88     88
  55-Cs-135 5531  10   5   6    50117     1   0.0            88     88
  55-Cs-135 5531  10   5   6    50118     0   0.0            88     88
  55-Cs-135 5531  10   5   6    50119     0   0.0            88     88
  55-Cs-135 5531  10   5   6    50119     1   0.0            88     88
  55-Cs-135 5531  10   5   6    50120     0   0.0            88     88
  55-Cs-135 5531  10   5   6    50121     0   0.0            88     88
  55-Cs-135 5531  10   5   6    50121     1   0.0            88     88
  55-Cs-135 5531  10   5   6    50122     0   0.0            88     88
  55-Cs-135 5531  10   5   6    50123     0   0.0            88     88
  55-Cs-135 5531  10   5   6    50123     1   0.0            88     88
  55-Cs-135 5531  10   5   6    50124     0   0.0            88     88
  55-Cs-135 5531  10   5   6    50125     0   0.0            88     88
  55-Cs-135 5531  10   5   6    50125     1   0.0            88     88
  55-Cs-135 5531  10   5   6    50126     0   0.0            88     88
  55-Cs-135 5531  10   5   6    50127     0   0.0            88     88
  55-Cs-135 5531  10   5   6    50127     1   0.0            88     88
  55-Cs-135 5531  10   5   6    50128     0   0.0            88     88
  55-Cs-135 5531  10   5   6    50128     1   0.0            88     88
  55-Cs-135 5531  10   5   6    50129     0   0.0            88     88
  55-Cs-135 5531  10   5   6    50129     1   0.0            88     88
  55-Cs-135 5531  10   5   6    50130     0   0.0            88     88
  55-Cs-135 5531  10   5   6    50130     1   0.0            88     88
  55-Cs-135 5531  10   5   6    51113     0   0.0            88     88
  55-Cs-135 5531  10   5   6    51114     0   0.0            88     88
  55-Cs-135 5531  10   5   6    51115     0   0.0            88     88
  55-Cs-135 5531  10   5   6    51116     0   0.0            88     88
  55-Cs-135 5531  10   5   6    51116     1   0.0            88     88
  55-Cs-135 5531  10   5   6    51117     0   0.0            88     88
  55-Cs-135 5531  10   5   6    51118     0   0.0            88     88
  55-Cs-135 5531  10   5   6    51118     1   0.0            88     88
  55-Cs-135 5531  10   5   6    51119     0   0.0            88     88
  55-Cs-135 5531  10   5   6    51120     0   0.0            88     88
  55-Cs-135 5531  10   5   6    51120     1   0.0            88     88
  55-Cs-135 5531  10   5   6    51121     0   0.0            88     88
  55-Cs-135 5531  10   5   6    51122     0   0.0            88     88
  55-Cs-135 5531  10   5   6    51122     1   0.0            88     88
  55-Cs-135 5531  10   5   6    51123     0   0.0            88     88
  55-Cs-135 5531  10   5   6    51124     0   0.0            88     88
  55-Cs-135 5531  10   5   6    51124     1   0.0            88     88
  55-Cs-135 5531  10   5   6    51124     2   0.0            88     88
  55-Cs-135 5531  10   5   6    51125     0   0.0            88     88
  55-Cs-135 5531  10   5   6    51126     0   0.0            88     88
  55-Cs-135 5531  10   5   6    51126     1   0.0            88     88
  55-Cs-135 5531  10   5   6    51127     0   0.0            88     88
  55-Cs-135 5531  10   5   6    51128     0   0.0            88     88
  55-Cs-135 5531  10   5   6    51128     1   0.0            88     88
  55-Cs-135 5531  10   5   6    51129     0   0.0            88     88
  55-Cs-135 5531  10   5   6    51129     1   0.0            88     88
  55-Cs-135 5531  10   5   6    51130     0   0.0            88     88
  55-Cs-135 5531  10   5   6    51130     1   0.0            88     88
  55-Cs-135 5531  10   5   6    51131     0   0.0            88     88
  55-Cs-135 5531  10   5   6    52114     0   0.0            88     88
  55-Cs-135 5531  10   5   6    52115     0   0.0            88     88
  55-Cs-135 5531  10   5   6    52115     1   0.0            88     88
  55-Cs-135 5531  10   5   6    52116     0   0.0            88     88
  55-Cs-135 5531  10   5   6    52117     0   0.0            88     88
  55-Cs-135 5531  10   5   6    52117     1   0.0            88     88
  55-Cs-135 5531  10   5   6    52118     0   0.0            88     88
  55-Cs-135 5531  10   5   6    52119     0   0.0            88     88
  55-Cs-135 5531  10   5   6    52119     1   0.0            88     88
  55-Cs-135 5531  10   5   6    52120     0   0.0            88     88
  55-Cs-135 5531  10   5   6    52121     0   0.0            88     88
  55-Cs-135 5531  10   5   6    52121     1   0.0            88     88
  55-Cs-135 5531  10   5   6    52122     0   0.0            88     88
  55-Cs-135 5531  10   5   6    52123     0   0.0            88     88
  55-Cs-135 5531  10   5   6    52123     1   0.0            88     88
  55-Cs-135 5531  10   5   6    52124     0   0.0            88     88
  55-Cs-135 5531  10   5   6    52125     0   0.0            88     88
  55-Cs-135 5531  10   5   6    52125     1   0.0            88     88
  55-Cs-135 5531  10   5   6    52126     0   0.0            88     88
  55-Cs-135 5531  10   5   6    52127     0   0.0            88     88
  55-Cs-135 5531  10   5   6    52127     1   0.0            88     88
  55-Cs-135 5531  10   5   6    52128     0   0.0            88     88
  55-Cs-135 5531  10   5   6    52129     0   0.0            88     88
  55-Cs-135 5531  10   5   6    52129     1   0.0            88     88
  55-Cs-135 5531  10   5   6    52130     0   0.0            88     88
  55-Cs-135 5531  10   5   6    52131     0   0.0            88     88
  55-Cs-135 5531  10   5   6    52131     1   0.0            88     88
  55-Cs-135 5531  10   5   6    52132     0   0.0            88     88
  55-Cs-135 5531  10   5   6    53115     0   0.0            88     88
  55-Cs-135 5531  10   5   6    53116     0   0.0            88     88
  55-Cs-135 5531  10   5   6    53117     0   0.0            88     88
  55-Cs-135 5531  10   5   6    53118     0   0.0            88     88
  55-Cs-135 5531  10   5   6    53118     1   0.0            88     88
  55-Cs-135 5531  10   5   6    53119     0   0.0            88     88
  55-Cs-135 5531  10   5   6    53120     0   0.0            88     88
  55-Cs-135 5531  10   5   6    53120     1   0.0            88     88
  55-Cs-135 5531  10   5   6    53121     0   0.0            88     88
  55-Cs-135 5531  10   5   6    53122     0   0.0            88     88
  55-Cs-135 5531  10   5   6    53123     0   0.0            88     88
  55-Cs-135 5531  10   5   6    53124     0   0.0            88     88
  55-Cs-135 5531  10   5   6    53125     0   0.0            88     88
  55-Cs-135 5531  10   5   6    53126     0   0.0            88     88
  55-Cs-135 5531  10   5   6    53127     0   0.0            88     88
  55-Cs-135 5531  10   5   6    53128     0   0.0            88     88
  55-Cs-135 5531  10   5   6    53129     0   0.0            88     88
  55-Cs-135 5531  10   5   6    53130     0   0.0            88     88
  55-Cs-135 5531  10   5   6    53130     1   0.0            88     88
  55-Cs-135 5531  10   5   6    53131     0   0.0            88     88
  55-Cs-135 5531  10   5   6    53132     0   0.0            88     88
  55-Cs-135 5531  10   5   6    53133     0   0.0            88     88
  55-Cs-135 5531  10   5   6    53133     1   0.0            88     88
  55-Cs-135 5531  10   5   6    54116     0   0.0            88     88
  55-Cs-135 5531  10   5   6    54117     0   0.0            88     88
  55-Cs-135 5531  10   5   6    54118     0   0.0            88     88
  55-Cs-135 5531  10   5   6    54119     0   0.0            88     88
  55-Cs-135 5531  10   5   6    54120     0   0.0            88     88
  55-Cs-135 5531  10   5   6    54121     0   0.0            88     88
  55-Cs-135 5531  10   5   6    54122     0   0.0            88     88
  55-Cs-135 5531  10   5   6    54123     0   0.0            88     88
  55-Cs-135 5531  10   5   6    54124     0   0.0            88     88
  55-Cs-135 5531  10   5   6    54125     0   0.0            88     88
  55-Cs-135 5531  10   5   6    54125     1   0.0            88     88
  55-Cs-135 5531  10   5   6    54126     0   0.0            88     88
  55-Cs-135 5531  10   5   6    54127     0   0.0            88     88
  55-Cs-135 5531  10   5   6    54127     1   0.0            88     88
  55-Cs-135 5531  10   5   6    54128     0   0.0            88     88
  55-Cs-135 5531  10   5   6    54129     0   0.0            88     88
  55-Cs-135 5531  10   5   6    54129     1   0.0            88     88
  55-Cs-135 5531  10   5   6    54130     0   0.0            88     88
  55-Cs-135 5531  10   5   6    54131     0   0.0            88     88
  55-Cs-135 5531  10   5   6    54131     1   0.0            88     88
  55-Cs-135 5531  10   5   6    54132     0   0.0            88     88
  55-Cs-135 5531  10   5   6    54133     0   0.0            88     88
  55-Cs-135 5531  10   5   6    54133     1   0.0            88     88
  55-Cs-135 5531  10   5   6    54134     0   0.0            88     88
  55-Cs-135 5531  10   5   6    54134     1   0.0            88     88
  55-Cs-135 5531  10   5   6    55118     0   0.0            88     88
  55-Cs-135 5531  10   5   6    55118     1   0.0            88     88
  55-Cs-135 5531  10   5   6    55119     0   0.0            88     88
  55-Cs-135 5531  10   5   6    55119     1   0.0            88     88
  55-Cs-135 5531  10   5   6    55120     0   0.0            88     88
  55-Cs-135 5531  10   5   6    55120     1   0.0            88     88
  55-Cs-135 5531  10   5   6    55121     0   0.0            88     88
  55-Cs-135 5531  10   5   6    55121     1   0.0            88     88
  55-Cs-135 5531  10   5   6    55122     0   0.0            88     88
  55-Cs-135 5531  10   5   6    55122     1   0.0            88     88
  55-Cs-135 5531  10   5   6    55122     2   0.0            88     88
  55-Cs-135 5531  10   5   6    55123     0   0.0            88     88
  55-Cs-135 5531  10   5   6    55123     1   0.0            88     88
  55-Cs-135 5531  10   5   6    55124     0   0.0            88     88
  55-Cs-135 5531  10   5   6    55124     1   0.0            88     88
  55-Cs-135 5531  10   5   6    55125     0   0.0            88     88
  55-Cs-135 5531  10   5   6    55126     0   0.0            88     88
  55-Cs-135 5531  10   5   6    55127     0   0.0            88     88
  55-Cs-135 5531  10   5   6    55128     0   0.0            88     88
  55-Cs-135 5531  10   5   6    55129     0   0.0            88     88
  55-Cs-135 5531  10   5   6    55130     0   0.0            88     88
  55-Cs-135 5531  10   5   6    55130     1   0.0            88     88
  55-Cs-135 5531  10   5   6    55131     0   0.0            88     88
  55-Cs-135 5531  10   5   6    55132     0   0.0            88     88
  55-Cs-135 5531  10   5   6    55133     0   0.0            88     88
  55-Cs-135 5531  10   5   6    55134     0   0.0            88     88
  55-Cs-135 5531  10   5   6    55134     1   0.0            88     88
  55-Cs-135 5531  10   5   6    55135     0   0.0            88     88
  55-Cs-135 5531  10   5   6        0     0   0.0            88     88
 ------------------------------------------------------------------------------
                                              MAT Totals  30888  30888
 ------------------------------------------------------------------------------
 ------------------------------------------------------------------------------
 All Cross Sections Read. Maximum Tabulated Energy =  200000000. eV
 ------------------------------------------------------------------------------
 ===============================================================================
      MAT Total Execution Time                0.45 Seconds
 ===============================================================================
 ------------------------------------------------------------------------------
                                             Tape Totals  30888  30888
 ------------------------------------------------------------------------------
 ===============================================================================
 ACTIVATE Total Execution Time                0.45 Seconds
 ===============================================================================
