  Linearize ENDF/B Cross Sections (LINEAR 2019-1)
  ------------------------------------------------------------------------------
  Retrieval Criteria-----------        MAT
  Monitor Mode-----------------        Off
  Minimum Cross Section-------- 1.0000E-10
  Keep Evaluated Data Points---        Yes
  ------------------------------------------------------------------------------
  ENDF/B Input and Output Data Filenames
  LINEAR.IN                                                               
  LINEAR.OUT                                                              
  ------------------------------------------------------------------------------
  Requested Ranges
  ------------------------------------------------------------------------------
       Minimum       Maximum   
     MAT MF  MT    MAT MF  MT
  ------------------------------------------------------------------------------
       0  0   0 999999 99 999
  ------------------------------------------------------------------------------
  Allowable Uncertainty
  ------------------------------------------------------------------------------
      Energy Uncertainty   per-cent
  ------------------------------------------------------------------------------
  0.0         1.0000E-10     0.0000
  ------------------------------------------------------------------------------
  ENDF/B Tape Label
  ------------------------------------------------------------------------------
  Retrieved by E4-util: 2019/11/11,14:58:49                            1
  ------------------------------------------------------------------------------
    Material  MAT  MF  MT  ENDF/B      Kelvin     Q-Value   Points   Points
                           Format                      eV       In      Out
  ------------------------------------------------------------------------------
   74-W -182 7431   3   5   VI     0.0         0.0             102      102
   74-W -182 7431   3 201   VI     0.0        -8065000.00       86       86
   74-W -182 7431   3 203   VI     0.0        -7095300.00       81       81
   74-W -182 7431   3 204   VI     0.0        -12447000.0       65       65
   74-W -182 7431   3 205   VI     0.0        -12835000.0       61       61
   74-W -182 7431   3 206   VI     0.0        -12706000.0       44       44
  ------------------------------------------------------------------------------
                                               MAT Totals      439      439
  ------------------------------------------------------------------------------
 ------------------------------------------------------------------------------
 All Cross Sections Read. Maximum Tabulated Energy =  200000000. eV
 ------------------------------------------------------------------------------
 ===============================================================================
      MAT Total Execution Time                0.01 Seconds
 ===============================================================================
  ------------------------------------------------------------------------------
                                              Tape Totals      439      439
  ------------------------------------------------------------------------------
 ===============================================================================
 LINEAR   Total Execution Time                0.01 Seconds
 ===============================================================================
