                                                     MT=  5
 MAT 7431                         0.0        Kelvin Unshielded Cross Sections                          74-W -182

   No.  Group-eV   Average      No.  Group-eV   Average      No.  Group-eV   Average      No.  Group-eV   Average

    66 2000000.00 1.44297E-4     91 5800000.00 .004805691    116 14000000.0 .376572592    141 160000000. .010002567
    67 2125000.00 1.80751E-4     92 6000000.00 .005434502    117 15000000.0 .380055637    142 180000000. .008655916
    68 2250000.00 2.17203E-4     93 6200000.00 .006256417    118 16000000.0 .306839012    143 200000000. 0.0       
    69 2375000.00 2.54220E-4     94 6400000.00 .007109732    119 17000000.0 .218125711    144 240000000. 0.0       
    70 2500000.00 2.96558E-4     95 6600000.00 .008099641    120 18000000.0 .157009923    145 280000000. 0.0       
    71 2625000.00 3.40211E-4     96 6800000.00 .009124165    121 19000000.0 .119255899    146 320000000. 0.0       
    72 2750000.00 3.83864E-4     97 7000000.00 .010406806    122 20000000.0 .087416052    147 360000000. 0.0       
    73 2875000.00 4.34057E-4     98 7200000.00 .011796050    123 22000000.0 .063737429    148 400000000. 0.0       
    74 3000000.00 4.97937E-4     99 7400000.00 .013438073    124 24000000.0 .050849878    149 440000000. 0.0       
    75 3125000.00 5.62237E-4    100 7600000.00 .015335160    125 26000000.0 .043052799    150 480000000. 0.0       
    76 3250000.00 6.27190E-4    101 7800000.00 .017409564    126 28000000.0 .037940266    151 520000000. 0.0       
    77 3375000.00 7.13988E-4    102 8000000.00 .019921124    127 30000000.0 .032659449    152 560000000. 0.0       
    78 3500000.00 8.11510E-4    103 8200000.00 .022556523    128 35000000.0 .028310391    153 600000000. 0.0       
    79 3625000.00 9.09031E-4    104 8400000.00 .025819817    129 40000000.0 .025969605    154 640000000. 0.0       
    80 3750000.00 .001011357    105 8600000.00 .029227582    130 45000000.0 .024542169    155 680000000. 0.0       
    81 3875000.00 .001133655    106 8800000.00 .033499799    131 50000000.0 .023650329    156 720000000. 0.0       
    82 4000000.00 .001294986    107 9000000.00 .038128345    132 54000000.0 .023278463    157 760000000. 0.0       
    83 4200000.00 .001518624    108 9200000.00 .043811467    133 55000000.0 .022841603    158 800000000. 0.0       
    84 4400000.00 .001802969    109 9400000.00 .050556833    134 60000000.0 .021750243    159 840000000. 0.0       
    85 4600000.00 .002094574    110 9600000.00 .058014612    135 70000000.0 .020355528    160 880000000. 0.0       
    86 4800000.00 .002413337    111 9800000.00 .067225969    136 80000000.0 .019046380    161 920000000. 0.0       
    87 5000000.00 .002742634    112 10000000.0 .106472614    137 90000000.0 .017737594    162 960000000. 0.0       
    88 5200000.00 .003204521    113 11000000.0 .223149539    138 100000000. .015906808    163 1.00000E+9
    89 5400000.00 .003721349    114 12000000.0 .348373995    139 120000000. .013553451
    90 5600000.00 .004255005    115 13000000.0 .369936585    140 140000000. .011604341
 
                                                     MT=201
 MAT 7431                         0.0        Kelvin Unshielded Cross Sections                          74-W -182

   No.  Group-eV   Average      No.  Group-eV   Average      No.  Group-eV   Average      No.  Group-eV   Average

   102 8000000.00 .001960494    118 16000000.0 .397572191    134 60000000.0 .102339942    150 480000000. 0.0       
   103 8200000.00 .009870107    119 17000000.0 .341630414    135 70000000.0 .105383973    151 520000000. 0.0       
   104 8400000.00 .016480530    120 18000000.0 .277544800    136 80000000.0 .104636327    152 560000000. 0.0       
   105 8600000.00 .022753435    121 19000000.0 .224464403    137 90000000.0 .103888888    153 600000000. 0.0       
   106 8800000.00 .028102031    122 20000000.0 .170142852    138 100000000. .098555904    154 640000000. 0.0       
   107 9000000.00 .033069613    123 22000000.0 .125591011    139 120000000. .088328957    155 680000000. 0.0       
   108 9200000.00 .038878781    124 24000000.0 .102343944    140 140000000. .078463908    156 720000000. 0.0       
   109 9400000.00 .045535655    125 26000000.0 .097125802    141 160000000. .070315923    157 760000000. 0.0       
   110 9600000.00 .052878143    126 28000000.0 .097480711    142 180000000. .063405888    158 800000000. 0.0       
   111 9800000.00 .061908246    127 30000000.0 .091293390    143 200000000. 0.0           159 840000000. 0.0       
   112 10000000.0 .100735138    128 35000000.0 .089409434    144 240000000. 0.0           160 880000000. 0.0       
   113 11000000.0 .217389652    129 40000000.0 .090102338    145 280000000. 0.0           161 920000000. 0.0       
   114 12000000.0 .343768548    130 45000000.0 .090959155    146 320000000. 0.0           162 960000000. 0.0       
   115 13000000.0 .367303100    131 50000000.0 .093766629    147 360000000. 0.0           163 1.00000E+9
   116 14000000.0 .375218838    132 54000000.0 .095444514    148 400000000. 0.0       
   117 15000000.0 .403036011    133 55000000.0 .097415653    149 440000000. 0.0       
 
                                                     MT=203
 MAT 7431                         0.0        Kelvin Unshielded Cross Sections                          74-W -182

   No.  Group-eV   Average      No.  Group-eV   Average      No.  Group-eV   Average      No.  Group-eV   Average

   112 10000000.0 6.0903E-10    125 26000000.0 3.08259E-4    138 100000000. .014310176    151 520000000. 0.0       
   113 11000000.0 1.97808E-8    126 28000000.0 4.38819E-4    139 120000000. .015487899    152 560000000. 0.0       
   114 12000000.0 1.16741E-7    127 30000000.0 7.20664E-4    140 140000000. .015493686    153 600000000. 0.0       
   115 13000000.0 3.05905E-7    128 35000000.0 .001241402    141 160000000. .014987433    154 640000000. 0.0       
   116 14000000.0 7.28733E-7    129 40000000.0 .001887432    142 180000000. .014387171    155 680000000. 0.0       
   117 15000000.0 1.99475E-6    130 45000000.0 .002641122    143 200000000. 0.0           156 720000000. 0.0       
   118 16000000.0 5.02411E-6    131 50000000.0 .003481335    144 240000000. 0.0           157 760000000. 0.0       
   119 17000000.0 1.07171E-5    132 54000000.0 .004037726    145 280000000. 0.0           158 800000000. 0.0       
   120 18000000.0 1.99938E-5    133 55000000.0 .004691361    146 320000000. 0.0           159 840000000. 0.0       
   121 19000000.0 3.36123E-5    134 60000000.0 .006324268    147 360000000. 0.0           160 880000000. 0.0       
   122 20000000.0 6.36212E-5    135 70000000.0 .008465092    148 400000000. 0.0           161 920000000. 0.0       
   123 22000000.0 1.21709E-4    136 80000000.0 .010534529    149 440000000. 0.0           162 960000000. 0.0       
   124 24000000.0 2.02545E-4    137 90000000.0 .012603394    150 480000000. 0.0           163 1.00000E+9
 
                                                     MT=204
 MAT 7431                         0.0        Kelvin Unshielded Cross Sections                          74-W -182

   No.  Group-eV   Average      No.  Group-eV   Average      No.  Group-eV   Average      No.  Group-eV   Average

   119 17000000.0 1.0091E-10    131 50000000.0 1.82509E-4    143 200000000. 0.0           155 680000000. 0.0       
   120 18000000.0 5.06135E-9    132 54000000.0 1.84096E-4    144 240000000. 0.0           156 720000000. 0.0       
   121 19000000.0 4.70607E-8    133 55000000.0 1.85960E-4    145 280000000. 0.0           157 760000000. 0.0       
   122 20000000.0 6.73748E-7    134 60000000.0 1.90616E-4    146 320000000. 0.0           158 800000000. 0.0       
   123 22000000.0 4.81646E-6    135 70000000.0 1.96122E-4    147 360000000. 0.0           159 840000000. 0.0       
   124 24000000.0 1.59698E-5    136 80000000.0 2.00796E-4    148 400000000. 0.0           160 880000000. 0.0       
   125 26000000.0 3.45148E-5    137 90000000.0 2.05469E-4    149 440000000. 0.0           161 920000000. 0.0       
   126 28000000.0 5.78650E-5    138 100000000. 1.96134E-4    150 480000000. 0.0           162 960000000. 0.0       
   127 30000000.0 9.91251E-5    139 120000000. 1.71385E-4    151 520000000. 0.0           163 1.00000E+9
   128 35000000.0 1.46538E-4    140 140000000. 1.44166E-4    152 560000000. 0.0       
   129 40000000.0 1.71800E-4    141 160000000. 1.22230E-4    153 600000000. 0.0       
   130 45000000.0 1.79675E-4    142 180000000. 1.04642E-4    154 640000000. 0.0       
 
                                                     MT=205
 MAT 7431                         0.0        Kelvin Unshielded Cross Sections                          74-W -182

   No.  Group-eV   Average      No.  Group-eV   Average      No.  Group-eV   Average      No.  Group-eV   Average

   121 19000000.0 4.0782E-10    132 54000000.0 1.62034E-4    143 200000000. 0.0           154 640000000. 0.0       
   122 20000000.0 3.90655E-8    133 55000000.0 1.65212E-4    144 240000000. 0.0           155 680000000. 0.0       
   123 22000000.0 7.35474E-7    134 60000000.0 1.73150E-4    145 280000000. 0.0           156 720000000. 0.0       
   124 24000000.0 4.22372E-6    135 70000000.0 1.76960E-4    146 320000000. 0.0           157 760000000. 0.0       
   125 26000000.0 1.25617E-5    136 80000000.0 1.73507E-4    147 360000000. 0.0           158 800000000. 0.0       
   126 28000000.0 2.57286E-5    137 90000000.0 1.70056E-4    148 400000000. 0.0           159 840000000. 0.0       
   127 30000000.0 5.51910E-5    138 100000000. 1.57480E-4    149 440000000. 0.0           160 880000000. 0.0       
   128 35000000.0 9.86002E-5    139 120000000. 1.35193E-4    150 480000000. 0.0           161 920000000. 0.0       
   129 40000000.0 1.31424E-4    140 140000000. 1.14158E-4    151 520000000. 0.0           162 960000000. 0.0       
   130 45000000.0 1.50203E-4    141 160000000. 9.75606E-5    152 560000000. 0.0           163 1.00000E+9
   131 50000000.0 1.59330E-4    142 180000000. 8.38461E-5    153 600000000. 0.0       
 
                                                     MT=206
 MAT 7431                         0.0        Kelvin Unshielded Cross Sections                          74-W -182

   No.  Group-eV   Average      No.  Group-eV   Average      No.  Group-eV   Average      No.  Group-eV   Average

   125 26000000.0 4.8845E-10    135 70000000.0 1.70777E-5    145 280000000. 0.0           155 680000000. 0.0       
   126 28000000.0 1.05483E-8    136 80000000.0 1.63472E-5    146 320000000. 0.0           156 720000000. 0.0       
   127 30000000.0 2.94221E-7    137 90000000.0 1.56169E-5    147 360000000. 0.0           157 760000000. 0.0       
   128 35000000.0 2.55171E-6    138 100000000. 1.42547E-5    148 400000000. 0.0           158 800000000. 0.0       
   129 40000000.0 7.22075E-6    139 120000000. 1.22546E-5    149 440000000. 0.0           159 840000000. 0.0       
   130 45000000.0 1.17580E-5    140 140000000. 1.06174E-5    150 480000000. 0.0           160 880000000. 0.0       
   131 50000000.0 1.41387E-5    141 160000000. 9.36593E-6    151 520000000. 0.0           161 920000000. 0.0       
   132 54000000.0 1.46002E-5    142 180000000. 8.22205E-6    152 560000000. 0.0           162 960000000. 0.0       
   133 55000000.0 1.51423E-5    143 200000000. 0.0           153 600000000. 0.0           163 1.00000E+9
   134 60000000.0 1.64967E-5    144 240000000. 0.0           154 640000000. 0.0       
 
                                                     MT=  5
 MAT 7431                         0.0        Kelvin Unshielded Cross Sections                          74-W -182

   No.  Group-eV   Average      No.  Group-eV   Average      No.  Group-eV   Average      No.  Group-eV   Average

   101 7800000.00 .001264280    117 15000000.0 .403034824    133 55000000.0 .097415598    149 440000000. 0.0       
   102 8000000.00 .005645466    118 16000000.0 .397570952    134 60000000.0 .102339821    150 480000000. 0.0       
   103 8200000.00 .010391529    119 17000000.0 .341629846    135 70000000.0 .105383740    151 520000000. 0.0       
   104 8400000.00 .016480522    120 18000000.0 .277545647    136 80000000.0 .104635958    152 560000000. 0.0       
   105 8600000.00 .022753427    121 19000000.0 .224465409    137 90000000.0 .103888382    153 600000000. 0.0       
   106 8800000.00 .028102030    122 20000000.0 .170143004    138 100000000. .098555538    154 640000000. 0.0       
   107 9000000.00 .033069623    123 22000000.0 .125591032    139 120000000. .088328946    155 680000000. 0.0       
   108 9200000.00 .038878796    124 24000000.0 .102343787    140 140000000. .078463805    156 720000000. 0.0       
   109 9400000.00 .045535666    125 26000000.0 .097125881    141 160000000. .070315899    157 760000000. 0.0       
   110 9600000.00 .052878157    126 28000000.0 .097480714    142 180000000. .063405906    158 800000000. 0.0       
   111 9800000.00 .061908274    127 30000000.0 .091293379    143 200000000. 0.0           159 840000000. 0.0       
   112 10000000.0 .100734988    128 35000000.0 .089409425    144 240000000. 0.0           160 880000000. 0.0       
   113 11000000.0 .217389524    129 40000000.0 .090102303    145 280000000. 0.0           161 920000000. 0.0       
   114 12000000.0 .343768653    130 45000000.0 .090959126    146 320000000. 0.0           162 960000000. 0.0       
   115 13000000.0 .367302920    131 50000000.0 .093766622    147 360000000. 0.0           163 1.00000E+9
   116 14000000.0 .375218575    132 54000000.0 .095444485    148 400000000. 0.0       
 
                                                     MT=  5
 MAT 7431                         0.0        Kelvin Unshielded Cross Sections                          74-W -182

   No.  Group-eV   Average      No.  Group-eV   Average      No.  Group-eV   Average      No.  Group-eV   Average

   112 10000000.0 7.6263E-10    125 26000000.0 3.08258E-4    138 100000000. .014310180    151 520000000. 0.0       
   113 11000000.0 1.97808E-8    126 28000000.0 4.38819E-4    139 120000000. .015487942    152 560000000. 0.0       
   114 12000000.0 1.16741E-7    127 30000000.0 7.20664E-4    140 140000000. .015493722    153 600000000. 0.0       
   115 13000000.0 3.05905E-7    128 35000000.0 .001241401    141 160000000. .014987457    154 640000000. 0.0       
   116 14000000.0 7.28733E-7    129 40000000.0 .001887430    142 180000000. .014387173    155 680000000. 0.0       
   117 15000000.0 1.99475E-6    130 45000000.0 .002641123    143 200000000. 0.0           156 720000000. 0.0       
   118 16000000.0 5.02410E-6    131 50000000.0 .003481341    144 240000000. 0.0           157 760000000. 0.0       
   119 17000000.0 1.07171E-5    132 54000000.0 .004037733    145 280000000. 0.0           158 800000000. 0.0       
   120 18000000.0 1.99938E-5    133 55000000.0 .004691369    146 320000000. 0.0           159 840000000. 0.0       
   121 19000000.0 3.36124E-5    134 60000000.0 .006324280    147 360000000. 0.0           160 880000000. 0.0       
   122 20000000.0 6.36212E-5    135 70000000.0 .008465102    148 400000000. 0.0           161 920000000. 0.0       
   123 22000000.0 1.21709E-4    136 80000000.0 .010534527    149 440000000. 0.0           162 960000000. 0.0       
   124 24000000.0 2.02545E-4    137 90000000.0 .012603381    150 480000000. 0.0           163 1.00000E+9
 
                                                     MT=  5
 MAT 7431                         0.0        Kelvin Unshielded Cross Sections                          74-W -182

   No.  Group-eV   Average      No.  Group-eV   Average      No.  Group-eV   Average      No.  Group-eV   Average

   119 17000000.0 2.4009E-10    131 50000000.0 1.82509E-4    143 200000000. 0.0           155 680000000. 0.0       
   120 18000000.0 5.07718E-9    132 54000000.0 1.84096E-4    144 240000000. 0.0           156 720000000. 0.0       
   121 19000000.0 4.70608E-8    133 55000000.0 1.85960E-4    145 280000000. 0.0           157 760000000. 0.0       
   122 20000000.0 6.73748E-7    134 60000000.0 1.90617E-4    146 320000000. 0.0           158 800000000. 0.0       
   123 22000000.0 4.81646E-6    135 70000000.0 1.96122E-4    147 360000000. 0.0           159 840000000. 0.0       
   124 24000000.0 1.59698E-5    136 80000000.0 2.00796E-4    148 400000000. 0.0           160 880000000. 0.0       
   125 26000000.0 3.45149E-5    137 90000000.0 2.05468E-4    149 440000000. 0.0           161 920000000. 0.0       
   126 28000000.0 5.78650E-5    138 100000000. 1.96134E-4    150 480000000. 0.0           162 960000000. 0.0       
   127 30000000.0 9.91251E-5    139 120000000. 1.71386E-4    151 520000000. 0.0           163 1.00000E+9
   128 35000000.0 1.46538E-4    140 140000000. 1.44166E-4    152 560000000. 0.0       
   129 40000000.0 1.71800E-4    141 160000000. 1.22230E-4    153 600000000. 0.0       
   130 45000000.0 1.79675E-4    142 180000000. 1.04641E-4    154 640000000. 0.0       
 
                                                     MT=  5
 MAT 7431                         0.0        Kelvin Unshielded Cross Sections                          74-W -182

   No.  Group-eV   Average      No.  Group-eV   Average      No.  Group-eV   Average      No.  Group-eV   Average

   121 19000000.0 6.2423E-10    132 54000000.0 1.62035E-4    143 200000000. 0.0           154 640000000. 0.0       
   122 20000000.0 3.90655E-8    133 55000000.0 1.65212E-4    144 240000000. 0.0           155 680000000. 0.0       
   123 22000000.0 7.35473E-7    134 60000000.0 1.73150E-4    145 280000000. 0.0           156 720000000. 0.0       
   124 24000000.0 4.22372E-6    135 70000000.0 1.76959E-4    146 320000000. 0.0           157 760000000. 0.0       
   125 26000000.0 1.25617E-5    136 80000000.0 1.73507E-4    147 360000000. 0.0           158 800000000. 0.0       
   126 28000000.0 2.57286E-5    137 90000000.0 1.70056E-4    148 400000000. 0.0           159 840000000. 0.0       
   127 30000000.0 5.51910E-5    138 100000000. 1.57480E-4    149 440000000. 0.0           160 880000000. 0.0       
   128 35000000.0 9.86003E-5    139 120000000. 1.35193E-4    150 480000000. 0.0           161 920000000. 0.0       
   129 40000000.0 1.31424E-4    140 140000000. 1.14159E-4    151 520000000. 0.0           162 960000000. 0.0       
   130 45000000.0 1.50203E-4    141 160000000. 9.75606E-5    152 560000000. 0.0           163 1.00000E+9
   131 50000000.0 1.59330E-4    142 180000000. 8.38461E-5    153 600000000. 0.0       
 
                                                     MT=  5
 MAT 7431                         0.0        Kelvin Unshielded Cross Sections                          74-W -182

   No.  Group-eV   Average      No.  Group-eV   Average      No.  Group-eV   Average      No.  Group-eV   Average

   127 30000000.0 2.79509E-7    137 90000000.0 1.56169E-5    147 360000000. 0.0           157 760000000. 0.0       
   128 35000000.0 2.55171E-6    138 100000000. 1.42546E-5    148 400000000. 0.0           158 800000000. 0.0       
   129 40000000.0 7.22075E-6    139 120000000. 1.22546E-5    149 440000000. 0.0           159 840000000. 0.0       
   130 45000000.0 1.17580E-5    140 140000000. 1.06174E-5    150 480000000. 0.0           160 880000000. 0.0       
   131 50000000.0 1.41387E-5    141 160000000. 9.36593E-6    151 520000000. 0.0           161 920000000. 0.0       
   132 54000000.0 1.46002E-5    142 180000000. 8.22205E-6    152 560000000. 0.0           162 960000000. 0.0       
   133 55000000.0 1.51424E-5    143 200000000. 0.0           153 600000000. 0.0           163 1.00000E+9
   134 60000000.0 1.64968E-5    144 240000000. 0.0           154 640000000. 0.0       
   135 70000000.0 1.70778E-5    145 280000000. 0.0           155 680000000. 0.0       
   136 80000000.0 1.63472E-5    146 320000000. 0.0           156 720000000. 0.0       
 
                                                     MT=  5
 MAT 7431                         0.0        Kelvin Unshielded Cross Sections                          74-W -182

   No.  Group-eV   Average      No.  Group-eV   Average      No.  Group-eV   Average      No.  Group-eV   Average

    92 6000000.00 1.0613E-10    110 9600000.00 6.88700E-7    128 35000000.0 3.74882E-4    146 320000000. 0.0       
    93 6200000.00 4.7455E-10    111 9800000.00 9.36708E-7    129 40000000.0 4.94701E-4    147 360000000. 0.0       
    94 6400000.00 9.0591E-10    112 10000000.0 2.02851E-6    130 45000000.0 6.10217E-4    148 400000000. 0.0       
    95 6600000.00 1.64569E-9    113 11000000.0 5.70046E-6    131 50000000.0 7.10332E-4    149 440000000. 0.0       
    96 6800000.00 2.47068E-9    114 12000000.0 1.04638E-5    132 54000000.0 7.64672E-4    150 480000000. 0.0       
    97 7000000.00 4.03519E-9    115 13000000.0 1.34030E-5    133 55000000.0 8.28510E-4    151 520000000. 0.0       
    98 7200000.00 5.90514E-9    116 14000000.0 1.79989E-5    134 60000000.0 9.87988E-4    152 560000000. 0.0       
    99 7400000.00 1.46777E-8    117 15000000.0 2.53041E-5    135 70000000.0 .001113208    153 600000000. 0.0       
   100 7600000.00 3.04154E-8    118 16000000.0 2.95657E-5    136 80000000.0 .001143549    154 640000000. 0.0       
   101 7800000.00 8.20476E-8    119 17000000.0 3.14550E-5    137 90000000.0 .001173881    155 680000000. 0.0       
   102 8000000.00 2.22173E-7    120 18000000.0 3.41027E-5    138 100000000. .001099120    156 720000000. 0.0       
   103 8200000.00 3.38015E-7    121 19000000.0 3.86511E-5    139 120000000. 9.32498E-4    157 760000000. 0.0       
   104 8400000.00 2.82435E-7    122 20000000.0 4.99746E-5    140 140000000. 8.78731E-4    158 800000000. 0.0       
   105 8600000.00 2.02629E-7    123 22000000.0 7.23560E-5    141 160000000. 7.66957E-4    159 840000000. 0.0       
   106 8800000.00 2.24166E-7    124 24000000.0 1.01998E-4    142 180000000. 6.55224E-4    160 880000000. 0.0       
   107 9000000.00 2.87479E-7    125 26000000.0 1.38195E-4    143 200000000. 0.0           161 920000000. 0.0       
   108 9200000.00 3.86403E-7    126 28000000.0 1.78860E-4    144 240000000. 0.0           162 960000000. 0.0       
   109 9400000.00 5.21198E-7    127 30000000.0 2.54980E-4    145 280000000. 0.0           163 1.00000E+9
 
                                                     MT=  5
 MAT 7431                         0.0        Kelvin Unshielded Cross Sections                          74-W -182

   No.  Group-eV   Average      No.  Group-eV   Average      No.  Group-eV   Average      No.  Group-eV   Average

   162 960000000. 0.0           163 1.00000E+9
 
