 ENDF Activation Cross Sections (ACTIVATE 2019-1)
 ------------------------------------------------------------------------------
 ENDF Input and Output Data Filenames
 ------------------------------------------------------------------------------
 ACTIVATE.IN                                                             
 ACTIVATE.OUT                                                            
 ------------------------------------------------------------------------------
 ENDF Tape Label
 ------------------------------------------------------------------------------
 Retrieved by E4-util: 2019/11/11,14:56:54                            1
 ------------------------------------------------------------------------------
   Material  MAT  MF  MT  ENDF    ZAP Final      Q-Value Points Points
                          Format      State           eV     In    Out
 ------------------------------------------------------------------------------
  12-Mg-26  1231  10   5   6        1     0   0.0            79     79
  12-Mg-26  1231  10   5   6     1001     0   0.0            79     79
  12-Mg-26  1231  10   5   6     1002     0   0.0            79     79
  12-Mg-26  1231  10   5   6     1003     0   0.0            79     79
  12-Mg-26  1231  10   5   6     2004     0   0.0            79     79
  12-Mg-26  1231  10   5   6    10018     0   0.0            79     79
  12-Mg-26  1231  10   5   6    10019     0   0.0            79     79
  12-Mg-26  1231  10   5   6    10020     0   0.0            79     79
  12-Mg-26  1231  10   5   6    10021     0   0.0            79     79
  12-Mg-26  1231  10   5   6    10022     0   0.0            79     79
  12-Mg-26  1231  10   5   6    10023     0   0.0            79     79
  12-Mg-26  1231  10   5   6    10024     0   0.0            79     79
  12-Mg-26  1231  10   5   6    11018     0   0.0            79     79
  12-Mg-26  1231  10   5   6    11019     0   0.0            79     79
  12-Mg-26  1231  10   5   6    11020     0   0.0            79     79
  12-Mg-26  1231  10   5   6    11021     0   0.0            79     79
  12-Mg-26  1231  10   5   6    11022     0   0.0            79     79
  12-Mg-26  1231  10   5   6    11023     0   0.0            79     79
  12-Mg-26  1231  10   5   6    11024     0   0.0            79     79
  12-Mg-26  1231  10   5   6    11025     0   0.0            79     79
  12-Mg-26  1231  10   5   6    12020     0   0.0            79     79
  12-Mg-26  1231  10   5   6    12021     0   0.0            79     79
  12-Mg-26  1231  10   5   6    12022     0   0.0            79     79
  12-Mg-26  1231  10   5   6    12023     0   0.0            79     79
  12-Mg-26  1231  10   5   6    12024     0   0.0            79     79
  12-Mg-26  1231  10   5   6    12025     0   0.0            79     79
  12-Mg-26  1231  10   5   6        0     0   0.0            79     79
 ------------------------------------------------------------------------------
                                              MAT Totals   2133   2133
 ------------------------------------------------------------------------------
 ------------------------------------------------------------------------------
 All Cross Sections Read. Maximum Tabulated Energy =  140000000. eV
 ------------------------------------------------------------------------------
 ===============================================================================
      MAT Total Execution Time                0.19 Seconds
 ===============================================================================
 ------------------------------------------------------------------------------
                                             Tape Totals   2133   2133
 ------------------------------------------------------------------------------
 ===============================================================================
 ACTIVATE Total Execution Time                0.19 Seconds
 ===============================================================================
