 Create New Section Index (DICTIN 2019-1)
 ------------------------------------------------------------
 ENDF/B Input and Output Data Filenames
 ------------------------------------------------------------
 DICTIN.IN                                                               
 DICTIN.OUT                                                              
 ------------------------------------------------------------
 First Pass. Reading ENDF/B Data
 ------------------------------------------------------------
  MAT   Messages
 ------------------------------------------------------------
 1231
 ------------------------------------------------------------
 Second Pass. Creating New Index
 ------------------------------------------------------------
 ENDF/B  MAT MF  MT  Lines  Mod
 Format
 ------------------------------------------------------------
  VI    1231  1 451     38    1
        1231  3   5     30    1
        1231 10   5    784    1
 ------------------------------------------------------------
 Original Line Count    860
 Final Line Count       861
 ------------------------------------------------------------
 ===============================================================================
 DICTIN   Total Execution Time                0.00 Seconds
 ===============================================================================
