                                                     MT=  5
 MAT 1231                         0.0        Kelvin Unshielded Cross Sections                          12-Mg-26 

   No.  Group-eV   Average      No.  Group-eV   Average      No.  Group-eV   Average      No.  Group-eV   Average

   112 10000000.0 2.85373E-4    125 26000000.0 .023261893    138 100000000. .001853247    151 520000000. 0.0       
   113 11000000.0 .002922225    126 28000000.0 .016242213    139 120000000. .001553921    152 560000000. 0.0       
   114 12000000.0 .004855182    127 30000000.0 .010452083    140 140000000. 0.0           153 600000000. 0.0       
   115 13000000.0 .004888692    128 35000000.0 .006325797    141 160000000. 0.0           154 640000000. 0.0       
   116 14000000.0 .004752449    129 40000000.0 .004621542    142 180000000. 0.0           155 680000000. 0.0       
   117 15000000.0 .006723641    130 45000000.0 .003785169    143 200000000. 0.0           156 720000000. 0.0       
   118 16000000.0 .015375383    131 50000000.0 .003352853    144 240000000. 0.0           157 760000000. 0.0       
   119 17000000.0 .029554116    132 54000000.0 .003182085    145 280000000. 0.0           158 800000000. 0.0       
   120 18000000.0 .021688198    133 55000000.0 .003030538    146 320000000. 0.0           159 840000000. 0.0       
   121 19000000.0 .017542360    134 60000000.0 .002758210    147 360000000. 0.0           160 880000000. 0.0       
   122 20000000.0 .025085230    135 70000000.0 .002503276    148 400000000. 0.0           161 920000000. 0.0       
   123 22000000.0 .038795984    136 80000000.0 .002297601    149 440000000. 0.0           162 960000000. 0.0       
   124 24000000.0 .034363675    137 90000000.0 .002110310    150 480000000. 0.0           163 1.00000E+9
 
                                                     MT=  5
 MAT 1231                         0.0        Kelvin Unshielded Cross Sections                          12-Mg-26 

   No.  Group-eV   Average      No.  Group-eV   Average      No.  Group-eV   Average      No.  Group-eV   Average

   112 10000000.0 2.85375E-4    125 26000000.0 .022257308    138 100000000. .006833045    151 520000000. 0.0       
   113 11000000.0 .002922152    126 28000000.0 .016951401    139 120000000. .006194168    152 560000000. 0.0       
   114 12000000.0 .004827208    127 30000000.0 .012177917    140 140000000. 0.0           153 600000000. 0.0       
   115 13000000.0 .004633332    128 35000000.0 .008831000    141 160000000. 0.0           154 640000000. 0.0       
   116 14000000.0 .004154278    129 40000000.0 .007622392    142 180000000. 0.0           155 680000000. 0.0       
   117 15000000.0 .005423835    130 45000000.0 .007200174    143 200000000. 0.0           156 720000000. 0.0       
   118 16000000.0 .011985400    131 50000000.0 .006968038    144 240000000. 0.0           157 760000000. 0.0       
   119 17000000.0 .022857129    132 54000000.0 .006902216    145 280000000. 0.0           158 800000000. 0.0       
   120 18000000.0 .016854603    133 55000000.0 .006919129    146 320000000. 0.0           159 840000000. 0.0       
   121 19000000.0 .014189862    134 60000000.0 .007102892    147 360000000. 0.0           160 880000000. 0.0       
   122 20000000.0 .021309896    135 70000000.0 .007312639    148 400000000. 0.0           161 920000000. 0.0       
   123 22000000.0 .032759966    136 80000000.0 .007323742    149 440000000. 0.0           162 960000000. 0.0       
   124 24000000.0 .028916491    137 90000000.0 .007207401    150 480000000. 0.0           163 1.00000E+9
 
                                                     MT=  5
 MAT 1231                         0.0        Kelvin Unshielded Cross Sections                          12-Mg-26 

   No.  Group-eV   Average      No.  Group-eV   Average      No.  Group-eV   Average      No.  Group-eV   Average

   115 13000000.0 3.46268E-7    128 35000000.0 .004675529    141 160000000. 0.0           154 640000000. 0.0       
   116 14000000.0 4.07960E-5    129 40000000.0 .003644886    142 180000000. 0.0           155 680000000. 0.0       
   117 15000000.0 3.44352E-4    130 45000000.0 .003153909    143 200000000. 0.0           156 720000000. 0.0       
   118 16000000.0 .001441309    131 50000000.0 .002889765    144 240000000. 0.0           157 760000000. 0.0       
   119 17000000.0 .003698389    132 54000000.0 .002767224    145 280000000. 0.0           158 800000000. 0.0       
   120 18000000.0 .003446469    133 55000000.0 .002627535    146 320000000. 0.0           159 840000000. 0.0       
   121 19000000.0 .003515307    134 60000000.0 .002471637    147 360000000. 0.0           160 880000000. 0.0       
   122 20000000.0 .007766651    135 70000000.0 .002311797    148 400000000. 0.0           161 920000000. 0.0       
   123 22000000.0 .016609214    136 80000000.0 .002141967    149 440000000. 0.0           162 960000000. 0.0       
   124 24000000.0 .017102734    137 90000000.0 .001997436    150 480000000. 0.0           163 1.00000E+9
   125 26000000.0 .012802913    138 100000000. .001769591    151 520000000. 0.0       
   126 28000000.0 .009851908    139 120000000. .001503473    152 560000000. 0.0       
   127 30000000.0 .006979833    140 140000000. 0.0           153 600000000. 0.0       
 
                                                     MT=  5
 MAT 1231                         0.0        Kelvin Unshielded Cross Sections                          12-Mg-26 

   No.  Group-eV   Average      No.  Group-eV   Average      No.  Group-eV   Average      No.  Group-eV   Average

   123 22000000.0 1.99307E-5    134 60000000.0 1.18859E-4    145 280000000. 0.0           156 720000000. 0.0       
   124 24000000.0 1.09737E-4    135 70000000.0 1.07185E-4    146 320000000. 0.0           157 760000000. 0.0       
   125 26000000.0 1.92865E-4    136 80000000.0 9.88330E-5    147 360000000. 0.0           158 800000000. 0.0       
   126 28000000.0 2.20041E-4    137 90000000.0 8.77310E-5    148 400000000. 0.0           159 840000000. 0.0       
   127 30000000.0 2.03953E-4    138 100000000. 7.44545E-5    149 440000000. 0.0           160 880000000. 0.0       
   128 35000000.0 1.68245E-4    139 120000000. 5.77708E-5    150 480000000. 0.0           161 920000000. 0.0       
   129 40000000.0 1.51857E-4    140 140000000. 0.0           151 520000000. 0.0           162 960000000. 0.0       
   130 45000000.0 1.40034E-4    141 160000000. 0.0           152 560000000. 0.0           163 1.00000E+9
   131 50000000.0 1.31696E-4    142 180000000. 0.0           153 600000000. 0.0       
   132 54000000.0 1.29042E-4    143 200000000. 0.0           154 640000000. 0.0       
   133 55000000.0 1.28733E-4    144 240000000. 0.0           155 680000000. 0.0       
 
                                                     MT=  5
 MAT 1231                         0.0        Kelvin Unshielded Cross Sections                          12-Mg-26 

   No.  Group-eV   Average      No.  Group-eV   Average      No.  Group-eV   Average      No.  Group-eV   Average

   123 22000000.0 1.61362E-5    134 60000000.0 1.93315E-5    145 280000000. 0.0           156 720000000. 0.0       
   124 24000000.0 4.92193E-5    135 70000000.0 1.62673E-5    146 320000000. 0.0           157 760000000. 0.0       
   125 26000000.0 4.07658E-5    136 80000000.0 1.43793E-5    147 360000000. 0.0           158 800000000. 0.0       
   126 28000000.0 2.87276E-5    137 90000000.0 1.19985E-5    148 400000000. 0.0           159 840000000. 0.0       
   127 30000000.0 3.78258E-5    138 100000000. 9.73709E-6    149 440000000. 0.0           160 880000000. 0.0       
   128 35000000.0 3.69209E-5    139 120000000. 6.92904E-6    150 480000000. 0.0           161 920000000. 0.0       
   129 40000000.0 3.12355E-5    140 140000000. 0.0           151 520000000. 0.0           162 960000000. 0.0       
   130 45000000.0 2.69983E-5    141 160000000. 0.0           152 560000000. 0.0           163 1.00000E+9
   131 50000000.0 2.39296E-5    142 180000000. 0.0           153 600000000. 0.0       
   132 54000000.0 2.28905E-5    143 200000000. 0.0           154 640000000. 0.0       
   133 55000000.0 2.24819E-5    144 240000000. 0.0           155 680000000. 0.0       
 
                                                     MT=  5
 MAT 1231                         0.0        Kelvin Unshielded Cross Sections                          12-Mg-26 

   No.  Group-eV   Average      No.  Group-eV   Average      No.  Group-eV   Average      No.  Group-eV   Average

   113 11000000.0 8.35079E-8    126 28000000.0 9.74047E-4    139 120000000. 6.30830E-6    152 560000000. 0.0       
   114 12000000.0 2.80104E-5    127 30000000.0 6.04494E-4    140 140000000. 0.0           153 600000000. 0.0       
   115 13000000.0 2.55070E-4    128 35000000.0 3.06590E-4    141 160000000. 0.0           154 640000000. 0.0       
   116 14000000.0 5.57470E-4    129 40000000.0 1.84002E-4    142 180000000. 0.0           155 680000000. 0.0       
   117 15000000.0 9.55649E-4    130 45000000.0 1.13798E-4    143 200000000. 0.0           156 720000000. 0.0       
   118 16000000.0 .001949432    131 50000000.0 7.99005E-5    144 240000000. 0.0           157 760000000. 0.0       
   119 17000000.0 .003015784    132 54000000.0 6.89516E-5    145 280000000. 0.0           158 800000000. 0.0       
   120 18000000.0 .001846356    133 55000000.0 6.22867E-5    146 320000000. 0.0           159 840000000. 0.0       
   121 19000000.0 .001483261    134 60000000.0 4.20384E-5    147 360000000. 0.0           160 880000000. 0.0       
   122 20000000.0 .002087164    135 70000000.0 2.66421E-5    148 400000000. 0.0           161 920000000. 0.0       
   123 22000000.0 .002168618    136 80000000.0 1.92991E-5    149 440000000. 0.0           162 960000000. 0.0       
   124 24000000.0 .001559980    137 90000000.0 1.40920E-5    150 480000000. 0.0           163 1.00000E+9
   125 26000000.0 .001299083    138 100000000. 1.00097E-5    151 520000000. 0.0       
 
                                                     MT=  5
 MAT 1231                         0.0        Kelvin Unshielded Cross Sections                          12-Mg-26 

   No.  Group-eV   Average      No.  Group-eV   Average      No.  Group-eV   Average      No.  Group-eV   Average

   133 55000000.0 2.8507E-13    141 160000000. 0.0           149 440000000. 0.0           157 760000000. 0.0       
   134 60000000.0 4.67970E-8    142 180000000. 0.0           150 480000000. 0.0           158 800000000. 0.0       
   135 70000000.0 1.81354E-6    143 200000000. 0.0           151 520000000. 0.0           159 840000000. 0.0       
   136 80000000.0 1.27189E-5    144 240000000. 0.0           152 560000000. 0.0           160 880000000. 0.0       
   137 90000000.0 3.79934E-5    145 280000000. 0.0           153 600000000. 0.0           161 920000000. 0.0       
   138 100000000. 7.63724E-5    146 320000000. 0.0           154 640000000. 0.0           162 960000000. 0.0       
   139 120000000. 8.90243E-5    147 360000000. 0.0           155 680000000. 0.0           163 1.00000E+9
   140 140000000. 0.0           148 400000000. 0.0           156 720000000. 0.0       
 
                                                     MT=  5
 MAT 1231                         0.0        Kelvin Unshielded Cross Sections                          12-Mg-26 

   No.  Group-eV   Average      No.  Group-eV   Average      No.  Group-eV   Average      No.  Group-eV   Average

   130 45000000.0 3.91780E-9    139 120000000. 4.17828E-5    148 400000000. 0.0           157 760000000. 0.0       
   131 50000000.0 2.45827E-7    140 140000000. 0.0           149 440000000. 0.0           158 800000000. 0.0       
   132 54000000.0 1.00767E-6    141 160000000. 0.0           150 480000000. 0.0           159 840000000. 0.0       
   133 55000000.0 3.62425E-6    142 180000000. 0.0           151 520000000. 0.0           160 880000000. 0.0       
   134 60000000.0 2.05173E-5    143 200000000. 0.0           152 560000000. 0.0           161 920000000. 0.0       
   135 70000000.0 7.06512E-5    144 240000000. 0.0           153 600000000. 0.0           162 960000000. 0.0       
   136 80000000.0 1.12743E-4    145 280000000. 0.0           154 640000000. 0.0           163 1.00000E+9
   137 90000000.0 1.19520E-4    146 320000000. 0.0           155 680000000. 0.0       
   138 100000000. 8.40666E-5    147 360000000. 0.0           156 720000000. 0.0       
 
                                                     MT=  5
 MAT 1231                         0.0        Kelvin Unshielded Cross Sections                          12-Mg-26 

   No.  Group-eV   Average      No.  Group-eV   Average      No.  Group-eV   Average      No.  Group-eV   Average

   126 28000000.0 3.03927E-9    136 80000000.0 8.34742E-5    146 320000000. 0.0           156 720000000. 0.0       
   127 30000000.0 1.04391E-5    137 90000000.0 5.50342E-5    147 360000000. 0.0           157 760000000. 0.0       
   128 35000000.0 4.66644E-5    138 100000000. 2.80667E-5    148 400000000. 0.0           158 800000000. 0.0       
   129 40000000.0 5.80093E-5    139 120000000. 1.21316E-5    149 440000000. 0.0           159 840000000. 0.0       
   130 45000000.0 4.65994E-5    140 140000000. 0.0           150 480000000. 0.0           160 880000000. 0.0       
   131 50000000.0 3.69088E-5    141 160000000. 0.0           151 520000000. 0.0           161 920000000. 0.0       
   132 54000000.0 3.52767E-5    142 180000000. 0.0           152 560000000. 0.0           162 960000000. 0.0       
   133 55000000.0 4.25570E-5    143 200000000. 0.0           153 600000000. 0.0           163 1.00000E+9
   134 60000000.0 7.82473E-5    144 240000000. 0.0           154 640000000. 0.0       
   135 70000000.0 1.06657E-4    145 280000000. 0.0           155 680000000. 0.0       
 
                                                     MT=  5
 MAT 1231                         0.0        Kelvin Unshielded Cross Sections                          12-Mg-26 

   No.  Group-eV   Average      No.  Group-eV   Average      No.  Group-eV   Average      No.  Group-eV   Average

   123 22000000.0 3.05372E-5    134 60000000.0 1.86901E-5    145 280000000. 0.0           156 720000000. 0.0       
   124 24000000.0 5.75213E-4    135 70000000.0 1.14061E-5    146 320000000. 0.0           157 760000000. 0.0       
   125 26000000.0 .001021038    136 80000000.0 7.65035E-6    147 360000000. 0.0           158 800000000. 0.0       
   126 28000000.0 8.98247E-4    137 90000000.0 5.78202E-6    148 400000000. 0.0           159 840000000. 0.0       
   127 30000000.0 5.80946E-4    138 100000000. 4.05568E-6    149 440000000. 0.0           160 880000000. 0.0       
   128 35000000.0 2.59003E-4    139 120000000. 2.68330E-6    150 480000000. 0.0           161 920000000. 0.0       
   129 40000000.0 1.25876E-4    140 140000000. 0.0           151 520000000. 0.0           162 960000000. 0.0       
   130 45000000.0 6.71700E-5    141 160000000. 0.0           152 560000000. 0.0           163 1.00000E+9
   131 50000000.0 4.31307E-5    142 180000000. 0.0           153 600000000. 0.0       
   132 54000000.0 3.49556E-5    143 200000000. 0.0           154 640000000. 0.0       
   133 55000000.0 2.85796E-5    144 240000000. 0.0           155 680000000. 0.0       
 
                                                     MT=  5
 MAT 1231                         0.0        Kelvin Unshielded Cross Sections                          12-Mg-26 

   No.  Group-eV   Average      No.  Group-eV   Average      No.  Group-eV   Average      No.  Group-eV   Average

   113 11000000.0 8.35079E-8    126 28000000.0 7.57977E-5    139 120000000. 8.28744E-6    152 560000000. 0.0       
   114 12000000.0 2.80104E-5    127 30000000.0 1.31089E-5    140 140000000. 0.0           153 600000000. 0.0       
   115 13000000.0 2.55070E-4    128 35000000.0 9.23283E-7    141 160000000. 0.0           154 640000000. 0.0       
   116 14000000.0 5.57470E-4    129 40000000.0 1.63327E-6    142 180000000. 0.0           155 680000000. 0.0       
   117 15000000.0 9.55649E-4    130 45000000.0 3.61029E-5    143 200000000. 0.0           156 720000000. 0.0       
   118 16000000.0 .001949432    131 50000000.0 1.17395E-4    144 240000000. 0.0           157 760000000. 0.0       
   119 17000000.0 .003015784    132 54000000.0 1.61944E-4    145 280000000. 0.0           158 800000000. 0.0       
   120 18000000.0 .001846356    133 55000000.0 1.87338E-4    146 320000000. 0.0           159 840000000. 0.0       
   121 19000000.0 .001483261    134 60000000.0 1.86106E-4    147 360000000. 0.0           160 880000000. 0.0       
   122 20000000.0 .002087164    135 70000000.0 1.15433E-4    148 400000000. 0.0           161 920000000. 0.0       
   123 22000000.0 .002138079    136 80000000.0 6.17945E-5    149 440000000. 0.0           162 960000000. 0.0       
   124 24000000.0 9.84770E-4    137 90000000.0 3.55201E-5    150 480000000. 0.0           163 1.00000E+9
   125 26000000.0 2.78043E-4    138 100000000. 1.80591E-5    151 520000000. 0.0       
 
                                                     MT=  5
 MAT 1231                         0.0        Kelvin Unshielded Cross Sections                          12-Mg-26 

   No.  Group-eV   Average      No.  Group-eV   Average      No.  Group-eV   Average      No.  Group-eV   Average

   128 35000000.0 2.09243E-5    137 90000000.0 1.50578E-5    146 320000000. 0.0           155 680000000. 0.0       
   129 40000000.0 1.77612E-4    138 100000000. 8.59695E-6    147 360000000. 0.0           156 720000000. 0.0       
   130 45000000.0 2.76863E-4    139 120000000. 4.28179E-6    148 400000000. 0.0           157 760000000. 0.0       
   131 50000000.0 2.39702E-4    140 140000000. 0.0           149 440000000. 0.0           158 800000000. 0.0       
   132 54000000.0 1.96399E-4    141 160000000. 0.0           150 480000000. 0.0           159 840000000. 0.0       
   133 55000000.0 1.47258E-4    142 180000000. 0.0           151 520000000. 0.0           160 880000000. 0.0       
   134 60000000.0 8.09098E-5    143 200000000. 0.0           152 560000000. 0.0           161 920000000. 0.0       
   135 70000000.0 4.09376E-5    144 240000000. 0.0           153 600000000. 0.0           162 960000000. 0.0       
   136 80000000.0 2.36968E-5    145 280000000. 0.0           154 640000000. 0.0           163 1.00000E+9
 
                                                     MT=  5
 MAT 1231                         0.0        Kelvin Unshielded Cross Sections                          12-Mg-26 

   No.  Group-eV   Average      No.  Group-eV   Average      No.  Group-eV   Average      No.  Group-eV   Average

   124 24000000.0 1.50525E-8    134 60000000.0 4.21233E-5    144 240000000. 0.0           154 640000000. 0.0       
   125 26000000.0 6.72287E-6    135 70000000.0 4.11908E-5    145 280000000. 0.0           155 680000000. 0.0       
   126 28000000.0 5.81711E-5    136 80000000.0 4.40392E-5    146 320000000. 0.0           156 720000000. 0.0       
   127 30000000.0 1.32411E-4    137 90000000.0 4.73678E-5    147 360000000. 0.0           157 760000000. 0.0       
   128 35000000.0 2.73962E-4    138 100000000. 5.07650E-5    148 400000000. 0.0           158 800000000. 0.0       
   129 40000000.0 2.23938E-4    139 120000000. 5.24525E-5    149 440000000. 0.0           159 840000000. 0.0       
   130 45000000.0 1.17400E-4    140 140000000. 0.0           150 480000000. 0.0           160 880000000. 0.0       
   131 50000000.0 7.05100E-5    141 160000000. 0.0           151 520000000. 0.0           161 920000000. 0.0       
   132 54000000.0 5.75587E-5    142 180000000. 0.0           152 560000000. 0.0           162 960000000. 0.0       
   133 55000000.0 4.95816E-5    143 200000000. 0.0           153 600000000. 0.0           163 1.00000E+9
 
                                                     MT=  5
 MAT 1231                         0.0        Kelvin Unshielded Cross Sections                          12-Mg-26 

   No.  Group-eV   Average      No.  Group-eV   Average      No.  Group-eV   Average      No.  Group-eV   Average

   137 90000000.0 1.5627E-13    144 240000000. 0.0           151 520000000. 0.0           158 800000000. 0.0       
   138 100000000. 4.04589E-7    145 280000000. 0.0           152 560000000. 0.0           159 840000000. 0.0       
   139 120000000. 1.84268E-5    146 320000000. 0.0           153 600000000. 0.0           160 880000000. 0.0       
   140 140000000. 0.0           147 360000000. 0.0           154 640000000. 0.0           161 920000000. 0.0       
   141 160000000. 0.0           148 400000000. 0.0           155 680000000. 0.0           162 960000000. 0.0       
   142 180000000. 0.0           149 440000000. 0.0           156 720000000. 0.0           163 1.00000E+9
   143 200000000. 0.0           150 480000000. 0.0           157 760000000. 0.0       
 
                                                     MT=  5
 MAT 1231                         0.0        Kelvin Unshielded Cross Sections                          12-Mg-26 

   No.  Group-eV   Average      No.  Group-eV   Average      No.  Group-eV   Average      No.  Group-eV   Average

   135 70000000.0 2.7096E-11    143 200000000. 0.0           151 520000000. 0.0           159 840000000. 0.0       
   136 80000000.0 3.09049E-7    144 240000000. 0.0           152 560000000. 0.0           160 880000000. 0.0       
   137 90000000.0 8.60140E-6    145 280000000. 0.0           153 600000000. 0.0           161 920000000. 0.0       
   138 100000000. 7.93618E-5    146 320000000. 0.0           154 640000000. 0.0           162 960000000. 0.0       
   139 120000000. 1.91130E-4    147 360000000. 0.0           155 680000000. 0.0           163 1.00000E+9
   140 140000000. 0.0           148 400000000. 0.0           156 720000000. 0.0       
   141 160000000. 0.0           149 440000000. 0.0           157 760000000. 0.0       
   142 180000000. 0.0           150 480000000. 0.0           158 800000000. 0.0       
 
                                                     MT=  5
 MAT 1231                         0.0        Kelvin Unshielded Cross Sections                          12-Mg-26 

   No.  Group-eV   Average      No.  Group-eV   Average      No.  Group-eV   Average      No.  Group-eV   Average

   134 60000000.0 1.34784E-7    142 180000000. 0.0           150 480000000. 0.0           158 800000000. 0.0       
   135 70000000.0 1.74389E-5    143 200000000. 0.0           151 520000000. 0.0           159 840000000. 0.0       
   136 80000000.0 1.10296E-4    144 240000000. 0.0           152 560000000. 0.0           160 880000000. 0.0       
   137 90000000.0 2.41751E-4    145 280000000. 0.0           153 600000000. 0.0           161 920000000. 0.0       
   138 100000000. 3.03200E-4    146 320000000. 0.0           154 640000000. 0.0           162 960000000. 0.0       
   139 120000000. 2.18174E-4    147 360000000. 0.0           155 680000000. 0.0           163 1.00000E+9
   140 140000000. 0.0           148 400000000. 0.0           156 720000000. 0.0       
   141 160000000. 0.0           149 440000000. 0.0           157 760000000. 0.0       
 
                                                     MT=  5
 MAT 1231                         0.0        Kelvin Unshielded Cross Sections                          12-Mg-26 

   No.  Group-eV   Average      No.  Group-eV   Average      No.  Group-eV   Average      No.  Group-eV   Average

   130 45000000.0 6.73162E-7    139 120000000. 2.33728E-4    148 400000000. 0.0           157 760000000. 0.0       
   131 50000000.0 1.63720E-5    140 140000000. 0.0           149 440000000. 0.0           158 800000000. 0.0       
   132 54000000.0 4.76359E-5    141 160000000. 0.0           150 480000000. 0.0           159 840000000. 0.0       
   133 55000000.0 1.23473E-4    142 180000000. 0.0           151 520000000. 0.0           160 880000000. 0.0       
   134 60000000.0 3.70143E-4    143 200000000. 0.0           152 560000000. 0.0           161 920000000. 0.0       
   135 70000000.0 6.09557E-4    144 240000000. 0.0           153 600000000. 0.0           162 960000000. 0.0       
   136 80000000.0 6.32170E-4    145 280000000. 0.0           154 640000000. 0.0           163 1.00000E+9
   137 90000000.0 5.23221E-4    146 320000000. 0.0           155 680000000. 0.0       
   138 100000000. 3.59239E-4    147 360000000. 0.0           156 720000000. 0.0       
 
                                                     MT=  5
 MAT 1231                         0.0        Kelvin Unshielded Cross Sections                          12-Mg-26 

   No.  Group-eV   Average      No.  Group-eV   Average      No.  Group-eV   Average      No.  Group-eV   Average

   128 35000000.0 4.98335E-5    137 90000000.0 3.99036E-4    146 320000000. 0.0           155 680000000. 0.0       
   129 40000000.0 4.59871E-4    138 100000000. 3.25896E-4    147 360000000. 0.0           156 720000000. 0.0       
   130 45000000.0 8.87183E-4    139 120000000. 2.61695E-4    148 400000000. 0.0           157 760000000. 0.0       
   131 50000000.0 .001062139    140 140000000. 0.0           149 440000000. 0.0           158 800000000. 0.0       
   132 54000000.0 .001085173    141 160000000. 0.0           150 480000000. 0.0           159 840000000. 0.0       
   133 55000000.0 .001041406    142 180000000. 0.0           151 520000000. 0.0           160 880000000. 0.0       
   134 60000000.0 8.51393E-4    143 200000000. 0.0           152 560000000. 0.0           161 920000000. 0.0       
   135 70000000.0 6.18353E-4    144 240000000. 0.0           153 600000000. 0.0           162 960000000. 0.0       
   136 80000000.0 4.80791E-4    145 280000000. 0.0           154 640000000. 0.0           163 1.00000E+9
 
                                                     MT=  5
 MAT 1231                         0.0        Kelvin Unshielded Cross Sections                          12-Mg-26 

   No.  Group-eV   Average      No.  Group-eV   Average      No.  Group-eV   Average      No.  Group-eV   Average

   123 22000000.0 1.61362E-5    134 60000000.0 3.50227E-4    145 280000000. 0.0           156 720000000. 0.0       
   124 24000000.0 4.92193E-5    135 70000000.0 2.69947E-4    146 320000000. 0.0           157 760000000. 0.0       
   125 26000000.0 4.07658E-5    136 80000000.0 2.23039E-4    147 360000000. 0.0           158 800000000. 0.0       
   126 28000000.0 4.94564E-5    137 90000000.0 1.92335E-4    148 400000000. 0.0           159 840000000. 0.0       
   127 30000000.0 9.42252E-4    138 100000000. 1.60584E-4    149 440000000. 0.0           160 880000000. 0.0       
   128 35000000.0 .001930836    139 120000000. 1.26833E-4    150 480000000. 0.0           161 920000000. 0.0       
   129 40000000.0 .001492027    140 140000000. 0.0           151 520000000. 0.0           162 960000000. 0.0       
   130 45000000.0 9.21041E-4    141 160000000. 0.0           152 560000000. 0.0           163 1.00000E+9
   131 50000000.0 6.32929E-4    142 180000000. 0.0           153 600000000. 0.0       
   132 54000000.0 5.35524E-4    143 200000000. 0.0           154 640000000. 0.0       
   133 55000000.0 4.60468E-4    144 240000000. 0.0           155 680000000. 0.0       
 
                                                     MT=  5
 MAT 1231                         0.0        Kelvin Unshielded Cross Sections                          12-Mg-26 

   No.  Group-eV   Average      No.  Group-eV   Average      No.  Group-eV   Average      No.  Group-eV   Average

   123 22000000.0 1.99318E-5    134 60000000.0 2.31729E-4    145 280000000. 0.0           156 720000000. 0.0       
   124 24000000.0 .001134309    135 70000000.0 1.74181E-4    146 320000000. 0.0           157 760000000. 0.0       
   125 26000000.0 .005257576    136 80000000.0 1.40021E-4    147 360000000. 0.0           158 800000000. 0.0       
   126 28000000.0 .006651082    137 90000000.0 1.17657E-4    148 400000000. 0.0           159 840000000. 0.0       
   127 30000000.0 .004845412    138 100000000. 9.46334E-5    149 440000000. 0.0           160 880000000. 0.0       
   128 35000000.0 .001922869    139 120000000. 7.56788E-5    150 480000000. 0.0           161 920000000. 0.0       
   129 40000000.0 8.75606E-4    140 140000000. 0.0           151 520000000. 0.0           162 960000000. 0.0       
   130 45000000.0 5.34261E-4    141 160000000. 0.0           152 560000000. 0.0           163 1.00000E+9
   131 50000000.0 3.96813E-4    142 180000000. 0.0           153 600000000. 0.0       
   132 54000000.0 3.46981E-4    143 200000000. 0.0           154 640000000. 0.0       
   133 55000000.0 3.04204E-4    144 240000000. 0.0           155 680000000. 0.0       
 
                                                     MT=  5
 MAT 1231                         0.0        Kelvin Unshielded Cross Sections                          12-Mg-26 

   No.  Group-eV   Average      No.  Group-eV   Average      No.  Group-eV   Average      No.  Group-eV   Average

   115 13000000.0 3.46268E-7    128 35000000.0 3.87386E-4    141 160000000. 0.0           154 640000000. 0.0       
   116 14000000.0 4.07960E-5    129 40000000.0 1.94339E-4    142 180000000. 0.0           155 680000000. 0.0       
   117 15000000.0 3.44352E-4    130 45000000.0 1.17105E-4    143 200000000. 0.0           156 720000000. 0.0       
   118 16000000.0 .001441309    131 50000000.0 8.11583E-5    144 240000000. 0.0           157 760000000. 0.0       
   119 17000000.0 .003698389    132 54000000.0 6.74671E-5    145 280000000. 0.0           158 800000000. 0.0       
   120 18000000.0 .003446469    133 55000000.0 5.59003E-5    146 320000000. 0.0           159 840000000. 0.0       
   121 19000000.0 .003515307    134 60000000.0 3.70038E-5    147 360000000. 0.0           160 880000000. 0.0       
   122 20000000.0 .007766651    135 70000000.0 2.28840E-5    148 400000000. 0.0           161 920000000. 0.0       
   123 22000000.0 .016609214    136 80000000.0 1.49196E-5    149 440000000. 0.0           162 960000000. 0.0       
   124 24000000.0 .016078128    137 90000000.0 1.00359E-5    150 480000000. 0.0           163 1.00000E+9
   125 26000000.0 .007724741    138 100000000. 5.87160E-6    151 520000000. 0.0       
   126 28000000.0 .003283797    139 120000000. 2.91227E-6    152 560000000. 0.0       
   127 30000000.0 .001169124    140 140000000. 0.0           153 600000000. 0.0       
 
                                                     MT=  5
 MAT 1231                         0.0        Kelvin Unshielded Cross Sections                          12-Mg-26 

   No.  Group-eV   Average      No.  Group-eV   Average      No.  Group-eV   Average      No.  Group-eV   Average

   136 80000000.0 1.11659E-8    143 200000000. 0.0           150 480000000. 0.0           157 760000000. 0.0       
   137 90000000.0 1.66295E-6    144 240000000. 0.0           151 520000000. 0.0           158 800000000. 0.0       
   138 100000000. 2.47829E-5    145 280000000. 0.0           152 560000000. 0.0           159 840000000. 0.0       
   139 120000000. 6.48996E-5    146 320000000. 0.0           153 600000000. 0.0           160 880000000. 0.0       
   140 140000000. 0.0           147 360000000. 0.0           154 640000000. 0.0           161 920000000. 0.0       
   141 160000000. 0.0           148 400000000. 0.0           155 680000000. 0.0           162 960000000. 0.0       
   142 180000000. 0.0           149 440000000. 0.0           156 720000000. 0.0           163 1.00000E+9
 
                                                     MT=  5
 MAT 1231                         0.0        Kelvin Unshielded Cross Sections                          12-Mg-26 

   No.  Group-eV   Average      No.  Group-eV   Average      No.  Group-eV   Average      No.  Group-eV   Average

   134 60000000.0 2.7926E-10    142 180000000. 0.0           150 480000000. 0.0           158 800000000. 0.0       
   135 70000000.0 2.53975E-6    143 200000000. 0.0           151 520000000. 0.0           159 840000000. 0.0       
   136 80000000.0 2.71824E-5    144 240000000. 0.0           152 560000000. 0.0           160 880000000. 0.0       
   137 90000000.0 7.01384E-5    145 280000000. 0.0           153 600000000. 0.0           161 920000000. 0.0       
   138 100000000. 9.12482E-5    146 320000000. 0.0           154 640000000. 0.0           162 960000000. 0.0       
   139 120000000. 5.80139E-5    147 360000000. 0.0           155 680000000. 0.0           163 1.00000E+9
   140 140000000. 0.0           148 400000000. 0.0           156 720000000. 0.0       
   141 160000000. 0.0           149 440000000. 0.0           157 760000000. 0.0       
 
                                                     MT=  5
 MAT 1231                         0.0        Kelvin Unshielded Cross Sections                          12-Mg-26 

   No.  Group-eV   Average      No.  Group-eV   Average      No.  Group-eV   Average      No.  Group-eV   Average

   130 45000000.0 1.51632E-8    139 120000000. 3.52402E-5    148 400000000. 0.0           157 760000000. 0.0       
   131 50000000.0 2.70181E-6    140 140000000. 0.0           149 440000000. 0.0           158 800000000. 0.0       
   132 54000000.0 1.16463E-5    141 160000000. 0.0           150 480000000. 0.0           159 840000000. 0.0       
   133 55000000.0 3.89527E-5    142 180000000. 0.0           151 520000000. 0.0           160 880000000. 0.0       
   134 60000000.0 1.17534E-4    143 200000000. 0.0           152 560000000. 0.0           161 920000000. 0.0       
   135 70000000.0 1.84331E-4    144 240000000. 0.0           153 600000000. 0.0           162 960000000. 0.0       
   136 80000000.0 1.89058E-4    145 280000000. 0.0           154 640000000. 0.0           163 1.00000E+9
   137 90000000.0 1.39872E-4    146 320000000. 0.0           155 680000000. 0.0       
   138 100000000. 7.71002E-5    147 360000000. 0.0           156 720000000. 0.0       
 
                                                     MT=  5
 MAT 1231                         0.0        Kelvin Unshielded Cross Sections                          12-Mg-26 

   No.  Group-eV   Average      No.  Group-eV   Average      No.  Group-eV   Average      No.  Group-eV   Average

   127 30000000.0 5.38148E-9    137 90000000.0 5.02264E-5    147 360000000. 0.0           157 760000000. 0.0       
   128 35000000.0 4.63346E-5    138 100000000. 3.03160E-5    148 400000000. 0.0           158 800000000. 0.0       
   129 40000000.0 2.23051E-4    139 120000000. 1.87558E-5    149 440000000. 0.0           159 840000000. 0.0       
   130 45000000.0 3.25196E-4    140 140000000. 0.0           150 480000000. 0.0           160 880000000. 0.0       
   131 50000000.0 3.52166E-4    141 160000000. 0.0           151 520000000. 0.0           161 920000000. 0.0       
   132 54000000.0 3.55469E-4    142 180000000. 0.0           152 560000000. 0.0           162 960000000. 0.0       
   133 55000000.0 3.47407E-4    143 200000000. 0.0           153 600000000. 0.0           163 1.00000E+9
   134 60000000.0 2.47169E-4    144 240000000. 0.0           154 640000000. 0.0       
   135 70000000.0 1.40623E-4    145 280000000. 0.0           155 680000000. 0.0       
   136 80000000.0 8.19189E-5    146 320000000. 0.0           156 720000000. 0.0       
 
                                                     MT=  5
 MAT 1231                         0.0        Kelvin Unshielded Cross Sections                          12-Mg-26 

   No.  Group-eV   Average      No.  Group-eV   Average      No.  Group-eV   Average      No.  Group-eV   Average

   119 17000000.0 1.47789E-5    131 50000000.0 2.72102E-4    143 200000000. 0.0           155 680000000. 0.0       
   120 18000000.0 4.56640E-4    132 54000000.0 2.21544E-4    144 240000000. 0.0           156 720000000. 0.0       
   121 19000000.0 .001643427    133 55000000.0 1.80354E-4    145 280000000. 0.0           157 760000000. 0.0       
   122 20000000.0 .006073622    134 60000000.0 1.14032E-4    146 320000000. 0.0           158 800000000. 0.0       
   123 22000000.0 .012737571    135 70000000.0 6.71909E-5    147 360000000. 0.0           159 840000000. 0.0       
   124 24000000.0 .011765148    136 80000000.0 4.56805E-5    148 400000000. 0.0           160 880000000. 0.0       
   125 26000000.0 .007232155    137 90000000.0 3.48133E-5    149 440000000. 0.0           161 920000000. 0.0       
   126 28000000.0 .004350717    138 100000000. 2.50519E-5    150 480000000. 0.0           162 960000000. 0.0       
   127 30000000.0 .002365495    139 120000000. 1.71906E-5    151 520000000. 0.0           163 1.00000E+9
   128 35000000.0 .001239312    140 140000000. 0.0           152 560000000. 0.0       
   129 40000000.0 7.16077E-4    141 160000000. 0.0           153 600000000. 0.0       
   130 45000000.0 4.13013E-4    142 180000000. 0.0           154 640000000. 0.0       
 
                                                     MT=  5
 MAT 1231                         0.0        Kelvin Unshielded Cross Sections                          12-Mg-26 

   No.  Group-eV   Average      No.  Group-eV   Average      No.  Group-eV   Average      No.  Group-eV   Average

   112 10000000.0 2.85375E-4    125 26000000.0 .001707251    138 100000000. 3.23296E-6    151 520000000. 0.0       
   113 11000000.0 .002922152    126 28000000.0 8.79213E-4    139 120000000. 2.18791E-6    152 560000000. 0.0       
   114 12000000.0 .004827208    127 30000000.0 3.94786E-4    140 140000000. 0.0           153 600000000. 0.0       
   115 13000000.0 .004633332    128 35000000.0 1.48176E-4    141 160000000. 0.0           154 640000000. 0.0       
   116 14000000.0 .004154278    129 40000000.0 7.36077E-5    142 180000000. 0.0           155 680000000. 0.0       
   117 15000000.0 .005423835    130 45000000.0 4.25668E-5    143 200000000. 0.0           156 720000000. 0.0       
   118 16000000.0 .011985400    131 50000000.0 2.85813E-5    144 240000000. 0.0           157 760000000. 0.0       
   119 17000000.0 .022827570    132 54000000.0 2.34973E-5    145 280000000. 0.0           158 800000000. 0.0       
   120 18000000.0 .015941303    133 55000000.0 1.94274E-5    146 320000000. 0.0           159 840000000. 0.0       
   121 19000000.0 .010902997    134 60000000.0 1.21921E-5    147 360000000. 0.0           160 880000000. 0.0       
   122 20000000.0 .009162664    135 70000000.0 8.13125E-6    148 400000000. 0.0           161 920000000. 0.0       
   123 22000000.0 .007254271    136 80000000.0 6.07823E-6    149 440000000. 0.0           162 960000000. 0.0       
   124 24000000.0 .003786406    137 90000000.0 4.59525E-6    150 480000000. 0.0           163 1.00000E+9
 
                                                     MT=  5
 MAT 1231                         0.0        Kelvin Unshielded Cross Sections                          12-Mg-26 

   No.  Group-eV   Average      No.  Group-eV   Average      No.  Group-eV   Average      No.  Group-eV   Average

   112 10000000.0 3.01586E-7    125 26000000.0 .035623466    138 100000000. .003276242    151 520000000. 0.0       
   113 11000000.0 .001224584    126 28000000.0 .024991904    139 120000000. .002977217    152 560000000. 0.0       
   114 12000000.0 .004382172    127 30000000.0 .016396404    140 140000000. 0.0           153 600000000. 0.0       
   115 13000000.0 .005152660    128 35000000.0 .009047410    141 160000000. 0.0           154 640000000. 0.0       
   116 14000000.0 .005857760    129 40000000.0 .006188190    142 180000000. 0.0           155 680000000. 0.0       
   117 15000000.0 .009263582    130 45000000.0 .005147247    143 200000000. 0.0           156 720000000. 0.0       
   118 16000000.0 .023113930    131 50000000.0 .004942217    144 240000000. 0.0           157 760000000. 0.0       
   119 17000000.0 .047722945    132 54000000.0 .004888791    145 280000000. 0.0           158 800000000. 0.0       
   120 18000000.0 .036663349    133 55000000.0 .004779222    146 320000000. 0.0           159 840000000. 0.0       
   121 19000000.0 .029220835    134 60000000.0 .004421097    147 360000000. 0.0           160 880000000. 0.0       
   122 20000000.0 .039907554    135 70000000.0 .004101211    148 400000000. 0.0           161 920000000. 0.0       
   123 22000000.0 .062458892    136 80000000.0 .003835223    149 440000000. 0.0           162 960000000. 0.0       
   124 24000000.0 .056960474    137 90000000.0 .003571966    150 480000000. 0.0           163 1.00000E+9
 
