 ENDF Activation Cross Sections (ACTIVATE 2019-1)
 ------------------------------------------------------------------------------
 ENDF Input and Output Data Filenames
 ------------------------------------------------------------------------------
 ACTIVATE.IN                                                             
 ACTIVATE.OUT                                                            
 ------------------------------------------------------------------------------
 ENDF Tape Label
 ------------------------------------------------------------------------------
 Retrieved by E4-util: 2019/11/11,14:58:49                            1
 ------------------------------------------------------------------------------
   Material  MAT  MF  MT  ENDF    ZAP Final      Q-Value Points Points
                          Format      State           eV     In    Out
 ------------------------------------------------------------------------------
  74-W -183 7434  10   5   6        1     0   0.0            99     99
  74-W -183 7434  10   5   6     1001     0   0.0            99     99
  74-W -183 7434  10   5   6     1002     0   0.0            99     99
  74-W -183 7434  10   5   6     1003     0   0.0            99     99
  74-W -183 7434  10   5   6     2003     0   0.0            99     99
  74-W -183 7434  10   5   6     2004     0   0.0            99     99
  74-W -183 7434  10   5   6        0     0   0.0            99     99
 ------------------------------------------------------------------------------
                                              MAT Totals    693    693
 ------------------------------------------------------------------------------
 ------------------------------------------------------------------------------
 All Cross Sections Read. Maximum Tabulated Energy =  200000000. eV
 ------------------------------------------------------------------------------
 ===============================================================================
      MAT Total Execution Time                0.04 Seconds
 ===============================================================================
 ------------------------------------------------------------------------------
                                             Tape Totals    693    693
 ------------------------------------------------------------------------------
 ===============================================================================
 ACTIVATE Total Execution Time                0.05 Seconds
 ===============================================================================
