  Linearize ENDF/B Cross Sections (LINEAR 2019-1)
  ------------------------------------------------------------------------------
  Retrieval Criteria-----------        MAT
  Monitor Mode-----------------        Off
  Minimum Cross Section-------- 1.0000E-10
  Keep Evaluated Data Points---        Yes
  ------------------------------------------------------------------------------
  ENDF/B Input and Output Data Filenames
  LINEAR.IN                                                               
  LINEAR.OUT                                                              
  ------------------------------------------------------------------------------
  Requested Ranges
  ------------------------------------------------------------------------------
       Minimum       Maximum   
     MAT MF  MT    MAT MF  MT
  ------------------------------------------------------------------------------
       0  0   0 999999 99 999
  ------------------------------------------------------------------------------
  Allowable Uncertainty
  ------------------------------------------------------------------------------
      Energy Uncertainty   per-cent
  ------------------------------------------------------------------------------
  0.0         1.0000E-10     0.0000
  ------------------------------------------------------------------------------
  ENDF/B Tape Label
  ------------------------------------------------------------------------------
  Retrieved by E4-util: 2019/11/11,14:58:49                            1
  ------------------------------------------------------------------------------
    Material  MAT  MF  MT  ENDF/B      Kelvin     Q-Value   Points   Points
                           Format                      eV       In      Out
  ------------------------------------------------------------------------------
   74-W -183 7434   3   5   VI     0.0         0.0              99       99
   74-W -183 7434   3 201   VI     0.0        -6190800.00       90       90
   74-W -183 7434   3 203   VI     0.0        -7222000.00       80       80
   74-W -183 7434   3 204   VI     0.0        -11062000.0       66       66
   74-W -183 7434   3 205   VI     0.0        -12380000.0       63       63
   74-W -183 7434   3 206   VI     0.0        -11510000.0       45       45
  ------------------------------------------------------------------------------
                                               MAT Totals      443      443
  ------------------------------------------------------------------------------
 ------------------------------------------------------------------------------
 All Cross Sections Read. Maximum Tabulated Energy =  200000000. eV
 ------------------------------------------------------------------------------
 ===============================================================================
      MAT Total Execution Time                0.01 Seconds
 ===============================================================================
  ------------------------------------------------------------------------------
                                              Tape Totals      443      443
  ------------------------------------------------------------------------------
 ===============================================================================
 LINEAR   Total Execution Time                0.01 Seconds
 ===============================================================================
