                                                     MT=  5
 MAT 7434                         0.0        Kelvin Unshielded Cross Sections                          74-W -183

   No.  Group-eV   Average      No.  Group-eV   Average      No.  Group-eV   Average      No.  Group-eV   Average

    66 2000000.00 1.42902E-4     91 5800000.00 .004798431    116 14000000.0 .377322315    141 160000000. .009914457
    67 2125000.00 1.74304E-4     92 6000000.00 .005425969    117 15000000.0 .373234555    142 180000000. .008577002
    68 2250000.00 2.05705E-4     93 6200000.00 .006275675    118 16000000.0 .293971715    143 200000000. 0.0       
    69 2375000.00 2.38328E-4     94 6400000.00 .007149925    119 17000000.0 .205965894    144 240000000. 0.0       
    70 2500000.00 2.82466E-4     95 6600000.00 .008111105    120 18000000.0 .147804205    145 280000000. 0.0       
    71 2625000.00 3.29451E-4     96 6800000.00 .009099631    121 19000000.0 .112504427    146 320000000. 0.0       
    72 2750000.00 3.76435E-4     97 7000000.00 .010370583    122 20000000.0 .082760486    147 360000000. 0.0       
    73 2875000.00 4.29025E-4     98 7200000.00 .011758179    123 22000000.0 .060668939    148 400000000. 0.0       
    74 3000000.00 4.93347E-4     99 7400000.00 .013377405    124 24000000.0 .048673053    149 440000000. 0.0       
    75 3125000.00 5.58028E-4    100 7600000.00 .015230356    125 26000000.0 .041362268    150 480000000. 0.0       
    76 3250000.00 6.23346E-4    101 7800000.00 .017312841    126 28000000.0 .036571407    151 520000000. 0.0       
    77 3375000.00 7.09957E-4    102 8000000.00 .019961220    127 30000000.0 .031627656    152 560000000. 0.0       
    78 3500000.00 8.07019E-4    103 8200000.00 .022740020    128 35000000.0 .027565238    153 600000000. 0.0       
    79 3625000.00 9.04082E-4    104 8400000.00 .026150848    129 40000000.0 .025388339    154 640000000. 0.0       
    80 3750000.00 .001007400    105 8600000.00 .029700481    130 45000000.0 .024065353    155 680000000. 0.0       
    81 3875000.00 .001136727    106 8800000.00 .033973506    131 50000000.0 .023235550    156 720000000. 0.0       
    82 4000000.00 .001308021    107 9000000.00 .038544717    132 54000000.0 .022886212    157 760000000. 0.0       
    83 4200000.00 .001538010    108 9200000.00 .044106312    133 55000000.0 .022475817    158 800000000. 0.0       
    84 4400000.00 .001813929    109 9400000.00 .050665493    134 60000000.0 .021450572    159 840000000. 0.0       
    85 4600000.00 .002098922    110 9600000.00 .057982366    135 70000000.0 .020117679    160 880000000. 0.0       
    86 4800000.00 .002426261    111 9800000.00 .067164265    136 80000000.0 .018841408    161 920000000. 0.0       
    87 5000000.00 .002766160    112 10000000.0 .106227844    137 90000000.0 .017565489    162 960000000. 0.0       
    88 5200000.00 .003226552    113 11000000.0 .221562348    138 100000000. .015764627    163 1.00000E+9
    89 5400000.00 .003736873    114 12000000.0 .351806234    139 120000000. .013437263
    90 5600000.00 .004260778    115 13000000.0 .375067837    140 140000000. .011505005
 
                                                     MT=201
 MAT 7434                         0.0        Kelvin Unshielded Cross Sections                          74-W -183

   No.  Group-eV   Average      No.  Group-eV   Average      No.  Group-eV   Average      No.  Group-eV   Average

    92 6000000.00 4.73000E-6    110 9600000.00 .056278511    128 35000000.0 .090954849    146 320000000. 0.0       
    93 6200000.00 .002488685    111 9800000.00 .065387519    129 40000000.0 .091000028    147 360000000. 0.0       
    94 6400000.00 .006598073    112 10000000.0 .104418714    130 45000000.0 .092931162    148 400000000. 0.0       
    95 6600000.00 .007840510    113 11000000.0 .220279500    131 50000000.0 .096241134    149 440000000. 0.0       
    96 6800000.00 .008618379    114 12000000.0 .350814830    132 54000000.0 .099080632    150 480000000. 0.0       
    97 7000000.00 .009799104    115 13000000.0 .374408892    133 55000000.0 .102416408    151 520000000. 0.0       
    98 7200000.00 .011146213    116 14000000.0 .381945130    134 60000000.0 .110749823    152 560000000. 0.0       
    99 7400000.00 .012718379    117 15000000.0 .439258308    135 70000000.0 .115163511    153 600000000. 0.0       
   100 7600000.00 .014517639    118 16000000.0 .430020989    136 80000000.0 .112387208    154 640000000. 0.0       
   101 7800000.00 .016540147    119 17000000.0 .350700795    137 90000000.0 .109611673    155 680000000. 0.0       
   102 8000000.00 .019113054    120 18000000.0 .273211470    138 100000000. .103028736    156 720000000. 0.0       
   103 8200000.00 .021813485    121 19000000.0 .215977166    139 120000000. .092349370    157 760000000. 0.0       
   104 8400000.00 .025132710    122 20000000.0 .162026087    140 140000000. .082039113    158 800000000. 0.0       
   105 8600000.00 .028587561    123 22000000.0 .125961720    141 160000000. .073462234    159 840000000. 0.0       
   106 8800000.00 .032744640    124 24000000.0 .117838113    142 180000000. .066261897    160 880000000. 0.0       
   107 9000000.00 .037191178    125 26000000.0 .111780067    143 200000000. 0.0           161 920000000. 0.0       
   108 9200000.00 .042630073    126 28000000.0 .103108509    144 240000000. 0.0           162 960000000. 0.0       
   109 9400000.00 .049068538    127 30000000.0 .091906484    145 280000000. 0.0           163 1.00000E+9
 
                                                     MT=203
 MAT 7434                         0.0        Kelvin Unshielded Cross Sections                          74-W -183

   No.  Group-eV   Average      No.  Group-eV   Average      No.  Group-eV   Average      No.  Group-eV   Average

   113 11000000.0 5.92745E-9    126 28000000.0 4.58320E-4    139 120000000. .015787455    152 560000000. 0.0       
   114 12000000.0 5.10858E-8    127 30000000.0 7.34241E-4    140 140000000. .015818681    153 600000000. 0.0       
   115 13000000.0 2.03306E-7    128 35000000.0 .001242551    141 160000000. .015305385    154 640000000. 0.0       
   116 14000000.0 8.20561E-7    129 40000000.0 .001868450    142 180000000. .014710711    155 680000000. 0.0       
   117 15000000.0 3.13525E-6    130 45000000.0 .002600801    143 200000000. 0.0           156 720000000. 0.0       
   118 16000000.0 8.34051E-6    131 50000000.0 .003484875    144 240000000. 0.0           157 760000000. 0.0       
   119 17000000.0 1.66446E-5    132 54000000.0 .004114291    145 280000000. 0.0           158 800000000. 0.0       
   120 18000000.0 2.85322E-5    133 55000000.0 .004853714    146 320000000. 0.0           159 840000000. 0.0       
   121 19000000.0 4.46121E-5    134 60000000.0 .006700938    147 360000000. 0.0           160 880000000. 0.0       
   122 20000000.0 7.77161E-5    135 70000000.0 .008941026    148 400000000. 0.0           161 920000000. 0.0       
   123 22000000.0 1.39188E-4    136 80000000.0 .010909885    149 440000000. 0.0           162 960000000. 0.0       
   124 24000000.0 2.23448E-4    137 90000000.0 .012878199    150 480000000. 0.0           163 1.00000E+9
   125 26000000.0 3.30398E-4    138 100000000. .014559636    151 520000000. 0.0       
 
                                                     MT=204
 MAT 7434                         0.0        Kelvin Unshielded Cross Sections                          74-W -183

   No.  Group-eV   Average      No.  Group-eV   Average      No.  Group-eV   Average      No.  Group-eV   Average

   119 17000000.0 1.82036E-9    131 50000000.0 1.91906E-4    143 200000000. 0.0           155 680000000. 0.0       
   120 18000000.0 2.50688E-8    132 54000000.0 1.95711E-4    144 240000000. 0.0           156 720000000. 0.0       
   121 19000000.0 1.65329E-7    133 55000000.0 2.00180E-4    145 280000000. 0.0           157 760000000. 0.0       
   122 20000000.0 1.48857E-6    134 60000000.0 2.11346E-4    146 320000000. 0.0           158 800000000. 0.0       
   123 22000000.0 7.83273E-6    135 70000000.0 2.19103E-4    147 360000000. 0.0           159 840000000. 0.0       
   124 24000000.0 2.19999E-5    136 80000000.0 2.19157E-4    148 400000000. 0.0           160 880000000. 0.0       
   125 26000000.0 4.30170E-5    137 90000000.0 2.19211E-4    149 440000000. 0.0           161 920000000. 0.0       
   126 28000000.0 6.75409E-5    138 100000000. 2.07108E-4    150 480000000. 0.0           162 960000000. 0.0       
   127 30000000.0 1.09109E-4    139 120000000. 1.81440E-4    151 520000000. 0.0           163 1.00000E+9
   128 35000000.0 1.55791E-4    140 140000000. 1.52972E-4    152 560000000. 0.0       
   129 40000000.0 1.79990E-4    141 160000000. 1.29552E-4    153 600000000. 0.0       
   130 45000000.0 1.87556E-4    142 180000000. 1.10720E-4    154 640000000. 0.0       
 
                                                     MT=205
 MAT 7434                         0.0        Kelvin Unshielded Cross Sections                          74-W -183

   No.  Group-eV   Average      No.  Group-eV   Average      No.  Group-eV   Average      No.  Group-eV   Average

   120 18000000.0 3.4509E-10    131 50000000.0 1.64718E-4    142 180000000. 8.89498E-5    153 600000000. 0.0       
   121 19000000.0 9.60933E-9    132 54000000.0 1.69465E-4    143 200000000. 0.0           154 640000000. 0.0       
   122 20000000.0 2.16104E-7    133 55000000.0 1.75041E-4    144 240000000. 0.0           155 680000000. 0.0       
   123 22000000.0 2.06110E-6    134 60000000.0 1.88973E-4    145 280000000. 0.0           156 720000000. 0.0       
   124 24000000.0 8.06989E-6    135 70000000.0 1.95176E-4    146 320000000. 0.0           157 760000000. 0.0       
   125 26000000.0 1.92559E-5    136 80000000.0 1.88130E-4    147 360000000. 0.0           158 800000000. 0.0       
   126 28000000.0 3.44810E-5    137 90000000.0 1.81085E-4    148 400000000. 0.0           159 840000000. 0.0       
   127 30000000.0 6.52180E-5    138 100000000. 1.66212E-4    149 440000000. 0.0           160 880000000. 0.0       
   128 35000000.0 1.07595E-4    139 120000000. 1.42953E-4    150 480000000. 0.0           161 920000000. 0.0       
   129 40000000.0 1.37903E-4    140 140000000. 1.20956E-4    151 520000000. 0.0           162 960000000. 0.0       
   130 45000000.0 1.54851E-4    141 160000000. 1.03402E-4    152 560000000. 0.0           163 1.00000E+9
 
                                                     MT=206
 MAT 7434                         0.0        Kelvin Unshielded Cross Sections                          74-W -183

   No.  Group-eV   Average      No.  Group-eV   Average      No.  Group-eV   Average      No.  Group-eV   Average

   125 26000000.0 1.21946E-9    135 70000000.0 1.94948E-5    145 280000000. 0.0           155 680000000. 0.0       
   126 28000000.0 1.70345E-8    136 80000000.0 1.84141E-5    146 320000000. 0.0           156 720000000. 0.0       
   127 30000000.0 3.80398E-7    137 90000000.0 1.73336E-5    147 360000000. 0.0           157 760000000. 0.0       
   128 35000000.0 2.93677E-6    138 100000000. 1.57490E-5    148 400000000. 0.0           158 800000000. 0.0       
   129 40000000.0 7.84668E-6    139 120000000. 1.36498E-5    149 440000000. 0.0           159 840000000. 0.0       
   130 45000000.0 1.24883E-5    140 140000000. 1.18663E-5    150 480000000. 0.0           160 880000000. 0.0       
   131 50000000.0 1.50740E-5    141 160000000. 1.04491E-5    151 520000000. 0.0           161 920000000. 0.0       
   132 54000000.0 1.57669E-5    142 180000000. 9.16232E-6    152 560000000. 0.0           162 960000000. 0.0       
   133 55000000.0 1.65810E-5    143 200000000. 0.0           153 600000000. 0.0           163 1.00000E+9
   134 60000000.0 1.86146E-5    144 240000000. 0.0           154 640000000. 0.0       
 
                                                     MT=  5
 MAT 7434                         0.0        Kelvin Unshielded Cross Sections                          74-W -183

   No.  Group-eV   Average      No.  Group-eV   Average      No.  Group-eV   Average      No.  Group-eV   Average

    92 6000000.00 8.78092E-4    110 9600000.00 .056278581    128 35000000.0 .090954933    146 320000000. 0.0       
    93 6200000.00 .003926513    111 9800000.00 .065387565    129 40000000.0 .091000019    147 360000000. 0.0       
    94 6400000.00 .006779169    112 10000000.0 .104418770    130 45000000.0 .092931296    148 400000000. 0.0       
    95 6600000.00 .007840506    113 11000000.0 .220278664    131 50000000.0 .096241112    149 440000000. 0.0       
    96 6800000.00 .008618375    114 12000000.0 .350814580    132 54000000.0 .099080514    150 480000000. 0.0       
    97 7000000.00 .009799103    115 13000000.0 .374408670    133 55000000.0 .102416176    151 520000000. 0.0       
    98 7200000.00 .011146216    116 14000000.0 .381945700    134 60000000.0 .110749307    152 560000000. 0.0       
    99 7400000.00 .012718386    117 15000000.0 .439258452    135 70000000.0 .115162853    153 600000000. 0.0       
   100 7600000.00 .014517651    118 16000000.0 .430019870    136 80000000.0 .112386663    154 640000000. 0.0       
   101 7800000.00 .016540151    119 17000000.0 .350700997    137 90000000.0 .109611240    155 680000000. 0.0       
   102 8000000.00 .019113014    120 18000000.0 .273210529    138 100000000. .103028504    156 720000000. 0.0       
   103 8200000.00 .021813408    121 19000000.0 .215976917    139 120000000. .092349423    157 760000000. 0.0       
   104 8400000.00 .025132652    122 20000000.0 .162026140    140 140000000. .082039319    158 800000000. 0.0       
   105 8600000.00 .028587530    123 22000000.0 .125961672    141 160000000. .073462323    159 840000000. 0.0       
   106 8800000.00 .032744631    124 24000000.0 .117838197    142 180000000. .066261918    160 880000000. 0.0       
   107 9000000.00 .037191190    125 26000000.0 .111780172    143 200000000. 0.0           161 920000000. 0.0       
   108 9200000.00 .042630107    126 28000000.0 .103108637    144 240000000. 0.0           162 960000000. 0.0       
   109 9400000.00 .049068596    127 30000000.0 .091906537    145 280000000. 0.0           163 1.00000E+9
 
                                                     MT=  5
 MAT 7434                         0.0        Kelvin Unshielded Cross Sections                          74-W -183

   No.  Group-eV   Average      No.  Group-eV   Average      No.  Group-eV   Average      No.  Group-eV   Average

   112 10000000.0 1.2937E-10    125 26000000.0 3.30398E-4    138 100000000. .014559617    151 520000000. 0.0       
   113 11000000.0 6.06533E-9    126 28000000.0 4.58319E-4    139 120000000. .015787486    152 560000000. 0.0       
   114 12000000.0 5.10857E-8    127 30000000.0 7.34241E-4    140 140000000. .015818725    153 600000000. 0.0       
   115 13000000.0 2.03306E-7    128 35000000.0 .001242553    141 160000000. .015305410    154 640000000. 0.0       
   116 14000000.0 8.20561E-7    129 40000000.0 .001868449    142 180000000. .014710760    155 680000000. 0.0       
   117 15000000.0 3.13525E-6    130 45000000.0 .002600803    143 200000000. 0.0           156 720000000. 0.0       
   118 16000000.0 8.34051E-6    131 50000000.0 .003484877    144 240000000. 0.0           157 760000000. 0.0       
   119 17000000.0 1.66445E-5    132 54000000.0 .004114292    145 280000000. 0.0           158 800000000. 0.0       
   120 18000000.0 2.85321E-5    133 55000000.0 .004853714    146 320000000. 0.0           159 840000000. 0.0       
   121 19000000.0 4.46120E-5    134 60000000.0 .006700933    147 360000000. 0.0           160 880000000. 0.0       
   122 20000000.0 7.77161E-5    135 70000000.0 .008941013    148 400000000. 0.0           161 920000000. 0.0       
   123 22000000.0 1.39188E-4    136 80000000.0 .010909859    149 440000000. 0.0           162 960000000. 0.0       
   124 24000000.0 2.23449E-4    137 90000000.0 .012878161    150 480000000. 0.0           163 1.00000E+9
 
                                                     MT=  5
 MAT 7434                         0.0        Kelvin Unshielded Cross Sections                          74-W -183

   No.  Group-eV   Average      No.  Group-eV   Average      No.  Group-eV   Average      No.  Group-eV   Average

   118 16000000.0 1.8669E-11    130 45000000.0 1.87556E-4    142 180000000. 1.10720E-4    154 640000000. 0.0       
   119 17000000.0 2.14981E-9    131 50000000.0 1.91906E-4    143 200000000. 0.0           155 680000000. 0.0       
   120 18000000.0 2.50688E-8    132 54000000.0 1.95710E-4    144 240000000. 0.0           156 720000000. 0.0       
   121 19000000.0 1.65329E-7    133 55000000.0 2.00180E-4    145 280000000. 0.0           157 760000000. 0.0       
   122 20000000.0 1.48857E-6    134 60000000.0 2.11345E-4    146 320000000. 0.0           158 800000000. 0.0       
   123 22000000.0 7.83273E-6    135 70000000.0 2.19101E-4    147 360000000. 0.0           159 840000000. 0.0       
   124 24000000.0 2.19999E-5    136 80000000.0 2.19156E-4    148 400000000. 0.0           160 880000000. 0.0       
   125 26000000.0 4.30170E-5    137 90000000.0 2.19210E-4    149 440000000. 0.0           161 920000000. 0.0       
   126 28000000.0 6.75408E-5    138 100000000. 2.07107E-4    150 480000000. 0.0           162 960000000. 0.0       
   127 30000000.0 1.09109E-4    139 120000000. 1.81440E-4    151 520000000. 0.0           163 1.00000E+9
   128 35000000.0 1.55791E-4    140 140000000. 1.52972E-4    152 560000000. 0.0       
   129 40000000.0 1.79989E-4    141 160000000. 1.29553E-4    153 600000000. 0.0       
 
                                                     MT=  5
 MAT 7434                         0.0        Kelvin Unshielded Cross Sections                          74-W -183

   No.  Group-eV   Average      No.  Group-eV   Average      No.  Group-eV   Average      No.  Group-eV   Average

   120 18000000.0 6.5032E-10    131 50000000.0 1.64718E-4    142 180000000. 8.89499E-5    153 600000000. 0.0       
   121 19000000.0 9.61729E-9    132 54000000.0 1.69464E-4    143 200000000. 0.0           154 640000000. 0.0       
   122 20000000.0 2.16104E-7    133 55000000.0 1.75041E-4    144 240000000. 0.0           155 680000000. 0.0       
   123 22000000.0 2.06110E-6    134 60000000.0 1.88972E-4    145 280000000. 0.0           156 720000000. 0.0       
   124 24000000.0 8.06990E-6    135 70000000.0 1.95176E-4    146 320000000. 0.0           157 760000000. 0.0       
   125 26000000.0 1.92559E-5    136 80000000.0 1.88129E-4    147 360000000. 0.0           158 800000000. 0.0       
   126 28000000.0 3.44809E-5    137 90000000.0 1.81084E-4    148 400000000. 0.0           159 840000000. 0.0       
   127 30000000.0 6.52180E-5    138 100000000. 1.66211E-4    149 440000000. 0.0           160 880000000. 0.0       
   128 35000000.0 1.07595E-4    139 120000000. 1.42953E-4    150 480000000. 0.0           161 920000000. 0.0       
   129 40000000.0 1.37903E-4    140 140000000. 1.20956E-4    151 520000000. 0.0           162 960000000. 0.0       
   130 45000000.0 1.54851E-4    141 160000000. 1.03403E-4    152 560000000. 0.0           163 1.00000E+9
 
                                                     MT=  5
 MAT 7434                         0.0        Kelvin Unshielded Cross Sections                          74-W -183

   No.  Group-eV   Average      No.  Group-eV   Average      No.  Group-eV   Average      No.  Group-eV   Average

   127 30000000.0 3.71893E-7    137 90000000.0 1.73336E-5    147 360000000. 0.0           157 760000000. 0.0       
   128 35000000.0 2.93677E-6    138 100000000. 1.57491E-5    148 400000000. 0.0           158 800000000. 0.0       
   129 40000000.0 7.84668E-6    139 120000000. 1.36499E-5    149 440000000. 0.0           159 840000000. 0.0       
   130 45000000.0 1.24883E-5    140 140000000. 1.18663E-5    150 480000000. 0.0           160 880000000. 0.0       
   131 50000000.0 1.50740E-5    141 160000000. 1.04491E-5    151 520000000. 0.0           161 920000000. 0.0       
   132 54000000.0 1.57669E-5    142 180000000. 9.16229E-6    152 560000000. 0.0           162 960000000. 0.0       
   133 55000000.0 1.65810E-5    143 200000000. 0.0           153 600000000. 0.0           163 1.00000E+9
   134 60000000.0 1.86146E-5    144 240000000. 0.0           154 640000000. 0.0       
   135 70000000.0 1.94948E-5    145 280000000. 0.0           155 680000000. 0.0       
   136 80000000.0 1.84141E-5    146 320000000. 0.0           156 720000000. 0.0       
 
                                                     MT=  5
 MAT 7434                         0.0        Kelvin Unshielded Cross Sections                          74-W -183

   No.  Group-eV   Average      No.  Group-eV   Average      No.  Group-eV   Average      No.  Group-eV   Average

    94 6400000.00 1.1670E-11    112 10000000.0 4.59852E-7    130 45000000.0 5.35219E-4    148 400000000. 0.0       
    95 6600000.00 9.4088E-11    113 11000000.0 1.24350E-6    131 50000000.0 6.30009E-4    149 440000000. 0.0       
    96 6800000.00 1.8848E-10    114 12000000.0 2.71558E-6    132 54000000.0 6.88416E-4    150 480000000. 0.0       
    97 7000000.00 2.8413E-10    115 13000000.0 4.22847E-6    133 55000000.0 7.57031E-4    151 520000000. 0.0       
    98 7200000.00 3.8030E-10    116 14000000.0 6.74598E-6    134 60000000.0 9.28445E-4    152 560000000. 0.0       
    99 7400000.00 5.7490E-10    117 15000000.0 1.11296E-5    135 70000000.0 .001052652    153 600000000. 0.0       
   100 7600000.00 8.6882E-10    118 16000000.0 1.49569E-5    136 80000000.0 .001063994    154 640000000. 0.0       
   101 7800000.00 1.51290E-9    119 17000000.0 1.78269E-5    137 90000000.0 .001075333    155 680000000. 0.0       
   102 8000000.00 3.02024E-9    120 18000000.0 2.13240E-5    138 100000000. .001000419    156 720000000. 0.0       
   103 8200000.00 4.79053E-9    121 19000000.0 2.64775E-5    139 120000000. 8.53002E-4    157 760000000. 0.0       
   104 8400000.00 7.91209E-9    122 20000000.0 3.79685E-5    140 140000000. 8.14564E-4    158 800000000. 0.0       
   105 8600000.00 1.16792E-8    123 22000000.0 5.92455E-5    141 160000000. 7.10716E-4    159 840000000. 0.0       
   106 8800000.00 2.47260E-8    124 24000000.0 8.69658E-5    142 180000000. 5.95078E-4    160 880000000. 0.0       
   107 9000000.00 4.15979E-8    125 26000000.0 1.19478E-4    143 200000000. 0.0           161 920000000. 0.0       
   108 9200000.00 7.87789E-8    126 28000000.0 1.55194E-4    144 240000000. 0.0           162 960000000. 0.0       
   109 9400000.00 1.36416E-7    127 30000000.0 2.23207E-4    145 280000000. 0.0           163 1.00000E+9
   110 9600000.00 1.93503E-7    128 35000000.0 3.29295E-4    146 320000000. 0.0       
   111 9800000.00 2.49235E-7    129 40000000.0 4.34927E-4    147 360000000. 0.0       
 
                                                     MT=  5
 MAT 7434                         0.0        Kelvin Unshielded Cross Sections                          74-W -183

   No.  Group-eV   Average      No.  Group-eV   Average      No.  Group-eV   Average      No.  Group-eV   Average

   162 960000000. 0.0           163 1.00000E+9
 
