 ENDF Activation Cross Sections (ACTIVATE 2019-1)
 ------------------------------------------------------------------------------
 ENDF Input and Output Data Filenames
 ------------------------------------------------------------------------------
 ACTIVATE.IN                                                             
 ACTIVATE.OUT                                                            
 ------------------------------------------------------------------------------
 ENDF Tape Label
 ------------------------------------------------------------------------------
  JENDL/PD-2016.1  Sb-123                                             1
 ------------------------------------------------------------------------------
   Material  MAT  MF  MT  ENDF    ZAP Final      Q-Value Points Points
                          Format      State           eV     In    Out
 ------------------------------------------------------------------------------
  51-Sb-123 5131  10   5   6        1     0   0.0            88     88
  51-Sb-123 5131  10   5   6     1001     0   0.0            88     88
  51-Sb-123 5131  10   5   6     1002     0   0.0            88     88
  51-Sb-123 5131  10   5   6     1003     0   0.0            88     88
  51-Sb-123 5131  10   5   6     2003     0   0.0            88     88
  51-Sb-123 5131  10   5   6     2004     0   0.0            88     88
  51-Sb-123 5131  10   5   6    36090     0   0.0            88     88
  51-Sb-123 5131  10   5   6    36091     0   0.0            88     88
  51-Sb-123 5131  10   5   6    36092     0   0.0            88     88
  51-Sb-123 5131  10   5   6    36093     0   0.0            88     88
  51-Sb-123 5131  10   5   6    36094     0   0.0            88     88
  51-Sb-123 5131  10   5   6    36095     0   0.0            88     88
  51-Sb-123 5131  10   5   6    36096     0   0.0            88     88
  51-Sb-123 5131  10   5   6    37091     0   0.0            88     88
  51-Sb-123 5131  10   5   6    37092     0   0.0            88     88
  51-Sb-123 5131  10   5   6    37093     0   0.0            88     88
  51-Sb-123 5131  10   5   6    37094     0   0.0            88     88
  51-Sb-123 5131  10   5   6    37095     0   0.0            88     88
  51-Sb-123 5131  10   5   6    37096     0   0.0            88     88
  51-Sb-123 5131  10   5   6    37097     0   0.0            88     88
  51-Sb-123 5131  10   5   6    37098     0   0.0            88     88
  51-Sb-123 5131  10   5   6    37099     0   0.0            88     88
  51-Sb-123 5131  10   5   6    38092     0   0.0            88     88
  51-Sb-123 5131  10   5   6    38093     0   0.0            88     88
  51-Sb-123 5131  10   5   6    38094     0   0.0            88     88
  51-Sb-123 5131  10   5   6    38095     0   0.0            88     88
  51-Sb-123 5131  10   5   6    38096     0   0.0            88     88
  51-Sb-123 5131  10   5   6    38097     0   0.0            88     88
  51-Sb-123 5131  10   5   6    38098     0   0.0            88     88
  51-Sb-123 5131  10   5   6    38099     0   0.0            88     88
  51-Sb-123 5131  10   5   6    38100     0   0.0            88     88
  51-Sb-123 5131  10   5   6    38101     0   0.0            88     88
  51-Sb-123 5131  10   5   6    38102     0   0.0            88     88
  51-Sb-123 5131  10   5   6    39093     0   0.0            88     88
  51-Sb-123 5131  10   5   6    39093     1   0.0            88     88
  51-Sb-123 5131  10   5   6    39094     0   0.0            88     88
  51-Sb-123 5131  10   5   6    39095     0   0.0            88     88
  51-Sb-123 5131  10   5   6    39096     0   0.0            88     88
  51-Sb-123 5131  10   5   6    39097     0   0.0            88     88
  51-Sb-123 5131  10   5   6    39097     1   0.0            88     88
  51-Sb-123 5131  10   5   6    39098     0   0.0            88     88
  51-Sb-123 5131  10   5   6    39098     1   0.0            88     88
  51-Sb-123 5131  10   5   6    39099     0   0.0            88     88
  51-Sb-123 5131  10   5   6    39100     0   0.0            88     88
  51-Sb-123 5131  10   5   6    39100     1   0.0            88     88
  51-Sb-123 5131  10   5   6    39101     0   0.0            88     88
  51-Sb-123 5131  10   5   6    39102     0   0.0            88     88
  51-Sb-123 5131  10   5   6    39103     0   0.0            88     88
  51-Sb-123 5131  10   5   6    39104     0   0.0            88     88
  51-Sb-123 5131  10   5   6    39105     0   0.0            88     88
  51-Sb-123 5131  10   5   6    40094     0   0.0            88     88
  51-Sb-123 5131  10   5   6    40095     0   0.0            88     88
  51-Sb-123 5131  10   5   6    40096     0   0.0            88     88
  51-Sb-123 5131  10   5   6    40097     0   0.0            88     88
  51-Sb-123 5131  10   5   6    40098     0   0.0            88     88
  51-Sb-123 5131  10   5   6    40099     0   0.0            88     88
  51-Sb-123 5131  10   5   6    40100     0   0.0            88     88
  51-Sb-123 5131  10   5   6    40101     0   0.0            88     88
  51-Sb-123 5131  10   5   6    40102     0   0.0            88     88
  51-Sb-123 5131  10   5   6    40103     0   0.0            88     88
  51-Sb-123 5131  10   5   6    40104     0   0.0            88     88
  51-Sb-123 5131  10   5   6    40105     0   0.0            88     88
  51-Sb-123 5131  10   5   6    40106     0   0.0            88     88
  51-Sb-123 5131  10   5   6    40107     0   0.0            88     88
  51-Sb-123 5131  10   5   6    40108     0   0.0            88     88
  51-Sb-123 5131  10   5   6    41095     0   0.0            88     88
  51-Sb-123 5131  10   5   6    41095     1   0.0            88     88
  51-Sb-123 5131  10   5   6    41096     0   0.0            88     88
  51-Sb-123 5131  10   5   6    41097     0   0.0            88     88
  51-Sb-123 5131  10   5   6    41097     1   0.0            88     88
  51-Sb-123 5131  10   5   6    41098     0   0.0            88     88
  51-Sb-123 5131  10   5   6    41098     1   0.0            88     88
  51-Sb-123 5131  10   5   6    41099     0   0.0            88     88
  51-Sb-123 5131  10   5   6    41099     1   0.0            88     88
  51-Sb-123 5131  10   5   6    41100     0   0.0            88     88
  51-Sb-123 5131  10   5   6    41100     1   0.0            88     88
  51-Sb-123 5131  10   5   6    41101     0   0.0            88     88
  51-Sb-123 5131  10   5   6    41102     0   0.0            88     88
  51-Sb-123 5131  10   5   6    41102     1   0.0            88     88
  51-Sb-123 5131  10   5   6    41103     0   0.0            88     88
  51-Sb-123 5131  10   5   6    41104     0   0.0            88     88
  51-Sb-123 5131  10   5   6    41105     0   0.0            88     88
  51-Sb-123 5131  10   5   6    41106     0   0.0            88     88
  51-Sb-123 5131  10   5   6    41107     0   0.0            88     88
  51-Sb-123 5131  10   5   6    41108     0   0.0            88     88
  51-Sb-123 5131  10   5   6    41109     0   0.0            88     88
  51-Sb-123 5131  10   5   6    41110     0   0.0            88     88
  51-Sb-123 5131  10   5   6    42096     0   0.0            88     88
  51-Sb-123 5131  10   5   6    42097     0   0.0            88     88
  51-Sb-123 5131  10   5   6    42098     0   0.0            88     88
  51-Sb-123 5131  10   5   6    42099     0   0.0            88     88
  51-Sb-123 5131  10   5   6    42100     0   0.0            88     88
  51-Sb-123 5131  10   5   6    42101     0   0.0            88     88
  51-Sb-123 5131  10   5   6    42102     0   0.0            88     88
  51-Sb-123 5131  10   5   6    42103     0   0.0            88     88
  51-Sb-123 5131  10   5   6    42104     0   0.0            88     88
  51-Sb-123 5131  10   5   6    42105     0   0.0            88     88
  51-Sb-123 5131  10   5   6    42106     0   0.0            88     88
  51-Sb-123 5131  10   5   6    42107     0   0.0            88     88
  51-Sb-123 5131  10   5   6    42108     0   0.0            88     88
  51-Sb-123 5131  10   5   6    42109     0   0.0            88     88
  51-Sb-123 5131  10   5   6    42110     0   0.0            88     88
  51-Sb-123 5131  10   5   6    42111     0   0.0            88     88
  51-Sb-123 5131  10   5   6    42112     0   0.0            88     88
  51-Sb-123 5131  10   5   6    43097     0   0.0            88     88
  51-Sb-123 5131  10   5   6    43097     1   0.0            88     88
  51-Sb-123 5131  10   5   6    43098     0   0.0            88     88
  51-Sb-123 5131  10   5   6    43099     0   0.0            88     88
  51-Sb-123 5131  10   5   6    43099     1   0.0            88     88
  51-Sb-123 5131  10   5   6    43100     0   0.0            88     88
  51-Sb-123 5131  10   5   6    43101     0   0.0            88     88
  51-Sb-123 5131  10   5   6    43102     0   0.0            88     88
  51-Sb-123 5131  10   5   6    43102     1   0.0            88     88
  51-Sb-123 5131  10   5   6    43103     0   0.0            88     88
  51-Sb-123 5131  10   5   6    43104     0   0.0            88     88
  51-Sb-123 5131  10   5   6    43105     0   0.0            88     88
  51-Sb-123 5131  10   5   6    43106     0   0.0            88     88
  51-Sb-123 5131  10   5   6    43107     0   0.0            88     88
  51-Sb-123 5131  10   5   6    43108     0   0.0            88     88
  51-Sb-123 5131  10   5   6    43109     0   0.0            88     88
  51-Sb-123 5131  10   5   6    43110     0   0.0            88     88
  51-Sb-123 5131  10   5   6    43111     0   0.0            88     88
  51-Sb-123 5131  10   5   6    43112     0   0.0            88     88
  51-Sb-123 5131  10   5   6    43113     0   0.0            88     88
  51-Sb-123 5131  10   5   6    43114     0   0.0            88     88
  51-Sb-123 5131  10   5   6    44098     0   0.0            88     88
  51-Sb-123 5131  10   5   6    44099     0   0.0            88     88
  51-Sb-123 5131  10   5   6    44100     0   0.0            88     88
  51-Sb-123 5131  10   5   6    44101     0   0.0            88     88
  51-Sb-123 5131  10   5   6    44102     0   0.0            88     88
  51-Sb-123 5131  10   5   6    44103     0   0.0            88     88
  51-Sb-123 5131  10   5   6    44104     0   0.0            88     88
  51-Sb-123 5131  10   5   6    44105     0   0.0            88     88
  51-Sb-123 5131  10   5   6    44106     0   0.0            88     88
  51-Sb-123 5131  10   5   6    44107     0   0.0            88     88
  51-Sb-123 5131  10   5   6    44108     0   0.0            88     88
  51-Sb-123 5131  10   5   6    44109     0   0.0            88     88
  51-Sb-123 5131  10   5   6    44110     0   0.0            88     88
  51-Sb-123 5131  10   5   6    44111     0   0.0            88     88
  51-Sb-123 5131  10   5   6    44112     0   0.0            88     88
  51-Sb-123 5131  10   5   6    44113     0   0.0            88     88
  51-Sb-123 5131  10   5   6    44114     0   0.0            88     88
  51-Sb-123 5131  10   5   6    44115     0   0.0            88     88
  51-Sb-123 5131  10   5   6    45099     0   0.0            88     88
  51-Sb-123 5131  10   5   6    45099     1   0.0            88     88
  51-Sb-123 5131  10   5   6    45100     0   0.0            88     88
  51-Sb-123 5131  10   5   6    45100     1   0.0            88     88
  51-Sb-123 5131  10   5   6    45101     0   0.0            88     88
  51-Sb-123 5131  10   5   6    45101     1   0.0            88     88
  51-Sb-123 5131  10   5   6    45102     0   0.0            88     88
  51-Sb-123 5131  10   5   6    45102     1   0.0            88     88
  51-Sb-123 5131  10   5   6    45103     0   0.0            88     88
  51-Sb-123 5131  10   5   6    45103     1   0.0            88     88
  51-Sb-123 5131  10   5   6    45104     0   0.0            88     88
  51-Sb-123 5131  10   5   6    45104     1   0.0            88     88
  51-Sb-123 5131  10   5   6    45105     0   0.0            88     88
  51-Sb-123 5131  10   5   6    45105     1   0.0            88     88
  51-Sb-123 5131  10   5   6    45106     0   0.0            88     88
  51-Sb-123 5131  10   5   6    45106     1   0.0            88     88
  51-Sb-123 5131  10   5   6    45107     0   0.0            88     88
  51-Sb-123 5131  10   5   6    45108     0   0.0            88     88
  51-Sb-123 5131  10   5   6    45109     0   0.0            88     88
  51-Sb-123 5131  10   5   6    45110     0   0.0            88     88
  51-Sb-123 5131  10   5   6    45111     0   0.0            88     88
  51-Sb-123 5131  10   5   6    45112     0   0.0            88     88
  51-Sb-123 5131  10   5   6    45113     0   0.0            88     88
  51-Sb-123 5131  10   5   6    45114     0   0.0            88     88
  51-Sb-123 5131  10   5   6    45115     0   0.0            88     88
  51-Sb-123 5131  10   5   6    45116     0   0.0            88     88
  51-Sb-123 5131  10   5   6    45116     1   0.0            88     88
  51-Sb-123 5131  10   5   6    45117     0   0.0            88     88
  51-Sb-123 5131  10   5   6    46100     0   0.0            88     88
  51-Sb-123 5131  10   5   6    46101     0   0.0            88     88
  51-Sb-123 5131  10   5   6    46102     0   0.0            88     88
  51-Sb-123 5131  10   5   6    46103     0   0.0            88     88
  51-Sb-123 5131  10   5   6    46104     0   0.0            88     88
  51-Sb-123 5131  10   5   6    46105     0   0.0            88     88
  51-Sb-123 5131  10   5   6    46106     0   0.0            88     88
  51-Sb-123 5131  10   5   6    46107     0   0.0            88     88
  51-Sb-123 5131  10   5   6    46107     1   0.0            88     88
  51-Sb-123 5131  10   5   6    46108     0   0.0            88     88
  51-Sb-123 5131  10   5   6    46109     0   0.0            88     88
  51-Sb-123 5131  10   5   6    46109     1   0.0            88     88
  51-Sb-123 5131  10   5   6    46110     0   0.0            88     88
  51-Sb-123 5131  10   5   6    46111     0   0.0            88     88
  51-Sb-123 5131  10   5   6    46111     1   0.0            88     88
  51-Sb-123 5131  10   5   6    46112     0   0.0            88     88
  51-Sb-123 5131  10   5   6    46113     0   0.0            88     88
  51-Sb-123 5131  10   5   6    46113     1   0.0            88     88
  51-Sb-123 5131  10   5   6    46114     0   0.0            88     88
  51-Sb-123 5131  10   5   6    46115     0   0.0            88     88
  51-Sb-123 5131  10   5   6    46115     1   0.0            88     88
  51-Sb-123 5131  10   5   6    46116     0   0.0            88     88
  51-Sb-123 5131  10   5   6    46117     0   0.0            88     88
  51-Sb-123 5131  10   5   6    46118     0   0.0            88     88
  51-Sb-123 5131  10   5   6    47101     0   0.0            88     88
  51-Sb-123 5131  10   5   6    47101     1   0.0            88     88
  51-Sb-123 5131  10   5   6    47102     0   0.0            88     88
  51-Sb-123 5131  10   5   6    47102     1   0.0            88     88
  51-Sb-123 5131  10   5   6    47103     0   0.0            88     88
  51-Sb-123 5131  10   5   6    47103     1   0.0            88     88
  51-Sb-123 5131  10   5   6    47104     0   0.0            88     88
  51-Sb-123 5131  10   5   6    47104     1   0.0            88     88
  51-Sb-123 5131  10   5   6    47105     0   0.0            88     88
  51-Sb-123 5131  10   5   6    47105     1   0.0            88     88
  51-Sb-123 5131  10   5   6    47106     0   0.0            88     88
  51-Sb-123 5131  10   5   6    47106     1   0.0            88     88
  51-Sb-123 5131  10   5   6    47107     0   0.0            88     88
  51-Sb-123 5131  10   5   6    47107     1   0.0            88     88
  51-Sb-123 5131  10   5   6    47108     0   0.0            88     88
  51-Sb-123 5131  10   5   6    47108     1   0.0            88     88
  51-Sb-123 5131  10   5   6    47109     0   0.0            88     88
  51-Sb-123 5131  10   5   6    47109     1   0.0            88     88
  51-Sb-123 5131  10   5   6    47110     0   0.0            88     88
  51-Sb-123 5131  10   5   6    47110     1   0.0            88     88
  51-Sb-123 5131  10   5   6    47111     0   0.0            88     88
  51-Sb-123 5131  10   5   6    47111     1   0.0            88     88
  51-Sb-123 5131  10   5   6    47112     0   0.0            88     88
  51-Sb-123 5131  10   5   6    47113     0   0.0            88     88
  51-Sb-123 5131  10   5   6    47113     1   0.0            88     88
  51-Sb-123 5131  10   5   6    47114     0   0.0            88     88
  51-Sb-123 5131  10   5   6    47115     0   0.0            88     88
  51-Sb-123 5131  10   5   6    47115     1   0.0            88     88
  51-Sb-123 5131  10   5   6    47116     0   0.0            88     88
  51-Sb-123 5131  10   5   6    47116     1   0.0            88     88
  51-Sb-123 5131  10   5   6    47117     0   0.0            88     88
  51-Sb-123 5131  10   5   6    47117     1   0.0            88     88
  51-Sb-123 5131  10   5   6    47118     0   0.0            88     88
  51-Sb-123 5131  10   5   6    47119     0   0.0            88     88
  51-Sb-123 5131  10   5   6    47119     1   0.0            88     88
  51-Sb-123 5131  10   5   6    48102     0   0.0            88     88
  51-Sb-123 5131  10   5   6    48103     0   0.0            88     88
  51-Sb-123 5131  10   5   6    48104     0   0.0            88     88
  51-Sb-123 5131  10   5   6    48105     0   0.0            88     88
  51-Sb-123 5131  10   5   6    48106     0   0.0            88     88
  51-Sb-123 5131  10   5   6    48107     0   0.0            88     88
  51-Sb-123 5131  10   5   6    48108     0   0.0            88     88
  51-Sb-123 5131  10   5   6    48109     0   0.0            88     88
  51-Sb-123 5131  10   5   6    48110     0   0.0            88     88
  51-Sb-123 5131  10   5   6    48111     0   0.0            88     88
  51-Sb-123 5131  10   5   6    48111     1   0.0            88     88
  51-Sb-123 5131  10   5   6    48112     0   0.0            88     88
  51-Sb-123 5131  10   5   6    48113     0   0.0            88     88
  51-Sb-123 5131  10   5   6    48113     1   0.0            88     88
  51-Sb-123 5131  10   5   6    48114     0   0.0            88     88
  51-Sb-123 5131  10   5   6    48115     0   0.0            88     88
  51-Sb-123 5131  10   5   6    48115     1   0.0            88     88
  51-Sb-123 5131  10   5   6    48116     0   0.0            88     88
  51-Sb-123 5131  10   5   6    48117     0   0.0            88     88
  51-Sb-123 5131  10   5   6    48117     1   0.0            88     88
  51-Sb-123 5131  10   5   6    48118     0   0.0            88     88
  51-Sb-123 5131  10   5   6    48119     0   0.0            88     88
  51-Sb-123 5131  10   5   6    48119     1   0.0            88     88
  51-Sb-123 5131  10   5   6    48120     0   0.0            88     88
  51-Sb-123 5131  10   5   6    49103     0   0.0            88     88
  51-Sb-123 5131  10   5   6    49103     1   0.0            88     88
  51-Sb-123 5131  10   5   6    49104     0   0.0            88     88
  51-Sb-123 5131  10   5   6    49104     1   0.0            88     88
  51-Sb-123 5131  10   5   6    49105     0   0.0            88     88
  51-Sb-123 5131  10   5   6    49105     1   0.0            88     88
  51-Sb-123 5131  10   5   6    49106     0   0.0            88     88
  51-Sb-123 5131  10   5   6    49106     1   0.0            88     88
  51-Sb-123 5131  10   5   6    49107     0   0.0            88     88
  51-Sb-123 5131  10   5   6    49107     1   0.0            88     88
  51-Sb-123 5131  10   5   6    49108     0   0.0            88     88
  51-Sb-123 5131  10   5   6    49108     1   0.0            88     88
  51-Sb-123 5131  10   5   6    49109     0   0.0            88     88
  51-Sb-123 5131  10   5   6    49109     1   0.0            88     88
  51-Sb-123 5131  10   5   6    49110     0   0.0            88     88
  51-Sb-123 5131  10   5   6    49110     1   0.0            88     88
  51-Sb-123 5131  10   5   6    49111     0   0.0            88     88
  51-Sb-123 5131  10   5   6    49111     1   0.0            88     88
  51-Sb-123 5131  10   5   6    49112     0   0.0            88     88
  51-Sb-123 5131  10   5   6    49112     1   0.0            88     88
  51-Sb-123 5131  10   5   6    49113     0   0.0            88     88
  51-Sb-123 5131  10   5   6    49113     1   0.0            88     88
  51-Sb-123 5131  10   5   6    49114     0   0.0            88     88
  51-Sb-123 5131  10   5   6    49114     1   0.0            88     88
  51-Sb-123 5131  10   5   6    49115     0   0.0            88     88
  51-Sb-123 5131  10   5   6    49115     1   0.0            88     88
  51-Sb-123 5131  10   5   6    49116     0   0.0            88     88
  51-Sb-123 5131  10   5   6    49116     1   0.0            88     88
  51-Sb-123 5131  10   5   6    49116     2   0.0            88     88
  51-Sb-123 5131  10   5   6    49117     0   0.0            88     88
  51-Sb-123 5131  10   5   6    49117     1   0.0            88     88
  51-Sb-123 5131  10   5   6    49118     0   0.0            88     88
  51-Sb-123 5131  10   5   6    49118     1   0.0            88     88
  51-Sb-123 5131  10   5   6    49119     0   0.0            88     88
  51-Sb-123 5131  10   5   6    49119     1   0.0            88     88
  51-Sb-123 5131  10   5   6    49120     0   0.0            88     88
  51-Sb-123 5131  10   5   6    49120     1   0.0            88     88
  51-Sb-123 5131  10   5   6    49121     0   0.0            88     88
  51-Sb-123 5131  10   5   6    49121     1   0.0            88     88
  51-Sb-123 5131  10   5   6    50105     0   0.0            88     88
  51-Sb-123 5131  10   5   6    50106     0   0.0            88     88
  51-Sb-123 5131  10   5   6    50107     0   0.0            88     88
  51-Sb-123 5131  10   5   6    50108     0   0.0            88     88
  51-Sb-123 5131  10   5   6    50109     0   0.0            88     88
  51-Sb-123 5131  10   5   6    50110     0   0.0            88     88
  51-Sb-123 5131  10   5   6    50111     0   0.0            88     88
  51-Sb-123 5131  10   5   6    50112     0   0.0            88     88
  51-Sb-123 5131  10   5   6    50113     0   0.0            88     88
  51-Sb-123 5131  10   5   6    50113     1   0.0            88     88
  51-Sb-123 5131  10   5   6    50114     0   0.0            88     88
  51-Sb-123 5131  10   5   6    50115     0   0.0            88     88
  51-Sb-123 5131  10   5   6    50116     0   0.0            88     88
  51-Sb-123 5131  10   5   6    50117     0   0.0            88     88
  51-Sb-123 5131  10   5   6    50117     1   0.0            88     88
  51-Sb-123 5131  10   5   6    50118     0   0.0            88     88
  51-Sb-123 5131  10   5   6    50119     0   0.0            88     88
  51-Sb-123 5131  10   5   6    50119     1   0.0            88     88
  51-Sb-123 5131  10   5   6    50120     0   0.0            88     88
  51-Sb-123 5131  10   5   6    50121     0   0.0            88     88
  51-Sb-123 5131  10   5   6    50121     1   0.0            88     88
  51-Sb-123 5131  10   5   6    50122     0   0.0            88     88
  51-Sb-123 5131  10   5   6    51108     0   0.0            88     88
  51-Sb-123 5131  10   5   6    51109     0   0.0            88     88
  51-Sb-123 5131  10   5   6    51110     0   0.0            88     88
  51-Sb-123 5131  10   5   6    51111     0   0.0            88     88
  51-Sb-123 5131  10   5   6    51112     0   0.0            88     88
  51-Sb-123 5131  10   5   6    51113     0   0.0            88     88
  51-Sb-123 5131  10   5   6    51114     0   0.0            88     88
  51-Sb-123 5131  10   5   6    51115     0   0.0            88     88
  51-Sb-123 5131  10   5   6    51116     0   0.0            88     88
  51-Sb-123 5131  10   5   6    51116     1   0.0            88     88
  51-Sb-123 5131  10   5   6    51117     0   0.0            88     88
  51-Sb-123 5131  10   5   6    51118     0   0.0            88     88
  51-Sb-123 5131  10   5   6    51118     1   0.0            88     88
  51-Sb-123 5131  10   5   6    51119     0   0.0            88     88
  51-Sb-123 5131  10   5   6    51120     0   0.0            88     88
  51-Sb-123 5131  10   5   6    51120     1   0.0            88     88
  51-Sb-123 5131  10   5   6    51121     0   0.0            88     88
  51-Sb-123 5131  10   5   6    51122     0   0.0            88     88
  51-Sb-123 5131  10   5   6    51122     1   0.0            88     88
  51-Sb-123 5131  10   5   6    51123     0   0.0            88     88
  51-Sb-123 5131  10   5   6        0     0   0.0            88     88
 ------------------------------------------------------------------------------
                                              MAT Totals  29568  29568
 ------------------------------------------------------------------------------
 ------------------------------------------------------------------------------
 All Cross Sections Read. Maximum Tabulated Energy =  200000000. eV
 ------------------------------------------------------------------------------
 ===============================================================================
      MAT Total Execution Time                0.44 Seconds
 ===============================================================================
 ------------------------------------------------------------------------------
                                             Tape Totals  29568  29568
 ------------------------------------------------------------------------------
 ===============================================================================
 ACTIVATE Total Execution Time                0.44 Seconds
 ===============================================================================
