 Create New Section Index (DICTIN 2019-1)
 ------------------------------------------------------------
 ENDF/B Input and Output Data Filenames
 ------------------------------------------------------------
 DICTIN.IN                                                               
 DICTIN.OUT                                                              
 ------------------------------------------------------------
 First Pass. Reading ENDF/B Data
 ------------------------------------------------------------
  MAT   Messages
 ------------------------------------------------------------
 6234
 ------------------------------------------------------------
 Second Pass. Creating New Index
 ------------------------------------------------------------
 ENDF/B  MAT MF  MT  Lines  Mod
 Format
 ------------------------------------------------------------
  VI    6234  1 451     67    1
        6234  3   5     33    1
        6234 10   5  12641    1
 ------------------------------------------------------------
 Original Line Count  12749
 Final Line Count     12750
 ------------------------------------------------------------
 ===============================================================================
 DICTIN   Total Execution Time                0.05 Seconds
 ===============================================================================
