 ENDF Activation Cross Sections (ACTIVATE 2019-1)
 ------------------------------------------------------------------------------
 ENDF Input and Output Data Filenames
 ------------------------------------------------------------------------------
 ACTIVATE.IN                                                             
 ACTIVATE.OUT                                                            
 ------------------------------------------------------------------------------
 ENDF Tape Label
 ------------------------------------------------------------------------------
 Retrieved by E4-util: 2019/11/11,14:56:52                            1
 ------------------------------------------------------------------------------
   Material  MAT  MF  MT  ENDF    ZAP Final      Q-Value Points Points
                          Format      State           eV     In    Out
 ------------------------------------------------------------------------------
   8-O -17   828  10   5   6        1     0   0.0            86     86
   8-O -17   828  10   5   6     1001     0   0.0            86     86
   8-O -17   828  10   5   6     1002     0   0.0            86     86
   8-O -17   828  10   5   6     1003     0   0.0            86     86
   8-O -17   828  10   5   6     2004     0   0.0            86     86
   8-O -17   828  10   5   6     6011     0   0.0            86     86
   8-O -17   828  10   5   6     6012     0   0.0            86     86
   8-O -17   828  10   5   6     6013     0   0.0            86     86
   8-O -17   828  10   5   6     6015     0   0.0            86     86
   8-O -17   828  10   5   6     7012     0   0.0            86     86
   8-O -17   828  10   5   6     7013     0   0.0            86     86
   8-O -17   828  10   5   6     7014     0   0.0            86     86
   8-O -17   828  10   5   6     7015     0   0.0            86     86
   8-O -17   828  10   5   6     7016     0   0.0            86     86
   8-O -17   828  10   5   6     8013     0   0.0            86     86
   8-O -17   828  10   5   6     8014     0   0.0            86     86
   8-O -17   828  10   5   6     8015     0   0.0            86     86
   8-O -17   828  10   5   6     8016     0   0.0            86     86
   8-O -17   828  10   5   6        0     0   0.0            86     86
 ------------------------------------------------------------------------------
                                              MAT Totals   1634   1634
 ------------------------------------------------------------------------------
 ------------------------------------------------------------------------------
 All Cross Sections Read. Maximum Tabulated Energy =  140000000. eV
 ------------------------------------------------------------------------------
 ===============================================================================
      MAT Total Execution Time                0.22 Seconds
 ===============================================================================
 ------------------------------------------------------------------------------
                                             Tape Totals   1634   1634
 ------------------------------------------------------------------------------
 ===============================================================================
 ACTIVATE Total Execution Time                0.22 Seconds
 ===============================================================================
