 Create New Section Index (DICTIN 2019-1)
 ------------------------------------------------------------
 ENDF/B Input and Output Data Filenames
 ------------------------------------------------------------
 DICTIN.IN                                                               
 DICTIN.OUT                                                              
 ------------------------------------------------------------
 First Pass. Reading ENDF/B Data
 ------------------------------------------------------------
  MAT   Messages
 ------------------------------------------------------------
  828
 ------------------------------------------------------------
 Second Pass. Creating New Index
 ------------------------------------------------------------
 ENDF/B  MAT MF  MT  Lines  Mod
 Format
 ------------------------------------------------------------
  VI     828  1 451     37    1
         828  3   5     32    1
         828 10   5    590    1
 ------------------------------------------------------------
 Original Line Count    667
 Final Line Count       668
 ------------------------------------------------------------
 ===============================================================================
 DICTIN   Total Execution Time                0.00 Seconds
 ===============================================================================
