                                                     MT=  5
 MAT  828                         0.0        Kelvin Unshielded Cross Sections                           8-O -17 

   No.  Group-eV   Average      No.  Group-eV   Average      No.  Group-eV   Average      No.  Group-eV   Average

    84 4400000.00 6.49196E-7    104 8400000.00 4.75078E-4    124 24000000.0 .022182953    144 240000000. 0.0       
    85 4600000.00 5.25255E-6    105 8600000.00 5.24995E-4    125 26000000.0 .013759655    145 280000000. 0.0       
    86 4800000.00 1.05245E-5    106 8800000.00 5.74912E-4    126 28000000.0 .009012569    146 320000000. 0.0       
    87 5000000.00 1.91898E-5    107 9000000.00 6.16948E-4    127 30000000.0 .006288813    147 360000000. 0.0       
    88 5200000.00 3.12939E-5    108 9200000.00 6.51045E-4    128 35000000.0 .004252413    148 400000000. 0.0       
    89 5400000.00 4.33978E-5    109 9400000.00 6.85142E-4    129 40000000.0 .003247999    149 440000000. 0.0       
    90 5600000.00 5.55017E-5    110 9600000.00 7.19238E-4    130 45000000.0 .002696717    150 480000000. 0.0       
    91 5800000.00 6.76054E-5    111 9800000.00 7.53335E-4    131 50000000.0 .002390532    151 520000000. 0.0       
    92 6000000.00 7.73591E-5    112 10000000.0 .001006982    132 54000000.0 .002264710    152 560000000. 0.0       
    93 6200000.00 8.47363E-5    113 11000000.0 .001367247    133 55000000.0 .002149880    153 600000000. 0.0       
    94 6400000.00 9.21135E-5    114 12000000.0 .001756961    134 60000000.0 .001938785    154 640000000. 0.0       
    95 6600000.00 9.94907E-5    115 13000000.0 .002109501    135 70000000.0 .001738582    155 680000000. 0.0       
    96 6800000.00 1.06868E-4    116 14000000.0 .001614148    136 80000000.0 .001582394    156 720000000. 0.0       
    97 7000000.00 1.34443E-4    117 15000000.0 .001567456    137 90000000.0 .001444271    157 760000000. 0.0       
    98 7200000.00 1.82409E-4    118 16000000.0 .001921319    138 100000000. .001260472    158 800000000. 0.0       
    99 7400000.00 2.30374E-4    119 17000000.0 .002582910    139 120000000. .001051177    159 840000000. 0.0       
   100 7600000.00 2.78340E-4    120 18000000.0 .004022860    140 140000000. 0.0           160 880000000. 0.0       
   101 7800000.00 3.26305E-4    121 19000000.0 .007216162    141 160000000. 0.0           161 920000000. 0.0       
   102 8000000.00 3.75243E-4    122 20000000.0 .015169569    142 180000000. 0.0           162 960000000. 0.0       
   103 8200000.00 4.25160E-4    123 22000000.0 .029058338    143 200000000. 0.0           163 1.00000E+9
 
                                                     MT=  5
 MAT  828                         0.0        Kelvin Unshielded Cross Sections                           8-O -17 

   No.  Group-eV   Average      No.  Group-eV   Average      No.  Group-eV   Average      No.  Group-eV   Average

    84 4400000.00 6.45896E-7    104 8400000.00 4.62922E-4    124 24000000.0 .017759553    144 240000000. 0.0       
    85 4600000.00 5.22584E-6    105 8600000.00 5.17621E-4    125 26000000.0 .011308055    145 280000000. 0.0       
    86 4800000.00 1.04710E-5    106 8800000.00 5.72320E-4    126 28000000.0 .007710866    146 320000000. 0.0       
    87 5000000.00 1.91140E-5    107 9000000.00 6.16763E-4    127 30000000.0 .005964750    147 360000000. 0.0       
    88 5200000.00 3.12002E-5    108 9200000.00 6.50873E-4    128 35000000.0 .004851716    148 400000000. 0.0       
    89 5400000.00 4.32864E-5    109 9400000.00 6.84984E-4    129 40000000.0 .004373262    149 440000000. 0.0       
    90 5600000.00 5.53724E-5    110 9600000.00 7.19095E-4    130 45000000.0 .004162077    150 480000000. 0.0       
    91 5800000.00 6.74584E-5    111 9800000.00 7.53205E-4    131 50000000.0 .004046506    151 520000000. 0.0       
    92 6000000.00 7.72019E-5    112 10000000.0 .001006944    132 54000000.0 .004000635    152 560000000. 0.0       
    93 6200000.00 8.45767E-5    113 11000000.0 .001367250    133 55000000.0 .003959715    153 600000000. 0.0       
    94 6400000.00 9.19515E-5    114 12000000.0 .001733575    134 60000000.0 .003925816    154 640000000. 0.0       
    95 6600000.00 9.93263E-5    115 13000000.0 .001917582    135 70000000.0 .003921123    155 680000000. 0.0       
    96 6800000.00 1.06701E-4    116 14000000.0 .001322543    136 80000000.0 .003865744    156 720000000. 0.0       
    97 7000000.00 1.31893E-4    117 15000000.0 .001180169    137 90000000.0 .003762987    157 760000000. 0.0       
    98 7200000.00 1.75072E-4    118 16000000.0 .001369194    138 100000000. .003531768    158 800000000. 0.0       
    99 7400000.00 2.18251E-4    119 17000000.0 .001841108    139 120000000. .003138209    159 840000000. 0.0       
   100 7600000.00 2.61430E-4    120 18000000.0 .003018192    140 140000000. 0.0           160 880000000. 0.0       
   101 7800000.00 3.04609E-4    121 19000000.0 .005321848    141 160000000. 0.0           161 920000000. 0.0       
   102 8000000.00 3.53524E-4    122 20000000.0 .010954906    142 180000000. 0.0           162 960000000. 0.0       
   103 8200000.00 4.08223E-4    123 22000000.0 .022690578    143 200000000. 0.0           163 1.00000E+9
 
                                                     MT=  5
 MAT  828                         0.0        Kelvin Unshielded Cross Sections                           8-O -17 

   No.  Group-eV   Average      No.  Group-eV   Average      No.  Group-eV   Average      No.  Group-eV   Average

   116 14000000.0 1.27032E-5    128 35000000.0 .002391977    140 140000000. 0.0           152 560000000. 0.0       
   117 15000000.0 8.08442E-5    129 40000000.0 .001977607    141 160000000. 0.0           153 600000000. 0.0       
   118 16000000.0 1.74291E-4    130 45000000.0 .001697050    142 180000000. 0.0           154 640000000. 0.0       
   119 17000000.0 3.12242E-4    131 50000000.0 .001523838    143 200000000. 0.0           155 680000000. 0.0       
   120 18000000.0 6.07150E-4    132 54000000.0 .001453085    144 240000000. 0.0           156 720000000. 0.0       
   121 19000000.0 .001220261    133 55000000.0 .001388320    145 280000000. 0.0           157 760000000. 0.0       
   122 20000000.0 .003085776    134 60000000.0 .001288411    146 320000000. 0.0           158 800000000. 0.0       
   123 22000000.0 .007912868    135 70000000.0 .001201644    147 360000000. 0.0           159 840000000. 0.0       
   124 24000000.0 .007296753    136 80000000.0 .001128548    148 400000000. 0.0           160 880000000. 0.0       
   125 26000000.0 .005194068    137 90000000.0 .001059547    149 440000000. 0.0           161 920000000. 0.0       
   126 28000000.0 .003809019    138 100000000. 9.53882E-4    150 480000000. 0.0           162 960000000. 0.0       
   127 30000000.0 .003079090    139 120000000. 8.21527E-4    151 520000000. 0.0           163 1.00000E+9
 
                                                     MT=  5
 MAT  828                         0.0        Kelvin Unshielded Cross Sections                           8-O -17 

   No.  Group-eV   Average      No.  Group-eV   Average      No.  Group-eV   Average      No.  Group-eV   Average

   116 14000000.0 1.35855E-8    128 35000000.0 3.85710E-4    140 140000000. 0.0           152 560000000. 0.0       
   117 15000000.0 3.60006E-6    129 40000000.0 3.11919E-4    141 160000000. 0.0           153 600000000. 0.0       
   118 16000000.0 1.61643E-5    130 45000000.0 2.64558E-4    142 180000000. 0.0           154 640000000. 0.0       
   119 17000000.0 3.74131E-5    131 50000000.0 2.35677E-4    143 200000000. 0.0           155 680000000. 0.0       
   120 18000000.0 7.50426E-5    132 54000000.0 2.22934E-4    144 240000000. 0.0           156 720000000. 0.0       
   121 19000000.0 1.85091E-4    133 55000000.0 2.19012E-4    145 280000000. 0.0           157 760000000. 0.0       
   122 20000000.0 6.13430E-4    134 60000000.0 1.98542E-4    146 320000000. 0.0           158 800000000. 0.0       
   123 22000000.0 .001390348    135 70000000.0 1.70576E-4    147 360000000. 0.0           159 840000000. 0.0       
   124 24000000.0 .001229929    136 80000000.0 1.54913E-4    148 400000000. 0.0           160 880000000. 0.0       
   125 26000000.0 8.82332E-4    137 90000000.0 1.35174E-4    149 440000000. 0.0           161 920000000. 0.0       
   126 28000000.0 6.43253E-4    138 100000000. 1.11104E-4    150 480000000. 0.0           162 960000000. 0.0       
   127 30000000.0 4.94805E-4    139 120000000. 8.61843E-5    151 520000000. 0.0           163 1.00000E+9
 
                                                     MT=  5
 MAT  828                         0.0        Kelvin Unshielded Cross Sections                           8-O -17 

   No.  Group-eV   Average      No.  Group-eV   Average      No.  Group-eV   Average      No.  Group-eV   Average

   121 19000000.0 3.18628E-6    132 54000000.0 4.62640E-5    143 200000000. 0.0           154 640000000. 0.0       
   122 20000000.0 8.44934E-5    133 55000000.0 4.93785E-5    144 240000000. 0.0           155 680000000. 0.0       
   123 22000000.0 3.27688E-4    134 60000000.0 4.30803E-5    145 280000000. 0.0           156 720000000. 0.0       
   124 24000000.0 3.07527E-4    135 70000000.0 3.36663E-5    146 320000000. 0.0           157 760000000. 0.0       
   125 26000000.0 2.17523E-4    136 80000000.0 3.12771E-5    147 360000000. 0.0           158 800000000. 0.0       
   126 28000000.0 1.52350E-4    137 90000000.0 2.54230E-5    148 400000000. 0.0           159 840000000. 0.0       
   127 30000000.0 1.13688E-4    138 100000000. 1.97942E-5    149 440000000. 0.0           160 880000000. 0.0       
   128 35000000.0 1.17636E-4    139 120000000. 1.44382E-5    150 480000000. 0.0           161 920000000. 0.0       
   129 40000000.0 8.14599E-5    140 140000000. 0.0           151 520000000. 0.0           162 960000000. 0.0       
   130 45000000.0 6.09976E-5    141 160000000. 0.0           152 560000000. 0.0           163 1.00000E+9
   131 50000000.0 5.03701E-5    142 180000000. 0.0           153 600000000. 0.0       
 
                                                     MT=  5
 MAT  828                         0.0        Kelvin Unshielded Cross Sections                           8-O -17 

   No.  Group-eV   Average      No.  Group-eV   Average      No.  Group-eV   Average      No.  Group-eV   Average

    92 6000000.00 4.2113E-13    110 9600000.00 5.82552E-8    128 35000000.0 8.59832E-4    146 320000000. 0.0       
    93 6200000.00 1.2681E-12    111 9800000.00 6.25103E-8    129 40000000.0 5.02248E-4    147 360000000. 0.0       
    94 6400000.00 2.1150E-12    112 10000000.0 3.44894E-8    130 45000000.0 3.84501E-4    148 400000000. 0.0       
    95 6600000.00 2.9620E-12    113 11000000.0 2.44783E-8    131 50000000.0 3.51468E-4    149 440000000. 0.0       
    96 6800000.00 3.8089E-12    114 12000000.0 2.34355E-5    132 54000000.0 3.39951E-4    150 480000000. 0.0       
    97 7000000.00 2.38405E-6    115 13000000.0 1.92001E-4    133 55000000.0 3.20544E-4    151 520000000. 0.0       
    98 7200000.00 7.17494E-6    116 14000000.0 2.78968E-4    134 60000000.0 2.81448E-4    152 560000000. 0.0       
    99 7400000.00 1.19658E-5    117 15000000.0 3.02940E-4    135 70000000.0 2.39326E-4    153 600000000. 0.0       
   100 7600000.00 1.67567E-5    118 16000000.0 3.64357E-4    136 80000000.0 2.02065E-4    154 640000000. 0.0       
   101 7800000.00 2.15475E-5    119 17000000.0 4.94528E-4    137 90000000.0 1.74824E-4    155 680000000. 0.0       
   102 8000000.00 2.15718E-5    120 18000000.0 .001077496    138 100000000. 1.43545E-4    156 720000000. 0.0       
   103 8200000.00 1.67897E-5    121 19000000.0 .002782121    139 120000000. 1.13219E-4    157 760000000. 0.0       
   104 8400000.00 1.20075E-5    122 20000000.0 .007320109    140 140000000. 0.0           158 800000000. 0.0       
   105 8600000.00 7.22539E-6    123 22000000.0 .013373419    141 160000000. 0.0           159 840000000. 0.0       
   106 8800000.00 2.44328E-6    124 24000000.0 .009651316    142 180000000. 0.0           160 880000000. 0.0       
   107 9000000.00 4.54898E-8    125 26000000.0 .005540576    143 200000000. 0.0           161 920000000. 0.0       
   108 9200000.00 4.97449E-8    126 28000000.0 .003243842    144 240000000. 0.0           162 960000000. 0.0       
   109 9400000.00 5.40000E-8    127 30000000.0 .001829815    145 280000000. 0.0           163 1.00000E+9
 
                                                     MT=  5
 MAT  828                         0.0        Kelvin Unshielded Cross Sections                           8-O -17 

   No.  Group-eV   Average      No.  Group-eV   Average      No.  Group-eV   Average      No.  Group-eV   Average

   128 35000000.0 4.51325E-9    137 90000000.0 2.17290E-5    146 320000000. 0.0           155 680000000. 0.0       
   129 40000000.0 1.45961E-5    138 100000000. 1.14691E-5    147 360000000. 0.0           156 720000000. 0.0       
   130 45000000.0 8.31353E-5    139 120000000. 5.91052E-6    148 400000000. 0.0           157 760000000. 0.0       
   131 50000000.0 1.37321E-4    140 140000000. 0.0           149 440000000. 0.0           158 800000000. 0.0       
   132 54000000.0 1.51952E-4    141 160000000. 0.0           150 480000000. 0.0           159 840000000. 0.0       
   133 55000000.0 1.47349E-4    142 180000000. 0.0           151 520000000. 0.0           160 880000000. 0.0       
   134 60000000.0 1.13845E-4    143 200000000. 0.0           152 560000000. 0.0           161 920000000. 0.0       
   135 70000000.0 6.73578E-5    144 240000000. 0.0           153 600000000. 0.0           162 960000000. 0.0       
   136 80000000.0 3.70395E-5    145 280000000. 0.0           154 640000000. 0.0           163 1.00000E+9
 
                                                     MT=  5
 MAT  828                         0.0        Kelvin Unshielded Cross Sections                           8-O -17 

   No.  Group-eV   Average      No.  Group-eV   Average      No.  Group-eV   Average      No.  Group-eV   Average

   117 15000000.0 4.58935E-9    129 40000000.0 4.24991E-4    141 160000000. 0.0           153 600000000. 0.0       
   118 16000000.0 2.20003E-6    130 45000000.0 2.36806E-4    142 180000000. 0.0           154 640000000. 0.0       
   119 17000000.0 8.56409E-5    131 50000000.0 1.45645E-4    143 200000000. 0.0           155 680000000. 0.0       
   120 18000000.0 6.29915E-4    132 54000000.0 1.13675E-4    144 240000000. 0.0           156 720000000. 0.0       
   121 19000000.0 .001881621    133 55000000.0 8.77799E-5    145 280000000. 0.0           157 760000000. 0.0       
   122 20000000.0 .005378119    134 60000000.0 5.12626E-5    146 320000000. 0.0           158 800000000. 0.0       
   123 22000000.0 .011992830    135 70000000.0 2.84665E-5    147 360000000. 0.0           159 840000000. 0.0       
   124 24000000.0 .009208336    136 80000000.0 1.93915E-5    148 400000000. 0.0           160 880000000. 0.0       
   125 26000000.0 .005411431    137 90000000.0 1.47918E-5    149 440000000. 0.0           161 920000000. 0.0       
   126 28000000.0 .003193733    138 100000000. 1.05660E-5    150 480000000. 0.0           162 960000000. 0.0       
   127 30000000.0 .001789050    139 120000000. 6.97037E-6    151 520000000. 0.0           163 1.00000E+9
   128 35000000.0 8.03598E-4    140 140000000. 0.0           152 560000000. 0.0       
 
                                                     MT=  5
 MAT  828                         0.0        Kelvin Unshielded Cross Sections                           8-O -17 

   No.  Group-eV   Average      No.  Group-eV   Average      No.  Group-eV   Average      No.  Group-eV   Average

    92 6000000.00 4.2113E-13    110 9600000.00 5.82552E-8    128 35000000.0 3.29832E-6    146 320000000. 0.0       
    93 6200000.00 1.2681E-12    111 9800000.00 6.25103E-8    129 40000000.0 1.15410E-6    147 360000000. 0.0       
    94 6400000.00 2.1150E-12    112 10000000.0 3.44894E-8    130 45000000.0 2.01129E-6    148 400000000. 0.0       
    95 6600000.00 2.9620E-12    113 11000000.0 2.44783E-8    131 50000000.0 3.76691E-6    149 440000000. 0.0       
    96 6800000.00 3.8089E-12    114 12000000.0 2.34355E-5    132 54000000.0 4.80069E-6    150 480000000. 0.0       
    97 7000000.00 2.38405E-6    115 13000000.0 1.92001E-4    133 55000000.0 5.83572E-6    151 520000000. 0.0       
    98 7200000.00 7.17494E-6    116 14000000.0 2.78968E-4    134 60000000.0 6.67877E-6    152 560000000. 0.0       
    99 7400000.00 1.19658E-5    117 15000000.0 3.02935E-4    135 70000000.0 5.48248E-6    153 600000000. 0.0       
   100 7600000.00 1.67567E-5    118 16000000.0 3.62157E-4    136 80000000.0 3.68658E-6    154 640000000. 0.0       
   101 7800000.00 2.15475E-5    119 17000000.0 4.08887E-4    137 90000000.0 2.32916E-6    155 680000000. 0.0       
   102 8000000.00 2.15718E-5    120 18000000.0 4.47583E-4    138 100000000. 1.22506E-6    156 720000000. 0.0       
   103 8200000.00 1.67897E-5    121 19000000.0 9.00502E-4    139 120000000. 6.63083E-7    157 760000000. 0.0       
   104 8400000.00 1.20075E-5    122 20000000.0 .001941988    140 140000000. 0.0           158 800000000. 0.0       
   105 8600000.00 7.22539E-6    123 22000000.0 .001380566    141 160000000. 0.0           159 840000000. 0.0       
   106 8800000.00 2.44328E-6    124 24000000.0 4.42981E-4    142 180000000. 0.0           160 880000000. 0.0       
   107 9000000.00 4.54898E-8    125 26000000.0 1.28227E-4    143 200000000. 0.0           161 920000000. 0.0       
   108 9200000.00 4.97449E-8    126 28000000.0 4.28912E-5    144 240000000. 0.0           162 960000000. 0.0       
   109 9400000.00 5.40000E-8    127 30000000.0 1.24304E-5    145 280000000. 0.0           163 1.00000E+9
 
                                                     MT=  5
 MAT  828                         0.0        Kelvin Unshielded Cross Sections                           8-O -17 

   No.  Group-eV   Average      No.  Group-eV   Average      No.  Group-eV   Average      No.  Group-eV   Average

   124 24000000.0 2.29519E-7    134 60000000.0 1.40085E-5    144 240000000. 0.0           154 640000000. 0.0       
   125 26000000.0 7.01327E-7    135 70000000.0 1.80900E-5    145 280000000. 0.0           155 680000000. 0.0       
   126 28000000.0 1.86827E-6    136 80000000.0 2.18505E-5    146 320000000. 0.0           156 720000000. 0.0       
   127 30000000.0 6.82496E-6    137 90000000.0 2.48048E-5    147 360000000. 0.0           157 760000000. 0.0       
   128 35000000.0 8.13597E-6    138 100000000. 2.74475E-5    148 400000000. 0.0           158 800000000. 0.0       
   129 40000000.0 7.51099E-6    139 120000000. 2.87905E-5    149 440000000. 0.0           159 840000000. 0.0       
   130 45000000.0 7.88424E-6    140 140000000. 0.0           150 480000000. 0.0           160 880000000. 0.0       
   131 50000000.0 8.98008E-6    141 160000000. 0.0           151 520000000. 0.0           161 920000000. 0.0       
   132 54000000.0 9.78648E-6    142 180000000. 0.0           152 560000000. 0.0           162 960000000. 0.0       
   133 55000000.0 1.09496E-5    143 200000000. 0.0           153 600000000. 0.0           163 1.00000E+9
 
                                                     MT=  5
 MAT  828                         0.0        Kelvin Unshielded Cross Sections                           8-O -17 

   No.  Group-eV   Average      No.  Group-eV   Average      No.  Group-eV   Average      No.  Group-eV   Average

   130 45000000.0 1.1774E-11    139 120000000. 1.41929E-4    148 400000000. 0.0           157 760000000. 0.0       
   131 50000000.0 5.45688E-7    140 140000000. 0.0           149 440000000. 0.0           158 800000000. 0.0       
   132 54000000.0 2.68932E-6    141 160000000. 0.0           150 480000000. 0.0           159 840000000. 0.0       
   133 55000000.0 1.34697E-5    142 180000000. 0.0           151 520000000. 0.0           160 880000000. 0.0       
   134 60000000.0 7.18776E-5    143 200000000. 0.0           152 560000000. 0.0           161 920000000. 0.0       
   135 70000000.0 1.89086E-4    144 240000000. 0.0           153 600000000. 0.0           162 960000000. 0.0       
   136 80000000.0 2.86622E-4    145 280000000. 0.0           154 640000000. 0.0           163 1.00000E+9
   137 90000000.0 3.03496E-4    146 320000000. 0.0           155 680000000. 0.0       
   138 100000000. 2.41264E-4    147 360000000. 0.0           156 720000000. 0.0       
 
                                                     MT=  5
 MAT  828                         0.0        Kelvin Unshielded Cross Sections                           8-O -17 

   No.  Group-eV   Average      No.  Group-eV   Average      No.  Group-eV   Average      No.  Group-eV   Average

   126 28000000.0 5.05348E-9    136 80000000.0 4.08654E-4    146 320000000. 0.0           156 720000000. 0.0       
   127 30000000.0 1.53553E-5    137 90000000.0 3.20710E-4    147 360000000. 0.0           157 760000000. 0.0       
   128 35000000.0 7.39241E-5    138 100000000. 2.33956E-4    148 400000000. 0.0           158 800000000. 0.0       
   129 40000000.0 1.35658E-4    139 120000000. 1.69636E-4    149 440000000. 0.0           159 840000000. 0.0       
   130 45000000.0 2.66370E-4    140 140000000. 0.0           150 480000000. 0.0           160 880000000. 0.0       
   131 50000000.0 3.86382E-4    141 160000000. 0.0           151 520000000. 0.0           161 920000000. 0.0       
   132 54000000.0 4.43550E-4    142 180000000. 0.0           152 560000000. 0.0           162 960000000. 0.0       
   133 55000000.0 5.08609E-4    143 200000000. 0.0           153 600000000. 0.0           163 1.00000E+9
   134 60000000.0 5.62460E-4    144 240000000. 0.0           154 640000000. 0.0       
   135 70000000.0 5.09318E-4    145 280000000. 0.0           155 680000000. 0.0       
 
                                                     MT=  5
 MAT  828                         0.0        Kelvin Unshielded Cross Sections                           8-O -17 

   No.  Group-eV   Average      No.  Group-eV   Average      No.  Group-eV   Average      No.  Group-eV   Average

   121 19000000.0 3.18628E-6    132 54000000.0 6.63791E-4    143 200000000. 0.0           154 640000000. 0.0       
   122 20000000.0 8.44934E-5    133 55000000.0 5.79975E-4    144 240000000. 0.0           155 680000000. 0.0       
   123 22000000.0 3.27688E-4    134 60000000.0 4.34670E-4    145 280000000. 0.0           156 720000000. 0.0       
   124 24000000.0 3.09226E-4    135 70000000.0 3.16248E-4    146 320000000. 0.0           157 760000000. 0.0       
   125 26000000.0 2.47946E-4    136 80000000.0 2.47189E-4    147 360000000. 0.0           158 800000000. 0.0       
   126 28000000.0 2.51278E-4    137 90000000.0 2.04692E-4    148 400000000. 0.0           159 840000000. 0.0       
   127 30000000.0 5.19303E-4    138 100000000. 1.65570E-4    149 440000000. 0.0           160 880000000. 0.0       
   128 35000000.0 9.57708E-4    139 120000000. 1.30188E-4    150 480000000. 0.0           161 920000000. 0.0       
   129 40000000.0 .001037985    140 140000000. 0.0           151 520000000. 0.0           162 960000000. 0.0       
   130 45000000.0 9.03323E-4    141 160000000. 0.0           152 560000000. 0.0           163 1.00000E+9
   131 50000000.0 7.43719E-4    142 180000000. 0.0           153 600000000. 0.0       
 
                                                     MT=  5
 MAT  828                         0.0        Kelvin Unshielded Cross Sections                           8-O -17 

   No.  Group-eV   Average      No.  Group-eV   Average      No.  Group-eV   Average      No.  Group-eV   Average

   116 14000000.0 1.35855E-8    128 35000000.0 .001546683    140 140000000. 0.0           152 560000000. 0.0       
   117 15000000.0 3.60006E-6    129 40000000.0 9.75810E-4    141 160000000. 0.0           153 600000000. 0.0       
   118 16000000.0 1.65208E-5    130 45000000.0 6.75353E-4    142 180000000. 0.0           154 640000000. 0.0       
   119 17000000.0 5.39709E-5    131 50000000.0 5.20861E-4    143 200000000. 0.0           155 680000000. 0.0       
   120 18000000.0 1.99824E-4    132 54000000.0 4.60018E-4    144 240000000. 0.0           156 720000000. 0.0       
   121 19000000.0 5.99085E-4    133 55000000.0 4.05767E-4    145 280000000. 0.0           157 760000000. 0.0       
   122 20000000.0 .002073064    134 60000000.0 3.14594E-4    146 320000000. 0.0           158 800000000. 0.0       
   123 22000000.0 .005643020    135 70000000.0 2.40770E-4    147 360000000. 0.0           159 840000000. 0.0       
   124 24000000.0 .005608464    136 80000000.0 1.96997E-4    148 400000000. 0.0           160 880000000. 0.0       
   125 26000000.0 .004395128    137 90000000.0 1.68002E-4    149 440000000. 0.0           161 920000000. 0.0       
   126 28000000.0 .003406783    138 100000000. 1.37335E-4    150 480000000. 0.0           162 960000000. 0.0       
   127 30000000.0 .002597344    139 120000000. 1.08026E-4    151 520000000. 0.0           163 1.00000E+9
 
                                                     MT=  5
 MAT  828                         0.0        Kelvin Unshielded Cross Sections                           8-O -17 

   No.  Group-eV   Average      No.  Group-eV   Average      No.  Group-eV   Average      No.  Group-eV   Average

   116 14000000.0 1.27032E-5    128 35000000.0 2.41938E-4    140 140000000. 0.0           152 560000000. 0.0       
   117 15000000.0 8.08442E-5    129 40000000.0 1.33522E-4    141 160000000. 0.0           153 600000000. 0.0       
   118 16000000.0 1.73934E-4    130 45000000.0 8.24809E-5    142 180000000. 0.0           154 640000000. 0.0       
   119 17000000.0 2.95684E-4    131 50000000.0 5.76161E-5    143 200000000. 0.0           155 680000000. 0.0       
   120 18000000.0 4.82369E-4    132 54000000.0 4.80666E-5    144 240000000. 0.0           156 720000000. 0.0       
   121 19000000.0 8.06266E-4    133 55000000.0 3.98886E-5    145 280000000. 0.0           157 760000000. 0.0       
   122 20000000.0 .001626143    134 60000000.0 2.65441E-5    146 320000000. 0.0           158 800000000. 0.0       
   123 22000000.0 .003660198    135 70000000.0 1.64308E-5    147 360000000. 0.0           159 840000000. 0.0       
   124 24000000.0 .002916053    136 80000000.0 1.07829E-5    148 400000000. 0.0           160 880000000. 0.0       
   125 26000000.0 .001648535    137 90000000.0 7.31774E-6    149 440000000. 0.0           161 920000000. 0.0       
   126 28000000.0 9.35602E-4    138 100000000. 4.33075E-6    150 480000000. 0.0           162 960000000. 0.0       
   127 30000000.0 5.12651E-4    139 120000000. 2.15783E-6    151 520000000. 0.0           163 1.00000E+9
 
                                                     MT=  5
 MAT  828                         0.0        Kelvin Unshielded Cross Sections                           8-O -17 

   No.  Group-eV   Average      No.  Group-eV   Average      No.  Group-eV   Average      No.  Group-eV   Average

   133 55000000.0 1.76035E-8    141 160000000. 0.0           149 440000000. 0.0           157 760000000. 0.0       
   134 60000000.0 4.03283E-6    142 180000000. 0.0           150 480000000. 0.0           158 800000000. 0.0       
   135 70000000.0 2.93108E-5    143 200000000. 0.0           151 520000000. 0.0           159 840000000. 0.0       
   136 80000000.0 6.20816E-5    144 240000000. 0.0           152 560000000. 0.0           160 880000000. 0.0       
   137 90000000.0 7.63587E-5    145 280000000. 0.0           153 600000000. 0.0           161 920000000. 0.0       
   138 100000000. 6.07536E-5    146 320000000. 0.0           154 640000000. 0.0           162 960000000. 0.0       
   139 120000000. 3.14378E-5    147 360000000. 0.0           155 680000000. 0.0           163 1.00000E+9
   140 140000000. 0.0           148 400000000. 0.0           156 720000000. 0.0       
 
                                                     MT=  5
 MAT  828                         0.0        Kelvin Unshielded Cross Sections                           8-O -17 

   No.  Group-eV   Average      No.  Group-eV   Average      No.  Group-eV   Average      No.  Group-eV   Average

   127 30000000.0 3.90597E-7    137 90000000.0 5.87520E-5    147 360000000. 0.0           157 760000000. 0.0       
   128 35000000.0 3.52381E-5    138 100000000. 3.15545E-5    148 400000000. 0.0           158 800000000. 0.0       
   129 40000000.0 1.22503E-4    139 120000000. 1.60204E-5    149 440000000. 0.0           159 840000000. 0.0       
   130 45000000.0 1.71761E-4    140 140000000. 0.0           150 480000000. 0.0           160 880000000. 0.0       
   131 50000000.0 1.83565E-4    141 160000000. 0.0           151 520000000. 0.0           161 920000000. 0.0       
   132 54000000.0 1.84650E-4    142 180000000. 0.0           152 560000000. 0.0           162 960000000. 0.0       
   133 55000000.0 1.79833E-4    143 200000000. 0.0           153 600000000. 0.0           163 1.00000E+9
   134 60000000.0 1.69190E-4    144 240000000. 0.0           154 640000000. 0.0       
   135 70000000.0 1.37653E-4    145 280000000. 0.0           155 680000000. 0.0       
   136 80000000.0 9.21971E-5    146 320000000. 0.0           156 720000000. 0.0       
 
                                                     MT=  5
 MAT  828                         0.0        Kelvin Unshielded Cross Sections                           8-O -17 

   No.  Group-eV   Average      No.  Group-eV   Average      No.  Group-eV   Average      No.  Group-eV   Average

   121 19000000.0 2.20405E-8    132 54000000.0 7.11402E-5    143 200000000. 0.0           154 640000000. 0.0       
   122 20000000.0 4.94445E-5    133 55000000.0 5.45250E-5    144 240000000. 0.0           155 680000000. 0.0       
   123 22000000.0 3.86210E-4    134 60000000.0 3.14838E-5    145 280000000. 0.0           156 720000000. 0.0       
   124 24000000.0 4.67290E-4    135 70000000.0 1.67796E-5    146 320000000. 0.0           157 760000000. 0.0       
   125 26000000.0 3.93223E-4    136 80000000.0 1.00746E-5    147 360000000. 0.0           158 800000000. 0.0       
   126 28000000.0 3.80514E-4    137 90000000.0 7.15985E-6    148 400000000. 0.0           159 840000000. 0.0       
   127 30000000.0 4.06384E-4    138 100000000. 5.01779E-6    149 440000000. 0.0           160 880000000. 0.0       
   128 35000000.0 3.50213E-4    139 120000000. 3.19787E-6    150 480000000. 0.0           161 920000000. 0.0       
   129 40000000.0 2.34574E-4    140 140000000. 0.0           151 520000000. 0.0           162 960000000. 0.0       
   130 45000000.0 1.41871E-4    141 160000000. 0.0           152 560000000. 0.0           163 1.00000E+9
   131 50000000.0 9.03243E-5    142 180000000. 0.0           153 600000000. 0.0       
 
                                                     MT=  5
 MAT  828                         0.0        Kelvin Unshielded Cross Sections                           8-O -17 

   No.  Group-eV   Average      No.  Group-eV   Average      No.  Group-eV   Average      No.  Group-eV   Average

    84 4400000.00 6.45896E-7    104 8400000.00 4.62922E-4    124 24000000.0 .003234707    144 240000000. 0.0       
    85 4600000.00 5.22584E-6    105 8600000.00 5.17621E-4    125 26000000.0 .001536542    145 280000000. 0.0       
    86 4800000.00 1.04710E-5    106 8800000.00 5.72320E-4    126 28000000.0 7.94701E-4    146 320000000. 0.0       
    87 5000000.00 1.91140E-5    107 9000000.00 6.16763E-4    127 30000000.0 4.01455E-4    147 360000000. 0.0       
    88 5200000.00 3.12002E-5    108 9200000.00 6.50873E-4    128 35000000.0 1.76145E-4    148 400000000. 0.0       
    89 5400000.00 4.32864E-5    109 9400000.00 6.84984E-4    129 40000000.0 9.25887E-5    149 440000000. 0.0       
    90 5600000.00 5.53724E-5    110 9600000.00 7.19095E-4    130 45000000.0 5.53786E-5    150 480000000. 0.0       
    91 5800000.00 6.74584E-5    111 9800000.00 7.53205E-4    131 50000000.0 3.77750E-5    151 520000000. 0.0       
    92 6000000.00 7.72019E-5    112 10000000.0 .001006944    132 54000000.0 3.10677E-5    152 560000000. 0.0       
    93 6200000.00 8.45767E-5    113 11000000.0 .001367250    133 55000000.0 2.55442E-5    153 600000000. 0.0       
    94 6400000.00 9.19515E-5    114 12000000.0 .001733575    134 60000000.0 1.65115E-5    154 640000000. 0.0       
    95 6600000.00 9.93263E-5    115 13000000.0 .001917582    135 70000000.0 1.10706E-5    155 680000000. 0.0       
    96 6800000.00 1.06701E-4    116 14000000.0 .001322543    136 80000000.0 8.44935E-6    156 720000000. 0.0       
    97 7000000.00 1.31893E-4    117 15000000.0 .001180165    137 90000000.0 6.54039E-6    157 760000000. 0.0       
    98 7200000.00 1.75072E-4    118 16000000.0 .001366634    138 100000000. 4.64428E-6    158 800000000. 0.0       
    99 7400000.00 2.18251E-4    119 17000000.0 .001738909    139 120000000. 3.04830E-6    159 840000000. 0.0       
   100 7600000.00 2.61430E-4    120 18000000.0 .002263495    140 140000000. 0.0           160 880000000. 0.0       
   101 7800000.00 3.04609E-4    121 19000000.0 .003026186    141 160000000. 0.0           161 920000000. 0.0       
   102 8000000.00 3.53524E-4    122 20000000.0 .004018280    142 180000000. 0.0           162 960000000. 0.0       
   103 8200000.00 4.08223E-4    123 22000000.0 .005672674    143 200000000. 0.0           163 1.00000E+9
 
                                                     MT=  5
 MAT  828                         0.0        Kelvin Unshielded Cross Sections                           8-O -17 

   No.  Group-eV   Average      No.  Group-eV   Average      No.  Group-eV   Average      No.  Group-eV   Average

    84 4400000.00 1.19145E-8    104 8400000.00 3.38186E-7    124 24000000.0 .016400254    144 240000000. 0.0       
    85 4600000.00 9.63982E-8    105 8600000.00 3.53390E-7    125 26000000.0 .010409922    145 280000000. 0.0       
    86 4800000.00 1.93153E-7    106 8800000.00 3.68593E-7    126 28000000.0 .007235798    146 320000000. 0.0       
    87 5000000.00 2.46671E-7    107 9000000.00 3.62312E-7    127 30000000.0 .005462927    147 360000000. 0.0       
    88 5200000.00 2.56372E-7    108 9200000.00 3.34388E-7    128 35000000.0 .004098003    148 400000000. 0.0       
    89 5400000.00 2.66073E-7    109 9400000.00 3.06464E-7    129 40000000.0 .003463091    149 440000000. 0.0       
    90 5600000.00 2.75774E-7    110 9600000.00 2.78540E-7    130 45000000.0 .002973568    150 480000000. 0.0       
    91 5800000.00 2.85474E-7    111 9800000.00 2.50616E-7    131 50000000.0 .002632968    151 520000000. 0.0       
    92 6000000.00 2.90283E-7    112 10000000.0 2.96451E-5    132 54000000.0 .002488347    152 560000000. 0.0       
    93 6200000.00 2.90146E-7    113 11000000.0 3.78966E-4    133 55000000.0 .002349656    153 600000000. 0.0       
    94 6400000.00 2.90009E-7    114 12000000.0 8.33245E-4    134 60000000.0 .002118936    154 640000000. 0.0       
    95 6600000.00 2.89871E-7    115 13000000.0 .001258911    135 70000000.0 .001913664    155 680000000. 0.0       
    96 6800000.00 2.89734E-7    116 14000000.0 .001180751    136 80000000.0 .001765696    156 720000000. 0.0       
    97 7000000.00 2.90715E-7    117 15000000.0 .001396530    137 90000000.0 .001589656    157 760000000. 0.0       
    98 7200000.00 2.92824E-7    118 16000000.0 .001910857    138 100000000. .001240594    158 800000000. 0.0       
    99 7400000.00 2.94933E-7    119 17000000.0 .002624784    139 120000000. 8.24435E-4    159 840000000. 0.0       
   100 7600000.00 2.97042E-7    120 18000000.0 .003883240    140 140000000. 0.0           160 880000000. 0.0       
   101 7800000.00 2.99151E-7    121 19000000.0 .007082531    141 160000000. 0.0           161 920000000. 0.0       
   102 8000000.00 3.07780E-7    122 20000000.0 .013151375    142 180000000. 0.0           162 960000000. 0.0       
   103 8200000.00 3.22983E-7    123 22000000.0 .021820708    143 200000000. 0.0           163 1.00000E+9
 
