                                                     MT=  5
 MAT 1228                         0.0        Kelvin Unshielded Cross Sections                          12-Mg-25 

   No.  Group-eV   Average      No.  Group-eV   Average      No.  Group-eV   Average      No.  Group-eV   Average

    98 7200000.00 1.10535E-7    115 13000000.0 .001380614    132 54000000.0 .004826523    149 440000000. 0.0       
    99 7400000.00 1.57104E-6    116 14000000.0 .002563060    133 55000000.0 .004472090    150 480000000. 0.0       
   100 7600000.00 3.43195E-6    117 15000000.0 .005097030    134 60000000.0 .003828099    151 520000000. 0.0       
   101 7800000.00 5.29286E-6    118 16000000.0 .011039719    135 70000000.0 .003255074    152 560000000. 0.0       
   102 8000000.00 7.15376E-6    119 17000000.0 .017969676    136 80000000.0 .002850053    153 600000000. 0.0       
   103 8200000.00 9.01466E-6    120 18000000.0 .020075089    137 90000000.0 .002532257    154 640000000. 0.0       
   104 8400000.00 1.24410E-5    121 19000000.0 .025588043    138 100000000. .002154082    155 680000000. 0.0       
   105 8600000.00 2.77090E-5    122 20000000.0 .041017680    139 120000000. .001755609    156 720000000. 0.0       
   106 8800000.00 5.60898E-5    123 22000000.0 .050884280    140 140000000. 0.0           157 760000000. 0.0       
   107 9000000.00 7.10329E-5    124 24000000.0 .040111627    141 160000000. 0.0           158 800000000. 0.0       
   108 9200000.00 8.43940E-5    125 26000000.0 .028451793    142 180000000. 0.0           159 840000000. 0.0       
   109 9400000.00 9.83750E-5    126 28000000.0 .021132164    143 200000000. 0.0           160 880000000. 0.0       
   110 9600000.00 1.16102E-4    127 30000000.0 .014658330    144 240000000. 0.0           161 920000000. 0.0       
   111 9800000.00 1.34458E-4    128 35000000.0 .010010513    145 280000000. 0.0           162 960000000. 0.0       
   112 10000000.0 2.09958E-4    129 40000000.0 .007670621    146 320000000. 0.0           163 1.00000E+9
   113 11000000.0 4.07247E-4    130 45000000.0 .006142829    147 360000000. 0.0       
   114 12000000.0 7.56019E-4    131 50000000.0 .005213507    148 400000000. 0.0       
 
                                                     MT=  5
 MAT 1228                         0.0        Kelvin Unshielded Cross Sections                          12-Mg-25 

   No.  Group-eV   Average      No.  Group-eV   Average      No.  Group-eV   Average      No.  Group-eV   Average

    98 7200000.00 9.65854E-8    115 13000000.0 .001097741    132 54000000.0 .009833269    149 440000000. 0.0       
    99 7400000.00 1.37277E-6    116 14000000.0 .001767866    133 55000000.0 .009489540    150 480000000. 0.0       
   100 7600000.00 2.99882E-6    117 15000000.0 .003119335    134 60000000.0 .008862399    151 520000000. 0.0       
   101 7800000.00 4.62488E-6    118 16000000.0 .006236541    135 70000000.0 .008407203    152 560000000. 0.0       
   102 8000000.00 6.25093E-6    119 17000000.0 .009790585    136 80000000.0 .008016426    153 600000000. 0.0       
   103 8200000.00 7.87697E-6    120 18000000.0 .010746827    137 90000000.0 .007619115    154 640000000. 0.0       
   104 8400000.00 1.10638E-5    121 19000000.0 .013815032    138 100000000. .006992541    155 680000000. 0.0       
   105 8600000.00 2.63018E-5    122 20000000.0 .024101543    139 120000000. .006164446    156 720000000. 0.0       
   106 8800000.00 5.58815E-5    123 22000000.0 .035671885    140 140000000. 0.0           157 760000000. 0.0       
   107 9000000.00 7.10322E-5    124 24000000.0 .032323101    141 160000000. 0.0           158 800000000. 0.0       
   108 9200000.00 8.43935E-5    125 26000000.0 .024906947    142 180000000. 0.0           159 840000000. 0.0       
   109 9400000.00 9.83746E-5    126 28000000.0 .019214358    143 200000000. 0.0           160 880000000. 0.0       
   110 9600000.00 1.16101E-4    127 30000000.0 .013982213    144 240000000. 0.0           161 920000000. 0.0       
   111 9800000.00 1.34457E-4    128 35000000.0 .011881569    145 280000000. 0.0           162 960000000. 0.0       
   112 10000000.0 2.09951E-4    129 40000000.0 .011310693    146 320000000. 0.0           163 1.00000E+9
   113 11000000.0 4.06570E-4    130 45000000.0 .010735037    147 360000000. 0.0       
   114 12000000.0 7.26655E-4    131 50000000.0 .010152267    148 400000000. 0.0       
 
                                                     MT=  5
 MAT 1228                         0.0        Kelvin Unshielded Cross Sections                          12-Mg-25 

   No.  Group-eV   Average      No.  Group-eV   Average      No.  Group-eV   Average      No.  Group-eV   Average

   114 12000000.0 4.06617E-7    127 30000000.0 .009877267    140 140000000. 0.0           153 600000000. 0.0       
   115 13000000.0 2.28340E-5    128 35000000.0 .007558400    141 160000000. 0.0           154 640000000. 0.0       
   116 14000000.0 2.00790E-4    129 40000000.0 .006080622    142 180000000. 0.0           155 680000000. 0.0       
   117 15000000.0 8.17438E-4    130 45000000.0 .004986455    143 200000000. 0.0           156 720000000. 0.0       
   118 16000000.0 .002349684    131 50000000.0 .004282109    144 240000000. 0.0           157 760000000. 0.0       
   119 17000000.0 .004298812    132 54000000.0 .003985254    145 280000000. 0.0           158 800000000. 0.0       
   120 18000000.0 .005178304    133 55000000.0 .003717049    146 320000000. 0.0           159 840000000. 0.0       
   121 19000000.0 .006889712    134 60000000.0 .003213325    147 360000000. 0.0           160 880000000. 0.0       
   122 20000000.0 .014095389    135 70000000.0 .002754901    148 400000000. 0.0           161 920000000. 0.0       
   123 22000000.0 .023192781    136 80000000.0 .002436201    149 440000000. 0.0           162 960000000. 0.0       
   124 24000000.0 .021165868    137 90000000.0 .002171168    150 480000000. 0.0           163 1.00000E+9
   125 26000000.0 .016083570    138 100000000. .001868171    151 520000000. 0.0       
   126 28000000.0 .012642294    139 120000000. .001540950    152 560000000. 0.0       
 
                                                     MT=  5
 MAT 1228                         0.0        Kelvin Unshielded Cross Sections                          12-Mg-25 

   No.  Group-eV   Average      No.  Group-eV   Average      No.  Group-eV   Average      No.  Group-eV   Average

   119 17000000.0 1.50212E-7    131 50000000.0 5.29686E-4    143 200000000. 0.0           155 680000000. 0.0       
   120 18000000.0 7.38163E-6    132 54000000.0 5.01252E-4    144 240000000. 0.0           156 720000000. 0.0       
   121 19000000.0 5.13649E-5    133 55000000.0 4.58950E-4    145 280000000. 0.0           157 760000000. 0.0       
   122 20000000.0 2.59476E-4    134 60000000.0 4.18745E-4    146 320000000. 0.0           158 800000000. 0.0       
   123 22000000.0 6.08485E-4    135 70000000.0 3.74374E-4    147 360000000. 0.0           159 840000000. 0.0       
   124 24000000.0 7.03533E-4    136 80000000.0 3.19885E-4    148 400000000. 0.0           160 880000000. 0.0       
   125 26000000.0 7.71872E-4    137 90000000.0 2.92124E-4    149 440000000. 0.0           161 920000000. 0.0       
   126 28000000.0 8.06093E-4    138 100000000. 2.34916E-4    150 480000000. 0.0           162 960000000. 0.0       
   127 30000000.0 7.83791E-4    139 120000000. 1.79928E-4    151 520000000. 0.0           163 1.00000E+9
   128 35000000.0 7.11774E-4    140 140000000. 0.0           152 560000000. 0.0       
   129 40000000.0 6.32711E-4    141 160000000. 0.0           153 600000000. 0.0       
   130 45000000.0 5.74517E-4    142 180000000. 0.0           154 640000000. 0.0       
 
                                                     MT=  5
 MAT 1228                         0.0        Kelvin Unshielded Cross Sections                          12-Mg-25 

   No.  Group-eV   Average      No.  Group-eV   Average      No.  Group-eV   Average      No.  Group-eV   Average

   123 22000000.0 1.45826E-7    134 60000000.0 2.34168E-5    145 280000000. 0.0           156 720000000. 0.0       
   124 24000000.0 1.82932E-5    135 70000000.0 1.96145E-5    146 320000000. 0.0           157 760000000. 0.0       
   125 26000000.0 4.85780E-5    136 80000000.0 1.89003E-5    147 360000000. 0.0           158 800000000. 0.0       
   126 28000000.0 5.59440E-5    137 90000000.0 1.49524E-5    148 400000000. 0.0           159 840000000. 0.0       
   127 30000000.0 4.69576E-5    138 100000000. 1.31623E-5    149 440000000. 0.0           160 880000000. 0.0       
   128 35000000.0 3.64896E-5    139 120000000. 9.96518E-6    150 480000000. 0.0           161 920000000. 0.0       
   129 40000000.0 3.38266E-5    140 140000000. 0.0           151 520000000. 0.0           162 960000000. 0.0       
   130 45000000.0 2.88107E-5    141 160000000. 0.0           152 560000000. 0.0           163 1.00000E+9
   131 50000000.0 2.49876E-5    142 180000000. 0.0           153 600000000. 0.0       
   132 54000000.0 2.50316E-5    143 200000000. 0.0           154 640000000. 0.0       
   133 55000000.0 2.79696E-5    144 240000000. 0.0           155 680000000. 0.0       
 
                                                     MT=  5
 MAT 1228                         0.0        Kelvin Unshielded Cross Sections                          12-Mg-25 

   No.  Group-eV   Average      No.  Group-eV   Average      No.  Group-eV   Average      No.  Group-eV   Average

   112 10000000.0 3.61240E-9    125 26000000.0 .007851700    138 100000000. 1.74976E-5    151 520000000. 0.0       
   113 11000000.0 6.67229E-7    126 28000000.0 .005282077    139 120000000. 1.10503E-5    152 560000000. 0.0       
   114 12000000.0 2.89484E-5    127 30000000.0 .002725578    140 140000000. 0.0           153 600000000. 0.0       
   115 13000000.0 2.60032E-4    128 35000000.0 .001153259    141 160000000. 0.0           154 640000000. 0.0       
   116 14000000.0 5.94405E-4    129 40000000.0 6.12896E-4    142 180000000. 0.0           155 680000000. 0.0       
   117 15000000.0 .001160301    130 45000000.0 3.52356E-4    143 200000000. 0.0           156 720000000. 0.0       
   118 16000000.0 .002453706    131 50000000.0 2.30144E-4    144 240000000. 0.0           157 760000000. 0.0       
   119 17000000.0 .003884204    132 54000000.0 1.89368E-4    145 280000000. 0.0           158 800000000. 0.0       
   120 18000000.0 .004333832    133 55000000.0 1.60812E-4    146 320000000. 0.0           159 840000000. 0.0       
   121 19000000.0 .006102787    134 60000000.0 9.73684E-5    147 360000000. 0.0           160 880000000. 0.0       
   122 20000000.0 .011006365    135 70000000.0 5.48854E-5    148 400000000. 0.0           161 920000000. 0.0       
   123 22000000.0 .014427734    136 80000000.0 3.72110E-5    149 440000000. 0.0           162 960000000. 0.0       
   124 24000000.0 .011602770    137 90000000.0 2.53117E-5    150 480000000. 0.0           163 1.00000E+9
 
                                                     MT=  5
 MAT 1228                         0.0        Kelvin Unshielded Cross Sections                          12-Mg-25 

   No.  Group-eV   Average      No.  Group-eV   Average      No.  Group-eV   Average      No.  Group-eV   Average

   130 45000000.0 2.69127E-9    139 120000000. 3.60582E-6    148 400000000. 0.0           157 760000000. 0.0       
   131 50000000.0 3.03686E-7    140 140000000. 0.0           149 440000000. 0.0           158 800000000. 0.0       
   132 54000000.0 1.29769E-6    141 160000000. 0.0           150 480000000. 0.0           159 840000000. 0.0       
   133 55000000.0 4.26841E-6    142 180000000. 0.0           151 520000000. 0.0           160 880000000. 0.0       
   134 60000000.0 1.06792E-5    143 200000000. 0.0           152 560000000. 0.0           161 920000000. 0.0       
   135 70000000.0 1.35227E-5    144 240000000. 0.0           153 600000000. 0.0           162 960000000. 0.0       
   136 80000000.0 1.38488E-5    145 280000000. 0.0           154 640000000. 0.0           163 1.00000E+9
   137 90000000.0 1.00991E-5    146 320000000. 0.0           155 680000000. 0.0       
   138 100000000. 6.99769E-6    147 360000000. 0.0           156 720000000. 0.0       
 
                                                     MT=  5
 MAT 1228                         0.0        Kelvin Unshielded Cross Sections                          12-Mg-25 

   No.  Group-eV   Average      No.  Group-eV   Average      No.  Group-eV   Average      No.  Group-eV   Average

   128 35000000.0 4.30787E-6    137 90000000.0 5.47800E-6    146 320000000. 0.0           155 680000000. 0.0       
   129 40000000.0 4.48282E-5    138 100000000. 2.89571E-6    147 360000000. 0.0           156 720000000. 0.0       
   130 45000000.0 7.08130E-5    139 120000000. 1.39143E-6    148 400000000. 0.0           157 760000000. 0.0       
   131 50000000.0 6.60799E-5    140 140000000. 0.0           149 440000000. 0.0           158 800000000. 0.0       
   132 54000000.0 6.16370E-5    141 160000000. 0.0           150 480000000. 0.0           159 840000000. 0.0       
   133 55000000.0 5.78882E-5    142 180000000. 0.0           151 520000000. 0.0           160 880000000. 0.0       
   134 60000000.0 3.15874E-5    143 200000000. 0.0           152 560000000. 0.0           161 920000000. 0.0       
   135 70000000.0 1.53291E-5    144 240000000. 0.0           153 600000000. 0.0           162 960000000. 0.0       
   136 80000000.0 9.17572E-6    145 280000000. 0.0           154 640000000. 0.0           163 1.00000E+9
 
                                                     MT=  5
 MAT 1228                         0.0        Kelvin Unshielded Cross Sections                          12-Mg-25 

   No.  Group-eV   Average      No.  Group-eV   Average      No.  Group-eV   Average      No.  Group-eV   Average

   119 17000000.0 3.50944E-6    131 50000000.0 1.63748E-4    143 200000000. 0.0           155 680000000. 0.0       
   120 18000000.0 1.90334E-4    132 54000000.0 1.26550E-4    144 240000000. 0.0           156 720000000. 0.0       
   121 19000000.0 .001239821    133 55000000.0 9.92258E-5    145 280000000. 0.0           157 760000000. 0.0       
   122 20000000.0 .005097003    134 60000000.0 5.79098E-5    146 320000000. 0.0           158 800000000. 0.0       
   123 22000000.0 .010126044    135 70000000.0 3.18954E-5    147 360000000. 0.0           159 840000000. 0.0       
   124 24000000.0 .009867944    136 80000000.0 2.09719E-5    148 400000000. 0.0           160 880000000. 0.0       
   125 26000000.0 .007281972    137 90000000.0 1.55947E-5    149 440000000. 0.0           161 920000000. 0.0       
   126 28000000.0 .005090671    138 100000000. 1.08699E-5    150 480000000. 0.0           162 960000000. 0.0       
   127 30000000.0 .002683409    139 120000000. 7.17327E-6    151 520000000. 0.0           163 1.00000E+9
   128 35000000.0 .001144381    140 140000000. 0.0           152 560000000. 0.0       
   129 40000000.0 5.67413E-4    141 160000000. 0.0           153 600000000. 0.0       
   130 45000000.0 2.81406E-4    142 180000000. 0.0           154 640000000. 0.0       
 
                                                     MT=  5
 MAT 1228                         0.0        Kelvin Unshielded Cross Sections                          12-Mg-25 

   No.  Group-eV   Average      No.  Group-eV   Average      No.  Group-eV   Average      No.  Group-eV   Average

   112 10000000.0 3.61240E-9    125 26000000.0 5.69730E-4    138 100000000. 6.56671E-7    151 520000000. 0.0       
   113 11000000.0 6.67229E-7    126 28000000.0 1.91404E-4    139 120000000. 2.87457E-7    152 560000000. 0.0       
   114 12000000.0 2.89484E-5    127 30000000.0 4.21691E-5    140 140000000. 0.0           153 600000000. 0.0       
   115 13000000.0 2.60032E-4    128 35000000.0 4.56785E-6    141 160000000. 0.0           154 640000000. 0.0       
   116 14000000.0 5.94405E-4    129 40000000.0 6.86642E-7    142 180000000. 0.0           155 680000000. 0.0       
   117 15000000.0 .001160301    130 45000000.0 9.79727E-7    143 200000000. 0.0           156 720000000. 0.0       
   118 16000000.0 .002453706    131 50000000.0 3.08595E-6    144 240000000. 0.0           157 760000000. 0.0       
   119 17000000.0 .003880693    132 54000000.0 4.55135E-6    145 280000000. 0.0           158 800000000. 0.0       
   120 18000000.0 .004143496    133 55000000.0 5.89543E-6    146 320000000. 0.0           159 840000000. 0.0       
   121 19000000.0 .004862966    134 60000000.0 6.43168E-6    147 360000000. 0.0           160 880000000. 0.0       
   122 20000000.0 .005909375    135 70000000.0 4.38826E-6    148 400000000. 0.0           161 920000000. 0.0       
   123 22000000.0 .004301699    136 80000000.0 2.46884E-6    149 440000000. 0.0           162 960000000. 0.0       
   124 24000000.0 .001734822    137 90000000.0 1.36981E-6    150 480000000. 0.0           163 1.00000E+9
 
                                                     MT=  5
 MAT 1228                         0.0        Kelvin Unshielded Cross Sections                          12-Mg-25 

   No.  Group-eV   Average      No.  Group-eV   Average      No.  Group-eV   Average      No.  Group-eV   Average

   126 28000000.0 3.7839E-10    136 80000000.0 1.67025E-6    146 320000000. 0.0           156 720000000. 0.0       
   127 30000000.0 2.12108E-6    137 90000000.0 9.96245E-7    147 360000000. 0.0           157 760000000. 0.0       
   128 35000000.0 1.35047E-5    138 100000000. 5.36397E-7    148 400000000. 0.0           158 800000000. 0.0       
   129 40000000.0 2.00068E-5    139 120000000. 2.54827E-7    149 440000000. 0.0           159 840000000. 0.0       
   130 45000000.0 1.90106E-5    140 140000000. 0.0           150 480000000. 0.0           160 880000000. 0.0       
   131 50000000.0 1.53641E-5    141 160000000. 0.0           151 520000000. 0.0           161 920000000. 0.0       
   132 54000000.0 1.30699E-5    142 180000000. 0.0           152 560000000. 0.0           162 960000000. 0.0       
   133 55000000.0 1.06166E-5    143 200000000. 0.0           153 600000000. 0.0           163 1.00000E+9
   134 60000000.0 6.20741E-6    144 240000000. 0.0           154 640000000. 0.0       
   135 70000000.0 3.07576E-6    145 280000000. 0.0           155 680000000. 0.0       
 
                                                     MT=  5
 MAT 1228                         0.0        Kelvin Unshielded Cross Sections                          12-Mg-25 

   No.  Group-eV   Average      No.  Group-eV   Average      No.  Group-eV   Average      No.  Group-eV   Average

   123 22000000.0 3.76881E-7    134 60000000.0 3.06731E-5    145 280000000. 0.0           156 720000000. 0.0       
   124 24000000.0 3.50545E-6    135 70000000.0 3.63990E-5    146 320000000. 0.0           157 760000000. 0.0       
   125 26000000.0 3.49373E-5    136 80000000.0 4.16045E-5    147 360000000. 0.0           158 800000000. 0.0       
   126 28000000.0 7.58348E-5    137 90000000.0 4.54735E-5    148 400000000. 0.0           159 840000000. 0.0       
   127 30000000.0 7.84925E-5    138 100000000. 4.84253E-5    149 440000000. 0.0           160 880000000. 0.0       
   128 35000000.0 4.91343E-5    139 120000000. 4.90881E-5    150 480000000. 0.0           161 920000000. 0.0       
   129 40000000.0 3.00835E-5    140 140000000. 0.0           151 520000000. 0.0           162 960000000. 0.0       
   130 45000000.0 2.43736E-5    141 160000000. 0.0           152 560000000. 0.0           163 1.00000E+9
   131 50000000.0 2.42053E-5    142 180000000. 0.0           153 600000000. 0.0       
   132 54000000.0 2.50466E-5    143 200000000. 0.0           154 640000000. 0.0       
   133 55000000.0 2.64875E-5    144 240000000. 0.0           155 680000000. 0.0       
 
                                                     MT=  5
 MAT 1228                         0.0        Kelvin Unshielded Cross Sections                          12-Mg-25 

   No.  Group-eV   Average      No.  Group-eV   Average      No.  Group-eV   Average      No.  Group-eV   Average

   136 80000000.0 9.6193E-11    143 200000000. 0.0           150 480000000. 0.0           157 760000000. 0.0       
   137 90000000.0 4.69767E-7    144 240000000. 0.0           151 520000000. 0.0           158 800000000. 0.0       
   138 100000000. 3.11959E-5    145 280000000. 0.0           152 560000000. 0.0           159 840000000. 0.0       
   139 120000000. 1.48041E-4    146 320000000. 0.0           153 600000000. 0.0           160 880000000. 0.0       
   140 140000000. 0.0           147 360000000. 0.0           154 640000000. 0.0           161 920000000. 0.0       
   141 160000000. 0.0           148 400000000. 0.0           155 680000000. 0.0           162 960000000. 0.0       
   142 180000000. 0.0           149 440000000. 0.0           156 720000000. 0.0           163 1.00000E+9
 
                                                     MT=  5
 MAT 1228                         0.0        Kelvin Unshielded Cross Sections                          12-Mg-25 

   No.  Group-eV   Average      No.  Group-eV   Average      No.  Group-eV   Average      No.  Group-eV   Average

   134 60000000.0 3.04694E-9    142 180000000. 0.0           150 480000000. 0.0           158 800000000. 0.0       
   135 70000000.0 7.15437E-6    143 200000000. 0.0           151 520000000. 0.0           159 840000000. 0.0       
   136 80000000.0 8.54724E-5    144 240000000. 0.0           152 560000000. 0.0           160 880000000. 0.0       
   137 90000000.0 2.59216E-4    145 280000000. 0.0           153 600000000. 0.0           161 920000000. 0.0       
   138 100000000. 4.45397E-4    146 320000000. 0.0           154 640000000. 0.0           162 960000000. 0.0       
   139 120000000. 4.40226E-4    147 360000000. 0.0           155 680000000. 0.0           163 1.00000E+9
   140 140000000. 0.0           148 400000000. 0.0           156 720000000. 0.0       
   141 160000000. 0.0           149 440000000. 0.0           157 760000000. 0.0       
 
                                                     MT=  5
 MAT 1228                         0.0        Kelvin Unshielded Cross Sections                          12-Mg-25 

   No.  Group-eV   Average      No.  Group-eV   Average      No.  Group-eV   Average      No.  Group-eV   Average

   131 50000000.0 2.47977E-8    140 140000000. 0.0           149 440000000. 0.0           158 800000000. 0.0       
   132 54000000.0 6.59116E-7    141 160000000. 0.0           150 480000000. 0.0           159 840000000. 0.0       
   133 55000000.0 1.27025E-5    142 180000000. 0.0           151 520000000. 0.0           160 880000000. 0.0       
   134 60000000.0 2.05032E-4    143 200000000. 0.0           152 560000000. 0.0           161 920000000. 0.0       
   135 70000000.0 6.49892E-4    144 240000000. 0.0           153 600000000. 0.0           162 960000000. 0.0       
   136 80000000.0 8.69007E-4    145 280000000. 0.0           154 640000000. 0.0           163 1.00000E+9
   137 90000000.0 8.07486E-4    146 320000000. 0.0           155 680000000. 0.0       
   138 100000000. 5.73772E-4    147 360000000. 0.0           156 720000000. 0.0       
   139 120000000. 3.37955E-4    148 400000000. 0.0           157 760000000. 0.0       
 
                                                     MT=  5
 MAT 1228                         0.0        Kelvin Unshielded Cross Sections                          12-Mg-25 

   No.  Group-eV   Average      No.  Group-eV   Average      No.  Group-eV   Average      No.  Group-eV   Average

   128 35000000.0 3.90201E-5    137 90000000.0 7.33753E-4    146 320000000. 0.0           155 680000000. 0.0       
   129 40000000.0 5.15836E-4    138 100000000. 5.08013E-4    147 360000000. 0.0           156 720000000. 0.0       
   130 45000000.0 .001305856    139 120000000. 3.55500E-4    148 400000000. 0.0           157 760000000. 0.0       
   131 50000000.0 .001815408    140 140000000. 0.0           149 440000000. 0.0           158 800000000. 0.0       
   132 54000000.0 .001989092    141 160000000. 0.0           150 480000000. 0.0           159 840000000. 0.0       
   133 55000000.0 .002086470    142 180000000. 0.0           151 520000000. 0.0           160 880000000. 0.0       
   134 60000000.0 .001978354    143 200000000. 0.0           152 560000000. 0.0           161 920000000. 0.0       
   135 70000000.0 .001456544    144 240000000. 0.0           153 600000000. 0.0           162 960000000. 0.0       
   136 80000000.0 .001011266    145 280000000. 0.0           154 640000000. 0.0           163 1.00000E+9
 
                                                     MT=  5
 MAT 1228                         0.0        Kelvin Unshielded Cross Sections                          12-Mg-25 

   No.  Group-eV   Average      No.  Group-eV   Average      No.  Group-eV   Average      No.  Group-eV   Average

   123 22000000.0 1.45826E-7    134 60000000.0 7.54800E-4    145 280000000. 0.0           156 720000000. 0.0       
   124 24000000.0 1.82932E-5    135 70000000.0 4.93961E-4    146 320000000. 0.0           157 760000000. 0.0       
   125 26000000.0 4.85780E-5    136 80000000.0 3.61809E-4    147 360000000. 0.0           158 800000000. 0.0       
   126 28000000.0 5.59440E-5    137 90000000.0 2.86567E-4    148 400000000. 0.0           159 840000000. 0.0       
   127 30000000.0 5.51389E-4    138 100000000. 2.23888E-4    149 440000000. 0.0           160 880000000. 0.0       
   128 35000000.0 .002681103    139 120000000. 1.69718E-4    150 480000000. 0.0           161 920000000. 0.0       
   129 40000000.0 .003273635    140 140000000. 0.0           151 520000000. 0.0           162 960000000. 0.0       
   130 45000000.0 .002485254    141 160000000. 0.0           152 560000000. 0.0           163 1.00000E+9
   131 50000000.0 .001732273    142 180000000. 0.0           153 600000000. 0.0       
   132 54000000.0 .001414206    143 200000000. 0.0           154 640000000. 0.0       
   133 55000000.0 .001147168    144 240000000. 0.0           155 680000000. 0.0       
 
                                                     MT=  5
 MAT 1228                         0.0        Kelvin Unshielded Cross Sections                          12-Mg-25 

   No.  Group-eV   Average      No.  Group-eV   Average      No.  Group-eV   Average      No.  Group-eV   Average

   119 17000000.0 1.50212E-7    131 50000000.0 .001137671    143 200000000. 0.0           155 680000000. 0.0       
   120 18000000.0 7.38163E-6    132 54000000.0 9.68411E-4    144 240000000. 0.0           156 720000000. 0.0       
   121 19000000.0 8.09550E-5    133 55000000.0 8.27347E-4    145 280000000. 0.0           157 760000000. 0.0       
   122 20000000.0 .003604958    134 60000000.0 5.98195E-4    146 320000000. 0.0           158 800000000. 0.0       
   123 22000000.0 .013495407    135 70000000.0 4.26256E-4    147 360000000. 0.0           159 840000000. 0.0       
   124 24000000.0 .016350617    136 80000000.0 3.31462E-4    148 400000000. 0.0           160 880000000. 0.0       
   125 26000000.0 .014075859    137 90000000.0 2.73922E-4    149 440000000. 0.0           161 920000000. 0.0       
   126 28000000.0 .011815933    138 100000000. 2.18068E-4    150 480000000. 0.0           162 960000000. 0.0       
   127 30000000.0 .009281554    139 120000000. 1.66553E-4    151 520000000. 0.0           163 1.00000E+9
   128 35000000.0 .005147339    140 140000000. 0.0           152 560000000. 0.0       
   129 40000000.0 .002689440    141 160000000. 0.0           153 600000000. 0.0       
   130 45000000.0 .001610884    142 180000000. 0.0           154 640000000. 0.0       
 
                                                     MT=  5
 MAT 1228                         0.0        Kelvin Unshielded Cross Sections                          12-Mg-25 

   No.  Group-eV   Average      No.  Group-eV   Average      No.  Group-eV   Average      No.  Group-eV   Average

   114 12000000.0 4.06617E-7    127 30000000.0 7.13867E-4    140 140000000. 0.0           153 600000000. 0.0       
   115 13000000.0 2.28340E-5    128 35000000.0 3.13928E-4    141 160000000. 0.0           154 640000000. 0.0       
   116 14000000.0 2.00790E-4    129 40000000.0 1.68013E-4    142 180000000. 0.0           155 680000000. 0.0       
   117 15000000.0 8.17438E-4    130 45000000.0 9.93369E-5    143 200000000. 0.0           156 720000000. 0.0       
   118 16000000.0 .002349684    131 50000000.0 6.61232E-5    144 240000000. 0.0           157 760000000. 0.0       
   119 17000000.0 .004298812    132 54000000.0 5.36088E-5    145 280000000. 0.0           158 800000000. 0.0       
   120 18000000.0 .005178304    133 55000000.0 4.31475E-5    146 320000000. 0.0           159 840000000. 0.0       
   121 19000000.0 .006860123    134 60000000.0 2.68686E-5    147 360000000. 0.0           160 880000000. 0.0       
   122 20000000.0 .010749906    135 70000000.0 1.55185E-5    148 400000000. 0.0           161 920000000. 0.0       
   123 22000000.0 .010305067    136 80000000.0 9.62734E-6    149 440000000. 0.0           162 960000000. 0.0       
   124 24000000.0 .005511779    137 90000000.0 6.25959E-6    150 480000000. 0.0           163 1.00000E+9
   125 26000000.0 .002709710    138 100000000. 3.55709E-6    151 520000000. 0.0       
   126 28000000.0 .001480783    139 120000000. 1.65618E-6    152 560000000. 0.0       
 
                                                     MT=  5
 MAT 1228                         0.0        Kelvin Unshielded Cross Sections                          12-Mg-25 

   No.  Group-eV   Average      No.  Group-eV   Average      No.  Group-eV   Average      No.  Group-eV   Average

   137 90000000.0 1.2308E-10    144 240000000. 0.0           151 520000000. 0.0           158 800000000. 0.0       
   138 100000000. 5.85002E-7    145 280000000. 0.0           152 560000000. 0.0           159 840000000. 0.0       
   139 120000000. 7.03159E-6    146 320000000. 0.0           153 600000000. 0.0           160 880000000. 0.0       
   140 140000000. 0.0           147 360000000. 0.0           154 640000000. 0.0           161 920000000. 0.0       
   141 160000000. 0.0           148 400000000. 0.0           155 680000000. 0.0           162 960000000. 0.0       
   142 180000000. 0.0           149 440000000. 0.0           156 720000000. 0.0           163 1.00000E+9
   143 200000000. 0.0           150 480000000. 0.0           157 760000000. 0.0       
 
                                                     MT=  5
 MAT 1228                         0.0        Kelvin Unshielded Cross Sections                          12-Mg-25 

   No.  Group-eV   Average      No.  Group-eV   Average      No.  Group-eV   Average      No.  Group-eV   Average

   135 70000000.0 7.47062E-8    143 200000000. 0.0           151 520000000. 0.0           159 840000000. 0.0       
   136 80000000.0 2.56994E-6    144 240000000. 0.0           152 560000000. 0.0           160 880000000. 0.0       
   137 90000000.0 1.11345E-5    145 280000000. 0.0           153 600000000. 0.0           161 920000000. 0.0       
   138 100000000. 2.52626E-5    146 320000000. 0.0           154 640000000. 0.0           162 960000000. 0.0       
   139 120000000. 3.03351E-5    147 360000000. 0.0           155 680000000. 0.0           163 1.00000E+9
   140 140000000. 0.0           148 400000000. 0.0           156 720000000. 0.0       
   141 160000000. 0.0           149 440000000. 0.0           157 760000000. 0.0       
   142 180000000. 0.0           150 480000000. 0.0           158 800000000. 0.0       
 
                                                     MT=  5
 MAT 1228                         0.0        Kelvin Unshielded Cross Sections                          12-Mg-25 

   No.  Group-eV   Average      No.  Group-eV   Average      No.  Group-eV   Average      No.  Group-eV   Average

   133 55000000.0 3.95959E-8    141 160000000. 0.0           149 440000000. 0.0           157 760000000. 0.0       
   134 60000000.0 4.66949E-6    142 180000000. 0.0           150 480000000. 0.0           158 800000000. 0.0       
   135 70000000.0 2.20023E-5    143 200000000. 0.0           151 520000000. 0.0           159 840000000. 0.0       
   136 80000000.0 3.52540E-5    144 240000000. 0.0           152 560000000. 0.0           160 880000000. 0.0       
   137 90000000.0 3.56636E-5    145 280000000. 0.0           153 600000000. 0.0           161 920000000. 0.0       
   138 100000000. 2.66739E-5    146 320000000. 0.0           154 640000000. 0.0           162 960000000. 0.0       
   139 120000000. 1.61307E-5    147 360000000. 0.0           155 680000000. 0.0           163 1.00000E+9
   140 140000000. 0.0           148 400000000. 0.0           156 720000000. 0.0       
 
                                                     MT=  5
 MAT 1228                         0.0        Kelvin Unshielded Cross Sections                          12-Mg-25 

   No.  Group-eV   Average      No.  Group-eV   Average      No.  Group-eV   Average      No.  Group-eV   Average

   128 35000000.0 5.95310E-7    137 90000000.0 2.17213E-5    146 320000000. 0.0           155 680000000. 0.0       
   129 40000000.0 1.85214E-5    138 100000000. 1.31695E-5    147 360000000. 0.0           156 720000000. 0.0       
   130 45000000.0 4.79384E-5    139 120000000. 7.70150E-6    148 400000000. 0.0           157 760000000. 0.0       
   131 50000000.0 6.30694E-5    140 140000000. 0.0           149 440000000. 0.0           158 800000000. 0.0       
   132 54000000.0 6.76012E-5    141 160000000. 0.0           150 480000000. 0.0           159 840000000. 0.0       
   133 55000000.0 7.04451E-5    142 180000000. 0.0           151 520000000. 0.0           160 880000000. 0.0       
   134 60000000.0 6.75540E-5    143 200000000. 0.0           152 560000000. 0.0           161 920000000. 0.0       
   135 70000000.0 4.93326E-5    144 240000000. 0.0           153 600000000. 0.0           162 960000000. 0.0       
   136 80000000.0 3.24950E-5    145 280000000. 0.0           154 640000000. 0.0           163 1.00000E+9
 
                                                     MT=  5
 MAT 1228                         0.0        Kelvin Unshielded Cross Sections                          12-Mg-25 

   No.  Group-eV   Average      No.  Group-eV   Average      No.  Group-eV   Average      No.  Group-eV   Average

   123 22000000.0 5.91100E-7    134 60000000.0 1.86376E-5    145 280000000. 0.0           156 720000000. 0.0       
   124 24000000.0 1.82249E-4    135 70000000.0 1.02977E-5    146 320000000. 0.0           157 760000000. 0.0       
   125 26000000.0 5.90303E-4    136 80000000.0 6.43075E-6    147 360000000. 0.0           158 800000000. 0.0       
   126 28000000.0 6.93663E-4    137 90000000.0 4.56848E-6    148 400000000. 0.0           159 840000000. 0.0       
   127 30000000.0 4.87126E-4    138 100000000. 3.12481E-6    149 440000000. 0.0           160 880000000. 0.0       
   128 35000000.0 2.61650E-4    139 120000000. 2.00051E-6    150 480000000. 0.0           161 920000000. 0.0       
   129 40000000.0 1.54773E-4    140 140000000. 0.0           151 520000000. 0.0           162 960000000. 0.0       
   130 45000000.0 8.62383E-5    141 160000000. 0.0           152 560000000. 0.0           163 1.00000E+9
   131 50000000.0 5.20487E-5    142 180000000. 0.0           153 600000000. 0.0       
   132 54000000.0 4.03828E-5    143 200000000. 0.0           154 640000000. 0.0       
   133 55000000.0 3.14423E-5    144 240000000. 0.0           155 680000000. 0.0       
 
                                                     MT=  5
 MAT 1228                         0.0        Kelvin Unshielded Cross Sections                          12-Mg-25 

   No.  Group-eV   Average      No.  Group-eV   Average      No.  Group-eV   Average      No.  Group-eV   Average

    98 7200000.00 9.65854E-8    115 13000000.0 .001097741    132 54000000.0 5.81903E-5    149 440000000. 0.0       
    99 7400000.00 1.37277E-6    116 14000000.0 .001767866    133 55000000.0 4.68374E-5    150 480000000. 0.0       
   100 7600000.00 2.99882E-6    117 15000000.0 .003119335    134 60000000.0 2.86218E-5    151 520000000. 0.0       
   101 7800000.00 4.62488E-6    118 16000000.0 .006236541    135 70000000.0 1.77503E-5    152 560000000. 0.0       
   102 8000000.00 6.25093E-6    119 17000000.0 .009787075    136 80000000.0 1.28747E-5    153 600000000. 0.0       
   103 8200000.00 7.87697E-6    120 18000000.0 .010556478    137 90000000.0 9.69101E-6    154 640000000. 0.0       
   104 8400000.00 1.10638E-5    121 19000000.0 .012545614    138 100000000. 6.73565E-6    155 680000000. 0.0       
   105 8600000.00 2.63018E-5    122 20000000.0 .015659041    139 120000000. 4.40533E-6    156 720000000. 0.0       
   106 8800000.00 5.58815E-5    123 22000000.0 .012657733    140 140000000. 0.0           157 760000000. 0.0       
   107 9000000.00 7.10322E-5    124 24000000.0 .006443574    141 160000000. 0.0           158 800000000. 0.0       
   108 9200000.00 8.43935E-5    125 26000000.0 .003140374    142 180000000. 0.0           159 840000000. 0.0       
   109 9400000.00 9.83746E-5    126 28000000.0 .001726549    143 200000000. 0.0           160 880000000. 0.0       
   110 9600000.00 1.16101E-4    127 30000000.0 8.15831E-4    144 240000000. 0.0           161 920000000. 0.0       
   111 9800000.00 1.34457E-4    128 35000000.0 3.48136E-4    145 280000000. 0.0           162 960000000. 0.0       
   112 10000000.0 2.09951E-4    129 40000000.0 1.84602E-4    146 320000000. 0.0           163 1.00000E+9
   113 11000000.0 4.06570E-4    130 45000000.0 1.08192E-4    147 360000000. 0.0       
   114 12000000.0 7.26655E-4    131 50000000.0 7.17755E-5    148 400000000. 0.0       
 
                                                     MT=  5
 MAT 1228                         0.0        Kelvin Unshielded Cross Sections                          12-Mg-25 

   No.  Group-eV   Average      No.  Group-eV   Average      No.  Group-eV   Average      No.  Group-eV   Average

    98 7200000.00 5.39729E-7    115 13000000.0 .001718907    132 54000000.0 .007675066    149 440000000. 0.0       
    99 7400000.00 7.67115E-6    116 14000000.0 .003263249    133 55000000.0 .007219309    150 480000000. 0.0       
   100 7600000.00 1.67577E-5    117 15000000.0 .007154158    134 60000000.0 .006366443    151 520000000. 0.0       
   101 7800000.00 2.58443E-5    118 16000000.0 .017615498    135 70000000.0 .005618447    152 560000000. 0.0       
   102 8000000.00 3.49308E-5    119 17000000.0 .031492812    136 80000000.0 .005242984    153 600000000. 0.0       
   103 8200000.00 4.40173E-5    120 18000000.0 .037904176    137 90000000.0 .004947849    154 640000000. 0.0       
   104 8400000.00 5.20365E-5    121 19000000.0 .049457790    138 100000000. .004640831    155 680000000. 0.0       
   105 8600000.00 5.29607E-5    122 20000000.0 .072201067    139 120000000. .004282096    156 720000000. 0.0       
   106 8800000.00 5.09610E-5    123 22000000.0 .073216421    140 140000000. 0.0           157 760000000. 0.0       
   107 9000000.00 6.12673E-5    124 24000000.0 .050980690    141 160000000. 0.0           158 800000000. 0.0       
   108 9200000.00 7.43206E-5    125 26000000.0 .037105238    142 180000000. 0.0           159 840000000. 0.0       
   109 9400000.00 8.78681E-5    126 28000000.0 .031206490    143 200000000. 0.0           160 880000000. 0.0       
   110 9600000.00 1.04402E-4    127 30000000.0 .026093855    144 240000000. 0.0           161 920000000. 0.0       
   111 9800000.00 1.21436E-4    128 35000000.0 .017687761    145 280000000. 0.0           162 960000000. 0.0       
   112 10000000.0 1.90559E-4    129 40000000.0 .013107405    146 320000000. 0.0           163 1.00000E+9
   113 11000000.0 4.13259E-4    130 45000000.0 .010041867    147 360000000. 0.0       
   114 12000000.0 9.27874E-4    131 50000000.0 .008286991    148 400000000. 0.0       
 
