1.002000+3 1.996800+0 -1 0 38 1 0.000000+0 0.000000+0 0 0 6 0.000000+0 1.400000+8 0 0 6 0.000000+0 0 76 4
2.003000+3 2.989030+0 -1 0 38 1 0.000000+0 0.000000+0 0 0 6 0.000000+0 1.400000+8 1 0 0 0.000000+0 0 71 3
3.006000+3 5.963450+0 -1 0 38 1 0.000000+0 0.000000+0 0 0 6 0.000000+0 1.400000+8 1 0 0 0.000000+0 0 56 3
3.007000+3 6.955730+0 -1 0 38 1 0.000000+0 0.000000+0 0 0 6 0.000000+0 1.400000+8 1 0 0 0.000000+0 0 56 3
4.009000+3 8.934780+0 -1 0 38 1 0.000000+0 0.000000+0 0 0 6 0.000000+0 1.500000+8 0 0 7 0.000000+0 0 50 38
6.012000+3 1.189691+1 -1 0 38 1 0.000000+0 0.000000+0 0 0 6 0.000000+0 1.500000+8 0 0 7 0.000000+0 0 42 66
6.013000+3 1.289165+1 -1 0 38 1 0.000000+0 0.000000+0 0 0 6 0.000000+0 1.400000+8 0 0 1 0.000000+0 0 25 3
6.014000+3 1.388295+1 -1 0 38 1 0.000000+0 0.000000+0 0 0 6 0.000000+0 2.000000+8 1 0 2016 0.000000+0 0 335 5
7.014000+3 1.388278+1 -1 0 38 1 0.000000+0 0.000000+0 0 0 6 1.000000+0 1.500000+8 0 0 7 0.000000+0 0 63 97
7.015000+3 1.487125+1 -1 0 38 1 0.000000+0 0.000000+0 0 0 6 0.000000+0 1.400000+8 0 0 1 0.000000+0 0 26 3
8.016000+3 1.585316+1 -1 0 38 1 0.000000+0 0.000000+0 0 0 6 1.000000+0 1.500000+8 0 0 7 0.000000+0 0 56 116
8.017000+3 1.685310+1 -1 0 38 1 0.000000+0 0.000000+0 0 0 6 0.000000+0 1.400000+8 0 0 1 0.000000+0 0 23 3
8.018000+3 1.784454+1 -1 0 38 1 0.000000+0 0.000000+0 0 0 6 0.000000+0 1.400000+8 0 0 1 0.000000+0 0 24 3
9.019000+3 1.883500+1 -1 0 38 1 0.000000+0 0.000000+0 0 0 6 0.000000+0 1.400000+8 1 0 0 0.000000+0 0 50 3
1.102300+4 2.279228+1 -1 0 38 1 0.000000+0 0.000000+0 0 0 6 0.000000+0 1.400000+8 0 0 1 0.000000+0 0 24 3
1.202400+4 2.377900+1 -1 0 38 1 0.000000+0 0.000000+0 0 0 6 0.000000+0 1.400000+8 0 0 1 0.000000+0 0 26 3
1.202500+4 2.477120+1 -1 0 38 1 0.000000+0 0.000000+0 0 0 6 0.000000+0 1.400000+8 0 0 1 0.000000+0 0 23 3
1.202600+4 2.575939+1 -1 0 38 1 0.000000+0 0.000000+0 0 0 6 0.000000+0 1.400000+8 0 0 1 0.000000+0 0 24 3
1.302700+4 2.675000+1 -1 0 38 1 0.000000+0 0.000000+0 0 0 6 1.000000+0 2.000000+8 1 0 3 0.000000+0 0 132 10
1.402700+4 2.675487+1 -1 0 38 1 0.000000+0 0.000000+0 0 0 6 0.000000+0 1.400000+8 0 0 1 0.000000+0 0 20 3
1.402800+4 2.773659+1 -1 0 38 1 0.000000+0 0.000000+0 0 0 6 0.000000+0 1.400000+8 0 0 1 0.000000+0 0 29 3
1.402900+4 2.872756+1 -1 0 38 1 0.000000+0 0.000000+0 0 0 6 0.000000+0 1.400000+8 0 0 1 0.000000+0 0 26 3
1.403000+4 2.971628+1 -1 0 38 1 0.000000+0 0.000000+0 0 0 6 0.000000+0 1.400000+8 0 0 1 0.000000+0 0 23 3
1.603200+4 3.169741+1 -1 0 38 1 0.000000+0 0.000000+0 0 0 6 0.000000+0 1.400000+8 0 0 1 0.000000+0 0 23 3
1.603300+4 3.268822+1 -1 0 38 1 0.000000+0 0.000000+0 0 0 6 0.000000+0 1.400000+8 0 0 1 0.000000+0 0 20 3
1.603400+4 3.367606+1 -1 0 38 1 0.000000+0 0.000000+0 0 0 6 0.000000+0 1.400000+8 0 0 1 0.000000+0 0 26 3
1.603600+4 3.565810+1 -1 0 38 1 0.000000+0 0.000000+0 0 0 6 0.000000+0 1.400000+8 0 0 1 0.000000+0 0 20 3
1.703500+4 3.466845+1 -1 0 38 1 0.000000+0 0.000000+0 0 0 6 0.000000+0 2.000000+8 1 0 0 0.000000+0 0 53 3
1.703700+4 3.664835+1 -1 0 38 1 0.000000+0 0.000000+0 0 0 6 0.000000+0 2.000000+8 1 0 0 0.000000+0 0 53 3
1.803600+4 3.565857+1 -1 0 38 1 0.000000+0 0.000000+0 0 0 6 0.000000+0 2.000000+8 1 0 0 0.000000+0 0 53 3
1.803800+4 3.763661+1 -1 0 38 1 0.000000+0 0.000000+0 0 0 6 0.000000+0 2.000000+8 1 0 0 0.000000+0 0 53 3
1.804000+4 3.961909+1 -1 0 38 1 0.000000+0 0.000000+0 0 0 6 0.000000+0 2.000000+8 1 0 0 0.000000+0 0 53 3
1.903900+4 3.862899+1 -1 0 38 1 0.000000+0 0.000000+0 0 0 6 0.000000+0 2.000000+8 1 0 0 0.000000+0 0 53 3
1.904000+4 3.962069+1 -1 0 38 1 0.000000+0 0.000000+0 0 0 6 0.000000+0 2.000000+8 1 0 0 0.000000+0 0 53 3
1.904100+4 4.060994+1 -1 0 38 1 0.000000+0 0.000000+0 0 0 6 0.000000+0 2.000000+8 1 0 0 0.000000+0 0 53 3
2.004000+4 3.961900+1 -1 0 38 1 0.000000+0 0.000000+0 0 0 6 0.000000+0 1.400000+8 1 0 0 0.000000+0 0 49 3
2.004200+4 4.159817+1 -1 0 38 1 0.000000+0 0.000000+0 0 0 6 0.000000+0 1.400000+8 0 0 1 0.000000+0 0 23 3
2.004300+4 4.258973+1 -1 0 38 1 0.000000+0 0.000000+0 0 0 6 0.000000+0 1.400000+8 0 0 1 0.000000+0 0 23 3
2.004400+4 4.357800+1 -1 0 38 1 0.000000+0 0.000000+0 0 0 6 0.000000+0 1.400000+8 1 0 0 0.000000+0 0 47 3
2.004600+4 4.555892+1 -1 0 38 1 0.000000+0 0.000000+0 0 0 6 0.000000+0 1.400000+8 0 0 1 0.000000+0 0 23 3
2.004800+4 4.754100+1 -1 0 38 1 0.000000+0 0.000000+0 0 0 6 0.000000+0 1.400000+8 1 0 0 0.000000+0 0 47 3
2.104500+4 4.456971+1 -1 0 38 1 0.000000+0 0.000000+0 0 0 6 0.000000+0 2.000000+8 1 0 0 0.000000+0 0 53 3
2.204600+4 4.555787+1 -1 0 38 1 0.000000+0 0.000000+0 0 0 6 0.000000+0 2.000000+8 1 0 0 0.000000+0 0 53 3
2.204700+4 4.654842+1 -1 0 38 1 0.000000+0 0.000000+0 0 0 6 0.000000+0 2.000000+8 1 0 0 0.000000+0 0 53 3
2.204800+4 4.753605+1 -1 0 38 1 0.000000+0 0.000000+0 0 0 6 0.000000+0 2.000000+8 1 0 0 0.000000+0 0 53 3
2.204900+4 4.852738+1 -1 0 38 1 0.000000+0 0.000000+0 0 0 6 0.000000+0 2.000000+8 1 0 0 0.000000+0 0 53 3
2.205000+4 4.951574+1 -1 0 38 1 0.000000+0 0.000000+0 0 0 6 0.000000+0 2.000000+8 1 0 0 0.000000+0 0 53 3
2.305000+4 4.951809+1 -1 0 38 1 0.000000+0 0.000000+0 0 0 6 0.000000+0 2.000000+8 1 0 0 0.000000+0 0 53 3
2.305100+4 5.050632+1 -1 0 38 1 0.000000+0 0.000000+0 0 0 6 0.000000+0 2.000000+8 1 0 0 0.000000+0 0 53 3
2.405000+4 4.951700+1 -1 0 38 1 0.000000+0 0.000000+0 0 0 6 0.000000+0 2.000000+8 0 0 3 0.000000+0 0 93 9
2.405200+4 5.149431+1 -1 0 38 1 0.000000+0 0.000000+0 0 0 6 0.000000+0 2.000000+8 1 0 0 0.000000+0 0 53 3
2.405300+4 5.248600+1 -1 0 38 1 0.000000+0 0.000000+0 0 0 6 0.000000+0 2.000000+8 0 0 3 0.000000+0 0 91 9
2.405400+4 5.347600+1 -1 0 38 1 0.000000+0 0.000000+0 0 0 6 0.000000+0 2.000000+8 0 0 3 0.000000+0 0 91 9
2.505500+4 5.446610+1 -1 0 38 1 0.000000+0 0.000000+0 0 0 6 0.000000+0 2.000000+8 1 0 0 0.000000+0 0 53 3
2.605400+4 5.347624+1 -1 0 38 1 0.000000+0 0.000000+0 0 0 6 0.000000+0 2.000000+8 1 0 0 0.000000+0 0 53 3
2.605600+4 5.545443+1 -1 0 38 1 0.000000+0 0.000000+0 0 0 6 0.000000+0 2.000000+8 1 0 0 0.000000+0 0 53 3
2.605700+4 5.644629+1 -1 0 38 1 0.000000+0 0.000000+0 0 0 6 0.000000+0 2.000000+8 1 0 0 0.000000+0 0 53 3
2.605800+4 5.743560+1 -1 0 38 1 0.000000+0 0.000000+0 0 0 6 0.000000+0 2.000000+8 1 0 0 0.000000+0 0 53 3
2.705900+4 5.842693+1 -1 0 38 1 0.000000+0 0.000000+0 0 0 6 0.000000+0 2.000000+8 0 0 3 0.000000+0 0 398 555
2.805800+4 5.743765+1 -1 0 38 1 0.000000+0 0.000000+0 0 0 6 0.000000+0 2.000000+8 1 0 0 0.000000+0 0 53 3
2.806000+4 5.941595+1 -1 0 38 1 0.000000+0 0.000000+0 0 0 6 0.000000+0 2.000000+8 1 0 0 0.000000+0 0 53 3
2.806100+4 6.040763+1 -1 0 38 1 0.000000+0 0.000000+0 0 0 6 0.000000+0 2.000000+8 1 0 0 0.000000+0 0 53 3
2.806200+4 6.139635+1 -1 0 38 1 0.000000+0 0.000000+0 0 0 6 0.000000+0 2.000000+8 1 0 0 0.000000+0 0 53 3
2.806400+4 6.337879+1 -1 0 38 1 0.000000+0 0.000000+0 0 0 6 0.000000+0 2.000000+8 1 0 0 0.000000+0 0 53 3
2.906300+4 6.238900+1 -1 0 38 1 0.000000+0 0.000000+0 0 0 6 0.000000+0 2.000000+8 1 0 0 0.000000+0 0 53 3
2.906500+4 6.437003+1 -1 0 38 1 0.000000+0 0.000000+0 0 0 6 0.000000+0 2.000000+8 1 0 0 0.000000+0 0 53 3
3.006400+4 6.337996+1 -1 0 38 1 0.000000+0 0.000000+0 0 0 6 0.000000+0 2.000000+8 1 0 2016 0.000000+0 0 335 5
3.006600+4 6.535970+1 -1 0 38 1 0.000000+0 0.000000+0 0 0 6 0.000000+0 2.000000+8 1 0 0 0.000000+0 0 53 3
3.006700+4 6.635219+1 -1 0 38 1 0.000000+0 0.000000+0 0 0 6 0.000000+0 2.000000+8 1 0 0 0.000000+0 0 53 3
3.006800+4 6.734134+1 -1 0 38 1 0.000000+0 0.000000+0 0 0 6 0.000000+0 2.000000+8 1 0 0 0.000000+0 0 53 3
3.007000+4 6.932463+1 -1 0 38 1 0.000000+0 0.000000+0 0 0 6 0.000000+0 2.000000+8 1 0 0 0.000000+0 0 53 3
3.207000+4 6.932357+1 -1 0 38 1 0.000000+0 0.000000+0 0 0 6 0.000000+0 2.000000+8 1 0 0 0.000000+0 0 53 3
3.207200+4 7.130423+1 -1 0 38 1 0.000000+0 0.000000+0 0 0 6 0.000000+0 2.000000+8 1 0 0 0.000000+0 0 53 3
3.207300+4 7.229701+1 -1 0 38 1 0.000000+0 0.000000+0 0 0 6 0.000000+0 2.000000+8 1 0 0 0.000000+0 0 53 3
3.207400+4 7.328616+1 -1 0 38 1 0.000000+0 0.000000+0 0 0 6 0.000000+0 2.000000+8 1 0 0 0.000000+0 0 53 3
3.207600+4 7.526920+1 -1 0 38 1 0.000000+0 0.000000+0 0 0 6 0.000000+0 2.000000+8 1 0 0 0.000000+0 0 53 3
3.307500+4 7.427798+1 -1 0 38 1 0.000000+0 0.000000+0 0 0 6 0.000000+0 2.000000+8 1 0 2016 0.000000+0 0 335 5
3.407600+4 7.526704+1 -1 0 38 1 0.000000+0 0.000000+0 0 0 6 0.000000+0 2.000000+8 1 0 2016 0.000000+0 0 335 5
3.407800+4 7.724797+1 -1 0 38 1 0.000000+0 0.000000+0 0 0 6 0.000000+0 2.000000+8 1 0 2016 0.000000+0 0 335 5
3.408000+4 7.923000+1 -1 0 38 1 0.000000+0 0.000000+0 0 0 6 0.000000+0 2.000000+8 1 0 2016 0.000000+0 0 335 5
3.408200+4 8.121300+1 -1 0 38 1 0.000000+0 0.000000+0 0 0 6 0.000000+0 2.000000+8 1 0 2016 0.000000+0 0 335 5
3.808400+4 8.319256+1 -1 0 38 1 0.000000+0 0.000000+0 0 0 6 0.000000+0 2.000000+8 1 0 0 0.000000+0 0 53 3
3.808600+4 8.517126+1 -1 0 38 1 0.000000+0 0.000000+0 0 0 6 0.000000+0 2.000000+8 1 0 0 0.000000+0 0 53 3
3.808700+4 8.616229+1 -1 0 38 1 0.000000+0 0.000000+0 0 0 6 0.000000+0 2.000000+8 1 0 0 0.000000+0 0 53 3
3.808800+4 8.715046+1 -1 0 38 1 0.000000+0 0.000000+0 0 0 6 0.000000+0 2.000000+8 1 0 0 0.000000+0 0 53 3
3.809000+4 8.913538+1 -1 0 38 1 0.000000+0 1.000000+0 0 0 6 0.000000+0 2.000000+8 1 0 0 0.000000+0 0 53 3
3.908900+4 8.814210+1 -1 0 38 1 0.000000+0 0.000000+0 0 0 6 0.000000+0 2.000000+8 0 0 3 0.000000+0 0 408 490
4.009000+4 8.913200+1 -1 0 38 1 0.000000+0 0.000000+0 0 0 6 0.000000+0 2.000000+8 0 0 3 0.000000+0 0 127 9
4.009100+4 9.012473+1 -1 0 38 1 0.000000+0 0.000000+0 0 0 6 0.000000+0 2.000000+8 1 0 2016 0.000000+0 0 335 5
4.009200+4 9.111553+1 -1 0 38 1 0.000000+0 0.000000+0 0 0 6 0.000000+0 2.000000+8 1 0 0 0.000000+0 0 53 3
4.009300+4 9.210836+1 -1 0 38 1 0.000000+0 1.000000+0 0 0 6 0.000000+0 2.000000+8 1 0 0 0.000000+0 0 53 3
4.009400+4 9.309962+1 -1 0 38 1 0.000000+0 0.000000+0 0 0 6 0.000000+0 2.000000+8 1 0 2016 0.000000+0 0 335 5
4.009600+4 9.508438+1 -1 0 38 1 0.000000+0 0.000000+0 0 0 6 0.000000+0 2.000000+8 1 0 0 0.000000+0 0 53 3
4.109300+4 9.210826+1 -1 0 38 1 0.000000+0 0.000000+0 0 0 6 0.000000+0 2.000000+8 1 0 0 0.000000+0 0 53 3
4.109400+4 9.310057+1 -1 0 38 1 0.000000+0 1.000000+0 0 0 6 0.000000+0 2.000000+8 1 0 0 0.000000+0 0 53 3
4.210000+4 9.904921+1 -1 0 38 1 0.000000+0 0.000000+0 0 0 6 0.000000+0 2.000000+8 1 0 0 0.000000+0 0 53 3
4.209200+4 9.111728+1 -1 0 38 1 0.000000+0 0.000000+0 0 0 6 0.000000+0 2.000000+8 1 0 0 0.000000+0 0 53 3
4.209400+4 9.309839+1 -1 0 38 1 0.000000+0 0.000000+0 0 0 6 0.000000+0 2.000000+8 1 0 0 0.000000+0 0 53 3
4.209500+4 9.409055+1 -1 0 38 1 0.000000+0 0.000000+0 0 0 6 0.000000+0 2.000000+8 1 0 0 0.000000+0 0 53 3
4.209600+4 9.508081+1 -1 0 38 1 0.000000+0 0.000000+0 0 0 6 0.000000+0 2.000000+8 1 0 0 0.000000+0 0 53 3
4.209700+4 9.607355+1 -1 0 38 1 0.000000+0 0.000000+0 0 0 6 0.000000+0 2.000000+8 1 0 0 0.000000+0 0 53 3
4.209800+4 9.706435+1 -1 0 38 1 0.000000+0 0.000000+0 0 0 6 0.000000+0 2.000000+8 1 0 0 0.000000+0 0 53 3
4.409800+4 9.706423+1 -1 0 38 1 0.000000+0 0.000000+0 0 0 6 0.000000+0 2.000000+8 1 0 0 0.000000+0 0 53 3
4.510300+4 1.020215+2 -1 0 38 1 0.000000+0 0.000000+0 0 0 6 0.000000+0 2.000000+8 0 0 3 0.000000+0 0 422 505
4.610200+4 1.010302+2 -1 0 38 1 0.000000+0 0.000000+0 0 0 6 0.000000+0 2.000000+8 1 0 0 0.000000+0 0 53 3
4.610400+4 1.030114+2 -1 0 38 1 0.000000+0 0.000000+0 0 0 6 0.000000+0 2.000000+8 1 0 0 0.000000+0 0 53 3
4.610500+4 1.040039+2 -1 0 38 1 0.000000+0 0.000000+0 0 0 6 0.000000+0 2.000000+8 1 0 0 0.000000+0 0 53 3
4.610600+4 1.049937+2 -1 0 38 1 0.000000+0 0.000000+0 0 0 6 0.000000+0 2.000000+8 1 0 0 0.000000+0 0 53 3
4.610700+4 1.059868+2 -1 0 38 1 0.000000+0 1.000000+0 0 0 6 0.000000+0 2.000000+8 1 0 0 0.000000+0 0 53 3
4.610800+4 1.069769+2 -1 0 38 1 0.000000+0 0.000000+0 0 0 6 0.000000+0 2.000000+8 1 0 0 0.000000+0 0 53 3
4.611000+4 1.089610+2 -1 0 38 1 0.000000+0 0.000000+0 0 0 6 0.000000+0 2.000000+8 1 0 0 0.000000+0 0 53 3
4.710700+4 1.059867+2 -1 0 38 1 0.000000+0 0.000000+0 0 0 6 0.000000+0 2.000000+8 1 0 0 0.000000+0 0 53 3
4.710800+4 1.069790+2 -1 0 38 1 0.000000+0 1.000000+0 0 0 6 0.000000+0 2.000000+8 1 0 0 0.000000+0 0 53 3
4.710900+4 1.079692+2 -1 0 38 1 0.000000+0 0.000000+0 0 0 6 0.000000+0 2.000000+8 1 0 0 0.000000+0 0 53 3
4.810600+4 1.049967+2 -1 0 38 1 0.000000+0 0.000000+0 0 0 6 0.000000+0 2.000000+8 1 0 0 0.000000+0 0 53 3
4.810800+4 1.069772+2 -1 0 38 1 0.000000+0 0.000000+0 0 0 6 0.000000+0 2.000000+8 1 0 0 0.000000+0 0 53 3
4.811000+4 1.089589+2 -1 0 38 1 0.000000+0 0.000000+0 0 0 6 0.000000+0 2.000000+8 1 0 0 0.000000+0 0 53 3
4.811100+4 1.099515+2 -1 0 38 1 0.000000+0 0.000000+0 0 0 6 0.000000+0 2.000000+8 1 0 0 0.000000+0 0 53 3
4.811200+4 1.109415+2 -1 0 38 1 0.000000+0 0.000000+0 0 0 6 0.000000+0 2.000000+8 1 0 0 0.000000+0 0 53 3
4.811300+4 1.119345+2 -1 0 38 1 0.000000+0 0.000000+0 0 0 6 0.000000+0 2.000000+8 1 0 0 0.000000+0 0 53 3
4.811400+4 1.129249+2 -1 0 38 1 0.000000+0 0.000000+0 0 0 6 0.000000+0 2.000000+8 1 0 0 0.000000+0 0 53 3
4.811600+4 1.149091+2 -1 0 38 1 0.000000+0 0.000000+0 0 0 6 0.000000+0 2.000000+8 1 0 0 0.000000+0 0 53 3
4.911500+4 1.139168+2 -1 0 38 1 0.000000+0 0.000000+0 0 0 6 0.000000+0 2.000000+8 1 0 2016 0.000000+0 0 335 5
5.011200+4 1.109435+2 -1 0 38 1 0.000000+0 0.000000+0 0 0 6 0.000000+0 2.000000+8 1 0 0 0.000000+0 0 53 3
5.011400+4 1.129243+2 -1 0 38 1 0.000000+0 0.000000+0 0 0 6 0.000000+0 2.000000+8 1 0 0 0.000000+0 0 53 3
5.011500+4 1.139163+2 -1 0 38 1 0.000000+0 0.000000+0 0 0 6 0.000000+0 2.000000+8 1 0 0 0.000000+0 0 53 3
5.011600+4 1.149061+2 -1 0 38 1 0.000000+0 0.000000+0 0 0 6 0.000000+0 2.000000+8 1 0 2016 0.000000+0 0 335 5
5.011700+4 1.158987+2 -1 0 38 1 0.000000+0 0.000000+0 0 0 6 0.000000+0 2.000000+8 1 0 0 0.000000+0 0 53 3
5.011800+4 1.168900+2 -1 0 38 1 0.000000+0 0.000000+0 0 0 6 0.000000+0 2.000000+8 0 0 3 0.000000+0 0 126 9
5.011900+4 1.178819+2 -1 0 38 1 0.000000+0 0.000000+0 0 0 6 0.000000+0 2.000000+8 1 0 0 0.000000+0 0 53 3
5.012000+4 1.188722+2 -1 0 38 1 0.000000+0 0.000000+0 0 0 6 0.000000+0 2.000000+8 1 0 0 0.000000+0 0 53 3
5.012200+4 1.208562+2 -1 0 38 1 0.000000+0 0.000000+0 0 0 6 0.000000+0 2.000000+8 1 0 0 0.000000+0 0 53 3
5.012400+4 1.228409+2 -1 0 38 1 0.000000+0 0.000000+0 0 0 6 0.000000+0 2.000000+8 1 0 0 0.000000+0 0 53 3
5.112100+4 1.198652+2 -1 0 38 1 0.000000+0 0.000000+0 0 0 6 0.000000+0 2.000000+8 1 0 0 0.000000+0 0 53 3
5.112300+4 1.218484+2 -1 0 38 1 0.000000+0 0.000000+0 0 0 6 0.000000+0 2.000000+8 1 0 0 0.000000+0 0 53 3
5.212000+4 1.188740+2 -1 0 38 1 0.000000+0 0.000000+0 0 0 6 0.000000+0 2.000000+8 1 0 0 0.000000+0 0 53 3
5.212200+4 1.208558+2 -1 0 38 1 0.000000+0 0.000000+0 0 0 6 0.000000+0 2.000000+8 1 0 0 0.000000+0 0 53 3
5.212300+4 1.218485+2 -1 0 38 1 0.000000+0 0.000000+0 0 0 6 0.000000+0 2.000000+8 1 0 0 0.000000+0 0 53 3
5.212400+4 1.228384+2 -1 0 38 1 0.000000+0 0.000000+0 0 0 6 0.000000+0 2.000000+8 1 0 0 0.000000+0 0 53 3
5.212500+4 1.238314+2 -1 0 38 1 0.000000+0 0.000000+0 0 0 6 0.000000+0 2.000000+8 1 0 0 0.000000+0 0 53 3
5.212600+4 1.248217+2 -1 0 38 1 0.000000+0 0.000000+0 0 0 6 0.000000+0 2.000000+8 1 0 0 0.000000+0 0 53 3
5.212800+4 1.268057+2 -1 0 38 1 0.000000+0 0.000000+0 0 0 6 0.000000+0 2.000000+8 1 0 0 0.000000+0 0 53 3
5.213000+4 1.287903+2 -1 0 38 1 0.000000+0 0.000000+0 0 0 6 0.000000+0 2.000000+8 1 0 0 0.000000+0 0 53 3
5.312700+4 1.258143+2 -1 0 38 1 0.000000+0 0.000000+0 0 0 6 0.000000+0 2.000000+8 1 0 0 0.000000+0 0 53 3
5.312900+4 1.277976+2 -1 0 38 1 0.000000+0 1.000000+0 0 0 6 0.000000+0 2.000000+8 1 0 0 0.000000+0 0 53 3
5.413200+4 1.307710+2 -1 0 38 1 0.000000+0 0.000000+0 0 0 6 0.000000+0 2.000000+8 1 0 0 0.000000+0 0 53 3
5.513300+4 1.317637+2 -1 0 38 1 0.000000+0 0.000000+0 0 0 6 0.000000+0 2.000000+8 1 0 2016 0.000000+0 0 335 5
5.513500+4 1.337471+2 -1 0 38 1 0.000000+0 1.000000+0 0 0 6 0.000000+0 2.000000+8 1 0 0 0.000000+0 0 53 3
5.513700+4 1.357310+2 -1 0 38 1 0.000000+0 1.000000+0 0 0 6 0.000000+0 2.000000+8 1 0 0 0.000000+0 0 53 3
5.613800+4 1.367206+2 -1 0 38 1 0.000000+0 0.000000+0 0 0 6 0.000000+0 2.000000+8 1 0 2016 0.000000+0 0 335 5
5.713900+4 1.377131+2 -1 0 38 1 0.000000+0 0.000000+0 0 0 6 0.000000+0 2.000000+8 1 0 0 0.000000+0 0 53 3
5.814000+4 1.387036+2 -1 0 38 1 0.000000+0 0.000000+0 0 0 6 0.000000+0 2.000000+8 1 0 2016 0.000000+0 0 335 5
5.814200+4 1.406902+2 -1 0 38 1 0.000000+0 0.000000+0 0 0 6 0.000000+0 2.000000+8 1 0 2016 0.000000+0 0 335 5
5.914100+4 1.396972+2 -1 0 38 1 0.000000+0 0.000000+0 0 0 6 0.000000+0 2.000000+8 1 0 0 0.000000+0 0 53 3
6.014200+4 1.406887+2 -1 0 38 1 0.000000+0 0.000000+0 0 0 6 0.000000+0 2.000000+8 1 0 2016 0.000000+0 0 335 5
6.014300+4 1.416822+2 -1 0 38 1 0.000000+0 0.000000+0 0 0 6 0.000000+0 2.000000+8 1 0 2016 0.000000+0 0 335 5
6.014400+4 1.426738+2 -1 0 38 1 0.000000+0 0.000000+0 0 0 6 0.000000+0 2.000000+8 1 0 2016 0.000000+0 0 335 5
6.014500+4 1.436677+2 -1 0 38 1 0.000000+0 0.000000+0 0 0 6 0.000000+0 2.000000+8 1 0 2016 0.000000+0 0 335 5
6.014600+4 1.446597+2 -1 0 38 1 0.000000+0 0.000000+0 0 0 6 0.000000+0 2.000000+8 1 0 2016 0.000000+0 0 335 5
6.014800+4 1.466462+2 -1 0 38 1 0.000000+0 0.000000+0 0 0 6 0.000000+0 2.000000+8 1 0 2016 0.000000+0 0 335 5
6.015000+4 1.486330+2 -1 0 38 1 0.000000+0 0.000000+0 0 0 6 0.000000+0 2.000000+8 1 0 2016 0.000000+0 0 335 5
6.214400+4 1.426757+2 -1 0 38 1 0.000000+0 0.000000+0 0 0 6 0.000000+0 2.000000+8 1 0 0 0.000000+0 0 53 3
6.214700+4 1.456528+2 -1 0 38 1 0.000000+0 0.000000+0 0 0 6 0.000000+0 2.000000+8 1 0 0 0.000000+0 0 53 3
6.214800+4 1.466442+2 -1 0 38 1 0.000000+0 0.000000+0 0 0 6 0.000000+0 2.000000+8 1 0 0 0.000000+0 0 53 3
6.214900+4 1.476379+2 -1 0 38 1 0.000000+0 0.000000+0 0 0 6 0.000000+0 2.000000+8 1 0 0 0.000000+0 0 53 3
6.215000+4 1.486294+2 -1 0 38 1 0.000000+0 0.000000+0 0 0 6 0.000000+0 2.000000+8 1 0 0 0.000000+0 0 53 3
6.215100+4 1.496235+2 -1 0 38 1 0.000000+0 1.000000+0 0 0 6 0.000000+0 2.000000+8 1 0 0 0.000000+0 0 53 3
6.215200+4 1.506147+2 -1 0 38 1 0.000000+0 0.000000+0 0 0 6 0.000000+0 2.000000+8 1 0 0 0.000000+0 0 53 3
6.215400+4 1.526000+2 -1 0 38 1 0.000000+0 0.000000+0 0 0 6 0.000000+0 2.000000+8 1 0 0 0.000000+0 0 53 3
6.315300+4 1.516076+2 -1 0 38 1 0.000000+0 0.000000+0 0 0 6 0.000000+0 2.000000+8 1 0 2016 0.000000+0 0 335 5
6.415600+4 1.545827+2 -1 0 38 1 0.000000+0 0.000000+0 0 0 6 0.000000+0 2.000000+8 1 0 0 0.000000+0 0 53 3
6.415700+4 1.555759+2 -1 0 38 1 0.000000+0 0.000000+0 0 0 6 0.000000+0 2.000000+8 1 0 0 0.000000+0 0 53 3
6.415800+4 1.565675+2 -1 0 38 1 0.000000+0 0.000000+0 0 0 6 0.000000+0 2.000000+8 1 0 0 0.000000+0 0 53 3
6.416000+4 1.585532+2 -1 0 38 1 0.000000+0 0.000000+0 0 0 6 0.000000+0 2.000000+8 1 0 0 0.000000+0 0 53 3
6.515800+4 1.565688+2 -1 0 38 1 0.000000+0 1.000000+0 0 0 6 0.000000+0 2.000000+8 1 0 0 0.000000+0 0 53 3
6.515900+4 1.575601+2 -1 0 38 1 0.000000+0 0.000000+0 0 0 6 0.000000+0 2.000000+8 0 0 3 0.000000+0 0 412 503
6.616200+4 1.605358+2 -1 0 38 1 0.000000+0 0.000000+0 0 0 6 0.000000+0 2.000000+8 1 0 0 0.000000+0 0 53 3
6.616300+4 1.615291+2 -1 0 38 1 0.000000+0 0.000000+0 0 0 6 0.000000+0 2.000000+8 1 0 0 0.000000+0 0 53 3
6.716500+4 1.635135+2 -1 0 38 1 0.000000+0 0.000000+0 0 0 6 0.000000+0 2.001000+8 0 0 3 0.000000+0 0 401 307
6.816600+4 1.645049+2 -1 0 38 1 0.000000+0 0.000000+0 0 0 6 0.000000+0 2.000000+8 1 0 0 0.000000+0 0 53 3
6.817000+4 1.684756+2 -1 0 38 1 0.000000+0 0.000000+0 0 0 6 0.000000+0 2.000000+8 1 0 0 0.000000+0 0 53 3
6.916900+4 1.674830+2 -1 0 38 1 0.000000+0 0.000000+0 0 0 6 0.000000+0 2.000000+8 0 0 3 0.000000+0 0 377 474
7.117500+4 1.734380+2 -1 0 38 1 0.000000+0 0.000000+0 0 0 6 0.000000+0 2.000000+8 1 0 2016 0.000000+0 0 335 5
7.217400+4 1.724458+2 -1 0 38 1 0.000000+0 0.000000+0 0 0 6 0.000000+0 2.000000+8 1 0 0 0.000000+0 0 53 3
7.217600+4 1.744300+2 -1 0 38 1 0.000000+0 0.000000+0 0 0 6 0.000000+0 2.000000+8 1 0 0 0.000000+0 0 53 3
7.217700+4 1.754232+2 -1 0 38 1 0.000000+0 0.000000+0 0 0 6 0.000000+0 2.000000+8 1 0 0 0.000000+0 0 53 3
7.217800+4 1.764151+2 -1 0 38 1 0.000000+0 0.000000+0 0 0 6 0.000000+0 2.000000+8 1 0 0 0.000000+0 0 53 3
7.217900+4 1.774086+2 -1 0 38 1 0.000000+0 0.000000+0 0 0 6 0.000000+0 2.000000+8 1 0 0 0.000000+0 0 53 3
7.218000+4 1.784007+2 -1 0 38 1 0.000000+0 0.000000+0 0 0 6 0.000000+0 2.000000+8 1 0 0 0.000000+0 0 53 3
7.318100+4 1.793936+2 -1 0 38 1 0.000000+0 0.000000+0 0 0 6 0.000000+0 2.000000+8 0 0 3 0.000000+0 0 427 559
7.418000+4 1.784000+2 -1 0 38 1 0.000000+0 0.000000+0 0 0 6 0.000000+0 2.000000+8 0 0 3 0.000000+0 0 112 8
7.418200+4 1.803900+2 -1 0 38 1 0.000000+0 0.000000+0 0 0 6 0.000000+0 2.000000+8 0 0 3 0.000000+0 0 117 8
7.418300+4 1.813800+2 -1 0 38 1 0.000000+0 0.000000+0 0 0 6 0.000000+0 2.000000+8 0 0 3 0.000000+0 0 112 8
7.418400+4 1.823700+2 -1 0 38 1 0.000000+0 0.000000+0 0 0 6 0.000000+0 2.000000+8 0 0 3 0.000000+0 0 124 8
7.418600+4 1.843600+2 -1 0 38 1 0.000000+0 0.000000+0 0 0 6 0.000000+0 2.000000+8 0 0 3 0.000000+0 0 144 8
7.518500+4 1.833641+2 -1 1 38 1 0.000000+0 0.000000+0 0 0 6 0.000000+0 2.000000+8 1 0 0 0.000000+0 0 66 8
7.518700+4 1.853497+2 -1 1 38 1 0.000000+0 0.000000+0 0 0 6 0.000000+0 2.000000+8 1 0 0 0.000000+0 0 66 8
7.618600+4 1.843564+2 -1 0 38 1 0.000000+0 0.000000+0 0 0 6 0.000000+0 2.000000+8 1 0 2016 0.000000+0 0 335 5
7.618800+4 1.863412+2 -1 0 38 1 0.000000+0 0.000000+0 0 0 6 0.000000+0 2.000000+8 1 0 2016 0.000000+0 0 335 5
7.618900+4 1.873349+2 -1 0 38 1 0.000000+0 0.000000+0 0 0 6 0.000000+0 2.000000+8 1 0 2016 0.000000+0 0 335 5
7.619000+4 1.883266+2 -1 0 38 1 0.000000+0 0.000000+0 0 0 6 0.000000+0 2.000000+8 1 0 2016 0.000000+0 0 335 5
7.619200+4 1.903125+2 -1 0 38 1 0.000000+0 0.000000+0 0 0 6 0.000000+0 2.000000+8 1 0 2016 0.000000+0 0 335 5
7.819400+4 1.922965+2 -1 1 38 1 0.000000+0 0.000000+0 0 0 6 0.000000+0 2.000000+8 1 0 0 0.000000+0 0 66 8
7.919700+4 1.952745+2 -1 1 38 1 0.000000+0 0.000000+0 0 0 6 0.000000+0 2.000000+8 1 0 0 0.000000+0 0 66 8
8.220600+4 2.042050+2 -1 1 38 1 0.000000+0 0.000000+0 0 0 6 0.000000+0 2.000000+8 1 0 0 0.000000+0 0 66 8
8.220700+4 2.051979+2 -1 1 38 1 0.000000+0 0.000000+0 0 0 6 0.000000+0 2.000000+8 1 0 0 0.000000+0 0 66 8
8.220800+4 2.061900+2 -1 1 38 1 0.000000+0 0.000000+0 0 0 6 0.000000+0 2.000000+8 1 0 0 0.000000+0 0 66 8
8.320900+4 2.071852+2 -1 0 38 1 0.000000+0 0.000000+0 0 0 6 0.000000+0 2.000000+8 1 0 2016 0.000000+0 0 335 5
8.822600+4 2.240837+2 -1 1 38 1 0.000000+0 1.000000+0 0 0 6 0.000000+0 2.000000+8 1 0 0 0.000000+0 0 66 8
9.023200+4 2.300447+2 -1 1 38 1 0.000000+0 0.000000+0 0 0 6 0.000000+0 2.000000+8 1 0 0 0.000000+0 0 71 9
9.223300+4 2.310377+2 -1 1 38 1 0.000000+0 1.000000+0 0 0 6 0.000000+0 2.000000+8 1 0 0 0.000000+0 0 75 10
9.223400+4 2.320304+2 -1 1 38 1 0.000000+0 0.000000+0 0 0 6 0.000000+0 2.000000+8 1 0 0 0.000000+0 0 75 10
9.223500+4 2.330248+2 -1 1 38 1 0.000000+0 0.000000+0 0 0 6 0.000000+0 2.000000+8 1 0 0 0.000000+0 0 75 10
9.223600+4 2.340178+2 -1 1 38 1 0.000000+0 1.000000+0 0 0 6 0.000000+0 2.000000+8 1 0 0 0.000000+0 0 75 10
9.223800+4 2.360058+2 -1 1 38 1 0.000000+0 0.000000+0 0 0 6 0.000000+0 2.000000+8 1 0 0 0.000000+0 0 75 10
9.323700+4 2.350118+2 -1 1 38 1 0.000000+0 1.000000+0 0 0 6 0.000000+0 2.000000+8 1 0 0 0.000000+0 0 76 10
9.423800+4 2.360046+2 -1 1 38 1 0.000000+0 1.000000+0 0 0 6 0.000000+0 2.000000+8 1 0 0 0.000000+0 0 71 9
9.423900+4 2.369986+2 -1 1 38 1 0.000000+0 1.000000+0 0 0 6 0.000000+0 2.000000+8 1 0 0 0.000000+0 0 75 10
9.424100+4 2.389861+2 -1 1 38 1 0.000000+0 1.000000+0 0 0 6 0.000000+0 2.000000+8 1 0 0 0.000000+0 0 75 10
