                                                     MT=  5
 MAT 1425                         0.0        Kelvin Unshielded Cross Sections                          14-Si-28 

   No.  Group-eV   Average      No.  Group-eV   Average      No.  Group-eV   Average      No.  Group-eV   Average

   111 9800000.00 1.19751E-6    125 26000000.0 .020676287    139 120000000. .001634281    153 600000000. 0.0       
   112 10000000.0 2.86768E-4    126 28000000.0 .015628870    140 140000000. 0.0           154 640000000. 0.0       
   113 11000000.0 2.53736E-4    127 30000000.0 .009232859    141 160000000. 0.0           155 680000000. 0.0       
   114 12000000.0 .001976751    128 35000000.0 .005664588    142 180000000. 0.0           156 720000000. 0.0       
   115 13000000.0 .003046323    129 40000000.0 .004355810    143 200000000. 0.0           157 760000000. 0.0       
   116 14000000.0 .005579287    130 45000000.0 .003684543    144 240000000. 0.0           158 800000000. 0.0       
   117 15000000.0 .007860864    131 50000000.0 .003306601    145 280000000. 0.0           159 840000000. 0.0       
   118 16000000.0 .004977262    132 54000000.0 .003145995    146 320000000. 0.0           160 880000000. 0.0       
   119 17000000.0 .018545942    133 55000000.0 .002994957    147 360000000. 0.0           161 920000000. 0.0       
   120 18000000.0 .040436097    134 60000000.0 .002706400    148 400000000. 0.0           162 960000000. 0.0       
   121 19000000.0 .047225459    135 70000000.0 .002427464    149 440000000. 0.0           163 1.00000E+9
   122 20000000.0 .044833388    136 80000000.0 .002217761    150 480000000. 0.0       
   123 22000000.0 .026074870    137 90000000.0 .002048891    151 520000000. 0.0       
   124 24000000.0 .021396038    138 100000000. .001848608    152 560000000. 0.0       
 
                                                     MT=  5
 MAT 1425                         0.0        Kelvin Unshielded Cross Sections                          14-Si-28 

   No.  Group-eV   Average      No.  Group-eV   Average      No.  Group-eV   Average      No.  Group-eV   Average

   118 16000000.0 2.48651E-4    130 45000000.0 .004122775    142 180000000. 0.0           154 640000000. 0.0       
   119 17000000.0 .002543816    131 50000000.0 .004264567    143 200000000. 0.0           155 680000000. 0.0       
   120 18000000.0 .008346621    132 54000000.0 .004384251    144 240000000. 0.0           156 720000000. 0.0       
   121 19000000.0 .012176633    133 55000000.0 .004540378    145 280000000. 0.0           157 760000000. 0.0       
   122 20000000.0 .013268598    134 60000000.0 .004901247    146 320000000. 0.0           158 800000000. 0.0       
   123 22000000.0 .007725462    135 70000000.0 .005326749    147 360000000. 0.0           159 840000000. 0.0       
   124 24000000.0 .005706915    136 80000000.0 .005575766    148 400000000. 0.0           160 880000000. 0.0       
   125 26000000.0 .004951679    137 90000000.0 .005627790    149 440000000. 0.0           161 920000000. 0.0       
   126 28000000.0 .004109115    138 100000000. .005546719    150 480000000. 0.0           162 960000000. 0.0       
   127 30000000.0 .003771177    139 120000000. .005343327    151 520000000. 0.0           163 1.00000E+9
   128 35000000.0 .003636624    140 140000000. 0.0           152 560000000. 0.0       
   129 40000000.0 .003926940    141 160000000. 0.0           153 600000000. 0.0       
 
                                                     MT=  5
 MAT 1425                         0.0        Kelvin Unshielded Cross Sections                          14-Si-28 

   No.  Group-eV   Average      No.  Group-eV   Average      No.  Group-eV   Average      No.  Group-eV   Average

   114 12000000.0 .001817021    127 30000000.0 .011074017    140 140000000. 0.0           153 600000000. 0.0       
   115 13000000.0 .002911365    128 35000000.0 .006293579    141 160000000. 0.0           154 640000000. 0.0       
   116 14000000.0 .005209039    129 40000000.0 .004754884    142 180000000. 0.0           155 680000000. 0.0       
   117 15000000.0 .007040981    130 45000000.0 .004036561    143 200000000. 0.0           156 720000000. 0.0       
   118 16000000.0 .003985452    131 50000000.0 .003636894    144 240000000. 0.0           157 760000000. 0.0       
   119 17000000.0 .013190633    132 54000000.0 .003461719    145 280000000. 0.0           158 800000000. 0.0       
   120 18000000.0 .026738206    133 55000000.0 .003289579    146 320000000. 0.0           159 840000000. 0.0       
   121 19000000.0 .029804741    134 60000000.0 .002948890    147 360000000. 0.0           160 880000000. 0.0       
   122 20000000.0 .027722235    135 70000000.0 .002614330    148 400000000. 0.0           161 920000000. 0.0       
   123 22000000.0 .017936696    136 80000000.0 .002355468    149 440000000. 0.0           162 960000000. 0.0       
   124 24000000.0 .019432157    137 90000000.0 .002151665    150 480000000. 0.0           163 1.00000E+9
   125 26000000.0 .023118260    138 100000000. .001910925    151 520000000. 0.0       
   126 28000000.0 .019251279    139 120000000. .001662601    152 560000000. 0.0       
 
                                                     MT=  5
 MAT 1425                         0.0        Kelvin Unshielded Cross Sections                          14-Si-28 

   No.  Group-eV   Average      No.  Group-eV   Average      No.  Group-eV   Average      No.  Group-eV   Average

   124 24000000.0 1.00444E-5    134 60000000.0 1.36126E-4    144 240000000. 0.0           154 640000000. 0.0       
   125 26000000.0 8.35583E-5    135 70000000.0 1.29062E-4    145 280000000. 0.0           155 680000000. 0.0       
   126 28000000.0 1.91979E-4    136 80000000.0 1.19819E-4    146 320000000. 0.0           156 720000000. 0.0       
   127 30000000.0 1.98484E-4    137 90000000.0 1.12380E-4    147 360000000. 0.0           157 760000000. 0.0       
   128 35000000.0 1.65114E-4    138 100000000. 9.96000E-5    148 400000000. 0.0           158 800000000. 0.0       
   129 40000000.0 1.51356E-4    139 120000000. 8.55401E-5    149 440000000. 0.0           159 840000000. 0.0       
   130 45000000.0 1.46947E-4    140 140000000. 0.0           150 480000000. 0.0           160 880000000. 0.0       
   131 50000000.0 1.45655E-4    141 160000000. 0.0           151 520000000. 0.0           161 920000000. 0.0       
   132 54000000.0 1.44628E-4    142 180000000. 0.0           152 560000000. 0.0           162 960000000. 0.0       
   133 55000000.0 1.42541E-4    143 200000000. 0.0           153 600000000. 0.0           163 1.00000E+9
 
                                                     MT=  5
 MAT 1425                         0.0        Kelvin Unshielded Cross Sections                          14-Si-28 

   No.  Group-eV   Average      No.  Group-eV   Average      No.  Group-eV   Average      No.  Group-eV   Average

   126 28000000.0 3.28271E-6    136 80000000.0 1.65982E-5    146 320000000. 0.0           156 720000000. 0.0       
   127 30000000.0 2.23839E-5    137 90000000.0 1.55153E-5    147 360000000. 0.0           157 760000000. 0.0       
   128 35000000.0 1.32458E-5    138 100000000. 1.37903E-5    148 400000000. 0.0           158 800000000. 0.0       
   129 40000000.0 1.12973E-5    139 120000000. 1.14078E-5    149 440000000. 0.0           159 840000000. 0.0       
   130 45000000.0 1.32210E-5    140 140000000. 0.0           150 480000000. 0.0           160 880000000. 0.0       
   131 50000000.0 1.46018E-5    141 160000000. 0.0           151 520000000. 0.0           161 920000000. 0.0       
   132 54000000.0 1.52612E-5    142 180000000. 0.0           152 560000000. 0.0           162 960000000. 0.0       
   133 55000000.0 1.59280E-5    143 200000000. 0.0           153 600000000. 0.0           163 1.00000E+9
   134 60000000.0 1.69930E-5    144 240000000. 0.0           154 640000000. 0.0       
   135 70000000.0 1.71857E-5    145 280000000. 0.0           155 680000000. 0.0       
 
                                                     MT=  5
 MAT 1425                         0.0        Kelvin Unshielded Cross Sections                          14-Si-28 

   No.  Group-eV   Average      No.  Group-eV   Average      No.  Group-eV   Average      No.  Group-eV   Average

   111 9800000.00 1.19750E-6    125 26000000.0 .001489724    139 120000000. 2.04732E-4    153 600000000. 0.0       
   112 10000000.0 2.86719E-4    126 28000000.0 .001265648    140 140000000. 0.0           154 640000000. 0.0       
   113 11000000.0 2.52896E-4    127 30000000.0 8.65749E-4    141 160000000. 0.0           155 680000000. 0.0       
   114 12000000.0 1.58483E-4    128 35000000.0 6.06406E-4    142 180000000. 0.0           156 720000000. 0.0       
   115 13000000.0 1.34748E-4    129 40000000.0 4.92762E-4    143 200000000. 0.0           157 760000000. 0.0       
   116 14000000.0 3.70252E-4    130 45000000.0 4.25746E-4    144 240000000. 0.0           158 800000000. 0.0       
   117 15000000.0 8.19981E-4    131 50000000.0 3.75838E-4    145 280000000. 0.0           159 840000000. 0.0       
   118 16000000.0 7.43292E-4    132 54000000.0 3.54097E-4    146 320000000. 0.0           160 880000000. 0.0       
   119 17000000.0 .002812337    133 55000000.0 3.36878E-4    147 360000000. 0.0           161 920000000. 0.0       
   120 18000000.0 .005353869    134 60000000.0 3.07760E-4    148 400000000. 0.0           162 960000000. 0.0       
   121 19000000.0 .005248277    135 70000000.0 2.75227E-4    149 440000000. 0.0           163 1.00000E+9
   122 20000000.0 .003873354    136 80000000.0 2.56364E-4    150 480000000. 0.0       
   123 22000000.0 .001788021    137 90000000.0 2.38545E-4    151 520000000. 0.0       
   124 24000000.0 .001410443    138 100000000. 2.23950E-4    152 560000000. 0.0       
 
                                                     MT=  5
 MAT 1425                         0.0        Kelvin Unshielded Cross Sections                          14-Si-28 

   No.  Group-eV   Average      No.  Group-eV   Average      No.  Group-eV   Average      No.  Group-eV   Average

   135 70000000.0 2.6966E-10    143 200000000. 0.0           151 520000000. 0.0           159 840000000. 0.0       
   136 80000000.0 2.05581E-6    144 240000000. 0.0           152 560000000. 0.0           160 880000000. 0.0       
   137 90000000.0 2.97453E-5    145 280000000. 0.0           153 600000000. 0.0           161 920000000. 0.0       
   138 100000000. 1.15429E-4    146 320000000. 0.0           154 640000000. 0.0           162 960000000. 0.0       
   139 120000000. 1.46238E-4    147 360000000. 0.0           155 680000000. 0.0           163 1.00000E+9
   140 140000000. 0.0           148 400000000. 0.0           156 720000000. 0.0       
   141 160000000. 0.0           149 440000000. 0.0           157 760000000. 0.0       
   142 180000000. 0.0           150 480000000. 0.0           158 800000000. 0.0       
 
                                                     MT=  5
 MAT 1425                         0.0        Kelvin Unshielded Cross Sections                          14-Si-28 

   No.  Group-eV   Average      No.  Group-eV   Average      No.  Group-eV   Average      No.  Group-eV   Average

   133 55000000.0 5.4608E-13    141 160000000. 0.0           149 440000000. 0.0           157 760000000. 0.0       
   134 60000000.0 1.03269E-6    142 180000000. 0.0           150 480000000. 0.0           158 800000000. 0.0       
   135 70000000.0 4.86604E-5    143 200000000. 0.0           151 520000000. 0.0           159 840000000. 0.0       
   136 80000000.0 1.55302E-4    144 240000000. 0.0           152 560000000. 0.0           160 880000000. 0.0       
   137 90000000.0 2.05283E-4    145 280000000. 0.0           153 600000000. 0.0           161 920000000. 0.0       
   138 100000000. 1.64798E-4    146 320000000. 0.0           154 640000000. 0.0           162 960000000. 0.0       
   139 120000000. 1.06517E-4    147 360000000. 0.0           155 680000000. 0.0           163 1.00000E+9
   140 140000000. 0.0           148 400000000. 0.0           156 720000000. 0.0       
 
                                                     MT=  5
 MAT 1425                         0.0        Kelvin Unshielded Cross Sections                          14-Si-28 

   No.  Group-eV   Average      No.  Group-eV   Average      No.  Group-eV   Average      No.  Group-eV   Average

   129 40000000.0 3.14851E-7    138 100000000. 2.26642E-4    147 360000000. 0.0           156 720000000. 0.0       
   130 45000000.0 2.62543E-5    139 120000000. 1.71332E-4    148 400000000. 0.0           157 760000000. 0.0       
   131 50000000.0 1.19475E-4    140 140000000. 0.0           149 440000000. 0.0           158 800000000. 0.0       
   132 54000000.0 1.78177E-4    141 160000000. 0.0           150 480000000. 0.0           159 840000000. 0.0       
   133 55000000.0 2.28592E-4    142 180000000. 0.0           151 520000000. 0.0           160 880000000. 0.0       
   134 60000000.0 3.34022E-4    143 200000000. 0.0           152 560000000. 0.0           161 920000000. 0.0       
   135 70000000.0 4.18578E-4    144 240000000. 0.0           153 600000000. 0.0           162 960000000. 0.0       
   136 80000000.0 3.73261E-4    145 280000000. 0.0           154 640000000. 0.0           163 1.00000E+9
   137 90000000.0 2.99018E-4    146 320000000. 0.0           155 680000000. 0.0       
 
                                                     MT=  5
 MAT 1425                         0.0        Kelvin Unshielded Cross Sections                          14-Si-28 

   No.  Group-eV   Average      No.  Group-eV   Average      No.  Group-eV   Average      No.  Group-eV   Average

   125 26000000.0 3.11159E-7    135 70000000.0 1.94297E-5    145 280000000. 0.0           155 680000000. 0.0       
   126 28000000.0 1.62639E-6    136 80000000.0 1.27707E-5    146 320000000. 0.0           156 720000000. 0.0       
   127 30000000.0 1.29954E-4    137 90000000.0 9.15669E-6    147 360000000. 0.0           157 760000000. 0.0       
   128 35000000.0 4.27880E-4    138 100000000. 6.52630E-6    148 400000000. 0.0           158 800000000. 0.0       
   129 40000000.0 4.58036E-4    139 120000000. 4.74487E-6    149 440000000. 0.0           159 840000000. 0.0       
   130 45000000.0 3.92156E-4    140 140000000. 0.0           150 480000000. 0.0           160 880000000. 0.0       
   131 50000000.0 2.54392E-4    141 160000000. 0.0           151 520000000. 0.0           161 920000000. 0.0       
   132 54000000.0 1.75180E-4    142 180000000. 0.0           152 560000000. 0.0           162 960000000. 0.0       
   133 55000000.0 1.12231E-4    143 200000000. 0.0           153 600000000. 0.0           163 1.00000E+9
   134 60000000.0 4.13710E-5    144 240000000. 0.0           154 640000000. 0.0       
 
                                                     MT=  5
 MAT 1425                         0.0        Kelvin Unshielded Cross Sections                          14-Si-28 

   No.  Group-eV   Average      No.  Group-eV   Average      No.  Group-eV   Average      No.  Group-eV   Average

   111 9800000.00 1.19750E-6    125 26000000.0 .001489407    139 120000000. 3.94672E-5    153 600000000. 0.0       
   112 10000000.0 2.86719E-4    126 28000000.0 .001264021    140 140000000. 0.0           154 640000000. 0.0       
   113 11000000.0 2.52896E-4    127 30000000.0 7.35795E-4    141 160000000. 0.0           155 680000000. 0.0       
   114 12000000.0 1.58483E-4    128 35000000.0 1.78526E-4    142 180000000. 0.0           156 720000000. 0.0       
   115 13000000.0 1.34748E-4    129 40000000.0 3.46748E-5    143 200000000. 0.0           157 760000000. 0.0       
   116 14000000.0 3.70252E-4    130 45000000.0 1.92550E-5    144 240000000. 0.0           158 800000000. 0.0       
   117 15000000.0 8.19981E-4    131 50000000.0 6.37053E-5    145 280000000. 0.0           159 840000000. 0.0       
   118 16000000.0 7.43292E-4    132 54000000.0 1.08963E-4    146 320000000. 0.0           160 880000000. 0.0       
   119 17000000.0 .002812337    133 55000000.0 1.69605E-4    147 360000000. 0.0           161 920000000. 0.0       
   120 18000000.0 .005353869    134 60000000.0 2.46648E-4    148 400000000. 0.0           162 960000000. 0.0       
   121 19000000.0 .005248277    135 70000000.0 1.92473E-4    149 440000000. 0.0           163 1.00000E+9
   122 20000000.0 .003873354    136 80000000.0 1.22222E-4    150 480000000. 0.0       
   123 22000000.0 .001788021    137 90000000.0 8.36223E-5    151 520000000. 0.0       
   124 24000000.0 .001410443    138 100000000. 5.63126E-5    152 560000000. 0.0       
 
                                                     MT=  5
 MAT 1425                         0.0        Kelvin Unshielded Cross Sections                          14-Si-28 

   No.  Group-eV   Average      No.  Group-eV   Average      No.  Group-eV   Average      No.  Group-eV   Average

   127 30000000.0 7.57966E-7    137 90000000.0 6.80902E-5    147 360000000. 0.0           157 760000000. 0.0       
   128 35000000.0 1.17080E-4    138 100000000. 4.31229E-5    148 400000000. 0.0           158 800000000. 0.0       
   129 40000000.0 4.69757E-4    139 120000000. 2.73759E-5    149 440000000. 0.0           159 840000000. 0.0       
   130 45000000.0 6.80459E-4    140 140000000. 0.0           150 480000000. 0.0           160 880000000. 0.0       
   131 50000000.0 6.85838E-4    141 160000000. 0.0           151 520000000. 0.0           161 920000000. 0.0       
   132 54000000.0 6.37815E-4    142 180000000. 0.0           152 560000000. 0.0           162 960000000. 0.0       
   133 55000000.0 5.54795E-4    143 200000000. 0.0           153 600000000. 0.0           163 1.00000E+9
   134 60000000.0 3.52609E-4    144 240000000. 0.0           154 640000000. 0.0       
   135 70000000.0 1.82046E-4    145 280000000. 0.0           155 680000000. 0.0       
   136 80000000.0 1.04902E-4    146 320000000. 0.0           156 720000000. 0.0       
 
                                                     MT=  5
 MAT 1425                         0.0        Kelvin Unshielded Cross Sections                          14-Si-28 

   No.  Group-eV   Average      No.  Group-eV   Average      No.  Group-eV   Average      No.  Group-eV   Average

   122 20000000.0 2.52954E-5    133 55000000.0 1.36772E-4    144 240000000. 0.0           155 680000000. 0.0       
   123 22000000.0 .001371487    134 60000000.0 9.64704E-5    145 280000000. 0.0           156 720000000. 0.0       
   124 24000000.0 .005142374    135 70000000.0 7.34562E-5    146 320000000. 0.0           157 760000000. 0.0       
   125 26000000.0 .008374999    136 80000000.0 6.44952E-5    147 360000000. 0.0           158 800000000. 0.0       
   126 28000000.0 .007312876    137 90000000.0 6.06401E-5    148 400000000. 0.0           159 840000000. 0.0       
   127 30000000.0 .003662655    138 100000000. 5.82494E-5    149 440000000. 0.0           160 880000000. 0.0       
   128 35000000.0 .001545118    139 120000000. 5.66285E-5    150 480000000. 0.0           161 920000000. 0.0       
   129 40000000.0 7.35337E-4    140 140000000. 0.0           151 520000000. 0.0           162 960000000. 0.0       
   130 45000000.0 3.57358E-4    141 160000000. 0.0           152 560000000. 0.0           163 1.00000E+9
   131 50000000.0 2.10550E-4    142 180000000. 0.0           153 600000000. 0.0       
   132 54000000.0 1.66869E-4    143 200000000. 0.0           154 640000000. 0.0       
 
                                                     MT=  5
 MAT 1425                         0.0        Kelvin Unshielded Cross Sections                          14-Si-28 

   No.  Group-eV   Average      No.  Group-eV   Average      No.  Group-eV   Average      No.  Group-eV   Average

   137 90000000.0 2.5153E-10    144 240000000. 0.0           151 520000000. 0.0           158 800000000. 0.0       
   138 100000000. 3.16156E-6    145 280000000. 0.0           152 560000000. 0.0           159 840000000. 0.0       
   139 120000000. 4.58446E-5    146 320000000. 0.0           153 600000000. 0.0           160 880000000. 0.0       
   140 140000000. 0.0           147 360000000. 0.0           154 640000000. 0.0           161 920000000. 0.0       
   141 160000000. 0.0           148 400000000. 0.0           155 680000000. 0.0           162 960000000. 0.0       
   142 180000000. 0.0           149 440000000. 0.0           156 720000000. 0.0           163 1.00000E+9
   143 200000000. 0.0           150 480000000. 0.0           157 760000000. 0.0       
 
                                                     MT=  5
 MAT 1425                         0.0        Kelvin Unshielded Cross Sections                          14-Si-28 

   No.  Group-eV   Average      No.  Group-eV   Average      No.  Group-eV   Average      No.  Group-eV   Average

   135 70000000.0 1.3619E-13    143 200000000. 0.0           151 520000000. 0.0           159 840000000. 0.0       
   136 80000000.0 6.75899E-7    144 240000000. 0.0           152 560000000. 0.0           160 880000000. 0.0       
   137 90000000.0 1.54401E-5    145 280000000. 0.0           153 600000000. 0.0           161 920000000. 0.0       
   138 100000000. 1.01428E-4    146 320000000. 0.0           154 640000000. 0.0           162 960000000. 0.0       
   139 120000000. 1.84938E-4    147 360000000. 0.0           155 680000000. 0.0           163 1.00000E+9
   140 140000000. 0.0           148 400000000. 0.0           156 720000000. 0.0       
   141 160000000. 0.0           149 440000000. 0.0           157 760000000. 0.0       
   142 180000000. 0.0           150 480000000. 0.0           158 800000000. 0.0       
 
                                                     MT=  5
 MAT 1425                         0.0        Kelvin Unshielded Cross Sections                          14-Si-28 

   No.  Group-eV   Average      No.  Group-eV   Average      No.  Group-eV   Average      No.  Group-eV   Average

   134 60000000.0 5.76119E-6    142 180000000. 0.0           150 480000000. 0.0           158 800000000. 0.0       
   135 70000000.0 9.19467E-5    143 200000000. 0.0           151 520000000. 0.0           159 840000000. 0.0       
   136 80000000.0 2.48019E-4    144 240000000. 0.0           152 560000000. 0.0           160 880000000. 0.0       
   137 90000000.0 3.52448E-4    145 280000000. 0.0           153 600000000. 0.0           161 920000000. 0.0       
   138 100000000. 3.24503E-4    146 320000000. 0.0           154 640000000. 0.0           162 960000000. 0.0       
   139 120000000. 1.98946E-4    147 360000000. 0.0           155 680000000. 0.0           163 1.00000E+9
   140 140000000. 0.0           148 400000000. 0.0           156 720000000. 0.0       
   141 160000000. 0.0           149 440000000. 0.0           157 760000000. 0.0       
 
                                                     MT=  5
 MAT 1425                         0.0        Kelvin Unshielded Cross Sections                          14-Si-28 

   No.  Group-eV   Average      No.  Group-eV   Average      No.  Group-eV   Average      No.  Group-eV   Average

   129 40000000.0 8.9158E-10    138 100000000. 3.03530E-4    147 360000000. 0.0           156 720000000. 0.0       
   130 45000000.0 5.36446E-6    139 120000000. 2.33670E-4    148 400000000. 0.0           157 760000000. 0.0       
   131 50000000.0 7.01013E-5    140 140000000. 0.0           149 440000000. 0.0           158 800000000. 0.0       
   132 54000000.0 1.56100E-4    141 160000000. 0.0           150 480000000. 0.0           159 840000000. 0.0       
   133 55000000.0 2.86039E-4    142 180000000. 0.0           151 520000000. 0.0           160 880000000. 0.0       
   134 60000000.0 5.42684E-4    143 200000000. 0.0           152 560000000. 0.0           161 920000000. 0.0       
   135 70000000.0 6.33340E-4    144 240000000. 0.0           153 600000000. 0.0           162 960000000. 0.0       
   136 80000000.0 5.25884E-4    145 280000000. 0.0           154 640000000. 0.0           163 1.00000E+9
   137 90000000.0 4.07715E-4    146 320000000. 0.0           155 680000000. 0.0       
 
                                                     MT=  5
 MAT 1425                         0.0        Kelvin Unshielded Cross Sections                          14-Si-28 

   No.  Group-eV   Average      No.  Group-eV   Average      No.  Group-eV   Average      No.  Group-eV   Average

   126 28000000.0 3.28271E-6    136 80000000.0 3.23970E-4    146 320000000. 0.0           156 720000000. 0.0       
   127 30000000.0 2.23973E-5    137 90000000.0 2.71476E-4    147 360000000. 0.0           157 760000000. 0.0       
   128 35000000.0 1.09724E-4    138 100000000. 2.28899E-4    148 400000000. 0.0           158 800000000. 0.0       
   129 40000000.0 5.97599E-4    139 120000000. 1.97998E-4    149 440000000. 0.0           159 840000000. 0.0       
   130 45000000.0 9.59858E-4    140 140000000. 0.0           150 480000000. 0.0           160 880000000. 0.0       
   131 50000000.0 .001034211    141 160000000. 0.0           151 520000000. 0.0           161 920000000. 0.0       
   132 54000000.0 9.83624E-4    142 180000000. 0.0           152 560000000. 0.0           162 960000000. 0.0       
   133 55000000.0 8.70295E-4    143 200000000. 0.0           153 600000000. 0.0           163 1.00000E+9
   134 60000000.0 6.11822E-4    144 240000000. 0.0           154 640000000. 0.0       
   135 70000000.0 4.15517E-4    145 280000000. 0.0           155 680000000. 0.0       
 
                                                     MT=  5
 MAT 1425                         0.0        Kelvin Unshielded Cross Sections                          14-Si-28 

   No.  Group-eV   Average      No.  Group-eV   Average      No.  Group-eV   Average      No.  Group-eV   Average

   124 24000000.0 2.89194E-5    134 60000000.0 3.90667E-4    144 240000000. 0.0           154 640000000. 0.0       
   125 26000000.0 6.74856E-4    135 70000000.0 2.87472E-4    145 280000000. 0.0           155 680000000. 0.0       
   126 28000000.0 .002071594    136 80000000.0 2.27351E-4    146 320000000. 0.0           156 720000000. 0.0       
   127 30000000.0 .003100974    137 90000000.0 1.92584E-4    147 360000000. 0.0           157 760000000. 0.0       
   128 35000000.0 .002795349    138 100000000. 1.63148E-4    148 400000000. 0.0           158 800000000. 0.0       
   129 40000000.0 .001792243    139 120000000. 1.37138E-4    149 440000000. 0.0           159 840000000. 0.0       
   130 45000000.0 .001061360    140 140000000. 0.0           150 480000000. 0.0           160 880000000. 0.0       
   131 50000000.0 7.27018E-4    141 160000000. 0.0           151 520000000. 0.0           161 920000000. 0.0       
   132 54000000.0 6.14690E-4    142 180000000. 0.0           152 560000000. 0.0           162 960000000. 0.0       
   133 55000000.0 5.27264E-4    143 200000000. 0.0           153 600000000. 0.0           163 1.00000E+9
 
                                                     MT=  5
 MAT 1425                         0.0        Kelvin Unshielded Cross Sections                          14-Si-28 

   No.  Group-eV   Average      No.  Group-eV   Average      No.  Group-eV   Average      No.  Group-eV   Average

   114 12000000.0 .001817021    127 30000000.0 8.44693E-4    140 140000000. 0.0           153 600000000. 0.0       
   115 13000000.0 .002911365    128 35000000.0 2.42472E-4    141 160000000. 0.0           154 640000000. 0.0       
   116 14000000.0 .005209039    129 40000000.0 1.16984E-4    142 180000000. 0.0           155 680000000. 0.0       
   117 15000000.0 .007040981    130 45000000.0 7.06726E-5    143 200000000. 0.0           156 720000000. 0.0       
   118 16000000.0 .003985452    131 50000000.0 4.95799E-5    144 240000000. 0.0           157 760000000. 0.0       
   119 17000000.0 .013190633    132 54000000.0 4.13902E-5    145 280000000. 0.0           158 800000000. 0.0       
   120 18000000.0 .026738206    133 55000000.0 3.42222E-5    146 320000000. 0.0           159 840000000. 0.0       
   121 19000000.0 .029804741    134 60000000.0 2.22950E-5    147 360000000. 0.0           160 880000000. 0.0       
   122 20000000.0 .027671633    135 70000000.0 1.34753E-5    148 400000000. 0.0           161 920000000. 0.0       
   123 22000000.0 .015193713    136 80000000.0 8.70704E-6    149 440000000. 0.0           162 960000000. 0.0       
   124 24000000.0 .009128511    137 90000000.0 5.88377E-6    150 480000000. 0.0           163 1.00000E+9
   125 26000000.0 .005776922    138 100000000. 3.54411E-6    151 520000000. 0.0       
   126 28000000.0 .002745933    139 120000000. 1.92637E-6    152 560000000. 0.0       
 
                                                     MT=  5
 MAT 1425                         0.0        Kelvin Unshielded Cross Sections                          14-Si-28 

   No.  Group-eV   Average      No.  Group-eV   Average      No.  Group-eV   Average      No.  Group-eV   Average

   136 80000000.0 2.5576E-10    143 200000000. 0.0           150 480000000. 0.0           157 760000000. 0.0       
   137 90000000.0 1.96430E-7    144 240000000. 0.0           151 520000000. 0.0           158 800000000. 0.0       
   138 100000000. 4.41380E-6    145 280000000. 0.0           152 560000000. 0.0           159 840000000. 0.0       
   139 120000000. 1.41556E-5    146 320000000. 0.0           153 600000000. 0.0           160 880000000. 0.0       
   140 140000000. 0.0           147 360000000. 0.0           154 640000000. 0.0           161 920000000. 0.0       
   141 160000000. 0.0           148 400000000. 0.0           155 680000000. 0.0           162 960000000. 0.0       
   142 180000000. 0.0           149 440000000. 0.0           156 720000000. 0.0           163 1.00000E+9
 
                                                     MT=  5
 MAT 1425                         0.0        Kelvin Unshielded Cross Sections                          14-Si-28 

   No.  Group-eV   Average      No.  Group-eV   Average      No.  Group-eV   Average      No.  Group-eV   Average

   134 60000000.0 1.67211E-8    142 180000000. 0.0           150 480000000. 0.0           158 800000000. 0.0       
   135 70000000.0 2.05202E-6    143 200000000. 0.0           151 520000000. 0.0           159 840000000. 0.0       
   136 80000000.0 9.18556E-6    144 240000000. 0.0           152 560000000. 0.0           160 880000000. 0.0       
   137 90000000.0 1.76210E-5    145 280000000. 0.0           153 600000000. 0.0           161 920000000. 0.0       
   138 100000000. 2.32070E-5    146 320000000. 0.0           154 640000000. 0.0           162 960000000. 0.0       
   139 120000000. 2.03206E-5    147 360000000. 0.0           155 680000000. 0.0           163 1.00000E+9
   140 140000000. 0.0           148 400000000. 0.0           156 720000000. 0.0       
   141 160000000. 0.0           149 440000000. 0.0           157 760000000. 0.0       
 
                                                     MT=  5
 MAT 1425                         0.0        Kelvin Unshielded Cross Sections                          14-Si-28 

   No.  Group-eV   Average      No.  Group-eV   Average      No.  Group-eV   Average      No.  Group-eV   Average

   130 45000000.0 2.0699E-11    139 120000000. 6.64677E-6    148 400000000. 0.0           157 760000000. 0.0       
   131 50000000.0 3.75555E-7    140 140000000. 0.0           149 440000000. 0.0           158 800000000. 0.0       
   132 54000000.0 1.53961E-6    141 160000000. 0.0           150 480000000. 0.0           159 840000000. 0.0       
   133 55000000.0 4.38298E-6    142 180000000. 0.0           151 520000000. 0.0           160 880000000. 0.0       
   134 60000000.0 1.24455E-5    143 200000000. 0.0           152 560000000. 0.0           161 920000000. 0.0       
   135 70000000.0 1.95248E-5    144 240000000. 0.0           153 600000000. 0.0           162 960000000. 0.0       
   136 80000000.0 1.90587E-5    145 280000000. 0.0           154 640000000. 0.0           163 1.00000E+9
   137 90000000.0 1.54674E-5    146 320000000. 0.0           155 680000000. 0.0       
   138 100000000. 1.06213E-5    147 360000000. 0.0           156 720000000. 0.0       
 
                                                     MT=  5
 MAT 1425                         0.0        Kelvin Unshielded Cross Sections                          14-Si-28 

   No.  Group-eV   Average      No.  Group-eV   Average      No.  Group-eV   Average      No.  Group-eV   Average

   127 30000000.0 4.96382E-6    137 90000000.0 6.82178E-6    147 360000000. 0.0           157 760000000. 0.0       
   128 35000000.0 2.21647E-5    138 100000000. 4.48090E-6    148 400000000. 0.0           158 800000000. 0.0       
   129 40000000.0 3.52010E-5    139 120000000. 2.99845E-6    149 440000000. 0.0           159 840000000. 0.0       
   130 45000000.0 3.94406E-5    140 140000000. 0.0           150 480000000. 0.0           160 880000000. 0.0       
   131 50000000.0 3.95525E-5    141 160000000. 0.0           151 520000000. 0.0           161 920000000. 0.0       
   132 54000000.0 3.80078E-5    142 180000000. 0.0           152 560000000. 0.0           162 960000000. 0.0       
   133 55000000.0 3.44016E-5    143 200000000. 0.0           153 600000000. 0.0           163 1.00000E+9
   134 60000000.0 2.48901E-5    144 240000000. 0.0           154 640000000. 0.0       
   135 70000000.0 1.56474E-5    145 280000000. 0.0           155 680000000. 0.0       
   136 80000000.0 1.01493E-5    146 320000000. 0.0           156 720000000. 0.0       
 
                                                     MT=  5
 MAT 1425                         0.0        Kelvin Unshielded Cross Sections                          14-Si-28 

   No.  Group-eV   Average      No.  Group-eV   Average      No.  Group-eV   Average      No.  Group-eV   Average

   118 16000000.0 2.48651E-4    130 45000000.0 7.11531E-5    142 180000000. 0.0           154 640000000. 0.0       
   119 17000000.0 .002543816    131 50000000.0 5.08098E-5    143 200000000. 0.0           155 680000000. 0.0       
   120 18000000.0 .008346621    132 54000000.0 4.27428E-5    144 240000000. 0.0           156 720000000. 0.0       
   121 19000000.0 .012176633    133 55000000.0 3.55528E-5    145 280000000. 0.0           157 760000000. 0.0       
   122 20000000.0 .013268598    134 60000000.0 2.30359E-5    146 320000000. 0.0           158 800000000. 0.0       
   123 22000000.0 .007725462    135 70000000.0 1.33748E-5    147 360000000. 0.0           159 840000000. 0.0       
   124 24000000.0 .005688042    136 80000000.0 9.39151E-6    148 400000000. 0.0           160 880000000. 0.0       
   125 26000000.0 .004360072    137 90000000.0 7.40039E-6    149 440000000. 0.0           161 920000000. 0.0       
   126 28000000.0 .002227875    138 100000000. 5.43897E-6    150 480000000. 0.0           162 960000000. 0.0       
   127 30000000.0 7.28022E-4    139 120000000. 3.58340E-6    151 520000000. 0.0           163 1.00000E+9
   128 35000000.0 2.24142E-4    140 140000000. 0.0           152 560000000. 0.0       
   129 40000000.0 1.14096E-4    141 160000000. 0.0           153 600000000. 0.0       
 
                                                     MT=  5
 MAT 1425                         0.0        Kelvin Unshielded Cross Sections                          14-Si-28 

   No.  Group-eV   Average      No.  Group-eV   Average      No.  Group-eV   Average      No.  Group-eV   Average

   111 9800000.00 7.38356E-5    125 26000000.0 .022961672    139 120000000. .003634125    153 600000000. 0.0       
   112 10000000.0 .002238400    126 28000000.0 .016830333    140 140000000. 0.0           154 640000000. 0.0       
   113 11000000.0 .002742126    127 30000000.0 .011863098    141 160000000. 0.0           155 680000000. 0.0       
   114 12000000.0 .001049351    128 35000000.0 .009021812    142 180000000. 0.0           156 720000000. 0.0       
   115 13000000.0 4.54329E-4    129 40000000.0 .006827244    143 200000000. 0.0           157 760000000. 0.0       
   116 14000000.0 .002944283    130 45000000.0 .005733119    144 240000000. 0.0           158 800000000. 0.0       
   117 15000000.0 .005196719    131 50000000.0 .005195636    145 280000000. 0.0           159 840000000. 0.0       
   118 16000000.0 .003912471    132 54000000.0 .004951462    146 320000000. 0.0           160 880000000. 0.0       
   119 17000000.0 .017301904    133 55000000.0 .004752457    147 360000000. 0.0           161 920000000. 0.0       
   120 18000000.0 .043491694    134 60000000.0 .004548116    148 400000000. 0.0           162 960000000. 0.0       
   121 19000000.0 .056560078    135 70000000.0 .004311516    149 440000000. 0.0           163 1.00000E+9
   122 20000000.0 .060715496    136 80000000.0 .003900334    150 480000000. 0.0       
   123 22000000.0 .038055444    137 90000000.0 .003666232    151 520000000. 0.0       
   124 24000000.0 .027304982    138 100000000. .003613319    152 560000000. 0.0       
 
