 ENDF Activation Cross Sections (ACTIVATE 2019-1)
 ------------------------------------------------------------------------------
 ENDF Input and Output Data Filenames
 ------------------------------------------------------------------------------
 ACTIVATE.IN                                                             
 ACTIVATE.OUT                                                            
 ------------------------------------------------------------------------------
 ENDF Tape Label
 ------------------------------------------------------------------------------
  JENDL/PD-2016.1  Sr- 84                                             1
 ------------------------------------------------------------------------------
   Material  MAT  MF  MT  ENDF    ZAP Final      Q-Value Points Points
                          Format      State           eV     In    Out
 ------------------------------------------------------------------------------
  38-Sr-84  3825  10   5   6        1     0   0.0            88     88
  38-Sr-84  3825  10   5   6     1001     0   0.0            88     88
  38-Sr-84  3825  10   5   6     1002     0   0.0            88     88
  38-Sr-84  3825  10   5   6     1003     0   0.0            88     88
  38-Sr-84  3825  10   5   6     2003     0   0.0            88     88
  38-Sr-84  3825  10   5   6     2004     0   0.0            88     88
  38-Sr-84  3825  10   5   6    18046     0   0.0            88     88
  38-Sr-84  3825  10   5   6    19047     0   0.0            88     88
  38-Sr-84  3825  10   5   6    19048     0   0.0            88     88
  38-Sr-84  3825  10   5   6    19049     0   0.0            88     88
  38-Sr-84  3825  10   5   6    20048     0   0.0            88     88
  38-Sr-84  3825  10   5   6    20049     0   0.0            88     88
  38-Sr-84  3825  10   5   6    20050     0   0.0            88     88
  38-Sr-84  3825  10   5   6    20051     0   0.0            88     88
  38-Sr-84  3825  10   5   6    20052     0   0.0            88     88
  38-Sr-84  3825  10   5   6    21049     0   0.0            88     88
  38-Sr-84  3825  10   5   6    21050     0   0.0            88     88
  38-Sr-84  3825  10   5   6    21050     1   0.0            88     88
  38-Sr-84  3825  10   5   6    21051     0   0.0            88     88
  38-Sr-84  3825  10   5   6    21052     0   0.0            88     88
  38-Sr-84  3825  10   5   6    21053     0   0.0            88     88
  38-Sr-84  3825  10   5   6    21054     0   0.0            88     88
  38-Sr-84  3825  10   5   6    21055     0   0.0            88     88
  38-Sr-84  3825  10   5   6    22050     0   0.0            88     88
  38-Sr-84  3825  10   5   6    22051     0   0.0            88     88
  38-Sr-84  3825  10   5   6    22052     0   0.0            88     88
  38-Sr-84  3825  10   5   6    22053     0   0.0            88     88
  38-Sr-84  3825  10   5   6    22054     0   0.0            88     88
  38-Sr-84  3825  10   5   6    22055     0   0.0            88     88
  38-Sr-84  3825  10   5   6    22056     0   0.0            88     88
  38-Sr-84  3825  10   5   6    22057     0   0.0            88     88
  38-Sr-84  3825  10   5   6    22058     0   0.0            88     88
  38-Sr-84  3825  10   5   6    23051     0   0.0            88     88
  38-Sr-84  3825  10   5   6    23052     0   0.0            88     88
  38-Sr-84  3825  10   5   6    23053     0   0.0            88     88
  38-Sr-84  3825  10   5   6    23054     0   0.0            88     88
  38-Sr-84  3825  10   5   6    23055     0   0.0            88     88
  38-Sr-84  3825  10   5   6    23056     0   0.0            88     88
  38-Sr-84  3825  10   5   6    23057     0   0.0            88     88
  38-Sr-84  3825  10   5   6    23058     0   0.0            88     88
  38-Sr-84  3825  10   5   6    23059     0   0.0            88     88
  38-Sr-84  3825  10   5   6    23060     0   0.0            88     88
  38-Sr-84  3825  10   5   6    23060     1   0.0            88     88
  38-Sr-84  3825  10   5   6    23061     0   0.0            88     88
  38-Sr-84  3825  10   5   6    24052     0   0.0            88     88
  38-Sr-84  3825  10   5   6    24053     0   0.0            88     88
  38-Sr-84  3825  10   5   6    24054     0   0.0            88     88
  38-Sr-84  3825  10   5   6    24055     0   0.0            88     88
  38-Sr-84  3825  10   5   6    24056     0   0.0            88     88
  38-Sr-84  3825  10   5   6    24057     0   0.0            88     88
  38-Sr-84  3825  10   5   6    24058     0   0.0            88     88
  38-Sr-84  3825  10   5   6    24059     0   0.0            88     88
  38-Sr-84  3825  10   5   6    24060     0   0.0            88     88
  38-Sr-84  3825  10   5   6    24061     0   0.0            88     88
  38-Sr-84  3825  10   5   6    24062     0   0.0            88     88
  38-Sr-84  3825  10   5   6    24063     0   0.0            88     88
  38-Sr-84  3825  10   5   6    24064     0   0.0            88     88
  38-Sr-84  3825  10   5   6    25053     0   0.0            88     88
  38-Sr-84  3825  10   5   6    25054     0   0.0            88     88
  38-Sr-84  3825  10   5   6    25055     0   0.0            88     88
  38-Sr-84  3825  10   5   6    25056     0   0.0            88     88
  38-Sr-84  3825  10   5   6    25057     0   0.0            88     88
  38-Sr-84  3825  10   5   6    25058     0   0.0            88     88
  38-Sr-84  3825  10   5   6    25058     1   0.0            88     88
  38-Sr-84  3825  10   5   6    25059     0   0.0            88     88
  38-Sr-84  3825  10   5   6    25060     0   0.0            88     88
  38-Sr-84  3825  10   5   6    25060     1   0.0            88     88
  38-Sr-84  3825  10   5   6    25061     0   0.0            88     88
  38-Sr-84  3825  10   5   6    25062     0   0.0            88     88
  38-Sr-84  3825  10   5   6    25063     0   0.0            88     88
  38-Sr-84  3825  10   5   6    25064     0   0.0            88     88
  38-Sr-84  3825  10   5   6    25065     0   0.0            88     88
  38-Sr-84  3825  10   5   6    25066     0   0.0            88     88
  38-Sr-84  3825  10   5   6    26054     0   0.0            88     88
  38-Sr-84  3825  10   5   6    26055     0   0.0            88     88
  38-Sr-84  3825  10   5   6    26056     0   0.0            88     88
  38-Sr-84  3825  10   5   6    26057     0   0.0            88     88
  38-Sr-84  3825  10   5   6    26058     0   0.0            88     88
  38-Sr-84  3825  10   5   6    26059     0   0.0            88     88
  38-Sr-84  3825  10   5   6    26060     0   0.0            88     88
  38-Sr-84  3825  10   5   6    26061     0   0.0            88     88
  38-Sr-84  3825  10   5   6    26062     0   0.0            88     88
  38-Sr-84  3825  10   5   6    26063     0   0.0            88     88
  38-Sr-84  3825  10   5   6    26064     0   0.0            88     88
  38-Sr-84  3825  10   5   6    26065     0   0.0            88     88
  38-Sr-84  3825  10   5   6    26066     0   0.0            88     88
  38-Sr-84  3825  10   5   6    26067     0   0.0            88     88
  38-Sr-84  3825  10   5   6    26068     0   0.0            88     88
  38-Sr-84  3825  10   5   6    27055     0   0.0            88     88
  38-Sr-84  3825  10   5   6    27056     0   0.0            88     88
  38-Sr-84  3825  10   5   6    27057     0   0.0            88     88
  38-Sr-84  3825  10   5   6    27058     0   0.0            88     88
  38-Sr-84  3825  10   5   6    27058     1   0.0            88     88
  38-Sr-84  3825  10   5   6    27059     0   0.0            88     88
  38-Sr-84  3825  10   5   6    27060     0   0.0            88     88
  38-Sr-84  3825  10   5   6    27060     1   0.0            88     88
  38-Sr-84  3825  10   5   6    27061     0   0.0            88     88
  38-Sr-84  3825  10   5   6    27062     0   0.0            88     88
  38-Sr-84  3825  10   5   6    27062     1   0.0            88     88
  38-Sr-84  3825  10   5   6    27063     0   0.0            88     88
  38-Sr-84  3825  10   5   6    27064     0   0.0            88     88
  38-Sr-84  3825  10   5   6    27065     0   0.0            88     88
  38-Sr-84  3825  10   5   6    27066     0   0.0            88     88
  38-Sr-84  3825  10   5   6    27067     0   0.0            88     88
  38-Sr-84  3825  10   5   6    27068     0   0.0            88     88
  38-Sr-84  3825  10   5   6    27068     1   0.0            88     88
  38-Sr-84  3825  10   5   6    27069     0   0.0            88     88
  38-Sr-84  3825  10   5   6    27070     0   0.0            88     88
  38-Sr-84  3825  10   5   6    27070     1   0.0            88     88
  38-Sr-84  3825  10   5   6    27071     0   0.0            88     88
  38-Sr-84  3825  10   5   6    28056     0   0.0            88     88
  38-Sr-84  3825  10   5   6    28057     0   0.0            88     88
  38-Sr-84  3825  10   5   6    28058     0   0.0            88     88
  38-Sr-84  3825  10   5   6    28059     0   0.0            88     88
  38-Sr-84  3825  10   5   6    28060     0   0.0            88     88
  38-Sr-84  3825  10   5   6    28061     0   0.0            88     88
  38-Sr-84  3825  10   5   6    28062     0   0.0            88     88
  38-Sr-84  3825  10   5   6    28063     0   0.0            88     88
  38-Sr-84  3825  10   5   6    28064     0   0.0            88     88
  38-Sr-84  3825  10   5   6    28065     0   0.0            88     88
  38-Sr-84  3825  10   5   6    28066     0   0.0            88     88
  38-Sr-84  3825  10   5   6    28067     0   0.0            88     88
  38-Sr-84  3825  10   5   6    28068     0   0.0            88     88
  38-Sr-84  3825  10   5   6    28069     0   0.0            88     88
  38-Sr-84  3825  10   5   6    28070     0   0.0            88     88
  38-Sr-84  3825  10   5   6    28071     0   0.0            88     88
  38-Sr-84  3825  10   5   6    28072     0   0.0            88     88
  38-Sr-84  3825  10   5   6    28073     0   0.0            88     88
  38-Sr-84  3825  10   5   6    29057     0   0.0            88     88
  38-Sr-84  3825  10   5   6    29058     0   0.0            88     88
  38-Sr-84  3825  10   5   6    29059     0   0.0            88     88
  38-Sr-84  3825  10   5   6    29060     0   0.0            88     88
  38-Sr-84  3825  10   5   6    29061     0   0.0            88     88
  38-Sr-84  3825  10   5   6    29062     0   0.0            88     88
  38-Sr-84  3825  10   5   6    29063     0   0.0            88     88
  38-Sr-84  3825  10   5   6    29064     0   0.0            88     88
  38-Sr-84  3825  10   5   6    29065     0   0.0            88     88
  38-Sr-84  3825  10   5   6    29066     0   0.0            88     88
  38-Sr-84  3825  10   5   6    29067     0   0.0            88     88
  38-Sr-84  3825  10   5   6    29068     0   0.0            88     88
  38-Sr-84  3825  10   5   6    29068     1   0.0            88     88
  38-Sr-84  3825  10   5   6    29069     0   0.0            88     88
  38-Sr-84  3825  10   5   6    29070     0   0.0            88     88
  38-Sr-84  3825  10   5   6    29070     1   0.0            88     88
  38-Sr-84  3825  10   5   6    29071     0   0.0            88     88
  38-Sr-84  3825  10   5   6    29072     0   0.0            88     88
  38-Sr-84  3825  10   5   6    29073     0   0.0            88     88
  38-Sr-84  3825  10   5   6    29074     0   0.0            88     88
  38-Sr-84  3825  10   5   6    30058     0   0.0            88     88
  38-Sr-84  3825  10   5   6    30059     0   0.0            88     88
  38-Sr-84  3825  10   5   6    30060     0   0.0            88     88
  38-Sr-84  3825  10   5   6    30061     0   0.0            88     88
  38-Sr-84  3825  10   5   6    30061     1   0.0            88     88
  38-Sr-84  3825  10   5   6    30061     2   0.0            88     88
  38-Sr-84  3825  10   5   6    30061     3   0.0            88     88
  38-Sr-84  3825  10   5   6    30062     0   0.0            88     88
  38-Sr-84  3825  10   5   6    30063     0   0.0            88     88
  38-Sr-84  3825  10   5   6    30064     0   0.0            88     88
  38-Sr-84  3825  10   5   6    30065     0   0.0            88     88
  38-Sr-84  3825  10   5   6    30066     0   0.0            88     88
  38-Sr-84  3825  10   5   6    30067     0   0.0            88     88
  38-Sr-84  3825  10   5   6    30068     0   0.0            88     88
  38-Sr-84  3825  10   5   6    30069     0   0.0            88     88
  38-Sr-84  3825  10   5   6    30069     1   0.0            88     88
  38-Sr-84  3825  10   5   6    30070     0   0.0            88     88
  38-Sr-84  3825  10   5   6    30071     0   0.0            88     88
  38-Sr-84  3825  10   5   6    30071     1   0.0            88     88
  38-Sr-84  3825  10   5   6    30072     0   0.0            88     88
  38-Sr-84  3825  10   5   6    30073     0   0.0            88     88
  38-Sr-84  3825  10   5   6    30074     0   0.0            88     88
  38-Sr-84  3825  10   5   6    30075     0   0.0            88     88
  38-Sr-84  3825  10   5   6    30076     0   0.0            88     88
  38-Sr-84  3825  10   5   6    31060     0   0.0            88     88
  38-Sr-84  3825  10   5   6    31061     0   0.0            88     88
  38-Sr-84  3825  10   5   6    31062     0   0.0            88     88
  38-Sr-84  3825  10   5   6    31063     0   0.0            88     88
  38-Sr-84  3825  10   5   6    31064     0   0.0            88     88
  38-Sr-84  3825  10   5   6    31065     0   0.0            88     88
  38-Sr-84  3825  10   5   6    31066     0   0.0            88     88
  38-Sr-84  3825  10   5   6    31067     0   0.0            88     88
  38-Sr-84  3825  10   5   6    31068     0   0.0            88     88
  38-Sr-84  3825  10   5   6    31069     0   0.0            88     88
  38-Sr-84  3825  10   5   6    31070     0   0.0            88     88
  38-Sr-84  3825  10   5   6    31071     0   0.0            88     88
  38-Sr-84  3825  10   5   6    31072     0   0.0            88     88
  38-Sr-84  3825  10   5   6    31073     0   0.0            88     88
  38-Sr-84  3825  10   5   6    31074     0   0.0            88     88
  38-Sr-84  3825  10   5   6    31075     0   0.0            88     88
  38-Sr-84  3825  10   5   6    31076     0   0.0            88     88
  38-Sr-84  3825  10   5   6    31077     0   0.0            88     88
  38-Sr-84  3825  10   5   6    32062     0   0.0            88     88
  38-Sr-84  3825  10   5   6    32063     0   0.0            88     88
  38-Sr-84  3825  10   5   6    32064     0   0.0            88     88
  38-Sr-84  3825  10   5   6    32065     0   0.0            88     88
  38-Sr-84  3825  10   5   6    32066     0   0.0            88     88
  38-Sr-84  3825  10   5   6    32067     0   0.0            88     88
  38-Sr-84  3825  10   5   6    32068     0   0.0            88     88
  38-Sr-84  3825  10   5   6    32069     0   0.0            88     88
  38-Sr-84  3825  10   5   6    32070     0   0.0            88     88
  38-Sr-84  3825  10   5   6    32071     0   0.0            88     88
  38-Sr-84  3825  10   5   6    32072     0   0.0            88     88
  38-Sr-84  3825  10   5   6    32073     0   0.0            88     88
  38-Sr-84  3825  10   5   6    32073     1   0.0            88     88
  38-Sr-84  3825  10   5   6    32074     0   0.0            88     88
  38-Sr-84  3825  10   5   6    32075     0   0.0            88     88
  38-Sr-84  3825  10   5   6    32075     1   0.0            88     88
  38-Sr-84  3825  10   5   6    32076     0   0.0            88     88
  38-Sr-84  3825  10   5   6    32077     0   0.0            88     88
  38-Sr-84  3825  10   5   6    32077     1   0.0            88     88
  38-Sr-84  3825  10   5   6    32078     0   0.0            88     88
  38-Sr-84  3825  10   5   6    33063     0   0.0            88     88
  38-Sr-84  3825  10   5   6    33064     0   0.0            88     88
  38-Sr-84  3825  10   5   6    33065     0   0.0            88     88
  38-Sr-84  3825  10   5   6    33066     0   0.0            88     88
  38-Sr-84  3825  10   5   6    33067     0   0.0            88     88
  38-Sr-84  3825  10   5   6    33068     0   0.0            88     88
  38-Sr-84  3825  10   5   6    33069     0   0.0            88     88
  38-Sr-84  3825  10   5   6    33070     0   0.0            88     88
  38-Sr-84  3825  10   5   6    33071     0   0.0            88     88
  38-Sr-84  3825  10   5   6    33072     0   0.0            88     88
  38-Sr-84  3825  10   5   6    33073     0   0.0            88     88
  38-Sr-84  3825  10   5   6    33074     0   0.0            88     88
  38-Sr-84  3825  10   5   6    33075     0   0.0            88     88
  38-Sr-84  3825  10   5   6    33076     0   0.0            88     88
  38-Sr-84  3825  10   5   6    33077     0   0.0            88     88
  38-Sr-84  3825  10   5   6    33078     0   0.0            88     88
  38-Sr-84  3825  10   5   6    33079     0   0.0            88     88
  38-Sr-84  3825  10   5   6    34065     0   0.0            88     88
  38-Sr-84  3825  10   5   6    34066     0   0.0            88     88
  38-Sr-84  3825  10   5   6    34067     0   0.0            88     88
  38-Sr-84  3825  10   5   6    34068     0   0.0            88     88
  38-Sr-84  3825  10   5   6    34069     0   0.0            88     88
  38-Sr-84  3825  10   5   6    34070     0   0.0            88     88
  38-Sr-84  3825  10   5   6    34071     0   0.0            88     88
  38-Sr-84  3825  10   5   6    34072     0   0.0            88     88
  38-Sr-84  3825  10   5   6    34073     0   0.0            88     88
  38-Sr-84  3825  10   5   6    34073     1   0.0            88     88
  38-Sr-84  3825  10   5   6    34074     0   0.0            88     88
  38-Sr-84  3825  10   5   6    34075     0   0.0            88     88
  38-Sr-84  3825  10   5   6    34076     0   0.0            88     88
  38-Sr-84  3825  10   5   6    34077     0   0.0            88     88
  38-Sr-84  3825  10   5   6    34077     1   0.0            88     88
  38-Sr-84  3825  10   5   6    34078     0   0.0            88     88
  38-Sr-84  3825  10   5   6    34079     0   0.0            88     88
  38-Sr-84  3825  10   5   6    34079     1   0.0            88     88
  38-Sr-84  3825  10   5   6    34080     0   0.0            88     88
  38-Sr-84  3825  10   5   6    35067     0   0.0            88     88
  38-Sr-84  3825  10   5   6    35068     0   0.0            88     88
  38-Sr-84  3825  10   5   6    35069     0   0.0            88     88
  38-Sr-84  3825  10   5   6    35070     0   0.0            88     88
  38-Sr-84  3825  10   5   6    35070     1   0.0            88     88
  38-Sr-84  3825  10   5   6    35071     0   0.0            88     88
  38-Sr-84  3825  10   5   6    35072     0   0.0            88     88
  38-Sr-84  3825  10   5   6    35072     1   0.0            88     88
  38-Sr-84  3825  10   5   6    35073     0   0.0            88     88
  38-Sr-84  3825  10   5   6    35074     0   0.0            88     88
  38-Sr-84  3825  10   5   6    35074     1   0.0            88     88
  38-Sr-84  3825  10   5   6    35075     0   0.0            88     88
  38-Sr-84  3825  10   5   6    35076     0   0.0            88     88
  38-Sr-84  3825  10   5   6    35076     1   0.0            88     88
  38-Sr-84  3825  10   5   6    35077     0   0.0            88     88
  38-Sr-84  3825  10   5   6    35077     1   0.0            88     88
  38-Sr-84  3825  10   5   6    35078     0   0.0            88     88
  38-Sr-84  3825  10   5   6    35079     0   0.0            88     88
  38-Sr-84  3825  10   5   6    35079     1   0.0            88     88
  38-Sr-84  3825  10   5   6    35080     0   0.0            88     88
  38-Sr-84  3825  10   5   6    35080     1   0.0            88     88
  38-Sr-84  3825  10   5   6    35081     0   0.0            88     88
  38-Sr-84  3825  10   5   6    36069     0   0.0            88     88
  38-Sr-84  3825  10   5   6    36070     0   0.0            88     88
  38-Sr-84  3825  10   5   6    36071     0   0.0            88     88
  38-Sr-84  3825  10   5   6    36072     0   0.0            88     88
  38-Sr-84  3825  10   5   6    36073     0   0.0            88     88
  38-Sr-84  3825  10   5   6    36074     0   0.0            88     88
  38-Sr-84  3825  10   5   6    36075     0   0.0            88     88
  38-Sr-84  3825  10   5   6    36076     0   0.0            88     88
  38-Sr-84  3825  10   5   6    36077     0   0.0            88     88
  38-Sr-84  3825  10   5   6    36078     0   0.0            88     88
  38-Sr-84  3825  10   5   6    36079     0   0.0            88     88
  38-Sr-84  3825  10   5   6    36079     1   0.0            88     88
  38-Sr-84  3825  10   5   6    36080     0   0.0            88     88
  38-Sr-84  3825  10   5   6    36081     0   0.0            88     88
  38-Sr-84  3825  10   5   6    36081     1   0.0            88     88
  38-Sr-84  3825  10   5   6    36082     0   0.0            88     88
  38-Sr-84  3825  10   5   6    37071     0   0.0            88     88
  38-Sr-84  3825  10   5   6    37072     0   0.0            88     88
  38-Sr-84  3825  10   5   6    37073     0   0.0            88     88
  38-Sr-84  3825  10   5   6    37074     0   0.0            88     88
  38-Sr-84  3825  10   5   6    37075     0   0.0            88     88
  38-Sr-84  3825  10   5   6    37076     0   0.0            88     88
  38-Sr-84  3825  10   5   6    37077     0   0.0            88     88
  38-Sr-84  3825  10   5   6    37078     0   0.0            88     88
  38-Sr-84  3825  10   5   6    37078     1   0.0            88     88
  38-Sr-84  3825  10   5   6    37079     0   0.0            88     88
  38-Sr-84  3825  10   5   6    37080     0   0.0            88     88
  38-Sr-84  3825  10   5   6    37081     0   0.0            88     88
  38-Sr-84  3825  10   5   6    37081     1   0.0            88     88
  38-Sr-84  3825  10   5   6    37082     0   0.0            88     88
  38-Sr-84  3825  10   5   6    37082     1   0.0            88     88
  38-Sr-84  3825  10   5   6    37083     0   0.0            88     88
  38-Sr-84  3825  10   5   6    38073     0   0.0            88     88
  38-Sr-84  3825  10   5   6    38074     0   0.0            88     88
  38-Sr-84  3825  10   5   6    38075     0   0.0            88     88
  38-Sr-84  3825  10   5   6    38076     0   0.0            88     88
  38-Sr-84  3825  10   5   6    38077     0   0.0            88     88
  38-Sr-84  3825  10   5   6    38078     0   0.0            88     88
  38-Sr-84  3825  10   5   6    38079     0   0.0            88     88
  38-Sr-84  3825  10   5   6    38080     0   0.0            88     88
  38-Sr-84  3825  10   5   6    38081     0   0.0            88     88
  38-Sr-84  3825  10   5   6    38082     0   0.0            88     88
  38-Sr-84  3825  10   5   6    38083     0   0.0            88     88
  38-Sr-84  3825  10   5   6    38083     1   0.0            88     88
  38-Sr-84  3825  10   5   6    38084     0   0.0            88     88
  38-Sr-84  3825  10   5   6        0     0   0.0            88     88
 ------------------------------------------------------------------------------
                                              MAT Totals  27632  27632
 ------------------------------------------------------------------------------
 ------------------------------------------------------------------------------
 All Cross Sections Read. Maximum Tabulated Energy =  200000000. eV
 ------------------------------------------------------------------------------
 ===============================================================================
      MAT Total Execution Time                0.38 Seconds
 ===============================================================================
 ------------------------------------------------------------------------------
                                             Tape Totals  27632  27632
 ------------------------------------------------------------------------------
 ===============================================================================
 ACTIVATE Total Execution Time                0.39 Seconds
 ===============================================================================
