                                                     MT=  5
 MAT 1428                         0.0        Kelvin Unshielded Cross Sections                          14-Si-29 

   No.  Group-eV   Average      No.  Group-eV   Average      No.  Group-eV   Average      No.  Group-eV   Average

   104 8400000.00 5.14422E-6    119 17000000.0 .018632017    134 60000000.0 .002718186    149 440000000. 0.0       
   105 8600000.00 2.94090E-5    120 18000000.0 .040856365    135 70000000.0 .002419662    150 480000000. 0.0       
   106 8800000.00 5.54684E-5    121 19000000.0 .049516824    136 80000000.0 .002191626    151 520000000. 0.0       
   107 9000000.00 7.35346E-5    122 20000000.0 .051365645    137 90000000.0 .002008126    152 560000000. 0.0       
   108 9200000.00 8.35484E-5    123 22000000.0 .025763235    138 100000000. .001794476    153 600000000. 0.0       
   109 9400000.00 9.35621E-5    124 24000000.0 .019793689    139 120000000. .001573932    154 640000000. 0.0       
   110 9600000.00 1.03576E-4    125 26000000.0 .018739885    140 140000000. 0.0           155 680000000. 0.0       
   111 9800000.00 1.13589E-4    126 28000000.0 .014258687    141 160000000. 0.0           156 720000000. 0.0       
   112 10000000.0 1.61854E-4    127 30000000.0 .008751002    142 180000000. 0.0           157 760000000. 0.0       
   113 11000000.0 2.82854E-4    128 35000000.0 .005555402    143 200000000. 0.0           158 800000000. 0.0       
   114 12000000.0 4.98994E-4    129 40000000.0 .004340536    144 240000000. 0.0           159 840000000. 0.0       
   115 13000000.0 8.98528E-4    130 45000000.0 .003701075    145 280000000. 0.0           160 880000000. 0.0       
   116 14000000.0 .001682502    131 50000000.0 .003331629    146 320000000. 0.0           161 920000000. 0.0       
   117 15000000.0 .003377899    132 54000000.0 .003171561    147 360000000. 0.0           162 960000000. 0.0       
   118 16000000.0 .007237956    133 55000000.0 .003018196    148 400000000. 0.0           163 1.00000E+9
 
                                                     MT=  5
 MAT 1428                         0.0        Kelvin Unshielded Cross Sections                          14-Si-29 

   No.  Group-eV   Average      No.  Group-eV   Average      No.  Group-eV   Average      No.  Group-eV   Average

   104 8400000.00 5.14423E-6    119 17000000.0 .006586072    134 60000000.0 .005552033    149 440000000. 0.0       
   105 8600000.00 2.94091E-5    120 18000000.0 .013365014    135 70000000.0 .005815830    150 480000000. 0.0       
   106 8800000.00 5.54685E-5    121 19000000.0 .016194147    136 80000000.0 .005901338    151 520000000. 0.0       
   107 9000000.00 7.35348E-5    122 20000000.0 .017581405    137 90000000.0 .005855152    152 560000000. 0.0       
   108 9200000.00 8.35485E-5    123 22000000.0 .011518314    138 100000000. .005687530    153 600000000. 0.0       
   109 9400000.00 9.35622E-5    124 24000000.0 .012541567    139 120000000. .005424807    154 640000000. 0.0       
   110 9600000.00 1.03576E-4    125 26000000.0 .013966836    140 140000000. 0.0           155 680000000. 0.0       
   111 9800000.00 1.13590E-4    126 28000000.0 .011419550    141 160000000. 0.0           156 720000000. 0.0       
   112 10000000.0 1.61854E-4    127 30000000.0 .007279846    142 180000000. 0.0           157 760000000. 0.0       
   113 11000000.0 2.82853E-4    128 35000000.0 .005176849    143 200000000. 0.0           158 800000000. 0.0       
   114 12000000.0 4.98662E-4    129 40000000.0 .004967197    144 240000000. 0.0           159 840000000. 0.0       
   115 13000000.0 8.37981E-4    130 45000000.0 .005095591    145 280000000. 0.0           160 880000000. 0.0       
   116 14000000.0 .001184737    131 50000000.0 .005206466    146 320000000. 0.0           161 920000000. 0.0       
   117 15000000.0 .001622463    132 54000000.0 .005257582    147 360000000. 0.0           162 960000000. 0.0       
   118 16000000.0 .002793992    133 55000000.0 .005324375    148 400000000. 0.0           163 1.00000E+9
 
                                                     MT=  5
 MAT 1428                         0.0        Kelvin Unshielded Cross Sections                          14-Si-29 

   No.  Group-eV   Average      No.  Group-eV   Average      No.  Group-eV   Average      No.  Group-eV   Average

   114 12000000.0 9.46610E-8    127 30000000.0 .006580663    140 140000000. 0.0           153 600000000. 0.0       
   115 13000000.0 2.80750E-5    128 35000000.0 .004496888    141 160000000. 0.0           154 640000000. 0.0       
   116 14000000.0 1.80737E-4    129 40000000.0 .003741933    142 180000000. 0.0           155 680000000. 0.0       
   117 15000000.0 7.29012E-4    130 45000000.0 .003341908    143 200000000. 0.0           156 720000000. 0.0       
   118 16000000.0 .002228599    131 50000000.0 .003085387    144 240000000. 0.0           157 760000000. 0.0       
   119 17000000.0 .006905052    132 54000000.0 .003011627    145 280000000. 0.0           158 800000000. 0.0       
   120 18000000.0 .017135489    133 55000000.0 .002935065    146 320000000. 0.0           159 840000000. 0.0       
   121 19000000.0 .022311197    134 60000000.0 .002755944    147 360000000. 0.0           160 880000000. 0.0       
   122 20000000.0 .024478771    135 70000000.0 .002545078    148 400000000. 0.0           161 920000000. 0.0       
   123 22000000.0 .013945919    136 80000000.0 .002377393    149 440000000. 0.0           162 960000000. 0.0       
   124 24000000.0 .012032019    137 90000000.0 .002217670    150 480000000. 0.0           163 1.00000E+9
   125 26000000.0 .012319292    138 100000000. .002022963    151 520000000. 0.0       
   126 28000000.0 .009992385    139 120000000. .001800247    152 560000000. 0.0       
 
                                                     MT=  5
 MAT 1428                         0.0        Kelvin Unshielded Cross Sections                          14-Si-29 

   No.  Group-eV   Average      No.  Group-eV   Average      No.  Group-eV   Average      No.  Group-eV   Average

   120 18000000.0 5.21252E-8    131 50000000.0 1.04075E-4    142 180000000. 0.0           153 600000000. 0.0       
   121 19000000.0 4.88848E-6    132 54000000.0 1.00684E-4    143 200000000. 0.0           154 640000000. 0.0       
   122 20000000.0 7.50558E-5    133 55000000.0 9.66694E-5    144 240000000. 0.0           155 680000000. 0.0       
   123 22000000.0 1.43202E-4    134 60000000.0 8.65981E-5    145 280000000. 0.0           156 720000000. 0.0       
   124 24000000.0 1.87509E-4    135 70000000.0 7.41094E-5    146 320000000. 0.0           157 760000000. 0.0       
   125 26000000.0 2.38416E-4    136 80000000.0 6.43993E-5    147 360000000. 0.0           158 800000000. 0.0       
   126 28000000.0 2.22671E-4    137 90000000.0 5.57956E-5    148 400000000. 0.0           159 840000000. 0.0       
   127 30000000.0 1.68544E-4    138 100000000. 4.62019E-5    149 440000000. 0.0           160 880000000. 0.0       
   128 35000000.0 1.34208E-4    139 120000000. 3.63969E-5    150 480000000. 0.0           161 920000000. 0.0       
   129 40000000.0 1.22072E-4    140 140000000. 0.0           151 520000000. 0.0           162 960000000. 0.0       
   130 45000000.0 1.13039E-4    141 160000000. 0.0           152 560000000. 0.0           163 1.00000E+9
 
                                                     MT=  5
 MAT 1428                         0.0        Kelvin Unshielded Cross Sections                          14-Si-29 

   No.  Group-eV   Average      No.  Group-eV   Average      No.  Group-eV   Average      No.  Group-eV   Average

   124 24000000.0 6.38844E-9    134 60000000.0 5.89055E-6    144 240000000. 0.0           154 640000000. 0.0       
   125 26000000.0 2.68399E-6    135 70000000.0 3.97440E-6    145 280000000. 0.0           155 680000000. 0.0       
   126 28000000.0 1.19078E-5    136 80000000.0 3.35453E-6    146 320000000. 0.0           156 720000000. 0.0       
   127 30000000.0 1.33783E-5    137 90000000.0 2.40055E-6    147 360000000. 0.0           157 760000000. 0.0       
   128 35000000.0 1.06710E-5    138 100000000. 2.12674E-6    148 400000000. 0.0           158 800000000. 0.0       
   129 40000000.0 1.01508E-5    139 120000000. 1.97026E-6    149 440000000. 0.0           159 840000000. 0.0       
   130 45000000.0 9.48040E-6    140 140000000. 0.0           150 480000000. 0.0           160 880000000. 0.0       
   131 50000000.0 6.94312E-6    141 160000000. 0.0           151 520000000. 0.0           161 920000000. 0.0       
   132 54000000.0 6.91790E-6    142 180000000. 0.0           152 560000000. 0.0           162 960000000. 0.0       
   133 55000000.0 6.82711E-6    143 200000000. 0.0           153 600000000. 0.0           163 1.00000E+9
 
                                                     MT=  5
 MAT 1428                         0.0        Kelvin Unshielded Cross Sections                          14-Si-29 

   No.  Group-eV   Average      No.  Group-eV   Average      No.  Group-eV   Average      No.  Group-eV   Average

   114 12000000.0 2.27415E-7    127 30000000.0 .001919263    140 140000000. 0.0           153 600000000. 0.0       
   115 13000000.0 3.24356E-5    128 35000000.0 .001124139    141 160000000. 0.0           154 640000000. 0.0       
   116 14000000.0 3.16948E-4    129 40000000.0 7.86114E-4    142 180000000. 0.0           155 680000000. 0.0       
   117 15000000.0 .001026291    130 45000000.0 6.32216E-4    143 200000000. 0.0           156 720000000. 0.0       
   118 16000000.0 .002215189    131 50000000.0 5.71724E-4    144 240000000. 0.0           157 760000000. 0.0       
   119 17000000.0 .005140872    132 54000000.0 5.13966E-4    145 280000000. 0.0           158 800000000. 0.0       
   120 18000000.0 .010356556    133 55000000.0 4.62960E-4    146 320000000. 0.0           159 840000000. 0.0       
   121 19000000.0 .011019556    134 60000000.0 3.78946E-4    147 360000000. 0.0           160 880000000. 0.0       
   122 20000000.0 .010851429    135 70000000.0 3.06008E-4    148 400000000. 0.0           161 920000000. 0.0       
   123 22000000.0 .005934251    136 80000000.0 2.43021E-4    149 440000000. 0.0           162 960000000. 0.0       
   124 24000000.0 .004742628    137 90000000.0 2.04625E-4    150 480000000. 0.0           163 1.00000E+9
   125 26000000.0 .004433061    138 100000000. 1.60619E-4    151 520000000. 0.0       
   126 28000000.0 .003229601    139 120000000. 1.25004E-4    152 560000000. 0.0       
 
                                                     MT=  5
 MAT 1428                         0.0        Kelvin Unshielded Cross Sections                          14-Si-29 

   No.  Group-eV   Average      No.  Group-eV   Average      No.  Group-eV   Average      No.  Group-eV   Average

   136 80000000.0 2.5140E-10    143 200000000. 0.0           150 480000000. 0.0           157 760000000. 0.0       
   137 90000000.0 3.50986E-7    144 240000000. 0.0           151 520000000. 0.0           158 800000000. 0.0       
   138 100000000. 1.24934E-5    145 280000000. 0.0           152 560000000. 0.0           159 840000000. 0.0       
   139 120000000. 6.01790E-5    146 320000000. 0.0           153 600000000. 0.0           160 880000000. 0.0       
   140 140000000. 0.0           147 360000000. 0.0           154 640000000. 0.0           161 920000000. 0.0       
   141 160000000. 0.0           148 400000000. 0.0           155 680000000. 0.0           162 960000000. 0.0       
   142 180000000. 0.0           149 440000000. 0.0           156 720000000. 0.0           163 1.00000E+9
 
                                                     MT=  5
 MAT 1428                         0.0        Kelvin Unshielded Cross Sections                          14-Si-29 

   No.  Group-eV   Average      No.  Group-eV   Average      No.  Group-eV   Average      No.  Group-eV   Average

   134 60000000.0 4.9875E-15    142 180000000. 0.0           150 480000000. 0.0           158 800000000. 0.0       
   135 70000000.0 5.70498E-7    143 200000000. 0.0           151 520000000. 0.0           159 840000000. 0.0       
   136 80000000.0 1.38239E-5    144 240000000. 0.0           152 560000000. 0.0           160 880000000. 0.0       
   137 90000000.0 5.25639E-5    145 280000000. 0.0           153 600000000. 0.0           161 920000000. 0.0       
   138 100000000. 1.19446E-4    146 320000000. 0.0           154 640000000. 0.0           162 960000000. 0.0       
   139 120000000. 1.68376E-4    147 360000000. 0.0           155 680000000. 0.0           163 1.00000E+9
   140 140000000. 0.0           148 400000000. 0.0           156 720000000. 0.0       
   141 160000000. 0.0           149 440000000. 0.0           157 760000000. 0.0       
 
                                                     MT=  5
 MAT 1428                         0.0        Kelvin Unshielded Cross Sections                          14-Si-29 

   No.  Group-eV   Average      No.  Group-eV   Average      No.  Group-eV   Average      No.  Group-eV   Average

   130 45000000.0 1.3656E-13    139 120000000. 1.62022E-4    148 400000000. 0.0           157 760000000. 0.0       
   131 50000000.0 1.64582E-7    140 140000000. 0.0           149 440000000. 0.0           158 800000000. 0.0       
   132 54000000.0 1.71515E-6    141 160000000. 0.0           150 480000000. 0.0           159 840000000. 0.0       
   133 55000000.0 1.41248E-5    142 180000000. 0.0           151 520000000. 0.0           160 880000000. 0.0       
   134 60000000.0 8.96696E-5    143 200000000. 0.0           152 560000000. 0.0           161 920000000. 0.0       
   135 70000000.0 2.07619E-4    144 240000000. 0.0           153 600000000. 0.0           162 960000000. 0.0       
   136 80000000.0 2.92912E-4    145 280000000. 0.0           154 640000000. 0.0           163 1.00000E+9
   137 90000000.0 3.25377E-4    146 320000000. 0.0           155 680000000. 0.0       
   138 100000000. 2.78602E-4    147 360000000. 0.0           156 720000000. 0.0       
 
                                                     MT=  5
 MAT 1428                         0.0        Kelvin Unshielded Cross Sections                          14-Si-29 

   No.  Group-eV   Average      No.  Group-eV   Average      No.  Group-eV   Average      No.  Group-eV   Average

   128 35000000.0 3.41127E-6    137 90000000.0 1.73811E-4    146 320000000. 0.0           155 680000000. 0.0       
   129 40000000.0 1.13717E-4    138 100000000. 9.12464E-5    147 360000000. 0.0           156 720000000. 0.0       
   130 45000000.0 2.85926E-4    139 120000000. 4.09674E-5    148 400000000. 0.0           157 760000000. 0.0       
   131 50000000.0 3.71314E-4    140 140000000. 0.0           149 440000000. 0.0           158 800000000. 0.0       
   132 54000000.0 3.72227E-4    141 160000000. 0.0           150 480000000. 0.0           159 840000000. 0.0       
   133 55000000.0 3.66502E-4    142 180000000. 0.0           151 520000000. 0.0           160 880000000. 0.0       
   134 60000000.0 3.58915E-4    143 200000000. 0.0           152 560000000. 0.0           161 920000000. 0.0       
   135 70000000.0 3.35550E-4    144 240000000. 0.0           153 600000000. 0.0           162 960000000. 0.0       
   136 80000000.0 2.59623E-4    145 280000000. 0.0           154 640000000. 0.0           163 1.00000E+9
 
                                                     MT=  5
 MAT 1428                         0.0        Kelvin Unshielded Cross Sections                          14-Si-29 

   No.  Group-eV   Average      No.  Group-eV   Average      No.  Group-eV   Average      No.  Group-eV   Average

   121 19000000.0 1.09792E-5    132 54000000.0 1.46354E-4    143 200000000. 0.0           154 640000000. 0.0       
   122 20000000.0 .001211465    133 55000000.0 1.10249E-4    144 240000000. 0.0           155 680000000. 0.0       
   123 22000000.0 .002585234    134 60000000.0 6.55692E-5    145 280000000. 0.0           156 720000000. 0.0       
   124 24000000.0 .003409746    135 70000000.0 3.88984E-5    146 320000000. 0.0           157 760000000. 0.0       
   125 26000000.0 .003798077    136 80000000.0 2.50874E-5    147 360000000. 0.0           158 800000000. 0.0       
   126 28000000.0 .002991522    137 90000000.0 1.78537E-5    148 400000000. 0.0           159 840000000. 0.0       
   127 30000000.0 .001869207    138 100000000. 1.25140E-5    149 440000000. 0.0           160 880000000. 0.0       
   128 35000000.0 .001115099    139 120000000. 8.45118E-6    150 480000000. 0.0           161 920000000. 0.0       
   129 40000000.0 6.71369E-4    140 140000000. 0.0           151 520000000. 0.0           162 960000000. 0.0       
   130 45000000.0 3.46054E-4    141 160000000. 0.0           152 560000000. 0.0           163 1.00000E+9
   131 50000000.0 2.01489E-4    142 180000000. 0.0           153 600000000. 0.0       
 
                                                     MT=  5
 MAT 1428                         0.0        Kelvin Unshielded Cross Sections                          14-Si-29 

   No.  Group-eV   Average      No.  Group-eV   Average      No.  Group-eV   Average      No.  Group-eV   Average

   114 12000000.0 2.27415E-7    127 30000000.0 5.00547E-5    140 140000000. 0.0           153 600000000. 0.0       
   115 13000000.0 3.24356E-5    128 35000000.0 5.62995E-6    141 160000000. 0.0           154 640000000. 0.0       
   116 14000000.0 3.16948E-4    129 40000000.0 1.40216E-6    142 180000000. 0.0           155 680000000. 0.0       
   117 15000000.0 .001026291    130 45000000.0 2.17091E-5    143 200000000. 0.0           156 720000000. 0.0       
   118 16000000.0 .002215189    131 50000000.0 9.88624E-5    144 240000000. 0.0           157 760000000. 0.0       
   119 17000000.0 .005140872    132 54000000.0 1.55601E-4    145 280000000. 0.0           158 800000000. 0.0       
   120 18000000.0 .010356556    133 55000000.0 2.04354E-4    146 320000000. 0.0           159 840000000. 0.0       
   121 19000000.0 .011008587    134 60000000.0 2.14808E-4    147 360000000. 0.0           160 880000000. 0.0       
   122 20000000.0 .009639970    135 70000000.0 1.34901E-4    148 400000000. 0.0           161 920000000. 0.0       
   123 22000000.0 .003349015    136 80000000.0 7.31510E-5    149 440000000. 0.0           162 960000000. 0.0       
   124 24000000.0 .001332885    137 90000000.0 4.01202E-5    150 480000000. 0.0           163 1.00000E+9
   125 26000000.0 6.34985E-4    138 100000000. 1.95611E-5    151 520000000. 0.0       
   126 28000000.0 2.38080E-4    139 120000000. 8.98720E-6    152 560000000. 0.0       
 
                                                     MT=  5
 MAT 1428                         0.0        Kelvin Unshielded Cross Sections                          14-Si-29 

   No.  Group-eV   Average      No.  Group-eV   Average      No.  Group-eV   Average      No.  Group-eV   Average

   127 30000000.0 1.30637E-5    137 90000000.0 2.50945E-5    147 360000000. 0.0           157 760000000. 0.0       
   128 35000000.0 1.42061E-4    138 100000000. 1.39754E-5    148 400000000. 0.0           158 800000000. 0.0       
   129 40000000.0 3.10730E-4    139 120000000. 7.22927E-6    149 440000000. 0.0           159 840000000. 0.0       
   130 45000000.0 3.89974E-4    140 140000000. 0.0           150 480000000. 0.0           160 880000000. 0.0       
   131 50000000.0 3.52333E-4    141 160000000. 0.0           151 520000000. 0.0           161 920000000. 0.0       
   132 54000000.0 3.11946E-4    142 180000000. 0.0           152 560000000. 0.0           162 960000000. 0.0       
   133 55000000.0 2.57774E-4    143 200000000. 0.0           153 600000000. 0.0           163 1.00000E+9
   134 60000000.0 1.51956E-4    144 240000000. 0.0           154 640000000. 0.0       
   135 70000000.0 7.57986E-5    145 280000000. 0.0           155 680000000. 0.0       
   136 80000000.0 4.16144E-5    146 320000000. 0.0           156 720000000. 0.0       
 
                                                     MT=  5
 MAT 1428                         0.0        Kelvin Unshielded Cross Sections                          14-Si-29 

   No.  Group-eV   Average      No.  Group-eV   Average      No.  Group-eV   Average      No.  Group-eV   Average

   123 22000000.0 4.41950E-8    134 60000000.0 6.75340E-5    145 280000000. 0.0           156 720000000. 0.0       
   124 24000000.0 1.84319E-5    135 70000000.0 6.89039E-5    146 320000000. 0.0           157 760000000. 0.0       
   125 26000000.0 1.66310E-4    136 80000000.0 7.38630E-5    147 360000000. 0.0           158 800000000. 0.0       
   126 28000000.0 3.70457E-4    137 90000000.0 7.89982E-5    148 400000000. 0.0           159 840000000. 0.0       
   127 30000000.0 5.03127E-4    138 100000000. 8.49103E-5    149 440000000. 0.0           160 880000000. 0.0       
   128 35000000.0 3.70955E-4    139 120000000. 8.98722E-5    150 480000000. 0.0           161 920000000. 0.0       
   129 40000000.0 2.04221E-4    140 140000000. 0.0           151 520000000. 0.0           162 960000000. 0.0       
   130 45000000.0 1.20735E-4    141 160000000. 0.0           152 560000000. 0.0           163 1.00000E+9
   131 50000000.0 8.77663E-5    142 180000000. 0.0           153 600000000. 0.0       
   132 54000000.0 7.88296E-5    143 200000000. 0.0           154 640000000. 0.0       
   133 55000000.0 7.30280E-5    144 240000000. 0.0           155 680000000. 0.0       
 
                                                     MT=  5
 MAT 1428                         0.0        Kelvin Unshielded Cross Sections                          14-Si-29 

   No.  Group-eV   Average      No.  Group-eV   Average      No.  Group-eV   Average      No.  Group-eV   Average

   136 80000000.0 3.4392E-14    143 200000000. 0.0           150 480000000. 0.0           157 760000000. 0.0       
   137 90000000.0 1.44351E-8    144 240000000. 0.0           151 520000000. 0.0           158 800000000. 0.0       
   138 100000000. 4.70688E-6    145 280000000. 0.0           152 560000000. 0.0           159 840000000. 0.0       
   139 120000000. 4.35793E-5    146 320000000. 0.0           153 600000000. 0.0           160 880000000. 0.0       
   140 140000000. 0.0           147 360000000. 0.0           154 640000000. 0.0           161 920000000. 0.0       
   141 160000000. 0.0           148 400000000. 0.0           155 680000000. 0.0           162 960000000. 0.0       
   142 180000000. 0.0           149 440000000. 0.0           156 720000000. 0.0           163 1.00000E+9
 
                                                     MT=  5
 MAT 1428                         0.0        Kelvin Unshielded Cross Sections                          14-Si-29 

   No.  Group-eV   Average      No.  Group-eV   Average      No.  Group-eV   Average      No.  Group-eV   Average

   134 60000000.0 2.6028E-12    142 180000000. 0.0           150 480000000. 0.0           158 800000000. 0.0       
   135 70000000.0 4.75942E-7    143 200000000. 0.0           151 520000000. 0.0           159 840000000. 0.0       
   136 80000000.0 1.21913E-5    144 240000000. 0.0           152 560000000. 0.0           160 880000000. 0.0       
   137 90000000.0 5.60026E-5    145 280000000. 0.0           153 600000000. 0.0           161 920000000. 0.0       
   138 100000000. 1.42057E-4    146 320000000. 0.0           154 640000000. 0.0           162 960000000. 0.0       
   139 120000000. 1.81410E-4    147 360000000. 0.0           155 680000000. 0.0           163 1.00000E+9
   140 140000000. 0.0           148 400000000. 0.0           156 720000000. 0.0       
   141 160000000. 0.0           149 440000000. 0.0           157 760000000. 0.0       
 
                                                     MT=  5
 MAT 1428                         0.0        Kelvin Unshielded Cross Sections                          14-Si-29 

   No.  Group-eV   Average      No.  Group-eV   Average      No.  Group-eV   Average      No.  Group-eV   Average

   131 50000000.0 1.7468E-12    140 140000000. 0.0           149 440000000. 0.0           158 800000000. 0.0       
   132 54000000.0 6.66585E-9    141 160000000. 0.0           150 480000000. 0.0           159 840000000. 0.0       
   133 55000000.0 6.12834E-7    142 180000000. 0.0           151 520000000. 0.0           160 880000000. 0.0       
   134 60000000.0 2.87611E-5    143 200000000. 0.0           152 560000000. 0.0           161 920000000. 0.0       
   135 70000000.0 1.45986E-4    144 240000000. 0.0           153 600000000. 0.0           162 960000000. 0.0       
   136 80000000.0 2.57649E-4    145 280000000. 0.0           154 640000000. 0.0           163 1.00000E+9
   137 90000000.0 2.84964E-4    146 320000000. 0.0           155 680000000. 0.0       
   138 100000000. 2.31232E-4    147 360000000. 0.0           156 720000000. 0.0       
   139 120000000. 1.49739E-4    148 400000000. 0.0           157 760000000. 0.0       
 
                                                     MT=  5
 MAT 1428                         0.0        Kelvin Unshielded Cross Sections                          14-Si-29 

   No.  Group-eV   Average      No.  Group-eV   Average      No.  Group-eV   Average      No.  Group-eV   Average

   128 35000000.0 9.01271E-7    137 90000000.0 4.46832E-4    146 320000000. 0.0           155 680000000. 0.0       
   129 40000000.0 5.59096E-5    138 100000000. 3.57950E-4    147 360000000. 0.0           156 720000000. 0.0       
   130 45000000.0 2.58033E-4    139 120000000. 2.93295E-4    148 400000000. 0.0           157 760000000. 0.0       
   131 50000000.0 4.59328E-4    140 140000000. 0.0           149 440000000. 0.0           158 800000000. 0.0       
   132 54000000.0 5.57449E-4    141 160000000. 0.0           150 480000000. 0.0           159 840000000. 0.0       
   133 55000000.0 6.41496E-4    142 180000000. 0.0           151 520000000. 0.0           160 880000000. 0.0       
   134 60000000.0 7.33079E-4    143 200000000. 0.0           152 560000000. 0.0           161 920000000. 0.0       
   135 70000000.0 6.68032E-4    144 240000000. 0.0           153 600000000. 0.0           162 960000000. 0.0       
   136 80000000.0 5.45989E-4    145 280000000. 0.0           154 640000000. 0.0           163 1.00000E+9
 
                                                     MT=  5
 MAT 1428                         0.0        Kelvin Unshielded Cross Sections                          14-Si-29 

   No.  Group-eV   Average      No.  Group-eV   Average      No.  Group-eV   Average      No.  Group-eV   Average

   124 24000000.0 6.38844E-9    134 60000000.0 4.00749E-4    144 240000000. 0.0           154 640000000. 0.0       
   125 26000000.0 2.68399E-6    135 70000000.0 2.93758E-4    145 280000000. 0.0           155 680000000. 0.0       
   126 28000000.0 1.19078E-5    136 80000000.0 2.35354E-4    146 320000000. 0.0           156 720000000. 0.0       
   127 30000000.0 2.63309E-5    137 90000000.0 1.99811E-4    147 360000000. 0.0           157 760000000. 0.0       
   128 35000000.0 3.83513E-4    138 100000000. 1.69044E-4    148 400000000. 0.0           158 800000000. 0.0       
   129 40000000.0 8.46066E-4    139 120000000. 1.42661E-4    149 440000000. 0.0           159 840000000. 0.0       
   130 45000000.0 8.63967E-4    140 140000000. 0.0           150 480000000. 0.0           160 880000000. 0.0       
   131 50000000.0 7.01800E-4    141 160000000. 0.0           151 520000000. 0.0           161 920000000. 0.0       
   132 54000000.0 6.21983E-4    142 180000000. 0.0           152 560000000. 0.0           162 960000000. 0.0       
   133 55000000.0 5.41746E-4    143 200000000. 0.0           153 600000000. 0.0           163 1.00000E+9
 
                                                     MT=  5
 MAT 1428                         0.0        Kelvin Unshielded Cross Sections                          14-Si-29 

   No.  Group-eV   Average      No.  Group-eV   Average      No.  Group-eV   Average      No.  Group-eV   Average

   120 18000000.0 5.21252E-8    131 50000000.0 8.70405E-4    142 180000000. 0.0           153 600000000. 0.0       
   121 19000000.0 4.88848E-6    132 54000000.0 7.64255E-4    143 200000000. 0.0           154 640000000. 0.0       
   122 20000000.0 4.80549E-4    133 55000000.0 6.70819E-4    144 240000000. 0.0           155 680000000. 0.0       
   123 22000000.0 .003333233    134 60000000.0 5.09417E-4    145 280000000. 0.0           156 720000000. 0.0       
   124 24000000.0 .006467317    135 70000000.0 3.80045E-4    146 320000000. 0.0           157 760000000. 0.0       
   125 26000000.0 .008467383    136 80000000.0 3.05553E-4    147 360000000. 0.0           158 800000000. 0.0       
   126 28000000.0 .007387614    137 90000000.0 2.59572E-4    148 400000000. 0.0           159 840000000. 0.0       
   127 30000000.0 .004834827    138 100000000. 2.16296E-4    149 440000000. 0.0           160 880000000. 0.0       
   128 35000000.0 .002882519    139 120000000. 1.78513E-4    150 480000000. 0.0           161 920000000. 0.0       
   129 40000000.0 .001749781    140 140000000. 0.0           151 520000000. 0.0           162 960000000. 0.0       
   130 45000000.0 .001157708    141 160000000. 0.0           152 560000000. 0.0           163 1.00000E+9
 
                                                     MT=  5
 MAT 1428                         0.0        Kelvin Unshielded Cross Sections                          14-Si-29 

   No.  Group-eV   Average      No.  Group-eV   Average      No.  Group-eV   Average      No.  Group-eV   Average

   114 12000000.0 9.46610E-8    127 30000000.0 8.69049E-4    140 140000000. 0.0           153 600000000. 0.0       
   115 13000000.0 2.80750E-5    128 35000000.0 3.48806E-4    141 160000000. 0.0           154 640000000. 0.0       
   116 14000000.0 1.80737E-4    129 40000000.0 1.91753E-4    142 180000000. 0.0           155 680000000. 0.0       
   117 15000000.0 7.29012E-4    130 45000000.0 1.20358E-4    143 200000000. 0.0           156 720000000. 0.0       
   118 16000000.0 .002228599    131 50000000.0 8.44648E-5    144 240000000. 0.0           157 760000000. 0.0       
   119 17000000.0 .006905052    132 54000000.0 7.01297E-5    145 280000000. 0.0           158 800000000. 0.0       
   120 18000000.0 .017135489    133 55000000.0 5.77508E-5    146 320000000. 0.0           159 840000000. 0.0       
   121 19000000.0 .022311197    134 60000000.0 3.74163E-5    147 360000000. 0.0           160 880000000. 0.0       
   122 20000000.0 .024073276    135 70000000.0 2.24079E-5    148 400000000. 0.0           161 920000000. 0.0       
   123 22000000.0 .010755771    136 80000000.0 1.43111E-5    149 440000000. 0.0           162 960000000. 0.0       
   124 24000000.0 .005715347    137 90000000.0 9.59408E-6    150 480000000. 0.0           163 1.00000E+9
   125 26000000.0 .003757703    138 100000000. 5.75362E-6    151 520000000. 0.0       
   126 28000000.0 .002086548    139 120000000. 3.02343E-6    152 560000000. 0.0       
 
                                                     MT=  5
 MAT 1428                         0.0        Kelvin Unshielded Cross Sections                          14-Si-29 

   No.  Group-eV   Average      No.  Group-eV   Average      No.  Group-eV   Average      No.  Group-eV   Average

   135 70000000.0 3.78980E-9    143 200000000. 0.0           151 520000000. 0.0           159 840000000. 0.0       
   136 80000000.0 3.48730E-7    144 240000000. 0.0           152 560000000. 0.0           160 880000000. 0.0       
   137 90000000.0 2.29321E-6    145 280000000. 0.0           153 600000000. 0.0           161 920000000. 0.0       
   138 100000000. 7.31513E-6    146 320000000. 0.0           154 640000000. 0.0           162 960000000. 0.0       
   139 120000000. 1.13584E-5    147 360000000. 0.0           155 680000000. 0.0           163 1.00000E+9
   140 140000000. 0.0           148 400000000. 0.0           156 720000000. 0.0       
   141 160000000. 0.0           149 440000000. 0.0           157 760000000. 0.0       
   142 180000000. 0.0           150 480000000. 0.0           158 800000000. 0.0       
 
                                                     MT=  5
 MAT 1428                         0.0        Kelvin Unshielded Cross Sections                          14-Si-29 

   No.  Group-eV   Average      No.  Group-eV   Average      No.  Group-eV   Average      No.  Group-eV   Average

   133 55000000.0 1.9403E-10    141 160000000. 0.0           149 440000000. 0.0           157 760000000. 0.0       
   134 60000000.0 4.11230E-7    142 180000000. 0.0           150 480000000. 0.0           158 800000000. 0.0       
   135 70000000.0 3.74180E-6    143 200000000. 0.0           151 520000000. 0.0           159 840000000. 0.0       
   136 80000000.0 8.55425E-6    144 240000000. 0.0           152 560000000. 0.0           160 880000000. 0.0       
   137 90000000.0 1.12028E-5    145 280000000. 0.0           153 600000000. 0.0           161 920000000. 0.0       
   138 100000000. 1.06778E-5    146 320000000. 0.0           154 640000000. 0.0           162 960000000. 0.0       
   139 120000000. 8.04341E-6    147 360000000. 0.0           155 680000000. 0.0           163 1.00000E+9
   140 140000000. 0.0           148 400000000. 0.0           156 720000000. 0.0       
 
                                                     MT=  5
 MAT 1428                         0.0        Kelvin Unshielded Cross Sections                          14-Si-29 

   No.  Group-eV   Average      No.  Group-eV   Average      No.  Group-eV   Average      No.  Group-eV   Average

   128 35000000.0 9.77817E-9    137 90000000.0 1.09609E-5    146 320000000. 0.0           155 680000000. 0.0       
   129 40000000.0 2.37834E-6    138 100000000. 7.33618E-6    147 360000000. 0.0           156 720000000. 0.0       
   130 45000000.0 9.55500E-6    139 120000000. 4.74319E-6    148 400000000. 0.0           157 760000000. 0.0       
   131 50000000.0 1.47389E-5    140 140000000. 0.0           149 440000000. 0.0           158 800000000. 0.0       
   132 54000000.0 1.69196E-5    141 160000000. 0.0           150 480000000. 0.0           159 840000000. 0.0       
   133 55000000.0 1.86344E-5    142 180000000. 0.0           151 520000000. 0.0           160 880000000. 0.0       
   134 60000000.0 2.05799E-5    143 200000000. 0.0           152 560000000. 0.0           161 920000000. 0.0       
   135 70000000.0 1.87216E-5    144 240000000. 0.0           153 600000000. 0.0           162 960000000. 0.0       
   136 80000000.0 1.47030E-5    145 280000000. 0.0           154 640000000. 0.0           163 1.00000E+9
 
                                                     MT=  5
 MAT 1428                         0.0        Kelvin Unshielded Cross Sections                          14-Si-29 

   No.  Group-eV   Average      No.  Group-eV   Average      No.  Group-eV   Average      No.  Group-eV   Average

   124 24000000.0 1.15333E-7    134 60000000.0 1.83859E-5    144 240000000. 0.0           154 640000000. 0.0       
   125 26000000.0 2.64758E-5    135 70000000.0 1.07420E-5    145 280000000. 0.0           155 680000000. 0.0       
   126 28000000.0 9.12025E-5    136 80000000.0 6.77018E-6    146 320000000. 0.0           156 720000000. 0.0       
   127 30000000.0 1.21048E-4    137 90000000.0 4.81168E-6    147 360000000. 0.0           157 760000000. 0.0       
   128 35000000.0 1.14394E-4    138 100000000. 3.43682E-6    148 400000000. 0.0           158 800000000. 0.0       
   129 40000000.0 8.98818E-5    139 120000000. 2.26667E-6    149 440000000. 0.0           159 840000000. 0.0       
   130 45000000.0 6.17641E-5    140 140000000. 0.0           150 480000000. 0.0           160 880000000. 0.0       
   131 50000000.0 4.24956E-5    141 160000000. 0.0           151 520000000. 0.0           161 920000000. 0.0       
   132 54000000.0 3.52039E-5    142 180000000. 0.0           152 560000000. 0.0           162 960000000. 0.0       
   133 55000000.0 2.88316E-5    143 200000000. 0.0           153 600000000. 0.0           163 1.00000E+9
 
                                                     MT=  5
 MAT 1428                         0.0        Kelvin Unshielded Cross Sections                          14-Si-29 

   No.  Group-eV   Average      No.  Group-eV   Average      No.  Group-eV   Average      No.  Group-eV   Average

   104 8400000.00 5.14423E-6    119 17000000.0 .006586072    134 60000000.0 2.06819E-5    149 440000000. 0.0       
   105 8600000.00 2.94091E-5    120 18000000.0 .013365014    135 70000000.0 1.33156E-5    150 480000000. 0.0       
   106 8800000.00 5.54685E-5    121 19000000.0 .016183164    136 80000000.0 9.97961E-6    151 520000000. 0.0       
   107 9000000.00 7.35348E-5    122 20000000.0 .015964476    137 90000000.0 7.78101E-6    152 560000000. 0.0       
   108 9200000.00 8.35485E-5    123 22000000.0 .005743058    138 100000000. 5.66355E-6    153 600000000. 0.0       
   109 9400000.00 9.35622E-5    124 24000000.0 .002851809    139 120000000. 3.78394E-6    154 640000000. 0.0       
   110 9600000.00 1.03576E-4    125 26000000.0 .001886869    140 140000000. 0.0           155 680000000. 0.0       
   111 9800000.00 1.13590E-4    126 28000000.0 .001080673    141 160000000. 0.0           156 720000000. 0.0       
   112 10000000.0 1.61854E-4    127 30000000.0 4.63294E-4    142 180000000. 0.0           157 760000000. 0.0       
   113 11000000.0 2.82853E-4    128 35000000.0 1.87350E-4    143 200000000. 0.0           158 800000000. 0.0       
   114 12000000.0 4.98662E-4    129 40000000.0 1.02758E-4    144 240000000. 0.0           159 840000000. 0.0       
   115 13000000.0 8.37981E-4    130 45000000.0 6.48364E-5    145 280000000. 0.0           160 880000000. 0.0       
   116 14000000.0 .001184737    131 50000000.0 4.60862E-5    146 320000000. 0.0           161 920000000. 0.0       
   117 15000000.0 .001622463    132 54000000.0 3.85951E-5    147 360000000. 0.0           162 960000000. 0.0       
   118 16000000.0 .002793992    133 55000000.0 3.19591E-5    148 400000000. 0.0           163 1.00000E+9
 
                                                     MT=  5
 MAT 1428                         0.0        Kelvin Unshielded Cross Sections                          14-Si-29 

   No.  Group-eV   Average      No.  Group-eV   Average      No.  Group-eV   Average      No.  Group-eV   Average

   104 8400000.00 4.50260E-9    119 17000000.0 .029164204    134 60000000.0 .004331285    149 440000000. 0.0       
   105 8600000.00 2.57409E-8    120 18000000.0 .070363172    135 70000000.0 .004023196    150 480000000. 0.0       
   106 8800000.00 4.85500E-8    121 19000000.0 .090852973    136 80000000.0 .003750091    151 520000000. 0.0       
   107 9000000.00 6.43847E-8    122 20000000.0 .097462865    137 90000000.0 .003458523    152 560000000. 0.0       
   108 9200000.00 7.31931E-8    123 22000000.0 .042088529    138 100000000. .003060571    153 600000000. 0.0       
   109 9400000.00 8.20015E-8    124 24000000.0 .025189302    139 120000000. .002726624    154 640000000. 0.0       
   110 9600000.00 9.08099E-8    125 26000000.0 .021387141    140 140000000. 0.0           155 680000000. 0.0       
   111 9800000.00 9.96182E-8    126 28000000.0 .016433077    141 160000000. 0.0           156 720000000. 0.0       
   112 10000000.0 4.59635E-5    127 30000000.0 .011577295    142 180000000. 0.0           157 760000000. 0.0       
   113 11000000.0 1.38347E-4    128 35000000.0 .008352292    143 200000000. 0.0           158 800000000. 0.0       
   114 12000000.0 2.59365E-4    129 40000000.0 .006561556    144 240000000. 0.0           159 840000000. 0.0       
   115 13000000.0 5.58796E-4    130 45000000.0 .005541115    145 280000000. 0.0           160 880000000. 0.0       
   116 14000000.0 .001304410    131 50000000.0 .004990137    146 320000000. 0.0           161 920000000. 0.0       
   117 15000000.0 .003509907    132 54000000.0 .004783074    147 360000000. 0.0           162 960000000. 0.0       
   118 16000000.0 .009542406    133 55000000.0 .004619719    148 400000000. 0.0           163 1.00000E+9
 
