 ENDF Activation Cross Sections (ACTIVATE 2019-1)
 ------------------------------------------------------------------------------
 ENDF Input and Output Data Filenames
 ------------------------------------------------------------------------------
 ACTIVATE.IN                                                             
 ACTIVATE.OUT                                                            
 ------------------------------------------------------------------------------
 ENDF Tape Label
 ------------------------------------------------------------------------------
 Retrieved by E4-util: 2019/11/11,14:57:20                            1
 ------------------------------------------------------------------------------
   Material  MAT  MF  MT  ENDF    ZAP Final      Q-Value Points Points
                          Format      State           eV     In    Out
 ------------------------------------------------------------------------------
  30-Zn-64  3025  10   5   6        1     0   0.0            88     88
  30-Zn-64  3025  10   5   6     1001     0   0.0            88     88
  30-Zn-64  3025  10   5   6     1002     0   0.0            88     88
  30-Zn-64  3025  10   5   6     1003     0   0.0            88     88
  30-Zn-64  3025  10   5   6     2003     0   0.0            88     88
  30-Zn-64  3025  10   5   6     2004     0   0.0            88     88
  30-Zn-64  3025  10   5   6    20038     0   0.0            88     88
  30-Zn-64  3025  10   5   6    20039     0   0.0            88     88
  30-Zn-64  3025  10   5   6    20040     0   0.0            88     88
  30-Zn-64  3025  10   5   6    20041     0   0.0            88     88
  30-Zn-64  3025  10   5   6    20042     0   0.0            88     88
  30-Zn-64  3025  10   5   6    20043     0   0.0            88     88
  30-Zn-64  3025  10   5   6    20044     0   0.0            88     88
  30-Zn-64  3025  10   5   6    20045     0   0.0            88     88
  30-Zn-64  3025  10   5   6    20046     0   0.0            88     88
  30-Zn-64  3025  10   5   6    21040     0   0.0            88     88
  30-Zn-64  3025  10   5   6    21041     0   0.0            88     88
  30-Zn-64  3025  10   5   6    21042     0   0.0            88     88
  30-Zn-64  3025  10   5   6    21042     1   0.0            88     88
  30-Zn-64  3025  10   5   6    21043     0   0.0            88     88
  30-Zn-64  3025  10   5   6    21044     0   0.0            88     88
  30-Zn-64  3025  10   5   6    21044     1   0.0            88     88
  30-Zn-64  3025  10   5   6    21045     0   0.0            88     88
  30-Zn-64  3025  10   5   6    21046     0   0.0            88     88
  30-Zn-64  3025  10   5   6    21046     1   0.0            88     88
  30-Zn-64  3025  10   5   6    21047     0   0.0            88     88
  30-Zn-64  3025  10   5   6    21048     0   0.0            88     88
  30-Zn-64  3025  10   5   6    22042     0   0.0            88     88
  30-Zn-64  3025  10   5   6    22043     0   0.0            88     88
  30-Zn-64  3025  10   5   6    22044     0   0.0            88     88
  30-Zn-64  3025  10   5   6    22045     0   0.0            88     88
  30-Zn-64  3025  10   5   6    22046     0   0.0            88     88
  30-Zn-64  3025  10   5   6    22047     0   0.0            88     88
  30-Zn-64  3025  10   5   6    22048     0   0.0            88     88
  30-Zn-64  3025  10   5   6    22048     1   0.0            88     88
  30-Zn-64  3025  10   5   6    22049     0   0.0            88     88
  30-Zn-64  3025  10   5   6    22050     0   0.0            88     88
  30-Zn-64  3025  10   5   6    23044     0   0.0            88     88
  30-Zn-64  3025  10   5   6    23045     0   0.0            88     88
  30-Zn-64  3025  10   5   6    23046     0   0.0            88     88
  30-Zn-64  3025  10   5   6    23047     0   0.0            88     88
  30-Zn-64  3025  10   5   6    23048     0   0.0            88     88
  30-Zn-64  3025  10   5   6    23049     0   0.0            88     88
  30-Zn-64  3025  10   5   6    23050     0   0.0            88     88
  30-Zn-64  3025  10   5   6    23051     0   0.0            88     88
  30-Zn-64  3025  10   5   6    23052     0   0.0            88     88
  30-Zn-64  3025  10   5   6    24047     0   0.0            88     88
  30-Zn-64  3025  10   5   6    24048     0   0.0            88     88
  30-Zn-64  3025  10   5   6    24049     0   0.0            88     88
  30-Zn-64  3025  10   5   6    24050     0   0.0            88     88
  30-Zn-64  3025  10   5   6    24051     0   0.0            88     88
  30-Zn-64  3025  10   5   6    24052     0   0.0            88     88
  30-Zn-64  3025  10   5   6    24053     0   0.0            88     88
  30-Zn-64  3025  10   5   6    24054     0   0.0            88     88
  30-Zn-64  3025  10   5   6    24055     0   0.0            88     88
  30-Zn-64  3025  10   5   6    25049     0   0.0            88     88
  30-Zn-64  3025  10   5   6    25050     0   0.0            88     88
  30-Zn-64  3025  10   5   6    25050     1   0.0            88     88
  30-Zn-64  3025  10   5   6    25051     0   0.0            88     88
  30-Zn-64  3025  10   5   6    25052     0   0.0            88     88
  30-Zn-64  3025  10   5   6    25052     1   0.0            88     88
  30-Zn-64  3025  10   5   6    25053     0   0.0            88     88
  30-Zn-64  3025  10   5   6    25054     0   0.0            88     88
  30-Zn-64  3025  10   5   6    25055     0   0.0            88     88
  30-Zn-64  3025  10   5   6    25056     0   0.0            88     88
  30-Zn-64  3025  10   5   6    25057     0   0.0            88     88
  30-Zn-64  3025  10   5   6    25058     0   0.0            88     88
  30-Zn-64  3025  10   5   6    25058     1   0.0            88     88
  30-Zn-64  3025  10   5   6    26051     0   0.0            88     88
  30-Zn-64  3025  10   5   6    26052     0   0.0            88     88
  30-Zn-64  3025  10   5   6    26052     1   0.0            88     88
  30-Zn-64  3025  10   5   6    26053     0   0.0            88     88
  30-Zn-64  3025  10   5   6    26053     1   0.0            88     88
  30-Zn-64  3025  10   5   6    26054     0   0.0            88     88
  30-Zn-64  3025  10   5   6    26055     0   0.0            88     88
  30-Zn-64  3025  10   5   6    26056     0   0.0            88     88
  30-Zn-64  3025  10   5   6    26057     0   0.0            88     88
  30-Zn-64  3025  10   5   6    26058     0   0.0            88     88
  30-Zn-64  3025  10   5   6    26059     0   0.0            88     88
  30-Zn-64  3025  10   5   6    27053     0   0.0            88     88
  30-Zn-64  3025  10   5   6    27054     0   0.0            88     88
  30-Zn-64  3025  10   5   6    27054     1   0.0            88     88
  30-Zn-64  3025  10   5   6    27055     0   0.0            88     88
  30-Zn-64  3025  10   5   6    27056     0   0.0            88     88
  30-Zn-64  3025  10   5   6    27057     0   0.0            88     88
  30-Zn-64  3025  10   5   6    27058     0   0.0            88     88
  30-Zn-64  3025  10   5   6    27058     1   0.0            88     88
  30-Zn-64  3025  10   5   6    27059     0   0.0            88     88
  30-Zn-64  3025  10   5   6    27060     0   0.0            88     88
  30-Zn-64  3025  10   5   6    27060     1   0.0            88     88
  30-Zn-64  3025  10   5   6    27061     0   0.0            88     88
  30-Zn-64  3025  10   5   6    28055     0   0.0            88     88
  30-Zn-64  3025  10   5   6    28056     0   0.0            88     88
  30-Zn-64  3025  10   5   6    28057     0   0.0            88     88
  30-Zn-64  3025  10   5   6    28058     0   0.0            88     88
  30-Zn-64  3025  10   5   6    28059     0   0.0            88     88
  30-Zn-64  3025  10   5   6    28060     0   0.0            88     88
  30-Zn-64  3025  10   5   6    28061     0   0.0            88     88
  30-Zn-64  3025  10   5   6    28062     0   0.0            88     88
  30-Zn-64  3025  10   5   6    29057     0   0.0            88     88
  30-Zn-64  3025  10   5   6    29058     0   0.0            88     88
  30-Zn-64  3025  10   5   6    29059     0   0.0            88     88
  30-Zn-64  3025  10   5   6    29060     0   0.0            88     88
  30-Zn-64  3025  10   5   6    29061     0   0.0            88     88
  30-Zn-64  3025  10   5   6    29062     0   0.0            88     88
  30-Zn-64  3025  10   5   6    29063     0   0.0            88     88
  30-Zn-64  3025  10   5   6    30059     0   0.0            88     88
  30-Zn-64  3025  10   5   6    30060     0   0.0            88     88
  30-Zn-64  3025  10   5   6    30061     0   0.0            88     88
  30-Zn-64  3025  10   5   6    30062     0   0.0            88     88
  30-Zn-64  3025  10   5   6    30063     0   0.0            88     88
  30-Zn-64  3025  10   5   6    30064     0   0.0            88     88
  30-Zn-64  3025  10   5   6        0     0   0.0            88     88
 ------------------------------------------------------------------------------
                                              MAT Totals   9944   9944
 ------------------------------------------------------------------------------
 ------------------------------------------------------------------------------
 All Cross Sections Read. Maximum Tabulated Energy =  200000000. eV
 ------------------------------------------------------------------------------
 ===============================================================================
      MAT Total Execution Time                0.12 Seconds
 ===============================================================================
 ------------------------------------------------------------------------------
                                             Tape Totals   9944   9944
 ------------------------------------------------------------------------------
 ===============================================================================
 ACTIVATE Total Execution Time                0.12 Seconds
 ===============================================================================
