 Create New Section Index (DICTIN 2019-1)
 ------------------------------------------------------------
 ENDF/B Input and Output Data Filenames
 ------------------------------------------------------------
 DICTIN.IN                                                               
 DICTIN.OUT                                                              
 ------------------------------------------------------------
 First Pass. Reading ENDF/B Data
 ------------------------------------------------------------
  MAT   Messages
 ------------------------------------------------------------
 9434
 ------------------------------------------------------------
 Second Pass. Creating New Index
 ------------------------------------------------------------
 ENDF/B  MAT MF  MT  Lines  Mod
 Format
 ------------------------------------------------------------
  VI    9434  1 451     90    1
        9434  1 452     33    1
        9434  1 455      7    1
        9434  1 456     33    1
        9434  3   3     33    1
        9434  3   5     33    1
        9434  3  18     33    1
        9434 10   5   8033    1
 ------------------------------------------------------------
 Original Line Count   8309
 Final Line Count      8309
 ------------------------------------------------------------
 ===============================================================================
 DICTIN   Total Execution Time                0.03 Seconds
 ===============================================================================
