  Merge ENDF/B Data into MAT/MF/MT Order (MERGER 2019-1)
 ************************************************************************
 Interpretation of Input Parameters
 ************************************************************************
 Output Filename
 ------------------------------------------------------------------------
 MERGER.OUT                                                              
 ------------------------------------------------------------------------
 Merged File Label
 ------------------------------------------------------------------------
                                                                      0
 ------------------------------------------------------------------------
 Retrieval Criteria-----------        MAT
 ------------------------------------------------------------------------
 Input Filenames
 ------------------------------------------------------------------------
 MERGER.IN                                                               
 ------------------------------------------------------------------------
 Retrieval Criteria
 ------------------------------------------------------------------------
 Request *   Lower Limit *   Upper Limit  
  Number *    MAT MF  MT *    MAT MF  MT  
 ------------------------------------------------------------------------
       1 *      0  1   1 * 999999  3 999
       2 *      0 10   1 * 999999 10 999
       3 *      0 33   1 * 999999 33 999
       4 *      0 40   1 * 999999 40 999
 ------------------------------------------------------------------------
 ************************************************************************
 Retrieved Data
 ************************************************************************
     ZA  MAT MF  MT  Lines  Unit Request Message
                                  Number
 ------------------------------------------------------------------------
  94238 9434  1 451     91    11       1
  94238 9434  1 452     34    11       1
  94238 9434  1 455      8    11       1
  94238 9434  1 456     34    11       1
  94238 9434  3   3     34    11       1
  94238 9434  3   5     34    11       1
  94238 9434  3  18     34    11       1
  94238 9434 10   5   8034    11       2
 ------------------------------------------------------------------------
          MAT Lines   8307
 ------------------------------------------------------------------------
         Tape Lines   8309
 ------------------------------------------------------------------------
 ************************************************************************
 Retrieval Statistics
 ************************************************************************
 Merged Materials---          1
 Merged Sections----          8
 Merged Lines-------       8309
 ------------------------------------------------------------------------
 Retrieved Data for Each Request
 ------------------------------------------------------------------------
 Request *   Lower Limit *   Upper Limit *            Retrieved
  Number *    MAT MF  MT *    MAT MF  MT *   Materials    Sections  Lines
 ------------------------------------------------------------------------
       1 *      0  1   1 * 999999  3 999 *           1           7    269
       2 *      0 10   1 * 999999 10 999 *           1           1   8034
       3 *      0 33   1 * 999999 33 999 *           0           0      0
       4 *      0 40   1 * 999999 40 999 *           0           0      0
 ------------------------------------------------------------------------
  Totals                                             1           8   8309
 ------------------------------------------------------------------------
 Note..The Line Count of Retrieved Data for Each Request Does
       NOT Include FEND, MEND AND TEND Lines. Therefore the  
       Total Number of Lines Actually Retrieved and Written  
       on the Merged File Will be More than the Sum of the   
       Number of Lines for All Requests.                     
 ===============================================================================
 MERGER   Total Execution Time                0.05 Seconds
 ===============================================================================
