 Create New Section Index (DICTIN 2019-1)
 ------------------------------------------------------------
 ENDF/B Input and Output Data Filenames
 ------------------------------------------------------------
 DICTIN.IN                                                               
 DICTIN.OUT                                                              
 ------------------------------------------------------------
 First Pass. Reading ENDF/B Data
 ------------------------------------------------------------
  MAT   Messages
 ------------------------------------------------------------
 3031
 ------------------------------------------------------------
 Second Pass. Creating New Index
 ------------------------------------------------------------
 ENDF/B  MAT MF  MT  Lines  Mod
 Format
 ------------------------------------------------------------
  VI    3031  1 451     67    1
        3031  3   5     33    1
        3031 10   5   9537    1
 ------------------------------------------------------------
 Original Line Count   9645
 Final Line Count      9646
 ------------------------------------------------------------
 ===============================================================================
 DICTIN   Total Execution Time                0.04 Seconds
 ===============================================================================
