 ENDF Activation Cross Sections (ACTIVATE 2019-1)
 ------------------------------------------------------------------------------
 ENDF Input and Output Data Filenames
 ------------------------------------------------------------------------------
 ACTIVATE.IN                                                             
 ACTIVATE.OUT                                                            
 ------------------------------------------------------------------------------
 ENDF Tape Label
 ------------------------------------------------------------------------------
  EMPEND Processing file : ho165-g.out                                1
 ------------------------------------------------------------------------------
   Material  MAT  MF  MT  ENDF    ZAP Final      Q-Value Points Points
                          Format      State           eV     In    Out
 ------------------------------------------------------------------------------
  67-Ho-165 6725  10   4 WARNING - MF=10 data already exists - will copy MT.
 ------------------------------------------------------------------------------
  67-Ho-165 6725  10   5   6        1     0   0.0            80     80
  67-Ho-165 6725  10   5   6     1001     0   0.0            80     80
  67-Ho-165 6725  10   5   6     1002     0   0.0            80     80
  67-Ho-165 6725  10   5   6     1003     0   0.0            80     80
  67-Ho-165 6725  10   5   6     2003     0   0.0            80     80
  67-Ho-165 6725  10   5   6     2004     0   0.0            80     80
  67-Ho-165 6725  10   5   6    56137     0   0.0            80     80
  67-Ho-165 6725  10   5   6    56138     0   0.0            80     80
  67-Ho-165 6725  10   5   6    56139     0   0.0            80     80
  67-Ho-165 6725  10   5   6    57138     0   0.0            80     80
  67-Ho-165 6725  10   5   6    57139     0   0.0            80     80
  67-Ho-165 6725  10   5   6    57140     0   0.0            80     80
  67-Ho-165 6725  10   5   6    57141     0   0.0            80     80
  67-Ho-165 6725  10   5   6    57142     0   0.0            80     80
  67-Ho-165 6725  10   5   6    57143     0   0.0            80     80
  67-Ho-165 6725  10   5   6    58139     0   0.0            80     80
  67-Ho-165 6725  10   5   6    58140     0   0.0            80     80
  67-Ho-165 6725  10   5   6    58141     0   0.0            80     80
  67-Ho-165 6725  10   5   6    58142     0   0.0            80     80
  67-Ho-165 6725  10   5   6    58143     0   0.0            80     80
  67-Ho-165 6725  10   5   6    58144     0   0.0            80     80
  67-Ho-165 6725  10   5   6    58145     0   0.0            80     80
  67-Ho-165 6725  10   5   6    58146     0   0.0            80     80
  67-Ho-165 6725  10   5   6    59140     0   0.0            80     80
  67-Ho-165 6725  10   5   6    59141     0   0.0            80     80
  67-Ho-165 6725  10   5   6    59142     0   0.0            80     80
  67-Ho-165 6725  10   5   6    59143     0   0.0            80     80
  67-Ho-165 6725  10   5   6    59144     0   0.0            80     80
  67-Ho-165 6725  10   5   6    59145     0   0.0            80     80
  67-Ho-165 6725  10   5   6    59146     0   0.0            80     80
  67-Ho-165 6725  10   5   6    59147     0   0.0            80     80
  67-Ho-165 6725  10   5   6    59148     0   0.0            80     80
  67-Ho-165 6725  10   5   6    59149     0   0.0            80     80
  67-Ho-165 6725  10   5   6    60142     0   0.0            80     80
  67-Ho-165 6725  10   5   6    60143     0   0.0            80     80
  67-Ho-165 6725  10   5   6    60144     0   0.0            80     80
  67-Ho-165 6725  10   5   6    60145     0   0.0            80     80
  67-Ho-165 6725  10   5   6    60146     0   0.0            80     80
  67-Ho-165 6725  10   5   6    60147     0   0.0            80     80
  67-Ho-165 6725  10   5   6    60148     0   0.0            80     80
  67-Ho-165 6725  10   5   6    60149     0   0.0            80     80
  67-Ho-165 6725  10   5   6    60150     0   0.0            80     80
  67-Ho-165 6725  10   5   6    60151     0   0.0            80     80
  67-Ho-165 6725  10   5   6    61143     0   0.0            80     80
  67-Ho-165 6725  10   5   6    61144     0   0.0            80     80
  67-Ho-165 6725  10   5   6    61145     0   0.0            80     80
  67-Ho-165 6725  10   5   6    61146     0   0.0            80     80
  67-Ho-165 6725  10   5   6    61147     0   0.0            80     80
  67-Ho-165 6725  10   5   6    61148     0   0.0            80     80
  67-Ho-165 6725  10   5   6    61149     0   0.0            80     80
  67-Ho-165 6725  10   5   6    61150     0   0.0            80     80
  67-Ho-165 6725  10   5   6    61151     0   0.0            80     80
  67-Ho-165 6725  10   5   6    61152     0   0.0            80     80
  67-Ho-165 6725  10   5   6    61153     0   0.0            80     80
 WARNING - MF3 E= 2.00100D+08 Not in Energy Range of
           MF9 E= 2.43000D+05 1.80000D+08 eV Data.
           Will Assume MF9 Data = 0 at E= 2.00100D+08
  67-Ho-165 6725  10   5   6    62145     0   0.0            80     80
  67-Ho-165 6725  10   5   6    62146     0   0.0            80     80
  67-Ho-165 6725  10   5   6    62147     0   0.0            80     80
  67-Ho-165 6725  10   5   6    62148     0   0.0            80     80
  67-Ho-165 6725  10   5   6    62149     0   0.0            80     80
  67-Ho-165 6725  10   5   6    62150     0   0.0            80     80
  67-Ho-165 6725  10   5   6    62151     0   0.0            80     80
  67-Ho-165 6725  10   5   6    62152     0   0.0            80     80
  67-Ho-165 6725  10   5   6    62153     0   0.0            80     80
  67-Ho-165 6725  10   5   6    62154     0   0.0            80     80
  67-Ho-165 6725  10   5   6    62155     0   0.0            80     80
 WARNING - MF3 E= 2.00100D+08 Not in Energy Range of
           MF9 E= 2.43000D+05 1.80000D+08 eV Data.
           Will Assume MF9 Data = 0 at E= 2.00100D+08
  67-Ho-165 6725  10   5   6    62156     0   0.0            80     80
  67-Ho-165 6725  10   5   6    63147     0   0.0            80     80
  67-Ho-165 6725  10   5   6    63148     0   0.0            80     80
  67-Ho-165 6725  10   5   6    63149     0   0.0            80     80
  67-Ho-165 6725  10   5   6    63150     0   0.0            80     80
  67-Ho-165 6725  10   5   6    63151     0   0.0            80     80
  67-Ho-165 6725  10   5   6    63152     0   0.0            80     80
  67-Ho-165 6725  10   5   6    63153     0   0.0            80     80
  67-Ho-165 6725  10   5   6    63154     0   0.0            80     80
  67-Ho-165 6725  10   5   6    63155     0   0.0            80     80
  67-Ho-165 6725  10   5   6    63156     0   0.0            80     80
  67-Ho-165 6725  10   5   6    63157     0   0.0            80     80
 WARNING - MF3 E= 1.60000D+08 Not in Energy Range of
           MF9 E= 2.43000D+05 1.40000D+08 eV Data.
           Will Assume MF9 Data = 0 at E= 1.60000D+08
 WARNING - MF3 E= 1.80000D+08 Not in Energy Range of
           MF9 E= 2.43000D+05 1.40000D+08 eV Data.
           Will Assume MF9 Data = 0 at E= 1.80000D+08
 WARNING - MF3 E= 2.00100D+08 Not in Energy Range of
           MF9 E= 2.43000D+05 1.40000D+08 eV Data.
           Will Assume MF9 Data = 0 at E= 2.00100D+08
  67-Ho-165 6725  10   5   6    63158     0   0.0            80     80
 WARNING - MF3 E= 2.00100D+08 Not in Energy Range of
           MF9 E= 2.43000D+05 1.80000D+08 eV Data.
           Will Assume MF9 Data = 0 at E= 2.00100D+08
  67-Ho-165 6725  10   5   6    64149     0   0.0            80     80
  67-Ho-165 6725  10   5   6    64150     0   0.0            80     80
  67-Ho-165 6725  10   5   6    64151     0   0.0            80     80
  67-Ho-165 6725  10   5   6    64152     0   0.0            80     80
  67-Ho-165 6725  10   5   6    64153     0   0.0            80     80
  67-Ho-165 6725  10   5   6    64154     0   0.0            80     80
  67-Ho-165 6725  10   5   6    64155     0   0.0            80     80
  67-Ho-165 6725  10   5   6    64156     0   0.0            80     80
  67-Ho-165 6725  10   5   6    64157     0   0.0            80     80
  67-Ho-165 6725  10   5   6    64158     0   0.0            80     80
  67-Ho-165 6725  10   5   6    64159     0   0.0            80     80
  67-Ho-165 6725  10   5   6    64160     0   0.0            80     80
 WARNING - MF3 E= 9.00000D+07 Not in Energy Range of
           MF9 E= 2.43000D+05 8.00000D+07 eV Data.
           Will Assume MF9 Data = 0 at E= 9.00000D+07
 WARNING - MF3 E= 1.00100D+08 Not in Energy Range of
           MF9 E= 2.43000D+05 8.00000D+07 eV Data.
           Will Assume MF9 Data = 0 at E= 1.00100D+08
 WARNING - MF3 E= 1.20000D+08 Not in Energy Range of
           MF9 E= 2.43000D+05 8.00000D+07 eV Data.
           Will Assume MF9 Data = 0 at E= 1.20000D+08
 WARNING - MF3 E= 1.40000D+08 Not in Energy Range of
           MF9 E= 2.43000D+05 8.00000D+07 eV Data.
           Will Assume MF9 Data = 0 at E= 1.40000D+08
 WARNING - MF3 E= 1.60000D+08 Not in Energy Range of
           MF9 E= 2.43000D+05 8.00000D+07 eV Data.
           Will Assume MF9 Data = 0 at E= 1.60000D+08
 WARNING - MF3 E= 1.80000D+08 Not in Energy Range of
           MF9 E= 2.43000D+05 8.00000D+07 eV Data.
           Will Assume MF9 Data = 0 at E= 1.80000D+08
 WARNING - MF3 E= 2.00100D+08 Not in Energy Range of
           MF9 E= 2.43000D+05 8.00000D+07 eV Data.
           Will Assume MF9 Data = 0 at E= 2.00100D+08
  67-Ho-165 6725  10   5   6    64161     0   0.0            80     80
  67-Ho-165 6725  10   5   6    65151     0   0.0            80     80
  67-Ho-165 6725  10   5   6    65152     0   0.0            80     80
  67-Ho-165 6725  10   5   6    65153     0   0.0            80     80
  67-Ho-165 6725  10   5   6    65154     0   0.0            80     80
  67-Ho-165 6725  10   5   6    65155     0   0.0            80     80
  67-Ho-165 6725  10   5   6    65156     0   0.0            80     80
  67-Ho-165 6725  10   5   6    65157     0   0.0            80     80
  67-Ho-165 6725  10   5   6    65158     0   0.0            80     80
  67-Ho-165 6725  10   5   6    65159     0   0.0            80     80
  67-Ho-165 6725  10   5   6    65160     0   0.0            80     80
  67-Ho-165 6725  10   5   6    65161     0   0.0            80     80
  67-Ho-165 6725  10   5   6    65162     0   0.0            80     80
 WARNING - MF3 E= 1.80000D+08 Not in Energy Range of
           MF9 E= 2.43000D+05 1.60000D+08 eV Data.
           Will Assume MF9 Data = 0 at E= 1.80000D+08
 WARNING - MF3 E= 2.00100D+08 Not in Energy Range of
           MF9 E= 2.43000D+05 1.60000D+08 eV Data.
           Will Assume MF9 Data = 0 at E= 2.00100D+08
  67-Ho-165 6725  10   5   6    66153     0   0.0            80     80
  67-Ho-165 6725  10   5   6    66154     0   0.0            80     80
  67-Ho-165 6725  10   5   6    66155     0   0.0            80     80
  67-Ho-165 6725  10   5   6    66156     0   0.0            80     80
  67-Ho-165 6725  10   5   6    66157     0   0.0            80     80
  67-Ho-165 6725  10   5   6    66158     0   0.0            80     80
  67-Ho-165 6725  10   5   6    66159     0   0.0            80     80
  67-Ho-165 6725  10   5   6    66160     0   0.0            80     80
  67-Ho-165 6725  10   5   6    66161     0   0.0            80     80
  67-Ho-165 6725  10   5   6    66162     0   0.0            80     80
  67-Ho-165 6725  10   5   6    66163     0   0.0            80     80
 WARNING - MF3 E= 1.60000D+08 Not in Energy Range of
           MF9 E= 2.43000D+05 1.40000D+08 eV Data.
           Will Assume MF9 Data = 0 at E= 1.60000D+08
 WARNING - MF3 E= 1.80000D+08 Not in Energy Range of
           MF9 E= 2.43000D+05 1.40000D+08 eV Data.
           Will Assume MF9 Data = 0 at E= 1.80000D+08
 WARNING - MF3 E= 2.00100D+08 Not in Energy Range of
           MF9 E= 2.43000D+05 1.40000D+08 eV Data.
           Will Assume MF9 Data = 0 at E= 2.00100D+08
  67-Ho-165 6725  10   5   6    67157     0   0.0            80     80
  67-Ho-165 6725  10   5   6    67158     0   0.0            80     80
  67-Ho-165 6725  10   5   6    67159     0   0.0            80     80
  67-Ho-165 6725  10   5   6    67160     0   0.0            80     80
  67-Ho-165 6725  10   5   6    67161     0   0.0            80     80
  67-Ho-165 6725  10   5   6        0     0   0.0            80     80
 ------------------------------------------------------------------------------
                                              MAT Totals   9600   9600
 ------------------------------------------------------------------------------
 ------------------------------------------------------------------------------
 All Cross Sections Read. Maximum Tabulated Energy =  200100000. eV
 ------------------------------------------------------------------------------
 WARNING - The Following MTs Stop below the Maximum Tabulated Energy
 ------------------------------------------------------------------------------
  MAT MF  MT  This MT     Maximum E
 ------------------------------------------------------------------------------
 6725  9   5  180000000.  200100000.
 6725  9   5  180000000.  200100000.
 6725  9   5  140000000.  200100000.
 6725  9   5  180000000.  200100000.
 6725  9   5  80000000.0  200100000.
 6725  9   5  160000000.  200100000.
 6725  9   5  140000000.  200100000.
 ------------------------------------------------------------------------------
 WARNING - Data between 80000000.0 and  200100000. are NOT Reliable
 ------------------------------------------------------------------------------
 ===============================================================================
      MAT Total Execution Time                1.52 Seconds
 ===============================================================================
 ------------------------------------------------------------------------------
                                             Tape Totals   9600   9600
 ------------------------------------------------------------------------------
 WARNING - The purpose of this code is to create MF=10 data
           if it does not already exist - if it does exist
           it is copied without checking whether or not it is
           consistent with MF=9 data. Be WARNED that for the
           MF=10 created here MF=9 and MF=10 are consistent.
           But for MF=10 that already existed there is no
           check that MF=9 and MF=10 are consistent.
 ------------------------------------------------------------------------------
 ------------------------------------------------------------------------------
 WARNING - The ENDF Output is NOT Relialble above 80000000.0 eV,
           because it is NOT Consistently Defined for ALL MTs.
           It is STRONGLY recommended that you NOT use this
           data above this energy. If you need data up to
           energies higher than this PLEASE correct the data
           and only then try re-running this code.
 ------------------------------------------------------------------------------
 ===============================================================================
 ACTIVATE Total Execution Time                1.52 Seconds
 ===============================================================================
