 Create New Section Index (DICTIN 2019-1)
 ------------------------------------------------------------
 ENDF/B Input and Output Data Filenames
 ------------------------------------------------------------
 DICTIN.IN                                                               
 DICTIN.OUT                                                              
 ------------------------------------------------------------
 First Pass. Reading ENDF/B Data
 ------------------------------------------------------------
  MAT   Messages
 ------------------------------------------------------------
 6725
 ------------------------------------------------------------
 Second Pass. Creating New Index
 ------------------------------------------------------------
 ENDF/B  MAT MF  MT  Lines  Mod
 Format
 ------------------------------------------------------------
  VI    6725  1 451    509    1
        6725  3   1     50    1
        6725  3   4     43    1
        6725  3   5     50    1
        6725  3  11     21    1
        6725  3  16     28    1
        6725  3  17     18    1
        6725  3  22     43    1
        6725  3  28     30    1
        6725  3  32     23    1
        6725  3  33     21    1
        6725  3  34     20    1
        6725  3  41     20    1
        6725  3  42     14    1
        6725  3  44     19    1
        6725  3  50     43    1
        6725  3  51     42    1
        6725  3  52     42    1
        6725  3  53     41    1
        6725  3  54     41    1
        6725  3  55     41    1
        6725  3  56     40    1
        6725  3  57     40    1
        6725  3  58     40    1
        6725  3  59     39    1
        6725  3  60     39    1
        6725  3  61     39    1
        6725  3  62     38    1
        6725  3  63     38    1
        6725  3  64     38    1
        6725  3  65     37    1
        6725  3  66     37    1
        6725  3  67     36    1
        6725  3  68     36    1
        6725  3  69     36    1
        6725  3  70     35    1
        6725  3  71     35    1
        6725  3  72     35    1
        6725  3  73     34    1
        6725  3  91     34    1
        6725  3 102     50    1
        6725  3 104     32    1
        6725  3 105     31    1
        6725  3 106     29    1
        6725  3 111     28    1
        6725  3 112     49    1
        6725  3 115     22    1
        6725  3 116     21    1
        6725  3 600     50    1
        6725  3 601     49    1
        6725  3 602     49    1
        6725  3 603     48    1
        6725  3 604     48    1
        6725  3 605     47    1
        6725  3 606     47    1
        6725  3 607     47    1
        6725  3 608     46    1
        6725  3 609     46    1
        6725  3 610     46    1
        6725  3 611     45    1
        6725  3 612     45    1
        6725  3 613     45    1
        6725  3 614     44    1
        6725  3 615     44    1
        6725  3 616     43    1
        6725  3 649     44    1
        6725  3 800     50    1
        6725  3 801     50    1
        6725  3 802     50    1
        6725  3 803     50    1
        6725  3 804     50    1
        6725  3 805     50    1
        6725  3 806     50    1
        6725  3 807     50    1
        6725  3 808     50    1
        6725  3 809     50    1
        6725  3 810     50    1
        6725  3 811     50    1
        6725  3 812     50    1
        6725  3 813     50    1
        6725  3 814     50    1
        6725  3 815     50    1
        6725  3 816     50    1
        6725  3 849     50    1
        6725 10   4     57    1
        6725 10   5    616    1
        6725 10  22     13    1
        6725 10  23     15    1
        6725 10  24     20    1
        6725 10  25     16    1
        6725 10  29     23    1
        6725 10  30     18    1
        6725 10  35     16    1
        6725 10  36     12    1
        6725 10  37     14    1
        6725 10  45     19    1
        6725 10 108     29    1
        6725 10 109     19    1
        6725 10 112     12    1
        6725 10 114     16    1
 ------------------------------------------------------------
 Original Line Count   5087
 Final Line Count      4881
 ------------------------------------------------------------
 ===============================================================================
 DICTIN   Total Execution Time                0.02 Seconds
 ===============================================================================
