  Merge ENDF/B Data into MAT/MF/MT Order (MERGER 2019-1)
 ************************************************************************
 Interpretation of Input Parameters
 ************************************************************************
 Output Filename
 ------------------------------------------------------------------------
 MERGER.OUT                                                              
 ------------------------------------------------------------------------
 Merged File Label
 ------------------------------------------------------------------------
                                                                      0
 ------------------------------------------------------------------------
 Retrieval Criteria-----------        MAT
 ------------------------------------------------------------------------
 Input Filenames
 ------------------------------------------------------------------------
 MERGER.IN                                                               
 ------------------------------------------------------------------------
 Retrieval Criteria
 ------------------------------------------------------------------------
 Request *   Lower Limit *   Upper Limit  
  Number *    MAT MF  MT *    MAT MF  MT  
 ------------------------------------------------------------------------
       1 *      0  1   1 * 999999  3 999
       2 *      0 10   1 * 999999 10 999
       3 *      0 33   1 * 999999 33 999
       4 *      0 40   1 * 999999 40 999
 ------------------------------------------------------------------------
 ************************************************************************
 Retrieved Data
 ************************************************************************
     ZA  MAT MF  MT  Lines  Unit Request Message
                                  Number
 ------------------------------------------------------------------------
  67165 6725  1 451    716    11       1
  67165 6725  3   1     51    11       1
  67165 6725  3   4     44    11       1
  67165 6725  3   5     51    11       1
  67165 6725  3  11     22    11       1
  67165 6725  3  16     29    11       1
  67165 6725  3  17     19    11       1
  67165 6725  3  22     44    11       1
  67165 6725  3  28     31    11       1
  67165 6725  3  32     24    11       1
  67165 6725  3  33     22    11       1
  67165 6725  3  34     21    11       1
  67165 6725  3  41     21    11       1
  67165 6725  3  42     15    11       1
  67165 6725  3  44     20    11       1
  67165 6725  3  50     44    11       1
  67165 6725  3  51     43    11       1
  67165 6725  3  52     43    11       1
  67165 6725  3  53     42    11       1
  67165 6725  3  54     42    11       1
  67165 6725  3  55     42    11       1
  67165 6725  3  56     41    11       1
  67165 6725  3  57     41    11       1
  67165 6725  3  58     41    11       1
  67165 6725  3  59     40    11       1
  67165 6725  3  60     40    11       1
  67165 6725  3  61     40    11       1
  67165 6725  3  62     39    11       1
  67165 6725  3  63     39    11       1
  67165 6725  3  64     39    11       1
  67165 6725  3  65     38    11       1
  67165 6725  3  66     38    11       1
  67165 6725  3  67     37    11       1
  67165 6725  3  68     37    11       1
  67165 6725  3  69     37    11       1
  67165 6725  3  70     36    11       1
  67165 6725  3  71     36    11       1
  67165 6725  3  72     36    11       1
  67165 6725  3  73     35    11       1
  67165 6725  3  91     35    11       1
  67165 6725  3 102     51    11       1
  67165 6725  3 104     33    11       1
  67165 6725  3 105     32    11       1
  67165 6725  3 106     30    11       1
  67165 6725  3 111     29    11       1
  67165 6725  3 112     50    11       1
  67165 6725  3 115     23    11       1
  67165 6725  3 116     22    11       1
  67165 6725  3 600     51    11       1
  67165 6725  3 601     50    11       1
  67165 6725  3 602     50    11       1
  67165 6725  3 603     49    11       1
  67165 6725  3 604     49    11       1
  67165 6725  3 605     48    11       1
  67165 6725  3 606     48    11       1
  67165 6725  3 607     48    11       1
  67165 6725  3 608     47    11       1
  67165 6725  3 609     47    11       1
  67165 6725  3 610     47    11       1
  67165 6725  3 611     46    11       1
  67165 6725  3 612     46    11       1
  67165 6725  3 613     46    11       1
  67165 6725  3 614     45    11       1
  67165 6725  3 615     45    11       1
  67165 6725  3 616     44    11       1
  67165 6725  3 649     45    11       1
  67165 6725  3 800     51    11       1
  67165 6725  3 801     51    11       1
  67165 6725  3 802     51    11       1
  67165 6725  3 803     51    11       1
  67165 6725  3 804     51    11       1
  67165 6725  3 805     51    11       1
  67165 6725  3 806     51    11       1
  67165 6725  3 807     51    11       1
  67165 6725  3 808     51    11       1
  67165 6725  3 809     51    11       1
  67165 6725  3 810     51    11       1
  67165 6725  3 811     51    11       1
  67165 6725  3 812     51    11       1
  67165 6725  3 813     51    11       1
  67165 6725  3 814     51    11       1
  67165 6725  3 815     51    11       1
  67165 6725  3 816     51    11       1
  67165 6725  3 849     51    11       1
  67165 6725 10   4     58    11       2
  67165 6725 10   5    617    11       2
  67165 6725 10  22     14    11       2
  67165 6725 10  23     16    11       2
  67165 6725 10  24     21    11       2
  67165 6725 10  25     17    11       2
  67165 6725 10  29     24    11       2
  67165 6725 10  30     19    11       2
  67165 6725 10  35     17    11       2
  67165 6725 10  36     13    11       2
  67165 6725 10  37     15    11       2
  67165 6725 10  45     20    11       2
  67165 6725 10 108     30    11       2
  67165 6725 10 109     20    11       2
  67165 6725 10 112     13    11       2
  67165 6725 10 114     17    11       2
 ------------------------------------------------------------------------
          MAT Lines   5085
 ------------------------------------------------------------------------
         Tape Lines   5087
 ------------------------------------------------------------------------
 ************************************************************************
 Retrieval Statistics
 ************************************************************************
 Merged Materials---          1
 Merged Sections----        100
 Merged Lines-------       5087
 ------------------------------------------------------------------------
 Retrieved Data for Each Request
 ------------------------------------------------------------------------
 Request *   Lower Limit *   Upper Limit *            Retrieved
  Number *    MAT MF  MT *    MAT MF  MT *   Materials    Sections  Lines
 ------------------------------------------------------------------------
       1 *      0  1   1 * 999999  3 999 *           1          84   4150
       2 *      0 10   1 * 999999 10 999 *           1          16    931
       3 *      0 33   1 * 999999 33 999 *           0           0      0
       4 *      0 40   1 * 999999 40 999 *           0           0      0
 ------------------------------------------------------------------------
  Totals                                             1         100   5087
 ------------------------------------------------------------------------
 Note..The Line Count of Retrieved Data for Each Request Does
       NOT Include FEND, MEND AND TEND Lines. Therefore the  
       Total Number of Lines Actually Retrieved and Written  
       on the Merged File Will be More than the Sum of the   
       Number of Lines for All Requests.                     
 ===============================================================================
 MERGER   Total Execution Time                0.16 Seconds
 ===============================================================================
