 Create New Section Index (DICTIN 2019-1)
 ------------------------------------------------------------
 ENDF/B Input and Output Data Filenames
 ------------------------------------------------------------
 DICTIN.IN                                                               
 DICTIN.OUT                                                              
 ------------------------------------------------------------
 First Pass. Reading ENDF/B Data
 ------------------------------------------------------------
  MAT   Messages
 ------------------------------------------------------------
  425
 ------------------------------------------------------------
 Second Pass. Creating New Index
 ------------------------------------------------------------
 ENDF/B  MAT MF  MT  Lines  Mod
 Format
 ------------------------------------------------------------
  VI     425  1 451     78    0
         425  3   3     79    0
         425  3  16     28    0
         425  3  24     24    0
         425  3  28     29    0
         425  3  29     79    0
         425  3  32     22    0
         425  3  33     25    0
         425  3  35     19    0
         425  3  41     15    0
         425  3 115     17    0
         425  3 117     28    0
         425  3 600     32    0
         425  3 601     31    0
         425  3 650     33    0
         425  3 651     32    0
         425  3 700     31    0
         425  3 701     26    0
         425  3 750     26    0
         425  3 751     24    0
 ------------------------------------------------------------
 Original Line Count    720
 Final Line Count       703
 ------------------------------------------------------------
 ===============================================================================
 DICTIN   Total Execution Time                0.00 Seconds
 ===============================================================================
