                                                     MT=  3
 MAT  425                         0.0        Kelvin Unshielded Cross Sections                           4-Be-9  

   No.  Group-eV   Average      No.  Group-eV   Average      No.  Group-eV   Average      No.  Group-eV   Average

    62 1500000.00 1.30383E-4     88 5200000.00 9.52082E-4    114 12000000.0 .001160667    140 140000000. 1.60114E-4
    63 1625000.00 .001125548     89 5400000.00 9.86383E-4    115 13000000.0 .001060618    141 160000000. 0.0       
    64 1750000.00 7.78003E-4     90 5600000.00 .001059784    116 14000000.0 9.57326E-4    142 180000000. 0.0       
    65 1875000.00 5.33553E-4     91 5800000.00 .001139780    117 15000000.0 8.52677E-4    143 200000000. 0.0       
    66 2000000.00 4.28542E-4     92 6000000.00 .001205858    118 16000000.0 7.42890E-4    144 240000000. 0.0       
    67 2125000.00 3.90259E-4     93 6200000.00 .001257862    119 17000000.0 .001019659    145 280000000. 0.0       
    68 2250000.00 5.23114E-4     94 6400000.00 .001308877    120 18000000.0 .001618029    146 320000000. 0.0       
    69 2375000.00 .001182745     95 6600000.00 .001353891    121 19000000.0 .002567450    147 360000000. 0.0       
    70 2500000.00 5.06088E-4     96 6800000.00 .001397894    122 20000000.0 .004155047    148 400000000. 0.0       
    71 2625000.00 4.18991E-4     97 7000000.00 .001433934    123 22000000.0 .005105017    149 440000000. 0.0       
    72 2750000.00 5.68762E-4     98 7200000.00 .001461936    124 24000000.0 .005273303    150 480000000. 0.0       
    73 2875000.00 .001067420     99 7400000.00 .001488451    125 26000000.0 .005238648    151 520000000. 0.0       
    74 3000000.00 .001391982    100 7600000.00 .001505965    126 28000000.0 .004974176    152 560000000. 0.0       
    75 3125000.00 8.55221E-4    101 7800000.00 .001521966    127 30000000.0 .004431126    153 600000000. 0.0       
    76 3250000.00 5.04086E-4    102 8000000.00 .001530000    128 35000000.0 .003767142    154 640000000. 0.0       
    77 3375000.00 3.66877E-4    103 8200000.00 .001530000    129 40000000.0 .003089383    155 680000000. 0.0       
    78 3500000.00 3.23374E-4    104 8400000.00 .001529008    130 45000000.0 .002356635    156 720000000. 0.0       
    79 3625000.00 3.11773E-4    105 8600000.00 .001522015    131 50000000.0 .001846885    157 760000000. 0.0       
    80 3750000.00 3.00172E-4    106 8800000.00 .001514015    132 54000000.0 .001671206    158 800000000. 0.0       
    81 3875000.00 2.88571E-4    107 9000000.00 .001502029    133 55000000.0 .001464872    159 840000000. 0.0       
    82 4000000.00 3.13014E-4    108 9200000.00 .001486029    134 60000000.0 .001085150    160 880000000. 0.0       
    83 4200000.00 3.74069E-4    109 9400000.00 .001470525    135 70000000.0 7.60955E-4    161 920000000. 0.0       
    84 4400000.00 4.51007E-4    110 9600000.00 .001458021    136 80000000.0 5.86662E-4    162 960000000. 0.0       
    85 4600000.00 6.24688E-4    111 9800000.00 .001446020    137 90000000.0 5.30223E-4    163 1.00000E+9
    86 4800000.00 8.14728E-4    112 10000000.0 .001388373    138 100000000. 4.91220E-4
    87 5000000.00 9.24219E-4    113 11000000.0 .001270870    139 120000000. 3.81337E-4
 
                                                     MT= 16
 MAT  425                         0.0        Kelvin Unshielded Cross Sections                           4-Be-9  

   No.  Group-eV   Average      No.  Group-eV   Average      No.  Group-eV   Average      No.  Group-eV   Average

   122 20000000.0 1.36424E-4    133 55000000.0 2.24063E-4    144 240000000. 0.0           155 680000000. 0.0       
   123 22000000.0 6.26529E-4    134 60000000.0 1.72190E-4    145 280000000. 0.0           156 720000000. 0.0       
   124 24000000.0 9.37534E-4    135 70000000.0 1.23854E-4    146 320000000. 0.0           157 760000000. 0.0       
   125 26000000.0 9.81894E-4    136 80000000.0 9.64276E-5    147 360000000. 0.0           158 800000000. 0.0       
   126 28000000.0 9.02814E-4    137 90000000.0 8.74745E-5    148 400000000. 0.0           159 840000000. 0.0       
   127 30000000.0 7.53416E-4    138 100000000. 8.11585E-5    149 440000000. 0.0           160 880000000. 0.0       
   128 35000000.0 5.78780E-4    139 120000000. 6.30272E-5    150 480000000. 0.0           161 920000000. 0.0       
   129 40000000.0 4.44583E-4    140 140000000. 2.64628E-5    151 520000000. 0.0           162 960000000. 0.0       
   130 45000000.0 3.33417E-4    141 160000000. 0.0           152 560000000. 0.0           163 1.00000E+9
   131 50000000.0 2.70815E-4    142 180000000. 0.0           153 600000000. 0.0       
   132 54000000.0 2.50672E-4    143 200000000. 0.0           154 640000000. 0.0       
 
                                                     MT= 24
 MAT  425                         0.0        Kelvin Unshielded Cross Sections                           4-Be-9  

   No.  Group-eV   Average      No.  Group-eV   Average      No.  Group-eV   Average      No.  Group-eV   Average

   123 22000000.0 8.53941E-7    134 60000000.0 2.54887E-5    145 280000000. 0.0           156 720000000. 0.0       
   124 24000000.0 2.34102E-5    135 70000000.0 1.83130E-5    146 320000000. 0.0           157 760000000. 0.0       
   125 26000000.0 6.27462E-5    136 80000000.0 1.43145E-5    147 360000000. 0.0           158 800000000. 0.0       
   126 28000000.0 1.02833E-4    137 90000000.0 1.30060E-5    148 400000000. 0.0           159 840000000. 0.0       
   127 30000000.0 1.20374E-4    138 100000000. 1.20744E-5    149 440000000. 0.0           160 880000000. 0.0       
   128 35000000.0 1.20653E-4    139 120000000. 9.37921E-6    150 480000000. 0.0           161 920000000. 0.0       
   129 40000000.0 9.49108E-5    140 140000000. 3.93803E-6    151 520000000. 0.0           162 960000000. 0.0       
   130 45000000.0 6.29636E-5    141 160000000. 0.0           152 560000000. 0.0           163 1.00000E+9
   131 50000000.0 4.38836E-5    142 180000000. 0.0           153 600000000. 0.0       
   132 54000000.0 3.83104E-5    143 200000000. 0.0           154 640000000. 0.0       
   133 55000000.0 3.36813E-5    144 240000000. 0.0           155 680000000. 0.0       
 
                                                     MT= 28
 MAT  425                         0.0        Kelvin Unshielded Cross Sections                           4-Be-9  

   No.  Group-eV   Average      No.  Group-eV   Average      No.  Group-eV   Average      No.  Group-eV   Average

   120 18000000.0 5.6348E-11    131 50000000.0 3.48770E-4    142 180000000. 0.0           153 600000000. 0.0       
   121 19000000.0 3.12518E-5    132 54000000.0 3.16693E-4    143 200000000. 0.0           154 640000000. 0.0       
   122 20000000.0 4.16680E-4    133 55000000.0 2.78020E-4    144 240000000. 0.0           155 680000000. 0.0       
   123 22000000.0 9.02166E-4    134 60000000.0 2.06379E-4    145 280000000. 0.0           156 720000000. 0.0       
   124 24000000.0 .001010515    135 70000000.0 1.44882E-4    146 320000000. 0.0           157 760000000. 0.0       
   125 26000000.0 .001016397    136 80000000.0 1.11728E-4    147 360000000. 0.0           158 800000000. 0.0       
   126 28000000.0 9.32458E-4    137 90000000.0 1.00993E-4    148 400000000. 0.0           159 840000000. 0.0       
   127 30000000.0 8.02885E-4    138 100000000. 9.35694E-5    149 440000000. 0.0           160 880000000. 0.0       
   128 35000000.0 6.78930E-4    139 120000000. 7.26407E-5    150 480000000. 0.0           161 920000000. 0.0       
   129 40000000.0 5.64784E-4    140 140000000. 3.04997E-5    151 520000000. 0.0           162 960000000. 0.0       
   130 45000000.0 4.39300E-4    141 160000000. 0.0           152 560000000. 0.0           163 1.00000E+9
 
                                                     MT= 29
 MAT  425                         0.0        Kelvin Unshielded Cross Sections                           4-Be-9  

   No.  Group-eV   Average      No.  Group-eV   Average      No.  Group-eV   Average      No.  Group-eV   Average

    62 1500000.00 1.30383E-4     88 5200000.00 9.52082E-4    114 12000000.0 .001160667    140 140000000. 3.04366E-5
    63 1625000.00 .001125548     89 5400000.00 9.86383E-4    115 13000000.0 .001060618    141 160000000. 0.0       
    64 1750000.00 7.78003E-4     90 5600000.00 .001059784    116 14000000.0 9.57326E-4    142 180000000. 0.0       
    65 1875000.00 5.33553E-4     91 5800000.00 .001139780    117 15000000.0 8.52677E-4    143 200000000. 0.0       
    66 2000000.00 4.28542E-4     92 6000000.00 .001205858    118 16000000.0 7.42652E-4    144 240000000. 0.0       
    67 2125000.00 3.90259E-4     93 6200000.00 .001257862    119 17000000.0 9.70756E-4    145 280000000. 0.0       
    68 2250000.00 5.23114E-4     94 6400000.00 .001308877    120 18000000.0 .001403971    146 320000000. 0.0       
    69 2375000.00 .001182745     95 6600000.00 .001353891    121 19000000.0 .002071931    147 360000000. 0.0       
    70 2500000.00 5.06088E-4     96 6800000.00 .001397894    122 20000000.0 .002760400    148 400000000. 0.0       
    71 2625000.00 4.18991E-4     97 7000000.00 .001433934    123 22000000.0 .002487066    149 440000000. 0.0       
    72 2750000.00 5.68762E-4     98 7200000.00 .001461936    124 24000000.0 .001973406    150 480000000. 0.0       
    73 2875000.00 .001067420     99 7400000.00 .001488451    125 26000000.0 .001610162    151 520000000. 0.0       
    74 3000000.00 .001391982    100 7600000.00 .001505965    126 28000000.0 .001326896    152 560000000. 0.0       
    75 3125000.00 8.55221E-4    101 7800000.00 .001521966    127 30000000.0 .001031817    153 600000000. 0.0       
    76 3250000.00 5.04086E-4    102 8000000.00 .001530000    128 35000000.0 7.66384E-4    154 640000000. 0.0       
    77 3375000.00 3.66877E-4    103 8200000.00 .001530000    129 40000000.0 5.85587E-4    155 680000000. 0.0       
    78 3500000.00 3.23374E-4    104 8400000.00 .001529008    130 45000000.0 4.39645E-4    156 720000000. 0.0       
    79 3625000.00 3.11773E-4    105 8600000.00 .001522015    131 50000000.0 3.45148E-4    157 760000000. 0.0       
    80 3750000.00 3.00172E-4    106 8800000.00 .001514015    132 54000000.0 3.13106E-4    158 800000000. 0.0       
    81 3875000.00 2.88571E-4    107 9000000.00 .001502029    133 55000000.0 2.75283E-4    159 840000000. 0.0       
    82 4000000.00 3.13014E-4    108 9200000.00 .001486029    134 60000000.0 2.05212E-4    160 880000000. 0.0       
    83 4200000.00 3.74069E-4    109 9400000.00 .001470525    135 70000000.0 1.44441E-4    161 920000000. 0.0       
    84 4400000.00 4.51007E-4    110 9600000.00 .001458021    136 80000000.0 1.11480E-4    162 960000000. 0.0       
    85 4600000.00 6.24688E-4    111 9800000.00 .001446020    137 90000000.0 1.00791E-4    163 1.00000E+9
    86 4800000.00 8.14728E-4    112 10000000.0 .001388373    138 100000000. 9.33859E-5
    87 5000000.00 9.24219E-4    113 11000000.0 .001270870    139 120000000. 7.24907E-5
 
                                                     MT= 32
 MAT  425                         0.0        Kelvin Unshielded Cross Sections                           4-Be-9  

   No.  Group-eV   Average      No.  Group-eV   Average      No.  Group-eV   Average      No.  Group-eV   Average

   123 22000000.0 2.9041E-10    134 60000000.0 5.63073E-5    145 280000000. 0.0           156 720000000. 0.0       
   124 24000000.0 9.63627E-6    135 70000000.0 3.89889E-5    146 320000000. 0.0           157 760000000. 0.0       
   125 26000000.0 4.61454E-5    136 80000000.0 2.99071E-5    147 360000000. 0.0           158 800000000. 0.0       
   126 28000000.0 1.05265E-4    137 90000000.0 2.69782E-5    148 400000000. 0.0           159 840000000. 0.0       
   127 30000000.0 1.55175E-4    138 100000000. 2.49750E-5    149 440000000. 0.0           160 880000000. 0.0       
   128 35000000.0 1.65076E-4    139 120000000. 1.93853E-5    150 480000000. 0.0           161 920000000. 0.0       
   129 40000000.0 1.50909E-4    140 140000000. 8.13935E-6    151 520000000. 0.0           162 960000000. 0.0       
   130 45000000.0 1.22606E-4    141 160000000. 0.0           152 560000000. 0.0           163 1.00000E+9
   131 50000000.0 9.78922E-5    142 180000000. 0.0           153 600000000. 0.0       
   132 54000000.0 8.87412E-5    143 200000000. 0.0           154 640000000. 0.0       
   133 55000000.0 7.73139E-5    144 240000000. 0.0           155 680000000. 0.0       
 
                                                     MT= 33
 MAT  425                         0.0        Kelvin Unshielded Cross Sections                           4-Be-9  

   No.  Group-eV   Average      No.  Group-eV   Average      No.  Group-eV   Average      No.  Group-eV   Average

   122 20000000.0 4.13593E-9    133 55000000.0 1.25836E-4    144 240000000. 0.0           155 680000000. 0.0       
   123 22000000.0 2.53275E-6    134 60000000.0 9.27308E-5    145 280000000. 0.0           156 720000000. 0.0       
   124 24000000.0 6.56887E-5    135 70000000.0 6.47903E-5    146 320000000. 0.0           157 760000000. 0.0       
   125 26000000.0 1.55644E-4    136 80000000.0 4.98821E-5    147 360000000. 0.0           158 800000000. 0.0       
   126 28000000.0 2.26956E-4    137 90000000.0 4.50613E-5    148 400000000. 0.0           159 840000000. 0.0       
   127 30000000.0 2.61060E-4    138 100000000. 4.17388E-5    149 440000000. 0.0           160 880000000. 0.0       
   128 35000000.0 2.80408E-4    139 120000000. 3.24026E-5    150 480000000. 0.0           161 920000000. 0.0       
   129 40000000.0 2.57763E-4    140 140000000. 1.36051E-5    151 520000000. 0.0           162 960000000. 0.0       
   130 45000000.0 2.01756E-4    141 160000000. 0.0           152 560000000. 0.0           163 1.00000E+9
   131 50000000.0 1.58239E-4    142 180000000. 0.0           153 600000000. 0.0       
   132 54000000.0 1.43741E-4    143 200000000. 0.0           154 640000000. 0.0       
 
                                                     MT= 35
 MAT  425                         0.0        Kelvin Unshielded Cross Sections                           4-Be-9  

   No.  Group-eV   Average      No.  Group-eV   Average      No.  Group-eV   Average      No.  Group-eV   Average

   124 24000000.0 1.22148E-8    134 60000000.0 4.38251E-5    144 240000000. 0.0           154 640000000. 0.0       
   125 26000000.0 8.86161E-6    135 70000000.0 3.03206E-5    145 280000000. 0.0           155 680000000. 0.0       
   126 28000000.0 3.91209E-5    136 80000000.0 2.32505E-5    146 320000000. 0.0           156 720000000. 0.0       
   127 30000000.0 8.65505E-5    137 90000000.0 2.09712E-5    147 360000000. 0.0           157 760000000. 0.0       
   128 35000000.0 1.14318E-4    138 100000000. 1.94127E-5    148 400000000. 0.0           158 800000000. 0.0       
   129 40000000.0 1.09893E-4    139 120000000. 1.50679E-5    149 440000000. 0.0           159 840000000. 0.0       
   130 45000000.0 9.20827E-5    140 140000000. 6.32672E-6    150 480000000. 0.0           160 880000000. 0.0       
   131 50000000.0 7.48437E-5    141 160000000. 0.0           151 520000000. 0.0           161 920000000. 0.0       
   132 54000000.0 6.85980E-5    142 180000000. 0.0           152 560000000. 0.0           162 960000000. 0.0       
   133 55000000.0 6.00411E-5    143 200000000. 0.0           153 600000000. 0.0           163 1.00000E+9
 
                                                     MT= 41
 MAT  425                         0.0        Kelvin Unshielded Cross Sections                           4-Be-9  

   No.  Group-eV   Average      No.  Group-eV   Average      No.  Group-eV   Average      No.  Group-eV   Average

   125 26000000.0 2.94833E-9    135 70000000.0 1.02859E-6    145 280000000. 0.0           155 680000000. 0.0       
   126 28000000.0 1.64718E-7    136 80000000.0 7.87956E-7    146 320000000. 0.0           156 720000000. 0.0       
   127 30000000.0 1.68210E-6    137 90000000.0 7.10434E-7    147 360000000. 0.0           157 760000000. 0.0       
   128 35000000.0 3.47566E-6    138 100000000. 6.57544E-7    148 400000000. 0.0           158 800000000. 0.0       
   129 40000000.0 3.51171E-6    139 120000000. 5.10351E-7    149 440000000. 0.0           159 840000000. 0.0       
   130 45000000.0 3.02748E-6    140 140000000. 2.14288E-7    150 480000000. 0.0           160 880000000. 0.0       
   131 50000000.0 2.49765E-6    141 160000000. 0.0           151 520000000. 0.0           161 920000000. 0.0       
   132 54000000.0 2.31182E-6    142 180000000. 0.0           152 560000000. 0.0           162 960000000. 0.0       
   133 55000000.0 2.03513E-6    143 200000000. 0.0           153 600000000. 0.0           163 1.00000E+9
   134 60000000.0 1.49022E-6    144 240000000. 0.0           154 640000000. 0.0       
 
                                                     MT=115
 MAT  425                         0.0        Kelvin Unshielded Cross Sections                           4-Be-9  

   No.  Group-eV   Average      No.  Group-eV   Average      No.  Group-eV   Average      No.  Group-eV   Average

   125 26000000.0 2.18787E-8    135 70000000.0 3.93737E-7    145 280000000. 0.0           155 680000000. 0.0       
   126 28000000.0 2.49059E-7    136 80000000.0 3.01691E-7    146 320000000. 0.0           156 720000000. 0.0       
   127 30000000.0 1.02162E-6    137 90000000.0 2.72030E-7    147 360000000. 0.0           157 760000000. 0.0       
   128 35000000.0 1.45917E-6    138 100000000. 2.51784E-7    148 400000000. 0.0           158 800000000. 0.0       
   129 40000000.0 1.42665E-6    139 120000000. 1.95421E-7    149 440000000. 0.0           159 840000000. 0.0       
   130 45000000.0 1.20294E-6    140 140000000. 8.20527E-8    150 480000000. 0.0           160 880000000. 0.0       
   131 50000000.0 9.76880E-7    141 160000000. 0.0           151 520000000. 0.0           161 920000000. 0.0       
   132 54000000.0 8.95416E-7    142 180000000. 0.0           152 560000000. 0.0           162 960000000. 0.0       
   133 55000000.0 7.83021E-7    143 200000000. 0.0           153 600000000. 0.0           163 1.00000E+9
   134 60000000.0 5.70165E-7    144 240000000. 0.0           154 640000000. 0.0       
 
                                                     MT=117
 MAT  425                         0.0        Kelvin Unshielded Cross Sections                           4-Be-9  

   No.  Group-eV   Average      No.  Group-eV   Average      No.  Group-eV   Average      No.  Group-eV   Average

   121 19000000.0 5.78130E-6    132 54000000.0 2.96919E-4    143 200000000. 0.0           154 640000000. 0.0       
   122 20000000.0 7.62418E-5    133 55000000.0 2.56936E-4    144 240000000. 0.0           155 680000000. 0.0       
   123 22000000.0 3.09117E-4    134 60000000.0 1.86049E-4    145 280000000. 0.0           156 720000000. 0.0       
   124 24000000.0 5.78543E-4    135 70000000.0 1.28396E-4    146 320000000. 0.0           157 760000000. 0.0       
   125 26000000.0 7.47315E-4    136 80000000.0 9.83522E-5    147 360000000. 0.0           158 800000000. 0.0       
   126 28000000.0 7.91057E-4    137 90000000.0 8.86731E-5    148 400000000. 0.0           159 840000000. 0.0       
   127 30000000.0 7.55354E-4    138 100000000. 8.20714E-5    149 440000000. 0.0           160 880000000. 0.0       
   128 35000000.0 6.81523E-4    139 120000000. 6.36987E-5    150 480000000. 0.0           161 920000000. 0.0       
   129 40000000.0 5.74068E-4    140 140000000. 2.67459E-5    151 520000000. 0.0           162 960000000. 0.0       
   130 45000000.0 4.36134E-4    141 160000000. 0.0           152 560000000. 0.0           163 1.00000E+9
   131 50000000.0 3.33655E-4    142 180000000. 0.0           153 600000000. 0.0       
 
                                                     MT=600
 MAT  425                         0.0        Kelvin Unshielded Cross Sections                           4-Be-9  

   No.  Group-eV   Average      No.  Group-eV   Average      No.  Group-eV   Average      No.  Group-eV   Average

   118 16000000.0 1.11280E-8    130 45000000.0 4.53971E-5    142 180000000. 0.0           154 640000000. 0.0       
   119 17000000.0 8.83602E-6    131 50000000.0 3.44156E-5    143 200000000. 0.0           155 680000000. 0.0       
   120 18000000.0 5.21369E-5    132 54000000.0 3.05809E-5    144 240000000. 0.0           156 720000000. 0.0       
   121 19000000.0 1.08921E-4    133 55000000.0 2.64624E-5    145 280000000. 0.0           157 760000000. 0.0       
   122 20000000.0 1.61190E-4    134 60000000.0 1.91806E-5    146 320000000. 0.0           158 800000000. 0.0       
   123 22000000.0 1.39224E-4    135 70000000.0 1.32472E-5    147 360000000. 0.0           159 840000000. 0.0       
   124 24000000.0 1.13106E-4    136 80000000.0 1.01509E-5    148 400000000. 0.0           160 880000000. 0.0       
   125 26000000.0 1.02206E-4    137 90000000.0 9.15326E-6    149 440000000. 0.0           161 920000000. 0.0       
   126 28000000.0 9.40541E-5    138 100000000. 8.47215E-6    150 480000000. 0.0           162 960000000. 0.0       
   127 30000000.0 8.41279E-5    139 120000000. 6.57565E-6    151 520000000. 0.0           163 1.00000E+9
   128 35000000.0 7.26527E-5    140 140000000. 2.76100E-6    152 560000000. 0.0       
   129 40000000.0 6.00451E-5    141 160000000. 0.0           153 600000000. 0.0       
 
                                                     MT=601
 MAT  425                         0.0        Kelvin Unshielded Cross Sections                           4-Be-9  

   No.  Group-eV   Average      No.  Group-eV   Average      No.  Group-eV   Average      No.  Group-eV   Average

   119 17000000.0 1.02699E-9    131 50000000.0 2.54964E-5    143 200000000. 0.0           155 680000000. 0.0       
   120 18000000.0 6.84464E-6    132 54000000.0 2.26663E-5    144 240000000. 0.0           156 720000000. 0.0       
   121 19000000.0 3.49268E-5    133 55000000.0 1.96196E-5    145 280000000. 0.0           157 760000000. 0.0       
   122 20000000.0 7.32693E-5    134 60000000.0 1.42277E-5    146 320000000. 0.0           158 800000000. 0.0       
   123 22000000.0 7.83793E-5    135 70000000.0 9.83046E-6    147 360000000. 0.0           159 840000000. 0.0       
   124 24000000.0 6.81136E-5    136 80000000.0 7.53406E-6    148 400000000. 0.0           160 880000000. 0.0       
   125 26000000.0 6.35804E-5    137 90000000.0 6.79383E-6    149 440000000. 0.0           161 920000000. 0.0       
   126 28000000.0 6.09341E-5    138 100000000. 6.28841E-6    150 480000000. 0.0           162 960000000. 0.0       
   127 30000000.0 5.77037E-5    139 120000000. 4.88076E-6    151 520000000. 0.0           163 1.00000E+9
   128 35000000.0 5.24137E-5    140 140000000. 2.04934E-6    152 560000000. 0.0       
   129 40000000.0 4.40741E-5    141 160000000. 0.0           153 600000000. 0.0       
   130 45000000.0 3.35195E-5    142 180000000. 0.0           154 640000000. 0.0       
 
                                                     MT=650
 MAT  425                         0.0        Kelvin Unshielded Cross Sections                           4-Be-9  

   No.  Group-eV   Average      No.  Group-eV   Average      No.  Group-eV   Average      No.  Group-eV   Average

   118 16000000.0 2.39190E-7    130 45000000.0 5.53203E-5    142 180000000. 0.0           154 640000000. 0.0       
   119 17000000.0 3.33335E-5    131 50000000.0 4.18751E-5    143 200000000. 0.0           155 680000000. 0.0       
   120 18000000.0 9.65210E-5    132 54000000.0 3.72191E-5    144 240000000. 0.0           156 720000000. 0.0       
   121 19000000.0 1.68575E-4    133 55000000.0 3.22121E-5    145 280000000. 0.0           157 760000000. 0.0       
   122 20000000.0 2.56713E-4    134 60000000.0 2.33550E-5    146 320000000. 0.0           158 800000000. 0.0       
   123 22000000.0 2.35071E-4    135 70000000.0 1.61337E-5    147 360000000. 0.0           159 840000000. 0.0       
   124 24000000.0 1.88301E-4    136 80000000.0 1.23638E-5    148 400000000. 0.0           160 880000000. 0.0       
   125 26000000.0 1.61558E-4    137 90000000.0 1.11490E-5    149 440000000. 0.0           161 920000000. 0.0       
   126 28000000.0 1.39990E-4    138 100000000. 1.03192E-5    150 480000000. 0.0           162 960000000. 0.0       
   127 30000000.0 1.14781E-4    139 120000000. 8.00946E-6    151 520000000. 0.0           163 1.00000E+9
   128 35000000.0 9.24836E-5    140 140000000. 3.36306E-6    152 560000000. 0.0       
   129 40000000.0 7.48963E-5    141 160000000. 0.0           153 600000000. 0.0       
 
                                                     MT=651
 MAT  425                         0.0        Kelvin Unshielded Cross Sections                           4-Be-9  

   No.  Group-eV   Average      No.  Group-eV   Average      No.  Group-eV   Average      No.  Group-eV   Average

   119 17000000.0 6.72907E-6    131 50000000.0 2.45934E-5    143 200000000. 0.0           155 680000000. 0.0       
   120 18000000.0 4.11352E-5    132 54000000.0 2.18734E-5    144 240000000. 0.0           156 720000000. 0.0       
   121 19000000.0 7.97479E-5    133 55000000.0 1.89387E-5    145 280000000. 0.0           157 760000000. 0.0       
   122 20000000.0 1.33191E-4    134 60000000.0 1.37396E-5    146 320000000. 0.0           158 800000000. 0.0       
   123 22000000.0 1.32937E-4    135 70000000.0 9.49526E-6    147 360000000. 0.0           159 840000000. 0.0       
   124 24000000.0 1.09281E-4    136 80000000.0 7.27775E-6    148 400000000. 0.0           160 880000000. 0.0       
   125 26000000.0 9.40104E-5    137 90000000.0 6.56302E-6    149 440000000. 0.0           161 920000000. 0.0       
   126 28000000.0 8.17470E-5    138 100000000. 6.07478E-6    150 480000000. 0.0           162 960000000. 0.0       
   127 30000000.0 6.72549E-5    139 120000000. 4.71499E-6    151 520000000. 0.0           163 1.00000E+9
   128 35000000.0 5.42507E-5    140 140000000. 1.97972E-6    152 560000000. 0.0       
   129 40000000.0 4.37975E-5    141 160000000. 0.0           153 600000000. 0.0       
   130 45000000.0 3.24424E-5    142 180000000. 0.0           154 640000000. 0.0       
 
                                                     MT=700
 MAT  425                         0.0        Kelvin Unshielded Cross Sections                           4-Be-9  

   No.  Group-eV   Average      No.  Group-eV   Average      No.  Group-eV   Average      No.  Group-eV   Average

   119 17000000.0 3.59027E-8    131 50000000.0 3.20956E-5    143 200000000. 0.0           155 680000000. 0.0       
   120 18000000.0 1.74329E-5    132 54000000.0 2.85154E-5    144 240000000. 0.0           156 720000000. 0.0       
   121 19000000.0 7.21168E-5    133 55000000.0 2.46721E-5    145 280000000. 0.0           157 760000000. 0.0       
   122 20000000.0 1.42526E-4    134 60000000.0 1.78786E-5    146 320000000. 0.0           158 800000000. 0.0       
   123 22000000.0 1.72019E-4    135 70000000.0 1.23459E-5    147 360000000. 0.0           159 840000000. 0.0       
   124 24000000.0 1.60090E-4    136 80000000.0 9.45928E-6    148 400000000. 0.0           160 880000000. 0.0       
   125 26000000.0 1.42677E-4    137 90000000.0 8.52939E-6    149 440000000. 0.0           161 920000000. 0.0       
   126 28000000.0 1.22651E-4    138 100000000. 7.89455E-6    150 480000000. 0.0           162 960000000. 0.0       
   127 30000000.0 9.78852E-5    139 120000000. 6.12735E-6    151 520000000. 0.0           163 1.00000E+9
   128 35000000.0 7.53949E-5    140 140000000. 2.57275E-6    152 560000000. 0.0       
   129 40000000.0 5.80663E-5    141 160000000. 0.0           153 600000000. 0.0       
   130 45000000.0 4.24328E-5    142 180000000. 0.0           154 640000000. 0.0       
 
                                                     MT=701
 MAT  425                         0.0        Kelvin Unshielded Cross Sections                           4-Be-9  

   No.  Group-eV   Average      No.  Group-eV   Average      No.  Group-eV   Average      No.  Group-eV   Average

   122 20000000.0 6.66605E-7    133 55000000.0 8.82295E-6    144 240000000. 0.0           155 680000000. 0.0       
   123 22000000.0 1.67647E-5    134 60000000.0 6.39648E-6    145 280000000. 0.0           156 720000000. 0.0       
   124 24000000.0 3.06566E-5    135 70000000.0 4.41834E-6    146 320000000. 0.0           157 760000000. 0.0       
   125 26000000.0 3.91905E-5    136 80000000.0 3.38579E-6    147 360000000. 0.0           158 800000000. 0.0       
   126 28000000.0 4.05772E-5    137 90000000.0 3.05302E-6    148 400000000. 0.0           159 840000000. 0.0       
   127 30000000.0 3.48397E-5    138 100000000. 2.82584E-6    149 440000000. 0.0           160 880000000. 0.0       
   128 35000000.0 2.67827E-5    139 120000000. 2.19327E-6    150 480000000. 0.0           161 920000000. 0.0       
   129 40000000.0 2.06701E-5    140 140000000. 9.20918E-7    151 520000000. 0.0           162 960000000. 0.0       
   130 45000000.0 1.51475E-5    141 160000000. 0.0           152 560000000. 0.0           163 1.00000E+9
   131 50000000.0 1.14690E-5    142 180000000. 0.0           153 600000000. 0.0       
   132 54000000.0 1.01945E-5    143 200000000. 0.0           154 640000000. 0.0       
 
                                                     MT=750
 MAT  425                         0.0        Kelvin Unshielded Cross Sections                           4-Be-9  

   No.  Group-eV   Average      No.  Group-eV   Average      No.  Group-eV   Average      No.  Group-eV   Average

   122 20000000.0 7.55695E-8    133 55000000.0 1.52741E-7    144 240000000. 0.0           155 680000000. 0.0       
   123 22000000.0 2.41125E-6    134 60000000.0 1.10627E-7    145 280000000. 0.0           156 720000000. 0.0       
   124 24000000.0 5.11041E-6    135 70000000.0 7.63642E-8    146 320000000. 0.0           157 760000000. 0.0       
   125 26000000.0 6.27213E-6    136 80000000.0 5.85017E-8    147 360000000. 0.0           158 800000000. 0.0       
   126 28000000.0 6.55947E-6    137 90000000.0 5.27468E-8    148 400000000. 0.0           159 840000000. 0.0       
   127 30000000.0 5.22053E-6    138 100000000. 4.88197E-8    149 440000000. 0.0           160 880000000. 0.0       
   128 35000000.0 2.16659E-6    139 120000000. 3.78914E-8    150 480000000. 0.0           161 920000000. 0.0       
   129 40000000.0 3.86284E-7    140 140000000. 1.59100E-8    151 520000000. 0.0           162 960000000. 0.0       
   130 45000000.0 2.63052E-7    141 160000000. 0.0           152 560000000. 0.0           163 1.00000E+9
   131 50000000.0 1.98822E-7    142 180000000. 0.0           153 600000000. 0.0       
   132 54000000.0 1.76579E-7    143 200000000. 0.0           154 640000000. 0.0       
 
                                                     MT=751
 MAT  425                         0.0        Kelvin Unshielded Cross Sections                           4-Be-9  

   No.  Group-eV   Average      No.  Group-eV   Average      No.  Group-eV   Average      No.  Group-eV   Average

   123 22000000.0 3.56394E-7    134 60000000.0 3.69909E-7    145 280000000. 0.0           156 720000000. 0.0       
   124 24000000.0 8.84379E-6    135 70000000.0 2.55450E-7    146 320000000. 0.0           157 760000000. 0.0       
   125 26000000.0 1.68073E-5    136 80000000.0 1.95736E-7    147 360000000. 0.0           158 800000000. 0.0       
   126 28000000.0 1.89119E-5    137 90000000.0 1.76495E-7    148 400000000. 0.0           159 840000000. 0.0       
   127 30000000.0 1.73233E-5    138 100000000. 1.63358E-7    149 440000000. 0.0           160 880000000. 0.0       
   128 35000000.0 9.62308E-6    139 120000000. 1.26794E-7    150 480000000. 0.0           161 920000000. 0.0       
   129 40000000.0 2.08803E-6    140 140000000. 5.32377E-8    151 520000000. 0.0           162 960000000. 0.0       
   130 45000000.0 8.77855E-7    141 160000000. 0.0           152 560000000. 0.0           163 1.00000E+9
   131 50000000.0 6.63973E-7    142 180000000. 0.0           153 600000000. 0.0       
   132 54000000.0 5.89915E-7    143 200000000. 0.0           154 640000000. 0.0       
   133 55000000.0 5.10423E-7    144 240000000. 0.0           155 680000000. 0.0       
 
