 Create New Section Index (DICTIN 2019-1)
 ------------------------------------------------------------
 ENDF/B Input and Output Data Filenames
 ------------------------------------------------------------
 DICTIN.IN                                                               
 DICTIN.OUT                                                              
 ------------------------------------------------------------
 First Pass. Reading ENDF/B Data
 ------------------------------------------------------------
  MAT   Messages
 ------------------------------------------------------------
 7125
 ------------------------------------------------------------
 Second Pass. Creating New Index
 ------------------------------------------------------------
 ENDF/B  MAT MF  MT  Lines  Mod
 Format
 ------------------------------------------------------------
  VI    7125  1 451    350    1
        7125  3   3     33    1
        7125  3   5     33    1
        7125 10   5   4385    1
 ------------------------------------------------------------
 Original Line Count   4811
 Final Line Count      4811
 ------------------------------------------------------------
 ===============================================================================
 DICTIN   Total Execution Time                0.02 Seconds
 ===============================================================================
