 ENDF Activation Cross Sections (ACTIVATE 2019-1)
 ------------------------------------------------------------------------------
 ENDF Input and Output Data Filenames
 ------------------------------------------------------------------------------
 ACTIVATE.IN                                                             
 ACTIVATE.OUT                                                            
 ------------------------------------------------------------------------------
 ENDF Tape Label
 ------------------------------------------------------------------------------
  JENDL/PD-2016.1  Ca- 44                                             1
 ------------------------------------------------------------------------------
   Material  MAT  MF  MT  ENDF    ZAP Final      Q-Value Points Points
                          Format      State           eV     In    Out
 ------------------------------------------------------------------------------
  20-Ca-44  2037  10   5   6        1     0   0.0           259    259
  20-Ca-44  2037  10   5   6     1001     0   0.0           259    259
  20-Ca-44  2037  10   5   6     1002     0   0.0           259    259
  20-Ca-44  2037  10   5   6     1003     0   0.0           259    259
  20-Ca-44  2037  10   5   6     2003     0   0.0           259    259
  20-Ca-44  2037  10   5   6     2004     0   0.0           259    259
  20-Ca-44  2037  10   5   6    17036     0   0.0           259    259
  20-Ca-44  2037  10   5   6    17037     0   0.0           259    259
  20-Ca-44  2037  10   5   6    17038     0   0.0           259    259
  20-Ca-44  2037  10   5   6    17039     0   0.0           259    259
  20-Ca-44  2037  10   5   6    17040     0   0.0           259    259
  20-Ca-44  2037  10   5   6    17041     0   0.0           259    259
  20-Ca-44  2037  10   5   6    18037     0   0.0           259    259
  20-Ca-44  2037  10   5   6    18038     0   0.0           259    259
  20-Ca-44  2037  10   5   6    18039     0   0.0           259    259
  20-Ca-44  2037  10   5   6    18040     0   0.0           259    259
  20-Ca-44  2037  10   5   6    18041     0   0.0           259    259
  20-Ca-44  2037  10   5   6    18042     0   0.0           259    259
  20-Ca-44  2037  10   5   6    19041     0   0.0           259    259
  20-Ca-44  2037  10   5   6    19042     0   0.0           259    259
  20-Ca-44  2037  10   5   6    19043     0   0.0           259    259
  20-Ca-44  2037  10   5   6    20039     0   0.0           259    259
  20-Ca-44  2037  10   5   6    20040     0   0.0           259    259
  20-Ca-44  2037  10   5   6    20041     0   0.0           259    259
  20-Ca-44  2037  10   5   6    20042     0   0.0           259    259
  20-Ca-44  2037  10   5   6    20043     0   0.0           259    259
 ------------------------------------------------------------------------------
                                              MAT Totals   6734   6734
 ------------------------------------------------------------------------------
 ------------------------------------------------------------------------------
 All Cross Sections Read. Maximum Tabulated Energy =  140000000. eV
 ------------------------------------------------------------------------------
 ===============================================================================
      MAT Total Execution Time                0.39 Seconds
 ===============================================================================
 ------------------------------------------------------------------------------
                                             Tape Totals   6734   6734
 ------------------------------------------------------------------------------
 ===============================================================================
 ACTIVATE Total Execution Time                0.39 Seconds
 ===============================================================================
