 Create New Section Index (DICTIN 2019-1)
 ------------------------------------------------------------
 ENDF/B Input and Output Data Filenames
 ------------------------------------------------------------
 DICTIN.IN                                                               
 DICTIN.OUT                                                              
 ------------------------------------------------------------
 First Pass. Reading ENDF/B Data
 ------------------------------------------------------------
  MAT   Messages
 ------------------------------------------------------------
 2037
 ------------------------------------------------------------
 Second Pass. Creating New Index
 ------------------------------------------------------------
 ENDF/B  MAT MF  MT  Lines  Mod
 Format
 ------------------------------------------------------------
  VI    2037  1 451     61    1
        2037  3   5     90    0
        2037 10   5   2315    1
 ------------------------------------------------------------
 Original Line Count   2474
 Final Line Count      2475
 ------------------------------------------------------------
 ===============================================================================
 DICTIN   Total Execution Time                0.01 Seconds
 ===============================================================================
