                                                     MT=  5
 MAT 2037                         0.0        Kelvin Unshielded Cross Sections                          20-Ca-44 

   No.  Group-eV   Average      No.  Group-eV   Average      No.  Group-eV   Average      No.  Group-eV   Average

   106 8800000.00 3.99015E-5    121 19000000.0 .062215932    136 80000000.0 .004154565    151 520000000. 0.0       
   107 9000000.00 1.85166E-4    122 20000000.0 .062241584    137 90000000.0 .003842101    152 560000000. 0.0       
   108 9200000.00 3.35999E-4    123 22000000.0 .048571251    138 100000000. .003393317    153 600000000. 0.0       
   109 9400000.00 4.86832E-4    124 24000000.0 .033952649    139 120000000. .002857830    154 640000000. 0.0       
   110 9600000.00 6.37665E-4    125 26000000.0 .024164669    140 140000000. 0.0           155 680000000. 0.0       
   111 9800000.00 7.88498E-4    126 28000000.0 .018107730    141 160000000. 0.0           156 720000000. 0.0       
   112 10000000.0 .001235245    127 30000000.0 .012566728    142 180000000. 0.0           157 760000000. 0.0       
   113 11000000.0 .002554885    128 35000000.0 .008689649    143 200000000. 0.0           158 800000000. 0.0       
   114 12000000.0 .007361011    129 40000000.0 .006956890    144 240000000. 0.0           159 840000000. 0.0       
   115 13000000.0 .012760201    130 45000000.0 .006055428    145 280000000. 0.0           160 880000000. 0.0       
   116 14000000.0 .020869728    131 50000000.0 .005565940    146 320000000. 0.0           161 920000000. 0.0       
   117 15000000.0 .031753784    132 54000000.0 .005366132    147 360000000. 0.0           162 960000000. 0.0       
   118 16000000.0 .043647235    133 55000000.0 .005182664    148 400000000. 0.0           163 1.00000E+9
   119 17000000.0 .056813650    134 60000000.0 .004834997    149 440000000. 0.0       
   120 18000000.0 .058149252    135 70000000.0 .004474371    150 480000000. 0.0       
 
                                                     MT=  5
 MAT 2037                         0.0        Kelvin Unshielded Cross Sections                          20-Ca-44 

   No.  Group-eV   Average      No.  Group-eV   Average      No.  Group-eV   Average      No.  Group-eV   Average

   106 8800000.00 1.69432E-5    121 19000000.0 .056091012    136 80000000.0 .005776084    151 520000000. 0.0       
   107 9000000.00 7.86263E-5    122 20000000.0 .058597546    137 90000000.0 .005543441    152 560000000. 0.0       
   108 9200000.00 1.42674E-4    123 22000000.0 .049487047    138 100000000. .004910566    153 600000000. 0.0       
   109 9400000.00 2.06722E-4    124 24000000.0 .035329511    139 120000000. .004063724    154 640000000. 0.0       
   110 9600000.00 2.70769E-4    125 26000000.0 .025120227    140 140000000. 0.0           155 680000000. 0.0       
   111 9800000.00 3.34817E-4    126 28000000.0 .021424243    141 160000000. 0.0           156 720000000. 0.0       
   112 10000000.0 5.24517E-4    127 30000000.0 .015451103    142 180000000. 0.0           157 760000000. 0.0       
   113 11000000.0 .001741418    128 35000000.0 .008830853    143 200000000. 0.0           158 800000000. 0.0       
   114 12000000.0 .007360107    129 40000000.0 .005871029    144 240000000. 0.0           159 840000000. 0.0       
   115 13000000.0 .012756056    130 45000000.0 .004683837    145 280000000. 0.0           160 880000000. 0.0       
   116 14000000.0 .020861488    131 50000000.0 .004993499    146 320000000. 0.0           161 920000000. 0.0       
   117 15000000.0 .031742644    132 54000000.0 .005591727    147 360000000. 0.0           162 960000000. 0.0       
   118 16000000.0 .043227910    133 55000000.0 .005333647    148 400000000. 0.0           163 1.00000E+9
   119 17000000.0 .055283071    134 60000000.0 .005606493    149 440000000. 0.0       
   120 18000000.0 .054918490    135 70000000.0 .006039864    150 480000000. 0.0       
 
                                                     MT=  5
 MAT 2037                         0.0        Kelvin Unshielded Cross Sections                          20-Ca-44 

   No.  Group-eV   Average      No.  Group-eV   Average      No.  Group-eV   Average      No.  Group-eV   Average

   114 12000000.0 8.80437E-7    127 30000000.0 .003432354    140 140000000. 0.0           153 600000000. 0.0       
   115 13000000.0 4.72305E-6    128 35000000.0 .002867695    141 160000000. 0.0           154 640000000. 0.0       
   116 14000000.0 1.33907E-5    129 40000000.0 .002756629    142 180000000. 0.0           155 680000000. 0.0       
   117 15000000.0 2.87000E-5    130 45000000.0 .002863027    143 200000000. 0.0           156 720000000. 0.0       
   118 16000000.0 4.06797E-4    131 50000000.0 .003524334    144 240000000. 0.0           157 760000000. 0.0       
   119 17000000.0 .001409731    132 54000000.0 .004177033    145 280000000. 0.0           158 800000000. 0.0       
   120 18000000.0 .002497072    133 55000000.0 .004210225    146 320000000. 0.0           159 840000000. 0.0       
   121 19000000.0 .004079573    134 60000000.0 .004567557    147 360000000. 0.0           160 880000000. 0.0       
   122 20000000.0 .006337511    135 70000000.0 .004540861    148 400000000. 0.0           161 920000000. 0.0       
   123 22000000.0 .007467837    136 80000000.0 .004215699    149 440000000. 0.0           162 960000000. 0.0       
   124 24000000.0 .007074152    137 90000000.0 .003894138    150 480000000. 0.0           163 1.00000E+9
   125 26000000.0 .006468948    138 100000000. .003388004    151 520000000. 0.0       
   126 28000000.0 .006436699    139 120000000. .002768802    152 560000000. 0.0       
 
                                                     MT=  5
 MAT 2037                         0.0        Kelvin Unshielded Cross Sections                          20-Ca-44 

   No.  Group-eV   Average      No.  Group-eV   Average      No.  Group-eV   Average      No.  Group-eV   Average

   121 19000000.0 7.7596E-20    132 54000000.0 1.03231E-5    143 200000000. 0.0           154 640000000. 0.0       
   122 20000000.0 1.0066E-18    133 55000000.0 9.15046E-6    144 240000000. 0.0           155 680000000. 0.0       
   123 22000000.0 1.9044E-18    134 60000000.0 6.85529E-6    145 280000000. 0.0           156 720000000. 0.0       
   124 24000000.0 3.61745E-7    135 70000000.0 5.25072E-6    146 320000000. 0.0           157 760000000. 0.0       
   125 26000000.0 1.69368E-6    136 80000000.0 4.53305E-6    147 360000000. 0.0           158 800000000. 0.0       
   126 28000000.0 4.72297E-6    137 90000000.0 3.80246E-6    148 400000000. 0.0           159 840000000. 0.0       
   127 30000000.0 1.29294E-5    138 100000000. 3.10780E-6    149 440000000. 0.0           160 880000000. 0.0       
   128 35000000.0 1.98938E-5    139 120000000. 2.62477E-6    150 480000000. 0.0           161 920000000. 0.0       
   129 40000000.0 1.72880E-5    140 140000000. 0.0           151 520000000. 0.0           162 960000000. 0.0       
   130 45000000.0 1.38058E-5    141 160000000. 0.0           152 560000000. 0.0           163 1.00000E+9
   131 50000000.0 1.14321E-5    142 180000000. 0.0           153 600000000. 0.0       
 
                                                     MT=  5
 MAT 2037                         0.0        Kelvin Unshielded Cross Sections                          20-Ca-44 

   No.  Group-eV   Average      No.  Group-eV   Average      No.  Group-eV   Average      No.  Group-eV   Average

   122 20000000.0 1.19673E-7    133 55000000.0 3.06026E-6    144 240000000. 0.0           155 680000000. 0.0       
   123 22000000.0 6.16789E-7    134 60000000.0 2.31462E-6    145 280000000. 0.0           156 720000000. 0.0       
   124 24000000.0 8.48611E-7    135 70000000.0 2.10698E-6    146 320000000. 0.0           157 760000000. 0.0       
   125 26000000.0 9.83031E-6    136 80000000.0 1.95638E-6    147 360000000. 0.0           158 800000000. 0.0       
   126 28000000.0 2.42684E-5    137 90000000.0 1.80924E-6    148 400000000. 0.0           159 840000000. 0.0       
   127 30000000.0 2.22825E-5    138 100000000. 1.59791E-6    149 440000000. 0.0           160 880000000. 0.0       
   128 35000000.0 1.29255E-5    139 120000000. 1.34575E-6    150 480000000. 0.0           161 920000000. 0.0       
   129 40000000.0 8.54048E-6    140 140000000. 0.0           151 520000000. 0.0           162 960000000. 0.0       
   130 45000000.0 6.00849E-6    141 160000000. 0.0           152 560000000. 0.0           163 1.00000E+9
   131 50000000.0 4.44573E-6    142 180000000. 0.0           153 600000000. 0.0       
   132 54000000.0 3.74030E-6    143 200000000. 0.0           154 640000000. 0.0       
 
                                                     MT=  5
 MAT 2037                         0.0        Kelvin Unshielded Cross Sections                          20-Ca-44 

   No.  Group-eV   Average      No.  Group-eV   Average      No.  Group-eV   Average      No.  Group-eV   Average

   123 22000000.0 1.5809E-17    134 60000000.0 2.55753E-7    145 280000000. 0.0           156 720000000. 0.0       
   124 24000000.0 1.6846E-16    135 70000000.0 2.30019E-7    146 320000000. 0.0           157 760000000. 0.0       
   125 26000000.0 2.7177E-16    136 80000000.0 1.79302E-7    147 360000000. 0.0           158 800000000. 0.0       
   126 28000000.0 3.1754E-16    137 90000000.0 1.25537E-7    148 400000000. 0.0           159 840000000. 0.0       
   127 30000000.0 1.3028E-10    138 100000000. 8.62933E-8    149 440000000. 0.0           160 880000000. 0.0       
   128 35000000.0 4.73544E-9    139 120000000. 7.35648E-8    150 480000000. 0.0           161 920000000. 0.0       
   129 40000000.0 3.96094E-8    140 140000000. 0.0           151 520000000. 0.0           162 960000000. 0.0       
   130 45000000.0 1.03959E-7    141 160000000. 0.0           152 560000000. 0.0           163 1.00000E+9
   131 50000000.0 1.71271E-7    142 180000000. 0.0           153 600000000. 0.0       
   132 54000000.0 2.09307E-7    143 200000000. 0.0           154 640000000. 0.0       
   133 55000000.0 2.37002E-7    144 240000000. 0.0           155 680000000. 0.0       
 
                                                     MT=  5
 MAT 2037                         0.0        Kelvin Unshielded Cross Sections                          20-Ca-44 

   No.  Group-eV   Average      No.  Group-eV   Average      No.  Group-eV   Average      No.  Group-eV   Average

   106 8800000.00 1.4027E-13    121 19000000.0 5.29719E-4    136 80000000.0 5.88286E-6    151 520000000. 0.0       
   107 9000000.00 6.5095E-13    122 20000000.0 7.92692E-4    137 90000000.0 5.44041E-6    152 560000000. 0.0       
   108 9200000.00 1.1812E-12    123 22000000.0 8.77449E-4    138 100000000. 4.80494E-6    153 600000000. 0.0       
   109 9400000.00 1.7115E-12    124 24000000.0 7.35493E-4    139 120000000. 4.04669E-6    154 640000000. 0.0       
   110 9600000.00 2.2417E-12    125 26000000.0 5.28533E-4    140 140000000. 0.0           155 680000000. 0.0       
   111 9800000.00 2.7720E-12    126 28000000.0 3.30307E-4    141 160000000. 0.0           156 720000000. 0.0       
   112 10000000.0 4.3425E-12    127 30000000.0 1.23474E-4    142 180000000. 0.0           157 760000000. 0.0       
   113 11000000.0 9.7398E-12    128 35000000.0 2.38112E-5    143 200000000. 0.0           158 800000000. 0.0       
   114 12000000.0 3.6489E-11    129 40000000.0 1.16250E-5    144 240000000. 0.0           159 840000000. 0.0       
   115 13000000.0 7.9558E-11    130 45000000.0 8.88821E-6    145 280000000. 0.0           160 880000000. 0.0       
   116 14000000.0 1.5820E-10    131 50000000.0 7.86679E-6    146 320000000. 0.0           161 920000000. 0.0       
   117 15000000.0 2.8197E-10    132 54000000.0 7.59612E-6    147 360000000. 0.0           162 960000000. 0.0       
   118 16000000.0 5.32054E-5    133 55000000.0 7.33865E-6    148 400000000. 0.0           163 1.00000E+9
   119 17000000.0 1.98649E-4    134 60000000.0 6.84636E-6    149 440000000. 0.0       
   120 18000000.0 3.40066E-4    135 70000000.0 6.33571E-6    150 480000000. 0.0       
 
                                                     MT=  5
 MAT 2037                         0.0        Kelvin Unshielded Cross Sections                          20-Ca-44 

   No.  Group-eV   Average      No.  Group-eV   Average      No.  Group-eV   Average      No.  Group-eV   Average

   128 35000000.0 3.3295E-16    137 90000000.0 1.22994E-4    146 320000000. 0.0           155 680000000. 0.0       
   129 40000000.0 2.2276E-15    138 100000000. 1.14903E-4    147 360000000. 0.0           156 720000000. 0.0       
   130 45000000.0 3.8953E-15    139 120000000. 1.18517E-4    148 400000000. 0.0           157 760000000. 0.0       
   131 50000000.0 6.36715E-7    140 140000000. 0.0           149 440000000. 0.0           158 800000000. 0.0       
   132 54000000.0 1.41333E-6    141 160000000. 0.0           150 480000000. 0.0           159 840000000. 0.0       
   133 55000000.0 5.93831E-6    142 180000000. 0.0           151 520000000. 0.0           160 880000000. 0.0       
   134 60000000.0 3.58255E-5    143 200000000. 0.0           152 560000000. 0.0           161 920000000. 0.0       
   135 70000000.0 9.57244E-5    144 240000000. 0.0           153 600000000. 0.0           162 960000000. 0.0       
   136 80000000.0 1.25973E-4    145 280000000. 0.0           154 640000000. 0.0           163 1.00000E+9
 
                                                     MT=  5
 MAT 2037                         0.0        Kelvin Unshielded Cross Sections                          20-Ca-44 

   No.  Group-eV   Average      No.  Group-eV   Average      No.  Group-eV   Average      No.  Group-eV   Average

   125 26000000.0 3.0041E-19    135 70000000.0 3.63280E-4    145 280000000. 0.0           155 680000000. 0.0       
   126 28000000.0 2.2097E-18    136 80000000.0 2.71385E-4    146 320000000. 0.0           156 720000000. 0.0       
   127 30000000.0 4.2569E-18    137 90000000.0 2.39577E-4    147 360000000. 0.0           157 760000000. 0.0       
   128 35000000.0 6.27835E-8    138 100000000. 2.15733E-4    148 400000000. 0.0           158 800000000. 0.0       
   129 40000000.0 3.69204E-6    139 120000000. 1.63638E-4    149 440000000. 0.0           159 840000000. 0.0       
   130 45000000.0 2.86947E-5    140 140000000. 0.0           150 480000000. 0.0           160 880000000. 0.0       
   131 50000000.0 8.18068E-5    141 160000000. 0.0           151 520000000. 0.0           161 920000000. 0.0       
   132 54000000.0 1.22806E-4    142 180000000. 0.0           152 560000000. 0.0           162 960000000. 0.0       
   133 55000000.0 1.95111E-4    143 200000000. 0.0           153 600000000. 0.0           163 1.00000E+9
   134 60000000.0 3.47730E-4    144 240000000. 0.0           154 640000000. 0.0       
 
                                                     MT=  5
 MAT 2037                         0.0        Kelvin Unshielded Cross Sections                          20-Ca-44 

   No.  Group-eV   Average      No.  Group-eV   Average      No.  Group-eV   Average      No.  Group-eV   Average

   125 26000000.0 1.3973E-14    135 70000000.0 1.03534E-4    145 280000000. 0.0           155 680000000. 0.0       
   126 28000000.0 1.2773E-13    136 80000000.0 7.90488E-5    146 320000000. 0.0           156 720000000. 0.0       
   127 30000000.0 2.5989E-13    137 90000000.0 7.26534E-5    147 360000000. 0.0           157 760000000. 0.0       
   128 35000000.0 9.40620E-7    138 100000000. 6.97248E-5    148 400000000. 0.0           158 800000000. 0.0       
   129 40000000.0 2.22817E-5    139 120000000. 5.14167E-5    149 440000000. 0.0           159 840000000. 0.0       
   130 45000000.0 7.65710E-5    140 140000000. 0.0           150 480000000. 0.0           160 880000000. 0.0       
   131 50000000.0 1.30399E-4    141 160000000. 0.0           151 520000000. 0.0           161 920000000. 0.0       
   132 54000000.0 1.59340E-4    142 180000000. 0.0           152 560000000. 0.0           162 960000000. 0.0       
   133 55000000.0 1.71121E-4    143 200000000. 0.0           153 600000000. 0.0           163 1.00000E+9
   134 60000000.0 1.53416E-4    144 240000000. 0.0           154 640000000. 0.0       
 
                                                     MT=  5
 MAT 2037                         0.0        Kelvin Unshielded Cross Sections                          20-Ca-44 

   No.  Group-eV   Average      No.  Group-eV   Average      No.  Group-eV   Average      No.  Group-eV   Average

   122 20000000.0 1.0747E-13    133 55000000.0 5.26791E-6    144 240000000. 0.0           155 680000000. 0.0       
   123 22000000.0 1.3353E-12    134 60000000.0 7.58913E-6    145 280000000. 0.0           156 720000000. 0.0       
   124 24000000.0 2.1409E-12    135 70000000.0 1.03102E-5    146 320000000. 0.0           157 760000000. 0.0       
   125 26000000.0 2.3883E-12    136 80000000.0 1.01786E-5    147 360000000. 0.0           158 800000000. 0.0       
   126 28000000.0 2.4380E-12    137 90000000.0 1.00133E-5    148 400000000. 0.0           159 840000000. 0.0       
   127 30000000.0 1.57699E-7    138 100000000. 1.26486E-5    149 440000000. 0.0           160 880000000. 0.0       
   128 35000000.0 2.39455E-6    139 120000000. 1.47970E-5    150 480000000. 0.0           161 920000000. 0.0       
   129 40000000.0 5.60177E-6    140 140000000. 0.0           151 520000000. 0.0           162 960000000. 0.0       
   130 45000000.0 6.17766E-6    141 160000000. 0.0           152 560000000. 0.0           163 1.00000E+9
   131 50000000.0 5.60489E-6    142 180000000. 0.0           153 600000000. 0.0       
   132 54000000.0 5.13530E-6    143 200000000. 0.0           154 640000000. 0.0       
 
                                                     MT=  5
 MAT 2037                         0.0        Kelvin Unshielded Cross Sections                          20-Ca-44 

   No.  Group-eV   Average      No.  Group-eV   Average      No.  Group-eV   Average      No.  Group-eV   Average

   128 35000000.0 1.5562E-10    137 90000000.0 3.38899E-6    146 320000000. 0.0           155 680000000. 0.0       
   129 40000000.0 5.7859E-10    138 100000000. 3.66023E-6    147 360000000. 0.0           156 720000000. 0.0       
   130 45000000.0 9.1035E-10    139 120000000. 3.32508E-6    148 400000000. 0.0           157 760000000. 0.0       
   131 50000000.0 4.46578E-7    140 140000000. 0.0           149 440000000. 0.0           158 800000000. 0.0       
   132 54000000.0 9.89987E-7    141 160000000. 0.0           150 480000000. 0.0           159 840000000. 0.0       
   133 55000000.0 1.53028E-6    142 180000000. 0.0           151 520000000. 0.0           160 880000000. 0.0       
   134 60000000.0 2.51397E-6    143 200000000. 0.0           152 560000000. 0.0           161 920000000. 0.0       
   135 70000000.0 2.81302E-6    144 240000000. 0.0           153 600000000. 0.0           162 960000000. 0.0       
   136 80000000.0 2.75942E-6    145 280000000. 0.0           154 640000000. 0.0           163 1.00000E+9
 
                                                     MT=  5
 MAT 2037                         0.0        Kelvin Unshielded Cross Sections                          20-Ca-44 

   No.  Group-eV   Average      No.  Group-eV   Average      No.  Group-eV   Average      No.  Group-eV   Average

   128 35000000.0 1.9133E-12    137 90000000.0 7.47034E-8    146 320000000. 0.0           155 680000000. 0.0       
   129 40000000.0 6.5808E-12    138 100000000. 6.02682E-8    147 360000000. 0.0           156 720000000. 0.0       
   130 45000000.0 1.0201E-11    139 120000000. 5.20891E-8    148 400000000. 0.0           157 760000000. 0.0       
   131 50000000.0 5.2738E-10    140 140000000. 0.0           149 440000000. 0.0           158 800000000. 0.0       
   132 54000000.0 1.15620E-9    141 160000000. 0.0           150 480000000. 0.0           159 840000000. 0.0       
   133 55000000.0 2.20426E-9    142 180000000. 0.0           151 520000000. 0.0           160 880000000. 0.0       
   134 60000000.0 9.83212E-9    143 200000000. 0.0           152 560000000. 0.0           161 920000000. 0.0       
   135 70000000.0 4.18311E-8    144 240000000. 0.0           153 600000000. 0.0           162 960000000. 0.0       
   136 80000000.0 7.42178E-8    145 280000000. 0.0           154 640000000. 0.0           163 1.00000E+9
 
                                                     MT=  5
 MAT 2037                         0.0        Kelvin Unshielded Cross Sections                          20-Ca-44 

   No.  Group-eV   Average      No.  Group-eV   Average      No.  Group-eV   Average      No.  Group-eV   Average

   128 35000000.0 1.14110E-6    137 90000000.0 9.52678E-5    146 320000000. 0.0           155 680000000. 0.0       
   129 40000000.0 6.69283E-6    138 100000000. 9.86616E-5    147 360000000. 0.0           156 720000000. 0.0       
   130 45000000.0 1.14420E-5    139 120000000. 8.69183E-5    148 400000000. 0.0           157 760000000. 0.0       
   131 50000000.0 4.36638E-5    140 140000000. 0.0           149 440000000. 0.0           158 800000000. 0.0       
   132 54000000.0 8.03785E-5    141 160000000. 0.0           150 480000000. 0.0           159 840000000. 0.0       
   133 55000000.0 1.06434E-4    142 180000000. 0.0           151 520000000. 0.0           160 880000000. 0.0       
   134 60000000.0 1.24554E-4    143 200000000. 0.0           152 560000000. 0.0           161 920000000. 0.0       
   135 70000000.0 9.46559E-5    144 240000000. 0.0           153 600000000. 0.0           162 960000000. 0.0       
   136 80000000.0 8.19345E-5    145 280000000. 0.0           154 640000000. 0.0           163 1.00000E+9
 
                                                     MT=  5
 MAT 2037                         0.0        Kelvin Unshielded Cross Sections                          20-Ca-44 

   No.  Group-eV   Average      No.  Group-eV   Average      No.  Group-eV   Average      No.  Group-eV   Average

   124 24000000.0 1.71953E-6    134 60000000.0 3.52859E-4    144 240000000. 0.0           154 640000000. 0.0       
   125 26000000.0 1.82791E-5    135 70000000.0 2.95881E-4    145 280000000. 0.0           155 680000000. 0.0       
   126 28000000.0 3.08387E-5    136 80000000.0 3.51406E-4    146 320000000. 0.0           156 720000000. 0.0       
   127 30000000.0 5.11443E-5    137 90000000.0 3.63129E-4    147 360000000. 0.0           157 760000000. 0.0       
   128 35000000.0 3.85348E-4    138 100000000. 3.03498E-4    148 400000000. 0.0           158 800000000. 0.0       
   129 40000000.0 7.00947E-4    139 120000000. 2.50823E-4    149 440000000. 0.0           159 840000000. 0.0       
   130 45000000.0 7.89249E-4    140 140000000. 0.0           150 480000000. 0.0           160 880000000. 0.0       
   131 50000000.0 7.27767E-4    141 160000000. 0.0           151 520000000. 0.0           161 920000000. 0.0       
   132 54000000.0 6.60992E-4    142 180000000. 0.0           152 560000000. 0.0           162 960000000. 0.0       
   133 55000000.0 5.51971E-4    143 200000000. 0.0           153 600000000. 0.0           163 1.00000E+9
 
                                                     MT=  5
 MAT 2037                         0.0        Kelvin Unshielded Cross Sections                          20-Ca-44 

   No.  Group-eV   Average      No.  Group-eV   Average      No.  Group-eV   Average      No.  Group-eV   Average

   120 18000000.0 4.18007E-7    131 50000000.0 1.41116E-4    142 180000000. 0.0           153 600000000. 0.0       
   121 19000000.0 5.04707E-6    132 54000000.0 1.23110E-4    143 200000000. 0.0           154 640000000. 0.0       
   122 20000000.0 1.44084E-5    133 55000000.0 1.17653E-4    144 240000000. 0.0           155 680000000. 0.0       
   123 22000000.0 2.10987E-5    134 60000000.0 1.24221E-4    145 280000000. 0.0           156 720000000. 0.0       
   124 24000000.0 2.17627E-5    135 70000000.0 1.37096E-4    146 320000000. 0.0           157 760000000. 0.0       
   125 26000000.0 1.63826E-4    136 80000000.0 1.42189E-4    147 360000000. 0.0           158 800000000. 0.0       
   126 28000000.0 4.46931E-4    137 90000000.0 1.37203E-4    148 400000000. 0.0           159 840000000. 0.0       
   127 30000000.0 8.68142E-4    138 100000000. 1.32831E-4    149 440000000. 0.0           160 880000000. 0.0       
   128 35000000.0 8.40806E-4    139 120000000. 1.07576E-4    150 480000000. 0.0           161 920000000. 0.0       
   129 40000000.0 4.48394E-4    140 140000000. 0.0           151 520000000. 0.0           162 960000000. 0.0       
   130 45000000.0 2.29164E-4    141 160000000. 0.0           152 560000000. 0.0           163 1.00000E+9
 
                                                     MT=  5
 MAT 2037                         0.0        Kelvin Unshielded Cross Sections                          20-Ca-44 

   No.  Group-eV   Average      No.  Group-eV   Average      No.  Group-eV   Average      No.  Group-eV   Average

   106 8800000.00 1.4027E-13    121 19000000.0 5.29719E-4    136 80000000.0 1.63747E-4    151 520000000. 0.0       
   107 9000000.00 6.5095E-13    122 20000000.0 7.92692E-4    137 90000000.0 1.47072E-4    152 560000000. 0.0       
   108 9200000.00 1.1812E-12    123 22000000.0 8.77449E-4    138 100000000. 1.15505E-4    153 600000000. 0.0       
   109 9400000.00 1.7115E-12    124 24000000.0 7.35493E-4    139 120000000. 9.13353E-5    154 640000000. 0.0       
   110 9600000.00 2.2417E-12    125 26000000.0 5.28533E-4    140 140000000. 0.0           155 680000000. 0.0       
   111 9800000.00 2.7720E-12    126 28000000.0 3.30307E-4    141 160000000. 0.0           156 720000000. 0.0       
   112 10000000.0 4.3425E-12    127 30000000.0 1.23474E-4    142 180000000. 0.0           157 760000000. 0.0       
   113 11000000.0 9.7398E-12    128 35000000.0 2.52314E-5    143 200000000. 0.0           158 800000000. 0.0       
   114 12000000.0 3.6489E-11    129 40000000.0 2.99196E-5    144 240000000. 0.0           159 840000000. 0.0       
   115 13000000.0 7.9558E-11    130 45000000.0 5.35792E-5    145 280000000. 0.0           160 880000000. 0.0       
   116 14000000.0 1.5820E-10    131 50000000.0 7.80254E-5    146 320000000. 0.0           161 920000000. 0.0       
   117 15000000.0 2.8197E-10    132 54000000.0 9.23004E-5    147 360000000. 0.0           162 960000000. 0.0       
   118 16000000.0 5.32054E-5    133 55000000.0 1.09415E-4    148 400000000. 0.0           163 1.00000E+9
   119 17000000.0 1.98649E-4    134 60000000.0 1.42089E-4    149 440000000. 0.0       
   120 18000000.0 3.40066E-4    135 70000000.0 1.62234E-4    150 480000000. 0.0       
 
                                                     MT=  5
 MAT 2037                         0.0        Kelvin Unshielded Cross Sections                          20-Ca-44 

   No.  Group-eV   Average      No.  Group-eV   Average      No.  Group-eV   Average      No.  Group-eV   Average

   123 22000000.0 1.3039E-10    134 60000000.0 6.09082E-5    145 280000000. 0.0           156 720000000. 0.0       
   124 24000000.0 1.38943E-9    135 70000000.0 5.77099E-5    146 320000000. 0.0           157 760000000. 0.0       
   125 26000000.0 2.24153E-9    136 80000000.0 5.05031E-5    147 360000000. 0.0           158 800000000. 0.0       
   126 28000000.0 2.61898E-9    137 90000000.0 4.22189E-5    148 400000000. 0.0           159 840000000. 0.0       
   127 30000000.0 7.01620E-7    138 100000000. 3.46480E-5    149 440000000. 0.0           160 880000000. 0.0       
   128 35000000.0 5.56290E-6    139 120000000. 2.97874E-5    150 480000000. 0.0           161 920000000. 0.0       
   129 40000000.0 1.65049E-5    140 140000000. 0.0           151 520000000. 0.0           162 960000000. 0.0       
   130 45000000.0 3.31547E-5    141 160000000. 0.0           152 560000000. 0.0           163 1.00000E+9
   131 50000000.0 4.72038E-5    142 180000000. 0.0           153 600000000. 0.0       
   132 54000000.0 5.43893E-5    143 200000000. 0.0           154 640000000. 0.0       
   133 55000000.0 5.86881E-5    144 240000000. 0.0           155 680000000. 0.0       
 
                                                     MT=  5
 MAT 2037                         0.0        Kelvin Unshielded Cross Sections                          20-Ca-44 

   No.  Group-eV   Average      No.  Group-eV   Average      No.  Group-eV   Average      No.  Group-eV   Average

   122 20000000.0 1.25712E-7    133 55000000.0 2.73581E-5    144 240000000. 0.0           155 680000000. 0.0       
   123 22000000.0 3.11075E-6    134 60000000.0 2.65155E-5    145 280000000. 0.0           156 720000000. 0.0       
   124 24000000.0 5.52862E-6    135 70000000.0 2.64864E-5    146 320000000. 0.0           157 760000000. 0.0       
   125 26000000.0 8.05078E-6    136 80000000.0 2.58028E-5    147 360000000. 0.0           158 800000000. 0.0       
   126 28000000.0 1.08000E-5    137 90000000.0 2.50577E-5    148 400000000. 0.0           159 840000000. 0.0       
   127 30000000.0 1.41503E-5    138 100000000. 2.34464E-5    149 440000000. 0.0           160 880000000. 0.0       
   128 35000000.0 1.94458E-5    139 120000000. 2.03111E-5    150 480000000. 0.0           161 920000000. 0.0       
   129 40000000.0 2.43958E-5    140 140000000. 0.0           151 520000000. 0.0           162 960000000. 0.0       
   130 45000000.0 2.71455E-5    141 160000000. 0.0           152 560000000. 0.0           163 1.00000E+9
   131 50000000.0 2.79408E-5    142 180000000. 0.0           153 600000000. 0.0       
   132 54000000.0 2.79370E-5    143 200000000. 0.0           154 640000000. 0.0       
 
                                                     MT=  5
 MAT 2037                         0.0        Kelvin Unshielded Cross Sections                          20-Ca-44 

   No.  Group-eV   Average      No.  Group-eV   Average      No.  Group-eV   Average      No.  Group-eV   Average

   122 20000000.0 1.19673E-7    133 55000000.0 .001049467    144 240000000. 0.0           155 680000000. 0.0       
   123 22000000.0 6.16789E-7    134 60000000.0 8.34540E-4    145 280000000. 0.0           156 720000000. 0.0       
   124 24000000.0 8.48611E-7    135 70000000.0 6.37251E-4    146 320000000. 0.0           157 760000000. 0.0       
   125 26000000.0 9.83031E-6    136 80000000.0 5.16667E-4    147 360000000. 0.0           158 800000000. 0.0       
   126 28000000.0 2.92275E-5    137 90000000.0 4.33663E-4    148 400000000. 0.0           159 840000000. 0.0       
   127 30000000.0 1.40057E-4    138 100000000. 3.49882E-4    149 440000000. 0.0           160 880000000. 0.0       
   128 35000000.0 5.56503E-4    139 120000000. 2.65296E-4    150 480000000. 0.0           161 920000000. 0.0       
   129 40000000.0 9.46138E-4    140 140000000. 0.0           151 520000000. 0.0           162 960000000. 0.0       
   130 45000000.0 .001129710    141 160000000. 0.0           152 560000000. 0.0           163 1.00000E+9
   131 50000000.0 .001153471    142 180000000. 0.0           153 600000000. 0.0       
   132 54000000.0 .001136715    143 200000000. 0.0           154 640000000. 0.0       
 
                                                     MT=  5
 MAT 2037                         0.0        Kelvin Unshielded Cross Sections                          20-Ca-44 

   No.  Group-eV   Average      No.  Group-eV   Average      No.  Group-eV   Average      No.  Group-eV   Average

   121 19000000.0 1.3816E-11    132 54000000.0 4.64161E-4    143 200000000. 0.0           154 640000000. 0.0       
   122 20000000.0 1.7922E-10    133 55000000.0 4.22125E-4    144 240000000. 0.0           155 680000000. 0.0       
   123 22000000.0 3.3907E-10    134 60000000.0 3.56235E-4    145 280000000. 0.0           156 720000000. 0.0       
   124 24000000.0 1.58835E-4    135 70000000.0 3.03161E-4    146 320000000. 0.0           157 760000000. 0.0       
   125 26000000.0 4.69507E-4    136 80000000.0 2.66350E-4    147 360000000. 0.0           158 800000000. 0.0       
   126 28000000.0 8.51732E-4    137 90000000.0 2.34718E-4    148 400000000. 0.0           159 840000000. 0.0       
   127 30000000.0 .001412460    138 100000000. 1.88963E-4    149 440000000. 0.0           160 880000000. 0.0       
   128 35000000.0 .001440623    139 120000000. 1.45270E-4    150 480000000. 0.0           161 920000000. 0.0       
   129 40000000.0 9.88012E-4    140 140000000. 0.0           151 520000000. 0.0           162 960000000. 0.0       
   130 45000000.0 6.82113E-4    141 160000000. 0.0           152 560000000. 0.0           163 1.00000E+9
   131 50000000.0 5.22421E-4    142 180000000. 0.0           153 600000000. 0.0       
 
                                                     MT=  5
 MAT 2037                         0.0        Kelvin Unshielded Cross Sections                          20-Ca-44 

   No.  Group-eV   Average      No.  Group-eV   Average      No.  Group-eV   Average      No.  Group-eV   Average

   114 12000000.0 2.92734E-7    127 30000000.0 5.98578E-4    140 140000000. 0.0           153 600000000. 0.0       
   115 13000000.0 1.57035E-6    128 35000000.0 3.73070E-4    141 160000000. 0.0           154 640000000. 0.0       
   116 14000000.0 4.45223E-6    129 40000000.0 2.90197E-4    142 180000000. 0.0           155 680000000. 0.0       
   117 15000000.0 9.54237E-6    130 45000000.0 2.46544E-4    143 200000000. 0.0           156 720000000. 0.0       
   118 16000000.0 1.33273E-4    131 50000000.0 2.19338E-4    144 240000000. 0.0           157 760000000. 0.0       
   119 17000000.0 4.61316E-4    132 54000000.0 2.06231E-4    145 280000000. 0.0           158 800000000. 0.0       
   120 18000000.0 7.95249E-4    133 55000000.0 1.93293E-4    146 320000000. 0.0           159 840000000. 0.0       
   121 19000000.0 .001262442    134 60000000.0 1.72497E-4    147 360000000. 0.0           160 880000000. 0.0       
   122 20000000.0 .001912801    135 70000000.0 1.53402E-4    148 400000000. 0.0           161 920000000. 0.0       
   123 22000000.0 .002162267    136 80000000.0 1.30692E-4    149 440000000. 0.0           162 960000000. 0.0       
   124 24000000.0 .001845277    137 90000000.0 1.10285E-4    150 480000000. 0.0           163 1.00000E+9
   125 26000000.0 .001389777    138 100000000. 8.91416E-5    151 520000000. 0.0       
   126 28000000.0 9.91487E-4    139 120000000. 6.87198E-5    152 560000000. 0.0       
 
                                                     MT=  5
 MAT 2037                         0.0        Kelvin Unshielded Cross Sections                          20-Ca-44 

   No.  Group-eV   Average      No.  Group-eV   Average      No.  Group-eV   Average      No.  Group-eV   Average

   132 54000000.0 2.1448E-12    140 140000000. 0.0           148 400000000. 0.0           156 720000000. 0.0       
   133 55000000.0 5.3896E-11    141 160000000. 0.0           149 440000000. 0.0           157 760000000. 0.0       
   134 60000000.0 8.50817E-8    142 180000000. 0.0           150 480000000. 0.0           158 800000000. 0.0       
   135 70000000.0 9.97610E-7    143 200000000. 0.0           151 520000000. 0.0           159 840000000. 0.0       
   136 80000000.0 2.11779E-6    144 240000000. 0.0           152 560000000. 0.0           160 880000000. 0.0       
   137 90000000.0 2.15777E-6    145 280000000. 0.0           153 600000000. 0.0           161 920000000. 0.0       
   138 100000000. 1.82931E-6    146 320000000. 0.0           154 640000000. 0.0           162 960000000. 0.0       
   139 120000000. 1.26757E-6    147 360000000. 0.0           155 680000000. 0.0           163 1.00000E+9
 
                                                     MT=  5
 MAT 2037                         0.0        Kelvin Unshielded Cross Sections                          20-Ca-44 

   No.  Group-eV   Average      No.  Group-eV   Average      No.  Group-eV   Average      No.  Group-eV   Average

   128 35000000.0 1.99799E-7    137 90000000.0 9.19465E-5    146 320000000. 0.0           155 680000000. 0.0       
   129 40000000.0 5.37922E-6    138 100000000. 7.18429E-5    147 360000000. 0.0           156 720000000. 0.0       
   130 45000000.0 4.77396E-5    139 120000000. 5.24922E-5    148 400000000. 0.0           157 760000000. 0.0       
   131 50000000.0 1.02674E-4    140 140000000. 0.0           149 440000000. 0.0           158 800000000. 0.0       
   132 54000000.0 1.23777E-4    141 160000000. 0.0           150 480000000. 0.0           159 840000000. 0.0       
   133 55000000.0 1.35268E-4    142 180000000. 0.0           151 520000000. 0.0           160 880000000. 0.0       
   134 60000000.0 1.45569E-4    143 200000000. 0.0           152 560000000. 0.0           161 920000000. 0.0       
   135 70000000.0 1.34334E-4    144 240000000. 0.0           153 600000000. 0.0           162 960000000. 0.0       
   136 80000000.0 1.09994E-4    145 280000000. 0.0           154 640000000. 0.0           163 1.00000E+9
 
                                                     MT=  5
 MAT 2037                         0.0        Kelvin Unshielded Cross Sections                          20-Ca-44 

   No.  Group-eV   Average      No.  Group-eV   Average      No.  Group-eV   Average      No.  Group-eV   Average

   127 30000000.0 1.46980E-4    137 90000000.0 1.54559E-4    147 360000000. 0.0           157 760000000. 0.0       
   128 35000000.0 7.17697E-4    138 100000000. 1.24623E-4    148 400000000. 0.0           158 800000000. 0.0       
   129 40000000.0 7.90341E-4    139 120000000. 9.45266E-5    149 440000000. 0.0           159 840000000. 0.0       
   130 45000000.0 6.61225E-4    140 140000000. 0.0           150 480000000. 0.0           160 880000000. 0.0       
   131 50000000.0 5.38700E-4    141 160000000. 0.0           151 520000000. 0.0           161 920000000. 0.0       
   132 54000000.0 4.79772E-4    142 180000000. 0.0           152 560000000. 0.0           162 960000000. 0.0       
   133 55000000.0 4.14755E-4    143 200000000. 0.0           153 600000000. 0.0           163 1.00000E+9
   134 60000000.0 3.01253E-4    144 240000000. 0.0           154 640000000. 0.0       
   135 70000000.0 2.19441E-4    145 280000000. 0.0           155 680000000. 0.0       
   136 80000000.0 1.80394E-4    146 320000000. 0.0           156 720000000. 0.0       
 
                                                     MT=  5
 MAT 2037                         0.0        Kelvin Unshielded Cross Sections                          20-Ca-44 

   No.  Group-eV   Average      No.  Group-eV   Average      No.  Group-eV   Average      No.  Group-eV   Average

   121 19000000.0 .001958514    132 54000000.0 7.07282E-4    143 200000000. 0.0           154 640000000. 0.0       
   122 20000000.0 .013012757    133 55000000.0 6.40034E-4    144 240000000. 0.0           155 680000000. 0.0       
   123 22000000.0 .022767193    134 60000000.0 5.29465E-4    145 280000000. 0.0           156 720000000. 0.0       
   124 24000000.0 .021924878    135 70000000.0 4.29631E-4    146 320000000. 0.0           157 760000000. 0.0       
   125 26000000.0 .017587201    136 80000000.0 3.53403E-4    147 360000000. 0.0           158 800000000. 0.0       
   126 28000000.0 .013313547    137 90000000.0 2.93138E-4    148 400000000. 0.0           159 840000000. 0.0       
   127 30000000.0 .008057311    138 100000000. 2.24980E-4    149 440000000. 0.0           160 880000000. 0.0       
   128 35000000.0 .003587832    139 120000000. 1.59621E-4    150 480000000. 0.0           161 920000000. 0.0       
   129 40000000.0 .001814421    140 140000000. 0.0           151 520000000. 0.0           162 960000000. 0.0       
   130 45000000.0 .001105640    141 160000000. 0.0           152 560000000. 0.0           163 1.00000E+9
   131 50000000.0 8.00445E-4    142 180000000. 0.0           153 600000000. 0.0       
 
                                                     MT=  5
 MAT 2037                         0.0        Kelvin Unshielded Cross Sections                          20-Ca-44 

   No.  Group-eV   Average      No.  Group-eV   Average      No.  Group-eV   Average      No.  Group-eV   Average

   106 8800000.00 1.69432E-5    121 19000000.0 .052470203    136 80000000.0 1.70758E-4    151 520000000. 0.0       
   107 9000000.00 7.86263E-5    122 20000000.0 .042981351    137 90000000.0 1.41746E-4    152 560000000. 0.0       
   108 9200000.00 1.42674E-4    123 22000000.0 .022166377    138 100000000. 1.10471E-4    153 600000000. 0.0       
   109 9400000.00 2.06722E-4    124 24000000.0 .009021072    139 120000000. 8.67173E-5    154 640000000. 0.0       
   110 9600000.00 2.70769E-4    125 26000000.0 .004016114    140 140000000. 0.0           155 680000000. 0.0       
   111 9800000.00 3.34817E-4    126 28000000.0 .002145339    141 160000000. 0.0           156 720000000. 0.0       
   112 10000000.0 5.24517E-4    127 30000000.0 .001092506    142 180000000. 0.0           157 760000000. 0.0       
   113 11000000.0 .001741418    128 35000000.0 6.12797E-4    143 200000000. 0.0           158 800000000. 0.0       
   114 12000000.0 .007360107    129 40000000.0 4.49029E-4    144 240000000. 0.0           159 840000000. 0.0       
   115 13000000.0 .012756056    130 45000000.0 3.61485E-4    145 280000000. 0.0           160 880000000. 0.0       
   116 14000000.0 .020861488    131 50000000.0 3.10046E-4    146 320000000. 0.0           161 920000000. 0.0       
   117 15000000.0 .031742644    132 54000000.0 2.87231E-4    147 360000000. 0.0           162 960000000. 0.0       
   118 16000000.0 .043227910    133 55000000.0 2.65494E-4    148 400000000. 0.0           163 1.00000E+9
   119 17000000.0 .055283071    134 60000000.0 2.24934E-4    149 440000000. 0.0       
   120 18000000.0 .053829451    135 70000000.0 1.97084E-4    150 480000000. 0.0       
 
