  Linearize ENDF/B Cross Sections (LINEAR 2019-1)
  ------------------------------------------------------------------------------
  Retrieval Criteria-----------        MAT
  Monitor Mode-----------------        Off
  Minimum Cross Section-------- 1.0000E-10
  Keep Evaluated Data Points---        Yes
  ------------------------------------------------------------------------------
  ENDF/B Input and Output Data Filenames
  LINEAR.IN                                                               
  LINEAR.OUT                                                              
  ------------------------------------------------------------------------------
  Requested Ranges
  ------------------------------------------------------------------------------
       Minimum       Maximum   
     MAT MF  MT    MAT MF  MT
  ------------------------------------------------------------------------------
       0  0   0 999999 99 999
  ------------------------------------------------------------------------------
  Allowable Uncertainty
  ------------------------------------------------------------------------------
      Energy Uncertainty   per-cent
  ------------------------------------------------------------------------------
  0.0         1.0000E-10     0.0000
  ------------------------------------------------------------------------------
  ENDF/B Tape Label
  ------------------------------------------------------------------------------
  Retrieved by E4-util: 2019/11/11,14:58:50                            1
  ------------------------------------------------------------------------------
    Material  MAT  MF  MT  ENDF/B      Kelvin     Q-Value   Points   Points
                           Format                      eV       In      Out
  ------------------------------------------------------------------------------
   74-W -186 7443   3   5   VI     0.0         0.0              99       99
   74-W -186 7443   3 201   VI     0.0        -7193100.00       88       88
   74-W -186 7443   3 203   VI     0.0        -8401200.00       75       75
   74-W -186 7443   3 204   VI     0.0        -12806000.0       64       64
   74-W -186 7443   3 205   VI     0.0        -12166000.0       62       62
   74-W -186 7443   3 206   VI     0.0        -14156000.0       40       40
  ------------------------------------------------------------------------------
                                               MAT Totals      428      428
  ------------------------------------------------------------------------------
 ------------------------------------------------------------------------------
 All Cross Sections Read. Maximum Tabulated Energy =  200000000. eV
 ------------------------------------------------------------------------------
 ===============================================================================
      MAT Total Execution Time                0.01 Seconds
 ===============================================================================
  ------------------------------------------------------------------------------
                                              Tape Totals      428      428
  ------------------------------------------------------------------------------
 ===============================================================================
 LINEAR   Total Execution Time                0.01 Seconds
 ===============================================================================
