                                                     MT=  5
 MAT 7443                         0.0        Kelvin Unshielded Cross Sections                          74-W -186

   No.  Group-eV   Average      No.  Group-eV   Average      No.  Group-eV   Average      No.  Group-eV   Average

    66 2000000.00 1.41088E-4     91 5800000.00 .004794050    116 14000000.0 .382479170    141 160000000. .009805798
    67 2125000.00 1.73008E-4     92 6000000.00 .005438694    117 15000000.0 .358528640    142 180000000. .008478407
    68 2250000.00 2.04927E-4     93 6200000.00 .006238968    118 16000000.0 .266077953    143 200000000. 0.0       
    69 2375000.00 2.38028E-4     94 6400000.00 .007075443    119 17000000.0 .181455463    144 240000000. 0.0       
    70 2500000.00 2.82267E-4     95 6600000.00 .008088045    120 18000000.0 .130006168    145 280000000. 0.0       
    71 2625000.00 3.29260E-4     96 6800000.00 .009141469    121 19000000.0 .099569808    146 320000000. 0.0       
    72 2750000.00 3.76252E-4     97 7000000.00 .010443044    122 20000000.0 .074238871    147 360000000. 0.0       
    73 2875000.00 4.29442E-4     98 7200000.00 .011847108    123 22000000.0 .055264068    148 400000000. 0.0       
    74 3000000.00 4.95601E-4     99 7400000.00 .013505113    124 24000000.0 .044830013    149 440000000. 0.0       
    75 3125000.00 5.62158E-4    100 7600000.00 .015419357    125 26000000.0 .038460698    150 480000000. 0.0       
    76 3250000.00 6.29227E-4    101 7800000.00 .017482783    126 28000000.0 .034261483    151 520000000. 0.0       
    77 3375000.00 7.13446E-4    102 8000000.00 .019914007    127 30000000.0 .029918265    152 560000000. 0.0       
    78 3500000.00 8.06082E-4    103 8200000.00 .022507857    128 35000000.0 .026363302    153 600000000. 0.0       
    79 3625000.00 8.98718E-4    104 8400000.00 .025983450    129 40000000.0 .024473817    154 640000000. 0.0       
    80 3750000.00 9.96904E-4    105 8600000.00 .029636285    130 45000000.0 .023332822    155 680000000. 0.0       
    81 3875000.00 .001118167    106 8800000.00 .033934619    131 50000000.0 .022610200    156 720000000. 0.0       
    82 4000000.00 .001278596    107 9000000.00 .038499029    132 54000000.0 .022299278    157 760000000. 0.0       
    83 4200000.00 .001499890    108 9200000.00 .044137412    133 55000000.0 .021934015    158 800000000. 0.0       
    84 4400000.00 .001778837    109 9400000.00 .050857577    134 60000000.0 .021021517    159 840000000. 0.0       
    85 4600000.00 .002067417    110 9600000.00 .058283328    135 70000000.0 .019792117    160 880000000. 0.0       
    86 4800000.00 .002398450    111 9800000.00 .067445852    136 80000000.0 .018567947    161 920000000. 0.0       
    87 5000000.00 .002741302    112 10000000.0 .106216472    137 90000000.0 .017344116    162 960000000. 0.0       
    88 5200000.00 .003187748    113 11000000.0 .220691639    138 100000000. .015587730    163 1.00000E+9
    89 5400000.00 .003677119    114 12000000.0 .359576854    139 120000000. .013295458
    90 5600000.00 .004212370    115 13000000.0 .390095078    140 140000000. .011383865
 
                                                     MT=201
 MAT 7443                         0.0        Kelvin Unshielded Cross Sections                          74-W -186

   No.  Group-eV   Average      No.  Group-eV   Average      No.  Group-eV   Average      No.  Group-eV   Average

    97 7000000.00 6.94312E-6    114 12000000.0 .359094366    131 50000000.0 .103238903    148 400000000. 0.0       
    98 7200000.00 .006312745    115 13000000.0 .421135875    132 54000000.0 .107507294    149 440000000. 0.0       
    99 7400000.00 .013173770    116 14000000.0 .539881891    133 55000000.0 .112521700    150 480000000. 0.0       
   100 7600000.00 .014987474    117 15000000.0 .603501576    134 60000000.0 .125048657    151 520000000. 0.0       
   101 7800000.00 .016984507    118 16000000.0 .489171400    135 70000000.0 .132190493    152 560000000. 0.0       
   102 8000000.00 .019433518    119 17000000.0 .348377859    136 80000000.0 .129055721    153 600000000. 0.0       
   103 8200000.00 .022045807    120 18000000.0 .254527601    137 90000000.0 .125921816    154 640000000. 0.0       
   104 8400000.00 .025520436    121 19000000.0 .196570034    138 100000000. .118552915    155 680000000. 0.0       
   105 8600000.00 .029168410    122 20000000.0 .148663904    139 120000000. .106552880    156 720000000. 0.0       
   106 8800000.00 .033447732    123 22000000.0 .127574344    140 140000000. .094528963    157 760000000. 0.0       
   107 9000000.00 .037987297    124 24000000.0 .120352862    141 160000000. .084560125    158 800000000. 0.0       
   108 9200000.00 .043587416    125 26000000.0 .109628492    142 180000000. .076534417    159 840000000. 0.0       
   109 9400000.00 .050255801    126 28000000.0 .100410489    143 200000000. 0.0           160 880000000. 0.0       
   110 9600000.00 .057624612    127 30000000.0 .098031811    144 240000000. 0.0           161 920000000. 0.0       
   111 9800000.00 .066717493    128 35000000.0 .096022028    145 280000000. 0.0           162 960000000. 0.0       
   112 10000000.0 .105280164    129 40000000.0 .096109025    146 320000000. 0.0           163 1.00000E+9
   113 11000000.0 .219626895    130 45000000.0 .098868346    147 360000000. 0.0       
 
                                                     MT=203
 MAT 7443                         0.0        Kelvin Unshielded Cross Sections                          74-W -186

   No.  Group-eV   Average      No.  Group-eV   Average      No.  Group-eV   Average      No.  Group-eV   Average

   115 13000000.0 8.8138E-10    128 35000000.0 8.22522E-4    141 160000000. .016241999    154 640000000. 0.0       
   116 14000000.0 6.92947E-9    129 40000000.0 .001340714    142 180000000. .015769722    155 680000000. 0.0       
   117 15000000.0 4.77559E-8    130 45000000.0 .001975744    143 200000000. 0.0           156 720000000. 0.0       
   118 16000000.0 2.47626E-7    131 50000000.0 .002833156    144 240000000. 0.0           157 760000000. 0.0       
   119 17000000.0 9.32710E-7    132 54000000.0 .003489857    145 280000000. 0.0           158 800000000. 0.0       
   120 18000000.0 2.66845E-6    133 55000000.0 .004261334    146 320000000. 0.0           159 840000000. 0.0       
   121 19000000.0 6.18296E-6    134 60000000.0 .006188632    147 360000000. 0.0           160 880000000. 0.0       
   122 20000000.0 1.66940E-5    135 70000000.0 .008576614    148 400000000. 0.0           161 920000000. 0.0       
   123 22000000.0 4.27407E-5    136 80000000.0 .010734844    149 440000000. 0.0           162 960000000. 0.0       
   124 24000000.0 8.62920E-5    137 90000000.0 .012892477    150 480000000. 0.0           163 1.00000E+9
   125 26000000.0 1.49061E-4    138 100000000. .014863932    151 520000000. 0.0       
   126 28000000.0 2.31787E-4    139 120000000. .016462849    152 560000000. 0.0       
   127 30000000.0 4.29999E-4    140 140000000. .016668868    153 600000000. 0.0       
 
                                                     MT=204
 MAT 7443                         0.0        Kelvin Unshielded Cross Sections                          74-W -186

   No.  Group-eV   Average      No.  Group-eV   Average      No.  Group-eV   Average      No.  Group-eV   Average

   120 18000000.0 1.20793E-9    131 50000000.0 1.64681E-4    142 180000000. 1.01918E-4    153 600000000. 0.0       
   121 19000000.0 1.65415E-8    132 54000000.0 1.69310E-4    143 200000000. 0.0           154 640000000. 0.0       
   122 20000000.0 3.23340E-7    133 55000000.0 1.74747E-4    144 240000000. 0.0           155 680000000. 0.0       
   123 22000000.0 2.88820E-6    134 60000000.0 1.88330E-4    145 280000000. 0.0           156 720000000. 0.0       
   124 24000000.0 1.09727E-5    135 70000000.0 1.97349E-4    146 320000000. 0.0           157 760000000. 0.0       
   125 26000000.0 2.55669E-5    136 80000000.0 1.96559E-4    147 360000000. 0.0           158 800000000. 0.0       
   126 28000000.0 4.48153E-5    137 90000000.0 1.95770E-4    148 400000000. 0.0           159 840000000. 0.0       
   127 30000000.0 8.14246E-5    138 100000000. 1.85700E-4    149 440000000. 0.0           160 880000000. 0.0       
   128 35000000.0 1.25750E-4    139 120000000. 1.64909E-4    150 480000000. 0.0           161 920000000. 0.0       
   129 40000000.0 1.50904E-4    140 140000000. 1.39836E-4    151 520000000. 0.0           162 960000000. 0.0       
   130 45000000.0 1.59476E-4    141 160000000. 1.18681E-4    152 560000000. 0.0           163 1.00000E+9
 
                                                     MT=205
 MAT 7443                         0.0        Kelvin Unshielded Cross Sections                          74-W -186

   No.  Group-eV   Average      No.  Group-eV   Average      No.  Group-eV   Average      No.  Group-eV   Average

   121 19000000.0 2.13477E-9    132 54000000.0 1.76321E-4    143 200000000. 0.0           154 640000000. 0.0       
   122 20000000.0 8.77469E-8    133 55000000.0 1.85055E-4    144 240000000. 0.0           155 680000000. 0.0       
   123 22000000.0 1.20489E-6    134 60000000.0 2.06873E-4    145 280000000. 0.0           156 720000000. 0.0       
   124 24000000.0 5.78308E-6    135 70000000.0 2.18330E-4    146 320000000. 0.0           157 760000000. 0.0       
   125 26000000.0 1.54377E-5    136 80000000.0 2.10858E-4    147 360000000. 0.0           158 800000000. 0.0       
   126 28000000.0 2.95949E-5    137 90000000.0 2.03388E-4    148 400000000. 0.0           159 840000000. 0.0       
   127 30000000.0 6.02547E-5    138 100000000. 1.87582E-4    149 440000000. 0.0           160 880000000. 0.0       
   128 35000000.0 1.04204E-4    139 120000000. 1.62656E-4    150 480000000. 0.0           161 920000000. 0.0       
   129 40000000.0 1.37082E-4    140 140000000. 1.37916E-4    151 520000000. 0.0           162 960000000. 0.0       
   130 45000000.0 1.56133E-4    141 160000000. 1.18033E-4    152 560000000. 0.0           163 1.00000E+9
   131 50000000.0 1.68887E-4    142 180000000. 1.02049E-4    153 600000000. 0.0       
 
                                                     MT=206
 MAT 7443                         0.0        Kelvin Unshielded Cross Sections                          74-W -186

   No.  Group-eV   Average      No.  Group-eV   Average      No.  Group-eV   Average      No.  Group-eV   Average

   126 28000000.0 8.5754E-10    136 80000000.0 1.58837E-5    146 320000000. 0.0           156 720000000. 0.0       
   127 30000000.0 7.50786E-8    137 90000000.0 1.49221E-5    147 360000000. 0.0           157 760000000. 0.0       
   128 35000000.0 1.19979E-6    138 100000000. 1.35186E-5    148 400000000. 0.0           158 800000000. 0.0       
   129 40000000.0 4.42811E-6    139 120000000. 1.16738E-5    149 440000000. 0.0           159 840000000. 0.0       
   130 45000000.0 8.27510E-6    140 140000000. 1.01768E-5    150 480000000. 0.0           160 880000000. 0.0       
   131 50000000.0 1.08239E-5    141 160000000. 9.06382E-6    151 520000000. 0.0           161 920000000. 0.0       
   132 54000000.0 1.17329E-5    142 180000000. 8.07333E-6    152 560000000. 0.0           162 960000000. 0.0       
   133 55000000.0 1.28007E-5    143 200000000. 0.0           153 600000000. 0.0           163 1.00000E+9
   134 60000000.0 1.54684E-5    144 240000000. 0.0           154 640000000. 0.0       
   135 70000000.0 1.68456E-5    145 280000000. 0.0           155 680000000. 0.0       
 
                                                     MT=  5
 MAT 7443                         0.0        Kelvin Unshielded Cross Sections                          74-W -186

   No.  Group-eV   Average      No.  Group-eV   Average      No.  Group-eV   Average      No.  Group-eV   Average

    96 6800000.00 1.68385E-4    113 11000000.0 .219627095    130 45000000.0 .098868276    147 360000000. 0.0       
    97 7000000.00 .004077510    114 12000000.0 .359094351    131 50000000.0 .103238831    148 400000000. 0.0       
    98 7200000.00 .009531612    115 13000000.0 .421135436    132 54000000.0 .107507118    149 440000000. 0.0       
    99 7400000.00 .013173732    116 14000000.0 .539882281    133 55000000.0 .112521401    150 480000000. 0.0       
   100 7600000.00 .014987482    117 15000000.0 .603501922    134 60000000.0 .125048051    151 520000000. 0.0       
   101 7800000.00 .016984548    118 16000000.0 .489170874    135 70000000.0 .132189696    152 560000000. 0.0       
   102 8000000.00 .019433566    119 17000000.0 .348378463    136 80000000.0 .129054968    153 600000000. 0.0       
   103 8200000.00 .022045856    120 18000000.0 .254527885    137 90000000.0 .125921106    154 640000000. 0.0       
   104 8400000.00 .025520466    121 19000000.0 .196569445    138 100000000. .118552574    155 680000000. 0.0       
   105 8600000.00 .029168417    122 20000000.0 .148663946    139 120000000. .106553167    156 720000000. 0.0       
   106 8800000.00 .033447724    123 22000000.0 .127574238    140 140000000. .094529297    157 760000000. 0.0       
   107 9000000.00 .037987276    124 24000000.0 .120352962    141 160000000. .084560273    158 800000000. 0.0       
   108 9200000.00 .043587403    125 26000000.0 .109628393    142 180000000. .076534415    159 840000000. 0.0       
   109 9400000.00 .050255815    126 28000000.0 .100410448    143 200000000. 0.0           160 880000000. 0.0       
   110 9600000.00 .057624641    127 30000000.0 .098031797    144 240000000. 0.0           161 920000000. 0.0       
   111 9800000.00 .066717503    128 35000000.0 .096021987    145 280000000. 0.0           162 960000000. 0.0       
   112 10000000.0 .105280518    129 40000000.0 .096108907    146 320000000. 0.0           163 1.00000E+9
 
                                                     MT=  5
 MAT 7443                         0.0        Kelvin Unshielded Cross Sections                          74-W -186

   No.  Group-eV   Average      No.  Group-eV   Average      No.  Group-eV   Average      No.  Group-eV   Average

   114 12000000.0 2.7492E-11    127 30000000.0 4.29999E-4    140 140000000. .016668920    153 600000000. 0.0       
   115 13000000.0 1.14521E-9    128 35000000.0 8.22522E-4    141 160000000. .016242005    154 640000000. 0.0       
   116 14000000.0 6.92948E-9    129 40000000.0 .001340712    142 180000000. .015769668    155 680000000. 0.0       
   117 15000000.0 4.77559E-8    130 45000000.0 .001975750    143 200000000. 0.0           156 720000000. 0.0       
   118 16000000.0 2.47626E-7    131 50000000.0 .002833170    144 240000000. 0.0           157 760000000. 0.0       
   119 17000000.0 9.32710E-7    132 54000000.0 .003489867    145 280000000. 0.0           158 800000000. 0.0       
   120 18000000.0 2.66846E-6    133 55000000.0 .004261339    146 320000000. 0.0           159 840000000. 0.0       
   121 19000000.0 6.18295E-6    134 60000000.0 .006188627    147 360000000. 0.0           160 880000000. 0.0       
   122 20000000.0 1.66940E-5    135 70000000.0 .008576594    148 400000000. 0.0           161 920000000. 0.0       
   123 22000000.0 4.27407E-5    136 80000000.0 .010734808    149 440000000. 0.0           162 960000000. 0.0       
   124 24000000.0 8.62920E-5    137 90000000.0 .012892425    150 480000000. 0.0           163 1.00000E+9
   125 26000000.0 1.49061E-4    138 100000000. .014863908    151 520000000. 0.0       
   126 28000000.0 2.31787E-4    139 120000000. .016462890    152 560000000. 0.0       
 
                                                     MT=  5
 MAT 7443                         0.0        Kelvin Unshielded Cross Sections                          74-W -186

   No.  Group-eV   Average      No.  Group-eV   Average      No.  Group-eV   Average      No.  Group-eV   Average

   119 17000000.0 2.0721E-11    131 50000000.0 1.64682E-4    143 200000000. 0.0           155 680000000. 0.0       
   120 18000000.0 1.32577E-9    132 54000000.0 1.69310E-4    144 240000000. 0.0           156 720000000. 0.0       
   121 19000000.0 1.65415E-8    133 55000000.0 1.74747E-4    145 280000000. 0.0           157 760000000. 0.0       
   122 20000000.0 3.23340E-7    134 60000000.0 1.88330E-4    146 320000000. 0.0           158 800000000. 0.0       
   123 22000000.0 2.88821E-6    135 70000000.0 1.97348E-4    147 360000000. 0.0           159 840000000. 0.0       
   124 24000000.0 1.09727E-5    136 80000000.0 1.96559E-4    148 400000000. 0.0           160 880000000. 0.0       
   125 26000000.0 2.55669E-5    137 90000000.0 1.95770E-4    149 440000000. 0.0           161 920000000. 0.0       
   126 28000000.0 4.48153E-5    138 100000000. 1.85700E-4    150 480000000. 0.0           162 960000000. 0.0       
   127 30000000.0 8.14245E-5    139 120000000. 1.64909E-4    151 520000000. 0.0           163 1.00000E+9
   128 35000000.0 1.25750E-4    140 140000000. 1.39836E-4    152 560000000. 0.0       
   129 40000000.0 1.50904E-4    141 160000000. 1.18681E-4    153 600000000. 0.0       
   130 45000000.0 1.59476E-4    142 180000000. 1.01918E-4    154 640000000. 0.0       
 
                                                     MT=  5
 MAT 7443                         0.0        Kelvin Unshielded Cross Sections                          74-W -186

   No.  Group-eV   Average      No.  Group-eV   Average      No.  Group-eV   Average      No.  Group-eV   Average

   120 18000000.0 6.2331E-11    131 50000000.0 1.68887E-4    142 180000000. 1.02049E-4    153 600000000. 0.0       
   121 19000000.0 2.28383E-9    132 54000000.0 1.76321E-4    143 200000000. 0.0           154 640000000. 0.0       
   122 20000000.0 8.77470E-8    133 55000000.0 1.85055E-4    144 240000000. 0.0           155 680000000. 0.0       
   123 22000000.0 1.20489E-6    134 60000000.0 2.06873E-4    145 280000000. 0.0           156 720000000. 0.0       
   124 24000000.0 5.78307E-6    135 70000000.0 2.18329E-4    146 320000000. 0.0           157 760000000. 0.0       
   125 26000000.0 1.54377E-5    136 80000000.0 2.10857E-4    147 360000000. 0.0           158 800000000. 0.0       
   126 28000000.0 2.95949E-5    137 90000000.0 2.03387E-4    148 400000000. 0.0           159 840000000. 0.0       
   127 30000000.0 6.02547E-5    138 100000000. 1.87582E-4    149 440000000. 0.0           160 880000000. 0.0       
   128 35000000.0 1.04204E-4    139 120000000. 1.62657E-4    150 480000000. 0.0           161 920000000. 0.0       
   129 40000000.0 1.37082E-4    140 140000000. 1.37917E-4    151 520000000. 0.0           162 960000000. 0.0       
   130 45000000.0 1.56133E-4    141 160000000. 1.18033E-4    152 560000000. 0.0           163 1.00000E+9
 
                                                     MT=  5
 MAT 7443                         0.0        Kelvin Unshielded Cross Sections                          74-W -186

   No.  Group-eV   Average      No.  Group-eV   Average      No.  Group-eV   Average      No.  Group-eV   Average

   127 30000000.0 6.35467E-8    137 90000000.0 1.49221E-5    147 360000000. 0.0           157 760000000. 0.0       
   128 35000000.0 1.19979E-6    138 100000000. 1.35186E-5    148 400000000. 0.0           158 800000000. 0.0       
   129 40000000.0 4.42809E-6    139 120000000. 1.16738E-5    149 440000000. 0.0           159 840000000. 0.0       
   130 45000000.0 8.27508E-6    140 140000000. 1.01769E-5    150 480000000. 0.0           160 880000000. 0.0       
   131 50000000.0 1.08239E-5    141 160000000. 9.06384E-6    151 520000000. 0.0           161 920000000. 0.0       
   132 54000000.0 1.17328E-5    142 180000000. 8.07333E-6    152 560000000. 0.0           162 960000000. 0.0       
   133 55000000.0 1.28007E-5    143 200000000. 0.0           153 600000000. 0.0           163 1.00000E+9
   134 60000000.0 1.54683E-5    144 240000000. 0.0           154 640000000. 0.0       
   135 70000000.0 1.68455E-5    145 280000000. 0.0           155 680000000. 0.0       
   136 80000000.0 1.58837E-5    146 320000000. 0.0           156 720000000. 0.0       
 
                                                     MT=  5
 MAT 7443                         0.0        Kelvin Unshielded Cross Sections                          74-W -186

   No.  Group-eV   Average      No.  Group-eV   Average      No.  Group-eV   Average      No.  Group-eV   Average

    96 6800000.00 1.2061E-12    113 11000000.0 1.06019E-7    130 45000000.0 4.00360E-4    147 360000000. 0.0       
    97 7000000.00 2.9206E-11    114 12000000.0 2.46390E-7    131 50000000.0 4.81973E-4    148 400000000. 0.0       
    98 7200000.00 6.8272E-11    115 13000000.0 3.83056E-7    132 54000000.0 5.35869E-4    149 440000000. 0.0       
    99 7400000.00 7.7230E-11    116 14000000.0 6.48054E-7    133 55000000.0 5.99184E-4    150 480000000. 0.0       
   100 7600000.00 5.5807E-11    117 15000000.0 1.18896E-6    134 60000000.0 7.57359E-4    151 520000000. 0.0       
   101 7800000.00 3.9613E-11    118 16000000.0 1.89497E-6    135 70000000.0 8.74086E-4    152 560000000. 0.0       
   102 8000000.00 3.6310E-11    119 17000000.0 2.86476E-6    136 80000000.0 8.88881E-4    153 600000000. 0.0       
   103 8200000.00 5.6359E-11    120 18000000.0 4.39835E-6    137 90000000.0 9.03671E-4    154 640000000. 0.0       
   104 8400000.00 2.1408E-10    121 19000000.0 6.79480E-6    138 100000000. 8.49921E-4    155 680000000. 0.0       
   105 8600000.00 4.4933E-10    122 20000000.0 1.26690E-5    139 120000000. 7.40513E-4    156 720000000. 0.0       
   106 8800000.00 1.89049E-9    123 22000000.0 2.51811E-5    140 140000000. 7.26021E-4    157 760000000. 0.0       
   107 9000000.00 3.82874E-9    124 24000000.0 4.33214E-5    141 160000000. 6.39919E-4    158 800000000. 0.0       
   108 9200000.00 7.08421E-9    125 26000000.0 6.61979E-5    142 180000000. 5.08567E-4    159 840000000. 0.0       
   109 9400000.00 1.16665E-8    126 28000000.0 9.28427E-5    143 200000000. 0.0           160 880000000. 0.0       
   110 9600000.00 1.71138E-8    127 30000000.0 1.46645E-4    144 240000000. 0.0           161 920000000. 0.0       
   111 9800000.00 2.46903E-8    128 35000000.0 2.32250E-4    145 280000000. 0.0           162 960000000. 0.0       
   112 10000000.0 5.06299E-8    129 40000000.0 3.18995E-4    146 320000000. 0.0           163 1.00000E+9
 
                                                     MT=  5
 MAT 7443                         0.0        Kelvin Unshielded Cross Sections                          74-W -186

   No.  Group-eV   Average      No.  Group-eV   Average      No.  Group-eV   Average      No.  Group-eV   Average

   162 960000000. 0.0           163 1.00000E+9
 
