 Create New Section Index (DICTIN 2019-1)
 ------------------------------------------------------------
 ENDF/B Input and Output Data Filenames
 ------------------------------------------------------------
 DICTIN.IN                                                               
 DICTIN.OUT                                                              
 ------------------------------------------------------------
 First Pass. Reading ENDF/B Data
 ------------------------------------------------------------
  MAT   Messages
 ------------------------------------------------------------
  625
 ------------------------------------------------------------
 Second Pass. Creating New Index
 ------------------------------------------------------------
 ENDF/B  MAT MF  MT  Lines  Mod
 Format
 ------------------------------------------------------------
  VI     625  1 451     84    0
         625  3   3     79    0
         625  3  22     19    0
         625  3  28     17    0
         625  3  34     16    0
         625  3  50     30    0
         625  3  51     28    0
         625  3  52     24    0
         625  3  53     23    0
         625  3  54     21    0
         625  3  55     21    0
         625  3  56     20    0
         625  3  57     20    0
         625  3 111     18    0
         625  3 112     22    0
         625  3 114     15    0
         625  3 115     15    0
         625  3 116     18    0
         625  3 117     16    0
         625  3 600     34    0
         625  3 601     31    0
         625  3 602     28    0
         625  3 603     27    0
         625  3 604     25    0
         625  3 605     25    0
         625  3 606     24    0
         625  3 607     23    0
         625  3 608     22    0
         625  3 650     21    0
         625  3 651     20    0
         625  3 652     18    0
         625  3 653     18    0
         625  3 654     16    0
         625  3 750     19    0
 ------------------------------------------------------------
 Original Line Count    927
 Final Line Count       896
 ------------------------------------------------------------
 ===============================================================================
 DICTIN   Total Execution Time                0.00 Seconds
 ===============================================================================
