  Linearize ENDF/B Cross Sections (LINEAR 2019-1)
  ------------------------------------------------------------------------------
  Retrieval Criteria-----------        MAT
  Monitor Mode-----------------        Off
  Minimum Cross Section-------- 1.0000E-10
  Keep Evaluated Data Points---        Yes
  ------------------------------------------------------------------------------
  ENDF/B Input and Output Data Filenames
  LINEAR.IN                                                               
  LINEAR.OUT                                                              
  ------------------------------------------------------------------------------
  Requested Ranges
  ------------------------------------------------------------------------------
       Minimum       Maximum   
     MAT MF  MT    MAT MF  MT
  ------------------------------------------------------------------------------
       0  0   0 999999 99 999
  ------------------------------------------------------------------------------
  Allowable Uncertainty
  ------------------------------------------------------------------------------
      Energy Uncertainty   per-cent
  ------------------------------------------------------------------------------
  0.0         1.0000E-10     0.0000
  ------------------------------------------------------------------------------
  ENDF/B Tape Label
  ------------------------------------------------------------------------------
  Retrieved by E4-util: 2019/11/11,14:56:45                            1
  ------------------------------------------------------------------------------
    Material  MAT  MF  MT  ENDF/B      Kelvin     Q-Value   Points   Points
                           Format                      eV       In      Out
  ------------------------------------------------------------------------------
    6-C -12   625   3   3   VI     0.0         0.0             228      228
    6-C -12   625   3  22   VI     0.0        -26263000.0       46       46
    6-C -12   625   3  28   VI     0.0        -27410000.0       42       42
    6-C -12   625   3  34   VI     0.0        -27852000.0       39       39
    6-C -12   625   3  50   VI     0.0        -18721000.0       81       81
    6-C -12   625   3  51   VI     0.0        -20721000.0       73       73
    6-C -12   625   3  52   VI     0.0        -23040000.0       63       63
    6-C -12   625   3  53   VI     0.0        -23525000.0       60       60
    6-C -12   625   3  54   VI     0.0        -25060000.0       54       54
    6-C -12   625   3  55   VI     0.0        -25199000.0       53       53
    6-C -12   625   3  56   VI     0.0        -25626000.0       51       51
    6-C -12   625   3  57   VI     0.0        -26121000.0       49       49
    6-C -12   625   3 111   VI     0.0        -27185000.0       44       44
    6-C -12   625   3 112   VI     0.0        -24620000.0       55       55
    6-C -12   625   3 114   VI     0.0        -31122000.0       34       34
    6-C -12   625   3 115   VI     0.0        -31772000.0       35       35
    6-C -12   625   3 116   VI     0.0        -27089000.0       44       44
    6-C -12   625   3 117   VI     0.0        -29645000.0       37       37
    6-C -12   625   3 600   VI     0.0        -15957000.0       92       92
    6-C -12   625   3 601   VI     0.0        -18082000.0       82       82
    6-C -12   625   3 602   VI     0.0        -20402000.0       74       74
    6-C -12   625   3 603   VI     0.0        -20977000.0       72       72
    6-C -12   625   3 604   VI     0.0        -22699000.0       65       65
    6-C -12   625   3 605   VI     0.0        -22749000.0       65       65
    6-C -12   625   3 606   VI     0.0        -23243000.0       61       61
    6-C -12   625   3 607   VI     0.0        -23935000.0       59       59
    6-C -12   625   3 608   VI     0.0        -24517000.0       56       56
    6-C -12   625   3 650   VI     0.0        -25186000.0       54       54
    6-C -12   625   3 651   VI     0.0        -25904000.0       50       50
    6-C -12   625   3 652   VI     0.0        -26926000.0       45       45
    6-C -12   625   3 653   VI     0.0        -27340000.0       44       44
    6-C -12   625   3 654   VI     0.0        -28773000.0       39       39
    6-C -12   625   3 750   VI     0.0        -26278000.0       46       46
  ------------------------------------------------------------------------------
                                               MAT Totals     1992     1992
  ------------------------------------------------------------------------------
 ------------------------------------------------------------------------------
 All Cross Sections Read. Maximum Tabulated Energy =  150000000. eV
 ------------------------------------------------------------------------------
 ===============================================================================
      MAT Total Execution Time                0.07 Seconds
 ===============================================================================
  ------------------------------------------------------------------------------
                                              Tape Totals     1992     1992
  ------------------------------------------------------------------------------
 ===============================================================================
 LINEAR   Total Execution Time                0.07 Seconds
 ===============================================================================
