                                                     MT=  3
 MAT  625                         0.0        Kelvin Unshielded Cross Sections                           6-C -12 

   No.  Group-eV   Average      No.  Group-eV   Average      No.  Group-eV   Average      No.  Group-eV   Average

    99 7400000.00 5.49141E-8    116 14000000.0 0.0           133 55000000.0 .001694311    150 480000000. 0.0       
   100 7600000.00 4.42281E-7    117 15000000.0 0.0           134 60000000.0 .001355156    151 520000000. 0.0       
   101 7800000.00 8.85545E-7    118 16000000.0 1.97571E-4    135 70000000.0 .001380151    152 560000000. 0.0       
   102 8000000.00 1.30011E-6    119 17000000.0 .001226249    136 80000000.0 .001348794    153 600000000. 0.0       
   103 8200000.00 1.68573E-6    120 18000000.0 .001421986    137 90000000.0 .001318967    154 640000000. 0.0       
   104 8400000.00 2.08604E-6    121 19000000.0 .002135789    138 100000000. .001115273    155 680000000. 0.0       
   105 8600000.00 2.57525E-6    122 20000000.0 .009174132    139 120000000. .001070122    156 720000000. 0.0       
   106 8800000.00 3.07940E-6    123 22000000.0 .019379909    140 140000000. 4.50881E-4    157 760000000. 0.0       
   107 9000000.00 2.66836E-6    124 24000000.0 .012428526    141 160000000. 0.0           158 800000000. 0.0       
   108 9200000.00 1.33535E-6    125 26000000.0 .009119786    142 180000000. 0.0           159 840000000. 0.0       
   109 9400000.00 1.67792E-7    126 28000000.0 .007152623    143 200000000. 0.0           160 880000000. 0.0       
   110 9600000.00 0.0           127 30000000.0 .006377302    144 240000000. 0.0           161 920000000. 0.0       
   111 9800000.00 0.0           128 35000000.0 .004705853    145 280000000. 0.0           162 960000000. 0.0       
   112 10000000.0 7.40408E-6    129 40000000.0 .003512263    146 320000000. 0.0           163 1.00000E+9
   113 11000000.0 3.82538E-5    130 45000000.0 .002885776    147 360000000. 0.0       
   114 12000000.0 1.19665E-5    131 50000000.0 .002300785    148 400000000. 0.0       
   115 13000000.0 0.0           132 54000000.0 .001914544    149 440000000. 0.0       
 
                                                     MT= 22
 MAT  625                         0.0        Kelvin Unshielded Cross Sections                           6-C -12 

   No.  Group-eV   Average      No.  Group-eV   Average      No.  Group-eV   Average      No.  Group-eV   Average

   125 26000000.0 5.86807E-5    135 70000000.0 5.40149E-5    145 280000000. 0.0           155 680000000. 0.0       
   126 28000000.0 6.50323E-4    136 80000000.0 4.96063E-5    146 320000000. 0.0           156 720000000. 0.0       
   127 30000000.0 9.36893E-4    137 90000000.0 3.43588E-5    147 360000000. 0.0           157 760000000. 0.0       
   128 35000000.0 4.41153E-4    138 100000000. 1.80054E-5    148 400000000. 0.0           158 800000000. 0.0       
   129 40000000.0 2.55055E-4    139 120000000. 1.53301E-5    149 440000000. 0.0           159 840000000. 0.0       
   130 45000000.0 1.75091E-4    140 140000000. 6.62974E-6    150 480000000. 0.0           160 880000000. 0.0       
   131 50000000.0 1.15468E-4    141 160000000. 0.0           151 520000000. 0.0           161 920000000. 0.0       
   132 54000000.0 8.20716E-5    142 180000000. 0.0           152 560000000. 0.0           162 960000000. 0.0       
   133 55000000.0 6.45659E-5    143 200000000. 0.0           153 600000000. 0.0           163 1.00000E+9
   134 60000000.0 4.75391E-5    144 240000000. 0.0           154 640000000. 0.0       
 
                                                     MT= 28
 MAT  625                         0.0        Kelvin Unshielded Cross Sections                           6-C -12 

   No.  Group-eV   Average      No.  Group-eV   Average      No.  Group-eV   Average      No.  Group-eV   Average

   125 26000000.0 8.05001E-8    135 70000000.0 9.64394E-5    145 280000000. 0.0           155 680000000. 0.0       
   126 28000000.0 7.33451E-5    136 80000000.0 9.50871E-5    146 320000000. 0.0           156 720000000. 0.0       
   127 30000000.0 5.90931E-4    137 90000000.0 7.01786E-5    147 360000000. 0.0           157 760000000. 0.0       
   128 35000000.0 7.00248E-4    138 100000000. 3.14928E-5    148 400000000. 0.0           158 800000000. 0.0       
   129 40000000.0 4.60529E-4    139 120000000. 2.21663E-5    149 440000000. 0.0           159 840000000. 0.0       
   130 45000000.0 3.27213E-4    140 140000000. 7.01196E-6    150 480000000. 0.0           160 880000000. 0.0       
   131 50000000.0 2.31281E-4    141 160000000. 0.0           151 520000000. 0.0           161 920000000. 0.0       
   132 54000000.0 1.77230E-4    142 180000000. 0.0           152 560000000. 0.0           162 960000000. 0.0       
   133 55000000.0 1.37181E-4    143 200000000. 0.0           153 600000000. 0.0           163 1.00000E+9
   134 60000000.0 8.96652E-5    144 240000000. 0.0           154 640000000. 0.0       
 
                                                     MT= 34
 MAT  625                         0.0        Kelvin Unshielded Cross Sections                           6-C -12 

   No.  Group-eV   Average      No.  Group-eV   Average      No.  Group-eV   Average      No.  Group-eV   Average

   125 26000000.0 7.36556E-9    135 70000000.0 3.77352E-4    145 280000000. 0.0           155 680000000. 0.0       
   126 28000000.0 1.02860E-5    136 80000000.0 3.77808E-4    146 320000000. 0.0           156 720000000. 0.0       
   127 30000000.0 2.53009E-4    137 90000000.0 3.88681E-4    147 360000000. 0.0           157 760000000. 0.0       
   128 35000000.0 4.50707E-4    138 100000000. 3.47032E-4    148 400000000. 0.0           158 800000000. 0.0       
   129 40000000.0 5.07009E-4    139 120000000. 3.42015E-4    149 440000000. 0.0           159 840000000. 0.0       
   130 45000000.0 5.56514E-4    140 140000000. 1.49752E-4    150 480000000. 0.0           160 880000000. 0.0       
   131 50000000.0 5.36758E-4    141 160000000. 0.0           151 520000000. 0.0           161 920000000. 0.0       
   132 54000000.0 4.81258E-4    142 180000000. 0.0           152 560000000. 0.0           162 960000000. 0.0       
   133 55000000.0 4.42365E-4    143 200000000. 0.0           153 600000000. 0.0           163 1.00000E+9
   134 60000000.0 3.66390E-4    144 240000000. 0.0           154 640000000. 0.0       
 
                                                     MT= 50
 MAT  625                         0.0        Kelvin Unshielded Cross Sections                           6-C -12 

   No.  Group-eV   Average      No.  Group-eV   Average      No.  Group-eV   Average      No.  Group-eV   Average

   120 18000000.0 2.60274E-5    131 50000000.0 8.11825E-6    142 180000000. 0.0           153 600000000. 0.0       
   121 19000000.0 4.47799E-4    132 54000000.0 6.59413E-6    143 200000000. 0.0           154 640000000. 0.0       
   122 20000000.0 .003558618    133 55000000.0 6.02669E-6    144 240000000. 0.0           155 680000000. 0.0       
   123 22000000.0 .005807617    134 60000000.0 5.57357E-6    145 280000000. 0.0           156 720000000. 0.0       
   124 24000000.0 .002481418    135 70000000.0 5.46636E-6    146 320000000. 0.0           157 760000000. 0.0       
   125 26000000.0 9.98988E-4    136 80000000.0 2.75684E-6    147 360000000. 0.0           158 800000000. 0.0       
   126 28000000.0 3.99874E-4    137 90000000.0 8.77674E-7    148 400000000. 0.0           159 840000000. 0.0       
   127 30000000.0 1.59354E-4    138 100000000. 1.23058E-7    149 440000000. 0.0           160 880000000. 0.0       
   128 35000000.0 5.49706E-5    139 120000000. 1.36210E-8    150 480000000. 0.0           161 920000000. 0.0       
   129 40000000.0 2.76505E-5    140 140000000. 3.76515E-9    151 520000000. 0.0           162 960000000. 0.0       
   130 45000000.0 1.31847E-5    141 160000000. 0.0           152 560000000. 0.0           163 1.00000E+9
 
                                                     MT= 51
 MAT  625                         0.0        Kelvin Unshielded Cross Sections                           6-C -12 

   No.  Group-eV   Average      No.  Group-eV   Average      No.  Group-eV   Average      No.  Group-eV   Average

   122 20000000.0 3.15361E-4    133 55000000.0 3.63569E-6    144 240000000. 0.0           155 680000000. 0.0       
   123 22000000.0 .002512802    134 60000000.0 3.31310E-6    145 280000000. 0.0           156 720000000. 0.0       
   124 24000000.0 .001424953    135 70000000.0 3.54626E-6    146 320000000. 0.0           157 760000000. 0.0       
   125 26000000.0 5.78578E-4    136 80000000.0 2.04278E-6    147 360000000. 0.0           158 800000000. 0.0       
   126 28000000.0 2.42952E-4    137 90000000.0 7.14018E-7    148 400000000. 0.0           159 840000000. 0.0       
   127 30000000.0 9.62814E-5    138 100000000. 1.00928E-7    149 440000000. 0.0           160 880000000. 0.0       
   128 35000000.0 3.38230E-5    139 120000000. 1.03070E-8    150 480000000. 0.0           161 920000000. 0.0       
   129 40000000.0 1.82370E-5    140 140000000. 2.29818E-9    151 520000000. 0.0           162 960000000. 0.0       
   130 45000000.0 9.65107E-6    141 160000000. 0.0           152 560000000. 0.0           163 1.00000E+9
   131 50000000.0 5.30234E-6    142 180000000. 0.0           153 600000000. 0.0       
   132 54000000.0 4.09833E-6    143 200000000. 0.0           154 640000000. 0.0       
 
                                                     MT= 52
 MAT  625                         0.0        Kelvin Unshielded Cross Sections                           6-C -12 

   No.  Group-eV   Average      No.  Group-eV   Average      No.  Group-eV   Average      No.  Group-eV   Average

   123 22000000.0 1.18822E-4    134 60000000.0 5.88321E-6    145 280000000. 0.0           156 720000000. 0.0       
   124 24000000.0 7.90099E-4    135 70000000.0 6.75467E-6    146 320000000. 0.0           157 760000000. 0.0       
   125 26000000.0 7.57775E-4    136 80000000.0 4.58136E-6    147 360000000. 0.0           158 800000000. 0.0       
   126 28000000.0 4.19986E-4    137 90000000.0 1.81274E-6    148 400000000. 0.0           159 840000000. 0.0       
   127 30000000.0 1.81036E-4    138 100000000. 2.59280E-7    149 440000000. 0.0           160 880000000. 0.0       
   128 35000000.0 6.33923E-5    139 120000000. 2.47064E-8    150 480000000. 0.0           161 920000000. 0.0       
   129 40000000.0 3.55627E-5    140 140000000. 4.30434E-9    151 520000000. 0.0           162 960000000. 0.0       
   130 45000000.0 2.13351E-5    141 160000000. 0.0           152 560000000. 0.0           163 1.00000E+9
   131 50000000.0 1.18178E-5    142 180000000. 0.0           153 600000000. 0.0       
   132 54000000.0 8.04487E-6    143 200000000. 0.0           154 640000000. 0.0       
   133 55000000.0 6.75012E-6    144 240000000. 0.0           155 680000000. 0.0       
 
                                                     MT= 53
 MAT  625                         0.0        Kelvin Unshielded Cross Sections                           6-C -12 

   No.  Group-eV   Average      No.  Group-eV   Average      No.  Group-eV   Average      No.  Group-eV   Average

   123 22000000.0 4.02439E-5    134 60000000.0 5.13803E-6    145 280000000. 0.0           156 720000000. 0.0       
   124 24000000.0 6.44284E-4    135 70000000.0 5.98090E-6    146 320000000. 0.0           157 760000000. 0.0       
   125 26000000.0 7.86203E-4    136 80000000.0 4.18669E-6    147 360000000. 0.0           158 800000000. 0.0       
   126 28000000.0 3.63939E-4    137 90000000.0 1.68379E-6    148 400000000. 0.0           159 840000000. 0.0       
   127 30000000.0 1.58020E-4    138 100000000. 2.40112E-7    149 440000000. 0.0           160 880000000. 0.0       
   128 35000000.0 5.56976E-5    139 120000000. 2.26374E-8    150 480000000. 0.0           161 920000000. 0.0       
   129 40000000.0 3.14262E-5    140 140000000. 3.76515E-9    151 520000000. 0.0           162 960000000. 0.0       
   130 45000000.0 1.92023E-5    141 160000000. 0.0           152 560000000. 0.0           163 1.00000E+9
   131 50000000.0 1.08027E-5    142 180000000. 0.0           153 600000000. 0.0       
   132 54000000.0 7.17400E-6    143 200000000. 0.0           154 640000000. 0.0       
   133 55000000.0 5.95242E-6    144 240000000. 0.0           155 680000000. 0.0       
 
                                                     MT= 54
 MAT  625                         0.0        Kelvin Unshielded Cross Sections                           6-C -12 

   No.  Group-eV   Average      No.  Group-eV   Average      No.  Group-eV   Average      No.  Group-eV   Average

   124 24000000.0 3.02541E-5    134 60000000.0 3.07295E-6    144 240000000. 0.0           154 640000000. 0.0       
   125 26000000.0 2.92157E-4    135 70000000.0 3.70614E-6    145 280000000. 0.0           155 680000000. 0.0       
   126 28000000.0 2.11921E-4    136 80000000.0 2.84135E-6    146 320000000. 0.0           156 720000000. 0.0       
   127 30000000.0 9.34942E-5    137 90000000.0 1.23488E-6    147 360000000. 0.0           157 760000000. 0.0       
   128 35000000.0 3.38700E-5    138 100000000. 1.80048E-7    148 400000000. 0.0           158 800000000. 0.0       
   129 40000000.0 1.94664E-5    139 120000000. 1.63382E-8    149 440000000. 0.0           159 840000000. 0.0       
   130 45000000.0 1.25409E-5    140 140000000. 2.30480E-9    150 480000000. 0.0           160 880000000. 0.0       
   131 50000000.0 7.28769E-6    141 160000000. 0.0           151 520000000. 0.0           161 920000000. 0.0       
   132 54000000.0 4.61262E-6    142 180000000. 0.0           152 560000000. 0.0           162 960000000. 0.0       
   133 55000000.0 3.70257E-6    143 200000000. 0.0           153 600000000. 0.0           163 1.00000E+9
 
                                                     MT= 55
 MAT  625                         0.0        Kelvin Unshielded Cross Sections                           6-C -12 

   No.  Group-eV   Average      No.  Group-eV   Average      No.  Group-eV   Average      No.  Group-eV   Average

   124 24000000.0 7.15108E-7    134 60000000.0 5.69208E-6    144 240000000. 0.0           154 640000000. 0.0       
   125 26000000.0 9.14329E-5    135 70000000.0 6.87659E-6    145 280000000. 0.0           155 680000000. 0.0       
   126 28000000.0 1.82674E-4    136 80000000.0 5.29992E-6    146 320000000. 0.0           156 720000000. 0.0       
   127 30000000.0 1.51925E-4    137 90000000.0 2.34428E-6    147 360000000. 0.0           157 760000000. 0.0       
   128 35000000.0 6.32451E-5    138 100000000. 3.48837E-7    148 400000000. 0.0           158 800000000. 0.0       
   129 40000000.0 3.61441E-5    139 120000000. 3.14619E-8    149 440000000. 0.0           159 840000000. 0.0       
   130 45000000.0 2.36248E-5    140 140000000. 4.37175E-9    150 480000000. 0.0           160 880000000. 0.0       
   131 50000000.0 1.38663E-5    141 160000000. 0.0           151 520000000. 0.0           161 920000000. 0.0       
   132 54000000.0 8.77709E-6    142 180000000. 0.0           152 560000000. 0.0           162 960000000. 0.0       
   133 55000000.0 6.95069E-6    143 200000000. 0.0           153 600000000. 0.0           163 1.00000E+9
 
                                                     MT= 56
 MAT  625                         0.0        Kelvin Unshielded Cross Sections                           6-C -12 

   No.  Group-eV   Average      No.  Group-eV   Average      No.  Group-eV   Average      No.  Group-eV   Average

   124 24000000.0 2.03920E-6    134 60000000.0 5.66576E-6    144 240000000. 0.0           154 640000000. 0.0       
   125 26000000.0 1.54732E-4    135 70000000.0 6.82304E-6    145 280000000. 0.0           155 680000000. 0.0       
   126 28000000.0 2.68338E-4    136 80000000.0 5.40219E-6    146 320000000. 0.0           156 720000000. 0.0       
   127 30000000.0 1.62811E-4    137 90000000.0 2.47385E-6    147 360000000. 0.0           157 760000000. 0.0       
   128 35000000.0 6.32334E-5    138 100000000. 3.69827E-7    148 400000000. 0.0           158 800000000. 0.0       
   129 40000000.0 3.61799E-5    139 120000000. 3.27596E-8    149 440000000. 0.0           159 840000000. 0.0       
   130 45000000.0 2.37822E-5    140 140000000. 4.32068E-9    150 480000000. 0.0           160 880000000. 0.0       
   131 50000000.0 1.41685E-5    141 160000000. 0.0           151 520000000. 0.0           161 920000000. 0.0       
   132 54000000.0 9.04135E-6    142 180000000. 0.0           152 560000000. 0.0           162 960000000. 0.0       
   133 55000000.0 7.09618E-6    143 200000000. 0.0           153 600000000. 0.0           163 1.00000E+9
 
                                                     MT= 57
 MAT  625                         0.0        Kelvin Unshielded Cross Sections                           6-C -12 

   No.  Group-eV   Average      No.  Group-eV   Average      No.  Group-eV   Average      No.  Group-eV   Average

   125 26000000.0 1.16019E-4    135 70000000.0 5.96982E-6    145 280000000. 0.0           155 680000000. 0.0       
   126 28000000.0 2.64432E-4    136 80000000.0 4.87232E-6    146 320000000. 0.0           156 720000000. 0.0       
   127 30000000.0 1.50755E-4    137 90000000.0 2.31933E-6    147 360000000. 0.0           157 760000000. 0.0       
   128 35000000.0 5.55396E-5    138 100000000. 3.48988E-7    148 400000000. 0.0           158 800000000. 0.0       
   129 40000000.0 3.18888E-5    139 120000000. 3.04152E-8    149 440000000. 0.0           159 840000000. 0.0       
   130 45000000.0 2.11553E-5    140 140000000. 3.76937E-9    150 480000000. 0.0           160 880000000. 0.0       
   131 50000000.0 1.28055E-5    141 160000000. 0.0           151 520000000. 0.0           161 920000000. 0.0       
   132 54000000.0 8.26765E-6    142 180000000. 0.0           152 560000000. 0.0           162 960000000. 0.0       
   133 55000000.0 6.41992E-6    143 200000000. 0.0           153 600000000. 0.0           163 1.00000E+9
   134 60000000.0 4.97505E-6    144 240000000. 0.0           154 640000000. 0.0       
 
                                                     MT=111
 MAT  625                         0.0        Kelvin Unshielded Cross Sections                           6-C -12 

   No.  Group-eV   Average      No.  Group-eV   Average      No.  Group-eV   Average      No.  Group-eV   Average

   125 26000000.0 1.09746E-7    135 70000000.0 4.31202E-6    145 280000000. 0.0           155 680000000. 0.0       
   126 28000000.0 1.95115E-5    136 80000000.0 4.10003E-6    146 320000000. 0.0           156 720000000. 0.0       
   127 30000000.0 3.60575E-5    137 90000000.0 4.02370E-6    147 360000000. 0.0           157 760000000. 0.0       
   128 35000000.0 2.06892E-5    138 100000000. 3.28865E-6    148 400000000. 0.0           158 800000000. 0.0       
   129 40000000.0 1.33962E-5    139 120000000. 3.10904E-6    149 440000000. 0.0           159 840000000. 0.0       
   130 45000000.0 9.83508E-6    140 140000000. 2.22169E-6    150 480000000. 0.0           160 880000000. 0.0       
   131 50000000.0 7.40336E-6    141 160000000. 0.0           151 520000000. 0.0           161 920000000. 0.0       
   132 54000000.0 6.12625E-6    142 180000000. 0.0           152 560000000. 0.0           162 960000000. 0.0       
   133 55000000.0 5.46480E-6    143 200000000. 0.0           153 600000000. 0.0           163 1.00000E+9
   134 60000000.0 4.38358E-6    144 240000000. 0.0           154 640000000. 0.0       
 
                                                     MT=112
 MAT  625                         0.0        Kelvin Unshielded Cross Sections                           6-C -12 

   No.  Group-eV   Average      No.  Group-eV   Average      No.  Group-eV   Average      No.  Group-eV   Average

   124 24000000.0 4.31719E-5    134 60000000.0 1.17134E-4    144 240000000. 0.0           154 640000000. 0.0       
   125 26000000.0 7.14320E-4    135 70000000.0 1.15701E-4    145 280000000. 0.0           155 680000000. 0.0       
   126 28000000.0 9.15693E-4    136 80000000.0 1.10731E-4    146 320000000. 0.0           156 720000000. 0.0       
   127 30000000.0 9.08728E-4    137 90000000.0 1.09523E-4    147 360000000. 0.0           157 760000000. 0.0       
   128 35000000.0 5.42706E-4    138 100000000. 9.09395E-5    148 400000000. 0.0           158 800000000. 0.0       
   129 40000000.0 3.65297E-4    139 120000000. 8.12258E-5    149 440000000. 0.0           159 840000000. 0.0       
   130 45000000.0 2.65870E-4    140 140000000. 2.73775E-5    150 480000000. 0.0           160 880000000. 0.0       
   131 50000000.0 1.98195E-4    141 160000000. 0.0           151 520000000. 0.0           161 920000000. 0.0       
   132 54000000.0 1.63286E-4    142 180000000. 0.0           152 560000000. 0.0           162 960000000. 0.0       
   133 55000000.0 1.45529E-4    143 200000000. 0.0           153 600000000. 0.0           163 1.00000E+9
 
                                                     MT=114
 MAT  625                         0.0        Kelvin Unshielded Cross Sections                           6-C -12 

   No.  Group-eV   Average      No.  Group-eV   Average      No.  Group-eV   Average      No.  Group-eV   Average

   127 30000000.0 8.46183E-5    137 90000000.0 1.33706E-4    147 360000000. 0.0           157 760000000. 0.0       
   128 35000000.0 4.38984E-4    138 100000000. 1.20517E-4    148 400000000. 0.0           158 800000000. 0.0       
   129 40000000.0 3.88798E-4    139 120000000. 1.19028E-4    149 440000000. 0.0           159 840000000. 0.0       
   130 45000000.0 2.98380E-4    140 140000000. 5.21291E-5    150 480000000. 0.0           160 880000000. 0.0       
   131 50000000.0 2.26775E-4    141 160000000. 0.0           151 520000000. 0.0           161 920000000. 0.0       
   132 54000000.0 1.88120E-4    142 180000000. 0.0           152 560000000. 0.0           162 960000000. 0.0       
   133 55000000.0 1.68515E-4    143 200000000. 0.0           153 600000000. 0.0           163 1.00000E+9
   134 60000000.0 1.35515E-4    144 240000000. 0.0           154 640000000. 0.0       
   135 70000000.0 1.30900E-4    145 280000000. 0.0           155 680000000. 0.0       
   136 80000000.0 1.29113E-4    146 320000000. 0.0           156 720000000. 0.0       
 
                                                     MT=115
 MAT  625                         0.0        Kelvin Unshielded Cross Sections                           6-C -12 

   No.  Group-eV   Average      No.  Group-eV   Average      No.  Group-eV   Average      No.  Group-eV   Average

   127 30000000.0 1.76743E-5    137 90000000.0 3.29243E-5    147 360000000. 0.0           157 760000000. 0.0       
   128 35000000.0 1.10314E-4    138 100000000. 2.96759E-5    148 400000000. 0.0           158 800000000. 0.0       
   129 40000000.0 9.79478E-5    139 120000000. 2.93105E-5    149 440000000. 0.0           159 840000000. 0.0       
   130 45000000.0 7.42013E-5    140 140000000. 1.28360E-5    150 480000000. 0.0           160 880000000. 0.0       
   131 50000000.0 5.60882E-5    141 160000000. 0.0           151 520000000. 0.0           161 920000000. 0.0       
   132 54000000.0 4.64425E-5    142 180000000. 0.0           152 560000000. 0.0           162 960000000. 0.0       
   133 55000000.0 4.15734E-5    143 200000000. 0.0           153 600000000. 0.0           163 1.00000E+9
   134 60000000.0 3.34603E-5    144 240000000. 0.0           154 640000000. 0.0       
   135 70000000.0 3.22663E-5    145 280000000. 0.0           155 680000000. 0.0       
   136 80000000.0 3.17927E-5    146 320000000. 0.0           156 720000000. 0.0       
 
                                                     MT=116
 MAT  625                         0.0        Kelvin Unshielded Cross Sections                           6-C -12 

   No.  Group-eV   Average      No.  Group-eV   Average      No.  Group-eV   Average      No.  Group-eV   Average

   125 26000000.0 6.84025E-7    135 70000000.0 2.72561E-4    145 280000000. 0.0           155 680000000. 0.0       
   126 28000000.0 8.73842E-5    136 80000000.0 2.72123E-4    146 320000000. 0.0           156 720000000. 0.0       
   127 30000000.0 2.85977E-4    137 90000000.0 2.81131E-4    147 360000000. 0.0           157 760000000. 0.0       
   128 35000000.0 3.48039E-4    138 100000000. 2.52354E-4    148 400000000. 0.0           158 800000000. 0.0       
   129 40000000.0 3.78940E-4    139 120000000. 2.48148E-4    149 440000000. 0.0           159 840000000. 0.0       
   130 45000000.0 4.46899E-4    140 140000000. 1.07871E-4    150 480000000. 0.0           160 880000000. 0.0       
   131 50000000.0 4.04045E-4    141 160000000. 0.0           151 520000000. 0.0           161 920000000. 0.0       
   132 54000000.0 3.49665E-4    142 180000000. 0.0           152 560000000. 0.0           162 960000000. 0.0       
   133 55000000.0 3.19096E-4    143 200000000. 0.0           153 600000000. 0.0           163 1.00000E+9
   134 60000000.0 2.64999E-4    144 240000000. 0.0           154 640000000. 0.0       
 
                                                     MT=117
 MAT  625                         0.0        Kelvin Unshielded Cross Sections                           6-C -12 

   No.  Group-eV   Average      No.  Group-eV   Average      No.  Group-eV   Average      No.  Group-eV   Average

   127 30000000.0 2.58774E-4    137 90000000.0 1.08624E-4    147 360000000. 0.0           157 760000000. 0.0       
   128 35000000.0 4.12002E-4    138 100000000. 9.79051E-5    148 400000000. 0.0           158 800000000. 0.0       
   129 40000000.0 3.19413E-4    139 120000000. 9.67030E-5    149 440000000. 0.0           159 840000000. 0.0       
   130 45000000.0 2.41335E-4    140 140000000. 4.23467E-5    150 480000000. 0.0           160 880000000. 0.0       
   131 50000000.0 1.83651E-4    141 160000000. 0.0           151 520000000. 0.0           161 920000000. 0.0       
   132 54000000.0 1.52625E-4    142 180000000. 0.0           152 560000000. 0.0           162 960000000. 0.0       
   133 55000000.0 1.36635E-4    143 200000000. 0.0           153 600000000. 0.0           163 1.00000E+9
   134 60000000.0 1.08616E-4    144 240000000. 0.0           154 640000000. 0.0       
   135 70000000.0 1.05651E-4    145 280000000. 0.0           155 680000000. 0.0       
   136 80000000.0 1.04889E-4    146 320000000. 0.0           156 720000000. 0.0       
 
                                                     MT=600
 MAT  625                         0.0        Kelvin Unshielded Cross Sections                           6-C -12 

   No.  Group-eV   Average      No.  Group-eV   Average      No.  Group-eV   Average      No.  Group-eV   Average

   118 16000000.0 1.97571E-4    130 45000000.0 2.18140E-5    142 180000000. 0.0           154 640000000. 0.0       
   119 17000000.0 .001226249    131 50000000.0 1.60611E-5    143 200000000. 0.0           155 680000000. 0.0       
   120 18000000.0 .001308537    132 54000000.0 1.31170E-5    144 240000000. 0.0           156 720000000. 0.0       
   121 19000000.0 .001357864    133 55000000.0 1.15731E-5    145 280000000. 0.0           157 760000000. 0.0       
   122 20000000.0 .003716424    134 60000000.0 9.17135E-6    146 320000000. 0.0           158 800000000. 0.0       
   123 22000000.0 .005567640    135 70000000.0 8.90219E-6    147 360000000. 0.0           159 840000000. 0.0       
   124 24000000.0 .002254700    136 80000000.0 8.40590E-6    148 400000000. 0.0           160 880000000. 0.0       
   125 26000000.0 9.35419E-4    137 90000000.0 8.22084E-6    149 440000000. 0.0           161 920000000. 0.0       
   126 28000000.0 3.87012E-4    138 100000000. 6.71223E-6    150 480000000. 0.0           162 960000000. 0.0       
   127 30000000.0 1.56986E-4    139 120000000. 5.62074E-6    151 520000000. 0.0           163 1.00000E+9
   128 35000000.0 5.50600E-5    140 140000000. 1.92754E-6    152 560000000. 0.0       
   129 40000000.0 3.14123E-5    141 160000000. 0.0           153 600000000. 0.0       
 
                                                     MT=601
 MAT  625                         0.0        Kelvin Unshielded Cross Sections                           6-C -12 

   No.  Group-eV   Average      No.  Group-eV   Average      No.  Group-eV   Average      No.  Group-eV   Average

   120 18000000.0 6.58647E-5    131 50000000.0 9.89325E-6    142 180000000. 0.0           153 600000000. 0.0       
   121 19000000.0 2.91740E-4    132 54000000.0 8.08199E-6    143 200000000. 0.0           154 640000000. 0.0       
   122 20000000.0 .001235751    133 55000000.0 7.14903E-6    144 240000000. 0.0           155 680000000. 0.0       
   123 22000000.0 .002862062    134 60000000.0 5.68043E-6    145 280000000. 0.0           156 720000000. 0.0       
   124 24000000.0 .001410086    135 70000000.0 5.52454E-6    146 320000000. 0.0           157 760000000. 0.0       
   125 26000000.0 5.73980E-4    136 80000000.0 5.22128E-6    147 360000000. 0.0           158 800000000. 0.0       
   126 28000000.0 2.39928E-4    137 90000000.0 5.10723E-6    148 400000000. 0.0           159 840000000. 0.0       
   127 30000000.0 9.54043E-5    138 100000000. 4.16844E-6    149 440000000. 0.0           160 880000000. 0.0       
   128 35000000.0 3.35774E-5    139 120000000. 3.59656E-6    150 480000000. 0.0           161 920000000. 0.0       
   129 40000000.0 1.92896E-5    140 140000000. 1.26284E-6    151 520000000. 0.0           162 960000000. 0.0       
   130 45000000.0 1.34275E-5    141 160000000. 0.0           152 560000000. 0.0           163 1.00000E+9
 
                                                     MT=602
 MAT  625                         0.0        Kelvin Unshielded Cross Sections                           6-C -12 

   No.  Group-eV   Average      No.  Group-eV   Average      No.  Group-eV   Average      No.  Group-eV   Average

   122 20000000.0 2.16589E-4    133 55000000.0 1.33692E-5    144 240000000. 0.0           155 680000000. 0.0       
   123 22000000.0 .001196054    134 60000000.0 1.06265E-5    145 280000000. 0.0           156 720000000. 0.0       
   124 24000000.0 .001112287    135 70000000.0 1.03630E-5    146 320000000. 0.0           157 760000000. 0.0       
   125 26000000.0 6.59383E-4    136 80000000.0 9.80707E-6    147 360000000. 0.0           158 800000000. 0.0       
   126 28000000.0 3.25321E-4    137 90000000.0 9.60015E-6    148 400000000. 0.0           159 840000000. 0.0       
   127 30000000.0 1.60094E-4    138 100000000. 7.83913E-6    149 440000000. 0.0           160 880000000. 0.0       
   128 35000000.0 6.21432E-5    139 120000000. 6.75177E-6    150 480000000. 0.0           161 920000000. 0.0       
   129 40000000.0 3.58201E-5    140 140000000. 2.18042E-6    151 520000000. 0.0           162 960000000. 0.0       
   130 45000000.0 2.50142E-5    141 160000000. 0.0           152 560000000. 0.0           163 1.00000E+9
   131 50000000.0 1.83691E-5    142 180000000. 0.0           153 600000000. 0.0       
   132 54000000.0 1.50888E-5    143 200000000. 0.0           154 640000000. 0.0       
 
                                                     MT=603
 MAT  625                         0.0        Kelvin Unshielded Cross Sections                           6-C -12 

   No.  Group-eV   Average      No.  Group-eV   Average      No.  Group-eV   Average      No.  Group-eV   Average

   122 20000000.0 1.02582E-4    133 55000000.0 1.17980E-5    144 240000000. 0.0           155 680000000. 0.0       
   123 22000000.0 .001210207    134 60000000.0 9.38183E-6    145 280000000. 0.0           156 720000000. 0.0       
   124 24000000.0 .001115684    135 70000000.0 9.15415E-6    146 320000000. 0.0           157 760000000. 0.0       
   125 26000000.0 7.05643E-4    136 80000000.0 8.66438E-6    147 360000000. 0.0           158 800000000. 0.0       
   126 28000000.0 3.33023E-4    137 90000000.0 8.48176E-6    148 400000000. 0.0           159 840000000. 0.0       
   127 30000000.0 1.47825E-4    138 100000000. 6.92584E-6    149 440000000. 0.0           160 880000000. 0.0       
   128 35000000.0 5.48878E-5    139 120000000. 6.00051E-6    150 480000000. 0.0           161 920000000. 0.0       
   129 40000000.0 3.15797E-5    140 140000000. 2.03358E-6    151 520000000. 0.0           162 960000000. 0.0       
   130 45000000.0 2.20440E-5    141 160000000. 0.0           152 560000000. 0.0           163 1.00000E+9
   131 50000000.0 1.62384E-5    142 180000000. 0.0           153 600000000. 0.0       
   132 54000000.0 1.33291E-5    143 200000000. 0.0           154 640000000. 0.0       
 
                                                     MT=604
 MAT  625                         0.0        Kelvin Unshielded Cross Sections                           6-C -12 

   No.  Group-eV   Average      No.  Group-eV   Average      No.  Group-eV   Average      No.  Group-eV   Average

   123 22000000.0 2.27291E-6    134 60000000.0 1.07369E-5    145 280000000. 0.0           156 720000000. 0.0       
   124 24000000.0 6.55791E-5    135 70000000.0 1.05099E-5    146 320000000. 0.0           157 760000000. 0.0       
   125 26000000.0 1.64068E-4    136 80000000.0 9.96366E-6    147 360000000. 0.0           158 800000000. 0.0       
   126 28000000.0 1.35950E-4    137 90000000.0 9.76304E-6    148 400000000. 0.0           159 840000000. 0.0       
   127 30000000.0 9.59017E-5    138 100000000. 7.97747E-6    149 440000000. 0.0           160 880000000. 0.0       
   128 35000000.0 5.32209E-5    139 120000000. 6.92229E-6    150 480000000. 0.0           161 920000000. 0.0       
   129 40000000.0 3.42481E-5    140 140000000. 2.26190E-6    151 520000000. 0.0           162 960000000. 0.0       
   130 45000000.0 2.48792E-5    141 160000000. 0.0           152 560000000. 0.0           163 1.00000E+9
   131 50000000.0 1.85582E-5    142 180000000. 0.0           153 600000000. 0.0       
   132 54000000.0 1.52561E-5    143 200000000. 0.0           154 640000000. 0.0       
   133 55000000.0 1.34755E-5    144 240000000. 0.0           155 680000000. 0.0       
 
                                                     MT=605
 MAT  625                         0.0        Kelvin Unshielded Cross Sections                           6-C -12 

   No.  Group-eV   Average      No.  Group-eV   Average      No.  Group-eV   Average      No.  Group-eV   Average

   123 22000000.0 4.28232E-5    134 60000000.0 5.79519E-6    145 280000000. 0.0           156 720000000. 0.0       
   124 24000000.0 3.92251E-4    135 70000000.0 5.66640E-6    146 320000000. 0.0           157 760000000. 0.0       
   125 26000000.0 3.60797E-4    136 80000000.0 5.36894E-6    147 360000000. 0.0           158 800000000. 0.0       
   126 28000000.0 1.94584E-4    137 90000000.0 5.25835E-6    148 400000000. 0.0           159 840000000. 0.0       
   127 30000000.0 9.07778E-5    138 100000000. 4.29431E-6    149 440000000. 0.0           160 880000000. 0.0       
   128 35000000.0 3.34807E-5    139 120000000. 3.64605E-6    150 480000000. 0.0           161 920000000. 0.0       
   129 40000000.0 1.93612E-5    140 140000000. 8.27865E-7    151 520000000. 0.0           162 960000000. 0.0       
   130 45000000.0 1.35331E-5    141 160000000. 0.0           152 560000000. 0.0           163 1.00000E+9
   131 50000000.0 1.00307E-5    142 180000000. 0.0           153 600000000. 0.0       
   132 54000000.0 8.21998E-6    143 200000000. 0.0           154 640000000. 0.0       
   133 55000000.0 7.26998E-6    144 240000000. 0.0           155 680000000. 0.0       
 
                                                     MT=606
 MAT  625                         0.0        Kelvin Unshielded Cross Sections                           6-C -12 

   No.  Group-eV   Average      No.  Group-eV   Average      No.  Group-eV   Average      No.  Group-eV   Average

   123 22000000.0 6.39281E-6    134 60000000.0 1.07480E-5    145 280000000. 0.0           156 720000000. 0.0       
   124 24000000.0 2.16090E-4    135 70000000.0 1.05196E-5    146 320000000. 0.0           157 760000000. 0.0       
   125 26000000.0 2.96392E-4    136 80000000.0 9.97344E-6    147 360000000. 0.0           158 800000000. 0.0       
   126 28000000.0 2.04658E-4    137 90000000.0 9.77254E-6    148 400000000. 0.0           159 840000000. 0.0       
   127 30000000.0 1.33676E-4    138 100000000. 7.98378E-6    149 440000000. 0.0           160 880000000. 0.0       
   128 35000000.0 5.83650E-5    139 120000000. 6.84996E-6    150 480000000. 0.0           161 920000000. 0.0       
   129 40000000.0 3.54920E-5    140 140000000. 1.80635E-6    151 520000000. 0.0           162 960000000. 0.0       
   130 45000000.0 2.50394E-5    141 160000000. 0.0           152 560000000. 0.0           163 1.00000E+9
   131 50000000.0 1.86295E-5    142 180000000. 0.0           153 600000000. 0.0       
   132 54000000.0 1.52371E-5    143 200000000. 0.0           154 640000000. 0.0       
   133 55000000.0 1.34632E-5    144 240000000. 0.0           155 680000000. 0.0       
 
                                                     MT=607
 MAT  625                         0.0        Kelvin Unshielded Cross Sections                           6-C -12 

   No.  Group-eV   Average      No.  Group-eV   Average      No.  Group-eV   Average      No.  Group-eV   Average

   124 24000000.0 1.22251E-4    134 60000000.0 9.49427E-6    144 240000000. 0.0           154 640000000. 0.0       
   125 26000000.0 3.29143E-4    135 70000000.0 9.29492E-6    145 280000000. 0.0           155 680000000. 0.0       
   126 28000000.0 2.35374E-4    136 80000000.0 8.81430E-6    146 320000000. 0.0           156 720000000. 0.0       
   127 30000000.0 1.34430E-4    137 90000000.0 8.63731E-6    147 360000000. 0.0           157 760000000. 0.0       
   128 35000000.0 5.45130E-5    138 100000000. 7.05542E-6    148 400000000. 0.0           158 800000000. 0.0       
   129 40000000.0 3.16253E-5    139 120000000. 6.04704E-6    149 440000000. 0.0           159 840000000. 0.0       
   130 45000000.0 2.21149E-5    140 140000000. 1.44413E-6    150 480000000. 0.0           160 880000000. 0.0       
   131 50000000.0 1.63826E-5    141 160000000. 0.0           151 520000000. 0.0           161 920000000. 0.0       
   132 54000000.0 1.34097E-5    142 180000000. 0.0           152 560000000. 0.0           162 960000000. 0.0       
   133 55000000.0 1.18719E-5    143 200000000. 0.0           153 600000000. 0.0           163 1.00000E+9
 
                                                     MT=608
 MAT  625                         0.0        Kelvin Unshielded Cross Sections                           6-C -12 

   No.  Group-eV   Average      No.  Group-eV   Average      No.  Group-eV   Average      No.  Group-eV   Average

   124 24000000.0 6.43897E-5    134 60000000.0 9.52169E-6    144 240000000. 0.0           154 640000000. 0.0       
   125 26000000.0 2.10853E-4    135 70000000.0 9.32413E-6    145 280000000. 0.0           155 680000000. 0.0       
   126 28000000.0 2.04900E-4    136 80000000.0 8.84537E-6    146 320000000. 0.0           156 720000000. 0.0       
   127 30000000.0 1.27355E-4    137 90000000.0 8.66962E-6    147 360000000. 0.0           157 760000000. 0.0       
   128 35000000.0 5.34349E-5    138 100000000. 7.08260E-6    148 400000000. 0.0           158 800000000. 0.0       
   129 40000000.0 3.15645E-5    139 120000000. 6.18899E-6    149 440000000. 0.0           159 840000000. 0.0       
   130 45000000.0 2.21241E-5    140 140000000. 2.11336E-6    150 480000000. 0.0           160 880000000. 0.0       
   131 50000000.0 1.63645E-5    141 160000000. 0.0           151 520000000. 0.0           161 920000000. 0.0       
   132 54000000.0 1.34042E-5    142 180000000. 0.0           152 560000000. 0.0           162 960000000. 0.0       
   133 55000000.0 1.18857E-5    143 200000000. 0.0           153 600000000. 0.0           163 1.00000E+9
 
                                                     MT=650
 MAT  625                         0.0        Kelvin Unshielded Cross Sections                           6-C -12 

   No.  Group-eV   Average      No.  Group-eV   Average      No.  Group-eV   Average      No.  Group-eV   Average

   124 24000000.0 3.10945E-6    134 60000000.0 1.53634E-5    144 240000000. 0.0           154 640000000. 0.0       
   125 26000000.0 1.89922E-4    135 70000000.0 1.53638E-5    145 280000000. 0.0           155 680000000. 0.0       
   126 28000000.0 2.33052E-4    136 80000000.0 1.53610E-5    146 320000000. 0.0           156 720000000. 0.0       
   127 30000000.0 1.63787E-4    137 90000000.0 1.59080E-5    147 360000000. 0.0           157 760000000. 0.0       
   128 35000000.0 8.16850E-5    138 100000000. 1.43384E-5    148 400000000. 0.0           158 800000000. 0.0       
   129 40000000.0 5.04746E-5    139 120000000. 1.41617E-5    149 440000000. 0.0           159 840000000. 0.0       
   130 45000000.0 3.64229E-5    140 140000000. 6.20109E-6    150 480000000. 0.0           160 880000000. 0.0       
   131 50000000.0 2.72662E-5    141 160000000. 0.0           151 520000000. 0.0           161 920000000. 0.0       
   132 54000000.0 2.24274E-5    142 180000000. 0.0           152 560000000. 0.0           162 960000000. 0.0       
   133 55000000.0 1.96778E-5    143 200000000. 0.0           153 600000000. 0.0           163 1.00000E+9
 
                                                     MT=651
 MAT  625                         0.0        Kelvin Unshielded Cross Sections                           6-C -12 

   No.  Group-eV   Average      No.  Group-eV   Average      No.  Group-eV   Average      No.  Group-eV   Average

   125 26000000.0 1.28879E-4    135 70000000.0 1.04973E-5    145 280000000. 0.0           155 680000000. 0.0       
   126 28000000.0 2.31473E-4    136 80000000.0 1.04894E-5    146 320000000. 0.0           156 720000000. 0.0       
   127 30000000.0 1.44077E-4    137 90000000.0 1.08618E-5    147 360000000. 0.0           157 760000000. 0.0       
   128 35000000.0 6.07230E-5    138 100000000. 9.78964E-6    148 400000000. 0.0           158 800000000. 0.0       
   129 40000000.0 3.55220E-5    139 120000000. 9.66889E-6    149 440000000. 0.0           159 840000000. 0.0       
   130 45000000.0 2.50352E-5    140 140000000. 4.23476E-6    150 480000000. 0.0           160 880000000. 0.0       
   131 50000000.0 1.86424E-5    141 160000000. 0.0           151 520000000. 0.0           161 920000000. 0.0       
   132 54000000.0 1.53752E-5    142 180000000. 0.0           152 560000000. 0.0           162 960000000. 0.0       
   133 55000000.0 1.35597E-5    143 200000000. 0.0           153 600000000. 0.0           163 1.00000E+9
   134 60000000.0 1.05775E-5    144 240000000. 0.0           154 640000000. 0.0       
 
                                                     MT=652
 MAT  625                         0.0        Kelvin Unshielded Cross Sections                           6-C -12 

   No.  Group-eV   Average      No.  Group-eV   Average      No.  Group-eV   Average      No.  Group-eV   Average

   125 26000000.0 3.96012E-6    135 70000000.0 4.66424E-6    145 280000000. 0.0           155 680000000. 0.0       
   126 28000000.0 7.88267E-5    136 80000000.0 4.65710E-6    146 320000000. 0.0           156 720000000. 0.0       
   127 30000000.0 5.97894E-5    137 90000000.0 4.82280E-6    147 360000000. 0.0           157 760000000. 0.0       
   128 35000000.0 2.67525E-5    138 100000000. 4.34712E-6    148 400000000. 0.0           158 800000000. 0.0       
   129 40000000.0 1.57857E-5    139 120000000. 4.29358E-6    149 440000000. 0.0           159 840000000. 0.0       
   130 45000000.0 1.11196E-5    140 140000000. 1.88079E-6    150 480000000. 0.0           160 880000000. 0.0       
   131 50000000.0 8.27738E-6    141 160000000. 0.0           151 520000000. 0.0           161 920000000. 0.0       
   132 54000000.0 6.82707E-6    142 180000000. 0.0           152 560000000. 0.0           162 960000000. 0.0       
   133 55000000.0 6.04955E-6    143 200000000. 0.0           153 600000000. 0.0           163 1.00000E+9
   134 60000000.0 4.73202E-6    144 240000000. 0.0           154 640000000. 0.0       
 
                                                     MT=653
 MAT  625                         0.0        Kelvin Unshielded Cross Sections                           6-C -12 

   No.  Group-eV   Average      No.  Group-eV   Average      No.  Group-eV   Average      No.  Group-eV   Average

   125 26000000.0 5.37203E-7    135 70000000.0 1.05081E-5    145 280000000. 0.0           155 680000000. 0.0       
   126 28000000.0 1.16590E-4    136 80000000.0 1.04894E-5    146 320000000. 0.0           156 720000000. 0.0       
   127 30000000.0 1.22034E-4    137 90000000.0 1.08618E-5    147 360000000. 0.0           157 760000000. 0.0       
   128 35000000.0 5.95348E-5    138 100000000. 9.78964E-6    148 400000000. 0.0           158 800000000. 0.0       
   129 40000000.0 3.54424E-5    139 120000000. 9.66889E-6    149 440000000. 0.0           159 840000000. 0.0       
   130 45000000.0 2.50201E-5    140 140000000. 4.23476E-6    150 480000000. 0.0           160 880000000. 0.0       
   131 50000000.0 1.86428E-5    141 160000000. 0.0           151 520000000. 0.0           161 920000000. 0.0       
   132 54000000.0 1.53761E-5    142 180000000. 0.0           152 560000000. 0.0           162 960000000. 0.0       
   133 55000000.0 1.36439E-5    143 200000000. 0.0           153 600000000. 0.0           163 1.00000E+9
   134 60000000.0 1.06860E-5    144 240000000. 0.0           154 640000000. 0.0       
 
                                                     MT=654
 MAT  625                         0.0        Kelvin Unshielded Cross Sections                           6-C -12 

   No.  Group-eV   Average      No.  Group-eV   Average      No.  Group-eV   Average      No.  Group-eV   Average

   126 28000000.0 9.25510E-6    136 80000000.0 1.52981E-5    146 320000000. 0.0           156 720000000. 0.0       
   127 30000000.0 1.06391E-4    137 90000000.0 1.58427E-5    147 360000000. 0.0           157 760000000. 0.0       
   128 35000000.0 7.73668E-5    138 100000000. 1.42799E-5    148 400000000. 0.0           158 800000000. 0.0       
   129 40000000.0 5.03638E-5    139 120000000. 1.41039E-5    149 440000000. 0.0           159 840000000. 0.0       
   130 45000000.0 3.62039E-5    140 140000000. 6.17669E-6    150 480000000. 0.0           160 880000000. 0.0       
   131 50000000.0 2.71348E-5    141 160000000. 0.0           151 520000000. 0.0           161 920000000. 0.0       
   132 54000000.0 2.24157E-5    142 180000000. 0.0           152 560000000. 0.0           162 960000000. 0.0       
   133 55000000.0 1.99431E-5    143 200000000. 0.0           153 600000000. 0.0           163 1.00000E+9
   134 60000000.0 1.56932E-5    144 240000000. 0.0           154 640000000. 0.0       
   135 70000000.0 1.53441E-5    145 280000000. 0.0           155 680000000. 0.0       
 
                                                     MT=750
 MAT  625                         0.0        Kelvin Unshielded Cross Sections                           6-C -12 

   No.  Group-eV   Average      No.  Group-eV   Average      No.  Group-eV   Average      No.  Group-eV   Average

   125 26000000.0 1.09759E-5    135 70000000.0 1.01893E-5    145 280000000. 0.0           155 680000000. 0.0       
   126 28000000.0 1.12430E-4    136 80000000.0 1.01943E-5    146 320000000. 0.0           156 720000000. 0.0       
   127 30000000.0 1.14869E-4    137 90000000.0 1.05571E-5    147 360000000. 0.0           157 760000000. 0.0       
   128 35000000.0 5.25135E-5    138 100000000. 9.51546E-6    148 400000000. 0.0           158 800000000. 0.0       
   129 40000000.0 3.13338E-5    139 120000000. 9.39773E-6    149 440000000. 0.0           159 840000000. 0.0       
   130 45000000.0 2.21266E-5    140 140000000. 4.11587E-6    150 480000000. 0.0           160 880000000. 0.0       
   131 50000000.0 1.64640E-5    141 160000000. 0.0           151 520000000. 0.0           161 920000000. 0.0       
   132 54000000.0 1.35734E-5    142 180000000. 0.0           152 560000000. 0.0           162 960000000. 0.0       
   133 55000000.0 1.21219E-5    143 200000000. 0.0           153 600000000. 0.0           163 1.00000E+9
   134 60000000.0 9.91952E-6    144 240000000. 0.0           154 640000000. 0.0       
 
