                                                     MT=  5
 MAT  225                         0.0        Kelvin Unshielded Cross Sections                           2-He-3  

   No.  Group-eV   Average      No.  Group-eV   Average      No.  Group-eV   Average      No.  Group-eV   Average

    89 5400000.00 2.28257E-5    108 9200000.00 .001022572    127 30000000.0 7.77018E-4    146 320000000. 0.0       
    90 5600000.00 1.67716E-4    109 9400000.00 .001094406    128 35000000.0 5.98107E-4    147 360000000. 0.0       
    91 5800000.00 3.30631E-4    110 9600000.00 .001196596    129 40000000.0 4.80007E-4    148 400000000. 0.0       
    92 6000000.00 4.43812E-4    111 9800000.00 .001303879    130 45000000.0 3.96950E-4    149 440000000. 0.0       
    93 6200000.00 5.06706E-4    112 10000000.0 .001519719    131 50000000.0 3.43428E-4    150 480000000. 0.0       
    94 6400000.00 5.67284E-4    113 11000000.0 .001771142    132 54000000.0 3.20209E-4    151 520000000. 0.0       
    95 6600000.00 6.13826E-4    114 12000000.0 .001926919    133 55000000.0 2.92931E-4    152 560000000. 0.0       
    96 6800000.00 6.58005E-4    115 13000000.0 .001987982    134 60000000.0 2.42207E-4    153 600000000. 0.0       
    97 7000000.00 6.96519E-4    116 14000000.0 .001977513    135 70000000.0 1.95418E-4    154 640000000. 0.0       
    98 7200000.00 7.29313E-4    117 15000000.0 .001952959    136 80000000.0 1.64145E-4    155 680000000. 0.0       
    99 7400000.00 7.61240E-4    118 16000000.0 .001911768    137 90000000.0 1.41866E-4    156 720000000. 0.0       
   100 7600000.00 7.87916E-4    119 17000000.0 .001859297    138 100000000. 1.18462E-4    157 760000000. 0.0       
   101 7800000.00 8.13710E-4    120 18000000.0 .001806244    139 120000000. 9.54935E-5    158 800000000. 0.0       
   102 8000000.00 8.36949E-4    121 19000000.0 .001733492    140 140000000. 0.0           159 840000000. 0.0       
   103 8200000.00 8.57615E-4    122 20000000.0 .001585985    141 160000000. 0.0           160 880000000. 0.0       
   104 8400000.00 8.77907E-4    123 22000000.0 .001390192    142 180000000. 0.0           161 920000000. 0.0       
   105 8600000.00 8.95950E-4    124 24000000.0 .001218748    143 200000000. 0.0           162 960000000. 0.0       
   106 8800000.00 9.13615E-4    125 26000000.0 .001071446    144 240000000. 0.0           163 1.00000E+9
   107 9000000.00 9.55762E-4    126 28000000.0 9.42938E-4    145 280000000. 0.0       
 
                                                     MT=  5
 MAT  225                         0.0        Kelvin Unshielded Cross Sections                           2-He-3  

   No.  Group-eV   Average      No.  Group-eV   Average      No.  Group-eV   Average      No.  Group-eV   Average

   107 9000000.00 2.63279E-5    122 20000000.0 9.63827E-4    137 90000000.0 7.41234E-5    152 560000000. 0.0       
   108 9200000.00 7.91795E-5    123 22000000.0 8.48222E-4    138 100000000. 6.15219E-5    153 600000000. 0.0       
   109 9400000.00 1.37670E-4    124 24000000.0 7.44509E-4    139 120000000. 4.93518E-5    154 640000000. 0.0       
   110 9600000.00 2.30234E-4    125 26000000.0 6.52186E-4    140 140000000. 0.0           155 680000000. 0.0       
   111 9800000.00 3.28516E-4    126 28000000.0 5.68615E-4    141 160000000. 0.0           156 720000000. 0.0       
   112 10000000.0 5.22881E-4    127 30000000.0 4.59997E-4    142 180000000. 0.0           157 760000000. 0.0       
   113 11000000.0 7.46979E-4    128 35000000.0 3.45195E-4    143 200000000. 0.0           158 800000000. 0.0       
   114 12000000.0 8.86095E-4    129 40000000.0 2.71929E-4    144 240000000. 0.0           159 840000000. 0.0       
   115 13000000.0 9.77275E-4    130 45000000.0 2.21629E-4    145 280000000. 0.0           160 880000000. 0.0       
   116 14000000.0 .001029229    131 50000000.0 1.89795E-4    146 320000000. 0.0           161 920000000. 0.0       
   117 15000000.0 .001061912    132 54000000.0 1.76163E-4    147 360000000. 0.0           162 960000000. 0.0       
   118 16000000.0 .001076194    133 55000000.0 1.60147E-4    148 400000000. 0.0           163 1.00000E+9
   119 17000000.0 .001075766    134 60000000.0 1.30690E-4    149 440000000. 0.0       
   120 18000000.0 .001071676    135 70000000.0 1.03946E-4    150 480000000. 0.0       
   121 19000000.0 .001046195    136 80000000.0 8.63919E-5    151 520000000. 0.0       
 
                                                     MT=  5
 MAT  225                         0.0        Kelvin Unshielded Cross Sections                           2-He-3  

   No.  Group-eV   Average      No.  Group-eV   Average      No.  Group-eV   Average      No.  Group-eV   Average

    89 5400000.00 2.28257E-5    108 9200000.00 .001101771    127 30000000.0 .001237000    146 320000000. 0.0       
    90 5600000.00 1.67716E-4    109 9400000.00 .001232107    128 35000000.0 9.43284E-4    147 360000000. 0.0       
    91 5800000.00 3.30631E-4    110 9600000.00 .001426860    129 40000000.0 7.51922E-4    148 400000000. 0.0       
    92 6000000.00 4.43812E-4    111 9800000.00 .001632424    130 45000000.0 6.18576E-4    149 440000000. 0.0       
    93 6200000.00 5.06706E-4    112 10000000.0 .002042596    131 50000000.0 5.33228E-4    150 480000000. 0.0       
    94 6400000.00 5.67284E-4    113 11000000.0 .002518192    132 54000000.0 4.96374E-4    151 520000000. 0.0       
    95 6600000.00 6.13826E-4    114 12000000.0 .002812985    133 55000000.0 4.53078E-4    152 560000000. 0.0       
    96 6800000.00 6.58005E-4    115 13000000.0 .002965312    134 60000000.0 3.72901E-4    153 600000000. 0.0       
    97 7000000.00 6.96519E-4    116 14000000.0 .003006703    135 70000000.0 2.99367E-4    154 640000000. 0.0       
    98 7200000.00 7.29313E-4    117 15000000.0 .003014879    136 80000000.0 2.50537E-4    155 680000000. 0.0       
    99 7400000.00 7.61240E-4    118 16000000.0 .002988002    137 90000000.0 2.15994E-4    156 720000000. 0.0       
   100 7600000.00 7.87916E-4    119 17000000.0 .002935045    138 100000000. 1.79990E-4    157 760000000. 0.0       
   101 7800000.00 8.13710E-4    120 18000000.0 .002877929    139 120000000. 1.44846E-4    158 800000000. 0.0       
   102 8000000.00 8.36949E-4    121 19000000.0 .002779747    140 140000000. 0.0           159 840000000. 0.0       
   103 8200000.00 8.57615E-4    122 20000000.0 .002549841    141 160000000. 0.0           160 880000000. 0.0       
   104 8400000.00 8.77907E-4    123 22000000.0 .002238386    142 180000000. 0.0           161 920000000. 0.0       
   105 8600000.00 8.95950E-4    124 24000000.0 .001963301    143 200000000. 0.0           162 960000000. 0.0       
   106 8800000.00 9.13615E-4    125 26000000.0 .001723700    144 240000000. 0.0           163 1.00000E+9
   107 9000000.00 9.82096E-4    126 28000000.0 .001511560    145 280000000. 0.0       
 
                                                     MT=  5
 MAT  225                         0.0        Kelvin Unshielded Cross Sections                           2-He-3  

   No.  Group-eV   Average      No.  Group-eV   Average      No.  Group-eV   Average      No.  Group-eV   Average

    89 5400000.00 2.28257E-5    108 9200000.00 9.43399E-4    127 30000000.0 3.17021E-4    146 320000000. 0.0       
    90 5600000.00 1.67716E-4    109 9400000.00 9.56746E-4    128 35000000.0 2.52911E-4    147 360000000. 0.0       
    91 5800000.00 3.30631E-4    110 9600000.00 9.66369E-4    129 40000000.0 2.08077E-4    148 400000000. 0.0       
    92 6000000.00 4.43812E-4    111 9800000.00 9.75366E-4    130 45000000.0 1.75321E-4    149 440000000. 0.0       
    93 6200000.00 5.06706E-4    112 10000000.0 9.96857E-4    131 50000000.0 1.53633E-4    150 480000000. 0.0       
    94 6400000.00 5.67284E-4    113 11000000.0 .001024176    132 54000000.0 1.44046E-4    151 520000000. 0.0       
    95 6600000.00 6.13826E-4    114 12000000.0 .001040824    133 55000000.0 1.32784E-4    152 560000000. 0.0       
    96 6800000.00 6.58005E-4    115 13000000.0 .001010702    134 60000000.0 1.11517E-4    153 600000000. 0.0       
    97 7000000.00 6.96519E-4    116 14000000.0 9.48294E-4    135 70000000.0 9.14712E-5    154 640000000. 0.0       
    98 7200000.00 7.29313E-4    117 15000000.0 8.91057E-4    136 80000000.0 7.77533E-5    155 680000000. 0.0       
    99 7400000.00 7.61240E-4    118 16000000.0 8.35592E-4    137 90000000.0 6.77424E-5    156 720000000. 0.0       
   100 7600000.00 7.87916E-4    119 17000000.0 7.83532E-4    138 100000000. 5.69410E-5    157 760000000. 0.0       
   101 7800000.00 8.13710E-4    120 18000000.0 7.34567E-4    139 120000000. 4.61420E-5    158 800000000. 0.0       
   102 8000000.00 8.36949E-4    121 19000000.0 6.87313E-4    140 140000000. 0.0           159 840000000. 0.0       
   103 8200000.00 8.57615E-4    122 20000000.0 6.22167E-4    141 160000000. 0.0           160 880000000. 0.0       
   104 8400000.00 8.77907E-4    123 22000000.0 5.41983E-4    142 180000000. 0.0           161 920000000. 0.0       
   105 8600000.00 8.95950E-4    124 24000000.0 4.74258E-4    143 200000000. 0.0           162 960000000. 0.0       
   106 8800000.00 9.13615E-4    125 26000000.0 4.19276E-4    144 240000000. 0.0           163 1.00000E+9
   107 9000000.00 9.29436E-4    126 28000000.0 3.74333E-4    145 280000000. 0.0       
 
