 Process ENDF/B Double Differential Data - MF=6 (SIXPAK 2019-1)
 ==============================================================================
 ENDF/B Input Data Filename
 SIXPAK.IN                                                               
 ------------------------------------------------------------------------------
 Requested Ranges
 ------------------------------------------------------------------------------
    Minimum    Maximum   
    MAT  MT    MAT  MT
 ------------------------------------------------------------------------------
      1   1   9999 999
 ==============================================================================
 Terminology
 ------------------------------------------------------------------------------
 LCT  = Reference System (Lab or Center-of-Mass)
 LIP  = Product Modifier, e.g., for Isomeric States
 LAW  = Representation of Data - see, List at End of Output
 LANG = 1     = Legendre     (LAW 1)
      = 2     = Kalbach-Mann (LAW 1)
      = 11-15 = Tabulated    (LAW 1)
      = 0     = Legendre     (LAW 2)
      = 11-15 = Tabulated    (LAW 2)
 LTP  = 1-2   = Legendre     (LAW 5)
      = 11-15 = Tabulated    (LAW 5)
 LEP  = Secondary Energy Interpolation Type(1 to 5)
 ==============================================================================
 Tape Label
 ------------------------------------------------------------------------------
 Retrieved by E4-util: 2019/11/11,14:57:25                            1
 ------------------------------------------------------------------------------
 WARNING: MT=5 is ALLOWED in MF=6, but NOT in MF=4 or 5.
          see ENDF-102 - Strictly for diagnostic purposes
          this code will Translate MF=6 Data - but be
          WARNED - the results should not be used in ANY          APPLICATIONS.
 ------------------------------------------------------------------------------
 ==============================================================================
 Projectile   Target    Emitted    MAT  MT LCT LIP LAW LANG  LEP  ENDF/B
                                                        LTP       Output
 ==============================================================================
  Photon     34-Se-78   Neutron   3437   5 cm    0   1    2    1      
 ------------------------------------------------------------------------------
 Projectile=      0 Emitted=      1 Cannot Define Kalbach-Mann
 Parameters for this Combination - Will use Neutron Parameters
 ------------------------------------------------------------------------------
  Photon     34-Se-78    1-H -1   3437   5 cm    0   1    2    1      
 ------------------------------------------------------------------------------
 Projectile=      0 Emitted=   1001 Cannot Define Kalbach-Mann
 Parameters for this Combination - Will use Neutron Parameters
 ------------------------------------------------------------------------------
  Photon     34-Se-78    1-H -2   3437   5 cm    0   1    2    1      
 ------------------------------------------------------------------------------
 Projectile=      0 Emitted=   1002 Cannot Define Kalbach-Mann
 Parameters for this Combination - Will use Neutron Parameters
 ------------------------------------------------------------------------------
  Photon     34-Se-78    1-H -3   3437   5 cm    0   1    2    1      
 ------------------------------------------------------------------------------
 Projectile=      0 Emitted=   1003 Cannot Define Kalbach-Mann
 Parameters for this Combination - Will use Neutron Parameters
 ------------------------------------------------------------------------------
  Photon     34-Se-78    2-He-3   3437   5 cm    0   1    2    1      
 ------------------------------------------------------------------------------
 Projectile=      0 Emitted=   2003 Cannot Define Kalbach-Mann
 Parameters for this Combination - Will use Neutron Parameters
 ------------------------------------------------------------------------------
  Photon     34-Se-78    2-He-4   3437   5 cm    0   1    2    1      
 ------------------------------------------------------------------------------
 Projectile=      0 Emitted=   2004 Cannot Define Kalbach-Mann
 Parameters for this Combination - Will use Neutron Parameters
 ------------------------------------------------------------------------------
  Photon     34-Se-78   24-Cr-48  3437   5 cm    0   0                
  Photon     34-Se-78   24-Cr-49  3437   5 cm    0   0                
  Photon     34-Se-78   24-Cr-50  3437   5 cm    0   0                
  Photon     34-Se-78   24-Cr-51  3437   5 cm    0   0                
  Photon     34-Se-78   24-Cr-52  3437   5 cm    0   0                
  Photon     34-Se-78   24-Cr-53  3437   5 cm    0   0                
  Photon     34-Se-78   24-Cr-54  3437   5 cm    0   0                
  Photon     34-Se-78   24-Cr-55  3437   5 cm    0   0                
  Photon     34-Se-78   25-Mn-50  3437   5 cm    0   0                
  Photon     34-Se-78   25-Mn-50  3437   5 cm    1   0                
  Photon     34-Se-78   25-Mn-51  3437   5 cm    0   0                
  Photon     34-Se-78   25-Mn-52  3437   5 cm    0   0                
  Photon     34-Se-78   25-Mn-52  3437   5 cm    1   0                
  Photon     34-Se-78   25-Mn-53  3437   5 cm    0   0                
  Photon     34-Se-78   25-Mn-54  3437   5 cm    0   0                
  Photon     34-Se-78   25-Mn-55  3437   5 cm    0   0                
  Photon     34-Se-78   25-Mn-56  3437   5 cm    0   0                
  Photon     34-Se-78   25-Mn-57  3437   5 cm    0   0                
  Photon     34-Se-78   26-Fe-53  3437   5 cm    0   0                
  Photon     34-Se-78   26-Fe-53  3437   5 cm    1   0                
  Photon     34-Se-78   26-Fe-54  3437   5 cm    0   0                
  Photon     34-Se-78   26-Fe-55  3437   5 cm    0   0                
  Photon     34-Se-78   26-Fe-56  3437   5 cm    0   0                
  Photon     34-Se-78   26-Fe-57  3437   5 cm    0   0                
  Photon     34-Se-78   26-Fe-58  3437   5 cm    0   0                
  Photon     34-Se-78   26-Fe-59  3437   5 cm    0   0                
  Photon     34-Se-78   27-Co-54  3437   5 cm    0   0                
  Photon     34-Se-78   27-Co-54  3437   5 cm    1   0                
  Photon     34-Se-78   27-Co-55  3437   5 cm    0   0                
  Photon     34-Se-78   27-Co-56  3437   5 cm    0   0                
  Photon     34-Se-78   27-Co-57  3437   5 cm    0   0                
  Photon     34-Se-78   27-Co-58  3437   5 cm    0   0                
  Photon     34-Se-78   27-Co-58  3437   5 cm    1   0                
  Photon     34-Se-78   27-Co-59  3437   5 cm    0   0                
  Photon     34-Se-78   27-Co-60  3437   5 cm    0   0                
  Photon     34-Se-78   27-Co-60  3437   5 cm    1   0                
  Photon     34-Se-78   27-Co-61  3437   5 cm    0   0                
  Photon     34-Se-78   27-Co-62  3437   5 cm    0   0                
  Photon     34-Se-78   27-Co-62  3437   5 cm    1   0                
  Photon     34-Se-78   28-Ni-57  3437   5 cm    0   0                
  Photon     34-Se-78   28-Ni-58  3437   5 cm    0   0                
  Photon     34-Se-78   28-Ni-59  3437   5 cm    0   0                
  Photon     34-Se-78   28-Ni-60  3437   5 cm    0   0                
  Photon     34-Se-78   28-Ni-61  3437   5 cm    0   0                
  Photon     34-Se-78   28-Ni-62  3437   5 cm    0   0                
  Photon     34-Se-78   28-Ni-63  3437   5 cm    0   0                
  Photon     34-Se-78   28-Ni-64  3437   5 cm    0   0                
  Photon     34-Se-78   28-Ni-65  3437   5 cm    0   0                
  Photon     34-Se-78   29-Cu-59  3437   5 cm    0   0                
  Photon     34-Se-78   29-Cu-60  3437   5 cm    0   0                
  Photon     34-Se-78   29-Cu-61  3437   5 cm    0   0                
  Photon     34-Se-78   29-Cu-62  3437   5 cm    0   0                
  Photon     34-Se-78   29-Cu-63  3437   5 cm    0   0                
  Photon     34-Se-78   29-Cu-64  3437   5 cm    0   0                
  Photon     34-Se-78   29-Cu-65  3437   5 cm    0   0                
  Photon     34-Se-78   29-Cu-66  3437   5 cm    0   0                
  Photon     34-Se-78   29-Cu-67  3437   5 cm    0   0                
  Photon     34-Se-78   30-Zn-61  3437   5 cm    0   0                
  Photon     34-Se-78   30-Zn-62  3437   5 cm    0   0                
  Photon     34-Se-78   30-Zn-63  3437   5 cm    0   0                
  Photon     34-Se-78   30-Zn-64  3437   5 cm    0   0                
  Photon     34-Se-78   30-Zn-65  3437   5 cm    0   0                
  Photon     34-Se-78   30-Zn-66  3437   5 cm    0   0                
  Photon     34-Se-78   30-Zn-67  3437   5 cm    0   0                
  Photon     34-Se-78   30-Zn-68  3437   5 cm    0   0                
  Photon     34-Se-78   30-Zn-69  3437   5 cm    0   0                
  Photon     34-Se-78   30-Zn-69  3437   5 cm    1   0                
  Photon     34-Se-78   30-Zn-70  3437   5 cm    0   0                
  Photon     34-Se-78   31-Ga-63  3437   5 cm    0   0                
  Photon     34-Se-78   31-Ga-64  3437   5 cm    0   0                
  Photon     34-Se-78   31-Ga-65  3437   5 cm    0   0                
  Photon     34-Se-78   31-Ga-66  3437   5 cm    0   0                
  Photon     34-Se-78   31-Ga-67  3437   5 cm    0   0                
  Photon     34-Se-78   31-Ga-68  3437   5 cm    0   0                
  Photon     34-Se-78   31-Ga-69  3437   5 cm    0   0                
  Photon     34-Se-78   31-Ga-70  3437   5 cm    0   0                
  Photon     34-Se-78   31-Ga-71  3437   5 cm    0   0                
  Photon     34-Se-78   31-Ga-72  3437   5 cm    0   0                
  Photon     34-Se-78   31-Ga-73  3437   5 cm    0   0                
  Photon     34-Se-78   32-Ge-66  3437   5 cm    0   0                
  Photon     34-Se-78   32-Ge-67  3437   5 cm    0   0                
  Photon     34-Se-78   32-Ge-68  3437   5 cm    0   0                
  Photon     34-Se-78   32-Ge-69  3437   5 cm    0   0                
  Photon     34-Se-78   32-Ge-70  3437   5 cm    0   0                
  Photon     34-Se-78   32-Ge-71  3437   5 cm    0   0                
  Photon     34-Se-78   32-Ge-72  3437   5 cm    0   0                
  Photon     34-Se-78   32-Ge-73  3437   5 cm    0   0                
  Photon     34-Se-78   32-Ge-74  3437   5 cm    0   0                
  Photon     34-Se-78   32-Ge-75  3437   5 cm    0   0                
  Photon     34-Se-78   32-Ge-75  3437   5 cm    1   0                
  Photon     34-Se-78   32-Ge-76  3437   5 cm    0   0                
  Photon     34-Se-78   33-As-68  3437   5 cm    0   0                
  Photon     34-Se-78   33-As-69  3437   5 cm    0   0                
  Photon     34-Se-78   33-As-70  3437   5 cm    0   0                
  Photon     34-Se-78   33-As-71  3437   5 cm    0   0                
  Photon     34-Se-78   33-As-72  3437   5 cm    0   0                
  Photon     34-Se-78   33-As-73  3437   5 cm    0   0                
  Photon     34-Se-78   33-As-74  3437   5 cm    0   0                
  Photon     34-Se-78   33-As-75  3437   5 cm    0   0                
  Photon     34-Se-78   33-As-76  3437   5 cm    0   0                
  Photon     34-Se-78   33-As-77  3437   5 cm    0   0                
  Photon     34-Se-78   34-Se-71  3437   5 cm    0   0                
  Photon     34-Se-78   34-Se-72  3437   5 cm    0   0                
  Photon     34-Se-78   34-Se-73  3437   5 cm    0   0                
  Photon     34-Se-78   34-Se-73  3437   5 cm    1   0                
  Photon     34-Se-78   34-Se-74  3437   5 cm    0   0                
  Photon     34-Se-78   34-Se-75  3437   5 cm    0   0                
  Photon     34-Se-78   34-Se-76  3437   5 cm    0   0                
  Photon     34-Se-78   34-Se-77  3437   5 cm    0   0                
  Photon     34-Se-78   34-Se-77  3437   5 cm    1   0                
  Photon     34-Se-78   34-Se-78  3437   5 cm    0   0                
  Photon     34-Se-78   Photon    3437   5 cm    0   1    1    1      
 ------------------------------------------------------------------------------
 All Cross Sections Read. Maximum Tabulated Energy =  200000000. eV
 ------------------------------------------------------------------------------
 ==============================================================================
 Laws by Incident Particle
 ------------------------------------------------------------------------------
 Law Number and Definition   Photon    n     p     d     t  He-3  He-4 Other
 ------------------------------------------------------------------------------
 (0) Unknown................   111     0     0     0     0     0     0     0
 (1) Continuum Energy-Angle
      Legendre..............     1     0     0     0     0     0     0     0
      Kalbach-Mann..........     6     0     0     0     0     0     0     0
      Tabulated.............     0     0     0     0     0     0     0     0
 (2) Discrete 2 Body
      Legendre..............     0     0     0     0     0     0     0     0
      Tabulated.............     0     0     0     0     0     0     0     0
 (3) Isotropic Discrete.....     0     0     0     0     0     0     0     0
 (4) Discrete 2 Body Recoil.     0     0     0     0     0     0     0     0
 (5) Charged Particle Elastic
      Legendre..............     0     0     0     0     0     0     0     0
      Tabulated.............     0     0     0     0     0     0     0     0
 (6) n-Body Phase-Space.....     0     0     0     0     0     0     0     0
 (7) Laboratory Angle-Energy     0     0     0     0     0     0     0     0
 Not 0 to 7 (WARNING if Any)     0     0     0     0     0     0     0     0
 ==============================================================================
 Laws by Emitted Particle
 ------------------------------------------------------------------------------
 Law Number and Definition   Photon    n     p     d     t  He-3  He-4 Other
 ------------------------------------------------------------------------------
 (0) Unknown................     0     0     0     0     0     0     0   111
 (1) Continuum Energy-Angle
      Legendre..............     1     0     0     0     0     0     0     0
      Kalbach-Mann..........     0     1     1     1     1     1     1     0
      Tabulated.............     0     0     0     0     0     0     0     0
 (2) Discrete 2 Body
      Legendre..............     0     0     0     0     0     0     0     0
      Tabulated.............     0     0     0     0     0     0     0     0
 (3) Isotropic Discrete.....     0     0     0     0     0     0     0     0
 (4) Discrete 2 Body Recoil.     0     0     0     0     0     0     0     0
 (5) Charged Particle Elastic
      Legendre..............     0     0     0     0     0     0     0     0
      Tabulated.............     0     0     0     0     0     0     0     0
 (6) n-Body Phase-Space.....     0     0     0     0     0     0     0     0
 (7) Laboratory Angle-Energy     0     0     0     0     0     0     0     0
 Not 0 to 7 (WARNING if Any)     0     0     0     0     0     0     0     0
 ------------------------------------------------------------------------------
 Summary of Emitted Particle Yields
 ------------------------------------------------------------------------------
 Energy Independent.........     0     0     0     0     0     0     0     0
 Energy Dependent...........     1     1     1     1     1     1     1   111
 ------------------------------------------------------------------------------
 Summary of Angular Distributions
 ------------------------------------------------------------------------------
 Isotropic..................     1     0     0     0     0     0     0     0
 Nonisotropic...............     0     1     1     1     1     1     1     0
 Mixed......................     0     0     0     0     0     0     0     0
 ------------------------------------------------------------------------------
 Maximum Legendre Order.....     0     0     0     0     0     0     0     0
 Maximum Number of Cosines..     0     0     0     0     0     0     0     0
 ------------------------------------------------------------------------------
 Summary of Energy Distributions
 ------------------------------------------------------------------------------
 Continuous.................     1     1     1     1     1     1     1     0
 Discrete...................     0     0     0     0     0     0     0     0
 Mixed......................     0     0     0     0     0     0     0     0
 ------------------------------------------------------------------------------
 ==============================================================================
 Summary of Incident Neutron with Photon or Neutron Emitted Data
 ------------------------------------------------------------------------------
 Law Number and Definition   Output        Not Output 
 ------------------------------------------------------------------------------
                             Photon    n   Photon    n
 ------------------------------------------------------------------------------
 (0) Unknown................     0     0       0     0
 (1) Continuum Energy-Angle
      Legendre..............     0     0       0     0
      Kalbach-Mann..........     0     0       0     0
      Tabulated.............     0     0       0     0
 (2) Discrete 2 Body
      Legendre..............     0     0       0     0
      Tabulated.............     0     0       0     0
 (3) Isotropic Discrete.....     0     0       0     0
 (4) Discrete 2 Body Recoil.     0     0       0     0
 (5) Charged Particle Elastic
      Legendre..............     0     0       0     0
      Tabulated.............     0     0       0     0
 (6) n-Body Phase-Space.....     0     0       0     0
 (7) Laboratory Angle-Energy     0     0       0     0
 Not 0 to 7 (WARNING if Any)     0     0       0     0
 ==============================================================================
 End of Run
 ===============================================================================
 SIXPAK   Total Execution Time                0.06 Seconds
 ===============================================================================
