 Create New Section Index (DICTIN 2019-1)
 ------------------------------------------------------------
 ENDF/B Input and Output Data Filenames
 ------------------------------------------------------------
 DICTIN.IN                                                               
 DICTIN.OUT                                                              
 ------------------------------------------------------------
 First Pass. Reading ENDF/B Data
 ------------------------------------------------------------
  MAT   Messages
 ------------------------------------------------------------
 2837
 ------------------------------------------------------------
 Second Pass. Creating New Index
 ------------------------------------------------------------
 ENDF/B  MAT MF  MT  Lines  Mod
 Format
 ------------------------------------------------------------
  VI    2837  1 451     67    1
        2837  3   5     33    1
        2837 10   5   7457    1
 ------------------------------------------------------------
 Original Line Count   7565
 Final Line Count      7566
 ------------------------------------------------------------
 ===============================================================================
 DICTIN   Total Execution Time                0.03 Seconds
 ===============================================================================
