                                                     MT=  5
 MAT 2034                         0.0        Kelvin Unshielded Cross Sections                          20-Ca-43 

   No.  Group-eV   Average      No.  Group-eV   Average      No.  Group-eV   Average      No.  Group-eV   Average

    99 7400000.00 5.06222E-8    116 14000000.0 .008257834    133 55000000.0 .005052664    150 480000000. 0.0       
   100 7600000.00 3.90454E-5    117 15000000.0 .013783451    134 60000000.0 .004376784    151 520000000. 0.0       
   101 7800000.00 1.11986E-4    118 16000000.0 .023259458    135 70000000.0 .003663128    152 560000000. 0.0       
   102 8000000.00 1.84926E-4    119 17000000.0 .040526594    136 80000000.0 .003110351    153 600000000. 0.0       
   103 8200000.00 2.57866E-4    120 18000000.0 .066551694    137 90000000.0 .002665399    154 640000000. 0.0       
   104 8400000.00 3.30805E-4    121 19000000.0 .089620918    138 100000000. .002159831    155 680000000. 0.0       
   105 8600000.00 4.03745E-4    122 20000000.0 .081961343    139 120000000. .001657773    156 720000000. 0.0       
   106 8800000.00 4.76684E-4    123 22000000.0 .049101101    140 140000000. 0.0           157 760000000. 0.0       
   107 9000000.00 5.72582E-4    124 24000000.0 .030503615    141 160000000. 0.0           158 800000000. 0.0       
   108 9200000.00 6.91607E-4    125 26000000.0 .021466905    142 180000000. 0.0           159 840000000. 0.0       
   109 9400000.00 8.10633E-4    126 28000000.0 .016581026    143 200000000. 0.0           160 880000000. 0.0       
   110 9600000.00 9.29658E-4    127 30000000.0 .012277150    144 240000000. 0.0           161 920000000. 0.0       
   111 9800000.00 .001048683    128 35000000.0 .009101418    145 280000000. 0.0           162 960000000. 0.0       
   112 10000000.0 .001386075    129 40000000.0 .007449663    146 320000000. 0.0           163 1.00000E+9
   113 11000000.0 .002105236    130 45000000.0 .006395444    147 360000000. 0.0       
   114 12000000.0 .003244933    131 50000000.0 .005702147    148 400000000. 0.0       
   115 13000000.0 .005107649    132 54000000.0 .005379195    149 440000000. 0.0       
 
                                                     MT=  5
 MAT 2034                         0.0        Kelvin Unshielded Cross Sections                          20-Ca-43 

   No.  Group-eV   Average      No.  Group-eV   Average      No.  Group-eV   Average      No.  Group-eV   Average

    99 7400000.00 1.80807E-8    116 14000000.0 .007528820    133 55000000.0 .011341578    150 480000000. 0.0       
   100 7600000.00 1.39458E-5    117 15000000.0 .012343144    134 60000000.0 .010882381    151 520000000. 0.0       
   101 7800000.00 3.99979E-5    118 16000000.0 .020673829    135 70000000.0 .010130714    152 560000000. 0.0       
   102 8000000.00 6.60499E-5    119 17000000.0 .035455518    136 80000000.0 .009280766    153 600000000. 0.0       
   103 8200000.00 9.21018E-5    120 18000000.0 .055531249    137 90000000.0 .008432020    154 640000000. 0.0       
   104 8400000.00 1.18154E-4    121 19000000.0 .072782985    138 100000000. .007298739    155 680000000. 0.0       
   105 8600000.00 1.44206E-4    122 20000000.0 .074401766    139 120000000. .006002058    156 720000000. 0.0       
   106 8800000.00 1.70257E-4    123 22000000.0 .049420261    140 140000000. 0.0           157 760000000. 0.0       
   107 9000000.00 2.74903E-4    124 24000000.0 .032376924    141 160000000. 0.0           158 800000000. 0.0       
   108 9200000.00 4.58726E-4    125 26000000.0 .023431387    142 180000000. 0.0           159 840000000. 0.0       
   109 9400000.00 6.42550E-4    126 28000000.0 .018334215    143 200000000. 0.0           160 880000000. 0.0       
   110 9600000.00 8.26373E-4    127 30000000.0 .014569164    144 240000000. 0.0           161 920000000. 0.0       
   111 9800000.00 .001010195    128 35000000.0 .013104457    145 280000000. 0.0           162 960000000. 0.0       
   112 10000000.0 .001379330    129 40000000.0 .012682441    146 320000000. 0.0           163 1.00000E+9
   113 11000000.0 .002072304    130 45000000.0 .012150179    147 360000000. 0.0       
   114 12000000.0 .003122996    131 50000000.0 .011701546    148 400000000. 0.0       
   115 13000000.0 .004784628    132 54000000.0 .011513361    149 440000000. 0.0       
 
                                                     MT=  5
 MAT 2034                         0.0        Kelvin Unshielded Cross Sections                          20-Ca-43 

   No.  Group-eV   Average      No.  Group-eV   Average      No.  Group-eV   Average      No.  Group-eV   Average

   113 11000000.0 2.99049E-7    126 28000000.0 .007874539    139 120000000. .001626429    152 560000000. 0.0       
   114 12000000.0 1.45047E-5    127 30000000.0 .006472326    140 140000000. 0.0           153 600000000. 0.0       
   115 13000000.0 9.75625E-5    128 35000000.0 .005403172    141 160000000. 0.0           154 640000000. 0.0       
   116 14000000.0 2.99877E-4    129 40000000.0 .004823705    142 180000000. 0.0           155 680000000. 0.0       
   117 15000000.0 6.94023E-4    130 45000000.0 .004438631    143 200000000. 0.0           156 720000000. 0.0       
   118 16000000.0 .001491736    131 50000000.0 .004167092    144 240000000. 0.0           157 760000000. 0.0       
   119 17000000.0 .003480928    132 54000000.0 .004033147    145 280000000. 0.0           158 800000000. 0.0       
   120 18000000.0 .008222872    133 55000000.0 .003891191    146 320000000. 0.0           159 840000000. 0.0       
   121 19000000.0 .015359092    134 60000000.0 .003568174    147 360000000. 0.0           160 880000000. 0.0       
   122 20000000.0 .019390204    135 70000000.0 .003168817    148 400000000. 0.0           161 920000000. 0.0       
   123 22000000.0 .015706007    136 80000000.0 .002800448    149 440000000. 0.0           162 960000000. 0.0       
   124 24000000.0 .011857295    137 90000000.0 .002470836    150 480000000. 0.0           163 1.00000E+9
   125 26000000.0 .009406373    138 100000000. .002062881    151 520000000. 0.0       
 
                                                     MT=  5
 MAT 2034                         0.0        Kelvin Unshielded Cross Sections                          20-Ca-43 

   No.  Group-eV   Average      No.  Group-eV   Average      No.  Group-eV   Average      No.  Group-eV   Average

   119 17000000.0 3.11647E-7    131 50000000.0 2.78819E-4    143 200000000. 0.0           155 680000000. 0.0       
   120 18000000.0 1.02600E-5    132 54000000.0 2.62556E-4    144 240000000. 0.0           156 720000000. 0.0       
   121 19000000.0 6.55121E-5    133 55000000.0 2.43188E-4    145 280000000. 0.0           157 760000000. 0.0       
   122 20000000.0 2.41608E-4    134 60000000.0 2.01350E-4    146 320000000. 0.0           158 800000000. 0.0       
   123 22000000.0 4.29380E-4    135 70000000.0 1.54881E-4    147 360000000. 0.0           159 840000000. 0.0       
   124 24000000.0 4.82549E-4    136 80000000.0 1.21958E-4    148 400000000. 0.0           160 880000000. 0.0       
   125 26000000.0 4.64927E-4    137 90000000.0 9.63538E-5    149 440000000. 0.0           161 920000000. 0.0       
   126 28000000.0 4.37087E-4    138 100000000. 6.94856E-5    150 480000000. 0.0           162 960000000. 0.0       
   127 30000000.0 4.08842E-4    139 120000000. 4.54288E-5    151 520000000. 0.0           163 1.00000E+9
   128 35000000.0 3.76757E-4    140 140000000. 0.0           152 560000000. 0.0       
   129 40000000.0 3.43386E-4    141 160000000. 0.0           153 600000000. 0.0       
   130 45000000.0 3.09139E-4    142 180000000. 0.0           154 640000000. 0.0       
 
                                                     MT=  5
 MAT 2034                         0.0        Kelvin Unshielded Cross Sections                          20-Ca-43 

   No.  Group-eV   Average      No.  Group-eV   Average      No.  Group-eV   Average      No.  Group-eV   Average

   122 20000000.0 1.75354E-7    133 55000000.0 1.20993E-5    144 240000000. 0.0           155 680000000. 0.0       
   123 22000000.0 3.40270E-6    134 60000000.0 8.80283E-6    145 280000000. 0.0           156 720000000. 0.0       
   124 24000000.0 8.08924E-6    135 70000000.0 5.71507E-6    146 320000000. 0.0           157 760000000. 0.0       
   125 26000000.0 1.25139E-5    136 80000000.0 4.06257E-6    147 360000000. 0.0           158 800000000. 0.0       
   126 28000000.0 1.57056E-5    137 90000000.0 2.92627E-6    148 400000000. 0.0           159 840000000. 0.0       
   127 30000000.0 1.89252E-5    138 100000000. 1.88522E-6    149 440000000. 0.0           160 880000000. 0.0       
   128 35000000.0 2.00339E-5    139 120000000. 1.07743E-6    150 480000000. 0.0           161 920000000. 0.0       
   129 40000000.0 2.01277E-5    140 140000000. 0.0           151 520000000. 0.0           162 960000000. 0.0       
   130 45000000.0 1.79354E-5    141 160000000. 0.0           152 560000000. 0.0           163 1.00000E+9
   131 50000000.0 1.53444E-5    142 180000000. 0.0           153 600000000. 0.0       
   132 54000000.0 1.39962E-5    143 200000000. 0.0           154 640000000. 0.0       
 
                                                     MT=  5
 MAT 2034                         0.0        Kelvin Unshielded Cross Sections                          20-Ca-43 

   No.  Group-eV   Average      No.  Group-eV   Average      No.  Group-eV   Average      No.  Group-eV   Average

   107 9000000.00 1.77666E-8    122 20000000.0 .014976406    137 90000000.0 7.44799E-5    152 560000000. 0.0       
   108 9200000.00 5.34319E-8    123 22000000.0 .008517544    138 100000000. 4.81527E-5    153 600000000. 0.0       
   109 9400000.00 8.90972E-8    124 24000000.0 .004794780    139 120000000. 2.88315E-5    154 640000000. 0.0       
   110 9600000.00 1.24762E-7    125 26000000.0 .003098059    140 140000000. 0.0           155 680000000. 0.0       
   111 9800000.00 1.60428E-7    126 28000000.0 .002279677    141 160000000. 0.0           156 720000000. 0.0       
   112 10000000.0 3.48725E-6    127 30000000.0 .001505847    142 180000000. 0.0           157 760000000. 0.0       
   113 11000000.0 3.19589E-5    128 35000000.0 9.46094E-4    143 200000000. 0.0           158 800000000. 0.0       
   114 12000000.0 1.06584E-4    129 40000000.0 6.73131E-4    144 240000000. 0.0           159 840000000. 0.0       
   115 13000000.0 2.24163E-4    130 45000000.0 5.04232E-4    145 280000000. 0.0           160 880000000. 0.0       
   116 14000000.0 4.26997E-4    131 50000000.0 4.00149E-4    146 320000000. 0.0           161 920000000. 0.0       
   117 15000000.0 7.42682E-4    132 54000000.0 3.54210E-4    147 360000000. 0.0           162 960000000. 0.0       
   118 16000000.0 .001108754    133 55000000.0 3.11509E-4    148 400000000. 0.0           163 1.00000E+9
   119 17000000.0 .002412015    134 60000000.0 2.28230E-4    149 440000000. 0.0       
   120 18000000.0 .008013198    135 70000000.0 1.53120E-4    150 480000000. 0.0       
   121 19000000.0 .016095842    136 80000000.0 1.04796E-4    151 520000000. 0.0       
 
                                                     MT=  5
 MAT 2034                         0.0        Kelvin Unshielded Cross Sections                          20-Ca-43 

   No.  Group-eV   Average      No.  Group-eV   Average      No.  Group-eV   Average      No.  Group-eV   Average

   136 80000000.0 6.6049E-12    143 200000000. 0.0           150 480000000. 0.0           157 760000000. 0.0       
   137 90000000.0 1.66654E-8    144 240000000. 0.0           151 520000000. 0.0           158 800000000. 0.0       
   138 100000000. 1.09014E-6    145 280000000. 0.0           152 560000000. 0.0           159 840000000. 0.0       
   139 120000000. 9.16485E-6    146 320000000. 0.0           153 600000000. 0.0           160 880000000. 0.0       
   140 140000000. 0.0           147 360000000. 0.0           154 640000000. 0.0           161 920000000. 0.0       
   141 160000000. 0.0           148 400000000. 0.0           155 680000000. 0.0           162 960000000. 0.0       
   142 180000000. 0.0           149 440000000. 0.0           156 720000000. 0.0           163 1.00000E+9
 
                                                     MT=  5
 MAT 2034                         0.0        Kelvin Unshielded Cross Sections                          20-Ca-43 

   No.  Group-eV   Average      No.  Group-eV   Average      No.  Group-eV   Average      No.  Group-eV   Average

   134 60000000.0 2.0698E-12    142 180000000. 0.0           150 480000000. 0.0           158 800000000. 0.0       
   135 70000000.0 6.14534E-8    143 200000000. 0.0           151 520000000. 0.0           159 840000000. 0.0       
   136 80000000.0 1.55949E-6    144 240000000. 0.0           152 560000000. 0.0           160 880000000. 0.0       
   137 90000000.0 7.02319E-6    145 280000000. 0.0           153 600000000. 0.0           161 920000000. 0.0       
   138 100000000. 2.37982E-5    146 320000000. 0.0           154 640000000. 0.0           162 960000000. 0.0       
   139 120000000. 3.98783E-5    147 360000000. 0.0           155 680000000. 0.0           163 1.00000E+9
   140 140000000. 0.0           148 400000000. 0.0           156 720000000. 0.0       
   141 160000000. 0.0           149 440000000. 0.0           157 760000000. 0.0       
 
                                                     MT=  5
 MAT 2034                         0.0        Kelvin Unshielded Cross Sections                          20-Ca-43 

   No.  Group-eV   Average      No.  Group-eV   Average      No.  Group-eV   Average      No.  Group-eV   Average

   131 50000000.0 5.3418E-16    140 140000000. 0.0           149 440000000. 0.0           158 800000000. 0.0       
   132 54000000.0 3.4939E-11    141 160000000. 0.0           150 480000000. 0.0           159 840000000. 0.0       
   133 55000000.0 3.12765E-8    142 180000000. 0.0           151 520000000. 0.0           160 880000000. 0.0       
   134 60000000.0 3.29054E-6    143 200000000. 0.0           152 560000000. 0.0           161 920000000. 0.0       
   135 70000000.0 2.01214E-5    144 240000000. 0.0           153 600000000. 0.0           162 960000000. 0.0       
   136 80000000.0 4.43052E-5    145 280000000. 0.0           154 640000000. 0.0           163 1.00000E+9
   137 90000000.0 6.44882E-5    146 320000000. 0.0           155 680000000. 0.0       
   138 100000000. 6.67660E-5    147 360000000. 0.0           156 720000000. 0.0       
   139 120000000. 4.38805E-5    148 400000000. 0.0           157 760000000. 0.0       
 
                                                     MT=  5
 MAT 2034                         0.0        Kelvin Unshielded Cross Sections                          20-Ca-43 

   No.  Group-eV   Average      No.  Group-eV   Average      No.  Group-eV   Average      No.  Group-eV   Average

   128 35000000.0 1.27304E-9    137 90000000.0 9.17502E-5    146 320000000. 0.0           155 680000000. 0.0       
   129 40000000.0 1.80604E-6    138 100000000. 5.26602E-5    147 360000000. 0.0           156 720000000. 0.0       
   130 45000000.0 1.86066E-5    139 120000000. 2.46740E-5    148 400000000. 0.0           157 760000000. 0.0       
   131 50000000.0 4.63021E-5    140 140000000. 0.0           149 440000000. 0.0           158 800000000. 0.0       
   132 54000000.0 6.28358E-5    141 160000000. 0.0           150 480000000. 0.0           159 840000000. 0.0       
   133 55000000.0 8.39324E-5    142 180000000. 0.0           151 520000000. 0.0           160 880000000. 0.0       
   134 60000000.0 1.25567E-4    143 200000000. 0.0           152 560000000. 0.0           161 920000000. 0.0       
   135 70000000.0 1.45824E-4    144 240000000. 0.0           153 600000000. 0.0           162 960000000. 0.0       
   136 80000000.0 1.24956E-4    145 280000000. 0.0           154 640000000. 0.0           163 1.00000E+9
 
                                                     MT=  5
 MAT 2034                         0.0        Kelvin Unshielded Cross Sections                          20-Ca-43 

   No.  Group-eV   Average      No.  Group-eV   Average      No.  Group-eV   Average      No.  Group-eV   Average

   126 28000000.0 2.57175E-8    136 80000000.0 4.05265E-5    146 320000000. 0.0           156 720000000. 0.0       
   127 30000000.0 3.30857E-5    137 90000000.0 2.56869E-5    147 360000000. 0.0           157 760000000. 0.0       
   128 35000000.0 1.89705E-4    138 100000000. 1.52935E-5    148 400000000. 0.0           158 800000000. 0.0       
   129 40000000.0 2.58640E-4    139 120000000. 8.17610E-6    149 440000000. 0.0           159 840000000. 0.0       
   130 45000000.0 2.33192E-4    140 140000000. 0.0           150 480000000. 0.0           160 880000000. 0.0       
   131 50000000.0 1.83751E-4    141 160000000. 0.0           151 520000000. 0.0           161 920000000. 0.0       
   132 54000000.0 1.59566E-4    142 180000000. 0.0           152 560000000. 0.0           162 960000000. 0.0       
   133 55000000.0 1.39880E-4    143 200000000. 0.0           153 600000000. 0.0           163 1.00000E+9
   134 60000000.0 1.04160E-4    144 240000000. 0.0           154 640000000. 0.0       
   135 70000000.0 6.62321E-5    145 280000000. 0.0           155 680000000. 0.0       
 
                                                     MT=  5
 MAT 2034                         0.0        Kelvin Unshielded Cross Sections                          20-Ca-43 

   No.  Group-eV   Average      No.  Group-eV   Average      No.  Group-eV   Average      No.  Group-eV   Average

   118 16000000.0 2.09391E-5    130 45000000.0 2.52504E-4    142 180000000. 0.0           154 640000000. 0.0       
   119 17000000.0 8.32386E-4    131 50000000.0 1.74029E-4    143 200000000. 0.0           155 680000000. 0.0       
   120 18000000.0 .005240128    132 54000000.0 1.43812E-4    144 240000000. 0.0           156 720000000. 0.0       
   121 19000000.0 .012406616    133 55000000.0 1.17723E-4    145 280000000. 0.0           157 760000000. 0.0       
   122 20000000.0 .012135389    134 60000000.0 7.40588E-5    146 320000000. 0.0           158 800000000. 0.0       
   123 22000000.0 .007569409    135 70000000.0 4.21642E-5    147 360000000. 0.0           159 840000000. 0.0       
   124 24000000.0 .004541135    136 80000000.0 2.78730E-5    148 400000000. 0.0           160 880000000. 0.0       
   125 26000000.0 .003030760    137 90000000.0 2.00918E-5    149 440000000. 0.0           161 920000000. 0.0       
   126 28000000.0 .002257338    138 100000000. 1.27587E-5    150 480000000. 0.0           162 960000000. 0.0       
   127 30000000.0 .001468156    139 120000000. 7.86370E-6    151 520000000. 0.0           163 1.00000E+9
   128 35000000.0 7.55869E-4    140 140000000. 0.0           152 560000000. 0.0       
   129 40000000.0 4.12575E-4    141 160000000. 0.0           153 600000000. 0.0       
 
                                                     MT=  5
 MAT 2034                         0.0        Kelvin Unshielded Cross Sections                          20-Ca-43 

   No.  Group-eV   Average      No.  Group-eV   Average      No.  Group-eV   Average      No.  Group-eV   Average

   107 9000000.00 1.77666E-8    122 20000000.0 .002841027    137 90000000.0 1.08832E-5    152 560000000. 0.0       
   108 9200000.00 5.34319E-8    123 22000000.0 9.48137E-4    138 100000000. 5.76074E-6    153 600000000. 0.0       
   109 9400000.00 8.90972E-8    124 24000000.0 2.53648E-4    139 120000000. 2.69112E-6    154 640000000. 0.0       
   110 9600000.00 1.24762E-7    125 26000000.0 6.72993E-5    140 140000000. 0.0           155 680000000. 0.0       
   111 9800000.00 1.60428E-7    126 28000000.0 2.23093E-5    141 160000000. 0.0           156 720000000. 0.0       
   112 10000000.0 3.48725E-6    127 30000000.0 4.60270E-6    142 180000000. 0.0           157 760000000. 0.0       
   113 11000000.0 3.19589E-5    128 35000000.0 5.18803E-7    143 200000000. 0.0           158 800000000. 0.0       
   114 12000000.0 1.06584E-4    129 40000000.0 1.38196E-6    144 240000000. 0.0           159 840000000. 0.0       
   115 13000000.0 2.24163E-4    130 45000000.0 1.89036E-5    145 280000000. 0.0           160 880000000. 0.0       
   116 14000000.0 4.26997E-4    131 50000000.0 5.02955E-5    146 320000000. 0.0           161 920000000. 0.0       
   117 15000000.0 7.42682E-4    132 54000000.0 6.32680E-5    147 360000000. 0.0           162 960000000. 0.0       
   118 16000000.0 .001087815    133 55000000.0 6.65250E-5    148 400000000. 0.0           163 1.00000E+9
   119 17000000.0 .001579629    134 60000000.0 5.26138E-5    149 440000000. 0.0       
   120 18000000.0 .002773068    135 70000000.0 3.07603E-5    150 480000000. 0.0       
   121 19000000.0 .003689211    136 80000000.0 1.80372E-5    151 520000000. 0.0       
 
                                                     MT=  5
 MAT 2034                         0.0        Kelvin Unshielded Cross Sections                          20-Ca-43 

   No.  Group-eV   Average      No.  Group-eV   Average      No.  Group-eV   Average      No.  Group-eV   Average

   126 28000000.0 1.19905E-9    136 80000000.0 1.24077E-5    146 320000000. 0.0           156 720000000. 0.0       
   127 30000000.0 2.38431E-6    137 90000000.0 7.68924E-6    147 360000000. 0.0           157 760000000. 0.0       
   128 35000000.0 3.03671E-5    138 100000000. 4.19640E-6    148 400000000. 0.0           158 800000000. 0.0       
   129 40000000.0 7.47450E-5    139 120000000. 1.96517E-6    149 440000000. 0.0           159 840000000. 0.0       
   130 45000000.0 9.36624E-5    140 140000000. 0.0           150 480000000. 0.0           160 880000000. 0.0       
   131 50000000.0 8.19410E-5    141 160000000. 0.0           151 520000000. 0.0           161 920000000. 0.0       
   132 54000000.0 7.11613E-5    142 180000000. 0.0           152 560000000. 0.0           162 960000000. 0.0       
   133 55000000.0 5.92781E-5    143 200000000. 0.0           153 600000000. 0.0           163 1.00000E+9
   134 60000000.0 3.76280E-5    144 240000000. 0.0           154 640000000. 0.0       
   135 70000000.0 2.09411E-5    145 280000000. 0.0           155 680000000. 0.0       
 
                                                     MT=  5
 MAT 2034                         0.0        Kelvin Unshielded Cross Sections                          20-Ca-43 

   No.  Group-eV   Average      No.  Group-eV   Average      No.  Group-eV   Average      No.  Group-eV   Average

   122 20000000.0 4.49705E-8    133 55000000.0 4.05968E-5    144 240000000. 0.0           155 680000000. 0.0       
   123 22000000.0 4.38225E-7    134 60000000.0 4.42098E-5    145 280000000. 0.0           156 720000000. 0.0       
   124 24000000.0 8.82076E-6    135 70000000.0 4.74272E-5    146 320000000. 0.0           157 760000000. 0.0       
   125 26000000.0 2.67842E-5    136 80000000.0 4.96099E-5    147 360000000. 0.0           158 800000000. 0.0       
   126 28000000.0 3.52308E-5    137 90000000.0 5.02405E-5    148 400000000. 0.0           159 840000000. 0.0       
   127 30000000.0 4.03695E-5    138 100000000. 4.89020E-5    149 440000000. 0.0           160 880000000. 0.0       
   128 35000000.0 4.44529E-5    139 120000000. 4.47202E-5    150 480000000. 0.0           161 920000000. 0.0       
   129 40000000.0 3.85041E-5    140 140000000. 0.0           151 520000000. 0.0           162 960000000. 0.0       
   130 45000000.0 3.65807E-5    141 160000000. 0.0           152 560000000. 0.0           163 1.00000E+9
   131 50000000.0 3.77495E-5    142 180000000. 0.0           153 600000000. 0.0       
   132 54000000.0 3.89649E-5    143 200000000. 0.0           154 640000000. 0.0       
 
                                                     MT=  5
 MAT 2034                         0.0        Kelvin Unshielded Cross Sections                          20-Ca-43 

   No.  Group-eV   Average      No.  Group-eV   Average      No.  Group-eV   Average      No.  Group-eV   Average

   136 80000000.0 1.0117E-11    143 200000000. 0.0           150 480000000. 0.0           157 760000000. 0.0       
   137 90000000.0 5.87751E-8    144 240000000. 0.0           151 520000000. 0.0           158 800000000. 0.0       
   138 100000000. 7.93171E-6    145 280000000. 0.0           152 560000000. 0.0           159 840000000. 0.0       
   139 120000000. 5.15875E-5    146 320000000. 0.0           153 600000000. 0.0           160 880000000. 0.0       
   140 140000000. 0.0           147 360000000. 0.0           154 640000000. 0.0           161 920000000. 0.0       
   141 160000000. 0.0           148 400000000. 0.0           155 680000000. 0.0           162 960000000. 0.0       
   142 180000000. 0.0           149 440000000. 0.0           156 720000000. 0.0           163 1.00000E+9
 
                                                     MT=  5
 MAT 2034                         0.0        Kelvin Unshielded Cross Sections                          20-Ca-43 

   No.  Group-eV   Average      No.  Group-eV   Average      No.  Group-eV   Average      No.  Group-eV   Average

   134 60000000.0 4.9913E-16    142 180000000. 0.0           150 480000000. 0.0           158 800000000. 0.0       
   135 70000000.0 4.88911E-8    143 200000000. 0.0           151 520000000. 0.0           159 840000000. 0.0       
   136 80000000.0 6.45347E-6    144 240000000. 0.0           152 560000000. 0.0           160 880000000. 0.0       
   137 90000000.0 4.46044E-5    145 280000000. 0.0           153 600000000. 0.0           161 920000000. 0.0       
   138 100000000. 1.30790E-4    146 320000000. 0.0           154 640000000. 0.0           162 960000000. 0.0       
   139 120000000. 1.59313E-4    147 360000000. 0.0           155 680000000. 0.0           163 1.00000E+9
   140 140000000. 0.0           148 400000000. 0.0           156 720000000. 0.0       
   141 160000000. 0.0           149 440000000. 0.0           157 760000000. 0.0       
 
                                                     MT=  5
 MAT 2034                         0.0        Kelvin Unshielded Cross Sections                          20-Ca-43 

   No.  Group-eV   Average      No.  Group-eV   Average      No.  Group-eV   Average      No.  Group-eV   Average

   131 50000000.0 8.7431E-16    140 140000000. 0.0           149 440000000. 0.0           158 800000000. 0.0       
   132 54000000.0 5.9258E-11    141 160000000. 0.0           150 480000000. 0.0           159 840000000. 0.0       
   133 55000000.0 5.00402E-8    142 180000000. 0.0           151 520000000. 0.0           160 880000000. 0.0       
   134 60000000.0 1.23091E-5    143 200000000. 0.0           152 560000000. 0.0           161 920000000. 0.0       
   135 70000000.0 1.10230E-4    144 240000000. 0.0           153 600000000. 0.0           162 960000000. 0.0       
   136 80000000.0 2.50653E-4    145 280000000. 0.0           154 640000000. 0.0           163 1.00000E+9
   137 90000000.0 3.12935E-4    146 320000000. 0.0           155 680000000. 0.0       
   138 100000000. 2.62789E-4    147 360000000. 0.0           156 720000000. 0.0       
   139 120000000. 1.59823E-4    148 400000000. 0.0           157 760000000. 0.0       
 
                                                     MT=  5
 MAT 2034                         0.0        Kelvin Unshielded Cross Sections                          20-Ca-43 

   No.  Group-eV   Average      No.  Group-eV   Average      No.  Group-eV   Average      No.  Group-eV   Average

   129 40000000.0 9.77319E-8    138 100000000. 4.08595E-4    147 360000000. 0.0           156 720000000. 0.0       
   130 45000000.0 1.31009E-5    139 120000000. 2.83510E-4    148 400000000. 0.0           157 760000000. 0.0       
   131 50000000.0 1.03064E-4    140 140000000. 0.0           149 440000000. 0.0           158 800000000. 0.0       
   132 54000000.0 2.01869E-4    141 160000000. 0.0           150 480000000. 0.0           159 840000000. 0.0       
   133 55000000.0 3.46430E-4    142 180000000. 0.0           151 520000000. 0.0           160 880000000. 0.0       
   134 60000000.0 6.55696E-4    143 200000000. 0.0           152 560000000. 0.0           161 920000000. 0.0       
   135 70000000.0 7.94077E-4    144 240000000. 0.0           153 600000000. 0.0           162 960000000. 0.0       
   136 80000000.0 6.98534E-4    145 280000000. 0.0           154 640000000. 0.0           163 1.00000E+9
   137 90000000.0 5.62944E-4    146 320000000. 0.0           155 680000000. 0.0       
 
                                                     MT=  5
 MAT 2034                         0.0        Kelvin Unshielded Cross Sections                          20-Ca-43 

   No.  Group-eV   Average      No.  Group-eV   Average      No.  Group-eV   Average      No.  Group-eV   Average

   126 28000000.0 4.21550E-8    136 80000000.0 8.02320E-4    146 320000000. 0.0           156 720000000. 0.0       
   127 30000000.0 2.12530E-5    137 90000000.0 6.48329E-4    147 360000000. 0.0           157 760000000. 0.0       
   128 35000000.0 4.46147E-4    138 100000000. 5.04245E-4    148 400000000. 0.0           158 800000000. 0.0       
   129 40000000.0 .001217611    139 120000000. 3.77648E-4    149 440000000. 0.0           159 840000000. 0.0       
   130 45000000.0 .001693337    140 140000000. 0.0           150 480000000. 0.0           160 880000000. 0.0       
   131 50000000.0 .001820514    141 160000000. 0.0           151 520000000. 0.0           161 920000000. 0.0       
   132 54000000.0 .001789213    142 180000000. 0.0           152 560000000. 0.0           162 960000000. 0.0       
   133 55000000.0 .001683564    143 200000000. 0.0           153 600000000. 0.0           163 1.00000E+9
   134 60000000.0 .001369405    144 240000000. 0.0           154 640000000. 0.0       
   135 70000000.0 .001026039    145 280000000. 0.0           155 680000000. 0.0       
 
                                                     MT=  5
 MAT 2034                         0.0        Kelvin Unshielded Cross Sections                          20-Ca-43 

   No.  Group-eV   Average      No.  Group-eV   Average      No.  Group-eV   Average      No.  Group-eV   Average

   122 20000000.0 1.75354E-7    133 55000000.0 6.16387E-4    144 240000000. 0.0           155 680000000. 0.0       
   123 22000000.0 3.40270E-6    134 60000000.0 4.77735E-4    145 280000000. 0.0           156 720000000. 0.0       
   124 24000000.0 8.08924E-6    135 70000000.0 3.55825E-4    146 320000000. 0.0           157 760000000. 0.0       
   125 26000000.0 1.27015E-5    136 80000000.0 2.78781E-4    147 360000000. 0.0           158 800000000. 0.0       
   126 28000000.0 5.23001E-5    137 90000000.0 2.27384E-4    148 400000000. 0.0           159 840000000. 0.0       
   127 30000000.0 7.64965E-4    138 100000000. 1.76972E-4    149 440000000. 0.0           160 880000000. 0.0       
   128 35000000.0 .001559912    139 120000000. 1.34245E-4    150 480000000. 0.0           161 920000000. 0.0       
   129 40000000.0 .001301267    140 140000000. 0.0           151 520000000. 0.0           162 960000000. 0.0       
   130 45000000.0 9.77642E-4    141 160000000. 0.0           152 560000000. 0.0           163 1.00000E+9
   131 50000000.0 7.76920E-4    142 180000000. 0.0           153 600000000. 0.0       
   132 54000000.0 6.92964E-4    143 200000000. 0.0           154 640000000. 0.0       
 
                                                     MT=  5
 MAT 2034                         0.0        Kelvin Unshielded Cross Sections                          20-Ca-43 

   No.  Group-eV   Average      No.  Group-eV   Average      No.  Group-eV   Average      No.  Group-eV   Average

   119 17000000.0 3.11647E-7    131 50000000.0 .001249800    143 200000000. 0.0           155 680000000. 0.0       
   120 18000000.0 1.05615E-5    132 54000000.0 .001118932    144 240000000. 0.0           156 720000000. 0.0       
   121 19000000.0 1.24421E-4    133 55000000.0 9.95334E-4    145 280000000. 0.0           157 760000000. 0.0       
   122 20000000.0 .001864163    134 60000000.0 7.65160E-4    146 320000000. 0.0           158 800000000. 0.0       
   123 22000000.0 .005557647    135 70000000.0 5.61297E-4    147 360000000. 0.0           159 840000000. 0.0       
   124 24000000.0 .006893186    136 80000000.0 4.35668E-4    148 400000000. 0.0           160 880000000. 0.0       
   125 26000000.0 .006706566    137 90000000.0 3.51216E-4    149 440000000. 0.0           161 920000000. 0.0       
   126 28000000.0 .006208233    138 100000000. 2.68104E-4    150 480000000. 0.0           162 960000000. 0.0       
   127 30000000.0 .004888902    139 120000000. 1.92233E-4    151 520000000. 0.0           163 1.00000E+9
   128 35000000.0 .003052860    140 140000000. 0.0           152 560000000. 0.0       
   129 40000000.0 .002085541    141 160000000. 0.0           153 600000000. 0.0       
   130 45000000.0 .001553502    142 180000000. 0.0           154 640000000. 0.0       
 
                                                     MT=  5
 MAT 2034                         0.0        Kelvin Unshielded Cross Sections                          20-Ca-43 

   No.  Group-eV   Average      No.  Group-eV   Average      No.  Group-eV   Average      No.  Group-eV   Average

   113 11000000.0 2.99049E-7    126 28000000.0 .001996295    139 120000000. 3.98139E-6    152 560000000. 0.0       
   114 12000000.0 1.45047E-5    127 30000000.0 .001139468    140 140000000. 0.0           153 600000000. 0.0       
   115 13000000.0 9.75625E-5    128 35000000.0 5.91405E-4    141 160000000. 0.0           154 640000000. 0.0       
   116 14000000.0 2.99877E-4    129 40000000.0 3.53662E-4    142 180000000. 0.0           155 680000000. 0.0       
   117 15000000.0 6.94023E-4    130 45000000.0 2.29698E-4    143 200000000. 0.0           156 720000000. 0.0       
   118 16000000.0 .001491736    131 50000000.0 1.63127E-4    144 240000000. 0.0           157 760000000. 0.0       
   119 17000000.0 .003480928    132 54000000.0 1.35934E-4    145 280000000. 0.0           158 800000000. 0.0       
   120 18000000.0 .008222582    133 55000000.0 1.11807E-4    146 320000000. 0.0           159 840000000. 0.0       
   121 19000000.0 .015300188    134 60000000.0 7.14368E-5    147 360000000. 0.0           160 880000000. 0.0       
   122 20000000.0 .017767561    135 70000000.0 4.10815E-5    148 400000000. 0.0           161 920000000. 0.0       
   123 22000000.0 .010576869    136 80000000.0 2.51104E-5    149 440000000. 0.0           162 960000000. 0.0       
   124 24000000.0 .005429033    137 90000000.0 1.58765E-5    150 480000000. 0.0           163 1.00000E+9
   125 26000000.0 .003110980    138 100000000. 8.68453E-6    151 520000000. 0.0       
 
                                                     MT=  5
 MAT 2034                         0.0        Kelvin Unshielded Cross Sections                          20-Ca-43 

   No.  Group-eV   Average      No.  Group-eV   Average      No.  Group-eV   Average      No.  Group-eV   Average

   135 70000000.0 1.43184E-9    143 200000000. 0.0           151 520000000. 0.0           159 840000000. 0.0       
   136 80000000.0 7.27087E-7    144 240000000. 0.0           152 560000000. 0.0           160 880000000. 0.0       
   137 90000000.0 5.71948E-6    145 280000000. 0.0           153 600000000. 0.0           161 920000000. 0.0       
   138 100000000. 1.65673E-5    146 320000000. 0.0           154 640000000. 0.0           162 960000000. 0.0       
   139 120000000. 1.98041E-5    147 360000000. 0.0           155 680000000. 0.0           163 1.00000E+9
   140 140000000. 0.0           148 400000000. 0.0           156 720000000. 0.0       
   141 160000000. 0.0           149 440000000. 0.0           157 760000000. 0.0       
   142 180000000. 0.0           150 480000000. 0.0           158 800000000. 0.0       
 
                                                     MT=  5
 MAT 2034                         0.0        Kelvin Unshielded Cross Sections                          20-Ca-43 

   No.  Group-eV   Average      No.  Group-eV   Average      No.  Group-eV   Average      No.  Group-eV   Average

   133 55000000.0 1.72490E-9    141 160000000. 0.0           149 440000000. 0.0           157 760000000. 0.0       
   134 60000000.0 1.89768E-6    142 180000000. 0.0           150 480000000. 0.0           158 800000000. 0.0       
   135 70000000.0 1.88495E-5    143 200000000. 0.0           151 520000000. 0.0           159 840000000. 0.0       
   136 80000000.0 4.01350E-5    144 240000000. 0.0           152 560000000. 0.0           160 880000000. 0.0       
   137 90000000.0 4.71503E-5    145 280000000. 0.0           153 600000000. 0.0           161 920000000. 0.0       
   138 100000000. 3.79074E-5    146 320000000. 0.0           154 640000000. 0.0           162 960000000. 0.0       
   139 120000000. 2.26948E-5    147 360000000. 0.0           155 680000000. 0.0           163 1.00000E+9
   140 140000000. 0.0           148 400000000. 0.0           156 720000000. 0.0       
 
                                                     MT=  5
 MAT 2034                         0.0        Kelvin Unshielded Cross Sections                          20-Ca-43 

   No.  Group-eV   Average      No.  Group-eV   Average      No.  Group-eV   Average      No.  Group-eV   Average

   129 40000000.0 4.18439E-8    138 100000000. 3.31518E-5    147 360000000. 0.0           156 720000000. 0.0       
   130 45000000.0 6.19597E-6    139 120000000. 1.79581E-5    148 400000000. 0.0           157 760000000. 0.0       
   131 50000000.0 3.64146E-5    140 140000000. 0.0           149 440000000. 0.0           158 800000000. 0.0       
   132 54000000.0 6.16972E-5    141 160000000. 0.0           150 480000000. 0.0           159 840000000. 0.0       
   133 55000000.0 8.99930E-5    142 180000000. 0.0           151 520000000. 0.0           160 880000000. 0.0       
   134 60000000.0 1.29399E-4    143 200000000. 0.0           152 560000000. 0.0           161 920000000. 0.0       
   135 70000000.0 1.21606E-4    144 240000000. 0.0           153 600000000. 0.0           162 960000000. 0.0       
   136 80000000.0 8.72579E-5    145 280000000. 0.0           154 640000000. 0.0           163 1.00000E+9
   137 90000000.0 5.82083E-5    146 320000000. 0.0           155 680000000. 0.0       
 
                                                     MT=  5
 MAT 2034                         0.0        Kelvin Unshielded Cross Sections                          20-Ca-43 

   No.  Group-eV   Average      No.  Group-eV   Average      No.  Group-eV   Average      No.  Group-eV   Average

   125 26000000.0 8.58011E-8    135 70000000.0 1.38036E-4    145 280000000. 0.0           155 680000000. 0.0       
   126 28000000.0 1.41198E-5    136 80000000.0 8.22663E-5    146 320000000. 0.0           156 720000000. 0.0       
   127 30000000.0 1.64684E-4    137 90000000.0 5.27215E-5    147 360000000. 0.0           157 760000000. 0.0       
   128 35000000.0 4.80583E-4    138 100000000. 3.30934E-5    148 400000000. 0.0           158 800000000. 0.0       
   129 40000000.0 5.97073E-4    139 120000000. 1.89903E-5    149 440000000. 0.0           159 840000000. 0.0       
   130 45000000.0 5.74173E-4    140 140000000. 0.0           150 480000000. 0.0           160 880000000. 0.0       
   131 50000000.0 4.94045E-4    141 160000000. 0.0           151 520000000. 0.0           161 920000000. 0.0       
   132 54000000.0 4.37401E-4    142 180000000. 0.0           152 560000000. 0.0           162 960000000. 0.0       
   133 55000000.0 3.71874E-4    143 200000000. 0.0           153 600000000. 0.0           163 1.00000E+9
   134 60000000.0 2.43686E-4    144 240000000. 0.0           154 640000000. 0.0       
 
                                                     MT=  5
 MAT 2034                         0.0        Kelvin Unshielded Cross Sections                          20-Ca-43 

   No.  Group-eV   Average      No.  Group-eV   Average      No.  Group-eV   Average      No.  Group-eV   Average

   121 19000000.0 .002231291    132 54000000.0 2.93356E-4    143 200000000. 0.0           154 640000000. 0.0       
   122 20000000.0 .013297690    133 55000000.0 2.40611E-4    144 240000000. 0.0           155 680000000. 0.0       
   123 22000000.0 .012281292    134 60000000.0 1.51733E-4    145 280000000. 0.0           156 720000000. 0.0       
   124 24000000.0 .008060158    135 70000000.0 8.58046E-5    146 320000000. 0.0           157 760000000. 0.0       
   125 26000000.0 .005651244    136 80000000.0 5.69485E-5    147 360000000. 0.0           158 800000000. 0.0       
   126 28000000.0 .004199136    137 90000000.0 4.12418E-5    148 400000000. 0.0           159 840000000. 0.0       
   127 30000000.0 .002757027    138 100000000. 2.63059E-5    149 440000000. 0.0           160 880000000. 0.0       
   128 35000000.0 .001456628    139 120000000. 1.61868E-5    150 480000000. 0.0           161 920000000. 0.0       
   129 40000000.0 8.17444E-4    140 140000000. 0.0           151 520000000. 0.0           162 960000000. 0.0       
   130 45000000.0 5.09233E-4    141 160000000. 0.0           152 560000000. 0.0           163 1.00000E+9
   131 50000000.0 3.53966E-4    142 180000000. 0.0           153 600000000. 0.0       
 
                                                     MT=  5
 MAT 2034                         0.0        Kelvin Unshielded Cross Sections                          20-Ca-43 

   No.  Group-eV   Average      No.  Group-eV   Average      No.  Group-eV   Average      No.  Group-eV   Average

    99 7400000.00 1.80807E-8    116 14000000.0 .007528820    133 55000000.0 8.56826E-5    150 480000000. 0.0       
   100 7600000.00 1.39458E-5    117 15000000.0 .012343144    134 60000000.0 5.39768E-5    151 520000000. 0.0       
   101 7800000.00 3.99979E-5    118 16000000.0 .020652882    135 70000000.0 3.40889E-5    152 560000000. 0.0       
   102 8000000.00 6.60499E-5    119 17000000.0 .034623104    136 80000000.0 2.38342E-5    153 600000000. 0.0       
   103 8200000.00 9.21018E-5    120 18000000.0 .050290838    137 90000000.0 1.69729E-5    154 640000000. 0.0       
   104 8400000.00 1.18154E-4    121 19000000.0 .055854878    138 100000000. 1.06441E-5    155 680000000. 0.0       
   105 8600000.00 1.44206E-4    122 20000000.0 .034048435    139 120000000. 6.97109E-6    156 720000000. 0.0       
   106 8800000.00 1.70257E-4    123 22000000.0 .012160055    140 140000000. 0.0           157 760000000. 0.0       
   107 9000000.00 2.74903E-4    124 24000000.0 .005304864    141 160000000. 0.0           158 800000000. 0.0       
   108 9200000.00 4.58726E-4    125 26000000.0 .002855851    142 180000000. 0.0           159 840000000. 0.0       
   109 9400000.00 6.42550E-4    126 28000000.0 .001791732    143 200000000. 0.0           160 880000000. 0.0       
   110 9600000.00 8.26373E-4    127 30000000.0 9.88455E-4    144 240000000. 0.0           161 920000000. 0.0       
   111 9800000.00 .001010195    128 35000000.0 4.89537E-4    145 280000000. 0.0           162 960000000. 0.0       
   112 10000000.0 .001379330    129 40000000.0 2.86021E-4    146 320000000. 0.0           163 1.00000E+9
   113 11000000.0 .002072304    130 45000000.0 1.81970E-4    147 360000000. 0.0       
   114 12000000.0 .003122996    131 50000000.0 1.27169E-4    148 400000000. 0.0       
   115 13000000.0 .004784628    132 54000000.0 1.05201E-4    149 440000000. 0.0       
 
                                                     MT=  5
 MAT 2034                         0.0        Kelvin Unshielded Cross Sections                          20-Ca-43 

   No.  Group-eV   Average      No.  Group-eV   Average      No.  Group-eV   Average      No.  Group-eV   Average

    99 7400000.00 6.77149E-8    116 14000000.0 .021174975    133 55000000.0 .010115161    150 480000000. 0.0       
   100 7600000.00 5.22291E-5    117 15000000.0 .038541540    134 60000000.0 .008831464    151 520000000. 0.0       
   101 7800000.00 1.49798E-4    118 16000000.0 .070048347    135 70000000.0 .007582964    152 560000000. 0.0       
   102 8000000.00 2.47366E-4    119 17000000.0 .128400188    136 80000000.0 .006607962    153 600000000. 0.0       
   103 8200000.00 3.44934E-4    120 18000000.0 .207040063    137 90000000.0 .005806844    154 640000000. 0.0       
   104 8400000.00 4.42502E-4    121 19000000.0 .258546753    138 100000000. .004857562    155 680000000. 0.0       
   105 8600000.00 5.40070E-4    122 20000000.0 .190151181    139 120000000. .003870003    156 720000000. 0.0       
   106 8800000.00 6.37638E-4    123 22000000.0 .090099347    140 140000000. 0.0           157 760000000. 0.0       
   107 9000000.00 7.22286E-4    124 24000000.0 .053754054    141 160000000. 0.0           158 800000000. 0.0       
   108 9200000.00 7.93918E-4    125 26000000.0 .040035944    142 180000000. 0.0           159 840000000. 0.0       
   109 9400000.00 8.65550E-4    126 28000000.0 .033392073    143 200000000. 0.0           160 880000000. 0.0       
   110 9600000.00 9.37182E-4    127 30000000.0 .025535323    144 240000000. 0.0           161 920000000. 0.0       
   111 9800000.00 .001008814    128 35000000.0 .017516397    145 280000000. 0.0           162 960000000. 0.0       
   112 10000000.0 .001839210    129 40000000.0 .013941876    146 320000000. 0.0           163 1.00000E+9
   113 11000000.0 .003766434    130 45000000.0 .012450423    147 360000000. 0.0       
   114 12000000.0 .006722550    131 50000000.0 .011407219    148 400000000. 0.0       
   115 13000000.0 .011857784    132 54000000.0 .010789667    149 440000000. 0.0       
 
