 Create New Section Index (DICTIN 2019-1)
 ------------------------------------------------------------
 ENDF/B Input and Output Data Filenames
 ------------------------------------------------------------
 DICTIN.IN                                                               
 DICTIN.OUT                                                              
 ------------------------------------------------------------
 First Pass. Reading ENDF/B Data
 ------------------------------------------------------------
  MAT   Messages
 ------------------------------------------------------------
 5043
 ------------------------------------------------------------
 Second Pass. Creating New Index
 ------------------------------------------------------------
 ENDF/B  MAT MF  MT  Lines  Mod
 Format
 ------------------------------------------------------------
  VI    5043  1 451    146    0
        5043  3   5     37    0
        5043  3 201     31    0
        5043  3 203     29    0
        5043  3 204     23    0
        5043  3 205     21    0
        5043  3 206     16    0
        5043  3 207     31    0
        5043 10   5   2161    1
 ------------------------------------------------------------
 Original Line Count   2509
 Final Line Count      2510
 ------------------------------------------------------------
 ===============================================================================
 DICTIN   Total Execution Time                0.01 Seconds
 ===============================================================================
