  Linearize ENDF/B Cross Sections (LINEAR 2019-1)
  ------------------------------------------------------------------------------
  Retrieval Criteria-----------        MAT
  Monitor Mode-----------------        Off
  Minimum Cross Section-------- 1.0000E-10
  Keep Evaluated Data Points---        Yes
  ------------------------------------------------------------------------------
  ENDF/B Input and Output Data Filenames
  LINEAR.IN                                                               
  LINEAR.OUT                                                              
  ------------------------------------------------------------------------------
  Requested Ranges
  ------------------------------------------------------------------------------
       Minimum       Maximum   
     MAT MF  MT    MAT MF  MT
  ------------------------------------------------------------------------------
       0  0   0 999999 99 999
  ------------------------------------------------------------------------------
  Allowable Uncertainty
  ------------------------------------------------------------------------------
      Energy Uncertainty   per-cent
  ------------------------------------------------------------------------------
  0.0         1.0000E-10     0.0000
  ------------------------------------------------------------------------------
  ENDF/B Tape Label
  ------------------------------------------------------------------------------
  Retrieved by E4-util: 2019/11/11,14:57:57                            1
  ------------------------------------------------------------------------------
    Material  MAT  MF  MT  ENDF/B      Kelvin     Q-Value   Points   Points
                           Format                      eV       In      Out
  ------------------------------------------------------------------------------
   50-Sn-118 5043   3   5   VI     0.0         0.0             102      102
  ------------------------------------------------------------------------------
 5043  3 201
 Energies Not in Ascending Energy Order
  Index      Energy
     83  200000000.
     84  0.0       
                    Execution Terminated.
  ------------------------------------------------------------------------------
   50-Sn-118 5043   3 201   VI     0.0        -9326200.00       84       84
   50-Sn-118 5043   3 203   VI     0.0        -9997800.00       77       77
   50-Sn-118 5043   3 204   VI     0.0        -16538000.0       59       59
   50-Sn-118 5043   3 205   VI     0.0        -17065000.0       53       53
   50-Sn-118 5043   3 206   VI     0.0        -18494000.0       39       39
   50-Sn-118 5043   3 207   VI     0.0        -4057800.00       82       82
  ------------------------------------------------------------------------------
                                               MAT Totals      496      496
  ------------------------------------------------------------------------------
 ------------------------------------------------------------------------------
 All Cross Sections Read. Maximum Tabulated Energy =  200000000. eV
 ------------------------------------------------------------------------------
 ===============================================================================
      MAT Total Execution Time                0.07 Seconds
 ===============================================================================
  ------------------------------------------------------------------------------
                                              Tape Totals      496      496
  ------------------------------------------------------------------------------
 ===============================================================================
 LINEAR   Total Execution Time                0.07 Seconds
 ===============================================================================
