  Merge ENDF/B Data into MAT/MF/MT Order (MERGER 2019-1)
 ************************************************************************
 Interpretation of Input Parameters
 ************************************************************************
 Output Filename
 ------------------------------------------------------------------------
 MERGER.OUT                                                              
 ------------------------------------------------------------------------
 Merged File Label
 ------------------------------------------------------------------------
                                                                      0
 ------------------------------------------------------------------------
 Retrieval Criteria-----------        MAT
 ------------------------------------------------------------------------
 Input Filenames
 ------------------------------------------------------------------------
 MERGER.IN                                                               
 ------------------------------------------------------------------------
 Retrieval Criteria
 ------------------------------------------------------------------------
 Request *   Lower Limit *   Upper Limit  
  Number *    MAT MF  MT *    MAT MF  MT  
 ------------------------------------------------------------------------
       1 *      0  1   1 * 999999  3 999
       2 *      0 10   1 * 999999 10 999
       3 *      0 33   1 * 999999 33 999
       4 *      0 40   1 * 999999 40 999
 ------------------------------------------------------------------------
 ************************************************************************
 Retrieved Data
 ************************************************************************
     ZA  MAT MF  MT  Lines  Unit Request Message
                                  Number
 ------------------------------------------------------------------------
  50118 5043  1 451    146    11       1
  50118 5043  3   5     37    11       1
  50118 5043  3 201     32    11       1
  50118 5043  3 203     30    11       1
  50118 5043  3 204     24    11       1
  50118 5043  3 205     22    11       1
  50118 5043  3 206     17    11       1
  50118 5043  3 207     32    11       1
  50118 5043 10   5   2102    11       2
 ------------------------------------------------------------------------
          MAT Lines   2446
 ------------------------------------------------------------------------
         Tape Lines   2448
 ------------------------------------------------------------------------
 ************************************************************************
 Retrieval Statistics
 ************************************************************************
 Merged Materials---          1
 Merged Sections----          9
 Merged Lines-------       2448
 ------------------------------------------------------------------------
 Retrieved Data for Each Request
 ------------------------------------------------------------------------
 Request *   Lower Limit *   Upper Limit *            Retrieved
  Number *    MAT MF  MT *    MAT MF  MT *   Materials    Sections  Lines
 ------------------------------------------------------------------------
       1 *      0  1   1 * 999999  3 999 *           1           8    340
       2 *      0 10   1 * 999999 10 999 *           1           1   2102
       3 *      0 33   1 * 999999 33 999 *           0           0      0
       4 *      0 40   1 * 999999 40 999 *           0           0      0
 ------------------------------------------------------------------------
  Totals                                             1           9   2448
 ------------------------------------------------------------------------
 Note..The Line Count of Retrieved Data for Each Request Does
       NOT Include FEND, MEND AND TEND Lines. Therefore the  
       Total Number of Lines Actually Retrieved and Written  
       on the Merged File Will be More than the Sum of the   
       Number of Lines for All Requests.                     
 ===============================================================================
 MERGER   Total Execution Time                0.02 Seconds
 ===============================================================================
