                                                     MT=  5
 MAT 7425                         0.0        Kelvin Unshielded Cross Sections                          74-W -180

   No.  Group-eV   Average      No.  Group-eV   Average      No.  Group-eV   Average      No.  Group-eV   Average

    65 1875000.00 4.89293E-7     90 5600000.00 .004171753    115 13000000.0 .364839520    140 140000000. .011567422
    66 2000000.00 1.41931E-4     91 5800000.00 .004741627    116 14000000.0 .372753015    141 160000000. .009971596
    67 2125000.00 1.73537E-4     92 6000000.00 .005381691    117 15000000.0 .379707920    142 180000000. .008630048
    68 2250000.00 2.05141E-4     93 6200000.00 .006195243    118 16000000.0 .310205675    143 200000000. 0.0       
    69 2375000.00 2.37944E-4     94 6400000.00 .007038996    119 17000000.0 .221890145    144 240000000. 0.0       
    70 2500000.00 2.82032E-4     95 6600000.00 .008017531    120 18000000.0 .159892115    145 280000000. 0.0       
    71 2625000.00 3.28910E-4     96 6800000.00 .009029966    121 19000000.0 .121427065    146 320000000. 0.0       
    72 2750000.00 3.75787E-4     97 7000000.00 .010291471    122 20000000.0 .088758693    147 360000000. 0.0       
    73 2875000.00 4.28245E-4     98 7200000.00 .011655843    123 22000000.0 .064527275    148 400000000. 0.0       
    74 3000000.00 4.92383E-4     99 7400000.00 .013251215    124 24000000.0 .051390435    149 440000000. 0.0       
    75 3125000.00 5.56878E-4    100 7600000.00 .015079676    125 26000000.0 .043438774    150 480000000. 0.0       
    76 3250000.00 6.22007E-4    101 7800000.00 .017094781    126 28000000.0 .038222658    151 520000000. 0.0       
    77 3375000.00 7.08305E-4    102 8000000.00 .019570041    127 30000000.0 .032844185    152 560000000. 0.0       
    78 3500000.00 8.04996E-4    103 8200000.00 .022183018    128 35000000.0 .028410870    153 600000000. 0.0       
    79 3625000.00 9.01686E-4    104 8400000.00 .025501461    129 40000000.0 .026021960    154 640000000. 0.0       
    80 3750000.00 .001003859    105 8600000.00 .028971266    130 45000000.0 .024563794    155 680000000. 0.0       
    81 3875000.00 .001128829    106 8800000.00 .033169376    131 50000000.0 .023654200    156 720000000. 0.0       
    82 4000000.00 .001294021    107 9000000.00 .037667695    132 54000000.0 .023276289    157 760000000. 0.0       
    83 4200000.00 .001513170    108 9200000.00 .043234561    133 55000000.0 .022832327    158 800000000. 0.0       
    84 4400000.00 .001770038    109 9400000.00 .049877745    134 60000000.0 .021723225    159 840000000. 0.0       
    85 4600000.00 .002039095    110 9600000.00 .057247147    135 70000000.0 .020314354    160 880000000. 0.0       
    86 4800000.00 .002371765    111 9800000.00 .066404102    136 80000000.0 .019001367    161 920000000. 0.0       
    87 5000000.00 .002719472    112 10000000.0 .105547081    137 90000000.0 .017688744    162 960000000. 0.0       
    88 5200000.00 .003162752    113 11000000.0 .218414818    138 100000000. .015858497    163 1.00000E+9
    89 5400000.00 .003645633    114 12000000.0 .344024704    139 120000000. .013510423
 
                                                     MT=201
 MAT 7425                         0.0        Kelvin Unshielded Cross Sections                          74-W -180

   No.  Group-eV   Average      No.  Group-eV   Average      No.  Group-eV   Average      No.  Group-eV   Average

   104 8400000.00 .002765896    119 17000000.0 .256957160    134 60000000.0 .092835800    149 440000000. 0.0       
   105 8600000.00 .009079040    120 18000000.0 .219435923    135 70000000.0 .094741035    150 480000000. 0.0       
   106 8800000.00 .015598442    121 19000000.0 .195817001    136 80000000.0 .094806855    151 520000000. 0.0       
   107 9000000.00 .022197780    122 20000000.0 .162498478    137 90000000.0 .094872656    152 560000000. 0.0       
   108 9200000.00 .028889065    123 22000000.0 .124928618    138 100000000. .090231805    153 600000000. 0.0       
   109 9400000.00 .035672965    124 24000000.0 .100756375    139 120000000. .080634954    154 640000000. 0.0       
   110 9600000.00 .043046080    125 26000000.0 .091054883    140 140000000. .071685607    155 680000000. 0.0       
   111 9800000.00 .051869523    126 28000000.0 .092278140    141 160000000. .064173865    156 720000000. 0.0       
   112 10000000.0 .089334090    127 30000000.0 .089184691    142 180000000. .057646600    157 760000000. 0.0       
   113 11000000.0 .199497114    128 35000000.0 .085228254    143 200000000. 0.0           158 800000000. 0.0       
   114 12000000.0 .328087793    129 40000000.0 .087162208    144 240000000. 0.0           159 840000000. 0.0       
   115 13000000.0 .355963262    130 45000000.0 .086753779    145 280000000. 0.0           160 880000000. 0.0       
   116 14000000.0 .367607163    131 50000000.0 .088125211    146 320000000. 0.0           161 920000000. 0.0       
   117 15000000.0 .376917993    132 54000000.0 .089047122    147 360000000. 0.0           162 960000000. 0.0       
   118 16000000.0 .320386761    133 55000000.0 .090130160    148 400000000. 0.0           163 1.00000E+9
 
                                                     MT=203
 MAT 7425                         0.0        Kelvin Unshielded Cross Sections                          74-W -180

   No.  Group-eV   Average      No.  Group-eV   Average      No.  Group-eV   Average      No.  Group-eV   Average

   110 9600000.00 4.7226E-10    124 24000000.0 3.06274E-4    138 100000000. .014175490    152 560000000. 0.0       
   111 9800000.00 2.10696E-9    125 26000000.0 4.37412E-4    139 120000000. .015135190    153 600000000. 0.0       
   112 10000000.0 3.69439E-8    126 28000000.0 5.95914E-4    140 140000000. .015052623    154 640000000. 0.0       
   113 11000000.0 4.67714E-7    127 30000000.0 9.27546E-4    141 160000000. .014477744    155 680000000. 0.0       
   114 12000000.0 1.94585E-6    128 35000000.0 .001516616    142 180000000. .013794180    156 720000000. 0.0       
   115 13000000.0 3.86501E-6    129 40000000.0 .002229910    143 200000000. 0.0           157 760000000. 0.0       
   116 14000000.0 7.08932E-6    130 45000000.0 .003038818    144 240000000. 0.0           158 800000000. 0.0       
   117 15000000.0 1.39091E-5    131 50000000.0 .003870534    145 280000000. 0.0           159 840000000. 0.0       
   118 16000000.0 2.39806E-5    132 54000000.0 .004383188    146 320000000. 0.0           160 880000000. 0.0       
   119 17000000.0 3.70254E-5    133 55000000.0 .004985443    147 360000000. 0.0           161 920000000. 0.0       
   120 18000000.0 5.43121E-5    134 60000000.0 .006489990    148 400000000. 0.0           162 960000000. 0.0       
   121 19000000.0 7.69146E-5    135 70000000.0 .008526282    149 440000000. 0.0           163 1.00000E+9
   122 20000000.0 1.21604E-4    136 80000000.0 .010563624    150 480000000. 0.0       
   123 22000000.0 2.01422E-4    137 90000000.0 .012600402    151 520000000. 0.0       
 
                                                     MT=204
 MAT 7425                         0.0        Kelvin Unshielded Cross Sections                          74-W -180

   No.  Group-eV   Average      No.  Group-eV   Average      No.  Group-eV   Average      No.  Group-eV   Average

   119 17000000.0 1.9837E-10    131 50000000.0 1.88433E-4    143 200000000. 0.0           155 680000000. 0.0       
   120 18000000.0 8.85714E-9    132 54000000.0 1.89472E-4    144 240000000. 0.0           156 720000000. 0.0       
   121 19000000.0 7.31586E-8    133 55000000.0 1.90692E-4    145 280000000. 0.0           157 760000000. 0.0       
   122 20000000.0 8.86364E-7    134 60000000.0 1.93741E-4    146 320000000. 0.0           158 800000000. 0.0       
   123 22000000.0 5.71470E-6    135 70000000.0 1.99694E-4    147 360000000. 0.0           159 840000000. 0.0       
   124 24000000.0 1.79075E-5    136 80000000.0 2.07562E-4    148 400000000. 0.0           160 880000000. 0.0       
   125 26000000.0 3.73726E-5    137 90000000.0 2.15429E-4    149 440000000. 0.0           161 920000000. 0.0       
   126 28000000.0 6.14888E-5    138 100000000. 2.06382E-4    150 480000000. 0.0           162 960000000. 0.0       
   127 30000000.0 1.03584E-4    139 120000000. 1.79052E-4    151 520000000. 0.0           163 1.00000E+9
   128 35000000.0 1.51101E-4    140 140000000. 1.50437E-4    152 560000000. 0.0       
   129 40000000.0 1.76772E-4    141 160000000. 1.27524E-4    153 600000000. 0.0       
   130 45000000.0 1.85462E-4    142 180000000. 1.08991E-4    154 640000000. 0.0       
 
                                                     MT=205
 MAT 7425                         0.0        Kelvin Unshielded Cross Sections                          74-W -180

   No.  Group-eV   Average      No.  Group-eV   Average      No.  Group-eV   Average      No.  Group-eV   Average

   122 20000000.0 1.54198E-8    133 55000000.0 1.55821E-4    144 240000000. 0.0           155 680000000. 0.0       
   123 22000000.0 3.99329E-7    134 60000000.0 1.61443E-4    145 280000000. 0.0           156 720000000. 0.0       
   124 24000000.0 2.81896E-6    135 70000000.0 1.65051E-4    146 320000000. 0.0           157 760000000. 0.0       
   125 26000000.0 9.41694E-6    136 80000000.0 1.64471E-4    147 360000000. 0.0           158 800000000. 0.0       
   126 28000000.0 2.07207E-5    137 90000000.0 1.63890E-4    148 400000000. 0.0           159 840000000. 0.0       
   127 30000000.0 4.77979E-5    138 100000000. 1.52934E-4    149 440000000. 0.0           160 880000000. 0.0       
   128 35000000.0 8.94854E-5    139 120000000. 1.31035E-4    150 480000000. 0.0           161 920000000. 0.0       
   129 40000000.0 1.22634E-4    140 140000000. 1.10681E-4    151 520000000. 0.0           162 960000000. 0.0       
   130 45000000.0 1.42509E-4    141 160000000. 9.44710E-5    152 560000000. 0.0           163 1.00000E+9
   131 50000000.0 1.51654E-4    142 180000000. 8.09093E-5    153 600000000. 0.0       
   132 54000000.0 1.53570E-4    143 200000000. 0.0           154 640000000. 0.0       
 
                                                     MT=206
 MAT 7425                         0.0        Kelvin Unshielded Cross Sections                          74-W -180

   No.  Group-eV   Average      No.  Group-eV   Average      No.  Group-eV   Average      No.  Group-eV   Average

   124 24000000.0 1.2989E-11    134 60000000.0 1.76021E-5    144 240000000. 0.0           154 640000000. 0.0       
   125 26000000.0 3.84645E-9    135 70000000.0 1.77918E-5    145 280000000. 0.0           155 680000000. 0.0       
   126 28000000.0 3.62830E-8    136 80000000.0 1.72016E-5    146 320000000. 0.0           156 720000000. 0.0       
   127 30000000.0 6.09573E-7    137 90000000.0 1.66115E-5    147 360000000. 0.0           157 760000000. 0.0       
   128 35000000.0 3.87645E-6    138 100000000. 1.52363E-5    148 400000000. 0.0           158 800000000. 0.0       
   129 40000000.0 9.43120E-6    139 120000000. 1.30668E-5    149 440000000. 0.0           159 840000000. 0.0       
   130 45000000.0 1.41992E-5    140 140000000. 1.12876E-5    150 480000000. 0.0           160 880000000. 0.0       
   131 50000000.0 1.64004E-5    141 160000000. 9.88207E-6    151 520000000. 0.0           161 920000000. 0.0       
   132 54000000.0 1.66356E-5    142 180000000. 8.59112E-6    152 560000000. 0.0           162 960000000. 0.0       
   133 55000000.0 1.69119E-5    143 200000000. 0.0           153 600000000. 0.0           163 1.00000E+9
 
                                                     MT=  5
 MAT 7425                         0.0        Kelvin Unshielded Cross Sections                          74-W -180

   No.  Group-eV   Average      No.  Group-eV   Average      No.  Group-eV   Average      No.  Group-eV   Average

   103 8200000.00 5.87562E-4    119 17000000.0 .256957205    135 70000000.0 .094741080    151 520000000. 0.0       
   104 8400000.00 .004729153    120 18000000.0 .219435438    136 80000000.0 .094806831    152 560000000. 0.0       
   105 8600000.00 .009525401    121 19000000.0 .195816722    137 90000000.0 .094872564    153 600000000. 0.0       
   106 8800000.00 .015598441    122 20000000.0 .162498303    138 100000000. .090231775    154 640000000. 0.0       
   107 9000000.00 .022197780    123 22000000.0 .124928977    139 120000000. .080635062    155 680000000. 0.0       
   108 9200000.00 .028889069    124 24000000.0 .100756329    140 140000000. .071685505    156 720000000. 0.0       
   109 9400000.00 .035672977    125 26000000.0 .091054809    141 160000000. .064173789    157 760000000. 0.0       
   110 9600000.00 .043046089    126 28000000.0 .092278154    142 180000000. .057646590    158 800000000. 0.0       
   111 9800000.00 .051869507    127 30000000.0 .089184682    143 200000000. 0.0           159 840000000. 0.0       
   112 10000000.0 .089334214    128 35000000.0 .085228216    144 240000000. 0.0           160 880000000. 0.0       
   113 11000000.0 .199497065    129 40000000.0 .087162205    145 280000000. 0.0           161 920000000. 0.0       
   114 12000000.0 .328087426    130 45000000.0 .086753642    146 320000000. 0.0           162 960000000. 0.0       
   115 13000000.0 .355963062    131 50000000.0 .088124982    147 360000000. 0.0           163 1.00000E+9
   116 14000000.0 .367607163    132 54000000.0 .089046935    148 400000000. 0.0       
   117 15000000.0 .376917307    133 55000000.0 .090130024    149 440000000. 0.0       
   118 16000000.0 .320386955    134 60000000.0 .092835791    150 480000000. 0.0       
 
                                                     MT=  5
 MAT 7425                         0.0        Kelvin Unshielded Cross Sections                          74-W -180

   No.  Group-eV   Average      No.  Group-eV   Average      No.  Group-eV   Average      No.  Group-eV   Average

   108 9200000.00 8.8533E-11    122 20000000.0 1.21604E-4    136 80000000.0 .010563588    150 480000000. 0.0       
   109 9400000.00 2.6624E-10    123 22000000.0 2.01422E-4    137 90000000.0 .012600341    151 520000000. 0.0       
   110 9600000.00 8.1677E-10    124 24000000.0 3.06273E-4    138 100000000. .014175477    152 560000000. 0.0       
   111 9800000.00 2.28496E-9    125 26000000.0 4.37412E-4    139 120000000. .015135265    153 600000000. 0.0       
   112 10000000.0 3.69487E-8    126 28000000.0 5.95914E-4    140 140000000. .015052574    154 640000000. 0.0       
   113 11000000.0 4.67714E-7    127 30000000.0 9.27547E-4    141 160000000. .014477670    155 680000000. 0.0       
   114 12000000.0 1.94585E-6    128 35000000.0 .001516615    142 180000000. .013794147    156 720000000. 0.0       
   115 13000000.0 3.86500E-6    129 40000000.0 .002229909    143 200000000. 0.0           157 760000000. 0.0       
   116 14000000.0 7.08931E-6    130 45000000.0 .003038813    144 240000000. 0.0           158 800000000. 0.0       
   117 15000000.0 1.39091E-5    131 50000000.0 .003870531    145 280000000. 0.0           159 840000000. 0.0       
   118 16000000.0 2.39807E-5    132 54000000.0 .004383185    146 320000000. 0.0           160 880000000. 0.0       
   119 17000000.0 3.70254E-5    133 55000000.0 .004985440    147 360000000. 0.0           161 920000000. 0.0       
   120 18000000.0 5.43120E-5    134 60000000.0 .006489989    148 400000000. 0.0           162 960000000. 0.0       
   121 19000000.0 7.69146E-5    135 70000000.0 .008526270    149 440000000. 0.0           163 1.00000E+9
 
                                                     MT=  5
 MAT 7425                         0.0        Kelvin Unshielded Cross Sections                          74-W -180

   No.  Group-eV   Average      No.  Group-eV   Average      No.  Group-eV   Average      No.  Group-eV   Average

   119 17000000.0 5.0912E-10    131 50000000.0 1.88432E-4    143 200000000. 0.0           155 680000000. 0.0       
   120 18000000.0 8.89244E-9    132 54000000.0 1.89471E-4    144 240000000. 0.0           156 720000000. 0.0       
   121 19000000.0 7.31586E-8    133 55000000.0 1.90692E-4    145 280000000. 0.0           157 760000000. 0.0       
   122 20000000.0 8.86365E-7    134 60000000.0 1.93741E-4    146 320000000. 0.0           158 800000000. 0.0       
   123 22000000.0 5.71470E-6    135 70000000.0 1.99693E-4    147 360000000. 0.0           159 840000000. 0.0       
   124 24000000.0 1.79075E-5    136 80000000.0 2.07562E-4    148 400000000. 0.0           160 880000000. 0.0       
   125 26000000.0 3.73725E-5    137 90000000.0 2.15428E-4    149 440000000. 0.0           161 920000000. 0.0       
   126 28000000.0 6.14887E-5    138 100000000. 2.06381E-4    150 480000000. 0.0           162 960000000. 0.0       
   127 30000000.0 1.03584E-4    139 120000000. 1.79052E-4    151 520000000. 0.0           163 1.00000E+9
   128 35000000.0 1.51101E-4    140 140000000. 1.50436E-4    152 560000000. 0.0       
   129 40000000.0 1.76772E-4    141 160000000. 1.27524E-4    153 600000000. 0.0       
   130 45000000.0 1.85462E-4    142 180000000. 1.08991E-4    154 640000000. 0.0       
 
                                                     MT=  5
 MAT 7425                         0.0        Kelvin Unshielded Cross Sections                          74-W -180

   No.  Group-eV   Average      No.  Group-eV   Average      No.  Group-eV   Average      No.  Group-eV   Average

   121 19000000.0 1.0545E-10    132 54000000.0 1.53570E-4    143 200000000. 0.0           154 640000000. 0.0       
   122 20000000.0 1.54757E-8    133 55000000.0 1.55820E-4    144 240000000. 0.0           155 680000000. 0.0       
   123 22000000.0 3.99328E-7    134 60000000.0 1.61443E-4    145 280000000. 0.0           156 720000000. 0.0       
   124 24000000.0 2.81896E-6    135 70000000.0 1.65052E-4    146 320000000. 0.0           157 760000000. 0.0       
   125 26000000.0 9.41692E-6    136 80000000.0 1.64471E-4    147 360000000. 0.0           158 800000000. 0.0       
   126 28000000.0 2.07207E-5    137 90000000.0 1.63890E-4    148 400000000. 0.0           159 840000000. 0.0       
   127 30000000.0 4.77979E-5    138 100000000. 1.52934E-4    149 440000000. 0.0           160 880000000. 0.0       
   128 35000000.0 8.94854E-5    139 120000000. 1.31035E-4    150 480000000. 0.0           161 920000000. 0.0       
   129 40000000.0 1.22634E-4    140 140000000. 1.10681E-4    151 520000000. 0.0           162 960000000. 0.0       
   130 45000000.0 1.42509E-4    141 160000000. 9.44710E-5    152 560000000. 0.0           163 1.00000E+9
   131 50000000.0 1.51654E-4    142 180000000. 8.09093E-5    153 600000000. 0.0       
 
                                                     MT=  5
 MAT 7425                         0.0        Kelvin Unshielded Cross Sections                          74-W -180

   No.  Group-eV   Average      No.  Group-eV   Average      No.  Group-eV   Average      No.  Group-eV   Average

   124 24000000.0 1.8527E-10    134 60000000.0 1.76022E-5    144 240000000. 0.0           154 640000000. 0.0       
   125 26000000.0 3.87421E-9    135 70000000.0 1.77919E-5    145 280000000. 0.0           155 680000000. 0.0       
   126 28000000.0 3.62830E-8    136 80000000.0 1.72016E-5    146 320000000. 0.0           156 720000000. 0.0       
   127 30000000.0 6.09574E-7    137 90000000.0 1.66115E-5    147 360000000. 0.0           157 760000000. 0.0       
   128 35000000.0 3.87645E-6    138 100000000. 1.52363E-5    148 400000000. 0.0           158 800000000. 0.0       
   129 40000000.0 9.43121E-6    139 120000000. 1.30668E-5    149 440000000. 0.0           159 840000000. 0.0       
   130 45000000.0 1.41992E-5    140 140000000. 1.12876E-5    150 480000000. 0.0           160 880000000. 0.0       
   131 50000000.0 1.64003E-5    141 160000000. 9.88208E-6    151 520000000. 0.0           161 920000000. 0.0       
   132 54000000.0 1.66355E-5    142 180000000. 8.59114E-6    152 560000000. 0.0           162 960000000. 0.0       
   133 55000000.0 1.69119E-5    143 200000000. 0.0           153 600000000. 0.0           163 1.00000E+9
 
                                                     MT=  5
 MAT 7425                         0.0        Kelvin Unshielded Cross Sections                          74-W -180

   No.  Group-eV   Average      No.  Group-eV   Average      No.  Group-eV   Average      No.  Group-eV   Average

    87 5000000.00 1.3818E-11    107 9000000.00 2.64959E-6    127 30000000.0 3.90339E-4    147 360000000. 0.0       
    88 5200000.00 3.3567E-10    108 9200000.00 3.10271E-6    128 35000000.0 5.56258E-4    148 400000000. 0.0       
    89 5400000.00 7.8517E-10    109 9400000.00 3.74713E-6    129 40000000.0 7.27738E-4    149 440000000. 0.0       
    90 5600000.00 1.49013E-9    110 9600000.00 4.52585E-6    130 45000000.0 8.96941E-4    150 480000000. 0.0       
    91 5800000.00 2.45362E-9    111 9800000.00 5.63519E-6    131 50000000.0 .001034890    151 520000000. 0.0       
    92 6000000.00 3.80853E-9    112 10000000.0 1.08506E-5    132 54000000.0 .001098457    152 560000000. 0.0       
    93 6200000.00 6.13087E-9    113 11000000.0 2.73512E-5    133 55000000.0 .001173135    153 600000000. 0.0       
    94 6400000.00 8.76777E-9    114 12000000.0 4.72559E-5    134 60000000.0 .001359694    154 640000000. 0.0       
    95 6600000.00 1.30423E-8    115 13000000.0 5.47369E-5    135 70000000.0 .001505976    155 680000000. 0.0       
    96 6800000.00 1.84081E-8    116 14000000.0 6.63088E-5    136 80000000.0 .001541057    156 720000000. 0.0       
    97 7000000.00 4.18917E-8    117 15000000.0 8.48317E-5    137 90000000.0 .001576129    157 760000000. 0.0       
    98 7200000.00 7.28582E-8    118 16000000.0 9.17264E-5    138 100000000. .001463121    158 800000000. 0.0       
    99 7400000.00 2.55339E-7    119 17000000.0 9.33843E-5    139 120000000. .001213783    159 840000000. 0.0       
   100 7600000.00 5.90706E-7    120 18000000.0 9.92481E-5    140 140000000. .001091132    160 880000000. 0.0       
   101 7800000.00 9.58039E-7    121 19000000.0 1.06278E-4    141 160000000. 9.45307E-4    161 920000000. 0.0       
   102 8000000.00 1.40419E-6    122 20000000.0 1.14452E-4    142 180000000. 8.29904E-4    162 960000000. 0.0       
   103 8200000.00 1.81662E-6    123 22000000.0 1.37504E-4    143 200000000. 0.0           163 1.00000E+9
   104 8400000.00 2.00328E-6    124 24000000.0 1.75614E-4    144 240000000. 0.0       
   105 8600000.00 2.15556E-6    125 26000000.0 2.28254E-4    145 280000000. 0.0       
   106 8800000.00 2.38639E-6    126 28000000.0 2.89802E-4    146 320000000. 0.0       
 
                                                     MT=  5
 MAT 7425                         0.0        Kelvin Unshielded Cross Sections                          74-W -180

   No.  Group-eV   Average      No.  Group-eV   Average      No.  Group-eV   Average      No.  Group-eV   Average

   162 960000000. 0.0           163 1.00000E+9
 
