 ENDF Activation Cross Sections (ACTIVATE 2019-1)
 ------------------------------------------------------------------------------
 ENDF Input and Output Data Filenames
 ------------------------------------------------------------------------------
 ACTIVATE.IN                                                             
 ACTIVATE.OUT                                                            
 ------------------------------------------------------------------------------
 ENDF Tape Label
 ------------------------------------------------------------------------------
  JENDL/PD-2016.1  Er-166                                             1
 ------------------------------------------------------------------------------
   Material  MAT  MF  MT  ENDF    ZAP Final      Q-Value Points Points
                          Format      State           eV     In    Out
 ------------------------------------------------------------------------------
  68-Er-166 6837  10   5   6        1     0   0.0            88     88
  68-Er-166 6837  10   5   6     1001     0   0.0            88     88
  68-Er-166 6837  10   5   6     1002     0   0.0            88     88
  68-Er-166 6837  10   5   6     1003     0   0.0            88     88
  68-Er-166 6837  10   5   6     2003     0   0.0            88     88
  68-Er-166 6837  10   5   6     2004     0   0.0            88     88
  68-Er-166 6837  10   5   6    53133     0   0.0            88     88
  68-Er-166 6837  10   5   6    53133     1   0.0            88     88
  68-Er-166 6837  10   5   6    53134     0   0.0            88     88
  68-Er-166 6837  10   5   6    53135     0   0.0            88     88
  68-Er-166 6837  10   5   6    53136     0   0.0            88     88
  68-Er-166 6837  10   5   6    53137     0   0.0            88     88
  68-Er-166 6837  10   5   6    53138     0   0.0            88     88
  68-Er-166 6837  10   5   6    53139     0   0.0            88     88
  68-Er-166 6837  10   5   6    54134     0   0.0            88     88
  68-Er-166 6837  10   5   6    54134     1   0.0            88     88
  68-Er-166 6837  10   5   6    54135     0   0.0            88     88
  68-Er-166 6837  10   5   6    54135     1   0.0            88     88
  68-Er-166 6837  10   5   6    54136     0   0.0            88     88
  68-Er-166 6837  10   5   6    54137     0   0.0            88     88
  68-Er-166 6837  10   5   6    54138     0   0.0            88     88
  68-Er-166 6837  10   5   6    54139     0   0.0            88     88
  68-Er-166 6837  10   5   6    54140     0   0.0            88     88
  68-Er-166 6837  10   5   6    54141     0   0.0            88     88
  68-Er-166 6837  10   5   6    54142     0   0.0            88     88
  68-Er-166 6837  10   5   6    55135     0   0.0            88     88
  68-Er-166 6837  10   5   6    55136     0   0.0            88     88
  68-Er-166 6837  10   5   6    55136     1   0.0            88     88
  68-Er-166 6837  10   5   6    55137     0   0.0            88     88
  68-Er-166 6837  10   5   6    55138     0   0.0            88     88
  68-Er-166 6837  10   5   6    55138     1   0.0            88     88
  68-Er-166 6837  10   5   6    55139     0   0.0            88     88
  68-Er-166 6837  10   5   6    55140     0   0.0            88     88
  68-Er-166 6837  10   5   6    55141     0   0.0            88     88
  68-Er-166 6837  10   5   6    55142     0   0.0            88     88
  68-Er-166 6837  10   5   6    55143     0   0.0            88     88
  68-Er-166 6837  10   5   6    55144     0   0.0            88     88
  68-Er-166 6837  10   5   6    55145     0   0.0            88     88
  68-Er-166 6837  10   5   6    56136     0   0.0            88     88
  68-Er-166 6837  10   5   6    56136     1   0.0            88     88
  68-Er-166 6837  10   5   6    56137     0   0.0            88     88
  68-Er-166 6837  10   5   6    56137     1   0.0            88     88
  68-Er-166 6837  10   5   6    56138     0   0.0            88     88
  68-Er-166 6837  10   5   6    56139     0   0.0            88     88
  68-Er-166 6837  10   5   6    56140     0   0.0            88     88
  68-Er-166 6837  10   5   6    56141     0   0.0            88     88
  68-Er-166 6837  10   5   6    56142     0   0.0            88     88
  68-Er-166 6837  10   5   6    56143     0   0.0            88     88
  68-Er-166 6837  10   5   6    56144     0   0.0            88     88
  68-Er-166 6837  10   5   6    56145     0   0.0            88     88
  68-Er-166 6837  10   5   6    56146     0   0.0            88     88
  68-Er-166 6837  10   5   6    56147     0   0.0            88     88
  68-Er-166 6837  10   5   6    56148     0   0.0            88     88
  68-Er-166 6837  10   5   6    57137     0   0.0            88     88
  68-Er-166 6837  10   5   6    57138     0   0.0            88     88
  68-Er-166 6837  10   5   6    57139     0   0.0            88     88
  68-Er-166 6837  10   5   6    57140     0   0.0            88     88
  68-Er-166 6837  10   5   6    57141     0   0.0            88     88
  68-Er-166 6837  10   5   6    57142     0   0.0            88     88
  68-Er-166 6837  10   5   6    57143     0   0.0            88     88
  68-Er-166 6837  10   5   6    57144     0   0.0            88     88
  68-Er-166 6837  10   5   6    57145     0   0.0            88     88
  68-Er-166 6837  10   5   6    57146     0   0.0            88     88
  68-Er-166 6837  10   5   6    57146     1   0.0            88     88
  68-Er-166 6837  10   5   6    57147     0   0.0            88     88
  68-Er-166 6837  10   5   6    57148     0   0.0            88     88
  68-Er-166 6837  10   5   6    57149     0   0.0            88     88
  68-Er-166 6837  10   5   6    57150     0   0.0            88     88
  68-Er-166 6837  10   5   6    57151     0   0.0            88     88
  68-Er-166 6837  10   5   6    58138     0   0.0            88     88
  68-Er-166 6837  10   5   6    58139     0   0.0            88     88
  68-Er-166 6837  10   5   6    58139     1   0.0            88     88
  68-Er-166 6837  10   5   6    58140     0   0.0            88     88
  68-Er-166 6837  10   5   6    58141     0   0.0            88     88
  68-Er-166 6837  10   5   6    58142     0   0.0            88     88
  68-Er-166 6837  10   5   6    58143     0   0.0            88     88
  68-Er-166 6837  10   5   6    58144     0   0.0            88     88
  68-Er-166 6837  10   5   6    58145     0   0.0            88     88
  68-Er-166 6837  10   5   6    58146     0   0.0            88     88
  68-Er-166 6837  10   5   6    58147     0   0.0            88     88
  68-Er-166 6837  10   5   6    58148     0   0.0            88     88
  68-Er-166 6837  10   5   6    58149     0   0.0            88     88
  68-Er-166 6837  10   5   6    58150     0   0.0            88     88
  68-Er-166 6837  10   5   6    58151     0   0.0            88     88
  68-Er-166 6837  10   5   6    58152     0   0.0            88     88
  68-Er-166 6837  10   5   6    58153     0   0.0            88     88
  68-Er-166 6837  10   5   6    58154     0   0.0            88     88
  68-Er-166 6837  10   5   6    59139     0   0.0            88     88
  68-Er-166 6837  10   5   6    59140     0   0.0            88     88
  68-Er-166 6837  10   5   6    59141     0   0.0            88     88
  68-Er-166 6837  10   5   6    59142     0   0.0            88     88
  68-Er-166 6837  10   5   6    59142     1   0.0            88     88
  68-Er-166 6837  10   5   6    59143     0   0.0            88     88
  68-Er-166 6837  10   5   6    59144     0   0.0            88     88
  68-Er-166 6837  10   5   6    59144     1   0.0            88     88
  68-Er-166 6837  10   5   6    59145     0   0.0            88     88
  68-Er-166 6837  10   5   6    59146     0   0.0            88     88
  68-Er-166 6837  10   5   6    59147     0   0.0            88     88
  68-Er-166 6837  10   5   6    59148     0   0.0            88     88
  68-Er-166 6837  10   5   6    59148     1   0.0            88     88
  68-Er-166 6837  10   5   6    59149     0   0.0            88     88
  68-Er-166 6837  10   5   6    59150     0   0.0            88     88
  68-Er-166 6837  10   5   6    59151     0   0.0            88     88
  68-Er-166 6837  10   5   6    59152     0   0.0            88     88
  68-Er-166 6837  10   5   6    59153     0   0.0            88     88
  68-Er-166 6837  10   5   6    59154     0   0.0            88     88
  68-Er-166 6837  10   5   6    59155     0   0.0            88     88
  68-Er-166 6837  10   5   6    59156     0   0.0            88     88
  68-Er-166 6837  10   5   6    60140     0   0.0            88     88
  68-Er-166 6837  10   5   6    60141     0   0.0            88     88
  68-Er-166 6837  10   5   6    60141     1   0.0            88     88
  68-Er-166 6837  10   5   6    60142     0   0.0            88     88
  68-Er-166 6837  10   5   6    60143     0   0.0            88     88
  68-Er-166 6837  10   5   6    60144     0   0.0            88     88
  68-Er-166 6837  10   5   6    60145     0   0.0            88     88
  68-Er-166 6837  10   5   6    60146     0   0.0            88     88
  68-Er-166 6837  10   5   6    60147     0   0.0            88     88
  68-Er-166 6837  10   5   6    60148     0   0.0            88     88
  68-Er-166 6837  10   5   6    60149     0   0.0            88     88
  68-Er-166 6837  10   5   6    60150     0   0.0            88     88
  68-Er-166 6837  10   5   6    60151     0   0.0            88     88
  68-Er-166 6837  10   5   6    60152     0   0.0            88     88
  68-Er-166 6837  10   5   6    60153     0   0.0            88     88
  68-Er-166 6837  10   5   6    60154     0   0.0            88     88
  68-Er-166 6837  10   5   6    60155     0   0.0            88     88
  68-Er-166 6837  10   5   6    60156     0   0.0            88     88
  68-Er-166 6837  10   5   6    60157     0   0.0            88     88
  68-Er-166 6837  10   5   6    61141     0   0.0            88     88
  68-Er-166 6837  10   5   6    61142     0   0.0            88     88
  68-Er-166 6837  10   5   6    61143     0   0.0            88     88
  68-Er-166 6837  10   5   6    61144     0   0.0            88     88
  68-Er-166 6837  10   5   6    61145     0   0.0            88     88
  68-Er-166 6837  10   5   6    61146     0   0.0            88     88
  68-Er-166 6837  10   5   6    61147     0   0.0            88     88
  68-Er-166 6837  10   5   6    61148     0   0.0            88     88
  68-Er-166 6837  10   5   6    61148     1   0.0            88     88
  68-Er-166 6837  10   5   6    61149     0   0.0            88     88
  68-Er-166 6837  10   5   6    61150     0   0.0            88     88
  68-Er-166 6837  10   5   6    61151     0   0.0            88     88
  68-Er-166 6837  10   5   6    61152     0   0.0            88     88
  68-Er-166 6837  10   5   6    61153     0   0.0            88     88
  68-Er-166 6837  10   5   6    61154     0   0.0            88     88
  68-Er-166 6837  10   5   6    61154     1   0.0            88     88
  68-Er-166 6837  10   5   6    61155     0   0.0            88     88
  68-Er-166 6837  10   5   6    61156     0   0.0            88     88
  68-Er-166 6837  10   5   6    61157     0   0.0            88     88
  68-Er-166 6837  10   5   6    61158     0   0.0            88     88
  68-Er-166 6837  10   5   6    62142     0   0.0            88     88
  68-Er-166 6837  10   5   6    62143     0   0.0            88     88
  68-Er-166 6837  10   5   6    62143     1   0.0            88     88
  68-Er-166 6837  10   5   6    62144     0   0.0            88     88
  68-Er-166 6837  10   5   6    62145     0   0.0            88     88
  68-Er-166 6837  10   5   6    62146     0   0.0            88     88
  68-Er-166 6837  10   5   6    62147     0   0.0            88     88
  68-Er-166 6837  10   5   6    62148     0   0.0            88     88
  68-Er-166 6837  10   5   6    62149     0   0.0            88     88
  68-Er-166 6837  10   5   6    62150     0   0.0            88     88
  68-Er-166 6837  10   5   6    62151     0   0.0            88     88
  68-Er-166 6837  10   5   6    62152     0   0.0            88     88
  68-Er-166 6837  10   5   6    62153     0   0.0            88     88
  68-Er-166 6837  10   5   6    62154     0   0.0            88     88
  68-Er-166 6837  10   5   6    62155     0   0.0            88     88
  68-Er-166 6837  10   5   6    62156     0   0.0            88     88
  68-Er-166 6837  10   5   6    62157     0   0.0            88     88
  68-Er-166 6837  10   5   6    62158     0   0.0            88     88
  68-Er-166 6837  10   5   6    62159     0   0.0            88     88
  68-Er-166 6837  10   5   6    62160     0   0.0            88     88
  68-Er-166 6837  10   5   6    63143     0   0.0            88     88
  68-Er-166 6837  10   5   6    63144     0   0.0            88     88
  68-Er-166 6837  10   5   6    63145     0   0.0            88     88
  68-Er-166 6837  10   5   6    63146     0   0.0            88     88
  68-Er-166 6837  10   5   6    63147     0   0.0            88     88
  68-Er-166 6837  10   5   6    63148     0   0.0            88     88
  68-Er-166 6837  10   5   6    63149     0   0.0            88     88
  68-Er-166 6837  10   5   6    63150     0   0.0            88     88
  68-Er-166 6837  10   5   6    63150     1   0.0            88     88
  68-Er-166 6837  10   5   6    63151     0   0.0            88     88
  68-Er-166 6837  10   5   6    63152     0   0.0            88     88
  68-Er-166 6837  10   5   6    63152     1   0.0            88     88
  68-Er-166 6837  10   5   6    63152     2   0.0            88     88
  68-Er-166 6837  10   5   6    63153     0   0.0            88     88
  68-Er-166 6837  10   5   6    63154     0   0.0            88     88
  68-Er-166 6837  10   5   6    63154     1   0.0            88     88
  68-Er-166 6837  10   5   6    63155     0   0.0            88     88
  68-Er-166 6837  10   5   6    63156     0   0.0            88     88
  68-Er-166 6837  10   5   6    63157     0   0.0            88     88
  68-Er-166 6837  10   5   6    63158     0   0.0            88     88
  68-Er-166 6837  10   5   6    63159     0   0.0            88     88
  68-Er-166 6837  10   5   6    63160     0   0.0            88     88
  68-Er-166 6837  10   5   6    63161     0   0.0            88     88
  68-Er-166 6837  10   5   6    64144     0   0.0            88     88
  68-Er-166 6837  10   5   6    64145     0   0.0            88     88
  68-Er-166 6837  10   5   6    64145     1   0.0            88     88
  68-Er-166 6837  10   5   6    64146     0   0.0            88     88
  68-Er-166 6837  10   5   6    64147     0   0.0            88     88
  68-Er-166 6837  10   5   6    64148     0   0.0            88     88
  68-Er-166 6837  10   5   6    64149     0   0.0            88     88
  68-Er-166 6837  10   5   6    64150     0   0.0            88     88
  68-Er-166 6837  10   5   6    64151     0   0.0            88     88
  68-Er-166 6837  10   5   6    64152     0   0.0            88     88
  68-Er-166 6837  10   5   6    64153     0   0.0            88     88
  68-Er-166 6837  10   5   6    64154     0   0.0            88     88
  68-Er-166 6837  10   5   6    64155     0   0.0            88     88
  68-Er-166 6837  10   5   6    64156     0   0.0            88     88
  68-Er-166 6837  10   5   6    64157     0   0.0            88     88
  68-Er-166 6837  10   5   6    64158     0   0.0            88     88
  68-Er-166 6837  10   5   6    64159     0   0.0            88     88
  68-Er-166 6837  10   5   6    64160     0   0.0            88     88
  68-Er-166 6837  10   5   6    64161     0   0.0            88     88
  68-Er-166 6837  10   5   6    64162     0   0.0            88     88
  68-Er-166 6837  10   5   6    65145     0   0.0            88     88
  68-Er-166 6837  10   5   6    65146     0   0.0            88     88
  68-Er-166 6837  10   5   6    65146     1   0.0            88     88
  68-Er-166 6837  10   5   6    65147     0   0.0            88     88
  68-Er-166 6837  10   5   6    65147     1   0.0            88     88
  68-Er-166 6837  10   5   6    65148     0   0.0            88     88
  68-Er-166 6837  10   5   6    65148     1   0.0            88     88
  68-Er-166 6837  10   5   6    65149     0   0.0            88     88
  68-Er-166 6837  10   5   6    65149     1   0.0            88     88
  68-Er-166 6837  10   5   6    65150     0   0.0            88     88
  68-Er-166 6837  10   5   6    65150     1   0.0            88     88
  68-Er-166 6837  10   5   6    65151     0   0.0            88     88
  68-Er-166 6837  10   5   6    65151     1   0.0            88     88
  68-Er-166 6837  10   5   6    65152     0   0.0            88     88
  68-Er-166 6837  10   5   6    65152     1   0.0            88     88
  68-Er-166 6837  10   5   6    65153     0   0.0            88     88
  68-Er-166 6837  10   5   6    65154     0   0.0            88     88
  68-Er-166 6837  10   5   6    65154     1   0.0            88     88
  68-Er-166 6837  10   5   6    65155     0   0.0            88     88
  68-Er-166 6837  10   5   6    65156     0   0.0            88     88
  68-Er-166 6837  10   5   6    65156     1   0.0            88     88
  68-Er-166 6837  10   5   6    65156     2   0.0            88     88
  68-Er-166 6837  10   5   6    65157     0   0.0            88     88
  68-Er-166 6837  10   5   6    65158     0   0.0            88     88
  68-Er-166 6837  10   5   6    65158     1   0.0            88     88
  68-Er-166 6837  10   5   6    65159     0   0.0            88     88
  68-Er-166 6837  10   5   6    65160     0   0.0            88     88
  68-Er-166 6837  10   5   6    65161     0   0.0            88     88
  68-Er-166 6837  10   5   6    65162     0   0.0            88     88
  68-Er-166 6837  10   5   6    65163     0   0.0            88     88
  68-Er-166 6837  10   5   6    66146     0   0.0            88     88
  68-Er-166 6837  10   5   6    66146     1   0.0            88     88
  68-Er-166 6837  10   5   6    66147     0   0.0            88     88
  68-Er-166 6837  10   5   6    66147     1   0.0            88     88
  68-Er-166 6837  10   5   6    66148     0   0.0            88     88
  68-Er-166 6837  10   5   6    66149     0   0.0            88     88
  68-Er-166 6837  10   5   6    66150     0   0.0            88     88
  68-Er-166 6837  10   5   6    66151     0   0.0            88     88
  68-Er-166 6837  10   5   6    66152     0   0.0            88     88
  68-Er-166 6837  10   5   6    66153     0   0.0            88     88
  68-Er-166 6837  10   5   6    66154     0   0.0            88     88
  68-Er-166 6837  10   5   6    66155     0   0.0            88     88
  68-Er-166 6837  10   5   6    66156     0   0.0            88     88
  68-Er-166 6837  10   5   6    66157     0   0.0            88     88
  68-Er-166 6837  10   5   6    66158     0   0.0            88     88
  68-Er-166 6837  10   5   6    66159     0   0.0            88     88
  68-Er-166 6837  10   5   6    66160     0   0.0            88     88
  68-Er-166 6837  10   5   6    66161     0   0.0            88     88
  68-Er-166 6837  10   5   6    66162     0   0.0            88     88
  68-Er-166 6837  10   5   6    66163     0   0.0            88     88
  68-Er-166 6837  10   5   6    66164     0   0.0            88     88
  68-Er-166 6837  10   5   6    67147     0   0.0            88     88
  68-Er-166 6837  10   5   6    67148     0   0.0            88     88
  68-Er-166 6837  10   5   6    67148     1   0.0            88     88
  68-Er-166 6837  10   5   6    67149     0   0.0            88     88
  68-Er-166 6837  10   5   6    67149     1   0.0            88     88
  68-Er-166 6837  10   5   6    67150     0   0.0            88     88
  68-Er-166 6837  10   5   6    67150     1   0.0            88     88
  68-Er-166 6837  10   5   6    67151     0   0.0            88     88
  68-Er-166 6837  10   5   6    67151     1   0.0            88     88
  68-Er-166 6837  10   5   6    67152     0   0.0            88     88
  68-Er-166 6837  10   5   6    67152     1   0.0            88     88
  68-Er-166 6837  10   5   6    67153     0   0.0            88     88
  68-Er-166 6837  10   5   6    67153     1   0.0            88     88
  68-Er-166 6837  10   5   6    67154     0   0.0            88     88
  68-Er-166 6837  10   5   6    67154     1   0.0            88     88
  68-Er-166 6837  10   5   6    67155     0   0.0            88     88
  68-Er-166 6837  10   5   6    67156     0   0.0            88     88
  68-Er-166 6837  10   5   6    67156     1   0.0            88     88
  68-Er-166 6837  10   5   6    67157     0   0.0            88     88
  68-Er-166 6837  10   5   6    67158     0   0.0            88     88
  68-Er-166 6837  10   5   6    67158     1   0.0            88     88
  68-Er-166 6837  10   5   6    67158     2   0.0            88     88
  68-Er-166 6837  10   5   6    67159     0   0.0            88     88
  68-Er-166 6837  10   5   6    67159     1   0.0            88     88
  68-Er-166 6837  10   5   6    67160     0   0.0            88     88
  68-Er-166 6837  10   5   6    67160     1   0.0            88     88
  68-Er-166 6837  10   5   6    67160     2   0.0            88     88
  68-Er-166 6837  10   5   6    67161     0   0.0            88     88
  68-Er-166 6837  10   5   6    67161     1   0.0            88     88
  68-Er-166 6837  10   5   6    67162     0   0.0            88     88
  68-Er-166 6837  10   5   6    67162     1   0.0            88     88
  68-Er-166 6837  10   5   6    67163     0   0.0            88     88
  68-Er-166 6837  10   5   6    67163     1   0.0            88     88
  68-Er-166 6837  10   5   6    67164     0   0.0            88     88
  68-Er-166 6837  10   5   6    67164     1   0.0            88     88
  68-Er-166 6837  10   5   6    67165     0   0.0            88     88
  68-Er-166 6837  10   5   6    68148     0   0.0            88     88
  68-Er-166 6837  10   5   6    68149     0   0.0            88     88
  68-Er-166 6837  10   5   6    68150     0   0.0            88     88
  68-Er-166 6837  10   5   6    68151     0   0.0            88     88
  68-Er-166 6837  10   5   6    68152     0   0.0            88     88
  68-Er-166 6837  10   5   6    68153     0   0.0            88     88
  68-Er-166 6837  10   5   6    68154     0   0.0            88     88
  68-Er-166 6837  10   5   6    68155     0   0.0            88     88
  68-Er-166 6837  10   5   6    68156     0   0.0            88     88
  68-Er-166 6837  10   5   6    68157     0   0.0            88     88
  68-Er-166 6837  10   5   6    68158     0   0.0            88     88
  68-Er-166 6837  10   5   6    68159     0   0.0            88     88
  68-Er-166 6837  10   5   6    68160     0   0.0            88     88
  68-Er-166 6837  10   5   6    68161     0   0.0            88     88
  68-Er-166 6837  10   5   6    68162     0   0.0            88     88
  68-Er-166 6837  10   5   6    68163     0   0.0            88     88
  68-Er-166 6837  10   5   6    68164     0   0.0            88     88
  68-Er-166 6837  10   5   6    68165     0   0.0            88     88
  68-Er-166 6837  10   5   6    68166     0   0.0            88     88
  68-Er-166 6837  10   5   6        0     0   0.0            88     88
 ------------------------------------------------------------------------------
                                              MAT Totals  27896  27896
 ------------------------------------------------------------------------------
 ------------------------------------------------------------------------------
 All Cross Sections Read. Maximum Tabulated Energy =  200000000. eV
 ------------------------------------------------------------------------------
 ===============================================================================
      MAT Total Execution Time                0.43 Seconds
 ===============================================================================
 ------------------------------------------------------------------------------
                                             Tape Totals  27896  27896
 ------------------------------------------------------------------------------
 ===============================================================================
 ACTIVATE Total Execution Time                0.44 Seconds
 ===============================================================================
