 Create New Section Index (DICTIN 2019-1)
 ------------------------------------------------------------
 ENDF/B Input and Output Data Filenames
 ------------------------------------------------------------
 DICTIN.IN                                                               
 DICTIN.OUT                                                              
 ------------------------------------------------------------
 First Pass. Reading ENDF/B Data
 ------------------------------------------------------------
  MAT   Messages
 ------------------------------------------------------------
 9228
 ------------------------------------------------------------
 Second Pass. Creating New Index
 ------------------------------------------------------------
 ENDF/B  MAT MF  MT  Lines  Mod
 Format
 ------------------------------------------------------------
  VI    9228  1 451     94    1
        9228  1 452     33    1
        9228  1 455     12    1
        9228  1 456     33    1
        9228  3   3     33    1
        9228  3   5     33    1
        9228  3  18     33    1
        9228 10   5   8097    1
 ------------------------------------------------------------
 Original Line Count   8383
 Final Line Count      8382
 ------------------------------------------------------------
 ===============================================================================
 DICTIN   Total Execution Time                0.03 Seconds
 ===============================================================================
