 ENDF Activation Cross Sections (ACTIVATE 2019-1)
 ------------------------------------------------------------------------------
 ENDF Input and Output Data Filenames
 ------------------------------------------------------------------------------
 ACTIVATE.IN                                                             
 ACTIVATE.OUT                                                            
 ------------------------------------------------------------------------------
 ENDF Tape Label
 ------------------------------------------------------------------------------
  EMPEND Processing file : tb159-g.out                                1
 ------------------------------------------------------------------------------
   Material  MAT  MF  MT  ENDF    ZAP Final      Q-Value Points Points
                          Format      State           eV     In    Out
 ------------------------------------------------------------------------------
  65-Tb-159 6525  10   4 WARNING - MF=10 data already exists - will copy MT.
 ------------------------------------------------------------------------------
  65-Tb-159 6525  10   5   6        1     0   0.0            93     93
  65-Tb-159 6525  10   5   6     1001     0   0.0            93     93
  65-Tb-159 6525  10   5   6     1002     0   0.0            93     93
  65-Tb-159 6525  10   5   6     1003     0   0.0            93     93
  65-Tb-159 6525  10   5   6     2003     0   0.0            93     93
  65-Tb-159 6525  10   5   6     2004     0   0.0            93     93
  65-Tb-159 6525  10   5   6    54130     0   0.0            93     93
  65-Tb-159 6525  10   5   6    54131     0   0.0            93     93
  65-Tb-159 6525  10   5   6    54132     0   0.0            93     93
  65-Tb-159 6525  10   5   6    54133     0   0.0            93     93
  65-Tb-159 6525  10   5   6    54134     0   0.0            93     93
  65-Tb-159 6525  10   5   6    54135     0   0.0            93     93
  65-Tb-159 6525  10   5   6    55132     0   0.0            93     93
  65-Tb-159 6525  10   5   6    55133     0   0.0            93     93
  65-Tb-159 6525  10   5   6    55134     0   0.0            93     93
  65-Tb-159 6525  10   5   6    55135     0   0.0            93     93
  65-Tb-159 6525  10   5   6    55136     0   0.0            93     93
  65-Tb-159 6525  10   5   6    55137     0   0.0            93     93
  65-Tb-159 6525  10   5   6    55138     0   0.0            93     93
  65-Tb-159 6525  10   5   6    56133     0   0.0            93     93
  65-Tb-159 6525  10   5   6    56134     0   0.0            93     93
  65-Tb-159 6525  10   5   6    56135     0   0.0            93     93
  65-Tb-159 6525  10   5   6    56136     0   0.0            93     93
  65-Tb-159 6525  10   5   6    56137     0   0.0            93     93
  65-Tb-159 6525  10   5   6    56138     0   0.0            93     93
  65-Tb-159 6525  10   5   6    56139     0   0.0            93     93
  65-Tb-159 6525  10   5   6    56140     0   0.0            93     93
  65-Tb-159 6525  10   5   6    56141     0   0.0            93     93
  65-Tb-159 6525  10   5   6    57136     0   0.0            93     93
  65-Tb-159 6525  10   5   6    57137     0   0.0            93     93
  65-Tb-159 6525  10   5   6    57138     0   0.0            93     93
  65-Tb-159 6525  10   5   6    57139     0   0.0            93     93
  65-Tb-159 6525  10   5   6    57140     0   0.0            93     93
  65-Tb-159 6525  10   5   6    57141     0   0.0            93     93
  65-Tb-159 6525  10   5   6    57142     0   0.0            93     93
  65-Tb-159 6525  10   5   6    57143     0   0.0            93     93
  65-Tb-159 6525  10   5   6    57144     0   0.0            93     93
  65-Tb-159 6525  10   5   6    58136     0   0.0            93     93
  65-Tb-159 6525  10   5   6    58137     0   0.0            93     93
  65-Tb-159 6525  10   5   6    58138     0   0.0            93     93
  65-Tb-159 6525  10   5   6    58139     0   0.0            93     93
  65-Tb-159 6525  10   5   6    58140     0   0.0            93     93
  65-Tb-159 6525  10   5   6    58141     0   0.0            93     93
  65-Tb-159 6525  10   5   6    58142     0   0.0            93     93
  65-Tb-159 6525  10   5   6    58143     0   0.0            93     93
  65-Tb-159 6525  10   5   6    58144     0   0.0            93     93
  65-Tb-159 6525  10   5   6    58145     0   0.0            93     93
  65-Tb-159 6525  10   5   6    58146     0   0.0            93     93
  65-Tb-159 6525  10   5   6    59139     0   0.0            93     93
  65-Tb-159 6525  10   5   6    59140     0   0.0            93     93
  65-Tb-159 6525  10   5   6    59141     0   0.0            93     93
  65-Tb-159 6525  10   5   6    59142     0   0.0            93     93
  65-Tb-159 6525  10   5   6    59143     0   0.0            93     93
  65-Tb-159 6525  10   5   6    59144     0   0.0            93     93
  65-Tb-159 6525  10   5   6    59145     0   0.0            93     93
  65-Tb-159 6525  10   5   6    59146     0   0.0            93     93
  65-Tb-159 6525  10   5   6    59147     0   0.0            93     93
 WARNING - MF3 E= 1.60000D+08 Not in Energy Range of
           MF9 E= 9.92860D+05 1.40000D+08 eV Data.
           Will Assume MF9 Data = 0 at E= 1.60000D+08
 WARNING - MF3 E= 1.80000D+08 Not in Energy Range of
           MF9 E= 9.92860D+05 1.40000D+08 eV Data.
           Will Assume MF9 Data = 0 at E= 1.80000D+08
 WARNING - MF3 E= 2.00000D+08 Not in Energy Range of
           MF9 E= 9.92860D+05 1.40000D+08 eV Data.
           Will Assume MF9 Data = 0 at E= 2.00000D+08
  65-Tb-159 6525  10   5   6    59148     0   0.0            93     93
 WARNING - MF3 E= 2.00000D+08 Not in Energy Range of
           MF9 E= 9.92860D+05 1.80000D+08 eV Data.
           Will Assume MF9 Data = 0 at E= 2.00000D+08
  65-Tb-159 6525  10   5   6    60139     0   0.0            93     93
  65-Tb-159 6525  10   5   6    60140     0   0.0            93     93
  65-Tb-159 6525  10   5   6    60141     0   0.0            93     93
  65-Tb-159 6525  10   5   6    60142     0   0.0            93     93
  65-Tb-159 6525  10   5   6    60143     0   0.0            93     93
  65-Tb-159 6525  10   5   6    60144     0   0.0            93     93
  65-Tb-159 6525  10   5   6    60145     0   0.0            93     93
  65-Tb-159 6525  10   5   6    60146     0   0.0            93     93
  65-Tb-159 6525  10   5   6    60147     0   0.0            93     93
  65-Tb-159 6525  10   5   6    60148     0   0.0            93     93
  65-Tb-159 6525  10   5   6    60149     0   0.0            93     93
  65-Tb-159 6525  10   5   6    60150     0   0.0            93     93
  65-Tb-159 6525  10   5   6    61142     0   0.0            93     93
  65-Tb-159 6525  10   5   6    61143     0   0.0            93     93
  65-Tb-159 6525  10   5   6    61144     0   0.0            93     93
  65-Tb-159 6525  10   5   6    61145     0   0.0            93     93
  65-Tb-159 6525  10   5   6    61146     0   0.0            93     93
  65-Tb-159 6525  10   5   6    61147     0   0.0            93     93
  65-Tb-159 6525  10   5   6    61148     0   0.0            93     93
  65-Tb-159 6525  10   5   6    61149     0   0.0            93     93
  65-Tb-159 6525  10   5   6    61150     0   0.0            93     93
  65-Tb-159 6525  10   5   6    61151     0   0.0            93     93
  65-Tb-159 6525  10   5   6    61152     0   0.0            93     93
 WARNING - MF3 E= 2.00000D+08 Not in Energy Range of
           MF9 E= 9.92860D+05 1.80000D+08 eV Data.
           Will Assume MF9 Data = 0 at E= 2.00000D+08
  65-Tb-159 6525  10   5   6    62143     0   0.0            93     93
  65-Tb-159 6525  10   5   6    62144     0   0.0            93     93
  65-Tb-159 6525  10   5   6    62145     0   0.0            93     93
  65-Tb-159 6525  10   5   6    62146     0   0.0            93     93
  65-Tb-159 6525  10   5   6    62147     0   0.0            93     93
  65-Tb-159 6525  10   5   6    62148     0   0.0            93     93
  65-Tb-159 6525  10   5   6    62149     0   0.0            93     93
  65-Tb-159 6525  10   5   6    62150     0   0.0            93     93
  65-Tb-159 6525  10   5   6    62151     0   0.0            93     93
  65-Tb-159 6525  10   5   6    62152     0   0.0            93     93
  65-Tb-159 6525  10   5   6    62153     0   0.0            93     93
  65-Tb-159 6525  10   5   6    62154     0   0.0            93     93
 WARNING - MF3 E= 1.00000D+08 Not in Energy Range of
           MF9 E= 9.92860D+05 9.00000D+07 eV Data.
           Will Assume MF9 Data = 0 at E= 1.00000D+08
 WARNING - MF3 E= 1.20000D+08 Not in Energy Range of
           MF9 E= 9.92860D+05 9.00000D+07 eV Data.
           Will Assume MF9 Data = 0 at E= 1.20000D+08
 WARNING - MF3 E= 1.40000D+08 Not in Energy Range of
           MF9 E= 9.92860D+05 9.00000D+07 eV Data.
           Will Assume MF9 Data = 0 at E= 1.40000D+08
 WARNING - MF3 E= 1.60000D+08 Not in Energy Range of
           MF9 E= 9.92860D+05 9.00000D+07 eV Data.
           Will Assume MF9 Data = 0 at E= 1.60000D+08
 WARNING - MF3 E= 1.80000D+08 Not in Energy Range of
           MF9 E= 9.92860D+05 9.00000D+07 eV Data.
           Will Assume MF9 Data = 0 at E= 1.80000D+08
 WARNING - MF3 E= 2.00000D+08 Not in Energy Range of
           MF9 E= 9.92860D+05 9.00000D+07 eV Data.
           Will Assume MF9 Data = 0 at E= 2.00000D+08
  65-Tb-159 6525  10   5   6    62155     0   0.0            93     93
 WARNING - MF3 E= 2.00000D+08 Not in Energy Range of
           MF9 E= 9.92860D+05 1.80000D+08 eV Data.
           Will Assume MF9 Data = 0 at E= 2.00000D+08
  65-Tb-159 6525  10   5   6    63144     0   0.0            93     93
  65-Tb-159 6525  10   5   6    63145     0   0.0            93     93
  65-Tb-159 6525  10   5   6    63146     0   0.0            93     93
  65-Tb-159 6525  10   5   6    63147     0   0.0            93     93
  65-Tb-159 6525  10   5   6    63148     0   0.0            93     93
  65-Tb-159 6525  10   5   6    63149     0   0.0            93     93
  65-Tb-159 6525  10   5   6    63150     0   0.0            93     93
  65-Tb-159 6525  10   5   6    63151     0   0.0            93     93
  65-Tb-159 6525  10   5   6    63152     0   0.0            93     93
  65-Tb-159 6525  10   5   6    63153     0   0.0            93     93
  65-Tb-159 6525  10   5   6    63154     0   0.0            93     93
  65-Tb-159 6525  10   5   6    63155     0   0.0            93     93
  65-Tb-159 6525  10   5   6    63156     0   0.0            93     93
 WARNING - MF3 E= 1.40000D+08 Not in Energy Range of
           MF9 E= 9.92860D+05 1.20000D+08 eV Data.
           Will Assume MF9 Data = 0 at E= 1.40000D+08
 WARNING - MF3 E= 1.60000D+08 Not in Energy Range of
           MF9 E= 9.92860D+05 1.20000D+08 eV Data.
           Will Assume MF9 Data = 0 at E= 1.60000D+08
 WARNING - MF3 E= 1.80000D+08 Not in Energy Range of
           MF9 E= 9.92860D+05 1.20000D+08 eV Data.
           Will Assume MF9 Data = 0 at E= 1.80000D+08
 WARNING - MF3 E= 2.00000D+08 Not in Energy Range of
           MF9 E= 9.92860D+05 1.20000D+08 eV Data.
           Will Assume MF9 Data = 0 at E= 2.00000D+08
  65-Tb-159 6525  10   5   6    64149     0   0.0            93     93
  65-Tb-159 6525  10   5   6    64150     0   0.0            93     93
  65-Tb-159 6525  10   5   6    64151     0   0.0            93     93
  65-Tb-159 6525  10   5   6    64152     0   0.0            93     93
  65-Tb-159 6525  10   5   6    64153     0   0.0            93     93
  65-Tb-159 6525  10   5   6    64154     0   0.0            93     93
  65-Tb-159 6525  10   5   6    64155     0   0.0            93     93
  65-Tb-159 6525  10   5   6    64156     0   0.0            93     93
  65-Tb-159 6525  10   5   6    64157     0   0.0            93     93
 WARNING - MF3 E= 1.20000D+08 Not in Energy Range of
           MF9 E= 9.92860D+05 1.00000D+08 eV Data.
           Will Assume MF9 Data = 0 at E= 1.20000D+08
 WARNING - MF3 E= 1.40000D+08 Not in Energy Range of
           MF9 E= 9.92860D+05 1.00000D+08 eV Data.
           Will Assume MF9 Data = 0 at E= 1.40000D+08
 WARNING - MF3 E= 1.60000D+08 Not in Energy Range of
           MF9 E= 9.92860D+05 1.00000D+08 eV Data.
           Will Assume MF9 Data = 0 at E= 1.60000D+08
 WARNING - MF3 E= 1.80000D+08 Not in Energy Range of
           MF9 E= 9.92860D+05 1.00000D+08 eV Data.
           Will Assume MF9 Data = 0 at E= 1.80000D+08
 WARNING - MF3 E= 2.00000D+08 Not in Energy Range of
           MF9 E= 9.92860D+05 1.00000D+08 eV Data.
           Will Assume MF9 Data = 0 at E= 2.00000D+08
  65-Tb-159 6525  10   5   6    65150     0   0.0            93     93
  65-Tb-159 6525  10   5   6    65151     0   0.0            93     93
  65-Tb-159 6525  10   5   6    65152     0   0.0            93     93
  65-Tb-159 6525  10   5   6    65153     0   0.0            93     93
  65-Tb-159 6525  10   5   6    65154     0   0.0            93     93
  65-Tb-159 6525  10   5   6    65155     0   0.0            93     93
  65-Tb-159 6525  10   5   6        0     0   0.0            93     93
 ------------------------------------------------------------------------------
                                              MAT Totals  11439  11439
 ------------------------------------------------------------------------------
 ------------------------------------------------------------------------------
 All Cross Sections Read. Maximum Tabulated Energy =  200000000. eV
 ------------------------------------------------------------------------------
 WARNING - The Following MTs Stop below the Maximum Tabulated Energy
 ------------------------------------------------------------------------------
  MAT MF  MT  This MT     Maximum E
 ------------------------------------------------------------------------------
 6525  9   5  140000000.  200000000.
 6525  9   5  180000000.  200000000.
 6525  9   5  180000000.  200000000.
 6525  9   5  90000000.0  200000000.
 6525  9   5  180000000.  200000000.
 6525  9   5  120000000.  200000000.
 6525  9   5  100000000.  200000000.
 ------------------------------------------------------------------------------
 WARNING - Data between 90000000.0 and  200000000. are NOT Reliable
 ------------------------------------------------------------------------------
 ===============================================================================
      MAT Total Execution Time                1.44 Seconds
 ===============================================================================
 ------------------------------------------------------------------------------
                                             Tape Totals  11439  11439
 ------------------------------------------------------------------------------
 WARNING - The purpose of this code is to create MF=10 data
           if it does not already exist - if it does exist
           it is copied without checking whether or not it is
           consistent with MF=9 data. Be WARNED that for the
           MF=10 created here MF=9 and MF=10 are consistent.
           But for MF=10 that already existed there is no
           check that MF=9 and MF=10 are consistent.
 ------------------------------------------------------------------------------
 ------------------------------------------------------------------------------
 WARNING - The ENDF Output is NOT Relialble above 90000000.0 eV,
           because it is NOT Consistently Defined for ALL MTs.
           It is STRONGLY recommended that you NOT use this
           data above this energy. If you need data up to
           energies higher than this PLEASE correct the data
           and only then try re-running this code.
 ------------------------------------------------------------------------------
 ===============================================================================
 ACTIVATE Total Execution Time                1.44 Seconds
 ===============================================================================
