 Create New Section Index (DICTIN 2019-1)
 ------------------------------------------------------------
 ENDF/B Input and Output Data Filenames
 ------------------------------------------------------------
 DICTIN.IN                                                               
 DICTIN.OUT                                                              
 ------------------------------------------------------------
 First Pass. Reading ENDF/B Data
 ------------------------------------------------------------
  MAT   Messages
 ------------------------------------------------------------
 6525
 ------------------------------------------------------------
 Second Pass. Creating New Index
 ------------------------------------------------------------
 ENDF/B  MAT MF  MT  Lines  Mod
 Format
 ------------------------------------------------------------
  VI    6525  1 451    540    1
        6525  3   1     34    1
        6525  3   4     32    1
        6525  3   5     34    1
        6525  3  11     13    1
        6525  3  16     27    1
        6525  3  17     16    1
        6525  3  22     31    1
        6525  3  28     26    1
        6525  3  32     19    1
        6525  3  33     17    1
        6525  3  34     16    1
        6525  3  41     17    1
        6525  3  42     12    1
        6525  3  44     15    1
        6525  3  50     32    1
        6525  3  51     32    1
        6525  3  52     32    1
        6525  3  53     32    1
        6525  3  54     32    1
        6525  3  55     32    1
        6525  3  56     32    1
        6525  3  57     32    1
        6525  3  58     32    1
        6525  3  59     32    1
        6525  3  60     32    1
        6525  3  61     32    1
        6525  3  62     32    1
        6525  3  63     32    1
        6525  3  64     32    1
        6525  3  65     32    1
        6525  3  66     32    1
        6525  3  67     32    1
        6525  3  68     32    1
        6525  3  69     32    1
        6525  3  70     32    1
        6525  3  71     32    1
        6525  3  72     32    1
        6525  3  73     32    1
        6525  3  74     32    1
        6525  3  75     32    1
        6525  3  76     32    1
        6525  3  77     32    1
        6525  3  78     32    1
        6525  3  79     32    1
        6525  3  80     32    1
        6525  3  81     32    1
        6525  3  82     32    1
        6525  3  83     32    1
        6525  3  84     32    1
        6525  3  85     32    1
        6525  3  86     32    1
        6525  3  87     32    1
        6525  3  88     32    1
        6525  3  89     32    1
        6525  3  91     32    1
        6525  3 102     34    1
        6525  3 104     29    1
        6525  3 105     29    1
        6525  3 106     23    1
        6525  3 111     20    1
        6525  3 112     30    1
        6525  3 115     16    1
        6525  3 116     16    1
        6525  3 600     32    1
        6525  3 601     32    1
        6525  3 602     32    1
        6525  3 603     32    1
        6525  3 604     32    1
        6525  3 605     32    1
        6525  3 606     32    1
        6525  3 607     32    1
        6525  3 608     32    1
        6525  3 609     32    1
        6525  3 610     32    1
        6525  3 611     32    1
        6525  3 612     32    1
        6525  3 613     32    1
        6525  3 614     32    1
        6525  3 615     32    1
        6525  3 616     32    1
        6525  3 617     32    1
        6525  3 618     32    1
        6525  3 619     32    1
        6525  3 620     32    1
        6525  3 621     32    1
        6525  3 622     32    1
        6525  3 623     32    1
        6525  3 624     32    1
        6525  3 625     32    1
        6525  3 626     32    1
        6525  3 800     34    1
        6525  3 801     34    1
        6525  3 802     34    1
        6525  3 803     34    1
        6525  3 804     34    1
        6525  3 805     34    1
        6525  3 806     34    1
        6525  3 807     34    1
        6525  3 808     34    1
        6525  3 809     34    1
        6525  3 810     34    1
        6525  3 811     34    1
        6525  3 812     34    1
        6525  3 813     34    1
        6525  3 814     34    1
        6525  3 815     34    1
        6525  3 816     34    1
        6525  3 817     34    1
        6525  3 818     34    1
        6525  3 819     34    1
        6525  3 820     34    1
        6525  3 821     34    1
        6525  3 822     34    1
        6525  3 823     34    1
        6525  3 824     34    1
        6525  3 825     34    1
        6525  3 826     34    1
        6525  3 827     34    1
        6525  3 828     34    1
        6525  3 829     34    1
        6525  3 830     34    1
        6525  3 831     34    1
        6525  3 832     34    1
        6525  3 833     34    1
        6525  3 834     34    1
        6525  3 835     34    1
        6525  3 836     34    1
        6525  3 837     34    1
        6525  3 838     34    1
        6525  3 839     34    1
        6525 10   4     63    1
        6525 10   5   4060    1
 ------------------------------------------------------------
 Original Line Count   9179
 Final Line Count      8844
 ------------------------------------------------------------
 ===============================================================================
 DICTIN   Total Execution Time                0.03 Seconds
 ===============================================================================
