  Merge ENDF/B Data into MAT/MF/MT Order (MERGER 2019-1)
 ************************************************************************
 Interpretation of Input Parameters
 ************************************************************************
 Output Filename
 ------------------------------------------------------------------------
 MERGER.OUT                                                              
 ------------------------------------------------------------------------
 Merged File Label
 ------------------------------------------------------------------------
                                                                      0
 ------------------------------------------------------------------------
 Retrieval Criteria-----------        MAT
 ------------------------------------------------------------------------
 Input Filenames
 ------------------------------------------------------------------------
 MERGER.IN                                                               
 ------------------------------------------------------------------------
 Retrieval Criteria
 ------------------------------------------------------------------------
 Request *   Lower Limit *   Upper Limit  
  Number *    MAT MF  MT *    MAT MF  MT  
 ------------------------------------------------------------------------
       1 *      0  1   1 * 999999  3 999
       2 *      0 10   1 * 999999 10 999
       3 *      0 33   1 * 999999 33 999
       4 *      0 40   1 * 999999 40 999
 ------------------------------------------------------------------------
 ************************************************************************
 Retrieved Data
 ************************************************************************
     ZA  MAT MF  MT  Lines  Unit Request Message
                                  Number
 ------------------------------------------------------------------------
  65159 6525  1 451    876    11       1
  65159 6525  3   1     35    11       1
  65159 6525  3   4     33    11       1
  65159 6525  3   5     35    11       1
  65159 6525  3  11     14    11       1
  65159 6525  3  16     28    11       1
  65159 6525  3  17     17    11       1
  65159 6525  3  22     32    11       1
  65159 6525  3  28     27    11       1
  65159 6525  3  32     20    11       1
  65159 6525  3  33     18    11       1
  65159 6525  3  34     17    11       1
  65159 6525  3  41     18    11       1
  65159 6525  3  42     13    11       1
  65159 6525  3  44     16    11       1
  65159 6525  3  50     33    11       1
  65159 6525  3  51     33    11       1
  65159 6525  3  52     33    11       1
  65159 6525  3  53     33    11       1
  65159 6525  3  54     33    11       1
  65159 6525  3  55     33    11       1
  65159 6525  3  56     33    11       1
  65159 6525  3  57     33    11       1
  65159 6525  3  58     33    11       1
  65159 6525  3  59     33    11       1
  65159 6525  3  60     33    11       1
  65159 6525  3  61     33    11       1
  65159 6525  3  62     33    11       1
  65159 6525  3  63     33    11       1
  65159 6525  3  64     33    11       1
  65159 6525  3  65     33    11       1
  65159 6525  3  66     33    11       1
  65159 6525  3  67     33    11       1
  65159 6525  3  68     33    11       1
  65159 6525  3  69     33    11       1
  65159 6525  3  70     33    11       1
  65159 6525  3  71     33    11       1
  65159 6525  3  72     33    11       1
  65159 6525  3  73     33    11       1
  65159 6525  3  74     33    11       1
  65159 6525  3  75     33    11       1
  65159 6525  3  76     33    11       1
  65159 6525  3  77     33    11       1
  65159 6525  3  78     33    11       1
  65159 6525  3  79     33    11       1
  65159 6525  3  80     33    11       1
  65159 6525  3  81     33    11       1
  65159 6525  3  82     33    11       1
  65159 6525  3  83     33    11       1
  65159 6525  3  84     33    11       1
  65159 6525  3  85     33    11       1
  65159 6525  3  86     33    11       1
  65159 6525  3  87     33    11       1
  65159 6525  3  88     33    11       1
  65159 6525  3  89     33    11       1
  65159 6525  3  91     33    11       1
  65159 6525  3 102     35    11       1
  65159 6525  3 104     30    11       1
  65159 6525  3 105     30    11       1
  65159 6525  3 106     24    11       1
  65159 6525  3 111     21    11       1
  65159 6525  3 112     31    11       1
  65159 6525  3 115     17    11       1
  65159 6525  3 116     17    11       1
  65159 6525  3 600     33    11       1
  65159 6525  3 601     33    11       1
  65159 6525  3 602     33    11       1
  65159 6525  3 603     33    11       1
  65159 6525  3 604     33    11       1
  65159 6525  3 605     33    11       1
  65159 6525  3 606     33    11       1
  65159 6525  3 607     33    11       1
  65159 6525  3 608     33    11       1
  65159 6525  3 609     33    11       1
  65159 6525  3 610     33    11       1
  65159 6525  3 611     33    11       1
  65159 6525  3 612     33    11       1
  65159 6525  3 613     33    11       1
  65159 6525  3 614     33    11       1
  65159 6525  3 615     33    11       1
  65159 6525  3 616     33    11       1
  65159 6525  3 617     33    11       1
  65159 6525  3 618     33    11       1
  65159 6525  3 619     33    11       1
  65159 6525  3 620     33    11       1
  65159 6525  3 621     33    11       1
  65159 6525  3 622     33    11       1
  65159 6525  3 623     33    11       1
  65159 6525  3 624     33    11       1
  65159 6525  3 625     33    11       1
  65159 6525  3 626     33    11       1
  65159 6525  3 800     35    11       1
  65159 6525  3 801     35    11       1
  65159 6525  3 802     35    11       1
  65159 6525  3 803     35    11       1
  65159 6525  3 804     35    11       1
  65159 6525  3 805     35    11       1
  65159 6525  3 806     35    11       1
  65159 6525  3 807     35    11       1
  65159 6525  3 808     35    11       1
  65159 6525  3 809     35    11       1
  65159 6525  3 810     35    11       1
  65159 6525  3 811     35    11       1
  65159 6525  3 812     35    11       1
  65159 6525  3 813     35    11       1
  65159 6525  3 814     35    11       1
  65159 6525  3 815     35    11       1
  65159 6525  3 816     35    11       1
  65159 6525  3 817     35    11       1
  65159 6525  3 818     35    11       1
  65159 6525  3 819     35    11       1
  65159 6525  3 820     35    11       1
  65159 6525  3 821     35    11       1
  65159 6525  3 822     35    11       1
  65159 6525  3 823     35    11       1
  65159 6525  3 824     35    11       1
  65159 6525  3 825     35    11       1
  65159 6525  3 826     35    11       1
  65159 6525  3 827     35    11       1
  65159 6525  3 828     35    11       1
  65159 6525  3 829     35    11       1
  65159 6525  3 830     35    11       1
  65159 6525  3 831     35    11       1
  65159 6525  3 832     35    11       1
  65159 6525  3 833     35    11       1
  65159 6525  3 834     35    11       1
  65159 6525  3 835     35    11       1
  65159 6525  3 836     35    11       1
  65159 6525  3 837     35    11       1
  65159 6525  3 838     35    11       1
  65159 6525  3 839     35    11       1
  65159 6525 10   4     64    11       2
  65159 6525 10   5   4061    11       2
 ------------------------------------------------------------------------
          MAT Lines   9177
 ------------------------------------------------------------------------
         Tape Lines   9179
 ------------------------------------------------------------------------
 ************************************************************************
 Retrieval Statistics
 ************************************************************************
 Merged Materials---          1
 Merged Sections----        133
 Merged Lines-------       9179
 ------------------------------------------------------------------------
 Retrieved Data for Each Request
 ------------------------------------------------------------------------
 Request *   Lower Limit *   Upper Limit *            Retrieved
  Number *    MAT MF  MT *    MAT MF  MT *   Materials    Sections  Lines
 ------------------------------------------------------------------------
       1 *      0  1   1 * 999999  3 999 *           1         131   5048
       2 *      0 10   1 * 999999 10 999 *           1           2   4125
       3 *      0 33   1 * 999999 33 999 *           0           0      0
       4 *      0 40   1 * 999999 40 999 *           0           0      0
 ------------------------------------------------------------------------
  Totals                                             1         133   9179
 ------------------------------------------------------------------------
 Note..The Line Count of Retrieved Data for Each Request Does
       NOT Include FEND, MEND AND TEND Lines. Therefore the  
       Total Number of Lines Actually Retrieved and Written  
       on the Merged File Will be More than the Sum of the   
       Number of Lines for All Requests.                     
 ===============================================================================
 MERGER   Total Execution Time                0.12 Seconds
 ===============================================================================
