 ENDF Activation Cross Sections (ACTIVATE 2019-1)
 ------------------------------------------------------------------------------
 ENDF Input and Output Data Filenames
 ------------------------------------------------------------------------------
 ACTIVATE.IN                                                             
 ACTIVATE.OUT                                                            
 ------------------------------------------------------------------------------
 ENDF Tape Label
 ------------------------------------------------------------------------------
  JENDL/PD-2016.1  Pd-110                                             1
 ------------------------------------------------------------------------------
   Material  MAT  MF  MT  ENDF    ZAP Final      Q-Value Points Points
                          Format      State           eV     In    Out
 ------------------------------------------------------------------------------
  46-Pd-110 4649  10   5   6        1     0   0.0            88     88
  46-Pd-110 4649  10   5   6     1001     0   0.0            88     88
  46-Pd-110 4649  10   5   6     1002     0   0.0            88     88
  46-Pd-110 4649  10   5   6     1003     0   0.0            88     88
  46-Pd-110 4649  10   5   6     2003     0   0.0            88     88
  46-Pd-110 4649  10   5   6     2004     0   0.0            88     88
  46-Pd-110 4649  10   5   6    28074     0   0.0            88     88
  46-Pd-110 4649  10   5   6    29075     0   0.0            88     88
  46-Pd-110 4649  10   5   6    29076     0   0.0            88     88
  46-Pd-110 4649  10   5   6    29076     1   0.0            88     88
  46-Pd-110 4649  10   5   6    29077     0   0.0            88     88
  46-Pd-110 4649  10   5   6    30076     0   0.0            88     88
  46-Pd-110 4649  10   5   6    30077     0   0.0            88     88
  46-Pd-110 4649  10   5   6    30077     1   0.0            88     88
  46-Pd-110 4649  10   5   6    30078     0   0.0            88     88
  46-Pd-110 4649  10   5   6    30079     0   0.0            88     88
  46-Pd-110 4649  10   5   6    30080     0   0.0            88     88
  46-Pd-110 4649  10   5   6    31077     0   0.0            88     88
  46-Pd-110 4649  10   5   6    31078     0   0.0            88     88
  46-Pd-110 4649  10   5   6    31079     0   0.0            88     88
  46-Pd-110 4649  10   5   6    31080     0   0.0            88     88
  46-Pd-110 4649  10   5   6    31081     0   0.0            88     88
  46-Pd-110 4649  10   5   6    31082     0   0.0            88     88
  46-Pd-110 4649  10   5   6    31083     0   0.0            88     88
  46-Pd-110 4649  10   5   6    32078     0   0.0            88     88
  46-Pd-110 4649  10   5   6    32079     0   0.0            88     88
  46-Pd-110 4649  10   5   6    32079     1   0.0            88     88
  46-Pd-110 4649  10   5   6    32080     0   0.0            88     88
  46-Pd-110 4649  10   5   6    32081     0   0.0            88     88
  46-Pd-110 4649  10   5   6    32081     1   0.0            88     88
  46-Pd-110 4649  10   5   6    32082     0   0.0            88     88
  46-Pd-110 4649  10   5   6    32083     0   0.0            88     88
  46-Pd-110 4649  10   5   6    32084     0   0.0            88     88
  46-Pd-110 4649  10   5   6    32085     0   0.0            88     88
  46-Pd-110 4649  10   5   6    32086     0   0.0            88     88
  46-Pd-110 4649  10   5   6    33079     0   0.0            88     88
  46-Pd-110 4649  10   5   6    33080     0   0.0            88     88
  46-Pd-110 4649  10   5   6    33081     0   0.0            88     88
  46-Pd-110 4649  10   5   6    33082     0   0.0            88     88
  46-Pd-110 4649  10   5   6    33082     1   0.0            88     88
  46-Pd-110 4649  10   5   6    33083     0   0.0            88     88
  46-Pd-110 4649  10   5   6    33084     0   0.0            88     88
  46-Pd-110 4649  10   5   6    33085     0   0.0            88     88
  46-Pd-110 4649  10   5   6    33086     0   0.0            88     88
  46-Pd-110 4649  10   5   6    33087     0   0.0            88     88
  46-Pd-110 4649  10   5   6    33088     0   0.0            88     88
  46-Pd-110 4649  10   5   6    33089     0   0.0            88     88
  46-Pd-110 4649  10   5   6    34080     0   0.0            88     88
  46-Pd-110 4649  10   5   6    34081     0   0.0            88     88
  46-Pd-110 4649  10   5   6    34081     1   0.0            88     88
  46-Pd-110 4649  10   5   6    34082     0   0.0            88     88
  46-Pd-110 4649  10   5   6    34083     0   0.0            88     88
  46-Pd-110 4649  10   5   6    34083     1   0.0            88     88
  46-Pd-110 4649  10   5   6    34084     0   0.0            88     88
  46-Pd-110 4649  10   5   6    34085     0   0.0            88     88
  46-Pd-110 4649  10   5   6    34086     0   0.0            88     88
  46-Pd-110 4649  10   5   6    34087     0   0.0            88     88
  46-Pd-110 4649  10   5   6    34088     0   0.0            88     88
  46-Pd-110 4649  10   5   6    34089     0   0.0            88     88
  46-Pd-110 4649  10   5   6    34090     0   0.0            88     88
  46-Pd-110 4649  10   5   6    34091     0   0.0            88     88
  46-Pd-110 4649  10   5   6    34092     0   0.0            88     88
  46-Pd-110 4649  10   5   6    35081     0   0.0            88     88
  46-Pd-110 4649  10   5   6    35082     0   0.0            88     88
  46-Pd-110 4649  10   5   6    35082     1   0.0            88     88
  46-Pd-110 4649  10   5   6    35083     0   0.0            88     88
  46-Pd-110 4649  10   5   6    35084     0   0.0            88     88
  46-Pd-110 4649  10   5   6    35084     1   0.0            88     88
  46-Pd-110 4649  10   5   6    35085     0   0.0            88     88
  46-Pd-110 4649  10   5   6    35086     0   0.0            88     88
  46-Pd-110 4649  10   5   6    35087     0   0.0            88     88
  46-Pd-110 4649  10   5   6    35088     0   0.0            88     88
  46-Pd-110 4649  10   5   6    35089     0   0.0            88     88
  46-Pd-110 4649  10   5   6    35090     0   0.0            88     88
  46-Pd-110 4649  10   5   6    35091     0   0.0            88     88
  46-Pd-110 4649  10   5   6    35092     0   0.0            88     88
  46-Pd-110 4649  10   5   6    35093     0   0.0            88     88
  46-Pd-110 4649  10   5   6    35094     0   0.0            88     88
  46-Pd-110 4649  10   5   6    35095     0   0.0            88     88
  46-Pd-110 4649  10   5   6    36082     0   0.0            88     88
  46-Pd-110 4649  10   5   6    36083     0   0.0            88     88
  46-Pd-110 4649  10   5   6    36083     1   0.0            88     88
  46-Pd-110 4649  10   5   6    36084     0   0.0            88     88
  46-Pd-110 4649  10   5   6    36085     0   0.0            88     88
  46-Pd-110 4649  10   5   6    36085     1   0.0            88     88
  46-Pd-110 4649  10   5   6    36086     0   0.0            88     88
  46-Pd-110 4649  10   5   6    36087     0   0.0            88     88
  46-Pd-110 4649  10   5   6    36088     0   0.0            88     88
  46-Pd-110 4649  10   5   6    36089     0   0.0            88     88
  46-Pd-110 4649  10   5   6    36090     0   0.0            88     88
  46-Pd-110 4649  10   5   6    36091     0   0.0            88     88
  46-Pd-110 4649  10   5   6    36092     0   0.0            88     88
  46-Pd-110 4649  10   5   6    36093     0   0.0            88     88
  46-Pd-110 4649  10   5   6    36094     0   0.0            88     88
  46-Pd-110 4649  10   5   6    36095     0   0.0            88     88
  46-Pd-110 4649  10   5   6    36096     0   0.0            88     88
  46-Pd-110 4649  10   5   6    36097     0   0.0            88     88
  46-Pd-110 4649  10   5   6    36098     0   0.0            88     88
  46-Pd-110 4649  10   5   6    37083     0   0.0            88     88
  46-Pd-110 4649  10   5   6    37084     0   0.0            88     88
  46-Pd-110 4649  10   5   6    37084     1   0.0            88     88
  46-Pd-110 4649  10   5   6    37085     0   0.0            88     88
  46-Pd-110 4649  10   5   6    37086     0   0.0            88     88
  46-Pd-110 4649  10   5   6    37086     1   0.0            88     88
  46-Pd-110 4649  10   5   6    37087     0   0.0            88     88
  46-Pd-110 4649  10   5   6    37088     0   0.0            88     88
  46-Pd-110 4649  10   5   6    37089     0   0.0            88     88
  46-Pd-110 4649  10   5   6    37090     0   0.0            88     88
  46-Pd-110 4649  10   5   6    37090     1   0.0            88     88
  46-Pd-110 4649  10   5   6    37091     0   0.0            88     88
  46-Pd-110 4649  10   5   6    37092     0   0.0            88     88
  46-Pd-110 4649  10   5   6    37093     0   0.0            88     88
  46-Pd-110 4649  10   5   6    37094     0   0.0            88     88
  46-Pd-110 4649  10   5   6    37095     0   0.0            88     88
  46-Pd-110 4649  10   5   6    37096     0   0.0            88     88
  46-Pd-110 4649  10   5   6    37097     0   0.0            88     88
  46-Pd-110 4649  10   5   6    37098     0   0.0            88     88
  46-Pd-110 4649  10   5   6    37099     0   0.0            88     88
  46-Pd-110 4649  10   5   6    37100     0   0.0            88     88
  46-Pd-110 4649  10   5   6    38084     0   0.0            88     88
  46-Pd-110 4649  10   5   6    38085     0   0.0            88     88
  46-Pd-110 4649  10   5   6    38085     1   0.0            88     88
  46-Pd-110 4649  10   5   6    38086     0   0.0            88     88
  46-Pd-110 4649  10   5   6    38087     0   0.0            88     88
  46-Pd-110 4649  10   5   6    38087     1   0.0            88     88
  46-Pd-110 4649  10   5   6    38088     0   0.0            88     88
  46-Pd-110 4649  10   5   6    38089     0   0.0            88     88
  46-Pd-110 4649  10   5   6    38090     0   0.0            88     88
  46-Pd-110 4649  10   5   6    38091     0   0.0            88     88
  46-Pd-110 4649  10   5   6    38092     0   0.0            88     88
  46-Pd-110 4649  10   5   6    38093     0   0.0            88     88
  46-Pd-110 4649  10   5   6    38094     0   0.0            88     88
  46-Pd-110 4649  10   5   6    38095     0   0.0            88     88
  46-Pd-110 4649  10   5   6    38096     0   0.0            88     88
  46-Pd-110 4649  10   5   6    38097     0   0.0            88     88
  46-Pd-110 4649  10   5   6    38098     0   0.0            88     88
  46-Pd-110 4649  10   5   6    38099     0   0.0            88     88
  46-Pd-110 4649  10   5   6    38100     0   0.0            88     88
  46-Pd-110 4649  10   5   6    38101     0   0.0            88     88
  46-Pd-110 4649  10   5   6    39085     0   0.0            88     88
  46-Pd-110 4649  10   5   6    39085     1   0.0            88     88
  46-Pd-110 4649  10   5   6    39086     0   0.0            88     88
  46-Pd-110 4649  10   5   6    39086     1   0.0            88     88
  46-Pd-110 4649  10   5   6    39087     0   0.0            88     88
  46-Pd-110 4649  10   5   6    39087     1   0.0            88     88
  46-Pd-110 4649  10   5   6    39088     0   0.0            88     88
  46-Pd-110 4649  10   5   6    39089     0   0.0            88     88
  46-Pd-110 4649  10   5   6    39089     1   0.0            88     88
  46-Pd-110 4649  10   5   6    39090     0   0.0            88     88
  46-Pd-110 4649  10   5   6    39090     1   0.0            88     88
  46-Pd-110 4649  10   5   6    39091     0   0.0            88     88
  46-Pd-110 4649  10   5   6    39091     1   0.0            88     88
  46-Pd-110 4649  10   5   6    39092     0   0.0            88     88
  46-Pd-110 4649  10   5   6    39093     0   0.0            88     88
  46-Pd-110 4649  10   5   6    39093     1   0.0            88     88
  46-Pd-110 4649  10   5   6    39094     0   0.0            88     88
  46-Pd-110 4649  10   5   6    39095     0   0.0            88     88
  46-Pd-110 4649  10   5   6    39096     0   0.0            88     88
  46-Pd-110 4649  10   5   6    39097     0   0.0            88     88
  46-Pd-110 4649  10   5   6    39097     1   0.0            88     88
  46-Pd-110 4649  10   5   6    39098     0   0.0            88     88
  46-Pd-110 4649  10   5   6    39098     1   0.0            88     88
  46-Pd-110 4649  10   5   6    39099     0   0.0            88     88
  46-Pd-110 4649  10   5   6    39100     0   0.0            88     88
  46-Pd-110 4649  10   5   6    39100     1   0.0            88     88
  46-Pd-110 4649  10   5   6    39101     0   0.0            88     88
  46-Pd-110 4649  10   5   6    39102     0   0.0            88     88
  46-Pd-110 4649  10   5   6    40086     0   0.0            88     88
  46-Pd-110 4649  10   5   6    40087     0   0.0            88     88
  46-Pd-110 4649  10   5   6    40087     1   0.0            88     88
  46-Pd-110 4649  10   5   6    40088     0   0.0            88     88
  46-Pd-110 4649  10   5   6    40089     0   0.0            88     88
  46-Pd-110 4649  10   5   6    40089     1   0.0            88     88
  46-Pd-110 4649  10   5   6    40090     0   0.0            88     88
  46-Pd-110 4649  10   5   6    40090     1   0.0            88     88
  46-Pd-110 4649  10   5   6    40091     0   0.0            88     88
  46-Pd-110 4649  10   5   6    40092     0   0.0            88     88
  46-Pd-110 4649  10   5   6    40093     0   0.0            88     88
  46-Pd-110 4649  10   5   6    40094     0   0.0            88     88
  46-Pd-110 4649  10   5   6    40095     0   0.0            88     88
  46-Pd-110 4649  10   5   6    40096     0   0.0            88     88
  46-Pd-110 4649  10   5   6    40097     0   0.0            88     88
  46-Pd-110 4649  10   5   6    40098     0   0.0            88     88
  46-Pd-110 4649  10   5   6    40099     0   0.0            88     88
  46-Pd-110 4649  10   5   6    40100     0   0.0            88     88
  46-Pd-110 4649  10   5   6    40101     0   0.0            88     88
  46-Pd-110 4649  10   5   6    40102     0   0.0            88     88
  46-Pd-110 4649  10   5   6    40103     0   0.0            88     88
  46-Pd-110 4649  10   5   6    40104     0   0.0            88     88
  46-Pd-110 4649  10   5   6    41087     0   0.0            88     88
  46-Pd-110 4649  10   5   6    41087     1   0.0            88     88
  46-Pd-110 4649  10   5   6    41088     0   0.0            88     88
  46-Pd-110 4649  10   5   6    41088     1   0.0            88     88
  46-Pd-110 4649  10   5   6    41089     0   0.0            88     88
  46-Pd-110 4649  10   5   6    41089     1   0.0            88     88
  46-Pd-110 4649  10   5   6    41090     0   0.0            88     88
  46-Pd-110 4649  10   5   6    41090     1   0.0            88     88
  46-Pd-110 4649  10   5   6    41091     0   0.0            88     88
  46-Pd-110 4649  10   5   6    41091     1   0.0            88     88
  46-Pd-110 4649  10   5   6    41092     0   0.0            88     88
  46-Pd-110 4649  10   5   6    41092     1   0.0            88     88
  46-Pd-110 4649  10   5   6    41093     0   0.0            88     88
  46-Pd-110 4649  10   5   6    41093     1   0.0            88     88
  46-Pd-110 4649  10   5   6    41094     0   0.0            88     88
  46-Pd-110 4649  10   5   6    41094     1   0.0            88     88
  46-Pd-110 4649  10   5   6    41095     0   0.0            88     88
  46-Pd-110 4649  10   5   6    41095     1   0.0            88     88
  46-Pd-110 4649  10   5   6    41096     0   0.0            88     88
  46-Pd-110 4649  10   5   6    41097     0   0.0            88     88
  46-Pd-110 4649  10   5   6    41097     1   0.0            88     88
  46-Pd-110 4649  10   5   6    41098     0   0.0            88     88
  46-Pd-110 4649  10   5   6    41098     1   0.0            88     88
  46-Pd-110 4649  10   5   6    41099     0   0.0            88     88
  46-Pd-110 4649  10   5   6    41099     1   0.0            88     88
  46-Pd-110 4649  10   5   6    41100     0   0.0            88     88
  46-Pd-110 4649  10   5   6    41100     1   0.0            88     88
  46-Pd-110 4649  10   5   6    41101     0   0.0            88     88
  46-Pd-110 4649  10   5   6    41102     0   0.0            88     88
  46-Pd-110 4649  10   5   6    41102     1   0.0            88     88
  46-Pd-110 4649  10   5   6    41103     0   0.0            88     88
  46-Pd-110 4649  10   5   6    41104     0   0.0            88     88
  46-Pd-110 4649  10   5   6    41105     0   0.0            88     88
  46-Pd-110 4649  10   5   6    42088     0   0.0            88     88
  46-Pd-110 4649  10   5   6    42089     0   0.0            88     88
  46-Pd-110 4649  10   5   6    42089     1   0.0            88     88
  46-Pd-110 4649  10   5   6    42090     0   0.0            88     88
  46-Pd-110 4649  10   5   6    42091     0   0.0            88     88
  46-Pd-110 4649  10   5   6    42091     1   0.0            88     88
  46-Pd-110 4649  10   5   6    42092     0   0.0            88     88
  46-Pd-110 4649  10   5   6    42093     0   0.0            88     88
  46-Pd-110 4649  10   5   6    42093     1   0.0            88     88
  46-Pd-110 4649  10   5   6    42094     0   0.0            88     88
  46-Pd-110 4649  10   5   6    42095     0   0.0            88     88
  46-Pd-110 4649  10   5   6    42096     0   0.0            88     88
  46-Pd-110 4649  10   5   6    42097     0   0.0            88     88
  46-Pd-110 4649  10   5   6    42098     0   0.0            88     88
  46-Pd-110 4649  10   5   6    42099     0   0.0            88     88
  46-Pd-110 4649  10   5   6    42100     0   0.0            88     88
  46-Pd-110 4649  10   5   6    42101     0   0.0            88     88
  46-Pd-110 4649  10   5   6    42102     0   0.0            88     88
  46-Pd-110 4649  10   5   6    42103     0   0.0            88     88
  46-Pd-110 4649  10   5   6    42104     0   0.0            88     88
  46-Pd-110 4649  10   5   6    42105     0   0.0            88     88
  46-Pd-110 4649  10   5   6    42106     0   0.0            88     88
  46-Pd-110 4649  10   5   6    43089     0   0.0            88     88
  46-Pd-110 4649  10   5   6    43089     1   0.0            88     88
  46-Pd-110 4649  10   5   6    43090     0   0.0            88     88
  46-Pd-110 4649  10   5   6    43090     1   0.0            88     88
  46-Pd-110 4649  10   5   6    43090     2   0.0            88     88
  46-Pd-110 4649  10   5   6    43091     0   0.0            88     88
  46-Pd-110 4649  10   5   6    43091     1   0.0            88     88
  46-Pd-110 4649  10   5   6    43092     0   0.0            88     88
  46-Pd-110 4649  10   5   6    43093     0   0.0            88     88
  46-Pd-110 4649  10   5   6    43093     1   0.0            88     88
  46-Pd-110 4649  10   5   6    43094     0   0.0            88     88
  46-Pd-110 4649  10   5   6    43094     1   0.0            88     88
  46-Pd-110 4649  10   5   6    43095     0   0.0            88     88
  46-Pd-110 4649  10   5   6    43095     1   0.0            88     88
  46-Pd-110 4649  10   5   6    43096     0   0.0            88     88
  46-Pd-110 4649  10   5   6    43096     1   0.0            88     88
  46-Pd-110 4649  10   5   6    43097     0   0.0            88     88
  46-Pd-110 4649  10   5   6    43097     1   0.0            88     88
  46-Pd-110 4649  10   5   6    43098     0   0.0            88     88
  46-Pd-110 4649  10   5   6    43099     0   0.0            88     88
  46-Pd-110 4649  10   5   6    43099     1   0.0            88     88
  46-Pd-110 4649  10   5   6    43100     0   0.0            88     88
  46-Pd-110 4649  10   5   6    43101     0   0.0            88     88
  46-Pd-110 4649  10   5   6    43102     0   0.0            88     88
  46-Pd-110 4649  10   5   6    43102     1   0.0            88     88
  46-Pd-110 4649  10   5   6    43103     0   0.0            88     88
  46-Pd-110 4649  10   5   6    43104     0   0.0            88     88
  46-Pd-110 4649  10   5   6    43105     0   0.0            88     88
  46-Pd-110 4649  10   5   6    43106     0   0.0            88     88
  46-Pd-110 4649  10   5   6    43107     0   0.0            88     88
  46-Pd-110 4649  10   5   6    44090     0   0.0            88     88
  46-Pd-110 4649  10   5   6    44091     0   0.0            88     88
  46-Pd-110 4649  10   5   6    44092     0   0.0            88     88
  46-Pd-110 4649  10   5   6    44093     0   0.0            88     88
  46-Pd-110 4649  10   5   6    44093     1   0.0            88     88
  46-Pd-110 4649  10   5   6    44094     0   0.0            88     88
  46-Pd-110 4649  10   5   6    44095     0   0.0            88     88
  46-Pd-110 4649  10   5   6    44096     0   0.0            88     88
  46-Pd-110 4649  10   5   6    44097     0   0.0            88     88
  46-Pd-110 4649  10   5   6    44098     0   0.0            88     88
  46-Pd-110 4649  10   5   6    44099     0   0.0            88     88
  46-Pd-110 4649  10   5   6    44100     0   0.0            88     88
  46-Pd-110 4649  10   5   6    44101     0   0.0            88     88
  46-Pd-110 4649  10   5   6    44102     0   0.0            88     88
  46-Pd-110 4649  10   5   6    44103     0   0.0            88     88
  46-Pd-110 4649  10   5   6    44104     0   0.0            88     88
  46-Pd-110 4649  10   5   6    44105     0   0.0            88     88
  46-Pd-110 4649  10   5   6    44106     0   0.0            88     88
  46-Pd-110 4649  10   5   6    44107     0   0.0            88     88
  46-Pd-110 4649  10   5   6    44108     0   0.0            88     88
  46-Pd-110 4649  10   5   6    45092     0   0.0            88     88
  46-Pd-110 4649  10   5   6    45092     1   0.0            88     88
  46-Pd-110 4649  10   5   6    45093     0   0.0            88     88
  46-Pd-110 4649  10   5   6    45094     0   0.0            88     88
  46-Pd-110 4649  10   5   6    45094     1   0.0            88     88
  46-Pd-110 4649  10   5   6    45095     0   0.0            88     88
  46-Pd-110 4649  10   5   6    45095     1   0.0            88     88
  46-Pd-110 4649  10   5   6    45096     0   0.0            88     88
  46-Pd-110 4649  10   5   6    45096     1   0.0            88     88
  46-Pd-110 4649  10   5   6    45097     0   0.0            88     88
  46-Pd-110 4649  10   5   6    45097     1   0.0            88     88
  46-Pd-110 4649  10   5   6    45098     0   0.0            88     88
  46-Pd-110 4649  10   5   6    45098     1   0.0            88     88
  46-Pd-110 4649  10   5   6    45099     0   0.0            88     88
  46-Pd-110 4649  10   5   6    45099     1   0.0            88     88
  46-Pd-110 4649  10   5   6    45100     0   0.0            88     88
  46-Pd-110 4649  10   5   6    45100     1   0.0            88     88
  46-Pd-110 4649  10   5   6    45101     0   0.0            88     88
  46-Pd-110 4649  10   5   6    45101     1   0.0            88     88
  46-Pd-110 4649  10   5   6    45102     0   0.0            88     88
  46-Pd-110 4649  10   5   6    45102     1   0.0            88     88
  46-Pd-110 4649  10   5   6    45103     0   0.0            88     88
  46-Pd-110 4649  10   5   6    45103     1   0.0            88     88
  46-Pd-110 4649  10   5   6    45104     0   0.0            88     88
  46-Pd-110 4649  10   5   6    45104     1   0.0            88     88
  46-Pd-110 4649  10   5   6    45105     0   0.0            88     88
  46-Pd-110 4649  10   5   6    45105     1   0.0            88     88
  46-Pd-110 4649  10   5   6    45106     0   0.0            88     88
  46-Pd-110 4649  10   5   6    45106     1   0.0            88     88
  46-Pd-110 4649  10   5   6    45107     0   0.0            88     88
  46-Pd-110 4649  10   5   6    45108     0   0.0            88     88
  46-Pd-110 4649  10   5   6    45109     0   0.0            88     88
  46-Pd-110 4649  10   5   6    46094     0   0.0            88     88
  46-Pd-110 4649  10   5   6    46095     0   0.0            88     88
  46-Pd-110 4649  10   5   6    46095     1   0.0            88     88
  46-Pd-110 4649  10   5   6    46096     0   0.0            88     88
  46-Pd-110 4649  10   5   6    46097     0   0.0            88     88
  46-Pd-110 4649  10   5   6    46098     0   0.0            88     88
  46-Pd-110 4649  10   5   6    46099     0   0.0            88     88
  46-Pd-110 4649  10   5   6    46100     0   0.0            88     88
  46-Pd-110 4649  10   5   6    46101     0   0.0            88     88
  46-Pd-110 4649  10   5   6    46102     0   0.0            88     88
  46-Pd-110 4649  10   5   6    46103     0   0.0            88     88
  46-Pd-110 4649  10   5   6    46104     0   0.0            88     88
  46-Pd-110 4649  10   5   6    46105     0   0.0            88     88
  46-Pd-110 4649  10   5   6    46106     0   0.0            88     88
  46-Pd-110 4649  10   5   6    46107     0   0.0            88     88
  46-Pd-110 4649  10   5   6    46107     1   0.0            88     88
  46-Pd-110 4649  10   5   6    46108     0   0.0            88     88
  46-Pd-110 4649  10   5   6    46109     0   0.0            88     88
  46-Pd-110 4649  10   5   6    46109     1   0.0            88     88
  46-Pd-110 4649  10   5   6    46110     0   0.0            88     88
  46-Pd-110 4649  10   5   6        0     0   0.0            88     88
 ------------------------------------------------------------------------------
                                              MAT Totals  30536  30536
 ------------------------------------------------------------------------------
 ------------------------------------------------------------------------------
 All Cross Sections Read. Maximum Tabulated Energy =  200000000. eV
 ------------------------------------------------------------------------------
 ===============================================================================
      MAT Total Execution Time                0.45 Seconds
 ===============================================================================
 ------------------------------------------------------------------------------
                                             Tape Totals  30536  30536
 ------------------------------------------------------------------------------
 ===============================================================================
 ACTIVATE Total Execution Time                0.45 Seconds
 ===============================================================================
