 ENDF Activation Cross Sections (ACTIVATE 2019-1)
 ------------------------------------------------------------------------------
 ENDF Input and Output Data Filenames
 ------------------------------------------------------------------------------
 ACTIVATE.IN                                                             
 ACTIVATE.OUT                                                            
 ------------------------------------------------------------------------------
 ENDF Tape Label
 ------------------------------------------------------------------------------
 Retrieved by E4-util: 2019/11/11,14:56:49                            1
 ------------------------------------------------------------------------------
   Material  MAT  MF  MT  ENDF    ZAP Final      Q-Value Points Points
                          Format      State           eV     In    Out
 ------------------------------------------------------------------------------
   7-N -15   728  10   5   6        1     0   0.0            82     82
   7-N -15   728  10   5   6     1001     0   0.0            82     82
   7-N -15   728  10   5   6     1002     0   0.0            82     82
   7-N -15   728  10   5   6     1003     0   0.0            82     82
   7-N -15   728  10   5   6     2004     0   0.0            82     82
   7-N -15   728  10   5   6     5008     0   0.0            82     82
   7-N -15   728  10   5   6     5009     0   0.0            82     82
   7-N -15   728  10   5   6     5010     0   0.0            82     82
   7-N -15   728  10   5   6     5011     0   0.0            82     82
   7-N -15   728  10   5   6     5012     0   0.0            82     82
   7-N -15   728  10   5   6     5013     0   0.0            82     82
   7-N -15   728  10   5   6     6009     0   0.0            82     82
   7-N -15   728  10   5   6     6010     0   0.0            82     82
   7-N -15   728  10   5   6     6011     0   0.0            82     82
   7-N -15   728  10   5   6     6012     0   0.0            82     82
   7-N -15   728  10   5   6     6013     0   0.0            82     82
   7-N -15   728  10   5   6     6014     0   0.0            82     82
   7-N -15   728  10   5   6     7011     0   0.0            82     82
   7-N -15   728  10   5   6     7012     0   0.0            82     82
   7-N -15   728  10   5   6     7013     0   0.0            82     82
   7-N -15   728  10   5   6     7014     0   0.0            82     82
   7-N -15   728  10   5   6        0     0   0.0            82     82
 ------------------------------------------------------------------------------
                                              MAT Totals   1804   1804
 ------------------------------------------------------------------------------
 ------------------------------------------------------------------------------
 All Cross Sections Read. Maximum Tabulated Energy =  140000000. eV
 ------------------------------------------------------------------------------
 ===============================================================================
      MAT Total Execution Time                0.20 Seconds
 ===============================================================================
 ------------------------------------------------------------------------------
                                             Tape Totals   1804   1804
 ------------------------------------------------------------------------------
 ===============================================================================
 ACTIVATE Total Execution Time                0.20 Seconds
 ===============================================================================
