                                                     MT=  5
 MAT  728                         0.0        Kelvin Unshielded Cross Sections                           7-N -15 

   No.  Group-eV   Average      No.  Group-eV   Average      No.  Group-eV   Average      No.  Group-eV   Average

   112 10000000.0 9.54928E-7    125 26000000.0 .010891131    138 100000000. .001014491    151 520000000. 0.0       
   113 11000000.0 .002059742    126 28000000.0 .005250992    139 120000000. 8.59960E-4    152 560000000. 0.0       
   114 12000000.0 7.95050E-4    127 30000000.0 .003032429    140 140000000. 0.0           153 600000000. 0.0       
   115 13000000.0 .001916159    128 35000000.0 .002095231    141 160000000. 0.0           154 640000000. 0.0       
   116 14000000.0 .003040507    129 40000000.0 .001754568    142 180000000. 0.0           155 680000000. 0.0       
   117 15000000.0 .003705933    130 45000000.0 .001585925    143 200000000. 0.0           156 720000000. 0.0       
   118 16000000.0 .004113714    131 50000000.0 .001498078    144 240000000. 0.0           157 760000000. 0.0       
   119 17000000.0 .005923429    132 54000000.0 .001462763    145 280000000. 0.0           158 800000000. 0.0       
   120 18000000.0 .007377179    133 55000000.0 .001430329    146 320000000. 0.0           159 840000000. 0.0       
   121 19000000.0 .010422797    134 60000000.0 .001366301    147 360000000. 0.0           160 880000000. 0.0       
   122 20000000.0 .010572040    135 70000000.0 .001291412    148 400000000. 0.0           161 920000000. 0.0       
   123 22000000.0 .010954607    136 80000000.0 .001214993    149 440000000. 0.0           162 960000000. 0.0       
   124 24000000.0 .018475198    137 90000000.0 .001133330    150 480000000. 0.0           163 1.00000E+9
 
                                                     MT=  5
 MAT  728                         0.0        Kelvin Unshielded Cross Sections                           7-N -15 

   No.  Group-eV   Average      No.  Group-eV   Average      No.  Group-eV   Average      No.  Group-eV   Average

   112 10000000.0 7.16164E-7    125 26000000.0 .008309098    138 100000000. .002655564    151 520000000. 0.0       
   113 11000000.0 7.42940E-4    126 28000000.0 .004223344    139 120000000. .002461231    152 560000000. 0.0       
   114 12000000.0 1.42806E-4    127 30000000.0 .002632312    140 140000000. 0.0           153 600000000. 0.0       
   115 13000000.0 9.68465E-4    128 35000000.0 .002043298    141 160000000. 0.0           154 640000000. 0.0       
   116 14000000.0 .001801797    129 40000000.0 .001911789    142 180000000. 0.0           155 680000000. 0.0       
   117 15000000.0 .002355172    130 45000000.0 .001879247    143 200000000. 0.0           156 720000000. 0.0       
   118 16000000.0 .002563485    131 50000000.0 .001902215    144 240000000. 0.0           157 760000000. 0.0       
   119 17000000.0 .003623238    132 54000000.0 .001938497    145 280000000. 0.0           158 800000000. 0.0       
   120 18000000.0 .004189928    133 55000000.0 .002017666    146 320000000. 0.0           159 840000000. 0.0       
   121 19000000.0 .005811363    134 60000000.0 .002264692    147 360000000. 0.0           160 880000000. 0.0       
   122 20000000.0 .006356870    135 70000000.0 .002523617    148 400000000. 0.0           161 920000000. 0.0       
   123 22000000.0 .007359961    136 80000000.0 .002670632    149 440000000. 0.0           162 960000000. 0.0       
   124 24000000.0 .013342489    137 90000000.0 .002716619    150 480000000. 0.0           163 1.00000E+9
 
                                                     MT=  5
 MAT  728                         0.0        Kelvin Unshielded Cross Sections                           7-N -15 

   No.  Group-eV   Average      No.  Group-eV   Average      No.  Group-eV   Average      No.  Group-eV   Average

   112 10000000.0 2.38774E-7    125 26000000.0 .007238688    138 100000000. 9.46157E-4    151 520000000. 0.0       
   113 11000000.0 .001316859    126 28000000.0 .003649037    139 120000000. 8.17558E-4    152 560000000. 0.0       
   114 12000000.0 6.52264E-4    127 30000000.0 .002172192    140 140000000. 0.0           153 600000000. 0.0       
   115 13000000.0 6.78420E-4    128 35000000.0 .001567493    141 160000000. 0.0           154 640000000. 0.0       
   116 14000000.0 6.72268E-4    129 40000000.0 .001380088    142 180000000. 0.0           155 680000000. 0.0       
   117 15000000.0 6.11240E-4    130 45000000.0 .001290803    143 200000000. 0.0           156 720000000. 0.0       
   118 16000000.0 7.03429E-4    131 50000000.0 .001242894    144 240000000. 0.0           157 760000000. 0.0       
   119 17000000.0 .001247891    132 54000000.0 .001224896    145 280000000. 0.0           158 800000000. 0.0       
   120 18000000.0 .002098853    133 55000000.0 .001206815    146 320000000. 0.0           159 840000000. 0.0       
   121 19000000.0 .003447284    134 60000000.0 .001169850    147 360000000. 0.0           160 880000000. 0.0       
   122 20000000.0 .003070692    135 70000000.0 .001137316    148 400000000. 0.0           161 920000000. 0.0       
   123 22000000.0 .004998987    136 80000000.0 .001092645    149 440000000. 0.0           162 960000000. 0.0       
   124 24000000.0 .011283489    137 90000000.0 .001033280    150 480000000. 0.0           163 1.00000E+9
 
                                                     MT=  5
 MAT  728                         0.0        Kelvin Unshielded Cross Sections                           7-N -15 

   No.  Group-eV   Average      No.  Group-eV   Average      No.  Group-eV   Average      No.  Group-eV   Average

   118 16000000.0 1.47719E-7    130 45000000.0 1.16555E-4    142 180000000. 0.0           154 640000000. 0.0       
   119 17000000.0 1.15194E-5    131 50000000.0 1.10121E-4    143 200000000. 0.0           155 680000000. 0.0       
   120 18000000.0 5.90772E-5    132 54000000.0 1.07028E-4    144 240000000. 0.0           156 720000000. 0.0       
   121 19000000.0 1.45843E-4    133 55000000.0 1.05057E-4    145 280000000. 0.0           157 760000000. 0.0       
   122 20000000.0 2.41511E-4    134 60000000.0 1.02348E-4    146 320000000. 0.0           158 800000000. 0.0       
   123 22000000.0 3.31597E-4    135 70000000.0 9.07236E-5    147 360000000. 0.0           159 840000000. 0.0       
   124 24000000.0 7.02135E-4    136 80000000.0 8.10014E-5    148 400000000. 0.0           160 880000000. 0.0       
   125 26000000.0 4.66418E-4    137 90000000.0 7.43045E-5    149 440000000. 0.0           161 920000000. 0.0       
   126 28000000.0 2.58477E-4    138 100000000. 6.09177E-5    150 480000000. 0.0           162 960000000. 0.0       
   127 30000000.0 1.78204E-4    139 120000000. 4.83597E-5    151 520000000. 0.0           163 1.00000E+9
   128 35000000.0 1.41142E-4    140 140000000. 0.0           152 560000000. 0.0       
   129 40000000.0 1.26665E-4    141 160000000. 0.0           153 600000000. 0.0       
 
                                                     MT=  5
 MAT  728                         0.0        Kelvin Unshielded Cross Sections                           7-N -15 

   No.  Group-eV   Average      No.  Group-eV   Average      No.  Group-eV   Average      No.  Group-eV   Average

   117 15000000.0 2.59658E-5    129 40000000.0 2.07675E-5    141 160000000. 0.0           153 600000000. 0.0       
   118 16000000.0 1.28496E-4    130 45000000.0 2.45145E-5    142 180000000. 0.0           154 640000000. 0.0       
   119 17000000.0 1.99047E-4    131 50000000.0 2.69534E-5    143 200000000. 0.0           155 680000000. 0.0       
   120 18000000.0 2.00896E-4    132 54000000.0 2.71007E-5    144 240000000. 0.0           156 720000000. 0.0       
   121 19000000.0 2.32681E-4    133 55000000.0 2.69043E-5    145 280000000. 0.0           157 760000000. 0.0       
   122 20000000.0 3.26167E-4    134 60000000.0 2.49199E-5    146 320000000. 0.0           158 800000000. 0.0       
   123 22000000.0 2.96733E-4    135 70000000.0 2.07591E-5    147 360000000. 0.0           159 840000000. 0.0       
   124 24000000.0 3.73100E-4    136 80000000.0 1.76076E-5    148 400000000. 0.0           160 880000000. 0.0       
   125 26000000.0 1.73279E-4    137 90000000.0 1.51897E-5    149 440000000. 0.0           161 920000000. 0.0       
   126 28000000.0 6.75319E-5    138 100000000. 1.16954E-5    150 480000000. 0.0           162 960000000. 0.0       
   127 30000000.0 3.11646E-5    139 120000000. 8.62273E-6    151 520000000. 0.0           163 1.00000E+9
   128 35000000.0 2.22984E-5    140 140000000. 0.0           152 560000000. 0.0       
 
                                                     MT=  5
 MAT  728                         0.0        Kelvin Unshielded Cross Sections                           7-N -15 

   No.  Group-eV   Average      No.  Group-eV   Average      No.  Group-eV   Average      No.  Group-eV   Average

   113 11000000.0 4.8799E-11    126 28000000.0 3.76142E-4    139 120000000. 6.53469E-5    152 560000000. 0.0       
   114 12000000.0 2.63810E-8    127 30000000.0 3.59302E-4    140 140000000. 0.0           153 600000000. 0.0       
   115 13000000.0 2.69337E-4    128 35000000.0 3.82073E-4    141 160000000. 0.0           154 640000000. 0.0       
   116 14000000.0 5.66531E-4    129 40000000.0 3.41687E-4    142 180000000. 0.0           155 680000000. 0.0       
   117 15000000.0 7.13689E-4    130 45000000.0 3.03581E-4    143 200000000. 0.0           156 720000000. 0.0       
   118 16000000.0 7.18343E-4    131 50000000.0 2.74571E-4    144 240000000. 0.0           157 760000000. 0.0       
   119 17000000.0 8.42064E-4    132 54000000.0 2.60411E-4    145 280000000. 0.0           158 800000000. 0.0       
   120 18000000.0 8.46619E-4    133 55000000.0 2.43167E-4    146 320000000. 0.0           159 840000000. 0.0       
   121 19000000.0 .001048581    134 60000000.0 2.01322E-4    147 360000000. 0.0           160 880000000. 0.0       
   122 20000000.0 .001408739    135 70000000.0 1.61628E-4    148 400000000. 0.0           161 920000000. 0.0       
   123 22000000.0 9.50713E-4    136 80000000.0 1.29256E-4    149 440000000. 0.0           162 960000000. 0.0       
   124 24000000.0 9.89867E-4    137 90000000.0 1.04332E-4    150 480000000. 0.0           163 1.00000E+9
   125 26000000.0 5.98081E-4    138 100000000. 8.33556E-5    151 520000000. 0.0       
 
                                                     MT=  5
 MAT  728                         0.0        Kelvin Unshielded Cross Sections                           7-N -15 

   No.  Group-eV   Average      No.  Group-eV   Average      No.  Group-eV   Average      No.  Group-eV   Average

   131 50000000.0 8.07922E-9    140 140000000. 0.0           149 440000000. 0.0           158 800000000. 0.0       
   132 54000000.0 7.25056E-8    141 160000000. 0.0           150 480000000. 0.0           159 840000000. 0.0       
   133 55000000.0 5.46338E-7    142 180000000. 0.0           151 520000000. 0.0           160 880000000. 0.0       
   134 60000000.0 3.44159E-6    143 200000000. 0.0           152 560000000. 0.0           161 920000000. 0.0       
   135 70000000.0 8.16387E-6    144 240000000. 0.0           153 600000000. 0.0           162 960000000. 0.0       
   136 80000000.0 1.22432E-5    145 280000000. 0.0           154 640000000. 0.0           163 1.00000E+9
   137 90000000.0 1.64499E-5    146 320000000. 0.0           155 680000000. 0.0       
   138 100000000. 2.08690E-5    147 360000000. 0.0           156 720000000. 0.0       
   139 120000000. 1.97777E-5    148 400000000. 0.0           157 760000000. 0.0       
 
                                                     MT=  5
 MAT  728                         0.0        Kelvin Unshielded Cross Sections                           7-N -15 

   No.  Group-eV   Average      No.  Group-eV   Average      No.  Group-eV   Average      No.  Group-eV   Average

   128 35000000.0 1.95033E-8    137 90000000.0 1.32759E-5    146 320000000. 0.0           155 680000000. 0.0       
   129 40000000.0 2.99742E-6    138 100000000. 1.17408E-5    147 360000000. 0.0           156 720000000. 0.0       
   130 45000000.0 1.13627E-5    139 120000000. 7.24229E-6    148 400000000. 0.0           157 760000000. 0.0       
   131 50000000.0 1.72200E-5    140 140000000. 0.0           149 440000000. 0.0           158 800000000. 0.0       
   132 54000000.0 1.90759E-5    141 160000000. 0.0           150 480000000. 0.0           159 840000000. 0.0       
   133 55000000.0 1.97255E-5    142 180000000. 0.0           151 520000000. 0.0           160 880000000. 0.0       
   134 60000000.0 1.66099E-5    143 200000000. 0.0           152 560000000. 0.0           161 920000000. 0.0       
   135 70000000.0 1.22703E-5    144 240000000. 0.0           153 600000000. 0.0           162 960000000. 0.0       
   136 80000000.0 1.23764E-5    145 280000000. 0.0           154 640000000. 0.0           163 1.00000E+9
 
                                                     MT=  5
 MAT  728                         0.0        Kelvin Unshielded Cross Sections                           7-N -15 

   No.  Group-eV   Average      No.  Group-eV   Average      No.  Group-eV   Average      No.  Group-eV   Average

   123 22000000.0 4.37925E-8    134 60000000.0 1.56166E-5    145 280000000. 0.0           156 720000000. 0.0       
   124 24000000.0 4.62154E-5    135 70000000.0 8.46570E-6    146 320000000. 0.0           157 760000000. 0.0       
   125 26000000.0 1.51902E-4    136 80000000.0 5.41667E-6    147 360000000. 0.0           158 800000000. 0.0       
   126 28000000.0 1.78107E-4    137 90000000.0 4.21691E-6    148 400000000. 0.0           159 840000000. 0.0       
   127 30000000.0 2.02882E-4    138 100000000. 3.18509E-6    149 440000000. 0.0           160 880000000. 0.0       
   128 35000000.0 1.76559E-4    139 120000000. 2.12253E-6    150 480000000. 0.0           161 920000000. 0.0       
   129 40000000.0 1.17650E-4    140 140000000. 0.0           151 520000000. 0.0           162 960000000. 0.0       
   130 45000000.0 6.98238E-5    141 160000000. 0.0           152 560000000. 0.0           163 1.00000E+9
   131 50000000.0 4.41041E-5    142 180000000. 0.0           153 600000000. 0.0       
   132 54000000.0 3.46436E-5    143 200000000. 0.0           154 640000000. 0.0       
   133 55000000.0 2.70540E-5    144 240000000. 0.0           155 680000000. 0.0       
 
                                                     MT=  5
 MAT  728                         0.0        Kelvin Unshielded Cross Sections                           7-N -15 

   No.  Group-eV   Average      No.  Group-eV   Average      No.  Group-eV   Average      No.  Group-eV   Average

   113 11000000.0 4.8799E-11    126 28000000.0 1.30485E-4    139 120000000. 4.76653E-6    152 560000000. 0.0       
   114 12000000.0 2.63810E-8    127 30000000.0 3.71662E-5    140 140000000. 0.0           153 600000000. 0.0       
   115 13000000.0 2.69337E-4    128 35000000.0 8.88133E-6    141 160000000. 0.0           154 640000000. 0.0       
   116 14000000.0 5.66531E-4    129 40000000.0 2.89563E-6    142 180000000. 0.0           155 680000000. 0.0       
   117 15000000.0 7.13689E-4    130 45000000.0 2.39676E-6    143 200000000. 0.0           156 720000000. 0.0       
   118 16000000.0 7.18343E-4    131 50000000.0 5.64573E-6    144 240000000. 0.0           157 760000000. 0.0       
   119 17000000.0 8.42064E-4    132 54000000.0 8.33817E-6    145 280000000. 0.0           158 800000000. 0.0       
   120 18000000.0 8.46619E-4    133 55000000.0 1.16675E-5    146 320000000. 0.0           159 840000000. 0.0       
   121 19000000.0 .001048581    134 60000000.0 1.89868E-5    147 360000000. 0.0           160 880000000. 0.0       
   122 20000000.0 .001408739    135 70000000.0 2.51097E-5    148 400000000. 0.0           161 920000000. 0.0       
   123 22000000.0 9.50554E-4    136 80000000.0 2.37775E-5    149 440000000. 0.0           162 960000000. 0.0       
   124 24000000.0 9.26210E-4    137 90000000.0 1.76031E-5    150 480000000. 0.0           163 1.00000E+9
   125 26000000.0 3.93166E-4    138 100000000. 1.06790E-5    151 520000000. 0.0       
 
                                                     MT=  5
 MAT  728                         0.0        Kelvin Unshielded Cross Sections                           7-N -15 

   No.  Group-eV   Average      No.  Group-eV   Average      No.  Group-eV   Average      No.  Group-eV   Average

   128 35000000.0 2.20280E-7    137 90000000.0 2.75518E-6    146 320000000. 0.0           155 680000000. 0.0       
   129 40000000.0 4.24350E-6    138 100000000. 1.47002E-6    147 360000000. 0.0           156 720000000. 0.0       
   130 45000000.0 1.06613E-5    139 120000000. 6.81140E-7    148 400000000. 0.0           157 760000000. 0.0       
   131 50000000.0 1.36209E-5    140 140000000. 0.0           149 440000000. 0.0           158 800000000. 0.0       
   132 54000000.0 1.40442E-5    141 160000000. 0.0           150 480000000. 0.0           159 840000000. 0.0       
   133 55000000.0 1.34577E-5    142 180000000. 0.0           151 520000000. 0.0           160 880000000. 0.0       
   134 60000000.0 1.05087E-5    143 200000000. 0.0           152 560000000. 0.0           161 920000000. 0.0       
   135 70000000.0 7.10192E-6    144 240000000. 0.0           153 600000000. 0.0           162 960000000. 0.0       
   136 80000000.0 4.47667E-6    145 280000000. 0.0           154 640000000. 0.0           163 1.00000E+9
 
                                                     MT=  5
 MAT  728                         0.0        Kelvin Unshielded Cross Sections                           7-N -15 

   No.  Group-eV   Average      No.  Group-eV   Average      No.  Group-eV   Average      No.  Group-eV   Average

   127 30000000.0 8.72307E-7    137 90000000.0 1.39449E-5    147 360000000. 0.0           157 760000000. 0.0       
   128 35000000.0 6.18275E-6    138 100000000. 1.76910E-5    148 400000000. 0.0           158 800000000. 0.0       
   129 40000000.0 1.02424E-5    139 120000000. 2.11808E-5    149 440000000. 0.0           159 840000000. 0.0       
   130 45000000.0 9.85337E-6    140 140000000. 0.0           150 480000000. 0.0           160 880000000. 0.0       
   131 50000000.0 8.46858E-6    141 160000000. 0.0           151 520000000. 0.0           161 920000000. 0.0       
   132 54000000.0 7.86747E-6    142 180000000. 0.0           152 560000000. 0.0           162 960000000. 0.0       
   133 55000000.0 7.42387E-6    143 200000000. 0.0           153 600000000. 0.0           163 1.00000E+9
   134 60000000.0 7.31933E-6    144 240000000. 0.0           154 640000000. 0.0       
   135 70000000.0 8.77170E-6    145 280000000. 0.0           155 680000000. 0.0       
   136 80000000.0 1.11960E-5    146 320000000. 0.0           156 720000000. 0.0       
 
                                                     MT=  5
 MAT  728                         0.0        Kelvin Unshielded Cross Sections                           7-N -15 

   No.  Group-eV   Average      No.  Group-eV   Average      No.  Group-eV   Average      No.  Group-eV   Average

   134 60000000.0 4.2577E-11    142 180000000. 0.0           150 480000000. 0.0           158 800000000. 0.0       
   135 70000000.0 4.75061E-7    143 200000000. 0.0           151 520000000. 0.0           159 840000000. 0.0       
   136 80000000.0 7.18218E-6    144 240000000. 0.0           152 560000000. 0.0           160 880000000. 0.0       
   137 90000000.0 3.02034E-5    145 280000000. 0.0           153 600000000. 0.0           161 920000000. 0.0       
   138 100000000. 8.01733E-5    146 320000000. 0.0           154 640000000. 0.0           162 960000000. 0.0       
   139 120000000. 1.11759E-4    147 360000000. 0.0           155 680000000. 0.0           163 1.00000E+9
   140 140000000. 0.0           148 400000000. 0.0           156 720000000. 0.0       
   141 160000000. 0.0           149 440000000. 0.0           157 760000000. 0.0       
 
                                                     MT=  5
 MAT  728                         0.0        Kelvin Unshielded Cross Sections                           7-N -15 

   No.  Group-eV   Average      No.  Group-eV   Average      No.  Group-eV   Average      No.  Group-eV   Average

   130 45000000.0 6.56716E-8    139 120000000. 1.56345E-4    148 400000000. 0.0           157 760000000. 0.0       
   131 50000000.0 2.52809E-6    140 140000000. 0.0           149 440000000. 0.0           158 800000000. 0.0       
   132 54000000.0 7.77983E-6    141 160000000. 0.0           150 480000000. 0.0           159 840000000. 0.0       
   133 55000000.0 2.21305E-5    142 180000000. 0.0           151 520000000. 0.0           160 880000000. 0.0       
   134 60000000.0 8.39182E-5    143 200000000. 0.0           152 560000000. 0.0           161 920000000. 0.0       
   135 70000000.0 1.80023E-4    144 240000000. 0.0           153 600000000. 0.0           162 960000000. 0.0       
   136 80000000.0 2.53475E-4    145 280000000. 0.0           154 640000000. 0.0           163 1.00000E+9
   137 90000000.0 2.80200E-4    146 320000000. 0.0           155 680000000. 0.0       
   138 100000000. 2.41193E-4    147 360000000. 0.0           156 720000000. 0.0       
 
                                                     MT=  5
 MAT  728                         0.0        Kelvin Unshielded Cross Sections                           7-N -15 

   No.  Group-eV   Average      No.  Group-eV   Average      No.  Group-eV   Average      No.  Group-eV   Average

   129 40000000.0 1.49411E-6    138 100000000. 9.95047E-5    147 360000000. 0.0           156 720000000. 0.0       
   130 45000000.0 1.32239E-5    139 120000000. 7.05890E-5    148 400000000. 0.0           157 760000000. 0.0       
   131 50000000.0 2.45707E-5    140 140000000. 0.0           149 440000000. 0.0           158 800000000. 0.0       
   132 54000000.0 3.73618E-5    141 160000000. 0.0           150 480000000. 0.0           159 840000000. 0.0       
   133 55000000.0 6.60740E-5    142 180000000. 0.0           151 520000000. 0.0           160 880000000. 0.0       
   134 60000000.0 1.35878E-4    143 200000000. 0.0           152 560000000. 0.0           161 920000000. 0.0       
   135 70000000.0 1.69582E-4    144 240000000. 0.0           153 600000000. 0.0           162 960000000. 0.0       
   136 80000000.0 1.58921E-4    145 280000000. 0.0           154 640000000. 0.0           163 1.00000E+9
   137 90000000.0 1.33271E-4    146 320000000. 0.0           155 680000000. 0.0       
 
                                                     MT=  5
 MAT  728                         0.0        Kelvin Unshielded Cross Sections                           7-N -15 

   No.  Group-eV   Average      No.  Group-eV   Average      No.  Group-eV   Average      No.  Group-eV   Average

   117 15000000.0 2.59658E-5    129 40000000.0 5.94686E-4    141 160000000. 0.0           153 600000000. 0.0       
   118 16000000.0 1.28496E-4    130 45000000.0 6.56243E-4    142 180000000. 0.0           154 640000000. 0.0       
   119 17000000.0 1.99047E-4    131 50000000.0 6.85592E-4    143 200000000. 0.0           155 680000000. 0.0       
   120 18000000.0 2.00896E-4    132 54000000.0 6.87524E-4    144 240000000. 0.0           156 720000000. 0.0       
   121 19000000.0 2.32681E-4    133 55000000.0 6.66687E-4    145 280000000. 0.0           157 760000000. 0.0       
   122 20000000.0 3.26167E-4    134 60000000.0 5.80637E-4    146 320000000. 0.0           158 800000000. 0.0       
   123 22000000.0 2.96733E-4    135 70000000.0 4.71982E-4    147 360000000. 0.0           159 840000000. 0.0       
   124 24000000.0 3.79091E-4    136 80000000.0 3.91904E-4    148 400000000. 0.0           160 880000000. 0.0       
   125 26000000.0 2.11791E-4    137 90000000.0 3.34293E-4    149 440000000. 0.0           161 920000000. 0.0       
   126 28000000.0 1.35484E-4    138 100000000. 2.78739E-4    150 480000000. 0.0           162 960000000. 0.0       
   127 30000000.0 2.25092E-4    139 120000000. 2.25288E-4    151 520000000. 0.0           163 1.00000E+9
   128 35000000.0 4.41893E-4    140 140000000. 0.0           152 560000000. 0.0       
 
                                                     MT=  5
 MAT  728                         0.0        Kelvin Unshielded Cross Sections                           7-N -15 

   No.  Group-eV   Average      No.  Group-eV   Average      No.  Group-eV   Average      No.  Group-eV   Average

   118 16000000.0 1.47719E-7    130 45000000.0 4.32571E-4    142 180000000. 0.0           154 640000000. 0.0       
   119 17000000.0 1.15194E-5    131 50000000.0 3.52421E-4    143 200000000. 0.0           155 680000000. 0.0       
   120 18000000.0 7.67541E-5    132 54000000.0 3.19791E-4    144 240000000. 0.0           156 720000000. 0.0       
   121 19000000.0 4.07931E-4    133 55000000.0 2.89808E-4    145 280000000. 0.0           157 760000000. 0.0       
   122 20000000.0 .001071292    134 60000000.0 2.34525E-4    146 320000000. 0.0           158 800000000. 0.0       
   123 22000000.0 .003206196    135 70000000.0 1.85887E-4    147 360000000. 0.0           159 840000000. 0.0       
   124 24000000.0 .008413950    136 80000000.0 1.55509E-4    148 400000000. 0.0           160 880000000. 0.0       
   125 26000000.0 .005728847    137 90000000.0 1.34764E-4    149 440000000. 0.0           161 920000000. 0.0       
   126 28000000.0 .002999482    138 100000000. 1.12747E-4    150 480000000. 0.0           162 960000000. 0.0       
   127 30000000.0 .001692502    139 120000000. 8.90889E-5    151 520000000. 0.0           163 1.00000E+9
   128 35000000.0 9.18857E-4    140 140000000. 0.0           152 560000000. 0.0       
   129 40000000.0 5.88166E-4    141 160000000. 0.0           153 600000000. 0.0       
 
                                                     MT=  5
 MAT  728                         0.0        Kelvin Unshielded Cross Sections                           7-N -15 

   No.  Group-eV   Average      No.  Group-eV   Average      No.  Group-eV   Average      No.  Group-eV   Average

   112 10000000.0 2.38774E-7    125 26000000.0 .001884732    138 100000000. 3.44727E-6    151 520000000. 0.0       
   113 11000000.0 .001316859    126 28000000.0 7.72537E-4    139 120000000. 1.87132E-6    152 560000000. 0.0       
   114 12000000.0 6.52264E-4    127 30000000.0 3.42965E-4    140 140000000. 0.0           153 600000000. 0.0       
   115 13000000.0 6.78420E-4    128 35000000.0 1.60765E-4    141 160000000. 0.0           154 640000000. 0.0       
   116 14000000.0 6.72268E-4    129 40000000.0 9.57866E-5    142 180000000. 0.0           155 680000000. 0.0       
   117 15000000.0 6.11240E-4    130 45000000.0 6.39580E-5    143 200000000. 0.0           156 720000000. 0.0       
   118 16000000.0 7.03429E-4    131 50000000.0 4.70335E-5    144 240000000. 0.0           157 760000000. 0.0       
   119 17000000.0 .001247891    132 54000000.0 3.99682E-5    145 280000000. 0.0           158 800000000. 0.0       
   120 18000000.0 .002081176    133 55000000.0 3.34441E-5    146 320000000. 0.0           159 840000000. 0.0       
   121 19000000.0 .003185196    134 60000000.0 2.19542E-5    147 360000000. 0.0           160 880000000. 0.0       
   122 20000000.0 .002240912    135 70000000.0 1.32246E-5    148 400000000. 0.0           161 920000000. 0.0       
   123 22000000.0 .002124273    136 80000000.0 8.48307E-6    149 440000000. 0.0           162 960000000. 0.0       
   124 24000000.0 .003548242    137 90000000.0 5.70086E-6    150 480000000. 0.0           163 1.00000E+9
 
                                                     MT=  5
 MAT  728                         0.0        Kelvin Unshielded Cross Sections                           7-N -15 

   No.  Group-eV   Average      No.  Group-eV   Average      No.  Group-eV   Average      No.  Group-eV   Average

   133 55000000.0 2.42300E-9    141 160000000. 0.0           149 440000000. 0.0           157 760000000. 0.0       
   134 60000000.0 1.22594E-6    142 180000000. 0.0           150 480000000. 0.0           158 800000000. 0.0       
   135 70000000.0 9.13611E-6    143 200000000. 0.0           151 520000000. 0.0           159 840000000. 0.0       
   136 80000000.0 1.95524E-5    144 240000000. 0.0           152 560000000. 0.0           160 880000000. 0.0       
   137 90000000.0 2.64460E-5    145 280000000. 0.0           153 600000000. 0.0           161 920000000. 0.0       
   138 100000000. 2.49250E-5    146 320000000. 0.0           154 640000000. 0.0           162 960000000. 0.0       
   139 120000000. 1.55846E-5    147 360000000. 0.0           155 680000000. 0.0           163 1.00000E+9
   140 140000000. 0.0           148 400000000. 0.0           156 720000000. 0.0       
 
                                                     MT=  5
 MAT  728                         0.0        Kelvin Unshielded Cross Sections                           7-N -15 

   No.  Group-eV   Average      No.  Group-eV   Average      No.  Group-eV   Average      No.  Group-eV   Average

   129 40000000.0 5.47309E-7    138 100000000. 9.25021E-6    147 360000000. 0.0           156 720000000. 0.0       
   130 45000000.0 7.51571E-6    139 120000000. 4.87123E-6    148 400000000. 0.0           157 760000000. 0.0       
   131 50000000.0 1.83791E-5    140 140000000. 0.0           149 440000000. 0.0           158 800000000. 0.0       
   132 54000000.0 2.41104E-5    141 160000000. 0.0           150 480000000. 0.0           159 840000000. 0.0       
   133 55000000.0 3.00625E-5    142 180000000. 0.0           151 520000000. 0.0           160 880000000. 0.0       
   134 60000000.0 3.94604E-5    143 200000000. 0.0           152 560000000. 0.0           161 920000000. 0.0       
   135 70000000.0 3.56471E-5    144 240000000. 0.0           153 600000000. 0.0           162 960000000. 0.0       
   136 80000000.0 2.54963E-5    145 280000000. 0.0           154 640000000. 0.0           163 1.00000E+9
   137 90000000.0 1.67170E-5    146 320000000. 0.0           155 680000000. 0.0       
 
                                                     MT=  5
 MAT  728                         0.0        Kelvin Unshielded Cross Sections                           7-N -15 

   No.  Group-eV   Average      No.  Group-eV   Average      No.  Group-eV   Average      No.  Group-eV   Average

   122 20000000.0 1.05389E-6    133 55000000.0 2.53715E-5    144 240000000. 0.0           155 680000000. 0.0       
   123 22000000.0 1.07154E-4    134 60000000.0 1.61920E-5    145 280000000. 0.0           156 720000000. 0.0       
   124 24000000.0 4.25260E-4    135 70000000.0 9.06733E-6    146 320000000. 0.0           157 760000000. 0.0       
   125 26000000.0 3.47938E-4    136 80000000.0 5.51730E-6    147 360000000. 0.0           158 800000000. 0.0       
   126 28000000.0 1.99986E-4    137 90000000.0 3.68445E-6    148 400000000. 0.0           159 840000000. 0.0       
   127 30000000.0 1.15169E-4    138 100000000. 2.44219E-6    149 440000000. 0.0           160 880000000. 0.0       
   128 35000000.0 6.43383E-5    139 120000000. 1.54891E-6    150 480000000. 0.0           161 920000000. 0.0       
   129 40000000.0 5.07792E-5    140 140000000. 0.0           151 520000000. 0.0           162 960000000. 0.0       
   130 45000000.0 4.44160E-5    141 160000000. 0.0           152 560000000. 0.0           163 1.00000E+9
   131 50000000.0 3.54339E-5    142 180000000. 0.0           153 600000000. 0.0       
   132 54000000.0 3.04211E-5    143 200000000. 0.0           154 640000000. 0.0       
 
                                                     MT=  5
 MAT  728                         0.0        Kelvin Unshielded Cross Sections                           7-N -15 

   No.  Group-eV   Average      No.  Group-eV   Average      No.  Group-eV   Average      No.  Group-eV   Average

   112 10000000.0 7.16164E-7    125 26000000.0 .002121870    138 100000000. 4.19991E-6    151 520000000. 0.0       
   113 11000000.0 7.42940E-4    126 28000000.0 7.68357E-4    139 120000000. 2.83116E-6    152 560000000. 0.0       
   114 12000000.0 1.42806E-4    127 30000000.0 2.96941E-4    140 140000000. 0.0           153 600000000. 0.0       
   115 13000000.0 9.68465E-4    128 35000000.0 1.20901E-4    141 160000000. 0.0           154 640000000. 0.0       
   116 14000000.0 .001801797    129 40000000.0 6.66994E-5    142 180000000. 0.0           155 680000000. 0.0       
   117 15000000.0 .002355172    130 45000000.0 4.20627E-5    143 200000000. 0.0           156 720000000. 0.0       
   118 16000000.0 .002563485    131 50000000.0 2.99181E-5    144 240000000. 0.0           157 760000000. 0.0       
   119 17000000.0 .003623238    132 54000000.0 2.51233E-5    145 280000000. 0.0           158 800000000. 0.0       
   120 18000000.0 .004172250    133 55000000.0 2.09330E-5    146 320000000. 0.0           159 840000000. 0.0       
   121 19000000.0 .005549274    134 60000000.0 1.38484E-5    147 360000000. 0.0           160 880000000. 0.0       
   122 20000000.0 .005524980    135 70000000.0 9.19550E-6    148 400000000. 0.0           161 920000000. 0.0       
   123 22000000.0 .004271007    136 80000000.0 7.15170E-6    149 440000000. 0.0           162 960000000. 0.0       
   124 24000000.0 .004721958    137 90000000.0 5.72742E-6    150 480000000. 0.0           163 1.00000E+9
 
                                                     MT=  5
 MAT  728                         0.0        Kelvin Unshielded Cross Sections                           7-N -15 

   No.  Group-eV   Average      No.  Group-eV   Average      No.  Group-eV   Average      No.  Group-eV   Average

   112 10000000.0 1.5655E-11    125 26000000.0 .009114726    138 100000000. .001033310    151 520000000. 0.0       
   113 11000000.0 5.49178E-8    126 28000000.0 .004336143    139 120000000. 8.22256E-4    152 560000000. 0.0       
   114 12000000.0 3.49920E-8    127 30000000.0 .002485710    140 140000000. 0.0           153 600000000. 0.0       
   115 13000000.0 2.96273E-4    128 35000000.0 .001672712    141 160000000. 0.0           154 640000000. 0.0       
   116 14000000.0 .001101355    129 40000000.0 .001357301    142 180000000. 0.0           155 680000000. 0.0       
   117 15000000.0 .002562721    130 45000000.0 .001235031    143 200000000. 0.0           156 720000000. 0.0       
   118 16000000.0 .003726621    131 50000000.0 .001212467    144 240000000. 0.0           157 760000000. 0.0       
   119 17000000.0 .006330975    132 54000000.0 .001212187    145 280000000. 0.0           158 800000000. 0.0       
   120 18000000.0 .008922563    133 55000000.0 .001215435    146 320000000. 0.0           159 840000000. 0.0       
   121 19000000.0 .013082555    134 60000000.0 .001218878    147 360000000. 0.0           160 880000000. 0.0       
   122 20000000.0 .014162669    135 70000000.0 .001202954    148 400000000. 0.0           161 920000000. 0.0       
   123 22000000.0 .011346234    136 80000000.0 .001185336    149 440000000. 0.0           162 960000000. 0.0       
   124 24000000.0 .016190613    137 90000000.0 .001149388    150 480000000. 0.0           163 1.00000E+9
 
