 ENDF Activation Cross Sections (ACTIVATE 2019-1)
 ------------------------------------------------------------------------------
 ENDF Input and Output Data Filenames
 ------------------------------------------------------------------------------
 ACTIVATE.IN                                                             
 ACTIVATE.OUT                                                            
 ------------------------------------------------------------------------------
 ENDF Tape Label
 ------------------------------------------------------------------------------
 Retrieved by E4-util: 2019/11/11,14:57:03                            1
 ------------------------------------------------------------------------------
   Material  MAT  MF  MT  ENDF    ZAP Final      Q-Value Points Points
                          Format      State           eV     In    Out
 ------------------------------------------------------------------------------
  20-Ca-46  2043  10   5   6        1     0   0.0            68     68
  20-Ca-46  2043  10   5   6     1001     0   0.0            68     68
  20-Ca-46  2043  10   5   6     1002     0   0.0            68     68
  20-Ca-46  2043  10   5   6     1003     0   0.0            68     68
  20-Ca-46  2043  10   5   6     2004     0   0.0            68     68
  20-Ca-46  2043  10   5   6    18035     0   0.0            68     68
  20-Ca-46  2043  10   5   6    18036     0   0.0            68     68
  20-Ca-46  2043  10   5   6    18037     0   0.0            68     68
  20-Ca-46  2043  10   5   6    18038     0   0.0            68     68
  20-Ca-46  2043  10   5   6    18039     0   0.0            68     68
  20-Ca-46  2043  10   5   6    18040     0   0.0            68     68
  20-Ca-46  2043  10   5   6    18041     0   0.0            68     68
  20-Ca-46  2043  10   5   6    18042     0   0.0            68     68
  20-Ca-46  2043  10   5   6    18044     0   0.0            68     68
  20-Ca-46  2043  10   5   6    19037     0   0.0            68     68
  20-Ca-46  2043  10   5   6    19038     0   0.0            68     68
  20-Ca-46  2043  10   5   6    19039     0   0.0            68     68
  20-Ca-46  2043  10   5   6    19040     0   0.0            68     68
  20-Ca-46  2043  10   5   6    19041     0   0.0            68     68
  20-Ca-46  2043  10   5   6    19042     0   0.0            68     68
  20-Ca-46  2043  10   5   6    19043     0   0.0            68     68
  20-Ca-46  2043  10   5   6    19044     0   0.0            68     68
  20-Ca-46  2043  10   5   6    19045     0   0.0            68     68
  20-Ca-46  2043  10   5   6    20038     0   0.0            68     68
  20-Ca-46  2043  10   5   6    20039     0   0.0            68     68
  20-Ca-46  2043  10   5   6    20040     0   0.0            68     68
  20-Ca-46  2043  10   5   6    20041     0   0.0            68     68
  20-Ca-46  2043  10   5   6    20042     0   0.0            68     68
  20-Ca-46  2043  10   5   6    20043     0   0.0            68     68
  20-Ca-46  2043  10   5   6    20044     0   0.0            68     68
  20-Ca-46  2043  10   5   6    20045     0   0.0            68     68
  20-Ca-46  2043  10   5   6        0     0   0.0            68     68
 ------------------------------------------------------------------------------
                                              MAT Totals   2176   2176
 ------------------------------------------------------------------------------
 ------------------------------------------------------------------------------
 All Cross Sections Read. Maximum Tabulated Energy =  140000000. eV
 ------------------------------------------------------------------------------
 ===============================================================================
      MAT Total Execution Time                0.19 Seconds
 ===============================================================================
 ------------------------------------------------------------------------------
                                             Tape Totals   2176   2176
 ------------------------------------------------------------------------------
 ===============================================================================
 ACTIVATE Total Execution Time                0.19 Seconds
 ===============================================================================
