                                                     MT=  5
 MAT 2043                         0.0        Kelvin Unshielded Cross Sections                          20-Ca-46 

   No.  Group-eV   Average      No.  Group-eV   Average      No.  Group-eV   Average      No.  Group-eV   Average

   112 10000000.0 4.87316E-4    125 26000000.0 .021463042    138 100000000. .002159828    151 520000000. 0.0       
   113 11000000.0 .002103662    126 28000000.0 .016579234    139 120000000. .001657771    152 560000000. 0.0       
   114 12000000.0 .003244832    127 30000000.0 .012276480    140 140000000. 0.0           153 600000000. 0.0       
   115 13000000.0 .005107587    128 35000000.0 .009101188    141 160000000. 0.0           154 640000000. 0.0       
   116 14000000.0 .008257545    129 40000000.0 .007449550    142 180000000. 0.0           155 680000000. 0.0       
   117 15000000.0 .013782526    130 45000000.0 .006395379    143 200000000. 0.0           156 720000000. 0.0       
   118 16000000.0 .023257387    131 50000000.0 .005702104    144 240000000. 0.0           157 760000000. 0.0       
   119 17000000.0 .040522705    132 54000000.0 .005379159    145 280000000. 0.0           158 800000000. 0.0       
   120 18000000.0 .066545168    133 55000000.0 .005052616    146 320000000. 0.0           159 840000000. 0.0       
   121 19000000.0 .089611543    134 60000000.0 .004376755    147 360000000. 0.0           160 880000000. 0.0       
   122 20000000.0 .081949972    135 70000000.0 .003663097    148 400000000. 0.0           161 920000000. 0.0       
   123 22000000.0 .049090126    136 80000000.0 .003110345    149 440000000. 0.0           162 960000000. 0.0       
   124 24000000.0 .030495952    137 90000000.0 .002665394    150 480000000. 0.0           163 1.00000E+9
 
                                                     MT=  5
 MAT 2043                         0.0        Kelvin Unshielded Cross Sections                          20-Ca-46 

   No.  Group-eV   Average      No.  Group-eV   Average      No.  Group-eV   Average      No.  Group-eV   Average

   112 10000000.0 4.86962E-4    125 26000000.0 .034768131    138 100000000. .008339056    151 520000000. 0.0       
   113 11000000.0 .002102932    126 28000000.0 .026539518    139 120000000. .006813017    152 560000000. 0.0       
   114 12000000.0 .003244621    127 30000000.0 .020425653    140 140000000. 0.0           153 600000000. 0.0       
   115 13000000.0 .005107213    128 35000000.0 .016980901    141 160000000. 0.0           154 640000000. 0.0       
   116 14000000.0 .008250627    129 40000000.0 .015341611    142 180000000. 0.0           155 680000000. 0.0       
   117 15000000.0 .013715354    130 45000000.0 .014501275    143 200000000. 0.0           156 720000000. 0.0       
   118 16000000.0 .023000974    131 50000000.0 .013951439    144 240000000. 0.0           157 760000000. 0.0       
   119 17000000.0 .040355448    132 54000000.0 .013675796    145 280000000. 0.0           158 800000000. 0.0       
   120 18000000.0 .076361791    133 55000000.0 .013376621    146 320000000. 0.0           159 840000000. 0.0       
   121 19000000.0 .120504497    134 60000000.0 .012676583    147 360000000. 0.0           160 880000000. 0.0       
   122 20000000.0 .125522113    135 70000000.0 .011708124    148 400000000. 0.0           161 920000000. 0.0       
   123 22000000.0 .080434975    136 80000000.0 .010698061    149 440000000. 0.0           162 960000000. 0.0       
   124 24000000.0 .050098213    137 90000000.0 .009693257    150 480000000. 0.0           163 1.00000E+9
 
                                                     MT=  5
 MAT 2043                         0.0        Kelvin Unshielded Cross Sections                          20-Ca-46 

   No.  Group-eV   Average      No.  Group-eV   Average      No.  Group-eV   Average      No.  Group-eV   Average

   116 14000000.0 1.11105E-7    128 35000000.0 .002828926    140 140000000. 0.0           152 560000000. 0.0       
   117 15000000.0 8.66165E-6    129 40000000.0 .002868680    141 160000000. 0.0           153 600000000. 0.0       
   118 16000000.0 6.51570E-5    130 45000000.0 .002865476    142 180000000. 0.0           154 640000000. 0.0       
   119 17000000.0 2.82973E-4    131 50000000.0 .002834632    143 200000000. 0.0           155 680000000. 0.0       
   120 18000000.0 7.83342E-4    132 54000000.0 .002807560    144 240000000. 0.0           156 720000000. 0.0       
   121 19000000.0 .001589676    133 55000000.0 .002768336    145 280000000. 0.0           157 760000000. 0.0       
   122 20000000.0 .002501786    134 60000000.0 .002642195    146 320000000. 0.0           158 800000000. 0.0       
   123 22000000.0 .002763427    135 70000000.0 .002454593    147 360000000. 0.0           159 840000000. 0.0       
   124 24000000.0 .002702606    136 80000000.0 .002241248    148 400000000. 0.0           160 880000000. 0.0       
   125 26000000.0 .002652375    137 90000000.0 .002021139    149 440000000. 0.0           161 920000000. 0.0       
   126 28000000.0 .002647560    138 100000000. .001718416    150 480000000. 0.0           162 960000000. 0.0       
   127 30000000.0 .002721068    139 120000000. .001374538    151 520000000. 0.0           163 1.00000E+9
 
                                                     MT=  5
 MAT 2043                         0.0        Kelvin Unshielded Cross Sections                          20-Ca-46 

   No.  Group-eV   Average      No.  Group-eV   Average      No.  Group-eV   Average      No.  Group-eV   Average

   122 20000000.0 1.82236E-8    133 55000000.0 2.13906E-4    144 240000000. 0.0           155 680000000. 0.0       
   123 22000000.0 1.05057E-5    134 60000000.0 1.70473E-4    145 280000000. 0.0           156 720000000. 0.0       
   124 24000000.0 7.45434E-5    135 70000000.0 1.27418E-4    146 320000000. 0.0           157 760000000. 0.0       
   125 26000000.0 1.67964E-4    136 80000000.0 9.65099E-5    147 360000000. 0.0           158 800000000. 0.0       
   126 28000000.0 2.31320E-4    137 90000000.0 7.36450E-5    148 400000000. 0.0           159 840000000. 0.0       
   127 30000000.0 2.70640E-4    138 100000000. 5.08771E-5    149 440000000. 0.0           160 880000000. 0.0       
   128 35000000.0 2.94729E-4    139 120000000. 3.15270E-5    150 480000000. 0.0           161 920000000. 0.0       
   129 40000000.0 2.93986E-4    140 140000000. 0.0           151 520000000. 0.0           162 960000000. 0.0       
   130 45000000.0 2.73410E-4    141 160000000. 0.0           152 560000000. 0.0           163 1.00000E+9
   131 50000000.0 2.47061E-4    142 180000000. 0.0           153 600000000. 0.0       
   132 54000000.0 2.31717E-4    143 200000000. 0.0           154 640000000. 0.0       
 
                                                     MT=  5
 MAT 2043                         0.0        Kelvin Unshielded Cross Sections                          20-Ca-46 

   No.  Group-eV   Average      No.  Group-eV   Average      No.  Group-eV   Average      No.  Group-eV   Average

   123 22000000.0 1.62598E-7    134 60000000.0 7.80539E-6    145 280000000. 0.0           156 720000000. 0.0       
   124 24000000.0 1.89986E-6    135 70000000.0 6.03691E-6    146 320000000. 0.0           157 760000000. 0.0       
   125 26000000.0 3.44567E-6    136 80000000.0 4.65923E-6    147 360000000. 0.0           158 800000000. 0.0       
   126 28000000.0 4.99555E-6    137 90000000.0 3.67984E-6    148 400000000. 0.0           159 840000000. 0.0       
   127 30000000.0 8.13791E-6    138 100000000. 2.72621E-6    149 440000000. 0.0           160 880000000. 0.0       
   128 35000000.0 1.15922E-5    139 120000000. 2.53187E-6    150 480000000. 0.0           161 920000000. 0.0       
   129 40000000.0 1.30660E-5    140 140000000. 0.0           151 520000000. 0.0           162 960000000. 0.0       
   130 45000000.0 1.29444E-5    141 160000000. 0.0           152 560000000. 0.0           163 1.00000E+9
   131 50000000.0 1.16375E-5    142 180000000. 0.0           153 600000000. 0.0       
   132 54000000.0 1.08007E-5    143 200000000. 0.0           154 640000000. 0.0       
   133 55000000.0 9.79023E-6    144 240000000. 0.0           155 680000000. 0.0       
 
                                                     MT=  5
 MAT 2043                         0.0        Kelvin Unshielded Cross Sections                          20-Ca-46 

   No.  Group-eV   Average      No.  Group-eV   Average      No.  Group-eV   Average      No.  Group-eV   Average

   115 13000000.0 1.22301E-7    128 35000000.0 1.17589E-4    141 160000000. 0.0           154 640000000. 0.0       
   116 14000000.0 6.28965E-6    129 40000000.0 1.20681E-4    142 180000000. 0.0           155 680000000. 0.0       
   117 15000000.0 5.72993E-5    130 45000000.0 1.20960E-4    143 200000000. 0.0           156 720000000. 0.0       
   118 16000000.0 1.88902E-4    131 50000000.0 1.21528E-4    144 240000000. 0.0           157 760000000. 0.0       
   119 17000000.0 3.71995E-4    132 54000000.0 1.21359E-4    145 280000000. 0.0           158 800000000. 0.0       
   120 18000000.0 5.39090E-4    133 55000000.0 1.21374E-4    146 320000000. 0.0           159 840000000. 0.0       
   121 19000000.0 5.95036E-4    134 60000000.0 1.28407E-4    147 360000000. 0.0           160 880000000. 0.0       
   122 20000000.0 3.92202E-4    135 70000000.0 1.16068E-4    148 400000000. 0.0           161 920000000. 0.0       
   123 22000000.0 1.95121E-4    136 80000000.0 9.83400E-5    149 440000000. 0.0           162 960000000. 0.0       
   124 24000000.0 1.40813E-4    137 90000000.0 8.33246E-5    150 480000000. 0.0           163 1.00000E+9
   125 26000000.0 1.47253E-4    138 100000000. 6.66865E-5    151 520000000. 0.0       
   126 28000000.0 1.56067E-4    139 120000000. 5.37346E-5    152 560000000. 0.0       
   127 30000000.0 1.29392E-4    140 140000000. 0.0           153 600000000. 0.0       
 
                                                     MT=  5
 MAT 2043                         0.0        Kelvin Unshielded Cross Sections                          20-Ca-46 

   No.  Group-eV   Average      No.  Group-eV   Average      No.  Group-eV   Average      No.  Group-eV   Average

   136 80000000.0 3.0050E-11    143 200000000. 0.0           150 480000000. 0.0           157 760000000. 0.0       
   137 90000000.0 7.08884E-8    144 240000000. 0.0           151 520000000. 0.0           158 800000000. 0.0       
   138 100000000. 3.60940E-6    145 280000000. 0.0           152 560000000. 0.0           159 840000000. 0.0       
   139 120000000. 1.49396E-5    146 320000000. 0.0           153 600000000. 0.0           160 880000000. 0.0       
   140 140000000. 0.0           147 360000000. 0.0           154 640000000. 0.0           161 920000000. 0.0       
   141 160000000. 0.0           148 400000000. 0.0           155 680000000. 0.0           162 960000000. 0.0       
   142 180000000. 0.0           149 440000000. 0.0           156 720000000. 0.0           163 1.00000E+9
 
                                                     MT=  5
 MAT 2043                         0.0        Kelvin Unshielded Cross Sections                          20-Ca-46 

   No.  Group-eV   Average      No.  Group-eV   Average      No.  Group-eV   Average      No.  Group-eV   Average

   134 60000000.0 5.1272E-14    142 180000000. 0.0           150 480000000. 0.0           158 800000000. 0.0       
   135 70000000.0 6.88170E-8    143 200000000. 0.0           151 520000000. 0.0           159 840000000. 0.0       
   136 80000000.0 3.07291E-6    144 240000000. 0.0           152 560000000. 0.0           160 880000000. 0.0       
   137 90000000.0 1.31979E-5    145 280000000. 0.0           153 600000000. 0.0           161 920000000. 0.0       
   138 100000000. 2.49423E-5    146 320000000. 0.0           154 640000000. 0.0           162 960000000. 0.0       
   139 120000000. 2.24085E-5    147 360000000. 0.0           155 680000000. 0.0           163 1.00000E+9
   140 140000000. 0.0           148 400000000. 0.0           156 720000000. 0.0       
   141 160000000. 0.0           149 440000000. 0.0           157 760000000. 0.0       
 
                                                     MT=  5
 MAT 2043                         0.0        Kelvin Unshielded Cross Sections                          20-Ca-46 

   No.  Group-eV   Average      No.  Group-eV   Average      No.  Group-eV   Average      No.  Group-eV   Average

   133 55000000.0 2.9469E-13    141 160000000. 0.0           149 440000000. 0.0           157 760000000. 0.0       
   134 60000000.0 5.62505E-7    142 180000000. 0.0           150 480000000. 0.0           158 800000000. 0.0       
   135 70000000.0 1.19700E-5    143 200000000. 0.0           151 520000000. 0.0           159 840000000. 0.0       
   136 80000000.0 2.99765E-5    144 240000000. 0.0           152 560000000. 0.0           160 880000000. 0.0       
   137 90000000.0 3.34471E-5    145 280000000. 0.0           153 600000000. 0.0           161 920000000. 0.0       
   138 100000000. 2.45499E-5    146 320000000. 0.0           154 640000000. 0.0           162 960000000. 0.0       
   139 120000000. 1.33941E-5    147 360000000. 0.0           155 680000000. 0.0           163 1.00000E+9
   140 140000000. 0.0           148 400000000. 0.0           156 720000000. 0.0       
 
                                                     MT=  5
 MAT 2043                         0.0        Kelvin Unshielded Cross Sections                          20-Ca-46 

   No.  Group-eV   Average      No.  Group-eV   Average      No.  Group-eV   Average      No.  Group-eV   Average

   130 45000000.0 6.19330E-9    139 120000000. 8.35086E-6    148 400000000. 0.0           157 760000000. 0.0       
   131 50000000.0 7.61904E-7    140 140000000. 0.0           149 440000000. 0.0           158 800000000. 0.0       
   132 54000000.0 2.99636E-6    141 160000000. 0.0           150 480000000. 0.0           159 840000000. 0.0       
   133 55000000.0 1.01523E-5    142 180000000. 0.0           151 520000000. 0.0           160 880000000. 0.0       
   134 60000000.0 4.31351E-5    143 200000000. 0.0           152 560000000. 0.0           161 920000000. 0.0       
   135 70000000.0 5.93076E-5    144 240000000. 0.0           153 600000000. 0.0           162 960000000. 0.0       
   136 80000000.0 4.50506E-5    145 280000000. 0.0           154 640000000. 0.0           163 1.00000E+9
   137 90000000.0 3.04652E-5    146 320000000. 0.0           155 680000000. 0.0       
   138 100000000. 1.69347E-5    147 360000000. 0.0           156 720000000. 0.0       
 
                                                     MT=  5
 MAT 2043                         0.0        Kelvin Unshielded Cross Sections                          20-Ca-46 

   No.  Group-eV   Average      No.  Group-eV   Average      No.  Group-eV   Average      No.  Group-eV   Average

   128 35000000.0 3.7291E-13    137 90000000.0 1.39736E-5    146 320000000. 0.0           155 680000000. 0.0       
   129 40000000.0 8.65009E-7    138 100000000. 7.93651E-6    147 360000000. 0.0           156 720000000. 0.0       
   130 45000000.0 1.65959E-5    139 120000000. 4.41695E-6    148 400000000. 0.0           157 760000000. 0.0       
   131 50000000.0 4.38550E-5    140 140000000. 0.0           149 440000000. 0.0           158 800000000. 0.0       
   132 54000000.0 5.55775E-5    141 160000000. 0.0           150 480000000. 0.0           159 840000000. 0.0       
   133 55000000.0 6.14909E-5    142 180000000. 0.0           151 520000000. 0.0           160 880000000. 0.0       
   134 60000000.0 5.80364E-5    143 200000000. 0.0           152 560000000. 0.0           161 920000000. 0.0       
   135 70000000.0 3.69825E-5    144 240000000. 0.0           153 600000000. 0.0           162 960000000. 0.0       
   136 80000000.0 2.27090E-5    145 280000000. 0.0           154 640000000. 0.0           163 1.00000E+9
 
                                                     MT=  5
 MAT 2043                         0.0        Kelvin Unshielded Cross Sections                          20-Ca-46 

   No.  Group-eV   Average      No.  Group-eV   Average      No.  Group-eV   Average      No.  Group-eV   Average

   126 28000000.0 1.56197E-9    136 80000000.0 8.63184E-6    146 320000000. 0.0           156 720000000. 0.0       
   127 30000000.0 9.57857E-6    137 90000000.0 5.56728E-6    147 360000000. 0.0           157 760000000. 0.0       
   128 35000000.0 6.18219E-5    138 100000000. 3.55312E-6    148 400000000. 0.0           158 800000000. 0.0       
   129 40000000.0 9.58025E-5    139 120000000. 2.14010E-6    149 440000000. 0.0           159 840000000. 0.0       
   130 45000000.0 9.16304E-5    140 140000000. 0.0           150 480000000. 0.0           160 880000000. 0.0       
   131 50000000.0 6.86825E-5    141 160000000. 0.0           151 520000000. 0.0           161 920000000. 0.0       
   132 54000000.0 5.62616E-5    142 180000000. 0.0           152 560000000. 0.0           162 960000000. 0.0       
   133 55000000.0 4.52067E-5    143 200000000. 0.0           153 600000000. 0.0           163 1.00000E+9
   134 60000000.0 2.74471E-5    144 240000000. 0.0           154 640000000. 0.0       
   135 70000000.0 1.48636E-5    145 280000000. 0.0           155 680000000. 0.0       
 
                                                     MT=  5
 MAT 2043                         0.0        Kelvin Unshielded Cross Sections                          20-Ca-46 

   No.  Group-eV   Average      No.  Group-eV   Average      No.  Group-eV   Average      No.  Group-eV   Average

   123 22000000.0 1.41350E-7    134 60000000.0 3.32392E-6    145 280000000. 0.0           156 720000000. 0.0       
   124 24000000.0 1.64848E-5    135 70000000.0 1.81712E-6    146 320000000. 0.0           157 760000000. 0.0       
   125 26000000.0 8.83037E-5    136 80000000.0 1.15851E-6    147 360000000. 0.0           158 800000000. 0.0       
   126 28000000.0 1.36566E-4    137 90000000.0 8.25312E-7    148 400000000. 0.0           159 840000000. 0.0       
   127 30000000.0 1.16073E-4    138 100000000. 5.40019E-7    149 440000000. 0.0           160 880000000. 0.0       
   128 35000000.0 5.53364E-5    139 120000000. 3.22826E-7    150 480000000. 0.0           161 920000000. 0.0       
   129 40000000.0 2.39148E-5    140 140000000. 0.0           151 520000000. 0.0           162 960000000. 0.0       
   130 45000000.0 1.26970E-5    141 160000000. 0.0           152 560000000. 0.0           163 1.00000E+9
   131 50000000.0 8.24769E-6    142 180000000. 0.0           153 600000000. 0.0       
   132 54000000.0 6.69284E-6    143 200000000. 0.0           154 640000000. 0.0       
   133 55000000.0 5.41292E-6    144 240000000. 0.0           155 680000000. 0.0       
 
                                                     MT=  5
 MAT 2043                         0.0        Kelvin Unshielded Cross Sections                          20-Ca-46 

   No.  Group-eV   Average      No.  Group-eV   Average      No.  Group-eV   Average      No.  Group-eV   Average

   115 13000000.0 1.22301E-7    128 35000000.0 4.30327E-7    141 160000000. 0.0           154 640000000. 0.0       
   116 14000000.0 6.28965E-6    129 40000000.0 9.93715E-8    142 180000000. 0.0           155 680000000. 0.0       
   117 15000000.0 5.72993E-5    130 45000000.0 1.85715E-7    143 200000000. 0.0           156 720000000. 0.0       
   118 16000000.0 1.88902E-4    131 50000000.0 1.16580E-6    144 240000000. 0.0           157 760000000. 0.0       
   119 17000000.0 3.71995E-4    132 54000000.0 2.10697E-6    145 280000000. 0.0           158 800000000. 0.0       
   120 18000000.0 5.39090E-4    133 55000000.0 2.98608E-6    146 320000000. 0.0           159 840000000. 0.0       
   121 19000000.0 5.95036E-4    134 60000000.0 3.43936E-6    147 360000000. 0.0           160 880000000. 0.0       
   122 20000000.0 3.92202E-4    135 70000000.0 2.34593E-6    148 400000000. 0.0           161 920000000. 0.0       
   123 22000000.0 1.94979E-4    136 80000000.0 1.41394E-6    149 440000000. 0.0           162 960000000. 0.0       
   124 24000000.0 1.24328E-4    137 90000000.0 8.70738E-7    150 480000000. 0.0           163 1.00000E+9
   125 26000000.0 5.89489E-5    138 100000000. 4.67642E-7    151 520000000. 0.0       
   126 28000000.0 1.94996E-5    139 120000000. 2.27921E-7    152 560000000. 0.0       
   127 30000000.0 3.74050E-6    140 140000000. 0.0           153 600000000. 0.0       
 
                                                     MT=  5
 MAT 2043                         0.0        Kelvin Unshielded Cross Sections                          20-Ca-46 

   No.  Group-eV   Average      No.  Group-eV   Average      No.  Group-eV   Average      No.  Group-eV   Average

   124 24000000.0 5.93661E-9    134 60000000.0 1.92085E-5    144 240000000. 0.0           154 640000000. 0.0       
   125 26000000.0 2.05994E-7    135 70000000.0 2.49084E-5    145 280000000. 0.0           155 680000000. 0.0       
   126 28000000.0 1.29868E-7    136 80000000.0 2.91026E-5    146 320000000. 0.0           156 720000000. 0.0       
   127 30000000.0 6.81667E-7    137 90000000.0 3.17965E-5    147 360000000. 0.0           157 760000000. 0.0       
   128 35000000.0 2.64660E-6    138 100000000. 3.32869E-5    148 400000000. 0.0           158 800000000. 0.0       
   129 40000000.0 4.77672E-6    139 120000000. 3.18861E-5    149 440000000. 0.0           159 840000000. 0.0       
   130 45000000.0 7.26689E-6    140 140000000. 0.0           150 480000000. 0.0           160 880000000. 0.0       
   131 50000000.0 1.01251E-5    141 160000000. 0.0           151 520000000. 0.0           161 920000000. 0.0       
   132 54000000.0 1.19217E-5    142 180000000. 0.0           152 560000000. 0.0           162 960000000. 0.0       
   133 55000000.0 1.41130E-5    143 200000000. 0.0           153 600000000. 0.0           163 1.00000E+9
 
                                                     MT=  5
 MAT 2043                         0.0        Kelvin Unshielded Cross Sections                          20-Ca-46 

   No.  Group-eV   Average      No.  Group-eV   Average      No.  Group-eV   Average      No.  Group-eV   Average

   136 80000000.0 3.8354E-11    143 200000000. 0.0           150 480000000. 0.0           157 760000000. 0.0       
   137 90000000.0 7.57278E-8    144 240000000. 0.0           151 520000000. 0.0           158 800000000. 0.0       
   138 100000000. 6.88289E-6    145 280000000. 0.0           152 560000000. 0.0           159 840000000. 0.0       
   139 120000000. 4.21414E-5    146 320000000. 0.0           153 600000000. 0.0           160 880000000. 0.0       
   140 140000000. 0.0           147 360000000. 0.0           154 640000000. 0.0           161 920000000. 0.0       
   141 160000000. 0.0           148 400000000. 0.0           155 680000000. 0.0           162 960000000. 0.0       
   142 180000000. 0.0           149 440000000. 0.0           156 720000000. 0.0           163 1.00000E+9
 
                                                     MT=  5
 MAT 2043                         0.0        Kelvin Unshielded Cross Sections                          20-Ca-46 

   No.  Group-eV   Average      No.  Group-eV   Average      No.  Group-eV   Average      No.  Group-eV   Average

   135 70000000.0 5.98575E-9    143 200000000. 0.0           151 520000000. 0.0           159 840000000. 0.0       
   136 80000000.0 2.02170E-6    144 240000000. 0.0           152 560000000. 0.0           160 880000000. 0.0       
   137 90000000.0 2.09586E-5    145 280000000. 0.0           153 600000000. 0.0           161 920000000. 0.0       
   138 100000000. 8.35151E-5    146 320000000. 0.0           154 640000000. 0.0           162 960000000. 0.0       
   139 120000000. 1.16442E-4    147 360000000. 0.0           155 680000000. 0.0           163 1.00000E+9
   140 140000000. 0.0           148 400000000. 0.0           156 720000000. 0.0       
   141 160000000. 0.0           149 440000000. 0.0           157 760000000. 0.0       
   142 180000000. 0.0           150 480000000. 0.0           158 800000000. 0.0       
 
                                                     MT=  5
 MAT 2043                         0.0        Kelvin Unshielded Cross Sections                          20-Ca-46 

   No.  Group-eV   Average      No.  Group-eV   Average      No.  Group-eV   Average      No.  Group-eV   Average

   133 55000000.0 3.7743E-12    141 160000000. 0.0           149 440000000. 0.0           157 760000000. 0.0       
   134 60000000.0 8.73550E-7    142 180000000. 0.0           150 480000000. 0.0           158 800000000. 0.0       
   135 70000000.0 2.95737E-5    143 200000000. 0.0           151 520000000. 0.0           159 840000000. 0.0       
   136 80000000.0 1.20619E-4    144 240000000. 0.0           152 560000000. 0.0           160 880000000. 0.0       
   137 90000000.0 1.99066E-4    145 280000000. 0.0           153 600000000. 0.0           161 920000000. 0.0       
   138 100000000. 1.99181E-4    146 320000000. 0.0           154 640000000. 0.0           162 960000000. 0.0       
   139 120000000. 1.30321E-4    147 360000000. 0.0           155 680000000. 0.0           163 1.00000E+9
   140 140000000. 0.0           148 400000000. 0.0           156 720000000. 0.0       
 
                                                     MT=  5
 MAT 2043                         0.0        Kelvin Unshielded Cross Sections                          20-Ca-46 

   No.  Group-eV   Average      No.  Group-eV   Average      No.  Group-eV   Average      No.  Group-eV   Average

   130 45000000.0 5.4202E-15    139 120000000. 1.64613E-4    148 400000000. 0.0           157 760000000. 0.0       
   131 50000000.0 2.14654E-8    140 140000000. 0.0           149 440000000. 0.0           158 800000000. 0.0       
   132 54000000.0 3.23122E-7    141 160000000. 0.0           150 480000000. 0.0           159 840000000. 0.0       
   133 55000000.0 5.94211E-6    142 180000000. 0.0           151 520000000. 0.0           160 880000000. 0.0       
   134 60000000.0 9.68773E-5    143 200000000. 0.0           152 560000000. 0.0           161 920000000. 0.0       
   135 70000000.0 2.93032E-4    144 240000000. 0.0           153 600000000. 0.0           162 960000000. 0.0       
   136 80000000.0 3.56907E-4    145 280000000. 0.0           154 640000000. 0.0           163 1.00000E+9
   137 90000000.0 3.20922E-4    146 320000000. 0.0           155 680000000. 0.0       
   138 100000000. 2.40365E-4    147 360000000. 0.0           156 720000000. 0.0       
 
                                                     MT=  5
 MAT 2043                         0.0        Kelvin Unshielded Cross Sections                          20-Ca-46 

   No.  Group-eV   Average      No.  Group-eV   Average      No.  Group-eV   Average      No.  Group-eV   Average

   128 35000000.0 5.9994E-13    137 90000000.0 5.23782E-4    146 320000000. 0.0           155 680000000. 0.0       
   129 40000000.0 2.03410E-6    138 100000000. 4.16263E-4    147 360000000. 0.0           156 720000000. 0.0       
   130 45000000.0 6.38477E-5    139 120000000. 3.18963E-4    148 400000000. 0.0           157 760000000. 0.0       
   131 50000000.0 2.54142E-4    140 140000000. 0.0           149 440000000. 0.0           158 800000000. 0.0       
   132 54000000.0 3.93181E-4    141 160000000. 0.0           150 480000000. 0.0           159 840000000. 0.0       
   133 55000000.0 5.46027E-4    142 180000000. 0.0           151 520000000. 0.0           160 880000000. 0.0       
   134 60000000.0 7.45266E-4    143 200000000. 0.0           152 560000000. 0.0           161 920000000. 0.0       
   135 70000000.0 7.31976E-4    144 240000000. 0.0           153 600000000. 0.0           162 960000000. 0.0       
   136 80000000.0 6.22815E-4    145 280000000. 0.0           154 640000000. 0.0           163 1.00000E+9
 
                                                     MT=  5
 MAT 2043                         0.0        Kelvin Unshielded Cross Sections                          20-Ca-46 

   No.  Group-eV   Average      No.  Group-eV   Average      No.  Group-eV   Average      No.  Group-eV   Average

   127 30000000.0 6.34378E-7    137 90000000.0 4.65641E-4    147 360000000. 0.0           157 760000000. 0.0       
   128 35000000.0 1.15982E-4    138 100000000. 3.66470E-4    148 400000000. 0.0           158 800000000. 0.0       
   129 40000000.0 6.11427E-4    139 120000000. 2.75407E-4    149 440000000. 0.0           159 840000000. 0.0       
   130 45000000.0 .001046126    140 140000000. 0.0           150 480000000. 0.0           160 880000000. 0.0       
   131 50000000.0 .001156900    141 160000000. 0.0           151 520000000. 0.0           161 920000000. 0.0       
   132 54000000.0 .001136266    142 180000000. 0.0           152 560000000. 0.0           162 960000000. 0.0       
   133 55000000.0 .001072357    143 200000000. 0.0           153 600000000. 0.0           163 1.00000E+9
   134 60000000.0 8.92223E-4    144 240000000. 0.0           154 640000000. 0.0       
   135 70000000.0 6.98510E-4    145 280000000. 0.0           155 680000000. 0.0       
   136 80000000.0 5.63567E-4    146 320000000. 0.0           156 720000000. 0.0       
 
                                                     MT=  5
 MAT 2043                         0.0        Kelvin Unshielded Cross Sections                          20-Ca-46 

   No.  Group-eV   Average      No.  Group-eV   Average      No.  Group-eV   Average      No.  Group-eV   Average

   123 22000000.0 1.62598E-7    134 60000000.0 4.47964E-4    145 280000000. 0.0           156 720000000. 0.0       
   124 24000000.0 1.89986E-6    135 70000000.0 3.41333E-4    146 320000000. 0.0           157 760000000. 0.0       
   125 26000000.0 3.44567E-6    136 80000000.0 2.71060E-4    147 360000000. 0.0           158 800000000. 0.0       
   126 28000000.0 5.60604E-6    137 90000000.0 2.22080E-4    148 400000000. 0.0           159 840000000. 0.0       
   127 30000000.0 1.99201E-4    138 100000000. 1.73157E-4    149 440000000. 0.0           160 880000000. 0.0       
   128 35000000.0 8.63781E-4    139 120000000. 1.25312E-4    150 480000000. 0.0           161 920000000. 0.0       
   129 40000000.0 9.78826E-4    140 140000000. 0.0           151 520000000. 0.0           162 960000000. 0.0       
   130 45000000.0 8.28304E-4    141 160000000. 0.0           152 560000000. 0.0           163 1.00000E+9
   131 50000000.0 6.91975E-4    142 180000000. 0.0           153 600000000. 0.0       
   132 54000000.0 6.26844E-4    143 200000000. 0.0           154 640000000. 0.0       
   133 55000000.0 5.64633E-4    144 240000000. 0.0           155 680000000. 0.0       
 
                                                     MT=  5
 MAT 2043                         0.0        Kelvin Unshielded Cross Sections                          20-Ca-46 

   No.  Group-eV   Average      No.  Group-eV   Average      No.  Group-eV   Average      No.  Group-eV   Average

   122 20000000.0 1.82236E-8    133 55000000.0 6.43799E-4    144 240000000. 0.0           155 680000000. 0.0       
   123 22000000.0 1.06094E-5    134 60000000.0 5.02993E-4    145 280000000. 0.0           156 720000000. 0.0       
   124 24000000.0 1.44650E-4    135 70000000.0 3.74016E-4    146 320000000. 0.0           157 760000000. 0.0       
   125 26000000.0 6.44417E-4    136 80000000.0 2.90961E-4    147 360000000. 0.0           158 800000000. 0.0       
   126 28000000.0 .001252192    137 90000000.0 2.34067E-4    148 400000000. 0.0           159 840000000. 0.0       
   127 30000000.0 .001780719    138 100000000. 1.78112E-4    149 440000000. 0.0           160 880000000. 0.0       
   128 35000000.0 .001585482    139 120000000. 1.32882E-4    150 480000000. 0.0           161 920000000. 0.0       
   129 40000000.0 .001222860    140 140000000. 0.0           151 520000000. 0.0           162 960000000. 0.0       
   130 45000000.0 9.61689E-4    141 160000000. 0.0           152 560000000. 0.0           163 1.00000E+9
   131 50000000.0 7.93401E-4    142 180000000. 0.0           153 600000000. 0.0       
   132 54000000.0 7.17415E-4    143 200000000. 0.0           154 640000000. 0.0       
 
                                                     MT=  5
 MAT 2043                         0.0        Kelvin Unshielded Cross Sections                          20-Ca-46 

   No.  Group-eV   Average      No.  Group-eV   Average      No.  Group-eV   Average      No.  Group-eV   Average

   116 14000000.0 1.11105E-7    128 35000000.0 5.64693E-4    140 140000000. 0.0           152 560000000. 0.0       
   117 15000000.0 8.66165E-6    129 40000000.0 3.50135E-4    141 160000000. 0.0           153 600000000. 0.0       
   118 16000000.0 6.51570E-5    130 45000000.0 2.33381E-4    142 180000000. 0.0           154 640000000. 0.0       
   119 17000000.0 2.82973E-4    131 50000000.0 1.68859E-4    143 200000000. 0.0           155 680000000. 0.0       
   120 18000000.0 7.83342E-4    132 54000000.0 1.42084E-4    144 240000000. 0.0           156 720000000. 0.0       
   121 19000000.0 .001589676    133 55000000.0 1.18149E-4    145 280000000. 0.0           157 760000000. 0.0       
   122 20000000.0 .002501786    134 60000000.0 7.70585E-5    146 320000000. 0.0           158 800000000. 0.0       
   123 22000000.0 .002763323    135 70000000.0 4.49213E-5    147 360000000. 0.0           159 840000000. 0.0       
   124 24000000.0 .002632489    136 80000000.0 2.74831E-5    148 400000000. 0.0           160 880000000. 0.0       
   125 26000000.0 .002175513    137 90000000.0 1.71736E-5    149 440000000. 0.0           161 920000000. 0.0       
   126 28000000.0 .001625818    138 100000000. 9.21769E-6    150 480000000. 0.0           162 960000000. 0.0       
   127 30000000.0 .001017933    139 120000000. 4.16304E-6    151 520000000. 0.0           163 1.00000E+9
 
                                                     MT=  5
 MAT 2043                         0.0        Kelvin Unshielded Cross Sections                          20-Ca-46 

   No.  Group-eV   Average      No.  Group-eV   Average      No.  Group-eV   Average      No.  Group-eV   Average

   136 80000000.0 1.0040E-12    143 200000000. 0.0           150 480000000. 0.0           157 760000000. 0.0       
   137 90000000.0 2.30647E-8    144 240000000. 0.0           151 520000000. 0.0           158 800000000. 0.0       
   138 100000000. 3.02551E-6    145 280000000. 0.0           152 560000000. 0.0           159 840000000. 0.0       
   139 120000000. 1.62721E-5    146 320000000. 0.0           153 600000000. 0.0           160 880000000. 0.0       
   140 140000000. 0.0           147 360000000. 0.0           154 640000000. 0.0           161 920000000. 0.0       
   141 160000000. 0.0           148 400000000. 0.0           155 680000000. 0.0           162 960000000. 0.0       
   142 180000000. 0.0           149 440000000. 0.0           156 720000000. 0.0           163 1.00000E+9
 
                                                     MT=  5
 MAT 2043                         0.0        Kelvin Unshielded Cross Sections                          20-Ca-46 

   No.  Group-eV   Average      No.  Group-eV   Average      No.  Group-eV   Average      No.  Group-eV   Average

   135 70000000.0 6.69718E-9    143 200000000. 0.0           151 520000000. 0.0           159 840000000. 0.0       
   136 80000000.0 2.02873E-6    144 240000000. 0.0           152 560000000. 0.0           160 880000000. 0.0       
   137 90000000.0 1.49128E-5    145 280000000. 0.0           153 600000000. 0.0           161 920000000. 0.0       
   138 100000000. 3.96824E-5    146 320000000. 0.0           154 640000000. 0.0           162 960000000. 0.0       
   139 120000000. 4.07556E-5    147 360000000. 0.0           155 680000000. 0.0           163 1.00000E+9
   140 140000000. 0.0           148 400000000. 0.0           156 720000000. 0.0       
   141 160000000. 0.0           149 440000000. 0.0           157 760000000. 0.0       
   142 180000000. 0.0           150 480000000. 0.0           158 800000000. 0.0       
 
                                                     MT=  5
 MAT 2043                         0.0        Kelvin Unshielded Cross Sections                          20-Ca-46 

   No.  Group-eV   Average      No.  Group-eV   Average      No.  Group-eV   Average      No.  Group-eV   Average

   133 55000000.0 2.67496E-9    141 160000000. 0.0           149 440000000. 0.0           157 760000000. 0.0       
   134 60000000.0 4.22882E-6    142 180000000. 0.0           150 480000000. 0.0           158 800000000. 0.0       
   135 70000000.0 4.53941E-5    143 200000000. 0.0           151 520000000. 0.0           159 840000000. 0.0       
   136 80000000.0 9.85908E-5    144 240000000. 0.0           152 560000000. 0.0           160 880000000. 0.0       
   137 90000000.0 1.12359E-4    145 280000000. 0.0           153 600000000. 0.0           161 920000000. 0.0       
   138 100000000. 8.30421E-5    146 320000000. 0.0           154 640000000. 0.0           162 960000000. 0.0       
   139 120000000. 4.38667E-5    147 360000000. 0.0           155 680000000. 0.0           163 1.00000E+9
   140 140000000. 0.0           148 400000000. 0.0           156 720000000. 0.0       
 
                                                     MT=  5
 MAT 2043                         0.0        Kelvin Unshielded Cross Sections                          20-Ca-46 

   No.  Group-eV   Average      No.  Group-eV   Average      No.  Group-eV   Average      No.  Group-eV   Average

   130 45000000.0 9.50878E-9    139 120000000. 3.00416E-5    148 400000000. 0.0           157 760000000. 0.0       
   131 50000000.0 3.07742E-6    140 140000000. 0.0           149 440000000. 0.0           158 800000000. 0.0       
   132 54000000.0 1.47874E-5    141 160000000. 0.0           150 480000000. 0.0           159 840000000. 0.0       
   133 55000000.0 5.62311E-5    142 180000000. 0.0           151 520000000. 0.0           160 880000000. 0.0       
   134 60000000.0 1.87905E-4    143 200000000. 0.0           152 560000000. 0.0           161 920000000. 0.0       
   135 70000000.0 2.31913E-4    144 240000000. 0.0           153 600000000. 0.0           162 960000000. 0.0       
   136 80000000.0 1.70558E-4    145 280000000. 0.0           154 640000000. 0.0           163 1.00000E+9
   137 90000000.0 1.10561E-4    146 320000000. 0.0           155 680000000. 0.0       
   138 100000000. 5.91339E-5    147 360000000. 0.0           156 720000000. 0.0       
 
                                                     MT=  5
 MAT 2043                         0.0        Kelvin Unshielded Cross Sections                          20-Ca-46 

   No.  Group-eV   Average      No.  Group-eV   Average      No.  Group-eV   Average      No.  Group-eV   Average

   128 35000000.0 5.37817E-6    137 90000000.0 1.07228E-4    146 320000000. 0.0           155 680000000. 0.0       
   129 40000000.0 1.67741E-4    138 100000000. 6.34691E-5    147 360000000. 0.0           156 720000000. 0.0       
   130 45000000.0 5.07211E-4    139 120000000. 3.74418E-5    148 400000000. 0.0           157 760000000. 0.0       
   131 50000000.0 6.96360E-4    140 140000000. 0.0           149 440000000. 0.0           158 800000000. 0.0       
   132 54000000.0 7.33731E-4    141 160000000. 0.0           150 480000000. 0.0           159 840000000. 0.0       
   133 55000000.0 7.06517E-4    142 180000000. 0.0           151 520000000. 0.0           160 880000000. 0.0       
   134 60000000.0 5.23045E-4    143 200000000. 0.0           152 560000000. 0.0           161 920000000. 0.0       
   135 70000000.0 3.02506E-4    144 240000000. 0.0           153 600000000. 0.0           162 960000000. 0.0       
   136 80000000.0 1.76881E-4    145 280000000. 0.0           154 640000000. 0.0           163 1.00000E+9
 
                                                     MT=  5
 MAT 2043                         0.0        Kelvin Unshielded Cross Sections                          20-Ca-46 

   No.  Group-eV   Average      No.  Group-eV   Average      No.  Group-eV   Average      No.  Group-eV   Average

   126 28000000.0 2.07032E-5    136 80000000.0 1.30666E-4    146 320000000. 0.0           156 720000000. 0.0       
   127 30000000.0 .001031576    137 90000000.0 8.95497E-5    147 360000000. 0.0           157 760000000. 0.0       
   128 35000000.0 .002199676    138 100000000. 5.85467E-5    148 400000000. 0.0           158 800000000. 0.0       
   129 40000000.0 .002028821    139 120000000. 3.53504E-5    149 440000000. 0.0           159 840000000. 0.0       
   130 45000000.0 .001426415    140 140000000. 0.0           150 480000000. 0.0           160 880000000. 0.0       
   131 50000000.0 9.80790E-4    141 160000000. 0.0           151 520000000. 0.0           161 920000000. 0.0       
   132 54000000.0 8.01789E-4    142 180000000. 0.0           152 560000000. 0.0           162 960000000. 0.0       
   133 55000000.0 6.49481E-4    143 200000000. 0.0           153 600000000. 0.0           163 1.00000E+9
   134 60000000.0 4.01465E-4    144 240000000. 0.0           154 640000000. 0.0       
   135 70000000.0 2.18909E-4    145 280000000. 0.0           155 680000000. 0.0       
 
                                                     MT=  5
 MAT 2043                         0.0        Kelvin Unshielded Cross Sections                          20-Ca-46 

   No.  Group-eV   Average      No.  Group-eV   Average      No.  Group-eV   Average      No.  Group-eV   Average

   119 17000000.0 4.90982E-4    131 50000000.0 7.09363E-4    143 200000000. 0.0           155 680000000. 0.0       
   120 18000000.0 .011140595    132 54000000.0 5.82821E-4    144 240000000. 0.0           156 720000000. 0.0       
   121 19000000.0 .033072506    133 55000000.0 4.73471E-4    145 280000000. 0.0           157 760000000. 0.0       
   122 20000000.0 .046451295    134 60000000.0 2.92170E-4    146 320000000. 0.0           158 800000000. 0.0       
   123 22000000.0 .034300360    135 70000000.0 1.66385E-4    147 360000000. 0.0           159 840000000. 0.0       
   124 24000000.0 .022428886    136 80000000.0 1.12380E-4    148 400000000. 0.0           160 880000000. 0.0       
   125 26000000.0 .015709562    137 90000000.0 8.02830E-5    149 440000000. 0.0           161 920000000. 0.0       
   126 28000000.0 .011800623    138 100000000. 5.27044E-5    150 480000000. 0.0           162 960000000. 0.0       
   127 30000000.0 .007186871    139 120000000. 3.15669E-5    151 520000000. 0.0           163 1.00000E+9
   128 35000000.0 .003194232    140 140000000. 0.0           152 560000000. 0.0       
   129 40000000.0 .001702923    141 160000000. 0.0           153 600000000. 0.0       
   130 45000000.0 .001036178    142 180000000. 0.0           154 640000000. 0.0       
 
                                                     MT=  5
 MAT 2043                         0.0        Kelvin Unshielded Cross Sections                          20-Ca-46 

   No.  Group-eV   Average      No.  Group-eV   Average      No.  Group-eV   Average      No.  Group-eV   Average

   112 10000000.0 4.86962E-4    125 26000000.0 .002784272    138 100000000. 1.01458E-5    151 520000000. 0.0       
   113 11000000.0 .002102932    126 28000000.0 .001717468    139 120000000. 5.87526E-6    152 560000000. 0.0       
   114 12000000.0 .003244621    127 30000000.0 9.27838E-4    140 140000000. 0.0           153 600000000. 0.0       
   115 13000000.0 .005107213    128 35000000.0 4.49837E-4    141 160000000. 0.0           154 640000000. 0.0       
   116 14000000.0 .008250627    129 40000000.0 2.57009E-4    142 180000000. 0.0           155 680000000. 0.0       
   117 15000000.0 .013715354    130 45000000.0 1.60203E-4    143 200000000. 0.0           156 720000000. 0.0       
   118 16000000.0 .023000974    131 50000000.0 1.09924E-4    144 240000000. 0.0           157 760000000. 0.0       
   119 17000000.0 .039373486    132 54000000.0 8.98713E-5    145 280000000. 0.0           158 800000000. 0.0       
   120 18000000.0 .054080547    133 55000000.0 7.24123E-5    146 320000000. 0.0           159 840000000. 0.0       
   121 19000000.0 .054359496    134 60000000.0 4.61508E-5    147 360000000. 0.0           160 880000000. 0.0       
   122 20000000.0 .032619588    135 70000000.0 2.98750E-5    148 400000000. 0.0           161 920000000. 0.0       
   123 22000000.0 .011834007    136 80000000.0 2.08238E-5    149 440000000. 0.0           162 960000000. 0.0       
   124 24000000.0 .005153820    137 90000000.0 1.50506E-5    150 480000000. 0.0           163 1.00000E+9
 
                                                     MT=  5
 MAT 2043                         0.0        Kelvin Unshielded Cross Sections                          20-Ca-46 

   No.  Group-eV   Average      No.  Group-eV   Average      No.  Group-eV   Average      No.  Group-eV   Average

   112 10000000.0 3.15035E-4    125 26000000.0 .041002265    138 100000000. .004120023    151 520000000. 0.0       
   113 11000000.0 .002034443    126 28000000.0 .033860306    139 120000000. .003222133    152 560000000. 0.0       
   114 12000000.0 .004531903    127 30000000.0 .024865732    140 140000000. 0.0           153 600000000. 0.0       
   115 13000000.0 .008870049    128 35000000.0 .016699063    141 160000000. 0.0           154 640000000. 0.0       
   116 14000000.0 .016164392    129 40000000.0 .013375060    142 180000000. 0.0           155 680000000. 0.0       
   117 15000000.0 .029075369    130 45000000.0 .011409763    143 200000000. 0.0           156 720000000. 0.0       
   118 16000000.0 .052301952    131 50000000.0 .010296847    144 240000000. 0.0           157 760000000. 0.0       
   119 17000000.0 .095175450    132 54000000.0 .009808484    145 280000000. 0.0           158 800000000. 0.0       
   120 18000000.0 .132183532    133 55000000.0 .009281091    146 320000000. 0.0           159 840000000. 0.0       
   121 19000000.0 .135887844    134 60000000.0 .008096984    147 360000000. 0.0           160 880000000. 0.0       
   122 20000000.0 .102824432    135 70000000.0 .006811634    148 400000000. 0.0           161 920000000. 0.0       
   123 22000000.0 .068257865    136 80000000.0 .005797597    149 440000000. 0.0           162 960000000. 0.0       
   124 24000000.0 .052039224    137 90000000.0 .005012019    150 480000000. 0.0           163 1.00000E+9
 
