 Create New Section Index (DICTIN 2019-1)
 ------------------------------------------------------------
 ENDF/B Input and Output Data Filenames
 ------------------------------------------------------------
 DICTIN.IN                                                               
 DICTIN.OUT                                                              
 ------------------------------------------------------------
 First Pass. Reading ENDF/B Data
 ------------------------------------------------------------
  MAT   Messages
 ------------------------------------------------------------
 2425
 ------------------------------------------------------------
 Second Pass. Creating New Index
 ------------------------------------------------------------
 ENDF/B  MAT MF  MT  Lines  Mod
 Format
 ------------------------------------------------------------
  VI    2425  1 451    113    0
        2425  3   5     37    0
        2425  3 201     32    0
        2425  3 203     34    0
        2425  3 204     26    0
        2425  3 205     22    0
        2425  3 206     23    0
        2425  3 207     34    0
        2425 10   5   1765    1
 ------------------------------------------------------------
 Original Line Count   2100
 Final Line Count      2101
 ------------------------------------------------------------
 ===============================================================================
 DICTIN   Total Execution Time                0.01 Seconds
 ===============================================================================
