  Linearize ENDF/B Cross Sections (LINEAR 2019-1)
  ------------------------------------------------------------------------------
  Retrieval Criteria-----------        MAT
  Monitor Mode-----------------        Off
  Minimum Cross Section-------- 1.0000E-10
  Keep Evaluated Data Points---        Yes
  ------------------------------------------------------------------------------
  ENDF/B Input and Output Data Filenames
  LINEAR.IN                                                               
  LINEAR.OUT                                                              
  ------------------------------------------------------------------------------
  Requested Ranges
  ------------------------------------------------------------------------------
       Minimum       Maximum   
     MAT MF  MT    MAT MF  MT
  ------------------------------------------------------------------------------
       0  0   0 999999 99 999
  ------------------------------------------------------------------------------
  Allowable Uncertainty
  ------------------------------------------------------------------------------
      Energy Uncertainty   per-cent
  ------------------------------------------------------------------------------
  0.0         1.0000E-10     0.0000
  ------------------------------------------------------------------------------
  ENDF/B Tape Label
  ------------------------------------------------------------------------------
  Retrieved by E4-util: 2019/11/11,14:57:07                            1
  ------------------------------------------------------------------------------
    Material  MAT  MF  MT  ENDF/B      Kelvin     Q-Value   Points   Points
                           Format                      eV       In      Out
  ------------------------------------------------------------------------------
   24-Cr-50  2425   3   5   VI     0.0         0.0             102      102
   24-Cr-50  2425   3 201   VI     0.0        -13001000.0       85       85
   24-Cr-50  2425   3 203   VI     0.0        -9590700.00       91       91
   24-Cr-50  2425   3 204   VI     0.0        -18920000.0       68       68
   24-Cr-50  2425   3 205   VI     0.0        -23203000.0       56       56
   24-Cr-50  2425   3 206   VI     0.0        -20258000.0       59       59
   24-Cr-50  2425   3 207   VI     0.0        -8556800.00       92       92
  ------------------------------------------------------------------------------
                                               MAT Totals      553      553
  ------------------------------------------------------------------------------
 ------------------------------------------------------------------------------
 All Cross Sections Read. Maximum Tabulated Energy =  200000000. eV
 ------------------------------------------------------------------------------
 ===============================================================================
      MAT Total Execution Time                0.11 Seconds
 ===============================================================================
  ------------------------------------------------------------------------------
                                              Tape Totals      553      553
  ------------------------------------------------------------------------------
 ===============================================================================
 LINEAR   Total Execution Time                0.11 Seconds
 ===============================================================================
