 ENDF Activation Cross Sections (ACTIVATE 2019-1)
 ------------------------------------------------------------------------------
 ENDF Input and Output Data Filenames
 ------------------------------------------------------------------------------
 ACTIVATE.IN                                                             
 ACTIVATE.OUT                                                            
 ------------------------------------------------------------------------------
 ENDF Tape Label
 ------------------------------------------------------------------------------
  EMPEND Processing file : ta181-g.out                                1
 ------------------------------------------------------------------------------
   Material  MAT  MF  MT  ENDF    ZAP Final      Q-Value Points Points
                          Format      State           eV     In    Out
 ------------------------------------------------------------------------------
  73-Ta-181 7328  10   4 WARNING - MF=10 data already exists - will copy MT.
  73-Ta-181 7328  10   5 WARNING - MF=10 data already exists - will copy MT.
  73-Ta-181 7328  10  22 WARNING - MF=10 data already exists - will copy MT.
  73-Ta-181 7328  10  23 WARNING - MF=10 data already exists - will copy MT.
  73-Ta-181 7328  10  24 WARNING - MF=10 data already exists - will copy MT.
  73-Ta-181 7328  10  25 WARNING - MF=10 data already exists - will copy MT.
  73-Ta-181 7328  10  29 WARNING - MF=10 data already exists - will copy MT.
  73-Ta-181 7328  10  30 WARNING - MF=10 data already exists - will copy MT.
  73-Ta-181 7328  10  35 WARNING - MF=10 data already exists - will copy MT.
  73-Ta-181 7328  10  36 WARNING - MF=10 data already exists - will copy MT.
  73-Ta-181 7328  10  37 WARNING - MF=10 data already exists - will copy MT.
  73-Ta-181 7328  10  45 WARNING - MF=10 data already exists - will copy MT.
  73-Ta-181 7328  10 103 WARNING - MF=10 data already exists - will copy MT.
  73-Ta-181 7328  10 107 WARNING - MF=10 data already exists - will copy MT.
  73-Ta-181 7328  10 108 WARNING - MF=10 data already exists - will copy MT.
  73-Ta-181 7328  10 109 WARNING - MF=10 data already exists - will copy MT.
  73-Ta-181 7328  10 112 WARNING - MF=10 data already exists - will copy MT.
  73-Ta-181 7328  10 114 WARNING - MF=10 data already exists - will copy MT.
  73-Ta-181 7328         WARNING - No MF=10 to create - will copy MAT
 ===============================================================================
      MAT Total Execution Time                3.28 Seconds
 ===============================================================================
 ------------------------------------------------------------------------------
                                             Tape Totals      0      0
 ------------------------------------------------------------------------------
 WARNING - The purpose of this code is to create MF=10 data
           if it does not already exist - if it does exist
           it is copied without checking whether or not it is
           consistent with MF=9 data. Be WARNED that for the
           MF=10 created here MF=9 and MF=10 are consistent.
           But for MF=10 that already existed there is no
           check that MF=9 and MF=10 are consistent.
 ------------------------------------------------------------------------------
 ===============================================================================
 ACTIVATE Total Execution Time                3.29 Seconds
 ===============================================================================
