                                                     MT=  5
 MAT 1431                         0.0        Kelvin Unshielded Cross Sections                          14-Si-30 

   No.  Group-eV   Average      No.  Group-eV   Average      No.  Group-eV   Average      No.  Group-eV   Average

   112 10000000.0 6.94193E-5    125 26000000.0 .022104725    138 100000000. .001894772    151 520000000. 0.0       
   113 11000000.0 4.73356E-4    126 28000000.0 .015955792    139 120000000. .001681145    152 560000000. 0.0       
   114 12000000.0 7.56409E-4    127 30000000.0 .009688490    140 140000000. 0.0           153 600000000. 0.0       
   115 13000000.0 .001241384    128 35000000.0 .006107480    141 160000000. 0.0           154 640000000. 0.0       
   116 14000000.0 .002123709    129 40000000.0 .004720500    142 180000000. 0.0           155 680000000. 0.0       
   117 15000000.0 .003891313    130 45000000.0 .003984804    143 200000000. 0.0           156 720000000. 0.0       
   118 16000000.0 .007666495    131 50000000.0 .003560129    144 240000000. 0.0           157 760000000. 0.0       
   119 17000000.0 .018047518    132 54000000.0 .003376870    145 280000000. 0.0           158 800000000. 0.0       
   120 18000000.0 .034420024    133 55000000.0 .003202449    146 320000000. 0.0           159 840000000. 0.0       
   121 19000000.0 .038481560    134 60000000.0 .002865565    147 360000000. 0.0           160 880000000. 0.0       
   122 20000000.0 .039256842    135 70000000.0 .002538604    148 400000000. 0.0           161 920000000. 0.0       
   123 22000000.0 .027618090    136 80000000.0 .002296810    149 440000000. 0.0           162 960000000. 0.0       
   124 24000000.0 .024669771    137 90000000.0 .002107923    150 480000000. 0.0           163 1.00000E+9
 
                                                     MT=  5
 MAT 1431                         0.0        Kelvin Unshielded Cross Sections                          14-Si-30 

   No.  Group-eV   Average      No.  Group-eV   Average      No.  Group-eV   Average      No.  Group-eV   Average

   112 10000000.0 6.94189E-5    125 26000000.0 .020179087    138 100000000. .006126023    151 520000000. 0.0       
   113 11000000.0 4.73353E-4    126 28000000.0 .015213523    139 120000000. .005741845    152 560000000. 0.0       
   114 12000000.0 7.47627E-4    127 30000000.0 .009805999    140 140000000. 0.0           153 600000000. 0.0       
   115 13000000.0 .001118199    128 35000000.0 .007609293    141 160000000. 0.0           154 640000000. 0.0       
   116 14000000.0 .001702725    129 40000000.0 .007022561    142 180000000. 0.0           155 680000000. 0.0       
   117 15000000.0 .002921617    130 45000000.0 .006866717    143 200000000. 0.0           156 720000000. 0.0       
   118 16000000.0 .005385633    131 50000000.0 .006808684    144 240000000. 0.0           157 760000000. 0.0       
   119 17000000.0 .011888651    132 54000000.0 .006759558    145 280000000. 0.0           158 800000000. 0.0       
   120 18000000.0 .021338800    133 55000000.0 .006721207    146 320000000. 0.0           159 840000000. 0.0       
   121 19000000.0 .022982179    134 60000000.0 .006728369    147 360000000. 0.0           160 880000000. 0.0       
   122 20000000.0 .026194471    135 70000000.0 .006735250    148 400000000. 0.0           161 920000000. 0.0       
   123 22000000.0 .020792730    136 80000000.0 .006613371    149 440000000. 0.0           162 960000000. 0.0       
   124 24000000.0 .020420713    137 90000000.0 .006426077    150 480000000. 0.0           163 1.00000E+9
 
                                                     MT=  5
 MAT 1431                         0.0        Kelvin Unshielded Cross Sections                          14-Si-30 

   No.  Group-eV   Average      No.  Group-eV   Average      No.  Group-eV   Average      No.  Group-eV   Average

   116 14000000.0 1.83570E-5    128 35000000.0 .004877334    140 140000000. 0.0           152 560000000. 0.0       
   117 15000000.0 1.26711E-4    129 40000000.0 .004138442    141 160000000. 0.0           153 600000000. 0.0       
   118 16000000.0 5.27852E-4    130 45000000.0 .003718601    142 180000000. 0.0           154 640000000. 0.0       
   119 17000000.0 .002023403    131 50000000.0 .003494066    143 200000000. 0.0           155 680000000. 0.0       
   120 18000000.0 .005387382    132 54000000.0 .003380804    144 240000000. 0.0           156 720000000. 0.0       
   121 19000000.0 .007856166    133 55000000.0 .003269148    145 280000000. 0.0           157 760000000. 0.0       
   122 20000000.0 .010582215    134 60000000.0 .003027418    146 320000000. 0.0           158 800000000. 0.0       
   123 22000000.0 .009210058    135 70000000.0 .002770565    147 360000000. 0.0           159 840000000. 0.0       
   124 24000000.0 .009589702    136 80000000.0 .002570470    148 400000000. 0.0           160 880000000. 0.0       
   125 26000000.0 .010286776    137 90000000.0 .002400927    149 440000000. 0.0           161 920000000. 0.0       
   126 28000000.0 .008803071    138 100000000. .002196052    150 480000000. 0.0           162 960000000. 0.0       
   127 30000000.0 .006448673    139 120000000. .001958795    151 520000000. 0.0           163 1.00000E+9
 
                                                     MT=  5
 MAT 1431                         0.0        Kelvin Unshielded Cross Sections                          14-Si-30 

   No.  Group-eV   Average      No.  Group-eV   Average      No.  Group-eV   Average      No.  Group-eV   Average

   122 20000000.0 1.74565E-8    133 55000000.0 6.45746E-5    144 240000000. 0.0           155 680000000. 0.0       
   123 22000000.0 9.34301E-6    134 60000000.0 5.59793E-5    145 280000000. 0.0           156 720000000. 0.0       
   124 24000000.0 7.18487E-5    135 70000000.0 4.63832E-5    146 320000000. 0.0           157 760000000. 0.0       
   125 26000000.0 1.55361E-4    136 80000000.0 3.79230E-5    147 360000000. 0.0           158 800000000. 0.0       
   126 28000000.0 1.69262E-4    137 90000000.0 3.14949E-5    148 400000000. 0.0           159 840000000. 0.0       
   127 30000000.0 1.39048E-4    138 100000000. 2.47285E-5    149 440000000. 0.0           160 880000000. 0.0       
   128 35000000.0 1.08523E-4    139 120000000. 2.18113E-5    150 480000000. 0.0           161 920000000. 0.0       
   129 40000000.0 9.55438E-5    140 140000000. 0.0           151 520000000. 0.0           162 960000000. 0.0       
   130 45000000.0 8.46228E-5    141 160000000. 0.0           152 560000000. 0.0           163 1.00000E+9
   131 50000000.0 7.31122E-5    142 180000000. 0.0           153 600000000. 0.0       
   132 54000000.0 6.90666E-5    143 200000000. 0.0           154 640000000. 0.0       
 
                                                     MT=  5
 MAT 1431                         0.0        Kelvin Unshielded Cross Sections                          14-Si-30 

   No.  Group-eV   Average      No.  Group-eV   Average      No.  Group-eV   Average      No.  Group-eV   Average

   123 22000000.0 1.37747E-6    134 60000000.0 3.18922E-6    145 280000000. 0.0           156 720000000. 0.0       
   124 24000000.0 4.23999E-5    135 70000000.0 2.82407E-6    146 320000000. 0.0           157 760000000. 0.0       
   125 26000000.0 6.77633E-5    136 80000000.0 2.07260E-6    147 360000000. 0.0           158 800000000. 0.0       
   126 28000000.0 4.96111E-5    137 90000000.0 1.56836E-6    148 400000000. 0.0           159 840000000. 0.0       
   127 30000000.0 2.62021E-5    138 100000000. 1.10485E-6    149 440000000. 0.0           160 880000000. 0.0       
   128 35000000.0 1.38292E-5    139 120000000. 1.43651E-6    150 480000000. 0.0           161 920000000. 0.0       
   129 40000000.0 1.01770E-5    140 140000000. 0.0           151 520000000. 0.0           162 960000000. 0.0       
   130 45000000.0 7.47793E-6    141 160000000. 0.0           152 560000000. 0.0           163 1.00000E+9
   131 50000000.0 4.31116E-6    142 180000000. 0.0           153 600000000. 0.0       
   132 54000000.0 3.86752E-6    143 200000000. 0.0           154 640000000. 0.0       
   133 55000000.0 3.43955E-6    144 240000000. 0.0           155 680000000. 0.0       
 
                                                     MT=  5
 MAT 1431                         0.0        Kelvin Unshielded Cross Sections                          14-Si-30 

   No.  Group-eV   Average      No.  Group-eV   Average      No.  Group-eV   Average      No.  Group-eV   Average

   114 12000000.0 8.77716E-6    127 30000000.0 .001555056    140 140000000. 0.0           153 600000000. 0.0       
   115 13000000.0 1.23177E-4    128 35000000.0 6.55182E-4    141 160000000. 0.0           154 640000000. 0.0       
   116 14000000.0 4.02608E-4    129 40000000.0 3.18025E-4    142 180000000. 0.0           155 680000000. 0.0       
   117 15000000.0 8.42947E-4    130 45000000.0 1.76435E-4    143 200000000. 0.0           156 720000000. 0.0       
   118 16000000.0 .001752945    131 50000000.0 9.72002E-5    144 240000000. 0.0           157 760000000. 0.0       
   119 17000000.0 .004135509    132 54000000.0 7.40220E-5    145 280000000. 0.0           158 800000000. 0.0       
   120 18000000.0 .007694548    133 55000000.0 5.68676E-5    146 320000000. 0.0           159 840000000. 0.0       
   121 19000000.0 .008325773    134 60000000.0 4.01720E-5    147 360000000. 0.0           160 880000000. 0.0       
   122 20000000.0 .007519668    135 70000000.0 3.02636E-5    148 400000000. 0.0           161 920000000. 0.0       
   123 22000000.0 .004562923    136 80000000.0 2.02555E-5    149 440000000. 0.0           162 960000000. 0.0       
   124 24000000.0 .003775446    137 90000000.0 1.49695E-5    150 480000000. 0.0           163 1.00000E+9
   125 26000000.0 .003650429    138 100000000. 1.06715E-5    151 520000000. 0.0       
   126 28000000.0 .002795646    139 120000000. 1.77279E-5    152 560000000. 0.0       
 
                                                     MT=  5
 MAT 1431                         0.0        Kelvin Unshielded Cross Sections                          14-Si-30 

   No.  Group-eV   Average      No.  Group-eV   Average      No.  Group-eV   Average      No.  Group-eV   Average

   134 60000000.0 2.66271E-8    142 180000000. 0.0           150 480000000. 0.0           158 800000000. 0.0       
   135 70000000.0 9.87320E-7    143 200000000. 0.0           151 520000000. 0.0           159 840000000. 0.0       
   136 80000000.0 4.17529E-6    144 240000000. 0.0           152 560000000. 0.0           160 880000000. 0.0       
   137 90000000.0 1.11147E-5    145 280000000. 0.0           153 600000000. 0.0           161 920000000. 0.0       
   138 100000000. 2.38657E-5    146 320000000. 0.0           154 640000000. 0.0           162 960000000. 0.0       
   139 120000000. 3.58451E-5    147 360000000. 0.0           155 680000000. 0.0           163 1.00000E+9
   140 140000000. 0.0           148 400000000. 0.0           156 720000000. 0.0       
   141 160000000. 0.0           149 440000000. 0.0           157 760000000. 0.0       
 
                                                     MT=  5
 MAT 1431                         0.0        Kelvin Unshielded Cross Sections                          14-Si-30 

   No.  Group-eV   Average      No.  Group-eV   Average      No.  Group-eV   Average      No.  Group-eV   Average

   130 45000000.0 1.27017E-9    139 120000000. 1.05539E-4    148 400000000. 0.0           157 760000000. 0.0       
   131 50000000.0 3.07722E-7    140 140000000. 0.0           149 440000000. 0.0           158 800000000. 0.0       
   132 54000000.0 1.15199E-6    141 160000000. 0.0           150 480000000. 0.0           159 840000000. 0.0       
   133 55000000.0 3.18929E-6    142 180000000. 0.0           151 520000000. 0.0           160 880000000. 0.0       
   134 60000000.0 1.71985E-5    143 200000000. 0.0           152 560000000. 0.0           161 920000000. 0.0       
   135 70000000.0 5.28372E-5    144 240000000. 0.0           153 600000000. 0.0           162 960000000. 0.0       
   136 80000000.0 8.78054E-5    145 280000000. 0.0           154 640000000. 0.0           163 1.00000E+9
   137 90000000.0 1.06975E-4    146 320000000. 0.0           155 680000000. 0.0       
   138 100000000. 1.10910E-4    147 360000000. 0.0           156 720000000. 0.0       
 
                                                     MT=  5
 MAT 1431                         0.0        Kelvin Unshielded Cross Sections                          14-Si-30 

   No.  Group-eV   Average      No.  Group-eV   Average      No.  Group-eV   Average      No.  Group-eV   Average

   127 30000000.0 2.11756E-6    137 90000000.0 1.13518E-4    147 360000000. 0.0           157 760000000. 0.0       
   128 35000000.0 3.32432E-5    138 100000000. 9.70436E-5    148 400000000. 0.0           158 800000000. 0.0       
   129 40000000.0 6.46856E-5    139 120000000. 8.14438E-5    149 440000000. 0.0           159 840000000. 0.0       
   130 45000000.0 6.65354E-5    140 140000000. 0.0           150 480000000. 0.0           160 880000000. 0.0       
   131 50000000.0 4.42347E-5    141 160000000. 0.0           151 520000000. 0.0           161 920000000. 0.0       
   132 54000000.0 3.61680E-5    142 180000000. 0.0           152 560000000. 0.0           162 960000000. 0.0       
   133 55000000.0 3.49665E-5    143 200000000. 0.0           153 600000000. 0.0           163 1.00000E+9
   134 60000000.0 6.99901E-5    144 240000000. 0.0           154 640000000. 0.0       
   135 70000000.0 1.15444E-4    145 280000000. 0.0           155 680000000. 0.0       
   136 80000000.0 1.22313E-4    146 320000000. 0.0           156 720000000. 0.0       
 
                                                     MT=  5
 MAT 1431                         0.0        Kelvin Unshielded Cross Sections                          14-Si-30 

   No.  Group-eV   Average      No.  Group-eV   Average      No.  Group-eV   Average      No.  Group-eV   Average

   123 22000000.0 1.14631E-6    134 60000000.0 2.78945E-5    145 280000000. 0.0           156 720000000. 0.0       
   124 24000000.0 4.07420E-4    135 70000000.0 3.16043E-5    146 320000000. 0.0           157 760000000. 0.0       
   125 26000000.0 .001872881    136 80000000.0 3.17881E-5    147 360000000. 0.0           158 800000000. 0.0       
   126 28000000.0 .002201321    137 90000000.0 2.95076E-5    148 400000000. 0.0           159 840000000. 0.0       
   127 30000000.0 .001451414    138 100000000. 2.54695E-5    149 440000000. 0.0           160 880000000. 0.0       
   128 35000000.0 6.15092E-4    139 120000000. 2.17518E-5    150 480000000. 0.0           161 920000000. 0.0       
   129 40000000.0 2.52188E-4    140 140000000. 0.0           151 520000000. 0.0           162 960000000. 0.0       
   130 45000000.0 1.09512E-4    141 160000000. 0.0           152 560000000. 0.0           163 1.00000E+9
   131 50000000.0 5.28260E-5    142 180000000. 0.0           153 600000000. 0.0       
   132 54000000.0 3.85696E-5    143 200000000. 0.0           154 640000000. 0.0       
   133 55000000.0 3.06838E-5    144 240000000. 0.0           155 680000000. 0.0       
 
                                                     MT=  5
 MAT 1431                         0.0        Kelvin Unshielded Cross Sections                          14-Si-30 

   No.  Group-eV   Average      No.  Group-eV   Average      No.  Group-eV   Average      No.  Group-eV   Average

   114 12000000.0 8.77716E-6    127 30000000.0 1.01524E-4    140 140000000. 0.0           153 600000000. 0.0       
   115 13000000.0 1.23177E-4    128 35000000.0 6.84734E-6    141 160000000. 0.0           154 640000000. 0.0       
   116 14000000.0 4.02608E-4    129 40000000.0 1.57356E-6    142 180000000. 0.0           155 680000000. 0.0       
   117 15000000.0 8.42947E-4    130 45000000.0 1.63966E-5    143 200000000. 0.0           156 720000000. 0.0       
   118 16000000.0 .001752945    131 50000000.0 6.88131E-5    144 240000000. 0.0           157 760000000. 0.0       
   119 17000000.0 .004135509    132 54000000.0 1.05661E-4    145 280000000. 0.0           158 800000000. 0.0       
   120 18000000.0 .007694548    133 55000000.0 1.38713E-4    146 320000000. 0.0           159 840000000. 0.0       
   121 19000000.0 .008325773    134 60000000.0 1.49250E-4    147 360000000. 0.0           160 880000000. 0.0       
   122 20000000.0 .007519668    135 70000000.0 9.83717E-5    148 400000000. 0.0           161 920000000. 0.0       
   123 22000000.0 .004561777    136 80000000.0 5.59423E-5    149 440000000. 0.0           162 960000000. 0.0       
   124 24000000.0 .003368025    137 90000000.0 3.28523E-5    150 480000000. 0.0           163 1.00000E+9
   125 26000000.0 .001777547    138 100000000. 1.69574E-5    151 520000000. 0.0       
   126 28000000.0 5.94324E-4    139 120000000. 8.07260E-6    152 560000000. 0.0       
 
                                                     MT=  5
 MAT 1431                         0.0        Kelvin Unshielded Cross Sections                          14-Si-30 

   No.  Group-eV   Average      No.  Group-eV   Average      No.  Group-eV   Average      No.  Group-eV   Average

   127 30000000.0 9.11677E-9    137 90000000.0 1.26095E-5    147 360000000. 0.0           157 760000000. 0.0       
   128 35000000.0 1.35170E-5    138 100000000. 7.19228E-6    148 400000000. 0.0           158 800000000. 0.0       
   129 40000000.0 8.69470E-5    139 120000000. 3.75918E-6    149 440000000. 0.0           159 840000000. 0.0       
   130 45000000.0 1.52283E-4    140 140000000. 0.0           150 480000000. 0.0           160 880000000. 0.0       
   131 50000000.0 1.56987E-4    141 160000000. 0.0           151 520000000. 0.0           161 920000000. 0.0       
   132 54000000.0 1.39926E-4    142 180000000. 0.0           152 560000000. 0.0           162 960000000. 0.0       
   133 55000000.0 1.16217E-4    143 200000000. 0.0           153 600000000. 0.0           163 1.00000E+9
   134 60000000.0 6.98562E-5    144 240000000. 0.0           154 640000000. 0.0       
   135 70000000.0 3.59836E-5    145 280000000. 0.0           155 680000000. 0.0       
   136 80000000.0 2.03210E-5    146 320000000. 0.0           156 720000000. 0.0       
 
                                                     MT=  5
 MAT 1431                         0.0        Kelvin Unshielded Cross Sections                          14-Si-30 

   No.  Group-eV   Average      No.  Group-eV   Average      No.  Group-eV   Average      No.  Group-eV   Average

   124 24000000.0 5.00868E-8    134 60000000.0 6.80781E-5    144 240000000. 0.0           154 640000000. 0.0       
   125 26000000.0 1.70495E-5    135 70000000.0 7.63241E-5    145 280000000. 0.0           155 680000000. 0.0       
   126 28000000.0 8.74601E-5    136 80000000.0 8.53506E-5    146 320000000. 0.0           156 720000000. 0.0       
   127 30000000.0 1.61318E-4    137 90000000.0 9.32312E-5    147 360000000. 0.0           157 760000000. 0.0       
   128 35000000.0 1.91074E-4    138 100000000. 1.02065E-4    148 400000000. 0.0           158 800000000. 0.0       
   129 40000000.0 1.35117E-4    139 120000000. 1.05974E-4    149 440000000. 0.0           159 840000000. 0.0       
   130 45000000.0 8.81586E-5    140 140000000. 0.0           150 480000000. 0.0           160 880000000. 0.0       
   131 50000000.0 7.04922E-5    141 160000000. 0.0           151 520000000. 0.0           161 920000000. 0.0       
   132 54000000.0 6.65603E-5    142 180000000. 0.0           152 560000000. 0.0           162 960000000. 0.0       
   133 55000000.0 6.53334E-5    143 200000000. 0.0           153 600000000. 0.0           163 1.00000E+9
 
                                                     MT=  5
 MAT 1431                         0.0        Kelvin Unshielded Cross Sections                          14-Si-30 

   No.  Group-eV   Average      No.  Group-eV   Average      No.  Group-eV   Average      No.  Group-eV   Average

   137 90000000.0 4.0141E-17    144 240000000. 0.0           151 520000000. 0.0           158 800000000. 0.0       
   138 100000000. 4.78923E-8    145 280000000. 0.0           152 560000000. 0.0           159 840000000. 0.0       
   139 120000000. 6.74882E-6    146 320000000. 0.0           153 600000000. 0.0           160 880000000. 0.0       
   140 140000000. 0.0           147 360000000. 0.0           154 640000000. 0.0           161 920000000. 0.0       
   141 160000000. 0.0           148 400000000. 0.0           155 680000000. 0.0           162 960000000. 0.0       
   142 180000000. 0.0           149 440000000. 0.0           156 720000000. 0.0           163 1.00000E+9
   143 200000000. 0.0           150 480000000. 0.0           157 760000000. 0.0       
 
                                                     MT=  5
 MAT 1431                         0.0        Kelvin Unshielded Cross Sections                          14-Si-30 

   No.  Group-eV   Average      No.  Group-eV   Average      No.  Group-eV   Average      No.  Group-eV   Average

   135 70000000.0 3.4744E-15    143 200000000. 0.0           151 520000000. 0.0           159 840000000. 0.0       
   136 80000000.0 2.66049E-8    144 240000000. 0.0           152 560000000. 0.0           160 880000000. 0.0       
   137 90000000.0 2.05023E-6    145 280000000. 0.0           153 600000000. 0.0           161 920000000. 0.0       
   138 100000000. 3.55616E-5    146 320000000. 0.0           154 640000000. 0.0           162 960000000. 0.0       
   139 120000000. 1.21358E-4    147 360000000. 0.0           155 680000000. 0.0           163 1.00000E+9
   140 140000000. 0.0           148 400000000. 0.0           156 720000000. 0.0       
   141 160000000. 0.0           149 440000000. 0.0           157 760000000. 0.0       
   142 180000000. 0.0           150 480000000. 0.0           158 800000000. 0.0       
 
                                                     MT=  5
 MAT 1431                         0.0        Kelvin Unshielded Cross Sections                          14-Si-30 

   No.  Group-eV   Average      No.  Group-eV   Average      No.  Group-eV   Average      No.  Group-eV   Average

   134 60000000.0 5.52747E-9    142 180000000. 0.0           150 480000000. 0.0           158 800000000. 0.0       
   135 70000000.0 4.63961E-6    143 200000000. 0.0           151 520000000. 0.0           159 840000000. 0.0       
   136 80000000.0 4.84430E-5    144 240000000. 0.0           152 560000000. 0.0           160 880000000. 0.0       
   137 90000000.0 1.39962E-4    145 280000000. 0.0           153 600000000. 0.0           161 920000000. 0.0       
   138 100000000. 2.32123E-4    146 320000000. 0.0           154 640000000. 0.0           162 960000000. 0.0       
   139 120000000. 2.19053E-4    147 360000000. 0.0           155 680000000. 0.0           163 1.00000E+9
   140 140000000. 0.0           148 400000000. 0.0           156 720000000. 0.0       
   141 160000000. 0.0           149 440000000. 0.0           157 760000000. 0.0       
 
                                                     MT=  5
 MAT 1431                         0.0        Kelvin Unshielded Cross Sections                          14-Si-30 

   No.  Group-eV   Average      No.  Group-eV   Average      No.  Group-eV   Average      No.  Group-eV   Average

   130 45000000.0 1.23833E-8    139 120000000. 2.91086E-4    148 400000000. 0.0           157 760000000. 0.0       
   131 50000000.0 2.46037E-6    140 140000000. 0.0           149 440000000. 0.0           158 800000000. 0.0       
   132 54000000.0 1.19516E-5    141 160000000. 0.0           150 480000000. 0.0           159 840000000. 0.0       
   133 55000000.0 5.23200E-5    142 180000000. 0.0           151 520000000. 0.0           160 880000000. 0.0       
   134 60000000.0 2.49383E-4    143 200000000. 0.0           152 560000000. 0.0           161 920000000. 0.0       
   135 70000000.0 5.05482E-4    144 240000000. 0.0           153 600000000. 0.0           162 960000000. 0.0       
   136 80000000.0 5.98180E-4    145 280000000. 0.0           154 640000000. 0.0           163 1.00000E+9
   137 90000000.0 5.49154E-4    146 320000000. 0.0           155 680000000. 0.0       
   138 100000000. 4.15861E-4    147 360000000. 0.0           156 720000000. 0.0       
 
                                                     MT=  5
 MAT 1431                         0.0        Kelvin Unshielded Cross Sections                          14-Si-30 

   No.  Group-eV   Average      No.  Group-eV   Average      No.  Group-eV   Average      No.  Group-eV   Average

   128 35000000.0 4.65239E-6    137 90000000.0 4.82725E-4    146 320000000. 0.0           155 680000000. 0.0       
   129 40000000.0 1.68707E-4    138 100000000. 3.89179E-4    147 360000000. 0.0           156 720000000. 0.0       
   130 45000000.0 6.00243E-4    139 120000000. 3.21025E-4    148 400000000. 0.0           157 760000000. 0.0       
   131 50000000.0 9.55649E-4    140 140000000. 0.0           149 440000000. 0.0           158 800000000. 0.0       
   132 54000000.0 .001080369    141 160000000. 0.0           150 480000000. 0.0           159 840000000. 0.0       
   133 55000000.0 .001139551    142 180000000. 0.0           151 520000000. 0.0           160 880000000. 0.0       
   134 60000000.0 .001049475    143 200000000. 0.0           152 560000000. 0.0           161 920000000. 0.0       
   135 70000000.0 7.91735E-4    144 240000000. 0.0           153 600000000. 0.0           162 960000000. 0.0       
   136 80000000.0 6.00045E-4    145 280000000. 0.0           154 640000000. 0.0           163 1.00000E+9
 
                                                     MT=  5
 MAT 1431                         0.0        Kelvin Unshielded Cross Sections                          14-Si-30 

   No.  Group-eV   Average      No.  Group-eV   Average      No.  Group-eV   Average      No.  Group-eV   Average

   123 22000000.0 1.37747E-6    134 60000000.0 6.66446E-4    145 280000000. 0.0           156 720000000. 0.0       
   124 24000000.0 4.23999E-5    135 70000000.0 4.72548E-4    146 320000000. 0.0           157 760000000. 0.0       
   125 26000000.0 6.77633E-5    136 80000000.0 3.70890E-4    147 360000000. 0.0           158 800000000. 0.0       
   126 28000000.0 5.23103E-5    137 90000000.0 3.12130E-4    148 400000000. 0.0           159 840000000. 0.0       
   127 30000000.0 5.13031E-4    138 100000000. 2.60559E-4    149 440000000. 0.0           160 880000000. 0.0       
   128 35000000.0 .001769251    139 120000000. 2.13165E-4    150 480000000. 0.0           161 920000000. 0.0       
   129 40000000.0 .002092980    140 140000000. 0.0           151 520000000. 0.0           162 960000000. 0.0       
   130 45000000.0 .001709782    141 160000000. 0.0           152 560000000. 0.0           163 1.00000E+9
   131 50000000.0 .001290705    142 180000000. 0.0           153 600000000. 0.0       
   132 54000000.0 .001102697    143 200000000. 0.0           154 640000000. 0.0       
   133 55000000.0 9.36723E-4    144 240000000. 0.0           155 680000000. 0.0       
 
                                                     MT=  5
 MAT 1431                         0.0        Kelvin Unshielded Cross Sections                          14-Si-30 

   No.  Group-eV   Average      No.  Group-eV   Average      No.  Group-eV   Average      No.  Group-eV   Average

   122 20000000.0 1.74565E-8    133 55000000.0 4.62551E-4    144 240000000. 0.0           155 680000000. 0.0       
   123 22000000.0 1.75014E-5    134 60000000.0 3.43954E-4    145 280000000. 0.0           156 720000000. 0.0       
   124 24000000.0 .001272832    135 70000000.0 2.50856E-4    146 320000000. 0.0           157 760000000. 0.0       
   125 26000000.0 .004548894    136 80000000.0 1.97540E-4    147 360000000. 0.0           158 800000000. 0.0       
   126 28000000.0 .005708769    137 90000000.0 1.64540E-4    148 400000000. 0.0           159 840000000. 0.0       
   127 30000000.0 .004533849    138 100000000. 1.34050E-4    149 440000000. 0.0           160 880000000. 0.0       
   128 35000000.0 .002323369    139 120000000. 1.11520E-4    150 480000000. 0.0           161 920000000. 0.0       
   129 40000000.0 .001267395    140 140000000. 0.0           151 520000000. 0.0           162 960000000. 0.0       
   130 45000000.0 8.18854E-4    141 160000000. 0.0           152 560000000. 0.0           163 1.00000E+9
   131 50000000.0 6.11016E-4    142 180000000. 0.0           153 600000000. 0.0       
   132 54000000.0 5.31912E-4    143 200000000. 0.0           154 640000000. 0.0       
 
                                                     MT=  5
 MAT 1431                         0.0        Kelvin Unshielded Cross Sections                          14-Si-30 

   No.  Group-eV   Average      No.  Group-eV   Average      No.  Group-eV   Average      No.  Group-eV   Average

   116 14000000.0 1.83570E-5    128 35000000.0 4.93231E-4    140 140000000. 0.0           152 560000000. 0.0       
   117 15000000.0 1.26711E-4    129 40000000.0 2.70114E-4    141 160000000. 0.0           153 600000000. 0.0       
   118 16000000.0 5.27852E-4    130 45000000.0 1.68908E-4    142 180000000. 0.0           154 640000000. 0.0       
   119 17000000.0 .002023403    131 50000000.0 1.18738E-4    143 200000000. 0.0           155 680000000. 0.0       
   120 18000000.0 .005387382    132 54000000.0 9.87869E-5    144 240000000. 0.0           156 720000000. 0.0       
   121 19000000.0 .007856166    133 55000000.0 8.15483E-5    145 280000000. 0.0           157 760000000. 0.0       
   122 20000000.0 .010582215    134 60000000.0 5.30784E-5    146 320000000. 0.0           158 800000000. 0.0       
   123 22000000.0 .009201901    135 70000000.0 3.19399E-5    147 360000000. 0.0           159 840000000. 0.0       
   124 24000000.0 .008388608    136 80000000.0 2.04638E-5    148 400000000. 0.0           160 880000000. 0.0       
   125 26000000.0 .005859150    137 90000000.0 1.36999E-5    149 440000000. 0.0           161 920000000. 0.0       
   126 28000000.0 .003085946    138 100000000. 8.13796E-6    150 480000000. 0.0           162 960000000. 0.0       
   127 30000000.0 .001244387    139 120000000. 4.34647E-6    151 520000000. 0.0           163 1.00000E+9
 
                                                     MT=  5
 MAT 1431                         0.0        Kelvin Unshielded Cross Sections                          14-Si-30 

   No.  Group-eV   Average      No.  Group-eV   Average      No.  Group-eV   Average      No.  Group-eV   Average

   130 45000000.0 2.9616E-13    139 120000000. 5.77097E-6    148 400000000. 0.0           157 760000000. 0.0       
   131 50000000.0 3.73534E-8    140 140000000. 0.0           149 440000000. 0.0           158 800000000. 0.0       
   132 54000000.0 2.16164E-7    141 160000000. 0.0           150 480000000. 0.0           159 840000000. 0.0       
   133 55000000.0 1.04571E-6    142 180000000. 0.0           151 520000000. 0.0           160 880000000. 0.0       
   134 60000000.0 5.01962E-6    143 200000000. 0.0           152 560000000. 0.0           161 920000000. 0.0       
   135 70000000.0 9.97204E-6    144 240000000. 0.0           153 600000000. 0.0           162 960000000. 0.0       
   136 80000000.0 1.19346E-5    145 280000000. 0.0           154 640000000. 0.0           163 1.00000E+9
   137 90000000.0 1.12138E-5    146 320000000. 0.0           155 680000000. 0.0       
   138 100000000. 8.58240E-6    147 360000000. 0.0           156 720000000. 0.0       
 
                                                     MT=  5
 MAT 1431                         0.0        Kelvin Unshielded Cross Sections                          14-Si-30 

   No.  Group-eV   Average      No.  Group-eV   Average      No.  Group-eV   Average      No.  Group-eV   Average

   128 35000000.0 2.73755E-6    137 90000000.0 9.63473E-6    146 320000000. 0.0           155 680000000. 0.0       
   129 40000000.0 2.38819E-5    138 100000000. 6.30119E-6    147 360000000. 0.0           156 720000000. 0.0       
   130 45000000.0 3.88964E-5    139 120000000. 4.21781E-6    148 400000000. 0.0           157 760000000. 0.0       
   131 50000000.0 4.10547E-5    140 140000000. 0.0           149 440000000. 0.0           158 800000000. 0.0       
   132 54000000.0 4.14793E-5    141 160000000. 0.0           150 480000000. 0.0           159 840000000. 0.0       
   133 55000000.0 4.00312E-5    142 180000000. 0.0           151 520000000. 0.0           160 880000000. 0.0       
   134 60000000.0 3.25458E-5    143 200000000. 0.0           152 560000000. 0.0           161 920000000. 0.0       
   135 70000000.0 2.17636E-5    144 240000000. 0.0           153 600000000. 0.0           162 960000000. 0.0       
   136 80000000.0 1.42769E-5    145 280000000. 0.0           154 640000000. 0.0           163 1.00000E+9
 
                                                     MT=  5
 MAT 1431                         0.0        Kelvin Unshielded Cross Sections                          14-Si-30 

   No.  Group-eV   Average      No.  Group-eV   Average      No.  Group-eV   Average      No.  Group-eV   Average

   121 19000000.0 6.80860E-4    132 54000000.0 9.45945E-5    143 200000000. 0.0           154 640000000. 0.0       
   122 20000000.0 .005036271    133 55000000.0 7.75792E-5    144 240000000. 0.0           155 680000000. 0.0       
   123 22000000.0 .006945796    134 60000000.0 4.94189E-5    145 280000000. 0.0           156 720000000. 0.0       
   124 24000000.0 .007619720    135 70000000.0 2.89319E-5    146 320000000. 0.0           157 760000000. 0.0       
   125 26000000.0 .005950836    136 80000000.0 1.96260E-5    147 360000000. 0.0           158 800000000. 0.0       
   126 28000000.0 .003242686    137 90000000.0 1.48650E-5    148 400000000. 0.0           159 840000000. 0.0       
   127 30000000.0 .001302427    138 100000000. 1.07951E-5    149 440000000. 0.0           160 880000000. 0.0       
   128 35000000.0 5.12903E-4    139 120000000. 7.34439E-6    150 480000000. 0.0           161 920000000. 0.0       
   129 40000000.0 2.81866E-4    140 140000000. 0.0           151 520000000. 0.0           162 960000000. 0.0       
   130 45000000.0 1.68950E-4    141 160000000. 0.0           152 560000000. 0.0           163 1.00000E+9
   131 50000000.0 1.14477E-4    142 180000000. 0.0           153 600000000. 0.0       
 
                                                     MT=  5
 MAT 1431                         0.0        Kelvin Unshielded Cross Sections                          14-Si-30 

   No.  Group-eV   Average      No.  Group-eV   Average      No.  Group-eV   Average      No.  Group-eV   Average

   112 10000000.0 6.94189E-5    125 26000000.0 .002011011    138 100000000. 3.82868E-6    151 520000000. 0.0       
   113 11000000.0 4.73353E-4    126 28000000.0 9.81928E-4    139 120000000. 2.57743E-6    152 560000000. 0.0       
   114 12000000.0 7.47627E-4    127 30000000.0 3.77032E-4    140 140000000. 0.0           153 600000000. 0.0       
   115 13000000.0 .001118199    128 35000000.0 1.40537E-4    141 160000000. 0.0           154 640000000. 0.0       
   116 14000000.0 .001702725    129 40000000.0 7.42632E-5    142 180000000. 0.0           155 680000000. 0.0       
   117 15000000.0 .002921617    130 45000000.0 4.56414E-5    143 200000000. 0.0           156 720000000. 0.0       
   118 16000000.0 .005385633    131 50000000.0 3.17992E-5    144 240000000. 0.0           157 760000000. 0.0       
   119 17000000.0 .011888651    132 54000000.0 2.63380E-5    145 280000000. 0.0           158 800000000. 0.0       
   120 18000000.0 .021338800    133 55000000.0 2.15509E-5    146 320000000. 0.0           159 840000000. 0.0       
   121 19000000.0 .021620465    134 60000000.0 1.35844E-5    147 360000000. 0.0           160 880000000. 0.0       
   122 20000000.0 .016121930    135 70000000.0 8.84923E-6    148 400000000. 0.0           161 920000000. 0.0       
   123 22000000.0 .006891808    136 80000000.0 6.64548E-6    149 440000000. 0.0           162 960000000. 0.0       
   124 24000000.0 .003572881    137 90000000.0 5.19560E-6    150 480000000. 0.0           163 1.00000E+9
 
                                                     MT=  5
 MAT 1431                         0.0        Kelvin Unshielded Cross Sections                          14-Si-30 

   No.  Group-eV   Average      No.  Group-eV   Average      No.  Group-eV   Average      No.  Group-eV   Average

   112 10000000.0 1.10158E-7    125 26000000.0 .026337909    138 100000000. .003153334    151 520000000. 0.0       
   113 11000000.0 2.72857E-5    126 28000000.0 .019737369    139 120000000. .002921682    152 560000000. 0.0       
   114 12000000.0 2.34351E-4    127 30000000.0 .013361319    140 140000000. 0.0           153 600000000. 0.0       
   115 13000000.0 6.44477E-4    128 35000000.0 .007983910    141 160000000. 0.0           154 640000000. 0.0       
   116 14000000.0 .001251347    129 40000000.0 .005937355    142 180000000. 0.0           155 680000000. 0.0       
   117 15000000.0 .002978892    130 45000000.0 .005061234    143 200000000. 0.0           156 720000000. 0.0       
   118 16000000.0 .007374676    131 50000000.0 .004725259    144 240000000. 0.0           157 760000000. 0.0       
   119 17000000.0 .021594323    132 54000000.0 .004633075    145 280000000. 0.0           158 800000000. 0.0       
   120 18000000.0 .046643109    133 55000000.0 .004535038    146 320000000. 0.0           159 840000000. 0.0       
   121 19000000.0 .056065471    134 60000000.0 .004215288    147 360000000. 0.0           160 880000000. 0.0       
   122 20000000.0 .054400031    135 70000000.0 .003849546    148 400000000. 0.0           161 920000000. 0.0       
   123 22000000.0 .036539672    136 80000000.0 .003606043    149 440000000. 0.0           162 960000000. 0.0       
   124 24000000.0 .031516718    137 90000000.0 .003402063    150 480000000. 0.0           163 1.00000E+9
 
