 ENDF Activation Cross Sections (ACTIVATE 2019-1)
 ------------------------------------------------------------------------------
 ENDF Input and Output Data Filenames
 ------------------------------------------------------------------------------
 ACTIVATE.IN                                                             
 ACTIVATE.OUT                                                            
 ------------------------------------------------------------------------------
 ENDF Tape Label
 ------------------------------------------------------------------------------
 Retrieved by E4-util: 2019/11/11,14:58:51                            1
 ------------------------------------------------------------------------------
   Material  MAT  MF  MT  ENDF    ZAP Final      Q-Value Points Points
                          Format      State           eV     In    Out
 ------------------------------------------------------------------------------
  76-Os-186 7631  10   5   6        1     0   0.0            88     88
  76-Os-186 7631  10   5   6     1001     0   0.0            88     88
  76-Os-186 7631  10   5   6     1002     0   0.0            88     88
  76-Os-186 7631  10   5   6     1003     0   0.0            88     88
  76-Os-186 7631  10   5   6     2003     0   0.0            88     88
  76-Os-186 7631  10   5   6     2004     0   0.0            88     88
  76-Os-186 7631  10   5   6    69159     0   0.0            88     88
  76-Os-186 7631  10   5   6    69160     0   0.0            88     88
  76-Os-186 7631  10   5   6    69160     1   0.0            88     88
  76-Os-186 7631  10   5   6    70160     0   0.0            88     88
  76-Os-186 7631  10   5   6    70161     0   0.0            88     88
  76-Os-186 7631  10   5   6    70162     0   0.0            88     88
  76-Os-186 7631  10   5   6    70163     0   0.0            88     88
  76-Os-186 7631  10   5   6    71161     0   0.0            88     88
  76-Os-186 7631  10   5   6    71162     0   0.0            88     88
  76-Os-186 7631  10   5   6    71162     1   0.0            88     88
  76-Os-186 7631  10   5   6    71162     2   0.0            88     88
  76-Os-186 7631  10   5   6    71163     0   0.0            88     88
  76-Os-186 7631  10   5   6    71164     0   0.0            88     88
  76-Os-186 7631  10   5   6    71165     0   0.0            88     88
  76-Os-186 7631  10   5   6    71166     0   0.0            88     88
  76-Os-186 7631  10   5   6    71166     1   0.0            88     88
  76-Os-186 7631  10   5   6    71166     2   0.0            88     88
  76-Os-186 7631  10   5   6    72162     0   0.0            88     88
  76-Os-186 7631  10   5   6    72163     0   0.0            88     88
  76-Os-186 7631  10   5   6    72164     0   0.0            88     88
  76-Os-186 7631  10   5   6    72165     0   0.0            88     88
  76-Os-186 7631  10   5   6    72166     0   0.0            88     88
  76-Os-186 7631  10   5   6    72167     0   0.0            88     88
  76-Os-186 7631  10   5   6    72168     0   0.0            88     88
  76-Os-186 7631  10   5   6    72169     0   0.0            88     88
  76-Os-186 7631  10   5   6    72170     0   0.0            88     88
  76-Os-186 7631  10   5   6    73163     0   0.0            88     88
  76-Os-186 7631  10   5   6    73164     0   0.0            88     88
  76-Os-186 7631  10   5   6    73165     0   0.0            88     88
  76-Os-186 7631  10   5   6    73166     0   0.0            88     88
  76-Os-186 7631  10   5   6    73167     0   0.0            88     88
  76-Os-186 7631  10   5   6    73168     0   0.0            88     88
  76-Os-186 7631  10   5   6    73169     0   0.0            88     88
  76-Os-186 7631  10   5   6    73170     0   0.0            88     88
  76-Os-186 7631  10   5   6    73171     0   0.0            88     88
  76-Os-186 7631  10   5   6    73172     0   0.0            88     88
  76-Os-186 7631  10   5   6    73173     0   0.0            88     88
  76-Os-186 7631  10   5   6    73174     0   0.0            88     88
  76-Os-186 7631  10   5   6    73175     0   0.0            88     88
  76-Os-186 7631  10   5   6    73176     0   0.0            88     88
  76-Os-186 7631  10   5   6    73177     0   0.0            88     88
  76-Os-186 7631  10   5   6    73178     0   0.0            88     88
  76-Os-186 7631  10   5   6    73178     1   0.0            88     88
  76-Os-186 7631  10   5   6    73179     0   0.0            88     88
  76-Os-186 7631  10   5   6    73180     0   0.0            88     88
  76-Os-186 7631  10   5   6    73180     1   0.0            88     88
  76-Os-186 7631  10   5   6    74164     0   0.0            88     88
  76-Os-186 7631  10   5   6    74165     0   0.0            88     88
  76-Os-186 7631  10   5   6    74166     0   0.0            88     88
  76-Os-186 7631  10   5   6    74167     0   0.0            88     88
  76-Os-186 7631  10   5   6    74168     0   0.0            88     88
  76-Os-186 7631  10   5   6    74169     0   0.0            88     88
  76-Os-186 7631  10   5   6    74170     0   0.0            88     88
  76-Os-186 7631  10   5   6    74171     0   0.0            88     88
  76-Os-186 7631  10   5   6    74172     0   0.0            88     88
  76-Os-186 7631  10   5   6    74173     0   0.0            88     88
  76-Os-186 7631  10   5   6    74174     0   0.0            88     88
  76-Os-186 7631  10   5   6    74175     0   0.0            88     88
  76-Os-186 7631  10   5   6    74176     0   0.0            88     88
  76-Os-186 7631  10   5   6    74177     0   0.0            88     88
  76-Os-186 7631  10   5   6    74178     0   0.0            88     88
  76-Os-186 7631  10   5   6    74179     0   0.0            88     88
  76-Os-186 7631  10   5   6    74179     1   0.0            88     88
  76-Os-186 7631  10   5   6    74180     0   0.0            88     88
  76-Os-186 7631  10   5   6    74181     0   0.0            88     88
  76-Os-186 7631  10   5   6    74182     0   0.0            88     88
  76-Os-186 7631  10   5   6    74183     0   0.0            88     88
  76-Os-186 7631  10   5   6    74183     1   0.0            88     88
  76-Os-186 7631  10   5   6    74184     0   0.0            88     88
  76-Os-186 7631  10   5   6    75165     0   0.0            88     88
  76-Os-186 7631  10   5   6    75165     1   0.0            88     88
  76-Os-186 7631  10   5   6    75166     0   0.0            88     88
  76-Os-186 7631  10   5   6    75167     0   0.0            88     88
  76-Os-186 7631  10   5   6    75167     1   0.0            88     88
  76-Os-186 7631  10   5   6    75168     0   0.0            88     88
  76-Os-186 7631  10   5   6    75169     0   0.0            88     88
  76-Os-186 7631  10   5   6    75169     1   0.0            88     88
  76-Os-186 7631  10   5   6    75170     0   0.0            88     88
  76-Os-186 7631  10   5   6    75171     0   0.0            88     88
  76-Os-186 7631  10   5   6    75172     0   0.0            88     88
  76-Os-186 7631  10   5   6    75172     1   0.0            88     88
  76-Os-186 7631  10   5   6    75173     0   0.0            88     88
  76-Os-186 7631  10   5   6    75174     0   0.0            88     88
  76-Os-186 7631  10   5   6    75175     0   0.0            88     88
  76-Os-186 7631  10   5   6    75176     0   0.0            88     88
  76-Os-186 7631  10   5   6    75177     0   0.0            88     88
  76-Os-186 7631  10   5   6    75178     0   0.0            88     88
  76-Os-186 7631  10   5   6    75179     0   0.0            88     88
  76-Os-186 7631  10   5   6    75180     0   0.0            88     88
  76-Os-186 7631  10   5   6    75181     0   0.0            88     88
  76-Os-186 7631  10   5   6    75182     0   0.0            88     88
  76-Os-186 7631  10   5   6    75182     1   0.0            88     88
  76-Os-186 7631  10   5   6    75183     0   0.0            88     88
  76-Os-186 7631  10   5   6    75184     0   0.0            88     88
  76-Os-186 7631  10   5   6    75184     1   0.0            88     88
  76-Os-186 7631  10   5   6    75185     0   0.0            88     88
  76-Os-186 7631  10   5   6    76168     0   0.0            88     88
  76-Os-186 7631  10   5   6    76169     0   0.0            88     88
  76-Os-186 7631  10   5   6    76170     0   0.0            88     88
  76-Os-186 7631  10   5   6    76171     0   0.0            88     88
  76-Os-186 7631  10   5   6    76172     0   0.0            88     88
  76-Os-186 7631  10   5   6    76173     0   0.0            88     88
  76-Os-186 7631  10   5   6    76174     0   0.0            88     88
  76-Os-186 7631  10   5   6    76175     0   0.0            88     88
  76-Os-186 7631  10   5   6    76176     0   0.0            88     88
  76-Os-186 7631  10   5   6    76177     0   0.0            88     88
  76-Os-186 7631  10   5   6    76178     0   0.0            88     88
  76-Os-186 7631  10   5   6    76179     0   0.0            88     88
  76-Os-186 7631  10   5   6    76180     0   0.0            88     88
  76-Os-186 7631  10   5   6    76181     0   0.0            88     88
  76-Os-186 7631  10   5   6    76181     1   0.0            88     88
  76-Os-186 7631  10   5   6    76182     0   0.0            88     88
  76-Os-186 7631  10   5   6    76183     0   0.0            88     88
  76-Os-186 7631  10   5   6    76183     1   0.0            88     88
  76-Os-186 7631  10   5   6    76184     0   0.0            88     88
  76-Os-186 7631  10   5   6    76185     0   0.0            88     88
  76-Os-186 7631  10   5   6    76186     0   0.0            88     88
  76-Os-186 7631  10   5   6        0     0   0.0            88     88
 ------------------------------------------------------------------------------
                                              MAT Totals  10912  10912
 ------------------------------------------------------------------------------
 ------------------------------------------------------------------------------
 All Cross Sections Read. Maximum Tabulated Energy =  200000000. eV
 ------------------------------------------------------------------------------
 ===============================================================================
      MAT Total Execution Time                0.14 Seconds
 ===============================================================================
 ------------------------------------------------------------------------------
                                             Tape Totals  10912  10912
 ------------------------------------------------------------------------------
 ===============================================================================
 ACTIVATE Total Execution Time                0.14 Seconds
 ===============================================================================
