 Process ENDF/B Double Differential Data - MF=6 (SIXPAK 2019-1)
 ==============================================================================
 ENDF/B Input Data Filename
 SIXPAK.IN                                                               
 ------------------------------------------------------------------------------
 Requested Ranges
 ------------------------------------------------------------------------------
    Minimum    Maximum   
    MAT  MT    MAT  MT
 ------------------------------------------------------------------------------
      1   1   9999 999
 ==============================================================================
 Terminology
 ------------------------------------------------------------------------------
 LCT  = Reference System (Lab or Center-of-Mass)
 LIP  = Product Modifier, e.g., for Isomeric States
 LAW  = Representation of Data - see, List at End of Output
 LANG = 1     = Legendre     (LAW 1)
      = 2     = Kalbach-Mann (LAW 1)
      = 11-15 = Tabulated    (LAW 1)
      = 0     = Legendre     (LAW 2)
      = 11-15 = Tabulated    (LAW 2)
 LTP  = 1-2   = Legendre     (LAW 5)
      = 11-15 = Tabulated    (LAW 5)
 LEP  = Secondary Energy Interpolation Type(1 to 5)
 ==============================================================================
 Tape Label
 ------------------------------------------------------------------------------
 Retrieved by E4-util: 2019/11/11,14:58:06                            1
 ------------------------------------------------------------------------------
 WARNING: MT=5 is ALLOWED in MF=6, but NOT in MF=4 or 5.
          see ENDF-102 - Strictly for diagnostic purposes
          this code will Translate MF=6 Data - but be
          WARNED - the results should not be used in ANY          APPLICATIONS.
 ------------------------------------------------------------------------------
 ==============================================================================
 Projectile   Target    Emitted    MAT  MT LCT LIP LAW LANG  LEP  ENDF/B
                                                        LTP       Output
 ==============================================================================
  Photon     55-Cs-133  Neutron   5525   5 cm    0   1    2    1      
 ------------------------------------------------------------------------------
 Projectile=      0 Emitted=      1 Cannot Define Kalbach-Mann
 Parameters for this Combination - Will use Neutron Parameters
 ------------------------------------------------------------------------------
  Photon     55-Cs-133   1-H -1   5525   5 cm    0   1    2    1      
 ------------------------------------------------------------------------------
 Projectile=      0 Emitted=   1001 Cannot Define Kalbach-Mann
 Parameters for this Combination - Will use Neutron Parameters
 ------------------------------------------------------------------------------
  Photon     55-Cs-133   1-H -2   5525   5 cm    0   1    2    1      
 ------------------------------------------------------------------------------
 Projectile=      0 Emitted=   1002 Cannot Define Kalbach-Mann
 Parameters for this Combination - Will use Neutron Parameters
 ------------------------------------------------------------------------------
  Photon     55-Cs-133   1-H -3   5525   5 cm    0   1    2    1      
 ------------------------------------------------------------------------------
 Projectile=      0 Emitted=   1003 Cannot Define Kalbach-Mann
 Parameters for this Combination - Will use Neutron Parameters
 ------------------------------------------------------------------------------
  Photon     55-Cs-133   2-He-3   5525   5 cm    0   1    2    1      
 ------------------------------------------------------------------------------
 Projectile=      0 Emitted=   2003 Cannot Define Kalbach-Mann
 Parameters for this Combination - Will use Neutron Parameters
 ------------------------------------------------------------------------------
  Photon     55-Cs-133   2-He-4   5525   5 cm    0   1    2    1      
 ------------------------------------------------------------------------------
 Projectile=      0 Emitted=   2004 Cannot Define Kalbach-Mann
 Parameters for this Combination - Will use Neutron Parameters
 ------------------------------------------------------------------------------
  Photon     55-Cs-133  46-Pd-104 5525   5 cm    0   0                
  Photon     55-Cs-133  46-Pd-105 5525   5 cm    0   0                
  Photon     55-Cs-133  46-Pd-106 5525   5 cm    0   0                
  Photon     55-Cs-133  47-Ag-105 5525   5 cm    0   0                
  Photon     55-Cs-133  47-Ag-105 5525   5 cm    1   0                
  Photon     55-Cs-133  47-Ag-106 5525   5 cm    0   0                
  Photon     55-Cs-133  47-Ag-106 5525   5 cm    1   0                
  Photon     55-Cs-133  47-Ag-107 5525   5 cm    0   0                
  Photon     55-Cs-133  47-Ag-107 5525   5 cm    1   0                
  Photon     55-Cs-133  48-Cd-106 5525   5 cm    0   0                
  Photon     55-Cs-133  48-Cd-107 5525   5 cm    0   0                
  Photon     55-Cs-133  48-Cd-108 5525   5 cm    0   0                
  Photon     55-Cs-133  48-Cd-109 5525   5 cm    0   0                
  Photon     55-Cs-133  48-Cd-110 5525   5 cm    0   0                
  Photon     55-Cs-133  49-In-107 5525   5 cm    0   0                
  Photon     55-Cs-133  49-In-107 5525   5 cm    1   0                
  Photon     55-Cs-133  49-In-108 5525   5 cm    0   0                
  Photon     55-Cs-133  49-In-108 5525   5 cm    1   0                
  Photon     55-Cs-133  49-In-109 5525   5 cm    0   0                
  Photon     55-Cs-133  49-In-109 5525   5 cm    1   0                
  Photon     55-Cs-133  49-In-110 5525   5 cm    0   0                
  Photon     55-Cs-133  49-In-110 5525   5 cm    1   0                
  Photon     55-Cs-133  49-In-111 5525   5 cm    0   0                
  Photon     55-Cs-133  49-In-111 5525   5 cm    1   0                
  Photon     55-Cs-133  49-In-112 5525   5 cm    0   0                
  Photon     55-Cs-133  49-In-112 5525   5 cm    1   0                
  Photon     55-Cs-133  50-Sn-108 5525   5 cm    0   0                
  Photon     55-Cs-133  50-Sn-109 5525   5 cm    0   0                
  Photon     55-Cs-133  50-Sn-110 5525   5 cm    0   0                
  Photon     55-Cs-133  50-Sn-111 5525   5 cm    0   0                
  Photon     55-Cs-133  50-Sn-112 5525   5 cm    0   0                
  Photon     55-Cs-133  50-Sn-113 5525   5 cm    0   0                
  Photon     55-Cs-133  50-Sn-113 5525   5 cm    1   0                
  Photon     55-Cs-133  50-Sn-114 5525   5 cm    0   0                
  Photon     55-Cs-133  51-Sb-110 5525   5 cm    0   0                
  Photon     55-Cs-133  51-Sb-111 5525   5 cm    0   0                
  Photon     55-Cs-133  51-Sb-112 5525   5 cm    0   0                
  Photon     55-Cs-133  51-Sb-113 5525   5 cm    0   0                
  Photon     55-Cs-133  51-Sb-114 5525   5 cm    0   0                
  Photon     55-Cs-133  51-Sb-115 5525   5 cm    0   0                
  Photon     55-Cs-133  51-Sb-116 5525   5 cm    0   0                
  Photon     55-Cs-133  51-Sb-116 5525   5 cm    1   0                
  Photon     55-Cs-133  51-Sb-117 5525   5 cm    0   0                
  Photon     55-Cs-133  51-Sb-118 5525   5 cm    0   0                
  Photon     55-Cs-133  51-Sb-118 5525   5 cm    1   0                
  Photon     55-Cs-133  51-Sb-119 5525   5 cm    0   0                
  Photon     55-Cs-133  52-Te-112 5525   5 cm    0   0                
  Photon     55-Cs-133  52-Te-113 5525   5 cm    0   0                
  Photon     55-Cs-133  52-Te-114 5525   5 cm    0   0                
  Photon     55-Cs-133  52-Te-115 5525   5 cm    0   0                
  Photon     55-Cs-133  52-Te-115 5525   5 cm    1   0                
  Photon     55-Cs-133  52-Te-116 5525   5 cm    0   0                
  Photon     55-Cs-133  52-Te-117 5525   5 cm    0   0                
  Photon     55-Cs-133  52-Te-118 5525   5 cm    0   0                
  Photon     55-Cs-133  52-Te-119 5525   5 cm    0   0                
  Photon     55-Cs-133  52-Te-119 5525   5 cm    1   0                
  Photon     55-Cs-133  52-Te-120 5525   5 cm    0   0                
  Photon     55-Cs-133  52-Te-121 5525   5 cm    0   0                
  Photon     55-Cs-133  52-Te-121 5525   5 cm    1   0                
  Photon     55-Cs-133  52-Te-122 5525   5 cm    0   0                
  Photon     55-Cs-133  52-Te-123 5525   5 cm    0   0                
  Photon     55-Cs-133  52-Te-123 5525   5 cm    1   0                
  Photon     55-Cs-133  52-Te-124 5525   5 cm    0   0                
  Photon     55-Cs-133  52-Te-125 5525   5 cm    0   0                
  Photon     55-Cs-133  52-Te-125 5525   5 cm    1   0                
  Photon     55-Cs-133  52-Te-126 5525   5 cm    0   0                
  Photon     55-Cs-133  52-Te-127 5525   5 cm    0   0                
  Photon     55-Cs-133  52-Te-127 5525   5 cm    1   0                
  Photon     55-Cs-133  53-I -114 5525   5 cm    0   0                
  Photon     55-Cs-133  53-I -114 5525   5 cm    1   0                
  Photon     55-Cs-133  53-I -115 5525   5 cm    0   0                
  Photon     55-Cs-133  53-I -116 5525   5 cm    0   0                
  Photon     55-Cs-133  53-I -117 5525   5 cm    0   0                
  Photon     55-Cs-133  53-I -118 5525   5 cm    0   0                
  Photon     55-Cs-133  53-I -118 5525   5 cm    1   0                
  Photon     55-Cs-133  53-I -119 5525   5 cm    0   0                
  Photon     55-Cs-133  53-I -120 5525   5 cm    0   0                
  Photon     55-Cs-133  53-I -120 5525   5 cm    1   0                
  Photon     55-Cs-133  53-I -121 5525   5 cm    0   0                
  Photon     55-Cs-133  53-I -122 5525   5 cm    0   0                
  Photon     55-Cs-133  53-I -123 5525   5 cm    0   0                
  Photon     55-Cs-133  53-I -124 5525   5 cm    0   0                
  Photon     55-Cs-133  53-I -125 5525   5 cm    0   0                
  Photon     55-Cs-133  53-I -126 5525   5 cm    0   0                
  Photon     55-Cs-133  53-I -127 5525   5 cm    0   0                
  Photon     55-Cs-133  53-I -128 5525   5 cm    0   0                
  Photon     55-Cs-133  53-I -129 5525   5 cm    0   0                
  Photon     55-Cs-133  53-I -130 5525   5 cm    0   0                
  Photon     55-Cs-133  53-I -130 5525   5 cm    1   0                
  Photon     55-Cs-133  53-I -131 5525   5 cm    0   0                
  Photon     55-Cs-133  54-Xe-116 5525   5 cm    0   0                
  Photon     55-Cs-133  54-Xe-117 5525   5 cm    0   0                
  Photon     55-Cs-133  54-Xe-118 5525   5 cm    0   0                
  Photon     55-Cs-133  54-Xe-119 5525   5 cm    0   0                
  Photon     55-Cs-133  54-Xe-120 5525   5 cm    0   0                
  Photon     55-Cs-133  54-Xe-121 5525   5 cm    0   0                
  Photon     55-Cs-133  54-Xe-122 5525   5 cm    0   0                
  Photon     55-Cs-133  54-Xe-123 5525   5 cm    0   0                
  Photon     55-Cs-133  54-Xe-124 5525   5 cm    0   0                
  Photon     55-Cs-133  54-Xe-125 5525   5 cm    0   0                
  Photon     55-Cs-133  54-Xe-125 5525   5 cm    1   0                
  Photon     55-Cs-133  54-Xe-126 5525   5 cm    0   0                
  Photon     55-Cs-133  54-Xe-127 5525   5 cm    0   0                
  Photon     55-Cs-133  54-Xe-127 5525   5 cm    1   0                
  Photon     55-Cs-133  54-Xe-128 5525   5 cm    0   0                
  Photon     55-Cs-133  54-Xe-129 5525   5 cm    0   0                
  Photon     55-Cs-133  54-Xe-129 5525   5 cm    1   0                
  Photon     55-Cs-133  54-Xe-130 5525   5 cm    0   0                
  Photon     55-Cs-133  54-Xe-131 5525   5 cm    0   0                
  Photon     55-Cs-133  54-Xe-131 5525   5 cm    1   0                
  Photon     55-Cs-133  54-Xe-132 5525   5 cm    0   0                
  Photon     55-Cs-133  55-Cs-119 5525   5 cm    0   0                
  Photon     55-Cs-133  55-Cs-119 5525   5 cm    1   0                
  Photon     55-Cs-133  55-Cs-120 5525   5 cm    0   0                
  Photon     55-Cs-133  55-Cs-120 5525   5 cm    1   0                
  Photon     55-Cs-133  55-Cs-121 5525   5 cm    0   0                
  Photon     55-Cs-133  55-Cs-121 5525   5 cm    1   0                
  Photon     55-Cs-133  55-Cs-122 5525   5 cm    0   0                
  Photon     55-Cs-133  55-Cs-122 5525   5 cm    1   0                
  Photon     55-Cs-133  55-Cs-123 5525   5 cm    0   0                
  Photon     55-Cs-133  55-Cs-123 5525   5 cm    1   0                
  Photon     55-Cs-133  55-Cs-124 5525   5 cm    0   0                
  Photon     55-Cs-133  55-Cs-124 5525   5 cm    1   0                
  Photon     55-Cs-133  55-Cs-125 5525   5 cm    0   0                
  Photon     55-Cs-133  55-Cs-126 5525   5 cm    0   0                
  Photon     55-Cs-133  55-Cs-127 5525   5 cm    0   0                
  Photon     55-Cs-133  55-Cs-128 5525   5 cm    0   0                
  Photon     55-Cs-133  55-Cs-129 5525   5 cm    0   0                
  Photon     55-Cs-133  55-Cs-130 5525   5 cm    0   0                
  Photon     55-Cs-133  55-Cs-130 5525   5 cm    1   0                
  Photon     55-Cs-133  55-Cs-131 5525   5 cm    0   0                
  Photon     55-Cs-133  55-Cs-132 5525   5 cm    0   0                
  Photon     55-Cs-133  55-Cs-133 5525   5 cm    0   0                
  Photon     55-Cs-133  Photon    5525   5 cm    0   1    1    1      
 ------------------------------------------------------------------------------
 All Cross Sections Read. Maximum Tabulated Energy =  200000000. eV
 ------------------------------------------------------------------------------
 ==============================================================================
 Laws by Incident Particle
 ------------------------------------------------------------------------------
 Law Number and Definition   Photon    n     p     d     t  He-3  He-4 Other
 ------------------------------------------------------------------------------
 (0) Unknown................   133     0     0     0     0     0     0     0
 (1) Continuum Energy-Angle
      Legendre..............     1     0     0     0     0     0     0     0
      Kalbach-Mann..........     6     0     0     0     0     0     0     0
      Tabulated.............     0     0     0     0     0     0     0     0
 (2) Discrete 2 Body
      Legendre..............     0     0     0     0     0     0     0     0
      Tabulated.............     0     0     0     0     0     0     0     0
 (3) Isotropic Discrete.....     0     0     0     0     0     0     0     0
 (4) Discrete 2 Body Recoil.     0     0     0     0     0     0     0     0
 (5) Charged Particle Elastic
      Legendre..............     0     0     0     0     0     0     0     0
      Tabulated.............     0     0     0     0     0     0     0     0
 (6) n-Body Phase-Space.....     0     0     0     0     0     0     0     0
 (7) Laboratory Angle-Energy     0     0     0     0     0     0     0     0
 Not 0 to 7 (WARNING if Any)     0     0     0     0     0     0     0     0
 ==============================================================================
 Laws by Emitted Particle
 ------------------------------------------------------------------------------
 Law Number and Definition   Photon    n     p     d     t  He-3  He-4 Other
 ------------------------------------------------------------------------------
 (0) Unknown................     0     0     0     0     0     0     0   133
 (1) Continuum Energy-Angle
      Legendre..............     1     0     0     0     0     0     0     0
      Kalbach-Mann..........     0     1     1     1     1     1     1     0
      Tabulated.............     0     0     0     0     0     0     0     0
 (2) Discrete 2 Body
      Legendre..............     0     0     0     0     0     0     0     0
      Tabulated.............     0     0     0     0     0     0     0     0
 (3) Isotropic Discrete.....     0     0     0     0     0     0     0     0
 (4) Discrete 2 Body Recoil.     0     0     0     0     0     0     0     0
 (5) Charged Particle Elastic
      Legendre..............     0     0     0     0     0     0     0     0
      Tabulated.............     0     0     0     0     0     0     0     0
 (6) n-Body Phase-Space.....     0     0     0     0     0     0     0     0
 (7) Laboratory Angle-Energy     0     0     0     0     0     0     0     0
 Not 0 to 7 (WARNING if Any)     0     0     0     0     0     0     0     0
 ------------------------------------------------------------------------------
 Summary of Emitted Particle Yields
 ------------------------------------------------------------------------------
 Energy Independent.........     0     0     0     0     0     0     0     0
 Energy Dependent...........     1     1     1     1     1     1     1   133
 ------------------------------------------------------------------------------
 Summary of Angular Distributions
 ------------------------------------------------------------------------------
 Isotropic..................     1     0     0     0     0     0     0     0
 Nonisotropic...............     0     1     1     1     1     1     1     0
 Mixed......................     0     0     0     0     0     0     0     0
 ------------------------------------------------------------------------------
 Maximum Legendre Order.....     0     0     0     0     0     0     0     0
 Maximum Number of Cosines..     0     0     0     0     0     0     0     0
 ------------------------------------------------------------------------------
 Summary of Energy Distributions
 ------------------------------------------------------------------------------
 Continuous.................     1     1     1     1     1     1     1     0
 Discrete...................     0     0     0     0     0     0     0     0
 Mixed......................     0     0     0     0     0     0     0     0
 ------------------------------------------------------------------------------
 ==============================================================================
 Summary of Incident Neutron with Photon or Neutron Emitted Data
 ------------------------------------------------------------------------------
 Law Number and Definition   Output        Not Output 
 ------------------------------------------------------------------------------
                             Photon    n   Photon    n
 ------------------------------------------------------------------------------
 (0) Unknown................     0     0       0     0
 (1) Continuum Energy-Angle
      Legendre..............     0     0       0     0
      Kalbach-Mann..........     0     0       0     0
      Tabulated.............     0     0       0     0
 (2) Discrete 2 Body
      Legendre..............     0     0       0     0
      Tabulated.............     0     0       0     0
 (3) Isotropic Discrete.....     0     0       0     0
 (4) Discrete 2 Body Recoil.     0     0       0     0
 (5) Charged Particle Elastic
      Legendre..............     0     0       0     0
      Tabulated.............     0     0       0     0
 (6) n-Body Phase-Space.....     0     0       0     0
 (7) Laboratory Angle-Energy     0     0       0     0
 Not 0 to 7 (WARNING if Any)     0     0       0     0
 ==============================================================================
 End of Run
 ===============================================================================
 SIXPAK   Total Execution Time                0.07 Seconds
 ===============================================================================
