 Create New Section Index (DICTIN 2019-1)
 ------------------------------------------------------------
 ENDF/B Input and Output Data Filenames
 ------------------------------------------------------------
 DICTIN.IN                                                               
 DICTIN.OUT                                                              
 ------------------------------------------------------------
 First Pass. Reading ENDF/B Data
 ------------------------------------------------------------
  MAT   Messages
 ------------------------------------------------------------
 4846
 ------------------------------------------------------------
 Second Pass. Creating New Index
 ------------------------------------------------------------
 ENDF/B  MAT MF  MT  Lines  Mod
 Format
 ------------------------------------------------------------
  VI    4846  1 451     67    1
        4846  3   5     33    1
        4846 10   5  11969    1
 ------------------------------------------------------------
 Original Line Count  12077
 Final Line Count     12078
 ------------------------------------------------------------
 ===============================================================================
 DICTIN   Total Execution Time                0.05 Seconds
 ===============================================================================
