 ENDF Activation Cross Sections (ACTIVATE 2019-1)
 ------------------------------------------------------------------------------
 ENDF Input and Output Data Filenames
 ------------------------------------------------------------------------------
 ACTIVATE.IN                                                             
 ACTIVATE.OUT                                                            
 ------------------------------------------------------------------------------
 ENDF Tape Label
 ------------------------------------------------------------------------------
 Retrieved by E4-util: 2019/11/11,14:57:55                            1
 ------------------------------------------------------------------------------
   Material  MAT  MF  MT  ENDF    ZAP Final      Q-Value Points Points
                          Format      State           eV     In    Out
 ------------------------------------------------------------------------------
  49-In-115 4931  10   5   6        1     0   0.0            88     88
  49-In-115 4931  10   5   6     1001     0   0.0            88     88
  49-In-115 4931  10   5   6     1002     0   0.0            88     88
  49-In-115 4931  10   5   6     1003     0   0.0            88     88
  49-In-115 4931  10   5   6     2003     0   0.0            88     88
  49-In-115 4931  10   5   6     2004     0   0.0            88     88
  49-In-115 4931  10   5   6    39085     0   0.0            88     88
  49-In-115 4931  10   5   6    39085     1   0.0            88     88
  49-In-115 4931  10   5   6    39086     0   0.0            88     88
  49-In-115 4931  10   5   6    39086     1   0.0            88     88
  49-In-115 4931  10   5   6    39087     0   0.0            88     88
  49-In-115 4931  10   5   6    39087     1   0.0            88     88
  49-In-115 4931  10   5   6    39088     0   0.0            88     88
  49-In-115 4931  10   5   6    40086     0   0.0            88     88
  49-In-115 4931  10   5   6    40087     0   0.0            88     88
  49-In-115 4931  10   5   6    40087     1   0.0            88     88
  49-In-115 4931  10   5   6    40088     0   0.0            88     88
  49-In-115 4931  10   5   6    40089     0   0.0            88     88
  49-In-115 4931  10   5   6    40089     1   0.0            88     88
  49-In-115 4931  10   5   6    41087     0   0.0            88     88
  49-In-115 4931  10   5   6    41087     1   0.0            88     88
  49-In-115 4931  10   5   6    41088     0   0.0            88     88
  49-In-115 4931  10   5   6    41088     1   0.0            88     88
  49-In-115 4931  10   5   6    41089     0   0.0            88     88
  49-In-115 4931  10   5   6    41089     1   0.0            88     88
  49-In-115 4931  10   5   6    41090     0   0.0            88     88
  49-In-115 4931  10   5   6    41090     1   0.0            88     88
  49-In-115 4931  10   5   6    41091     0   0.0            88     88
  49-In-115 4931  10   5   6    41091     1   0.0            88     88
  49-In-115 4931  10   5   6    42088     0   0.0            88     88
  49-In-115 4931  10   5   6    42089     0   0.0            88     88
  49-In-115 4931  10   5   6    42090     0   0.0            88     88
  49-In-115 4931  10   5   6    42091     0   0.0            88     88
  49-In-115 4931  10   5   6    42091     1   0.0            88     88
  49-In-115 4931  10   5   6    42092     0   0.0            88     88
  49-In-115 4931  10   5   6    42093     0   0.0            88     88
  49-In-115 4931  10   5   6    42093     1   0.0            88     88
  49-In-115 4931  10   5   6    42094     0   0.0            88     88
  49-In-115 4931  10   5   6    43090     0   0.0            88     88
  49-In-115 4931  10   5   6    43090     1   0.0            88     88
  49-In-115 4931  10   5   6    43090     2   0.0            88     88
  49-In-115 4931  10   5   6    43091     0   0.0            88     88
  49-In-115 4931  10   5   6    43091     1   0.0            88     88
  49-In-115 4931  10   5   6    43092     0   0.0            88     88
  49-In-115 4931  10   5   6    43093     0   0.0            88     88
  49-In-115 4931  10   5   6    43093     1   0.0            88     88
  49-In-115 4931  10   5   6    43094     0   0.0            88     88
  49-In-115 4931  10   5   6    43094     1   0.0            88     88
  49-In-115 4931  10   5   6    43095     0   0.0            88     88
  49-In-115 4931  10   5   6    43095     1   0.0            88     88
  49-In-115 4931  10   5   6    43096     0   0.0            88     88
  49-In-115 4931  10   5   6    43096     1   0.0            88     88
  49-In-115 4931  10   5   6    44092     0   0.0            88     88
  49-In-115 4931  10   5   6    44093     0   0.0            88     88
  49-In-115 4931  10   5   6    44093     1   0.0            88     88
  49-In-115 4931  10   5   6    44094     0   0.0            88     88
  49-In-115 4931  10   5   6    44095     0   0.0            88     88
  49-In-115 4931  10   5   6    44096     0   0.0            88     88
  49-In-115 4931  10   5   6    44097     0   0.0            88     88
  49-In-115 4931  10   5   6    44098     0   0.0            88     88
  49-In-115 4931  10   5   6    45094     0   0.0            88     88
  49-In-115 4931  10   5   6    45094     1   0.0            88     88
  49-In-115 4931  10   5   6    45095     0   0.0            88     88
  49-In-115 4931  10   5   6    45095     1   0.0            88     88
  49-In-115 4931  10   5   6    45096     0   0.0            88     88
  49-In-115 4931  10   5   6    45096     1   0.0            88     88
  49-In-115 4931  10   5   6    45097     0   0.0            88     88
  49-In-115 4931  10   5   6    45097     1   0.0            88     88
  49-In-115 4931  10   5   6    45098     0   0.0            88     88
  49-In-115 4931  10   5   6    45098     1   0.0            88     88
  49-In-115 4931  10   5   6    45099     0   0.0            88     88
  49-In-115 4931  10   5   6    45099     1   0.0            88     88
  49-In-115 4931  10   5   6    45100     0   0.0            88     88
  49-In-115 4931  10   5   6    45100     1   0.0            88     88
  49-In-115 4931  10   5   6    45101     0   0.0            88     88
  49-In-115 4931  10   5   6    45101     1   0.0            88     88
  49-In-115 4931  10   5   6    45102     0   0.0            88     88
  49-In-115 4931  10   5   6    45102     1   0.0            88     88
  49-In-115 4931  10   5   6    46096     0   0.0            88     88
  49-In-115 4931  10   5   6    46097     0   0.0            88     88
  49-In-115 4931  10   5   6    46098     0   0.0            88     88
  49-In-115 4931  10   5   6    46099     0   0.0            88     88
  49-In-115 4931  10   5   6    46100     0   0.0            88     88
  49-In-115 4931  10   5   6    46101     0   0.0            88     88
  49-In-115 4931  10   5   6    46102     0   0.0            88     88
  49-In-115 4931  10   5   6    46103     0   0.0            88     88
  49-In-115 4931  10   5   6    46104     0   0.0            88     88
  49-In-115 4931  10   5   6    46105     0   0.0            88     88
  49-In-115 4931  10   5   6    46106     0   0.0            88     88
  49-In-115 4931  10   5   6    46107     0   0.0            88     88
  49-In-115 4931  10   5   6    46107     1   0.0            88     88
  49-In-115 4931  10   5   6    46108     0   0.0            88     88
  49-In-115 4931  10   5   6    46109     0   0.0            88     88
  49-In-115 4931  10   5   6    46109     1   0.0            88     88
  49-In-115 4931  10   5   6    47098     0   0.0            88     88
  49-In-115 4931  10   5   6    47099     0   0.0            88     88
  49-In-115 4931  10   5   6    47099     1   0.0            88     88
  49-In-115 4931  10   5   6    47100     0   0.0            88     88
  49-In-115 4931  10   5   6    47100     1   0.0            88     88
  49-In-115 4931  10   5   6    47101     0   0.0            88     88
  49-In-115 4931  10   5   6    47101     1   0.0            88     88
  49-In-115 4931  10   5   6    47102     0   0.0            88     88
  49-In-115 4931  10   5   6    47102     1   0.0            88     88
  49-In-115 4931  10   5   6    47103     0   0.0            88     88
  49-In-115 4931  10   5   6    47103     1   0.0            88     88
  49-In-115 4931  10   5   6    47104     0   0.0            88     88
  49-In-115 4931  10   5   6    47104     1   0.0            88     88
  49-In-115 4931  10   5   6    47105     0   0.0            88     88
  49-In-115 4931  10   5   6    47105     1   0.0            88     88
  49-In-115 4931  10   5   6    47106     0   0.0            88     88
  49-In-115 4931  10   5   6    47106     1   0.0            88     88
  49-In-115 4931  10   5   6    47107     0   0.0            88     88
  49-In-115 4931  10   5   6    47107     1   0.0            88     88
  49-In-115 4931  10   5   6    47108     0   0.0            88     88
  49-In-115 4931  10   5   6    47108     1   0.0            88     88
  49-In-115 4931  10   5   6    47109     0   0.0            88     88
  49-In-115 4931  10   5   6    47109     1   0.0            88     88
  49-In-115 4931  10   5   6    47110     0   0.0            88     88
  49-In-115 4931  10   5   6    47110     1   0.0            88     88
  49-In-115 4931  10   5   6    47111     0   0.0            88     88
  49-In-115 4931  10   5   6    47111     1   0.0            88     88
  49-In-115 4931  10   5   6    47112     0   0.0            88     88
  49-In-115 4931  10   5   6    47113     0   0.0            88     88
  49-In-115 4931  10   5   6    47113     1   0.0            88     88
  49-In-115 4931  10   5   6    48101     0   0.0            88     88
  49-In-115 4931  10   5   6    48102     0   0.0            88     88
  49-In-115 4931  10   5   6    48103     0   0.0            88     88
  49-In-115 4931  10   5   6    48104     0   0.0            88     88
  49-In-115 4931  10   5   6    48105     0   0.0            88     88
  49-In-115 4931  10   5   6    48106     0   0.0            88     88
  49-In-115 4931  10   5   6    48107     0   0.0            88     88
  49-In-115 4931  10   5   6    48108     0   0.0            88     88
  49-In-115 4931  10   5   6    48109     0   0.0            88     88
  49-In-115 4931  10   5   6    48110     0   0.0            88     88
  49-In-115 4931  10   5   6    48111     0   0.0            88     88
  49-In-115 4931  10   5   6    48111     1   0.0            88     88
  49-In-115 4931  10   5   6    48112     0   0.0            88     88
  49-In-115 4931  10   5   6    48113     0   0.0            88     88
  49-In-115 4931  10   5   6    48113     1   0.0            88     88
  49-In-115 4931  10   5   6    48114     0   0.0            88     88
  49-In-115 4931  10   5   6    49103     0   0.0            88     88
  49-In-115 4931  10   5   6    49103     1   0.0            88     88
  49-In-115 4931  10   5   6    49104     0   0.0            88     88
  49-In-115 4931  10   5   6    49104     1   0.0            88     88
  49-In-115 4931  10   5   6    49105     0   0.0            88     88
  49-In-115 4931  10   5   6    49105     1   0.0            88     88
  49-In-115 4931  10   5   6    49106     0   0.0            88     88
  49-In-115 4931  10   5   6    49106     1   0.0            88     88
  49-In-115 4931  10   5   6    49107     0   0.0            88     88
  49-In-115 4931  10   5   6    49107     1   0.0            88     88
  49-In-115 4931  10   5   6    49108     0   0.0            88     88
  49-In-115 4931  10   5   6    49108     1   0.0            88     88
  49-In-115 4931  10   5   6    49109     0   0.0            88     88
  49-In-115 4931  10   5   6    49109     1   0.0            88     88
  49-In-115 4931  10   5   6    49110     0   0.0            88     88
  49-In-115 4931  10   5   6    49110     1   0.0            88     88
  49-In-115 4931  10   5   6    49111     0   0.0            88     88
  49-In-115 4931  10   5   6    49111     1   0.0            88     88
  49-In-115 4931  10   5   6    49112     0   0.0            88     88
  49-In-115 4931  10   5   6    49112     1   0.0            88     88
  49-In-115 4931  10   5   6    49113     0   0.0            88     88
  49-In-115 4931  10   5   6    49113     1   0.0            88     88
  49-In-115 4931  10   5   6    49114     0   0.0            88     88
  49-In-115 4931  10   5   6    49114     1   0.0            88     88
  49-In-115 4931  10   5   6    49115     0   0.0            88     88
  49-In-115 4931  10   5   6    49115     1   0.0            88     88
  49-In-115 4931  10   5   6        0     0   0.0            88     88
 ------------------------------------------------------------------------------
                                              MAT Totals  14696  14696
 ------------------------------------------------------------------------------
 ------------------------------------------------------------------------------
 All Cross Sections Read. Maximum Tabulated Energy =  200000000. eV
 ------------------------------------------------------------------------------
 ===============================================================================
      MAT Total Execution Time                0.16 Seconds
 ===============================================================================
 ------------------------------------------------------------------------------
                                             Tape Totals  14696  14696
 ------------------------------------------------------------------------------
 ===============================================================================
 ACTIVATE Total Execution Time                0.16 Seconds
 ===============================================================================
