 Create New Section Index (DICTIN 2019-1)
 ------------------------------------------------------------
 ENDF/B Input and Output Data Filenames
 ------------------------------------------------------------
 DICTIN.IN                                                               
 DICTIN.OUT                                                              
 ------------------------------------------------------------
 First Pass. Reading ENDF/B Data
 ------------------------------------------------------------
  MAT   Messages
 ------------------------------------------------------------
 2437
 ------------------------------------------------------------
 Second Pass. Creating New Index
 ------------------------------------------------------------
 ENDF/B  MAT MF  MT  Lines  Mod
 Format
 ------------------------------------------------------------
  VI    2437  1 451    111    0
        2437  3   5     36    0
        2437  3 201     34    0
        2437  3 203     32    0
        2437  3 204     26    0
        2437  3 205     25    0
        2437  3 206     21    0
        2437  3 207     34    0
        2437 10   5   1681    1
 ------------------------------------------------------------
 Original Line Count   2014
 Final Line Count      2015
 ------------------------------------------------------------
 ===============================================================================
 DICTIN   Total Execution Time                0.01 Seconds
 ===============================================================================
