  Linearize ENDF/B Cross Sections (LINEAR 2019-1)
  ------------------------------------------------------------------------------
  Retrieval Criteria-----------        MAT
  Monitor Mode-----------------        Off
  Minimum Cross Section-------- 1.0000E-10
  Keep Evaluated Data Points---        Yes
  ------------------------------------------------------------------------------
  ENDF/B Input and Output Data Filenames
  LINEAR.IN                                                               
  LINEAR.OUT                                                              
  ------------------------------------------------------------------------------
  Requested Ranges
  ------------------------------------------------------------------------------
       Minimum       Maximum   
     MAT MF  MT    MAT MF  MT
  ------------------------------------------------------------------------------
       0  0   0 999999 99 999
  ------------------------------------------------------------------------------
  Allowable Uncertainty
  ------------------------------------------------------------------------------
      Energy Uncertainty   per-cent
  ------------------------------------------------------------------------------
  0.0         1.0000E-10     0.0000
  ------------------------------------------------------------------------------
  ENDF/B Tape Label
  ------------------------------------------------------------------------------
  Retrieved by E4-util: 2019/11/11,14:57:08                            1
  ------------------------------------------------------------------------------
    Material  MAT  MF  MT  ENDF/B      Kelvin     Q-Value   Points   Points
                           Format                      eV       In      Out
  ------------------------------------------------------------------------------
   24-Cr-54  2437   3   5   VI     0.0         0.0              99       99
   24-Cr-54  2437   3 201   VI     0.0        -9719300.00       91       91
   24-Cr-54  2437   3 203   VI     0.0        -12372000.0       85       85
   24-Cr-54  2437   3 204   VI     0.0        -18627000.0       69       69
   24-Cr-54  2437   3 205   VI     0.0        -19681000.0       66       66
   24-Cr-54  2437   3 206   VI     0.0        -22135000.0       52       52
   24-Cr-54  2437   3 207   VI     0.0        -7928100.00       92       92
  ------------------------------------------------------------------------------
                                               MAT Totals      554      554
  ------------------------------------------------------------------------------
 ------------------------------------------------------------------------------
 All Cross Sections Read. Maximum Tabulated Energy =  200000000. eV
 ------------------------------------------------------------------------------
 ===============================================================================
      MAT Total Execution Time                0.08 Seconds
 ===============================================================================
  ------------------------------------------------------------------------------
                                              Tape Totals      554      554
  ------------------------------------------------------------------------------
 ===============================================================================
 LINEAR   Total Execution Time                0.08 Seconds
 ===============================================================================
