 ENDF Activation Cross Sections (ACTIVATE 2019-1)
 ------------------------------------------------------------------------------
 ENDF Input and Output Data Filenames
 ------------------------------------------------------------------------------
 ACTIVATE.IN                                                             
 ACTIVATE.OUT                                                            
 ------------------------------------------------------------------------------
 ENDF Tape Label
 ------------------------------------------------------------------------------
  JENDL/PD-2016.1  Hf-180                                             1
 ------------------------------------------------------------------------------
   Material  MAT  MF  MT  ENDF    ZAP Final      Q-Value Points Points
                          Format      State           eV     In    Out
 ------------------------------------------------------------------------------
  72-Hf-180 7243  10   5   6        1     0   0.0            88     88
  72-Hf-180 7243  10   5   6     1001     0   0.0            88     88
  72-Hf-180 7243  10   5   6     1002     0   0.0            88     88
  72-Hf-180 7243  10   5   6     1003     0   0.0            88     88
  72-Hf-180 7243  10   5   6     2003     0   0.0            88     88
  72-Hf-180 7243  10   5   6     2004     0   0.0            88     88
  72-Hf-180 7243  10   5   6    57147     0   0.0            88     88
  72-Hf-180 7243  10   5   6    57148     0   0.0            88     88
  72-Hf-180 7243  10   5   6    57149     0   0.0            88     88
  72-Hf-180 7243  10   5   6    57150     0   0.0            88     88
  72-Hf-180 7243  10   5   6    57151     0   0.0            88     88
  72-Hf-180 7243  10   5   6    58148     0   0.0            88     88
  72-Hf-180 7243  10   5   6    58149     0   0.0            88     88
  72-Hf-180 7243  10   5   6    58150     0   0.0            88     88
  72-Hf-180 7243  10   5   6    58151     0   0.0            88     88
  72-Hf-180 7243  10   5   6    58152     0   0.0            88     88
  72-Hf-180 7243  10   5   6    58153     0   0.0            88     88
  72-Hf-180 7243  10   5   6    58154     0   0.0            88     88
  72-Hf-180 7243  10   5   6    59149     0   0.0            88     88
  72-Hf-180 7243  10   5   6    59150     0   0.0            88     88
  72-Hf-180 7243  10   5   6    59151     0   0.0            88     88
  72-Hf-180 7243  10   5   6    59152     0   0.0            88     88
  72-Hf-180 7243  10   5   6    59153     0   0.0            88     88
  72-Hf-180 7243  10   5   6    59154     0   0.0            88     88
  72-Hf-180 7243  10   5   6    59155     0   0.0            88     88
  72-Hf-180 7243  10   5   6    59156     0   0.0            88     88
  72-Hf-180 7243  10   5   6    59157     0   0.0            88     88
  72-Hf-180 7243  10   5   6    60150     0   0.0            88     88
  72-Hf-180 7243  10   5   6    60151     0   0.0            88     88
  72-Hf-180 7243  10   5   6    60152     0   0.0            88     88
  72-Hf-180 7243  10   5   6    60153     0   0.0            88     88
  72-Hf-180 7243  10   5   6    60154     0   0.0            88     88
  72-Hf-180 7243  10   5   6    60155     0   0.0            88     88
  72-Hf-180 7243  10   5   6    60156     0   0.0            88     88
  72-Hf-180 7243  10   5   6    60157     0   0.0            88     88
  72-Hf-180 7243  10   5   6    60158     0   0.0            88     88
  72-Hf-180 7243  10   5   6    60159     0   0.0            88     88
  72-Hf-180 7243  10   5   6    60160     0   0.0            88     88
  72-Hf-180 7243  10   5   6    61151     0   0.0            88     88
  72-Hf-180 7243  10   5   6    61152     0   0.0            88     88
  72-Hf-180 7243  10   5   6    61153     0   0.0            88     88
  72-Hf-180 7243  10   5   6    61154     0   0.0            88     88
  72-Hf-180 7243  10   5   6    61154     1   0.0            88     88
  72-Hf-180 7243  10   5   6    61155     0   0.0            88     88
  72-Hf-180 7243  10   5   6    61156     0   0.0            88     88
  72-Hf-180 7243  10   5   6    61157     0   0.0            88     88
  72-Hf-180 7243  10   5   6    61158     0   0.0            88     88
  72-Hf-180 7243  10   5   6    61159     0   0.0            88     88
  72-Hf-180 7243  10   5   6    61160     0   0.0            88     88
  72-Hf-180 7243  10   5   6    61161     0   0.0            88     88
  72-Hf-180 7243  10   5   6    61162     0   0.0            88     88
  72-Hf-180 7243  10   5   6    61163     0   0.0            88     88
  72-Hf-180 7243  10   5   6    62152     0   0.0            88     88
  72-Hf-180 7243  10   5   6    62153     0   0.0            88     88
  72-Hf-180 7243  10   5   6    62154     0   0.0            88     88
  72-Hf-180 7243  10   5   6    62155     0   0.0            88     88
  72-Hf-180 7243  10   5   6    62156     0   0.0            88     88
  72-Hf-180 7243  10   5   6    62157     0   0.0            88     88
  72-Hf-180 7243  10   5   6    62158     0   0.0            88     88
  72-Hf-180 7243  10   5   6    62159     0   0.0            88     88
  72-Hf-180 7243  10   5   6    62160     0   0.0            88     88
  72-Hf-180 7243  10   5   6    62161     0   0.0            88     88
  72-Hf-180 7243  10   5   6    62162     0   0.0            88     88
  72-Hf-180 7243  10   5   6    62163     0   0.0            88     88
  72-Hf-180 7243  10   5   6    62164     0   0.0            88     88
  72-Hf-180 7243  10   5   6    62165     0   0.0            88     88
  72-Hf-180 7243  10   5   6    63153     0   0.0            88     88
  72-Hf-180 7243  10   5   6    63154     0   0.0            88     88
  72-Hf-180 7243  10   5   6    63154     1   0.0            88     88
  72-Hf-180 7243  10   5   6    63155     0   0.0            88     88
  72-Hf-180 7243  10   5   6    63156     0   0.0            88     88
  72-Hf-180 7243  10   5   6    63157     0   0.0            88     88
  72-Hf-180 7243  10   5   6    63158     0   0.0            88     88
  72-Hf-180 7243  10   5   6    63159     0   0.0            88     88
  72-Hf-180 7243  10   5   6    63160     0   0.0            88     88
  72-Hf-180 7243  10   5   6    63161     0   0.0            88     88
  72-Hf-180 7243  10   5   6    63162     0   0.0            88     88
  72-Hf-180 7243  10   5   6    63163     0   0.0            88     88
  72-Hf-180 7243  10   5   6    63164     0   0.0            88     88
  72-Hf-180 7243  10   5   6    63165     0   0.0            88     88
  72-Hf-180 7243  10   5   6    63166     0   0.0            88     88
  72-Hf-180 7243  10   5   6    63167     0   0.0            88     88
  72-Hf-180 7243  10   5   6    64154     0   0.0            88     88
  72-Hf-180 7243  10   5   6    64155     0   0.0            88     88
  72-Hf-180 7243  10   5   6    64156     0   0.0            88     88
  72-Hf-180 7243  10   5   6    64157     0   0.0            88     88
  72-Hf-180 7243  10   5   6    64158     0   0.0            88     88
  72-Hf-180 7243  10   5   6    64159     0   0.0            88     88
  72-Hf-180 7243  10   5   6    64160     0   0.0            88     88
  72-Hf-180 7243  10   5   6    64161     0   0.0            88     88
  72-Hf-180 7243  10   5   6    64162     0   0.0            88     88
  72-Hf-180 7243  10   5   6    64163     0   0.0            88     88
  72-Hf-180 7243  10   5   6    64164     0   0.0            88     88
  72-Hf-180 7243  10   5   6    64165     0   0.0            88     88
  72-Hf-180 7243  10   5   6    64166     0   0.0            88     88
  72-Hf-180 7243  10   5   6    64167     0   0.0            88     88
  72-Hf-180 7243  10   5   6    64168     0   0.0            88     88
  72-Hf-180 7243  10   5   6    64169     0   0.0            88     88
  72-Hf-180 7243  10   5   6    65155     0   0.0            88     88
  72-Hf-180 7243  10   5   6    65156     0   0.0            88     88
  72-Hf-180 7243  10   5   6    65156     1   0.0            88     88
  72-Hf-180 7243  10   5   6    65156     2   0.0            88     88
  72-Hf-180 7243  10   5   6    65157     0   0.0            88     88
  72-Hf-180 7243  10   5   6    65158     0   0.0            88     88
  72-Hf-180 7243  10   5   6    65158     1   0.0            88     88
  72-Hf-180 7243  10   5   6    65159     0   0.0            88     88
  72-Hf-180 7243  10   5   6    65160     0   0.0            88     88
  72-Hf-180 7243  10   5   6    65161     0   0.0            88     88
  72-Hf-180 7243  10   5   6    65162     0   0.0            88     88
  72-Hf-180 7243  10   5   6    65163     0   0.0            88     88
  72-Hf-180 7243  10   5   6    65164     0   0.0            88     88
  72-Hf-180 7243  10   5   6    65165     0   0.0            88     88
  72-Hf-180 7243  10   5   6    65166     0   0.0            88     88
  72-Hf-180 7243  10   5   6    65167     0   0.0            88     88
  72-Hf-180 7243  10   5   6    65168     0   0.0            88     88
  72-Hf-180 7243  10   5   6    65169     0   0.0            88     88
  72-Hf-180 7243  10   5   6    65170     0   0.0            88     88
  72-Hf-180 7243  10   5   6    65171     0   0.0            88     88
  72-Hf-180 7243  10   5   6    66156     0   0.0            88     88
  72-Hf-180 7243  10   5   6    66157     0   0.0            88     88
  72-Hf-180 7243  10   5   6    66158     0   0.0            88     88
  72-Hf-180 7243  10   5   6    66159     0   0.0            88     88
  72-Hf-180 7243  10   5   6    66160     0   0.0            88     88
  72-Hf-180 7243  10   5   6    66161     0   0.0            88     88
  72-Hf-180 7243  10   5   6    66162     0   0.0            88     88
  72-Hf-180 7243  10   5   6    66163     0   0.0            88     88
  72-Hf-180 7243  10   5   6    66164     0   0.0            88     88
  72-Hf-180 7243  10   5   6    66165     0   0.0            88     88
  72-Hf-180 7243  10   5   6    66165     1   0.0            88     88
  72-Hf-180 7243  10   5   6    66166     0   0.0            88     88
  72-Hf-180 7243  10   5   6    66167     0   0.0            88     88
  72-Hf-180 7243  10   5   6    66168     0   0.0            88     88
  72-Hf-180 7243  10   5   6    66169     0   0.0            88     88
  72-Hf-180 7243  10   5   6    66170     0   0.0            88     88
  72-Hf-180 7243  10   5   6    66171     0   0.0            88     88
  72-Hf-180 7243  10   5   6    66172     0   0.0            88     88
  72-Hf-180 7243  10   5   6    66173     0   0.0            88     88
  72-Hf-180 7243  10   5   6    67157     0   0.0            88     88
  72-Hf-180 7243  10   5   6    67158     0   0.0            88     88
  72-Hf-180 7243  10   5   6    67158     1   0.0            88     88
  72-Hf-180 7243  10   5   6    67158     2   0.0            88     88
  72-Hf-180 7243  10   5   6    67159     0   0.0            88     88
  72-Hf-180 7243  10   5   6    67159     1   0.0            88     88
  72-Hf-180 7243  10   5   6    67160     0   0.0            88     88
  72-Hf-180 7243  10   5   6    67160     1   0.0            88     88
  72-Hf-180 7243  10   5   6    67160     2   0.0            88     88
  72-Hf-180 7243  10   5   6    67161     0   0.0            88     88
  72-Hf-180 7243  10   5   6    67161     1   0.0            88     88
  72-Hf-180 7243  10   5   6    67162     0   0.0            88     88
  72-Hf-180 7243  10   5   6    67162     1   0.0            88     88
  72-Hf-180 7243  10   5   6    67163     0   0.0            88     88
  72-Hf-180 7243  10   5   6    67163     1   0.0            88     88
  72-Hf-180 7243  10   5   6    67164     0   0.0            88     88
  72-Hf-180 7243  10   5   6    67164     1   0.0            88     88
  72-Hf-180 7243  10   5   6    67165     0   0.0            88     88
  72-Hf-180 7243  10   5   6    67166     0   0.0            88     88
  72-Hf-180 7243  10   5   6    67166     1   0.0            88     88
  72-Hf-180 7243  10   5   6    67167     0   0.0            88     88
  72-Hf-180 7243  10   5   6    67168     0   0.0            88     88
  72-Hf-180 7243  10   5   6    67168     1   0.0            88     88
  72-Hf-180 7243  10   5   6    67169     0   0.0            88     88
  72-Hf-180 7243  10   5   6    67170     0   0.0            88     88
  72-Hf-180 7243  10   5   6    67170     1   0.0            88     88
  72-Hf-180 7243  10   5   6    67171     0   0.0            88     88
  72-Hf-180 7243  10   5   6    67172     0   0.0            88     88
  72-Hf-180 7243  10   5   6    67173     0   0.0            88     88
  72-Hf-180 7243  10   5   6    67174     0   0.0            88     88
  72-Hf-180 7243  10   5   6    67175     0   0.0            88     88
  72-Hf-180 7243  10   5   6    68158     0   0.0            88     88
  72-Hf-180 7243  10   5   6    68159     0   0.0            88     88
  72-Hf-180 7243  10   5   6    68160     0   0.0            88     88
  72-Hf-180 7243  10   5   6    68161     0   0.0            88     88
  72-Hf-180 7243  10   5   6    68162     0   0.0            88     88
  72-Hf-180 7243  10   5   6    68163     0   0.0            88     88
  72-Hf-180 7243  10   5   6    68164     0   0.0            88     88
  72-Hf-180 7243  10   5   6    68165     0   0.0            88     88
  72-Hf-180 7243  10   5   6    68166     0   0.0            88     88
  72-Hf-180 7243  10   5   6    68167     0   0.0            88     88
  72-Hf-180 7243  10   5   6    68167     1   0.0            88     88
  72-Hf-180 7243  10   5   6    68168     0   0.0            88     88
  72-Hf-180 7243  10   5   6    68169     0   0.0            88     88
  72-Hf-180 7243  10   5   6    68170     0   0.0            88     88
  72-Hf-180 7243  10   5   6    68171     0   0.0            88     88
  72-Hf-180 7243  10   5   6    68172     0   0.0            88     88
  72-Hf-180 7243  10   5   6    68173     0   0.0            88     88
  72-Hf-180 7243  10   5   6    68174     0   0.0            88     88
  72-Hf-180 7243  10   5   6    68175     0   0.0            88     88
  72-Hf-180 7243  10   5   6    68176     0   0.0            88     88
  72-Hf-180 7243  10   5   6    69159     0   0.0            88     88
  72-Hf-180 7243  10   5   6    69160     0   0.0            88     88
  72-Hf-180 7243  10   5   6    69160     1   0.0            88     88
  72-Hf-180 7243  10   5   6    69161     0   0.0            88     88
  72-Hf-180 7243  10   5   6    69162     0   0.0            88     88
  72-Hf-180 7243  10   5   6    69162     1   0.0            88     88
  72-Hf-180 7243  10   5   6    69163     0   0.0            88     88
  72-Hf-180 7243  10   5   6    69164     0   0.0            88     88
  72-Hf-180 7243  10   5   6    69164     1   0.0            88     88
  72-Hf-180 7243  10   5   6    69165     0   0.0            88     88
  72-Hf-180 7243  10   5   6    69166     0   0.0            88     88
  72-Hf-180 7243  10   5   6    69166     1   0.0            88     88
  72-Hf-180 7243  10   5   6    69167     0   0.0            88     88
  72-Hf-180 7243  10   5   6    69168     0   0.0            88     88
  72-Hf-180 7243  10   5   6    69169     0   0.0            88     88
  72-Hf-180 7243  10   5   6    69170     0   0.0            88     88
  72-Hf-180 7243  10   5   6    69171     0   0.0            88     88
  72-Hf-180 7243  10   5   6    69172     0   0.0            88     88
  72-Hf-180 7243  10   5   6    69173     0   0.0            88     88
  72-Hf-180 7243  10   5   6    69174     0   0.0            88     88
  72-Hf-180 7243  10   5   6    69175     0   0.0            88     88
  72-Hf-180 7243  10   5   6    69176     0   0.0            88     88
  72-Hf-180 7243  10   5   6    69177     0   0.0            88     88
  72-Hf-180 7243  10   5   6    70160     0   0.0            88     88
  72-Hf-180 7243  10   5   6    70161     0   0.0            88     88
  72-Hf-180 7243  10   5   6    70162     0   0.0            88     88
  72-Hf-180 7243  10   5   6    70163     0   0.0            88     88
  72-Hf-180 7243  10   5   6    70164     0   0.0            88     88
  72-Hf-180 7243  10   5   6    70165     0   0.0            88     88
  72-Hf-180 7243  10   5   6    70166     0   0.0            88     88
  72-Hf-180 7243  10   5   6    70167     0   0.0            88     88
  72-Hf-180 7243  10   5   6    70168     0   0.0            88     88
  72-Hf-180 7243  10   5   6    70169     0   0.0            88     88
  72-Hf-180 7243  10   5   6    70169     1   0.0            88     88
  72-Hf-180 7243  10   5   6    70170     0   0.0            88     88
  72-Hf-180 7243  10   5   6    70171     0   0.0            88     88
  72-Hf-180 7243  10   5   6    70172     0   0.0            88     88
  72-Hf-180 7243  10   5   6    70173     0   0.0            88     88
  72-Hf-180 7243  10   5   6    70174     0   0.0            88     88
  72-Hf-180 7243  10   5   6    70175     0   0.0            88     88
  72-Hf-180 7243  10   5   6    70176     0   0.0            88     88
  72-Hf-180 7243  10   5   6    70176     1   0.0            88     88
  72-Hf-180 7243  10   5   6    70177     0   0.0            88     88
  72-Hf-180 7243  10   5   6    70177     1   0.0            88     88
  72-Hf-180 7243  10   5   6    70178     0   0.0            88     88
  72-Hf-180 7243  10   5   6    71161     0   0.0            88     88
  72-Hf-180 7243  10   5   6    71162     0   0.0            88     88
  72-Hf-180 7243  10   5   6    71163     0   0.0            88     88
  72-Hf-180 7243  10   5   6    71164     0   0.0            88     88
  72-Hf-180 7243  10   5   6    71165     0   0.0            88     88
  72-Hf-180 7243  10   5   6    71166     0   0.0            88     88
  72-Hf-180 7243  10   5   6    71166     1   0.0            88     88
  72-Hf-180 7243  10   5   6    71166     2   0.0            88     88
  72-Hf-180 7243  10   5   6    71167     0   0.0            88     88
  72-Hf-180 7243  10   5   6    71167     1   0.0            88     88
  72-Hf-180 7243  10   5   6    71168     0   0.0            88     88
  72-Hf-180 7243  10   5   6    71168     1   0.0            88     88
  72-Hf-180 7243  10   5   6    71169     0   0.0            88     88
  72-Hf-180 7243  10   5   6    71169     1   0.0            88     88
  72-Hf-180 7243  10   5   6    71170     0   0.0            88     88
  72-Hf-180 7243  10   5   6    71170     1   0.0            88     88
  72-Hf-180 7243  10   5   6    71171     0   0.0            88     88
  72-Hf-180 7243  10   5   6    71171     1   0.0            88     88
  72-Hf-180 7243  10   5   6    71172     0   0.0            88     88
  72-Hf-180 7243  10   5   6    71172     1   0.0            88     88
  72-Hf-180 7243  10   5   6    71173     0   0.0            88     88
  72-Hf-180 7243  10   5   6    71174     0   0.0            88     88
  72-Hf-180 7243  10   5   6    71174     1   0.0            88     88
  72-Hf-180 7243  10   5   6    71175     0   0.0            88     88
  72-Hf-180 7243  10   5   6    71176     0   0.0            88     88
  72-Hf-180 7243  10   5   6    71176     1   0.0            88     88
  72-Hf-180 7243  10   5   6    71177     0   0.0            88     88
  72-Hf-180 7243  10   5   6    71177     1   0.0            88     88
  72-Hf-180 7243  10   5   6    71178     0   0.0            88     88
  72-Hf-180 7243  10   5   6    71178     1   0.0            88     88
  72-Hf-180 7243  10   5   6    71179     0   0.0            88     88
  72-Hf-180 7243  10   5   6    72162     0   0.0            88     88
  72-Hf-180 7243  10   5   6    72163     0   0.0            88     88
  72-Hf-180 7243  10   5   6    72164     0   0.0            88     88
  72-Hf-180 7243  10   5   6    72165     0   0.0            88     88
  72-Hf-180 7243  10   5   6    72166     0   0.0            88     88
  72-Hf-180 7243  10   5   6    72167     0   0.0            88     88
  72-Hf-180 7243  10   5   6    72168     0   0.0            88     88
  72-Hf-180 7243  10   5   6    72169     0   0.0            88     88
  72-Hf-180 7243  10   5   6    72170     0   0.0            88     88
  72-Hf-180 7243  10   5   6    72171     0   0.0            88     88
  72-Hf-180 7243  10   5   6    72171     1   0.0            88     88
  72-Hf-180 7243  10   5   6    72172     0   0.0            88     88
  72-Hf-180 7243  10   5   6    72173     0   0.0            88     88
  72-Hf-180 7243  10   5   6    72174     0   0.0            88     88
  72-Hf-180 7243  10   5   6    72175     0   0.0            88     88
  72-Hf-180 7243  10   5   6    72176     0   0.0            88     88
  72-Hf-180 7243  10   5   6    72177     0   0.0            88     88
  72-Hf-180 7243  10   5   6    72178     0   0.0            88     88
  72-Hf-180 7243  10   5   6    72178     1   0.0            88     88
  72-Hf-180 7243  10   5   6    72179     0   0.0            88     88
  72-Hf-180 7243  10   5   6    72179     1   0.0            88     88
  72-Hf-180 7243  10   5   6    72180     0   0.0            88     88
  72-Hf-180 7243  10   5   6    72180     1   0.0            88     88
  72-Hf-180 7243  10   5   6        0     0   0.0            88     88
 ------------------------------------------------------------------------------
                                              MAT Totals  25344  25344
 ------------------------------------------------------------------------------
 ------------------------------------------------------------------------------
 All Cross Sections Read. Maximum Tabulated Energy =  200000000. eV
 ------------------------------------------------------------------------------
 ===============================================================================
      MAT Total Execution Time                0.43 Seconds
 ===============================================================================
 ------------------------------------------------------------------------------
                                             Tape Totals  25344  25344
 ------------------------------------------------------------------------------
 ===============================================================================
 ACTIVATE Total Execution Time                0.43 Seconds
 ===============================================================================
