 ENDF Activation Cross Sections (ACTIVATE 2019-1)
 ------------------------------------------------------------------------------
 ENDF Input and Output Data Filenames
 ------------------------------------------------------------------------------
 ACTIVATE.IN                                                             
 ACTIVATE.OUT                                                            
 ------------------------------------------------------------------------------
 ENDF Tape Label
 ------------------------------------------------------------------------------
 Retrieved by E4-util: 2019/11/11,14:56:47                            1
 ------------------------------------------------------------------------------
   Material  MAT  MF  MT  ENDF    ZAP Final      Q-Value Points Points
                          Format      State           eV     In    Out
 ------------------------------------------------------------------------------
   6-C -14   631  10   5   6        1     0   0.0            76     76
   6-C -14   631  10   5   6     1001     0   0.0            76     76
   6-C -14   631  10   5   6     1002     0   0.0            76     76
   6-C -14   631  10   5   6     1003     0   0.0            76     76
   6-C -14   631  10   5   6     2003     0   0.0            76     76
   6-C -14   631  10   5   6     2004     0   0.0            76     76
   6-C -14   631  10   5   6     3006     0   0.0            76     76
   6-C -14   631  10   5   6     3007     0   0.0            76     76
   6-C -14   631  10   5   6     3008     0   0.0            76     76
   6-C -14   631  10   5   6     3009     0   0.0            76     76
   6-C -14   631  10   5   6     3010     0   0.0            76     76
   6-C -14   631  10   5   6     4007     0   0.0            76     76
   6-C -14   631  10   5   6     4008     0   0.0            76     76
   6-C -14   631  10   5   6     4009     0   0.0            76     76
   6-C -14   631  10   5   6     4010     0   0.0            76     76
   6-C -14   631  10   5   6     4011     0   0.0            76     76
   6-C -14   631  10   5   6     4012     0   0.0            76     76
   6-C -14   631  10   5   6     5008     0   0.0            76     76
   6-C -14   631  10   5   6     5009     0   0.0            76     76
   6-C -14   631  10   5   6     5010     0   0.0            76     76
   6-C -14   631  10   5   6     5011     0   0.0            76     76
   6-C -14   631  10   5   6     5012     0   0.0            76     76
   6-C -14   631  10   5   6     5013     0   0.0            76     76
   6-C -14   631  10   5   6     6010     0   0.0            76     76
   6-C -14   631  10   5   6     6011     0   0.0            76     76
   6-C -14   631  10   5   6     6012     0   0.0            76     76
   6-C -14   631  10   5   6     6013     0   0.0            76     76
   6-C -14   631  10   5   6     6014     0   0.0            76     76
   6-C -14   631  10   5   6        0     0   0.0            76     76
 ------------------------------------------------------------------------------
                                              MAT Totals   2204   2204
 ------------------------------------------------------------------------------
 ------------------------------------------------------------------------------
 All Cross Sections Read. Maximum Tabulated Energy =  200000000. eV
 ------------------------------------------------------------------------------
 ===============================================================================
      MAT Total Execution Time                0.08 Seconds
 ===============================================================================
 ------------------------------------------------------------------------------
                                             Tape Totals   2204   2204
 ------------------------------------------------------------------------------
 ===============================================================================
 ACTIVATE Total Execution Time                0.09 Seconds
 ===============================================================================
