                                                     MT=  3
 MAT  631                         0.0        Kelvin Unshielded Cross Sections                           6-C -14 

   No.  Group-eV   Average      No.  Group-eV   Average      No.  Group-eV   Average      No.  Group-eV   Average

    58 1000000.00 5.99114E-9     85 4600000.00 3.61706E-7    112 10000000.0 8.04263E-4    139 120000000. 7.92347E-4
    59 1125000.00 1.82259E-8     86 4800000.00 3.81264E-7    113 11000000.0 .001223269    140 140000000. 6.69210E-4
    60 1250000.00 3.04583E-8     87 5000000.00 4.00822E-7    114 12000000.0 .001978111    141 160000000. 5.62404E-4
    61 1375000.00 4.26889E-8     88 5200000.00 4.20380E-7    115 13000000.0 .003502074    142 180000000. 4.81310E-4
    62 1500000.00 5.49181E-8     89 5400000.00 4.39938E-7    116 14000000.0 .006455102    143 200000000. 0.0       
    63 1625000.00 6.71463E-8     90 5600000.00 4.59495E-7    117 15000000.0 .008946264    144 240000000. 0.0       
    64 1750000.00 7.93737E-8     91 5800000.00 4.79053E-7    118 16000000.0 .007411918    145 280000000. 0.0       
    65 1875000.00 9.16003E-8     92 6000000.00 4.98610E-7    119 17000000.0 .005313386    146 320000000. 0.0       
    66 2000000.00 1.03826E-7     93 6200000.00 5.18167E-7    120 18000000.0 .004523537    147 360000000. 0.0       
    67 2125000.00 1.16052E-7     94 6400000.00 5.37724E-7    121 19000000.0 .004584174    148 400000000. 0.0       
    68 2250000.00 1.28277E-7     95 6600000.00 5.57281E-7    122 20000000.0 .005680919    149 440000000. 0.0       
    69 2375000.00 1.40502E-7     96 6800000.00 5.76838E-7    123 22000000.0 .008310283    150 480000000. 0.0       
    70 2500000.00 1.52727E-7     97 7000000.00 5.96395E-7    124 24000000.0 .010946218    151 520000000. 0.0       
    71 2625000.00 1.64952E-7     98 7200000.00 6.15951E-7    125 26000000.0 .010927253    152 560000000. 0.0       
    72 2750000.00 1.77176E-7     99 7400000.00 6.35508E-7    126 28000000.0 .008592150    153 600000000. 0.0       
    73 2875000.00 1.89400E-7    100 7600000.00 6.55065E-7    127 30000000.0 .005181307    154 640000000. 0.0       
    74 3000000.00 2.01624E-7    101 7800000.00 6.74621E-7    128 35000000.0 .002878872    155 680000000. 0.0       
    75 3125000.00 2.13848E-7    102 8000000.00 7.54474E-5    129 40000000.0 .002057578    156 720000000. 0.0       
    76 3250000.00 2.26071E-7    103 8200000.00 2.25599E-4    130 45000000.0 .001701486    157 760000000. 0.0       
    77 3375000.00 2.38295E-7    104 8400000.00 3.60881E-4    131 50000000.0 .001531661    158 800000000. 0.0       
    78 3500000.00 2.50518E-7    105 8600000.00 4.06247E-4    132 54000000.0 .001467704    159 840000000. 0.0       
    79 3625000.00 2.62742E-7    106 8800000.00 4.36509E-4    133 55000000.0 .001412638    160 880000000. 0.0       
    80 3750000.00 2.74965E-7    107 9000000.00 4.70007E-4    134 60000000.0 .001315231    161 920000000. 0.0       
    81 3875000.00 2.87188E-7    108 9200000.00 5.06767E-4    135 70000000.0 .001220630    162 960000000. 0.0       
    82 4000000.00 3.03030E-7    109 9400000.00 5.44570E-4    136 80000000.0 .001137985    163 1.00000E+9
    83 4200000.00 3.22589E-7    110 9600000.00 5.88684E-4    137 90000000.0 .001056103
    84 4400000.00 3.42148E-7    111 9800000.00 6.33856E-4    138 100000000. 9.36592E-4
 
                                                     MT=  5
 MAT  631                         0.0        Kelvin Unshielded Cross Sections                           6-C -14 

   No.  Group-eV   Average      No.  Group-eV   Average      No.  Group-eV   Average      No.  Group-eV   Average

    99 7400000.00 3.39188E-8    116 14000000.0 .006455102    133 55000000.0 .001412638    150 480000000. 0.0       
   100 7600000.00 2.73183E-7    117 15000000.0 .008946264    134 60000000.0 .001315231    151 520000000. 0.0       
   101 7800000.00 5.46974E-7    118 16000000.0 .007411918    135 70000000.0 .001220630    152 560000000. 0.0       
   102 8000000.00 7.54474E-5    119 17000000.0 .005313386    136 80000000.0 .001137985    153 600000000. 0.0       
   103 8200000.00 2.25599E-4    120 18000000.0 .004523537    137 90000000.0 .001056103    154 640000000. 0.0       
   104 8400000.00 3.60881E-4    121 19000000.0 .004584174    138 100000000. 9.36592E-4    155 680000000. 0.0       
   105 8600000.00 4.06247E-4    122 20000000.0 .005680919    139 120000000. 7.92347E-4    156 720000000. 0.0       
   106 8800000.00 4.36509E-4    123 22000000.0 .008310283    140 140000000. 6.69210E-4    157 760000000. 0.0       
   107 9000000.00 4.70007E-4    124 24000000.0 .010946218    141 160000000. 5.62404E-4    158 800000000. 0.0       
   108 9200000.00 5.06767E-4    125 26000000.0 .010927253    142 180000000. 4.81310E-4    159 840000000. 0.0       
   109 9400000.00 5.44570E-4    126 28000000.0 .008592150    143 200000000. 0.0           160 880000000. 0.0       
   110 9600000.00 5.88684E-4    127 30000000.0 .005181307    144 240000000. 0.0           161 920000000. 0.0       
   111 9800000.00 6.33856E-4    128 35000000.0 .002878872    145 280000000. 0.0           162 960000000. 0.0       
   112 10000000.0 8.04263E-4    129 40000000.0 .002057578    146 320000000. 0.0           163 1.00000E+9
   113 11000000.0 .001223269    130 45000000.0 .001701486    147 360000000. 0.0       
   114 12000000.0 .001978111    131 50000000.0 .001531661    148 400000000. 0.0       
   115 13000000.0 .003502074    132 54000000.0 .001467704    149 440000000. 0.0       
 
                                                     MT=  5
 MAT  631                         0.0        Kelvin Unshielded Cross Sections                           6-C -14 

   No.  Group-eV   Average      No.  Group-eV   Average      No.  Group-eV   Average      No.  Group-eV   Average

   102 8000000.00 7.51060E-5    118 16000000.0 .007128473    134 60000000.0 .002571048    150 480000000. 0.0       
   103 8200000.00 2.25946E-4    119 17000000.0 .004786953    135 70000000.0 .002515015    151 520000000. 0.0       
   104 8400000.00 3.61845E-4    120 18000000.0 .003939865    136 80000000.0 .002450444    152 560000000. 0.0       
   105 8600000.00 4.07382E-4    121 19000000.0 .003850334    137 90000000.0 .002359965    153 600000000. 0.0       
   106 8800000.00 4.37743E-4    122 20000000.0 .004701348    138 100000000. .002193504    154 640000000. 0.0       
   107 9000000.00 4.71351E-4    123 22000000.0 .007481958    139 120000000. .001957491    155 680000000. 0.0       
   108 9200000.00 5.08232E-4    124 24000000.0 .010975721    140 140000000. .001717081    156 720000000. 0.0       
   109 9400000.00 5.46161E-4    125 26000000.0 .012657010    141 160000000. .001485623    157 760000000. 0.0       
   110 9600000.00 5.90426E-4    126 28000000.0 .010882960    142 180000000. .001298565    158 800000000. 0.0       
   111 9800000.00 6.35754E-4    127 30000000.0 .007407237    143 200000000. 0.0           159 840000000. 0.0       
   112 10000000.0 8.06756E-4    128 35000000.0 .004778756    144 240000000. 0.0           160 880000000. 0.0       
   113 11000000.0 .001227236    129 40000000.0 .003629915    145 280000000. 0.0           161 920000000. 0.0       
   114 12000000.0 .001981320    130 45000000.0 .003056231    146 320000000. 0.0           162 960000000. 0.0       
   115 13000000.0 .003443967    131 50000000.0 .002815601    147 360000000. 0.0           163 1.00000E+9
   116 14000000.0 .006303029    132 54000000.0 .002723419    148 400000000. 0.0       
   117 15000000.0 .008744533    133 55000000.0 .002661273    149 440000000. 0.0       
 
                                                     MT=  5
 MAT  631                         0.0        Kelvin Unshielded Cross Sections                           6-C -14 

   No.  Group-eV   Average      No.  Group-eV   Average      No.  Group-eV   Average      No.  Group-eV   Average

   122 20000000.0 3.88289E-5    133 55000000.0 6.99560E-4    144 240000000. 0.0           155 680000000. 0.0       
   123 22000000.0 2.20990E-4    134 60000000.0 7.77505E-4    145 280000000. 0.0           156 720000000. 0.0       
   124 24000000.0 3.66522E-4    135 70000000.0 8.65555E-4    146 320000000. 0.0           157 760000000. 0.0       
   125 26000000.0 6.44215E-4    136 80000000.0 9.20266E-4    147 360000000. 0.0           158 800000000. 0.0       
   126 28000000.0 .001363785    137 90000000.0 9.44223E-4    148 400000000. 0.0           159 840000000. 0.0       
   127 30000000.0 .001234851    138 100000000. 9.34901E-4    149 440000000. 0.0           160 880000000. 0.0       
   128 35000000.0 7.28365E-4    139 120000000. 8.86328E-4    150 480000000. 0.0           161 920000000. 0.0       
   129 40000000.0 6.29537E-4    140 140000000. 8.13742E-4    151 520000000. 0.0           162 960000000. 0.0       
   130 45000000.0 6.45978E-4    141 160000000. 7.34111E-4    152 560000000. 0.0           163 1.00000E+9
   131 50000000.0 6.54530E-4    142 180000000. 6.68663E-4    153 600000000. 0.0       
   132 54000000.0 6.75359E-4    143 200000000. 0.0           154 640000000. 0.0       
 
                                                     MT=  5
 MAT  631                         0.0        Kelvin Unshielded Cross Sections                           6-C -14 

   No.  Group-eV   Average      No.  Group-eV   Average      No.  Group-eV   Average      No.  Group-eV   Average

   123 22000000.0 5.52058E-6    134 60000000.0 3.74210E-4    145 280000000. 0.0           156 720000000. 0.0       
   124 24000000.0 3.02519E-4    135 70000000.0 4.24161E-4    146 320000000. 0.0           157 760000000. 0.0       
   125 26000000.0 5.29150E-4    136 80000000.0 4.32227E-4    147 360000000. 0.0           158 800000000. 0.0       
   126 28000000.0 3.99629E-4    137 90000000.0 4.27787E-4    148 400000000. 0.0           159 840000000. 0.0       
   127 30000000.0 2.26555E-4    138 100000000. 4.16776E-4    149 440000000. 0.0           160 880000000. 0.0       
   128 35000000.0 1.76657E-4    139 120000000. 3.93744E-4    150 480000000. 0.0           161 920000000. 0.0       
   129 40000000.0 1.81338E-4    140 140000000. 3.56562E-4    151 520000000. 0.0           162 960000000. 0.0       
   130 45000000.0 2.05810E-4    141 160000000. 3.12829E-4    152 560000000. 0.0           163 1.00000E+9
   131 50000000.0 2.38426E-4    142 180000000. 2.75040E-4    153 600000000. 0.0       
   132 54000000.0 2.64369E-4    143 200000000. 0.0           154 640000000. 0.0       
   133 55000000.0 3.00480E-4    144 240000000. 0.0           155 680000000. 0.0       
 
                                                     MT=  5
 MAT  631                         0.0        Kelvin Unshielded Cross Sections                           6-C -14 

   No.  Group-eV   Average      No.  Group-eV   Average      No.  Group-eV   Average      No.  Group-eV   Average

   122 20000000.0 7.36637E-5    133 55000000.0 1.06963E-4    144 240000000. 0.0           155 680000000. 0.0       
   123 22000000.0 5.12213E-4    134 60000000.0 1.12371E-4    145 280000000. 0.0           156 720000000. 0.0       
   124 24000000.0 7.39827E-4    135 70000000.0 1.09179E-4    146 320000000. 0.0           157 760000000. 0.0       
   125 26000000.0 5.57372E-4    136 80000000.0 1.12714E-4    147 360000000. 0.0           158 800000000. 0.0       
   126 28000000.0 3.59990E-4    137 90000000.0 1.20095E-4    148 400000000. 0.0           159 840000000. 0.0       
   127 30000000.0 1.60690E-4    138 100000000. 1.24058E-4    149 440000000. 0.0           160 880000000. 0.0       
   128 35000000.0 7.04132E-5    139 120000000. 1.22681E-4    150 480000000. 0.0           161 920000000. 0.0       
   129 40000000.0 6.08087E-5    140 140000000. 1.19714E-4    151 520000000. 0.0           162 960000000. 0.0       
   130 45000000.0 7.20245E-5    141 160000000. 1.10937E-4    152 560000000. 0.0           163 1.00000E+9
   131 50000000.0 8.72612E-5    142 180000000. 9.88359E-5    153 600000000. 0.0       
   132 54000000.0 9.88668E-5    143 200000000. 0.0           154 640000000. 0.0       
 
                                                     MT=  5
 MAT  631                         0.0        Kelvin Unshielded Cross Sections                           6-C -14 

   No.  Group-eV   Average      No.  Group-eV   Average      No.  Group-eV   Average      No.  Group-eV   Average

   127 30000000.0 6.76779E-7    137 90000000.0 3.79717E-5    147 360000000. 0.0           157 760000000. 0.0       
   128 35000000.0 1.31737E-6    138 100000000. 5.10682E-5    148 400000000. 0.0           158 800000000. 0.0       
   129 40000000.0 1.04845E-6    139 120000000. 6.27309E-5    149 440000000. 0.0           159 840000000. 0.0       
   130 45000000.0 3.60894E-6    140 140000000. 7.00534E-5    150 480000000. 0.0           160 880000000. 0.0       
   131 50000000.0 9.46126E-6    141 160000000. 7.02662E-5    151 520000000. 0.0           161 920000000. 0.0       
   132 54000000.0 1.29054E-5    142 180000000. 6.50967E-5    152 560000000. 0.0           162 960000000. 0.0       
   133 55000000.0 1.60825E-5    143 200000000. 0.0           153 600000000. 0.0           163 1.00000E+9
   134 60000000.0 1.82128E-5    144 240000000. 0.0           154 640000000. 0.0       
   135 70000000.0 2.02811E-5    145 280000000. 0.0           155 680000000. 0.0       
   136 80000000.0 2.74656E-5    146 320000000. 0.0           156 720000000. 0.0       
 
                                                     MT=  5
 MAT  631                         0.0        Kelvin Unshielded Cross Sections                           6-C -14 

   No.  Group-eV   Average      No.  Group-eV   Average      No.  Group-eV   Average      No.  Group-eV   Average

   114 12000000.0 3.22782E-6    127 30000000.0 .002009780    140 140000000. 2.34787E-4    153 600000000. 0.0       
   115 13000000.0 6.84157E-5    128 35000000.0 .001415812    141 160000000. 1.85834E-4    154 640000000. 0.0       
   116 14000000.0 1.66838E-4    129 40000000.0 9.89240E-4    142 180000000. 1.48436E-4    155 680000000. 0.0       
   117 15000000.0 2.18209E-4    130 45000000.0 7.55868E-4    143 200000000. 0.0           156 720000000. 0.0       
   118 16000000.0 2.97540E-4    131 50000000.0 6.54187E-4    144 240000000. 0.0           157 760000000. 0.0       
   119 17000000.0 5.46191E-4    132 54000000.0 6.09941E-4    145 280000000. 0.0           158 800000000. 0.0       
   120 18000000.0 7.20339E-4    133 55000000.0 5.71000E-4    146 320000000. 0.0           159 840000000. 0.0       
   121 19000000.0 .001095493    134 60000000.0 4.99506E-4    147 360000000. 0.0           160 880000000. 0.0       
   122 20000000.0 .001908040    135 70000000.0 4.42969E-4    148 400000000. 0.0           161 920000000. 0.0       
   123 22000000.0 .002858427    136 80000000.0 4.08721E-4    149 440000000. 0.0           162 960000000. 0.0       
   124 24000000.0 .003767297    137 90000000.0 3.76916E-4    150 480000000. 0.0           163 1.00000E+9
   125 26000000.0 .003714285    138 100000000. 3.34021E-4    151 520000000. 0.0       
   126 28000000.0 .002846264    139 120000000. 2.85479E-4    152 560000000. 0.0       
 
                                                     MT=  5
 MAT  631                         0.0        Kelvin Unshielded Cross Sections                           6-C -14 

   No.  Group-eV   Average      No.  Group-eV   Average      No.  Group-eV   Average      No.  Group-eV   Average

   129 40000000.0 1.41676E-6    138 100000000. 8.86548E-5    147 360000000. 0.0           156 720000000. 0.0       
   130 45000000.0 4.76528E-6    139 120000000. 7.66826E-5    148 400000000. 0.0           157 760000000. 0.0       
   131 50000000.0 1.20786E-5    140 140000000. 6.10050E-5    149 440000000. 0.0           158 800000000. 0.0       
   132 54000000.0 1.98048E-5    141 160000000. 4.60823E-5    150 480000000. 0.0           159 840000000. 0.0       
   133 55000000.0 3.28812E-5    142 180000000. 3.53032E-5    151 520000000. 0.0           160 880000000. 0.0       
   134 60000000.0 6.51123E-5    143 200000000. 0.0           152 560000000. 0.0           161 920000000. 0.0       
   135 70000000.0 9.26624E-5    144 240000000. 0.0           153 600000000. 0.0           162 960000000. 0.0       
   136 80000000.0 9.80325E-5    145 280000000. 0.0           154 640000000. 0.0           163 1.00000E+9
   137 90000000.0 9.51216E-5    146 320000000. 0.0           155 680000000. 0.0       
 
                                                     MT=  5
 MAT  631                         0.0        Kelvin Unshielded Cross Sections                           6-C -14 

   No.  Group-eV   Average      No.  Group-eV   Average      No.  Group-eV   Average      No.  Group-eV   Average

   127 30000000.0 3.45954E-5    137 90000000.0 9.72125E-5    147 360000000. 0.0           157 760000000. 0.0       
   128 35000000.0 2.65788E-5    138 100000000. 8.60334E-5    148 400000000. 0.0           158 800000000. 0.0       
   129 40000000.0 3.09737E-5    139 120000000. 6.66990E-5    149 440000000. 0.0           159 840000000. 0.0       
   130 45000000.0 7.78161E-5    140 140000000. 4.91081E-5    150 480000000. 0.0           160 880000000. 0.0       
   131 50000000.0 1.20969E-4    141 160000000. 3.64123E-5    151 520000000. 0.0           161 920000000. 0.0       
   132 54000000.0 1.38334E-4    142 180000000. 2.79786E-5    152 560000000. 0.0           162 960000000. 0.0       
   133 55000000.0 1.47239E-4    143 200000000. 0.0           153 600000000. 0.0           163 1.00000E+9
   134 60000000.0 1.43129E-4    144 240000000. 0.0           154 640000000. 0.0       
   135 70000000.0 1.20540E-4    145 280000000. 0.0           155 680000000. 0.0       
   136 80000000.0 1.05219E-4    146 320000000. 0.0           156 720000000. 0.0       
 
                                                     MT=  5
 MAT  631                         0.0        Kelvin Unshielded Cross Sections                           6-C -14 

   No.  Group-eV   Average      No.  Group-eV   Average      No.  Group-eV   Average      No.  Group-eV   Average

   128 35000000.0 1.48313E-6    137 90000000.0 2.39424E-5    146 320000000. 0.0           155 680000000. 0.0       
   129 40000000.0 9.54383E-6    138 100000000. 2.36264E-5    147 360000000. 0.0           156 720000000. 0.0       
   130 45000000.0 1.80978E-5    139 120000000. 1.90225E-5    148 400000000. 0.0           157 760000000. 0.0       
   131 50000000.0 1.99190E-5    140 140000000. 1.39547E-5    149 440000000. 0.0           158 800000000. 0.0       
   132 54000000.0 2.04353E-5    141 160000000. 1.02806E-5    150 480000000. 0.0           159 840000000. 0.0       
   133 55000000.0 1.97422E-5    142 180000000. 7.90161E-6    151 520000000. 0.0           160 880000000. 0.0       
   134 60000000.0 1.89176E-5    143 200000000. 0.0           152 560000000. 0.0           161 920000000. 0.0       
   135 70000000.0 2.02327E-5    144 240000000. 0.0           153 600000000. 0.0           162 960000000. 0.0       
   136 80000000.0 2.23103E-5    145 280000000. 0.0           154 640000000. 0.0           163 1.00000E+9
 
                                                     MT=  5
 MAT  631                         0.0        Kelvin Unshielded Cross Sections                           6-C -14 

   No.  Group-eV   Average      No.  Group-eV   Average      No.  Group-eV   Average      No.  Group-eV   Average

   127 30000000.0 1.16124E-6    137 90000000.0 6.71497E-6    147 360000000. 0.0           157 760000000. 0.0       
   128 35000000.0 9.99760E-6    138 100000000. 5.22453E-6    148 400000000. 0.0           158 800000000. 0.0       
   129 40000000.0 1.06640E-5    139 120000000. 3.37600E-6    149 440000000. 0.0           159 840000000. 0.0       
   130 45000000.0 6.77516E-6    140 140000000. 2.34672E-6    150 480000000. 0.0           160 880000000. 0.0       
   131 50000000.0 3.67907E-6    141 160000000. 1.72215E-6    151 520000000. 0.0           161 920000000. 0.0       
   132 54000000.0 3.02557E-6    142 180000000. 1.32778E-6    152 560000000. 0.0           162 960000000. 0.0       
   133 55000000.0 2.48873E-6    143 200000000. 0.0           153 600000000. 0.0           163 1.00000E+9
   134 60000000.0 2.25427E-6    144 240000000. 0.0           154 640000000. 0.0       
   135 70000000.0 3.86306E-6    145 280000000. 0.0           155 680000000. 0.0       
   136 80000000.0 6.15546E-6    146 320000000. 0.0           156 720000000. 0.0       
 
                                                     MT=  5
 MAT  631                         0.0        Kelvin Unshielded Cross Sections                           6-C -14 

   No.  Group-eV   Average      No.  Group-eV   Average      No.  Group-eV   Average      No.  Group-eV   Average

   135 70000000.0 1.31419E-6    143 200000000. 0.0           151 520000000. 0.0           159 840000000. 0.0       
   136 80000000.0 2.26840E-6    144 240000000. 0.0           152 560000000. 0.0           160 880000000. 0.0       
   137 90000000.0 2.11371E-6    145 280000000. 0.0           153 600000000. 0.0           161 920000000. 0.0       
   138 100000000. 1.47687E-6    146 320000000. 0.0           154 640000000. 0.0           162 960000000. 0.0       
   139 120000000. 9.46275E-7    147 360000000. 0.0           155 680000000. 0.0           163 1.00000E+9
   140 140000000. 6.70047E-7    148 400000000. 0.0           156 720000000. 0.0       
   141 160000000. 4.95728E-7    149 440000000. 0.0           157 760000000. 0.0       
   142 180000000. 3.83274E-7    150 480000000. 0.0           158 800000000. 0.0       
 
                                                     MT=  5
 MAT  631                         0.0        Kelvin Unshielded Cross Sections                           6-C -14 

   No.  Group-eV   Average      No.  Group-eV   Average      No.  Group-eV   Average      No.  Group-eV   Average

   129 40000000.0 6.09263E-8    138 100000000. 3.00865E-5    147 360000000. 0.0           156 720000000. 0.0       
   130 45000000.0 2.63286E-6    139 120000000. 2.80348E-5    148 400000000. 0.0           157 760000000. 0.0       
   131 50000000.0 7.62112E-6    140 140000000. 2.09927E-5    149 440000000. 0.0           158 800000000. 0.0       
   132 54000000.0 1.02372E-5    141 160000000. 1.51103E-5    150 480000000. 0.0           159 840000000. 0.0       
   133 55000000.0 1.24809E-5    142 180000000. 1.13435E-5    151 520000000. 0.0           160 880000000. 0.0       
   134 60000000.0 1.34140E-5    143 200000000. 0.0           152 560000000. 0.0           161 920000000. 0.0       
   135 70000000.0 1.37613E-5    144 240000000. 0.0           153 600000000. 0.0           162 960000000. 0.0       
   136 80000000.0 1.79527E-5    145 280000000. 0.0           154 640000000. 0.0           163 1.00000E+9
   137 90000000.0 2.42979E-5    146 320000000. 0.0           155 680000000. 0.0       
 
                                                     MT=  5
 MAT  631                         0.0        Kelvin Unshielded Cross Sections                           6-C -14 

   No.  Group-eV   Average      No.  Group-eV   Average      No.  Group-eV   Average      No.  Group-eV   Average

   125 26000000.0 3.02945E-5    135 70000000.0 2.67324E-4    145 280000000. 0.0           155 680000000. 0.0       
   126 28000000.0 4.30724E-4    136 80000000.0 2.45426E-4    146 320000000. 0.0           156 720000000. 0.0       
   127 30000000.0 9.18828E-4    137 90000000.0 2.26220E-4    147 360000000. 0.0           157 760000000. 0.0       
   128 35000000.0 .001034607    138 100000000. 1.87815E-4    148 400000000. 0.0           158 800000000. 0.0       
   129 40000000.0 7.83685E-4    139 120000000. 1.35227E-4    149 440000000. 0.0           159 840000000. 0.0       
   130 45000000.0 5.67195E-4    140 140000000. 9.66946E-5    150 480000000. 0.0           160 880000000. 0.0       
   131 50000000.0 4.57600E-4    141 160000000. 7.09098E-5    151 520000000. 0.0           161 920000000. 0.0       
   132 54000000.0 4.09501E-4    142 180000000. 5.44543E-5    152 560000000. 0.0           162 960000000. 0.0       
   133 55000000.0 3.71303E-4    143 200000000. 0.0           153 600000000. 0.0           163 1.00000E+9
   134 60000000.0 3.09194E-4    144 240000000. 0.0           154 640000000. 0.0       
 
                                                     MT=  5
 MAT  631                         0.0        Kelvin Unshielded Cross Sections                           6-C -14 

   No.  Group-eV   Average      No.  Group-eV   Average      No.  Group-eV   Average      No.  Group-eV   Average

   122 20000000.0 5.69070E-5    133 55000000.0 1.01378E-4    144 240000000. 0.0           155 680000000. 0.0       
   123 22000000.0 4.26530E-4    134 60000000.0 1.30156E-4    145 280000000. 0.0           156 720000000. 0.0       
   124 24000000.0 .001334007    135 70000000.0 1.59869E-4    146 320000000. 0.0           157 760000000. 0.0       
   125 26000000.0 .002302305    136 80000000.0 1.58720E-4    147 360000000. 0.0           158 800000000. 0.0       
   126 28000000.0 .001896948    137 90000000.0 1.37530E-4    148 400000000. 0.0           159 840000000. 0.0       
   127 30000000.0 9.71098E-4    138 100000000. 1.02696E-4    149 440000000. 0.0           160 880000000. 0.0       
   128 35000000.0 3.41695E-4    139 120000000. 6.92802E-5    150 480000000. 0.0           161 920000000. 0.0       
   129 40000000.0 1.59554E-4    140 140000000. 4.92564E-5    151 520000000. 0.0           162 960000000. 0.0       
   130 45000000.0 1.06128E-4    141 160000000. 3.63246E-5    152 560000000. 0.0           163 1.00000E+9
   131 50000000.0 9.29010E-5    142 180000000. 2.80521E-5    153 600000000. 0.0       
   132 54000000.0 9.39191E-5    143 200000000. 0.0           154 640000000. 0.0       
 
                                                     MT=  5
 MAT  631                         0.0        Kelvin Unshielded Cross Sections                           6-C -14 

   No.  Group-eV   Average      No.  Group-eV   Average      No.  Group-eV   Average      No.  Group-eV   Average

   114 12000000.0 3.14406E-6    127 30000000.0 8.77257E-5    140 140000000. 1.72012E-5    153 600000000. 0.0       
   115 13000000.0 6.84158E-5    128 35000000.0 2.26517E-5    141 160000000. 1.27812E-5    154 640000000. 0.0       
   116 14000000.0 1.66838E-4    129 40000000.0 2.79278E-5    142 180000000. 9.84633E-6    155 680000000. 0.0       
   117 15000000.0 2.18209E-4    130 45000000.0 3.45995E-5    143 200000000. 0.0           156 720000000. 0.0       
   118 16000000.0 2.97540E-4    131 50000000.0 3.99510E-5    144 240000000. 0.0           157 760000000. 0.0       
   119 17000000.0 5.46191E-4    132 54000000.0 4.74066E-5    145 280000000. 0.0           158 800000000. 0.0       
   120 18000000.0 7.20340E-4    133 55000000.0 5.51798E-5    146 320000000. 0.0           159 840000000. 0.0       
   121 19000000.0 .001095266    134 60000000.0 7.08138E-5    147 360000000. 0.0           160 880000000. 0.0       
   122 20000000.0 .001850896    135 70000000.0 7.11847E-5    148 400000000. 0.0           161 920000000. 0.0       
   123 22000000.0 .002431895    136 80000000.0 5.94041E-5    149 440000000. 0.0           162 960000000. 0.0       
   124 24000000.0 .002433280    137 90000000.0 4.72212E-5    150 480000000. 0.0           163 1.00000E+9
   125 26000000.0 .001381692    138 100000000. 3.46059E-5    151 520000000. 0.0       
   126 28000000.0 5.18585E-4    139 120000000. 2.37367E-5    152 560000000. 0.0       
 
                                                     MT=  5
 MAT  631                         0.0        Kelvin Unshielded Cross Sections                           6-C -14 

   No.  Group-eV   Average      No.  Group-eV   Average      No.  Group-eV   Average      No.  Group-eV   Average

   127 30000000.0 6.71742E-7    137 90000000.0 3.56557E-6    147 360000000. 0.0           157 760000000. 0.0       
   128 35000000.0 9.16605E-7    138 100000000. 2.65398E-6    148 400000000. 0.0           158 800000000. 0.0       
   129 40000000.0 4.94278E-6    139 120000000. 1.83124E-6    149 440000000. 0.0           159 840000000. 0.0       
   130 45000000.0 1.07993E-5    140 140000000. 1.33000E-6    150 480000000. 0.0           160 880000000. 0.0       
   131 50000000.0 1.03931E-5    141 160000000. 9.80855E-7    151 520000000. 0.0           161 920000000. 0.0       
   132 54000000.0 1.04278E-5    142 180000000. 7.46816E-7    152 560000000. 0.0           162 960000000. 0.0       
   133 55000000.0 9.48307E-6    143 200000000. 0.0           153 600000000. 0.0           163 1.00000E+9
   134 60000000.0 8.03009E-6    144 240000000. 0.0           154 640000000. 0.0       
   135 70000000.0 5.92520E-6    145 280000000. 0.0           155 680000000. 0.0       
   136 80000000.0 4.51920E-6    146 320000000. 0.0           156 720000000. 0.0       
 
                                                     MT=  5
 MAT  631                         0.0        Kelvin Unshielded Cross Sections                           6-C -14 

   No.  Group-eV   Average      No.  Group-eV   Average      No.  Group-eV   Average      No.  Group-eV   Average

   129 40000000.0 1.25023E-6    138 100000000. 1.12105E-7    147 360000000. 0.0           156 720000000. 0.0       
   130 45000000.0 2.12229E-6    139 120000000. 6.94030E-8    148 400000000. 0.0           157 760000000. 0.0       
   131 50000000.0 1.32975E-6    140 140000000. 4.68186E-8    149 440000000. 0.0           158 800000000. 0.0       
   132 54000000.0 1.08022E-6    141 160000000. 3.26086E-8    150 480000000. 0.0           159 840000000. 0.0       
   133 55000000.0 7.92165E-7    142 180000000. 2.37510E-8    151 520000000. 0.0           160 880000000. 0.0       
   134 60000000.0 5.02304E-7    143 200000000. 0.0           152 560000000. 0.0           161 920000000. 0.0       
   135 70000000.0 3.13066E-7    144 240000000. 0.0           153 600000000. 0.0           162 960000000. 0.0       
   136 80000000.0 2.20016E-7    145 280000000. 0.0           154 640000000. 0.0           163 1.00000E+9
   137 90000000.0 1.62220E-7    146 320000000. 0.0           155 680000000. 0.0       
 
                                                     MT=  5
 MAT  631                         0.0        Kelvin Unshielded Cross Sections                           6-C -14 

   No.  Group-eV   Average      No.  Group-eV   Average      No.  Group-eV   Average      No.  Group-eV   Average

   136 80000000.0 8.28748E-7    143 200000000. 0.0           150 480000000. 0.0           157 760000000. 0.0       
   137 90000000.0 2.29433E-6    144 240000000. 0.0           151 520000000. 0.0           158 800000000. 0.0       
   138 100000000. 3.73219E-6    145 280000000. 0.0           152 560000000. 0.0           159 840000000. 0.0       
   139 120000000. 3.59732E-6    146 320000000. 0.0           153 600000000. 0.0           160 880000000. 0.0       
   140 140000000. 2.61030E-6    147 360000000. 0.0           154 640000000. 0.0           161 920000000. 0.0       
   141 160000000. 1.84863E-6    148 400000000. 0.0           155 680000000. 0.0           162 960000000. 0.0       
   142 180000000. 1.37921E-6    149 440000000. 0.0           156 720000000. 0.0           163 1.00000E+9
 
                                                     MT=  5
 MAT  631                         0.0        Kelvin Unshielded Cross Sections                           6-C -14 

   No.  Group-eV   Average      No.  Group-eV   Average      No.  Group-eV   Average      No.  Group-eV   Average

   130 45000000.0 1.80940E-6    139 120000000. 2.34109E-5    148 400000000. 0.0           157 760000000. 0.0       
   131 50000000.0 6.93278E-6    140 140000000. 1.64392E-5    149 440000000. 0.0           158 800000000. 0.0       
   132 54000000.0 1.00782E-5    141 160000000. 1.20658E-5    150 480000000. 0.0           159 840000000. 0.0       
   133 55000000.0 1.44256E-5    142 180000000. 9.31453E-6    151 520000000. 0.0           160 880000000. 0.0       
   134 60000000.0 2.71009E-5    143 200000000. 0.0           152 560000000. 0.0           161 920000000. 0.0       
   135 70000000.0 4.48222E-5    144 240000000. 0.0           153 600000000. 0.0           162 960000000. 0.0       
   136 80000000.0 5.13694E-5    145 280000000. 0.0           154 640000000. 0.0           163 1.00000E+9
   137 90000000.0 4.69506E-5    146 320000000. 0.0           155 680000000. 0.0       
   138 100000000. 3.52665E-5    147 360000000. 0.0           156 720000000. 0.0       
 
                                                     MT=  5
 MAT  631                         0.0        Kelvin Unshielded Cross Sections                           6-C -14 

   No.  Group-eV   Average      No.  Group-eV   Average      No.  Group-eV   Average      No.  Group-eV   Average

   127 30000000.0 6.76146E-7    137 90000000.0 5.84433E-5    147 360000000. 0.0           157 760000000. 0.0       
   128 35000000.0 6.94661E-6    138 100000000. 4.22690E-5    148 400000000. 0.0           158 800000000. 0.0       
   129 40000000.0 1.14379E-5    139 120000000. 2.88173E-5    149 440000000. 0.0           159 840000000. 0.0       
   130 45000000.0 2.79340E-5    140 140000000. 2.09122E-5    150 480000000. 0.0           160 880000000. 0.0       
   131 50000000.0 6.16774E-5    141 160000000. 1.56202E-5    151 520000000. 0.0           161 920000000. 0.0       
   132 54000000.0 8.24190E-5    142 180000000. 1.21253E-5    152 560000000. 0.0           162 960000000. 0.0       
   133 55000000.0 1.01647E-4    143 200000000. 0.0           153 600000000. 0.0           163 1.00000E+9
   134 60000000.0 1.14980E-4    144 240000000. 0.0           154 640000000. 0.0       
   135 70000000.0 9.78406E-5    145 280000000. 0.0           155 680000000. 0.0       
   136 80000000.0 7.54714E-5    146 320000000. 0.0           156 720000000. 0.0       
 
                                                     MT=  5
 MAT  631                         0.0        Kelvin Unshielded Cross Sections                           6-C -14 

   No.  Group-eV   Average      No.  Group-eV   Average      No.  Group-eV   Average      No.  Group-eV   Average

   122 20000000.0 7.36637E-5    133 55000000.0 3.99975E-4    144 240000000. 0.0           155 680000000. 0.0       
   123 22000000.0 5.12214E-4    134 60000000.0 2.98368E-4    145 280000000. 0.0           156 720000000. 0.0       
   124 24000000.0 7.39826E-4    135 70000000.0 2.13016E-4    146 320000000. 0.0           157 760000000. 0.0       
   125 26000000.0 5.61023E-4    136 80000000.0 1.63071E-4    147 360000000. 0.0           158 800000000. 0.0       
   126 28000000.0 4.22730E-4    137 90000000.0 1.29579E-4    148 400000000. 0.0           159 840000000. 0.0       
   127 30000000.0 3.73720E-4    138 100000000. 9.74169E-5    149 440000000. 0.0           160 880000000. 0.0       
   128 35000000.0 5.13557E-4    139 120000000. 6.91777E-5    150 480000000. 0.0           161 920000000. 0.0       
   129 40000000.0 6.01740E-4    140 140000000. 5.13277E-5    151 520000000. 0.0           162 960000000. 0.0       
   130 45000000.0 5.75229E-4    141 160000000. 3.86459E-5    152 560000000. 0.0           163 1.00000E+9
   131 50000000.0 4.99608E-4    142 180000000. 3.02092E-5    153 600000000. 0.0       
   132 54000000.0 4.52841E-4    143 200000000. 0.0           154 640000000. 0.0       
 
                                                     MT=  5
 MAT  631                         0.0        Kelvin Unshielded Cross Sections                           6-C -14 

   No.  Group-eV   Average      No.  Group-eV   Average      No.  Group-eV   Average      No.  Group-eV   Average

   123 22000000.0 5.52059E-6    134 60000000.0 1.81878E-5    145 280000000. 0.0           156 720000000. 0.0       
   124 24000000.0 3.02524E-4    135 70000000.0 1.23618E-5    146 320000000. 0.0           157 760000000. 0.0       
   125 26000000.0 7.51816E-4    136 80000000.0 8.39039E-6    147 360000000. 0.0           158 800000000. 0.0       
   126 28000000.0 .001428500    137 90000000.0 6.00522E-6    148 400000000. 0.0           159 840000000. 0.0       
   127 30000000.0 .001141376    138 100000000. 3.99584E-6    149 440000000. 0.0           160 880000000. 0.0       
   128 35000000.0 3.66558E-4    139 120000000. 2.56039E-6    150 480000000. 0.0           161 920000000. 0.0       
   129 40000000.0 1.18088E-4    140 140000000. 1.75735E-6    151 520000000. 0.0           162 960000000. 0.0       
   130 45000000.0 5.89152E-5    141 160000000. 1.25206E-6    152 560000000. 0.0           163 1.00000E+9
   131 50000000.0 3.67310E-5    142 180000000. 9.33964E-7    153 600000000. 0.0       
   132 54000000.0 3.07632E-5    143 200000000. 0.0           154 640000000. 0.0       
   133 55000000.0 2.57891E-5    144 240000000. 0.0           155 680000000. 0.0       
 
                                                     MT=  5
 MAT  631                         0.0        Kelvin Unshielded Cross Sections                           6-C -14 

   No.  Group-eV   Average      No.  Group-eV   Average      No.  Group-eV   Average      No.  Group-eV   Average

   122 20000000.0 3.88289E-5    133 55000000.0 4.07895E-9    144 240000000. 0.0           155 680000000. 0.0       
   123 22000000.0 2.20991E-4    134 60000000.0 2.71197E-9    145 280000000. 0.0           156 720000000. 0.0       
   124 24000000.0 3.66517E-4    135 70000000.0 2.60731E-9    146 320000000. 0.0           157 760000000. 0.0       
   125 26000000.0 4.17895E-4    136 80000000.0 1.26594E-9    147 360000000. 0.0           158 800000000. 0.0       
   126 28000000.0 2.72181E-4    137 90000000.0 7.3354E-10    148 400000000. 0.0           159 840000000. 0.0       
   127 30000000.0 6.32845E-5    138 100000000. 5.0349E-10    149 440000000. 0.0           160 880000000. 0.0       
   128 35000000.0 4.10476E-6    139 120000000. 3.1410E-10    150 480000000. 0.0           161 920000000. 0.0       
   129 40000000.0 3.21247E-7    140 140000000. 2.1162E-10    151 520000000. 0.0           162 960000000. 0.0       
   130 45000000.0 5.53226E-8    141 160000000. 1.4714E-10    152 560000000. 0.0           163 1.00000E+9
   131 50000000.0 1.11481E-8    142 180000000. 1.0751E-10    153 600000000. 0.0       
   132 54000000.0 6.54692E-9    143 200000000. 0.0           154 640000000. 0.0       
 
                                                     MT=  5
 MAT  631                         0.0        Kelvin Unshielded Cross Sections                           6-C -14 

   No.  Group-eV   Average      No.  Group-eV   Average      No.  Group-eV   Average      No.  Group-eV   Average

   134 60000000.0 5.25786E-7    142 180000000. 1.30399E-7    150 480000000. 0.0           158 800000000. 0.0       
   135 70000000.0 1.14869E-6    143 200000000. 0.0           151 520000000. 0.0           159 840000000. 0.0       
   136 80000000.0 9.57642E-7    144 240000000. 0.0           152 560000000. 0.0           160 880000000. 0.0       
   137 90000000.0 7.26745E-7    145 280000000. 0.0           153 600000000. 0.0           161 920000000. 0.0       
   138 100000000. 4.96785E-7    146 320000000. 0.0           154 640000000. 0.0           162 960000000. 0.0       
   139 120000000. 3.19557E-7    147 360000000. 0.0           155 680000000. 0.0           163 1.00000E+9
   140 140000000. 2.25829E-7    148 400000000. 0.0           156 720000000. 0.0       
   141 160000000. 1.67620E-7    149 440000000. 0.0           157 760000000. 0.0       
 
                                                     MT=  5
 MAT  631                         0.0        Kelvin Unshielded Cross Sections                           6-C -14 

   No.  Group-eV   Average      No.  Group-eV   Average      No.  Group-eV   Average      No.  Group-eV   Average

   127 30000000.0 1.59032E-6    137 90000000.0 1.66960E-5    147 360000000. 0.0           157 760000000. 0.0       
   128 35000000.0 3.27488E-5    138 100000000. 1.18720E-5    148 400000000. 0.0           158 800000000. 0.0       
   129 40000000.0 7.02204E-5    139 120000000. 8.06637E-6    149 440000000. 0.0           159 840000000. 0.0       
   130 45000000.0 8.76345E-5    140 140000000. 5.87938E-6    150 480000000. 0.0           160 880000000. 0.0       
   131 50000000.0 8.92173E-5    141 160000000. 4.41473E-6    151 520000000. 0.0           161 920000000. 0.0       
   132 54000000.0 8.18334E-5    142 180000000. 3.43908E-6    152 560000000. 0.0           162 960000000. 0.0       
   133 55000000.0 7.21180E-5    143 200000000. 0.0           153 600000000. 0.0           163 1.00000E+9
   134 60000000.0 4.98047E-5    144 240000000. 0.0           154 640000000. 0.0       
   135 70000000.0 3.18292E-5    145 280000000. 0.0           155 680000000. 0.0       
   136 80000000.0 2.23639E-5    146 320000000. 0.0           156 720000000. 0.0       
 
                                                     MT=  5
 MAT  631                         0.0        Kelvin Unshielded Cross Sections                           6-C -14 

   No.  Group-eV   Average      No.  Group-eV   Average      No.  Group-eV   Average      No.  Group-eV   Average

   119 17000000.0 9.25101E-6    131 50000000.0 9.65919E-5    143 200000000. 0.0           155 680000000. 0.0       
   120 18000000.0 1.29144E-4    132 54000000.0 7.91824E-5    144 240000000. 0.0           156 720000000. 0.0       
   121 19000000.0 3.55988E-4    133 55000000.0 6.50707E-5    145 280000000. 0.0           157 760000000. 0.0       
   122 20000000.0 9.80267E-4    134 60000000.0 4.30369E-5    146 320000000. 0.0           158 800000000. 0.0       
   123 22000000.0 .002339842    135 70000000.0 2.74324E-5    147 360000000. 0.0           159 840000000. 0.0       
   124 24000000.0 .003869372    136 80000000.0 1.92977E-5    148 400000000. 0.0           160 880000000. 0.0       
   125 26000000.0 .004580735    137 90000000.0 1.44079E-5    149 440000000. 0.0           161 920000000. 0.0       
   126 28000000.0 .003347110    138 100000000. 1.01405E-5    150 480000000. 0.0           162 960000000. 0.0       
   127 30000000.0 .001587225    139 120000000. 6.70435E-6    151 520000000. 0.0           163 1.00000E+9
   128 35000000.0 5.54423E-4    140 140000000. 4.71123E-6    152 560000000. 0.0       
   129 40000000.0 2.55608E-4    141 160000000. 3.40051E-6    153 600000000. 0.0       
   130 45000000.0 1.44933E-4    142 180000000. 2.53594E-6    154 640000000. 0.0       
 
                                                     MT=  5
 MAT  631                         0.0        Kelvin Unshielded Cross Sections                           6-C -14 

   No.  Group-eV   Average      No.  Group-eV   Average      No.  Group-eV   Average      No.  Group-eV   Average

   102 8000000.00 7.51056E-5    118 16000000.0 .007128455    134 60000000.0 1.12779E-8    150 480000000. 0.0       
   103 8200000.00 2.25945E-4    119 17000000.0 .004768554    135 70000000.0 7.10531E-9    151 520000000. 0.0       
   104 8400000.00 3.61843E-4    120 18000000.0 .003683110    136 80000000.0 4.97719E-9    152 560000000. 0.0       
   105 8600000.00 4.07381E-4    121 19000000.0 .003142543    137 90000000.0 3.69818E-9    153 600000000. 0.0       
   106 8800000.00 4.37741E-4    122 20000000.0 .002697297    138 100000000. 2.59550E-9    154 640000000. 0.0       
   107 9000000.00 4.71349E-4    123 22000000.0 .002414105    139 120000000. 1.71204E-9    155 680000000. 0.0       
   108 9200000.00 5.08231E-4    124 24000000.0 .001979609    140 140000000. 1.19997E-9    156 720000000. 0.0       
   109 9400000.00 5.46160E-4    125 26000000.0 .001011209    141 160000000. 8.6354E-10    157 760000000. 0.0       
   110 9600000.00 5.90425E-4    126 28000000.0 3.69629E-4    142 180000000. 6.4645E-10    158 800000000. 0.0       
   111 9800000.00 6.35753E-4    127 30000000.0 6.12656E-5    143 200000000. 0.0           159 840000000. 0.0       
   112 10000000.0 8.06756E-4    128 35000000.0 3.10291E-6    144 240000000. 0.0           160 880000000. 0.0       
   113 11000000.0 .001227236    129 40000000.0 2.57249E-7    145 280000000. 0.0           161 920000000. 0.0       
   114 12000000.0 .001981321    130 45000000.0 6.35767E-8    146 320000000. 0.0           162 960000000. 0.0       
   115 13000000.0 .003443968    131 50000000.0 2.85599E-8    147 360000000. 0.0           163 1.00000E+9
   116 14000000.0 .006303026    132 54000000.0 2.20272E-8    148 400000000. 0.0       
   117 15000000.0 .008744520    133 55000000.0 1.74943E-8    149 440000000. 0.0       
 
                                                     MT=  5
 MAT  631                         0.0        Kelvin Unshielded Cross Sections                           6-C -14 

   No.  Group-eV   Average      No.  Group-eV   Average      No.  Group-eV   Average      No.  Group-eV   Average

    99 7400000.00 7.55586E-8    116 14000000.0 .013887922    133 55000000.0 .002336677    150 480000000. 0.0       
   100 7600000.00 6.08552E-7    117 15000000.0 .019150408    134 60000000.0 .002063145    151 520000000. 0.0       
   101 7800000.00 1.21846E-6    118 16000000.0 .015784383    135 70000000.0 .001772715    152 560000000. 0.0       
   102 8000000.00 1.67634E-4    119 17000000.0 .011252915    136 80000000.0 .001520843    153 600000000. 0.0       
   103 8200000.00 5.01243E-4    120 18000000.0 .009526332    137 90000000.0 .001288849    154 640000000. 0.0       
   104 8400000.00 8.01687E-4    121 19000000.0 .009599905    138 100000000. 9.85878E-4    155 680000000. 0.0       
   105 8600000.00 9.01565E-4    122 20000000.0 .011793418    139 120000000. 6.49499E-4    156 720000000. 0.0       
   106 8800000.00 9.67754E-4    123 22000000.0 .017058333    140 140000000. 3.93502E-4    157 760000000. 0.0       
   107 9000000.00 .001040922    124 24000000.0 .022221918    141 160000000. 1.99699E-4    158 800000000. 0.0       
   108 9200000.00 .001121119    125 26000000.0 .021939439    142 180000000. 5.88796E-5    159 840000000. 0.0       
   109 9400000.00 .001203566    126 28000000.0 .017055530    143 200000000. 0.0           160 880000000. 0.0       
   110 9600000.00 .001299604    127 30000000.0 .010096704    144 240000000. 0.0           161 920000000. 0.0       
   111 9800000.00 .001397923    128 35000000.0 .005437595    145 280000000. 0.0           162 960000000. 0.0       
   112 10000000.0 .001767885    129 40000000.0 .003764277    146 320000000. 0.0           163 1.00000E+9
   113 11000000.0 .002674639    130 45000000.0 .003012925    147 360000000. 0.0       
   114 12000000.0 .004301895    131 50000000.0 .002631170    148 400000000. 0.0       
   115 13000000.0 .007574994    132 54000000.0 .002477875    149 440000000. 0.0       
 
                                                     MT=  5
 MAT  631                         0.0        Kelvin Unshielded Cross Sections                           6-C -14 

   No.  Group-eV   Average      No.  Group-eV   Average      No.  Group-eV   Average      No.  Group-eV   Average

    99 7400000.00 7.55585E-8    116 14000000.0 5.15466E-8    133 55000000.0 8.97489E-5    150 480000000. 0.0       
   100 7600000.00 6.08551E-7    117 15000000.0 1.10922E-7    134 60000000.0 6.98807E-5    151 520000000. 0.0       
   101 7800000.00 1.21846E-6    118 16000000.0 1.18889E-7    135 70000000.0 5.09101E-5    152 560000000. 0.0       
   102 8000000.00 1.22102E-6    119 17000000.0 1.12388E-7    136 80000000.0 3.93105E-5    153 600000000. 0.0       
   103 8200000.00 6.11158E-7    120 18000000.0 1.54560E-7    137 90000000.0 3.18128E-5    154 640000000. 0.0       
   104 8400000.00 7.69319E-8    121 19000000.0 2.19188E-7    138 100000000. 2.47562E-5    155 680000000. 0.0       
   105 8600000.00 1.1016E-10    122 20000000.0 5.41492E-7    139 120000000. 1.91908E-5    156 720000000. 0.0       
   106 8800000.00 1.1793E-10    123 22000000.0 9.91810E-7    140 140000000. 1.64673E-5    157 760000000. 0.0       
   107 9000000.00 1.4549E-10    124 24000000.0 1.38281E-6    141 160000000. 1.52154E-5    158 800000000. 0.0       
   108 9200000.00 1.9300E-10    125 26000000.0 5.14256E-6    142 180000000. 1.52879E-5    159 840000000. 0.0       
   109 9400000.00 2.4710E-10    126 28000000.0 8.38357E-5    143 200000000. 0.0           160 880000000. 0.0       
   110 9600000.00 3.4099E-10    127 30000000.0 1.15282E-4    144 240000000. 0.0           161 920000000. 0.0       
   111 9800000.00 4.4156E-10    128 35000000.0 5.98693E-5    145 280000000. 0.0           162 960000000. 0.0       
   112 10000000.0 1.06698E-9    129 40000000.0 7.38628E-5    146 320000000. 0.0           163 1.00000E+9
   113 11000000.0 2.61793E-9    130 45000000.0 9.91616E-5    147 360000000. 0.0       
   114 12000000.0 5.65051E-9    131 50000000.0 1.01981E-4    148 400000000. 0.0       
   115 13000000.0 1.64984E-8    132 54000000.0 9.83416E-5    149 440000000. 0.0       
 
