 Create New Section Index (DICTIN 2019-1)
 ------------------------------------------------------------
 ENDF/B Input and Output Data Filenames
 ------------------------------------------------------------
 DICTIN.IN                                                               
 DICTIN.OUT                                                              
 ------------------------------------------------------------
 First Pass. Reading ENDF/B Data
 ------------------------------------------------------------
  MAT   Messages
 ------------------------------------------------------------
  128
 ------------------------------------------------------------
 Second Pass. Creating New Index
 ------------------------------------------------------------
 ENDF/B  MAT MF  MT  Lines  Mod
 Format
 ------------------------------------------------------------
  VI     128  1 451     80    0
         128  3   3  82528    0
         128  3  28  82528    0
 ------------------------------------------------------------
 Original Line Count 165144
 Final Line Count    165144
 ------------------------------------------------------------
 ===============================================================================
 DICTIN   Total Execution Time                0.59 Seconds
 ===============================================================================
