


 Plot Evaluated Data from the ENDF/B Format (EVALPLOT 2019-1)
 ------------------------------------------------------------------------
 Description of Plotter and Plots per Frame
 ------------------------------------------------------------------------
 X Dimensions (X-Min to X-Max)-----------------     0.0000 to     13.0000 Inches
 Y Dimensions (Y-Min to Y-Max)-----------------     0.0000 to     10.5000 Inches
 Layout of Plots per Frame (X by Y)------------          1 by           1
 Character Size Multiplier---------------------       1.50
 ------------------------------------------------------------------------
 ENDF/B Data Filename
------------------------------------------------------------------------
 ENDFB.IN                                                                
 ------------------------------------------------------------------------
 ------------------------------------------------------------------------
 Input Parameters
 ------------------------------------------------------------------------
 Retrieval Criteria----------------------------        MAT
 Grid Type-------------------------------------Tick Marks      
 Should Border be Plotted on Each Plot---------         No
 Line Thickness--------------------------------          0
 Cross Section Temperature on Plots------------        Yes
 Mimimum Ratio of Y Min to Max Range of Plot--- 1.00000E-8
 On Screen Background Color--------------------Black
 ------------------------------------------------------------------------
 Request Ranges
 ------------------------------------------------------------------------
         Mimimum                      Maximum          
    MAT MF  MT Energy-eV         MAT MF  MT Energy-eV    Type
 ------------------------------------------------------------------------
      0  0   0 0.0              9999 99 999 1.0000E+11      0
 ------------------------------------------------------------------------
 Tape Label
 ------------------------------------------------------------------------
  IAEA/PD-2019  H -  2                                                1
 ------------------------------------------------------------------------
 Plot Report
 ------------------------------------------------------------------------
                    Tables by MF                 Plots by MF
 ------------------------------------------------------------------------
 Material    MAT   3   4   5  10  15  23  27*   3   4   5  10  15  23  27
 ------------------------------------------------------------------------
 ERROR===ERROR===ERROR===ERROR===ERROR===ERROR===ERROR===ERROR===ERROR===ERROR==
 MAT/MF/MT/N2=  128  3   3        28
 Interpolation Law (INT) MUST be 1 or 2
      NBT  INT
       28    3
 You MUST Linearize this data before using this code.
 We recommend you use PREPRO/LINEAR to Linearize
 Cross Sections.
  Execution Terminated
 ===============================================================================
    ERROR Total Execution Time                0.01 Seconds
 ===============================================================================
