Retrieved by E4-util: 2019/11/11,14:56:43                            1 0  0    0
 1002.00000 1.99680000         -1          0         38          1 128 1451    1
 0.0        0.0                 0          0          0          6 128 1451    2
 1.00000000 140000000.          0          0          0          6 128 1451    3
 0.0        0.0                 1          0         76          3 128 1451    4
  1-H -  2 NFD        EVAL-AUG95 T.Murata                          128 1451    5
NDS 163 109 (2020)    DIST-JAN20                                   128 1451    6
----IAEA/PD-2019      MATERIAL  128                                128 1451    7
-----PHOTO-NUCLEAR DATA                                            128 1451    8
------ENDF-6 FORMAT                                                128 1451    9
                                                                   128 1451   10
 History                                                           128 1451   11
 1995-08 Evaluation was performed by T.Murata (NFD)                128 1451   12
 1995-08 Compiled by S. Chiba                                      128 1451   13
 2000-02 Recompiled by T. Fukahori                                 128 1451   14
                                                                   128 1451   15
 MF=1 General Information                                          128 1451   16
  MT=451  Descriptive data and Dictionary                          128 1451   17
      Details of the evaluation are given in Ref./#D1/             128 1451   18
                                                                   128 1451   19
 MF=3  Photon Cross Sections                                       128 1451   20
  MT=3  Total photo-absorption cross section                       128 1451   21
      Incident energy below 10 MeV :                               128 1451   22
        Experimental cross sections/#D3/  were analysed with a     128 1451   23
        simplified Marshall & Guth model/#D2/.                     128 1451   24
      Incident energy above 10 MeV :                               128 1451   25
        Partovi/#D4/ gives theoretical cross section which repro-  128 1451   26
        duce experimental values fairly well. The theoretical      128 1451   27
        results were fitted with the basically same model as des-  128 1451   28
        cribed above.                                              128 1451   29
  MT=28 (g,np) reaction cross section                              128 1451   30
        Same as total photo-absorption cross section (MT=3)        128 1451   31
                                                                   128 1451   32
 MF=4  Angular Distribution of Neutrons                            128 1451   33
  MT=28 Neutrons                                                   128 1451   34
      Incident energy below 10 MeV :                               128 1451   35
        CM system angular distributions were calculated with the   128 1451   36
        Marshall & Guth model/#D2/ plus magnetic dipole term.      128 1451   37
      Incident energy above 10 MeV :                               128 1451   38
        CM system angular distributions given by Partovi/#D4/      128 1451   39
        were adopted.                                              128 1451   40
      Confirming the agreement with experimental distributions     128 1451   41
      /#D5/, the CM system distributions were transformed to LAB   128 1451   42
      system with the relativistic kinematics/#D6/. Coefficients   128 1451   43
      of Legendre polynomial expansion are given (L<=4).           128 1451   44
                                                                   128 1451   45
 References                                                        128 1451   46
 #D1) Murata, T. : JAERI-M 94-019, p.330 (1994).                   128 1451   47
 #D2) Marshall, J.F. and Guth,E.: Phys. Rev. 78, 738 (1950).       128 1451   48
 #D3) Allen, L.Jr.: Phys. Rev. 98, 705 (1955),                     128 1451   49
      Alexandrov, I.A.et al.: Soviet Phys. JETP 6, 472 (1958),     128 1451   50
      Whalin, B.A. et al.: Phys. Rev. 101, 377 (1956),             128 1451   51
      Barns, J.H. et al.: Phys. Rev. 86, 359 (1952),               128 1451   52
      Galey, J.A.: Phys. Rev. 117, 763 (1960),                     128 1451   53
      Phillips, J.A. et al.: Phys. Rev. 80, 326 (1950),            128 1451   54
      Keck, J.C. et al.: Phys. Rev. 101, 360 (1956),               128 1451   55
      Halpern, J. et al.: Phys. Rev. 91, 934 (1953),               128 1451   56
      Hough, P.V.C.: Phys. Rev. 80, 1069 (1950),                   128 1451   57
      Bishop, G.R. et al.: Phys. Rev. 80, 211 (1950),              128 1451   58
      Snell, A.H. et al.: Phys. Rev. 80, 637 (1950),               128 1451   59
      McMurray, W.R. et al.: Proc. Phys. Soc. 68A, 181 (1955),     128 1451   60
      Barnes, C.A. et al.: Phys. Rev. 86, 359 (1952),              128 1451   61
      Waffler, H. et al.: Helv. Phys. Acta 24, 483 (1951),         128 1451   62
      Birenbaum, Y. et al.: Phys. Rev. C32, 1825 (1985),           128 1451   63
      Moreh, R. et al.: Phys. Rev. C39, 1247 (1989),               128 1451   64
      Debevec, P.T. et al.: Phys. Rev. C45, 904 (1992).            128 1451   65
 #D4) Partovi, F.: Ann. Physics 27, 79 (1964).                     128 1451   66
 #D5) Smith, F.D.: Nucl. Phys. 465, 429 (1987),                    128 1451   67
      Shin, Y.M.: Nucl. Phys. 154, 482 (1970),                     128 1451   68
      Alexandrov, I.A. et al.: Soviet Phys. JETP 6, 472 (1958),    128 1451   69
      Keck, J.C. et al.: Phys. Rev. 101, 360 (1956),               128 1451   70
      Whalin, B.A. et al.: Phys. Rev. 101, 377 (1956).             128 1451   71
 #D6) Dedrick, K.G.: Rev. Mod. Phys. 34, 429 (1962).               128 1451   72
                                                                   128 1451   73
 ***************** Program LINEAR (VERSION 2019-1) *************** 128 1451   74
 For All Data Greater than 1.0000E-10 barns in Absolute Value      128 1451   75
 Data Linearized to Within an Accuracy of 1.00000E-8 per-cent      128 1451   76
 **************** Program DICTIN (VERSION 2019-1) **************** 128 1451   77
 ***************** Program GROUPIE (VERSION 2019-1)*************** 128 1451   78
 Unshielded Group Averages Using   162 Groups                      128 1451   79
 Weighting Spectrum: 1/E Spectrum                                  128 1451   80
                                1        451         80          0 128 1451   81
                                3          3      82528          0 128 1451   82
                                3         28      82528          0 128 1451   83
                                                                   128 1  099999
                                                                   128 0  0    0
 1002.00000 1.99680000          0          0          0          0 128 3  3    1
-2224000.00-2224000.00          0          0          1         97 128 3  3    2
         97          1                                             128 3  3    3
 2125000.00 2.31443E-5 2250000.00 6.11373E-4 2375000.00 9.05282E-4 128 3  3    4
 2500000.00 .001119739 2625000.00 .001330973 2750000.00 .001535992 128 3  3    5
 2875000.00 .001732085 3000000.00 .001887849 3125000.00 .002005200 128 3  3    6
 3250000.00 .002118032 3375000.00 .002226681 3500000.00 .002302863 128 3  3    7
 3625000.00 .002347814 3750000.00 .002391266 3875000.00 .002433315 128 3  3    8
 4000000.00 .002458142 4200000.00 .002466234 4400000.00 .002470044 128 3  3    9
 4600000.00 .002450186 4800000.00 .002427236 5000000.00 .002395836 128 3  3   10
 5200000.00 .002356270 5400000.00 .002316963 5600000.00 .002271814 128 3  3   11
 5800000.00 .002227014 6000000.00 .002179241 6200000.00 .002128540 128 3  3   12
 6400000.00 .002079425 6600000.00 .002031798 6800000.00 .001985574 128 3  3   13
 7000000.00 .001940671 7200000.00 .001897016 7400000.00 .001854541 128 3  3   14
 7600000.00 .001813185 7800000.00 .001772889 8000000.00 .001731975 128 3  3   15
 8200000.00 .001690432 8400000.00 .001649878 8600000.00 .001610267 128 3  3   16
 8800000.00 .001571558 9000000.00 .001533708 9200000.00 .001496682 128 3  3   17
 9400000.00 .001460444 9600000.00 .001424961 9800000.00 .001390202 128 3  3   18
 10000000.0 .001311860 11000000.0 .001194903 12000000.0 .001087740 128 3  3   19
 13000000.0 9.88855E-4 14000000.0 8.97058E-4 15000000.0 8.23120E-4 128 3  3   20
 16000000.0 7.65560E-4 17000000.0 7.11393E-4 18000000.0 6.60242E-4 128 3  3   21
 19000000.0 6.11789E-4 20000000.0 5.55482E-4 22000000.0 4.92895E-4 128 3  3   22
 24000000.0 4.37013E-4 26000000.0 3.94252E-4 28000000.0 3.56029E-4 128 3  3   23
 30000000.0 3.04500E-4 35000000.0 2.47800E-4 40000000.0 2.06750E-4 128 3  3   24
 45000000.0 1.76100E-4 50000000.0 1.54664E-4 54000000.0 1.44464E-4 128 3  3   25
 55000000.0 1.34450E-4 60000000.0 1.14750E-4 70000000.0 9.52700E-5 128 3  3   26
 80000000.0 8.18300E-5 90000000.0 7.19300E-5 100000000. 6.12350E-5 128 3  3   27
 120000000. 5.02050E-5 140000000. 0.0        160000000. 0.0        128 3  3   28
 180000000. 0.0        200000000. 0.0        240000000. 0.0        128 3  3   29
 280000000. 0.0        320000000. 0.0        360000000. 0.0        128 3  3   30
 400000000. 0.0        440000000. 0.0        480000000. 0.0        128 3  3   31
 520000000. 0.0        560000000. 0.0        600000000. 0.0        128 3  3   32
 640000000. 0.0        680000000. 0.0        720000000. 0.0        128 3  3   33
 760000000. 0.0        800000000. 0.0        840000000. 0.0        128 3  3   34
 880000000. 0.0        920000000. 0.0        960000000. 0.0        128 3  3   35
 1.00000E+9 0.0                                                    128 3  3   36
                                                                   128 3  099999
 1002.00000 1.99680000          0          0          0          0 128 3 28    1
-2224000.00-2224000.00          0          0          1         97 128 3 28    2
         97          1                                             128 3 28    3
 2125000.00 2.31443E-5 2250000.00 6.11373E-4 2375000.00 9.05282E-4 128 3 28    4
 2500000.00 .001119739 2625000.00 .001330973 2750000.00 .001535992 128 3 28    5
 2875000.00 .001732085 3000000.00 .001887849 3125000.00 .002005200 128 3 28    6
 3250000.00 .002118032 3375000.00 .002226681 3500000.00 .002302863 128 3 28    7
 3625000.00 .002347814 3750000.00 .002391266 3875000.00 .002433315 128 3 28    8
 4000000.00 .002458142 4200000.00 .002466234 4400000.00 .002470044 128 3 28    9
 4600000.00 .002450186 4800000.00 .002427236 5000000.00 .002395836 128 3 28   10
 5200000.00 .002356270 5400000.00 .002316963 5600000.00 .002271814 128 3 28   11
 5800000.00 .002227014 6000000.00 .002179241 6200000.00 .002128540 128 3 28   12
 6400000.00 .002079425 6600000.00 .002031798 6800000.00 .001985574 128 3 28   13
 7000000.00 .001940671 7200000.00 .001897016 7400000.00 .001854541 128 3 28   14
 7600000.00 .001813185 7800000.00 .001772889 8000000.00 .001731975 128 3 28   15
 8200000.00 .001690432 8400000.00 .001649878 8600000.00 .001610267 128 3 28   16
 8800000.00 .001571558 9000000.00 .001533708 9200000.00 .001496682 128 3 28   17
 9400000.00 .001460444 9600000.00 .001424961 9800000.00 .001390202 128 3 28   18
 10000000.0 .001311860 11000000.0 .001194903 12000000.0 .001087740 128 3 28   19
 13000000.0 9.88855E-4 14000000.0 8.97058E-4 15000000.0 8.23120E-4 128 3 28   20
 16000000.0 7.65560E-4 17000000.0 7.11393E-4 18000000.0 6.60242E-4 128 3 28   21
 19000000.0 6.11789E-4 20000000.0 5.55482E-4 22000000.0 4.92895E-4 128 3 28   22
 24000000.0 4.37013E-4 26000000.0 3.94252E-4 28000000.0 3.56029E-4 128 3 28   23
 30000000.0 3.04500E-4 35000000.0 2.47800E-4 40000000.0 2.06750E-4 128 3 28   24
 45000000.0 1.76100E-4 50000000.0 1.54664E-4 54000000.0 1.44464E-4 128 3 28   25
 55000000.0 1.34450E-4 60000000.0 1.14750E-4 70000000.0 9.52700E-5 128 3 28   26
 80000000.0 8.18300E-5 90000000.0 7.19300E-5 100000000. 6.12350E-5 128 3 28   27
 120000000. 5.02050E-5 140000000. 0.0        160000000. 0.0        128 3 28   28
 180000000. 0.0        200000000. 0.0        240000000. 0.0        128 3 28   29
 280000000. 0.0        320000000. 0.0        360000000. 0.0        128 3 28   30
 400000000. 0.0        440000000. 0.0        480000000. 0.0        128 3 28   31
 520000000. 0.0        560000000. 0.0        600000000. 0.0        128 3 28   32
 640000000. 0.0        680000000. 0.0        720000000. 0.0        128 3 28   33
 760000000. 0.0        800000000. 0.0        840000000. 0.0        128 3 28   34
 880000000. 0.0        920000000. 0.0        960000000. 0.0        128 3 28   35
 1.00000E+9 0.0                                                    128 3 28   36
                                                                   128 3  099999
                                                                   128 0  0    0
                                                                     0 0  0    0
                                                                    -1 0  0    0
