                                                     MT=  3
 MAT  128                         0.0        Kelvin Unshielded Cross Sections                           1-H -2  

   No.  Group-eV   Average      No.  Group-eV   Average      No.  Group-eV   Average      No.  Group-eV   Average

    67 2125000.00 2.31443E-5     92 6000000.00 .002179241    117 15000000.0 8.23120E-4    142 180000000. 0.0       
    68 2250000.00 6.11373E-4     93 6200000.00 .002128540    118 16000000.0 7.65560E-4    143 200000000. 0.0       
    69 2375000.00 9.05282E-4     94 6400000.00 .002079425    119 17000000.0 7.11393E-4    144 240000000. 0.0       
    70 2500000.00 .001119739     95 6600000.00 .002031798    120 18000000.0 6.60242E-4    145 280000000. 0.0       
    71 2625000.00 .001330973     96 6800000.00 .001985574    121 19000000.0 6.11789E-4    146 320000000. 0.0       
    72 2750000.00 .001535992     97 7000000.00 .001940671    122 20000000.0 5.55482E-4    147 360000000. 0.0       
    73 2875000.00 .001732085     98 7200000.00 .001897016    123 22000000.0 4.92895E-4    148 400000000. 0.0       
    74 3000000.00 .001887849     99 7400000.00 .001854541    124 24000000.0 4.37013E-4    149 440000000. 0.0       
    75 3125000.00 .002005200    100 7600000.00 .001813185    125 26000000.0 3.94252E-4    150 480000000. 0.0       
    76 3250000.00 .002118032    101 7800000.00 .001772889    126 28000000.0 3.56029E-4    151 520000000. 0.0       
    77 3375000.00 .002226681    102 8000000.00 .001731975    127 30000000.0 3.04500E-4    152 560000000. 0.0       
    78 3500000.00 .002302863    103 8200000.00 .001690432    128 35000000.0 2.47800E-4    153 600000000. 0.0       
    79 3625000.00 .002347814    104 8400000.00 .001649878    129 40000000.0 2.06750E-4    154 640000000. 0.0       
    80 3750000.00 .002391266    105 8600000.00 .001610267    130 45000000.0 1.76100E-4    155 680000000. 0.0       
    81 3875000.00 .002433315    106 8800000.00 .001571558    131 50000000.0 1.54664E-4    156 720000000. 0.0       
    82 4000000.00 .002458142    107 9000000.00 .001533708    132 54000000.0 1.44464E-4    157 760000000. 0.0       
    83 4200000.00 .002466234    108 9200000.00 .001496682    133 55000000.0 1.34450E-4    158 800000000. 0.0       
    84 4400000.00 .002470044    109 9400000.00 .001460444    134 60000000.0 1.14750E-4    159 840000000. 0.0       
    85 4600000.00 .002450186    110 9600000.00 .001424961    135 70000000.0 9.52700E-5    160 880000000. 0.0       
    86 4800000.00 .002427236    111 9800000.00 .001390202    136 80000000.0 8.18300E-5    161 920000000. 0.0       
    87 5000000.00 .002395836    112 10000000.0 .001311860    137 90000000.0 7.19300E-5    162 960000000. 0.0       
    88 5200000.00 .002356270    113 11000000.0 .001194903    138 100000000. 6.12350E-5    163 1.00000E+9
    89 5400000.00 .002316963    114 12000000.0 .001087740    139 120000000. 5.02050E-5
    90 5600000.00 .002271814    115 13000000.0 9.88855E-4    140 140000000. 0.0       
    91 5800000.00 .002227014    116 14000000.0 8.97058E-4    141 160000000. 0.0       
 
                                                     MT= 50
 MAT  128                         0.0        Kelvin Unshielded Cross Sections                           1-H -2  

   No.  Group-eV   Average      No.  Group-eV   Average      No.  Group-eV   Average      No.  Group-eV   Average

    67 2125000.00 2.31443E-5     92 6000000.00 .002179241    117 15000000.0 8.23120E-4    142 180000000. 0.0       
    68 2250000.00 6.11373E-4     93 6200000.00 .002128540    118 16000000.0 7.65560E-4    143 200000000. 0.0       
    69 2375000.00 9.05282E-4     94 6400000.00 .002079425    119 17000000.0 7.11393E-4    144 240000000. 0.0       
    70 2500000.00 .001119739     95 6600000.00 .002031798    120 18000000.0 6.60242E-4    145 280000000. 0.0       
    71 2625000.00 .001330973     96 6800000.00 .001985574    121 19000000.0 6.11789E-4    146 320000000. 0.0       
    72 2750000.00 .001535992     97 7000000.00 .001940671    122 20000000.0 5.55482E-4    147 360000000. 0.0       
    73 2875000.00 .001732085     98 7200000.00 .001897016    123 22000000.0 4.92895E-4    148 400000000. 0.0       
    74 3000000.00 .001887849     99 7400000.00 .001854541    124 24000000.0 4.37013E-4    149 440000000. 0.0       
    75 3125000.00 .002005200    100 7600000.00 .001813185    125 26000000.0 3.94252E-4    150 480000000. 0.0       
    76 3250000.00 .002118032    101 7800000.00 .001772889    126 28000000.0 3.56029E-4    151 520000000. 0.0       
    77 3375000.00 .002226681    102 8000000.00 .001731975    127 30000000.0 3.04500E-4    152 560000000. 0.0       
    78 3500000.00 .002302863    103 8200000.00 .001690432    128 35000000.0 2.47800E-4    153 600000000. 0.0       
    79 3625000.00 .002347814    104 8400000.00 .001649878    129 40000000.0 2.06750E-4    154 640000000. 0.0       
    80 3750000.00 .002391266    105 8600000.00 .001610267    130 45000000.0 1.76100E-4    155 680000000. 0.0       
    81 3875000.00 .002433315    106 8800000.00 .001571558    131 50000000.0 1.54664E-4    156 720000000. 0.0       
    82 4000000.00 .002458142    107 9000000.00 .001533708    132 54000000.0 1.44464E-4    157 760000000. 0.0       
    83 4200000.00 .002466234    108 9200000.00 .001496682    133 55000000.0 1.34450E-4    158 800000000. 0.0       
    84 4400000.00 .002470044    109 9400000.00 .001460444    134 60000000.0 1.14750E-4    159 840000000. 0.0       
    85 4600000.00 .002450186    110 9600000.00 .001424961    135 70000000.0 9.52700E-5    160 880000000. 0.0       
    86 4800000.00 .002427236    111 9800000.00 .001390202    136 80000000.0 8.18300E-5    161 920000000. 0.0       
    87 5000000.00 .002395836    112 10000000.0 .001311860    137 90000000.0 7.19300E-5    162 960000000. 0.0       
    88 5200000.00 .002356270    113 11000000.0 .001194903    138 100000000. 6.12350E-5    163 1.00000E+9
    89 5400000.00 .002316963    114 12000000.0 .001087740    139 120000000. 5.02050E-5
    90 5600000.00 .002271814    115 13000000.0 9.88855E-4    140 140000000. 0.0       
    91 5800000.00 .002227014    116 14000000.0 8.97058E-4    141 160000000. 0.0       
 
