 ENDF Activation Cross Sections (ACTIVATE 2019-1)
 ------------------------------------------------------------------------------
 ENDF Input and Output Data Filenames
 ------------------------------------------------------------------------------
 ACTIVATE.IN                                                             
 ACTIVATE.OUT                                                            
 ------------------------------------------------------------------------------
 ENDF Tape Label
 ------------------------------------------------------------------------------
 Retrieved by E4-util: 2019/11/11,14:57:25                            1
 ------------------------------------------------------------------------------
   Material  MAT  MF  MT  ENDF    ZAP Final      Q-Value Points Points
                          Format      State           eV     In    Out
 ------------------------------------------------------------------------------
  33-As-75  3325  10   5   6        1     0   0.0            88     88
  33-As-75  3325  10   5   6     1001     0   0.0            88     88
  33-As-75  3325  10   5   6     1002     0   0.0            88     88
  33-As-75  3325  10   5   6     1003     0   0.0            88     88
  33-As-75  3325  10   5   6     2003     0   0.0            88     88
  33-As-75  3325  10   5   6     2004     0   0.0            88     88
  33-As-75  3325  10   5   6    23046     0   0.0            88     88
  33-As-75  3325  10   5   6    23047     0   0.0            88     88
  33-As-75  3325  10   5   6    23048     0   0.0            88     88
  33-As-75  3325  10   5   6    23049     0   0.0            88     88
  33-As-75  3325  10   5   6    23050     0   0.0            88     88
  33-As-75  3325  10   5   6    23051     0   0.0            88     88
  33-As-75  3325  10   5   6    23052     0   0.0            88     88
  33-As-75  3325  10   5   6    23053     0   0.0            88     88
  33-As-75  3325  10   5   6    24048     0   0.0            88     88
  33-As-75  3325  10   5   6    24049     0   0.0            88     88
  33-As-75  3325  10   5   6    24050     0   0.0            88     88
  33-As-75  3325  10   5   6    24051     0   0.0            88     88
  33-As-75  3325  10   5   6    24052     0   0.0            88     88
  33-As-75  3325  10   5   6    24053     0   0.0            88     88
  33-As-75  3325  10   5   6    24054     0   0.0            88     88
  33-As-75  3325  10   5   6    24055     0   0.0            88     88
  33-As-75  3325  10   5   6    25050     0   0.0            88     88
  33-As-75  3325  10   5   6    25050     1   0.0            88     88
  33-As-75  3325  10   5   6    25051     0   0.0            88     88
  33-As-75  3325  10   5   6    25052     0   0.0            88     88
  33-As-75  3325  10   5   6    25052     1   0.0            88     88
  33-As-75  3325  10   5   6    25053     0   0.0            88     88
  33-As-75  3325  10   5   6    25054     0   0.0            88     88
  33-As-75  3325  10   5   6    25055     0   0.0            88     88
  33-As-75  3325  10   5   6    25056     0   0.0            88     88
  33-As-75  3325  10   5   6    25057     0   0.0            88     88
  33-As-75  3325  10   5   6    26052     0   0.0            88     88
  33-As-75  3325  10   5   6    26052     1   0.0            88     88
  33-As-75  3325  10   5   6    26053     0   0.0            88     88
  33-As-75  3325  10   5   6    26053     1   0.0            88     88
  33-As-75  3325  10   5   6    26054     0   0.0            88     88
  33-As-75  3325  10   5   6    26055     0   0.0            88     88
  33-As-75  3325  10   5   6    26056     0   0.0            88     88
  33-As-75  3325  10   5   6    26057     0   0.0            88     88
  33-As-75  3325  10   5   6    26058     0   0.0            88     88
  33-As-75  3325  10   5   6    26059     0   0.0            88     88
  33-As-75  3325  10   5   6    26060     0   0.0            88     88
  33-As-75  3325  10   5   6    27054     0   0.0            88     88
  33-As-75  3325  10   5   6    27054     1   0.0            88     88
  33-As-75  3325  10   5   6    27055     0   0.0            88     88
  33-As-75  3325  10   5   6    27056     0   0.0            88     88
  33-As-75  3325  10   5   6    27057     0   0.0            88     88
  33-As-75  3325  10   5   6    27058     0   0.0            88     88
  33-As-75  3325  10   5   6    27058     1   0.0            88     88
  33-As-75  3325  10   5   6    27059     0   0.0            88     88
  33-As-75  3325  10   5   6    27060     0   0.0            88     88
  33-As-75  3325  10   5   6    27060     1   0.0            88     88
  33-As-75  3325  10   5   6    27061     0   0.0            88     88
  33-As-75  3325  10   5   6    27062     0   0.0            88     88
  33-As-75  3325  10   5   6    27062     1   0.0            88     88
  33-As-75  3325  10   5   6    28057     0   0.0            88     88
  33-As-75  3325  10   5   6    28058     0   0.0            88     88
  33-As-75  3325  10   5   6    28059     0   0.0            88     88
  33-As-75  3325  10   5   6    28060     0   0.0            88     88
  33-As-75  3325  10   5   6    28061     0   0.0            88     88
  33-As-75  3325  10   5   6    28062     0   0.0            88     88
  33-As-75  3325  10   5   6    28063     0   0.0            88     88
  33-As-75  3325  10   5   6    28064     0   0.0            88     88
  33-As-75  3325  10   5   6    28065     0   0.0            88     88
  33-As-75  3325  10   5   6    29059     0   0.0            88     88
  33-As-75  3325  10   5   6    29060     0   0.0            88     88
  33-As-75  3325  10   5   6    29061     0   0.0            88     88
  33-As-75  3325  10   5   6    29062     0   0.0            88     88
  33-As-75  3325  10   5   6    29063     0   0.0            88     88
  33-As-75  3325  10   5   6    29064     0   0.0            88     88
  33-As-75  3325  10   5   6    29065     0   0.0            88     88
  33-As-75  3325  10   5   6    29066     0   0.0            88     88
  33-As-75  3325  10   5   6    29067     0   0.0            88     88
  33-As-75  3325  10   5   6    29068     0   0.0            88     88
  33-As-75  3325  10   5   6    29068     1   0.0            88     88
  33-As-75  3325  10   5   6    30061     0   0.0            88     88
  33-As-75  3325  10   5   6    30062     0   0.0            88     88
  33-As-75  3325  10   5   6    30063     0   0.0            88     88
  33-As-75  3325  10   5   6    30064     0   0.0            88     88
  33-As-75  3325  10   5   6    30065     0   0.0            88     88
  33-As-75  3325  10   5   6    30066     0   0.0            88     88
  33-As-75  3325  10   5   6    30067     0   0.0            88     88
  33-As-75  3325  10   5   6    30068     0   0.0            88     88
  33-As-75  3325  10   5   6    30069     0   0.0            88     88
  33-As-75  3325  10   5   6    30069     1   0.0            88     88
  33-As-75  3325  10   5   6    30070     0   0.0            88     88
  33-As-75  3325  10   5   6    30071     0   0.0            88     88
  33-As-75  3325  10   5   6    30071     1   0.0            88     88
  33-As-75  3325  10   5   6    31063     0   0.0            88     88
  33-As-75  3325  10   5   6    31064     0   0.0            88     88
  33-As-75  3325  10   5   6    31065     0   0.0            88     88
  33-As-75  3325  10   5   6    31066     0   0.0            88     88
  33-As-75  3325  10   5   6    31067     0   0.0            88     88
  33-As-75  3325  10   5   6    31068     0   0.0            88     88
  33-As-75  3325  10   5   6    31069     0   0.0            88     88
  33-As-75  3325  10   5   6    31070     0   0.0            88     88
  33-As-75  3325  10   5   6    31071     0   0.0            88     88
  33-As-75  3325  10   5   6    31072     0   0.0            88     88
  33-As-75  3325  10   5   6    31073     0   0.0            88     88
  33-As-75  3325  10   5   6    32066     0   0.0            88     88
  33-As-75  3325  10   5   6    32067     0   0.0            88     88
  33-As-75  3325  10   5   6    32068     0   0.0            88     88
  33-As-75  3325  10   5   6    32069     0   0.0            88     88
  33-As-75  3325  10   5   6    32070     0   0.0            88     88
  33-As-75  3325  10   5   6    32071     0   0.0            88     88
  33-As-75  3325  10   5   6    32072     0   0.0            88     88
  33-As-75  3325  10   5   6    32073     0   0.0            88     88
  33-As-75  3325  10   5   6    32074     0   0.0            88     88
  33-As-75  3325  10   5   6    33068     0   0.0            88     88
  33-As-75  3325  10   5   6    33069     0   0.0            88     88
  33-As-75  3325  10   5   6    33070     0   0.0            88     88
  33-As-75  3325  10   5   6    33071     0   0.0            88     88
  33-As-75  3325  10   5   6    33072     0   0.0            88     88
  33-As-75  3325  10   5   6    33073     0   0.0            88     88
  33-As-75  3325  10   5   6    33074     0   0.0            88     88
  33-As-75  3325  10   5   6    33075     0   0.0            88     88
  33-As-75  3325  10   5   6        0     0   0.0            88     88
 ------------------------------------------------------------------------------
                                              MAT Totals  10384  10384
 ------------------------------------------------------------------------------
 ------------------------------------------------------------------------------
 All Cross Sections Read. Maximum Tabulated Energy =  200000000. eV
 ------------------------------------------------------------------------------
 ===============================================================================
      MAT Total Execution Time                0.13 Seconds
 ===============================================================================
 ------------------------------------------------------------------------------
                                             Tape Totals  10384  10384
 ------------------------------------------------------------------------------
 ===============================================================================
 ACTIVATE Total Execution Time                0.14 Seconds
 ===============================================================================
