 Create New Section Index (DICTIN 2019-1)
 ------------------------------------------------------------
 ENDF/B Input and Output Data Filenames
 ------------------------------------------------------------
 DICTIN.IN                                                               
 DICTIN.OUT                                                              
 ------------------------------------------------------------
 First Pass. Reading ENDF/B Data
 ------------------------------------------------------------
  MAT   Messages
 ------------------------------------------------------------
 3325
 ------------------------------------------------------------
 Second Pass. Creating New Index
 ------------------------------------------------------------
 ENDF/B  MAT MF  MT  Lines  Mod
 Format
 ------------------------------------------------------------
  VI    3325  1 451    350    1
        3325  3   3     33    1
        3325  3   5     33    1
        3325 10   5   3777    1
 ------------------------------------------------------------
 Original Line Count   4203
 Final Line Count      4203
 ------------------------------------------------------------
 ===============================================================================
 DICTIN   Total Execution Time                0.02 Seconds
 ===============================================================================
