 ENDF Activation Cross Sections (ACTIVATE 2019-1)
 ------------------------------------------------------------------------------
 ENDF Input and Output Data Filenames
 ------------------------------------------------------------------------------
 ACTIVATE.IN                                                             
 ACTIVATE.OUT                                                            
 ------------------------------------------------------------------------------
 ENDF Tape Label
 ------------------------------------------------------------------------------
 Retrieved by E4-util: 2019/11/11,14:56:53                            1
 ------------------------------------------------------------------------------
   Material  MAT  MF  MT  ENDF    ZAP Final      Q-Value Points Points
                          Format      State           eV     In    Out
 ------------------------------------------------------------------------------
  11-Na-23  1125  10   5   6        1     0   0.0            70     70
  11-Na-23  1125  10   5   6     1001     0   0.0            70     70
  11-Na-23  1125  10   5   6     1002     0   0.0            70     70
  11-Na-23  1125  10   5   6     1003     0   0.0            70     70
  11-Na-23  1125  10   5   6     2004     0   0.0            70     70
  11-Na-23  1125  10   5   6     9015     0   0.0            70     70
  11-Na-23  1125  10   5   6     9016     0   0.0            70     70
  11-Na-23  1125  10   5   6     9017     0   0.0            70     70
  11-Na-23  1125  10   5   6     9018     0   0.0            70     70
  11-Na-23  1125  10   5   6     9019     0   0.0            70     70
  11-Na-23  1125  10   5   6     9020     0   0.0            70     70
  11-Na-23  1125  10   5   6     9021     0   0.0            70     70
  11-Na-23  1125  10   5   6    10017     0   0.0            70     70
  11-Na-23  1125  10   5   6    10018     0   0.0            70     70
  11-Na-23  1125  10   5   6    10019     0   0.0            70     70
  11-Na-23  1125  10   5   6    10020     0   0.0            70     70
  11-Na-23  1125  10   5   6    10021     0   0.0            70     70
  11-Na-23  1125  10   5   6    10022     0   0.0            70     70
  11-Na-23  1125  10   5   6    11018     0   0.0            70     70
  11-Na-23  1125  10   5   6    11019     0   0.0            70     70
  11-Na-23  1125  10   5   6    11020     0   0.0            70     70
  11-Na-23  1125  10   5   6    11021     0   0.0            70     70
  11-Na-23  1125  10   5   6    11022     0   0.0            70     70
  11-Na-23  1125  10   5   6        0     0   0.0            70     70
 ------------------------------------------------------------------------------
                                              MAT Totals   1680   1680
 ------------------------------------------------------------------------------
 ------------------------------------------------------------------------------
 All Cross Sections Read. Maximum Tabulated Energy =  140000000. eV
 ------------------------------------------------------------------------------
 ===============================================================================
      MAT Total Execution Time                0.19 Seconds
 ===============================================================================
 ------------------------------------------------------------------------------
                                             Tape Totals   1680   1680
 ------------------------------------------------------------------------------
 ===============================================================================
 ACTIVATE Total Execution Time                0.19 Seconds
 ===============================================================================
