                                                     MT=  5
 MAT 1125                         0.0        Kelvin Unshielded Cross Sections                          11-Na-23 

   No.  Group-eV   Average      No.  Group-eV   Average      No.  Group-eV   Average      No.  Group-eV   Average

   105 8600000.00 7.14658E-9    120 18000000.0 .022232492    135 70000000.0 .002117244    150 480000000. 0.0       
   106 8800000.00 8.76389E-6    121 19000000.0 .021499184    136 80000000.0 .001965394    151 520000000. 0.0       
   107 9000000.00 5.78361E-5    122 20000000.0 .018361532    137 90000000.0 .001817679    152 560000000. 0.0       
   108 9200000.00 1.39611E-4    123 22000000.0 .017722972    138 100000000. .001605772    153 600000000. 0.0       
   109 9400000.00 2.21386E-4    124 24000000.0 .018635851    139 120000000. .001352222    154 640000000. 0.0       
   110 9600000.00 3.03161E-4    125 26000000.0 .014589246    140 140000000. 0.0           155 680000000. 0.0       
   111 9800000.00 3.84935E-4    126 28000000.0 .010369529    141 160000000. 0.0           156 720000000. 0.0       
   112 10000000.0 7.93722E-4    127 30000000.0 .006850716    142 180000000. 0.0           157 760000000. 0.0       
   113 11000000.0 .001484646    128 35000000.0 .004640846    143 200000000. 0.0           158 800000000. 0.0       
   114 12000000.0 .002294210    129 40000000.0 .003620348    144 240000000. 0.0           159 840000000. 0.0       
   115 13000000.0 .003602308    130 45000000.0 .002999462    145 280000000. 0.0           160 880000000. 0.0       
   116 14000000.0 .005760619    131 50000000.0 .002657980    146 320000000. 0.0           161 920000000. 0.0       
   117 15000000.0 .009220690    132 54000000.0 .002553527    147 360000000. 0.0           162 960000000. 0.0       
   118 16000000.0 .014118966    133 55000000.0 .002461529    148 400000000. 0.0           163 1.00000E+9
   119 17000000.0 .019387424    134 60000000.0 .002290586    149 440000000. 0.0       
 
                                                     MT=  5
 MAT 1125                         0.0        Kelvin Unshielded Cross Sections                          11-Na-23 

   No.  Group-eV   Average      No.  Group-eV   Average      No.  Group-eV   Average      No.  Group-eV   Average

   114 12000000.0 3.39468E-4    127 30000000.0 .006880986    140 140000000. 0.0           153 600000000. 0.0       
   115 13000000.0 .001140191    128 35000000.0 .005583527    141 160000000. 0.0           154 640000000. 0.0       
   116 14000000.0 .002103650    129 40000000.0 .005220319    142 180000000. 0.0           155 680000000. 0.0       
   117 15000000.0 .003683087    130 45000000.0 .004998492    143 200000000. 0.0           156 720000000. 0.0       
   118 16000000.0 .006063149    131 50000000.0 .004901610    144 240000000. 0.0           157 760000000. 0.0       
   119 17000000.0 .008584778    132 54000000.0 .004940892    145 280000000. 0.0           158 800000000. 0.0       
   120 18000000.0 .009937621    133 55000000.0 .005014068    146 320000000. 0.0           159 840000000. 0.0       
   121 19000000.0 .009521273    134 60000000.0 .005280052    147 360000000. 0.0           160 880000000. 0.0       
   122 20000000.0 .008506811    135 70000000.0 .005569901    148 400000000. 0.0           161 920000000. 0.0       
   123 22000000.0 .010070523    136 80000000.0 .005682671    149 440000000. 0.0           162 960000000. 0.0       
   124 24000000.0 .012768286    137 90000000.0 .005642277    150 480000000. 0.0           163 1.00000E+9
   125 26000000.0 .011528725    138 100000000. .005425165    151 520000000. 0.0       
   126 28000000.0 .009087215    139 120000000. .005042232    152 560000000. 0.0       
 
                                                     MT=  5
 MAT 1125                         0.0        Kelvin Unshielded Cross Sections                          11-Na-23 

   No.  Group-eV   Average      No.  Group-eV   Average      No.  Group-eV   Average      No.  Group-eV   Average

   107 9000000.00 3.96024E-5    122 20000000.0 .007850608    137 90000000.0 .001450503    152 560000000. 0.0       
   108 9200000.00 1.19101E-4    123 22000000.0 .010093548    138 100000000. .001322049    153 600000000. 0.0       
   109 9400000.00 1.98600E-4    124 24000000.0 .011791740    139 120000000. .001153060    154 640000000. 0.0       
   110 9600000.00 2.78099E-4    125 26000000.0 .009168789    140 140000000. 0.0           155 680000000. 0.0       
   111 9800000.00 3.57598E-4    126 28000000.0 .006293978    141 160000000. 0.0           156 720000000. 0.0       
   112 10000000.0 7.77863E-4    127 30000000.0 .004006361    142 180000000. 0.0           157 760000000. 0.0       
   113 11000000.0 .001479252    128 35000000.0 .002707450    143 200000000. 0.0           158 800000000. 0.0       
   114 12000000.0 .001744341    129 40000000.0 .002181394    144 240000000. 0.0           159 840000000. 0.0       
   115 13000000.0 .001512110    130 45000000.0 .001888922    145 280000000. 0.0           160 880000000. 0.0       
   116 14000000.0 .001315886    131 50000000.0 .001739548    146 320000000. 0.0           161 920000000. 0.0       
   117 15000000.0 .001773253    132 54000000.0 .001703552    147 360000000. 0.0           162 960000000. 0.0       
   118 16000000.0 .003164527    133 55000000.0 .001674480    148 400000000. 0.0           163 1.00000E+9
   119 17000000.0 .005062758    134 60000000.0 .001635535    149 440000000. 0.0       
   120 18000000.0 .006661921    135 70000000.0 .001580470    150 480000000. 0.0       
   121 19000000.0 .007194116    136 80000000.0 .001524383    151 520000000. 0.0       
 
                                                     MT=  5
 MAT 1125                         0.0        Kelvin Unshielded Cross Sections                          11-Na-23 

   No.  Group-eV   Average      No.  Group-eV   Average      No.  Group-eV   Average      No.  Group-eV   Average

   119 17000000.0 2.50591E-7    131 50000000.0 1.64632E-4    143 200000000. 0.0           155 680000000. 0.0       
   120 18000000.0 1.10764E-5    132 54000000.0 1.60564E-4    144 240000000. 0.0           156 720000000. 0.0       
   121 19000000.0 5.81292E-5    133 55000000.0 1.56099E-4    145 280000000. 0.0           157 760000000. 0.0       
   122 20000000.0 1.51827E-4    134 60000000.0 1.52571E-4    146 320000000. 0.0           158 800000000. 0.0       
   123 22000000.0 2.83719E-4    135 70000000.0 1.40156E-4    147 360000000. 0.0           159 840000000. 0.0       
   124 24000000.0 4.17965E-4    136 80000000.0 1.31827E-4    148 400000000. 0.0           160 880000000. 0.0       
   125 26000000.0 4.19060E-4    137 90000000.0 1.19661E-4    149 440000000. 0.0           161 920000000. 0.0       
   126 28000000.0 3.49344E-4    138 100000000. 1.01708E-4    150 480000000. 0.0           162 960000000. 0.0       
   127 30000000.0 2.71597E-4    139 120000000. 8.18073E-5    151 520000000. 0.0           163 1.00000E+9
   128 35000000.0 2.19593E-4    140 140000000. 0.0           152 560000000. 0.0       
   129 40000000.0 1.96215E-4    141 160000000. 0.0           153 600000000. 0.0       
   130 45000000.0 1.77441E-4    142 180000000. 0.0           154 640000000. 0.0       
 
                                                     MT=  5
 MAT 1125                         0.0        Kelvin Unshielded Cross Sections                          11-Na-23 

   No.  Group-eV   Average      No.  Group-eV   Average      No.  Group-eV   Average      No.  Group-eV   Average

   120 18000000.0 1.21571E-5    131 50000000.0 1.06160E-4    142 180000000. 0.0           153 600000000. 0.0       
   121 19000000.0 5.49501E-5    132 54000000.0 1.01823E-4    143 200000000. 0.0           154 640000000. 0.0       
   122 20000000.0 1.12283E-4    133 55000000.0 9.81966E-5    144 240000000. 0.0           155 680000000. 0.0       
   123 22000000.0 1.31304E-4    134 60000000.0 8.35849E-5    145 280000000. 0.0           156 720000000. 0.0       
   124 24000000.0 2.21360E-4    135 70000000.0 7.48968E-5    146 320000000. 0.0           157 760000000. 0.0       
   125 26000000.0 3.86355E-4    136 80000000.0 6.29844E-5    147 360000000. 0.0           158 800000000. 0.0       
   126 28000000.0 4.04470E-4    137 90000000.0 5.44103E-5    148 400000000. 0.0           159 840000000. 0.0       
   127 30000000.0 3.22887E-4    138 100000000. 4.39991E-5    149 440000000. 0.0           160 880000000. 0.0       
   128 35000000.0 2.21544E-4    139 120000000. 3.15798E-5    150 480000000. 0.0           161 920000000. 0.0       
   129 40000000.0 1.53342E-4    140 140000000. 0.0           151 520000000. 0.0           162 960000000. 0.0       
   130 45000000.0 1.20897E-4    141 160000000. 0.0           152 560000000. 0.0           163 1.00000E+9
 
                                                     MT=  5
 MAT 1125                         0.0        Kelvin Unshielded Cross Sections                          11-Na-23 

   No.  Group-eV   Average      No.  Group-eV   Average      No.  Group-eV   Average      No.  Group-eV   Average

   113 11000000.0 3.63886E-6    126 28000000.0 .001943442    139 120000000. 1.15371E-4    152 560000000. 0.0       
   114 12000000.0 2.09838E-4    127 30000000.0 .001532106    140 140000000. 0.0           153 600000000. 0.0       
   115 13000000.0 9.49581E-4    128 35000000.0 .001184900    141 160000000. 0.0           154 640000000. 0.0       
   116 14000000.0 .002340743    129 40000000.0 9.16297E-4    142 180000000. 0.0           155 680000000. 0.0       
   117 15000000.0 .003764102    130 45000000.0 6.97396E-4    143 200000000. 0.0           156 720000000. 0.0       
   118 16000000.0 .004891209    131 50000000.0 5.63541E-4    144 240000000. 0.0           157 760000000. 0.0       
   119 17000000.0 .005739988    132 54000000.0 5.15664E-4    145 280000000. 0.0           158 800000000. 0.0       
   120 18000000.0 .005611052    133 55000000.0 4.72798E-4    146 320000000. 0.0           159 840000000. 0.0       
   121 19000000.0 .004697396    134 60000000.0 3.84741E-4    147 360000000. 0.0           160 880000000. 0.0       
   122 20000000.0 .003364940    135 70000000.0 3.09926E-4    148 400000000. 0.0           161 920000000. 0.0       
   123 22000000.0 .002749108    136 80000000.0 2.50756E-4    149 440000000. 0.0           162 960000000. 0.0       
   124 24000000.0 .002754582    137 90000000.0 2.07959E-4    150 480000000. 0.0           163 1.00000E+9
   125 26000000.0 .002395853    138 100000000. 1.61588E-4    151 520000000. 0.0       
 
                                                     MT=  5
 MAT 1125                         0.0        Kelvin Unshielded Cross Sections                          11-Na-23 

   No.  Group-eV   Average      No.  Group-eV   Average      No.  Group-eV   Average      No.  Group-eV   Average

   134 60000000.0 3.68481E-8    142 180000000. 0.0           150 480000000. 0.0           158 800000000. 0.0       
   135 70000000.0 6.57204E-6    143 200000000. 0.0           151 520000000. 0.0           159 840000000. 0.0       
   136 80000000.0 3.91669E-5    144 240000000. 0.0           152 560000000. 0.0           160 880000000. 0.0       
   137 90000000.0 8.01679E-5    145 280000000. 0.0           153 600000000. 0.0           161 920000000. 0.0       
   138 100000000. 1.08022E-4    146 320000000. 0.0           154 640000000. 0.0           162 960000000. 0.0       
   139 120000000. 9.33558E-5    147 360000000. 0.0           155 680000000. 0.0           163 1.00000E+9
   140 140000000. 0.0           148 400000000. 0.0           156 720000000. 0.0       
   141 160000000. 0.0           149 440000000. 0.0           157 760000000. 0.0       
 
                                                     MT=  5
 MAT 1125                         0.0        Kelvin Unshielded Cross Sections                          11-Na-23 

   No.  Group-eV   Average      No.  Group-eV   Average      No.  Group-eV   Average      No.  Group-eV   Average

   130 45000000.0 3.1663E-10    139 120000000. 4.06414E-5    148 400000000. 0.0           157 760000000. 0.0       
   131 50000000.0 6.07715E-7    140 140000000. 0.0           149 440000000. 0.0           158 800000000. 0.0       
   132 54000000.0 3.64569E-6    141 160000000. 0.0           150 480000000. 0.0           159 840000000. 0.0       
   133 55000000.0 1.85861E-5    142 180000000. 0.0           151 520000000. 0.0           160 880000000. 0.0       
   134 60000000.0 8.95567E-5    143 200000000. 0.0           152 560000000. 0.0           161 920000000. 0.0       
   135 70000000.0 1.64776E-4    144 240000000. 0.0           153 600000000. 0.0           162 960000000. 0.0       
   136 80000000.0 1.59113E-4    145 280000000. 0.0           154 640000000. 0.0           163 1.00000E+9
   137 90000000.0 1.21640E-4    146 320000000. 0.0           155 680000000. 0.0       
   138 100000000. 7.71060E-5    147 360000000. 0.0           156 720000000. 0.0       
 
                                                     MT=  5
 MAT 1125                         0.0        Kelvin Unshielded Cross Sections                          11-Na-23 

   No.  Group-eV   Average      No.  Group-eV   Average      No.  Group-eV   Average      No.  Group-eV   Average

   127 30000000.0 3.25095E-6    137 90000000.0 5.82287E-5    147 360000000. 0.0           157 760000000. 0.0       
   128 35000000.0 1.20148E-4    138 100000000. 3.32368E-5    148 400000000. 0.0           158 800000000. 0.0       
   129 40000000.0 3.28477E-4    139 120000000. 1.64437E-5    149 440000000. 0.0           159 840000000. 0.0       
   130 45000000.0 4.07494E-4    140 140000000. 0.0           150 480000000. 0.0           160 880000000. 0.0       
   131 50000000.0 4.04919E-4    141 160000000. 0.0           151 520000000. 0.0           161 920000000. 0.0       
   132 54000000.0 3.94662E-4    142 180000000. 0.0           152 560000000. 0.0           162 960000000. 0.0       
   133 55000000.0 3.67406E-4    143 200000000. 0.0           153 600000000. 0.0           163 1.00000E+9
   134 60000000.0 2.58216E-4    144 240000000. 0.0           154 640000000. 0.0       
   135 70000000.0 1.45047E-4    145 280000000. 0.0           155 680000000. 0.0       
   136 80000000.0 8.86687E-5    146 320000000. 0.0           156 720000000. 0.0       
 
                                                     MT=  5
 MAT 1125                         0.0        Kelvin Unshielded Cross Sections                          11-Na-23 

   No.  Group-eV   Average      No.  Group-eV   Average      No.  Group-eV   Average      No.  Group-eV   Average

   122 20000000.0 1.2804E-10    133 55000000.0 8.84153E-5    144 240000000. 0.0           155 680000000. 0.0       
   123 22000000.0 5.10828E-5    134 60000000.0 4.88037E-5    145 280000000. 0.0           156 720000000. 0.0       
   124 24000000.0 5.67163E-4    135 70000000.0 2.64710E-5    146 320000000. 0.0           157 760000000. 0.0       
   125 26000000.0 .001277431    136 80000000.0 1.66837E-5    147 360000000. 0.0           158 800000000. 0.0       
   126 28000000.0 .001474951    137 90000000.0 1.21647E-5    148 400000000. 0.0           159 840000000. 0.0       
   127 30000000.0 .001397151    138 100000000. 8.61532E-6    149 440000000. 0.0           160 880000000. 0.0       
   128 35000000.0 .001043164    139 120000000. 5.58359E-6    150 480000000. 0.0           161 920000000. 0.0       
   129 40000000.0 5.83620E-4    140 140000000. 0.0           151 520000000. 0.0           162 960000000. 0.0       
   130 45000000.0 2.88959E-4    141 160000000. 0.0           152 560000000. 0.0           163 1.00000E+9
   131 50000000.0 1.57809E-4    142 180000000. 0.0           153 600000000. 0.0       
   132 54000000.0 1.17565E-4    143 200000000. 0.0           154 640000000. 0.0       
 
                                                     MT=  5
 MAT 1125                         0.0        Kelvin Unshielded Cross Sections                          11-Na-23 

   No.  Group-eV   Average      No.  Group-eV   Average      No.  Group-eV   Average      No.  Group-eV   Average

   113 11000000.0 3.63886E-6    126 28000000.0 4.68486E-4    139 120000000. 2.09303E-6    152 560000000. 0.0       
   114 12000000.0 2.09838E-4    127 30000000.0 1.31704E-4    140 140000000. 0.0           153 600000000. 0.0       
   115 13000000.0 9.49581E-4    128 35000000.0 2.15882E-5    141 160000000. 0.0           154 640000000. 0.0       
   116 14000000.0 .002340743    129 40000000.0 4.25772E-6    142 180000000. 0.0           155 680000000. 0.0       
   117 15000000.0 .003764102    130 45000000.0 2.99626E-6    143 200000000. 0.0           156 720000000. 0.0       
   118 16000000.0 .004891209    131 50000000.0 9.10902E-6    144 240000000. 0.0           157 760000000. 0.0       
   119 17000000.0 .005739988    132 54000000.0 1.45154E-5    145 280000000. 0.0           158 800000000. 0.0       
   120 18000000.0 .005611052    133 55000000.0 2.08731E-5    146 320000000. 0.0           159 840000000. 0.0       
   121 19000000.0 .004697396    134 60000000.0 3.03943E-5    147 360000000. 0.0           160 880000000. 0.0       
   122 20000000.0 .003364940    135 70000000.0 2.68841E-5    148 400000000. 0.0           161 920000000. 0.0       
   123 22000000.0 .002698028    136 80000000.0 1.80347E-5    149 440000000. 0.0           162 960000000. 0.0       
   124 24000000.0 .002187420    137 90000000.0 1.09291E-5    150 480000000. 0.0           163 1.00000E+9
   125 26000000.0 .001118421    138 100000000. 5.26679E-6    151 520000000. 0.0       
 
                                                     MT=  5
 MAT 1125                         0.0        Kelvin Unshielded Cross Sections                          11-Na-23 

   No.  Group-eV   Average      No.  Group-eV   Average      No.  Group-eV   Average      No.  Group-eV   Average

   127 30000000.0 2.74219E-9    137 90000000.0 5.18286E-6    147 360000000. 0.0           157 760000000. 0.0       
   128 35000000.0 2.88511E-6    138 100000000. 2.71657E-6    148 400000000. 0.0           158 800000000. 0.0       
   129 40000000.0 1.86301E-5    139 120000000. 1.28004E-6    149 440000000. 0.0           159 840000000. 0.0       
   130 45000000.0 3.34422E-5    140 140000000. 0.0           150 480000000. 0.0           160 880000000. 0.0       
   131 50000000.0 3.74252E-5    141 160000000. 0.0           151 520000000. 0.0           161 920000000. 0.0       
   132 54000000.0 3.68472E-5    142 180000000. 0.0           152 560000000. 0.0           162 960000000. 0.0       
   133 55000000.0 3.40185E-5    143 200000000. 0.0           153 600000000. 0.0           163 1.00000E+9
   134 60000000.0 2.50229E-5    144 240000000. 0.0           154 640000000. 0.0       
   135 70000000.0 1.47151E-5    145 280000000. 0.0           155 680000000. 0.0       
   136 80000000.0 8.63302E-6    146 320000000. 0.0           156 720000000. 0.0       
 
                                                     MT=  5
 MAT 1125                         0.0        Kelvin Unshielded Cross Sections                          11-Na-23 

   No.  Group-eV   Average      No.  Group-eV   Average      No.  Group-eV   Average      No.  Group-eV   Average

   124 24000000.0 8.00580E-7    134 60000000.0 1.78688E-5    144 240000000. 0.0           154 640000000. 0.0       
   125 26000000.0 2.46806E-6    135 70000000.0 1.81591E-5    145 280000000. 0.0           155 680000000. 0.0       
   126 28000000.0 1.60967E-5    136 80000000.0 2.04975E-5    146 320000000. 0.0           156 720000000. 0.0       
   127 30000000.0 5.01080E-5    137 90000000.0 2.32495E-5    147 360000000. 0.0           157 760000000. 0.0       
   128 35000000.0 6.97978E-5    138 100000000. 2.65851E-5    148 400000000. 0.0           158 800000000. 0.0       
   129 40000000.0 5.55535E-5    139 120000000. 2.92264E-5    149 440000000. 0.0           159 840000000. 0.0       
   130 45000000.0 3.69999E-5    140 140000000. 0.0           150 480000000. 0.0           160 880000000. 0.0       
   131 50000000.0 2.64668E-5    141 160000000. 0.0           151 520000000. 0.0           161 920000000. 0.0       
   132 54000000.0 2.30573E-5    142 180000000. 0.0           152 560000000. 0.0           162 960000000. 0.0       
   133 55000000.0 2.05805E-5    143 200000000. 0.0           153 600000000. 0.0           163 1.00000E+9
 
                                                     MT=  5
 MAT 1125                         0.0        Kelvin Unshielded Cross Sections                          11-Na-23 

   No.  Group-eV   Average      No.  Group-eV   Average      No.  Group-eV   Average      No.  Group-eV   Average

   134 60000000.0 6.08085E-9    142 180000000. 0.0           150 480000000. 0.0           158 800000000. 0.0       
   135 70000000.0 3.66120E-6    143 200000000. 0.0           151 520000000. 0.0           159 840000000. 0.0       
   136 80000000.0 3.45209E-5    144 240000000. 0.0           152 560000000. 0.0           160 880000000. 0.0       
   137 90000000.0 1.09362E-4    145 280000000. 0.0           153 600000000. 0.0           161 920000000. 0.0       
   138 100000000. 2.19463E-4    146 320000000. 0.0           154 640000000. 0.0           162 960000000. 0.0       
   139 120000000. 2.23719E-4    147 360000000. 0.0           155 680000000. 0.0           163 1.00000E+9
   140 140000000. 0.0           148 400000000. 0.0           156 720000000. 0.0       
   141 160000000. 0.0           149 440000000. 0.0           157 760000000. 0.0       
 
                                                     MT=  5
 MAT 1125                         0.0        Kelvin Unshielded Cross Sections                          11-Na-23 

   No.  Group-eV   Average      No.  Group-eV   Average      No.  Group-eV   Average      No.  Group-eV   Average

   130 45000000.0 4.57999E-7    139 120000000. 2.49028E-4    148 400000000. 0.0           157 760000000. 0.0       
   131 50000000.0 1.11463E-5    140 140000000. 0.0           149 440000000. 0.0           158 800000000. 0.0       
   132 54000000.0 2.89813E-5    141 160000000. 0.0           150 480000000. 0.0           159 840000000. 0.0       
   133 55000000.0 6.71756E-5    142 180000000. 0.0           151 520000000. 0.0           160 880000000. 0.0       
   134 60000000.0 2.25155E-4    143 200000000. 0.0           152 560000000. 0.0           161 920000000. 0.0       
   135 70000000.0 4.72229E-4    144 240000000. 0.0           153 600000000. 0.0           162 960000000. 0.0       
   136 80000000.0 6.15522E-4    145 280000000. 0.0           154 640000000. 0.0           163 1.00000E+9
   137 90000000.0 6.11315E-4    146 320000000. 0.0           155 680000000. 0.0       
   138 100000000. 4.53904E-4    147 360000000. 0.0           156 720000000. 0.0       
 
                                                     MT=  5
 MAT 1125                         0.0        Kelvin Unshielded Cross Sections                          11-Na-23 

   No.  Group-eV   Average      No.  Group-eV   Average      No.  Group-eV   Average      No.  Group-eV   Average

   127 30000000.0 6.6202E-14    137 90000000.0 3.33219E-4    147 360000000. 0.0           157 760000000. 0.0       
   128 35000000.0 3.71380E-5    138 100000000. 2.44962E-4    148 400000000. 0.0           158 800000000. 0.0       
   129 40000000.0 1.89732E-4    139 120000000. 1.84586E-4    149 440000000. 0.0           159 840000000. 0.0       
   130 45000000.0 4.08071E-4    140 140000000. 0.0           150 480000000. 0.0           160 880000000. 0.0       
   131 50000000.0 5.91416E-4    141 160000000. 0.0           151 520000000. 0.0           161 920000000. 0.0       
   132 54000000.0 6.73393E-4    142 180000000. 0.0           152 560000000. 0.0           162 960000000. 0.0       
   133 55000000.0 7.31366E-4    143 200000000. 0.0           153 600000000. 0.0           163 1.00000E+9
   134 60000000.0 7.46059E-4    144 240000000. 0.0           154 640000000. 0.0       
   135 70000000.0 5.97802E-4    145 280000000. 0.0           155 680000000. 0.0       
   136 80000000.0 4.40648E-4    146 320000000. 0.0           156 720000000. 0.0       
 
                                                     MT=  5
 MAT 1125                         0.0        Kelvin Unshielded Cross Sections                          11-Na-23 

   No.  Group-eV   Average      No.  Group-eV   Average      No.  Group-eV   Average      No.  Group-eV   Average

   120 18000000.0 1.21571E-5    131 50000000.0 8.74505E-4    142 180000000. 0.0           153 600000000. 0.0       
   121 19000000.0 5.49501E-5    132 54000000.0 7.75255E-4    143 200000000. 0.0           154 640000000. 0.0       
   122 20000000.0 1.12283E-4    133 55000000.0 6.78507E-4    144 240000000. 0.0           155 680000000. 0.0       
   123 22000000.0 1.31304E-4    134 60000000.0 5.03418E-4    145 280000000. 0.0           156 720000000. 0.0       
   124 24000000.0 2.24303E-4    135 70000000.0 3.67100E-4    146 320000000. 0.0           157 760000000. 0.0       
   125 26000000.0 4.32680E-4    136 80000000.0 2.91449E-4    147 360000000. 0.0           158 800000000. 0.0       
   126 28000000.0 6.29545E-4    137 90000000.0 2.44231E-4    148 400000000. 0.0           159 840000000. 0.0       
   127 30000000.0 .001039759    138 100000000. 2.01023E-4    149 440000000. 0.0           160 880000000. 0.0       
   128 35000000.0 .001377861    139 120000000. 1.62493E-4    150 480000000. 0.0           161 920000000. 0.0       
   129 40000000.0 .001336331    140 140000000. 0.0           151 520000000. 0.0           162 960000000. 0.0       
   130 45000000.0 .001101472    141 160000000. 0.0           152 560000000. 0.0           163 1.00000E+9
 
                                                     MT=  5
 MAT 1125                         0.0        Kelvin Unshielded Cross Sections                          11-Na-23 

   No.  Group-eV   Average      No.  Group-eV   Average      No.  Group-eV   Average      No.  Group-eV   Average

   119 17000000.0 2.50591E-7    131 50000000.0 3.72932E-4    143 200000000. 0.0           155 680000000. 0.0       
   120 18000000.0 1.10764E-5    132 54000000.0 3.26740E-4    144 240000000. 0.0           156 720000000. 0.0       
   121 19000000.0 8.24664E-5    133 55000000.0 2.87362E-4    145 280000000. 0.0           157 760000000. 0.0       
   122 20000000.0 .001773844    134 60000000.0 2.20117E-4    146 320000000. 0.0           158 800000000. 0.0       
   123 22000000.0 .005831716    135 70000000.0 1.65416E-4    147 360000000. 0.0           159 840000000. 0.0       
   124 24000000.0 .008984252    136 80000000.0 1.34438E-4    148 400000000. 0.0           160 880000000. 0.0       
   125 26000000.0 .007925706    137 90000000.0 1.14424E-4    149 440000000. 0.0           161 920000000. 0.0       
   126 28000000.0 .005655241    138 100000000. 9.36144E-5    150 480000000. 0.0           162 960000000. 0.0       
   127 30000000.0 .003193909    139 120000000. 7.29752E-5    151 520000000. 0.0           163 1.00000E+9
   128 35000000.0 .001503591    140 140000000. 0.0           152 560000000. 0.0       
   129 40000000.0 8.17855E-4    141 160000000. 0.0           153 600000000. 0.0       
   130 45000000.0 5.10454E-4    142 180000000. 0.0           154 640000000. 0.0       
 
                                                     MT=  5
 MAT 1125                         0.0        Kelvin Unshielded Cross Sections                          11-Na-23 

   No.  Group-eV   Average      No.  Group-eV   Average      No.  Group-eV   Average      No.  Group-eV   Average

   107 9000000.00 3.96024E-5    122 20000000.0 .006228589    137 90000000.0 1.64015E-6    152 560000000. 0.0       
   108 9200000.00 1.19101E-4    123 22000000.0 .004545562    138 100000000. 9.51489E-7    153 600000000. 0.0       
   109 9400000.00 1.98600E-4    124 24000000.0 .003220899    139 120000000. 4.47442E-7    154 640000000. 0.0       
   110 9600000.00 2.78099E-4    125 26000000.0 .001610877    140 140000000. 0.0           155 680000000. 0.0       
   111 9800000.00 3.57598E-4    126 28000000.0 7.30812E-4    141 160000000. 0.0           156 720000000. 0.0       
   112 10000000.0 7.77863E-4    127 30000000.0 2.66957E-4    142 180000000. 0.0           157 760000000. 0.0       
   113 11000000.0 .001479252    128 35000000.0 8.46324E-5    143 200000000. 0.0           158 800000000. 0.0       
   114 12000000.0 .001744341    129 40000000.0 3.85506E-5    144 240000000. 0.0           159 840000000. 0.0       
   115 13000000.0 .001512110    130 45000000.0 2.18172E-5    145 280000000. 0.0           160 880000000. 0.0       
   116 14000000.0 .001315886    131 50000000.0 1.47482E-5    146 320000000. 0.0           161 920000000. 0.0       
   117 15000000.0 .001773253    132 54000000.0 1.23114E-5    147 360000000. 0.0           162 960000000. 0.0       
   118 16000000.0 .003164527    133 55000000.0 1.02055E-5    148 400000000. 0.0           163 1.00000E+9
   119 17000000.0 .005062758    134 60000000.0 6.62029E-6    149 440000000. 0.0       
   120 18000000.0 .006661921    135 70000000.0 3.91783E-6    150 480000000. 0.0       
   121 19000000.0 .007169778    136 80000000.0 2.48766E-6    151 520000000. 0.0       
 
                                                     MT=  5
 MAT 1125                         0.0        Kelvin Unshielded Cross Sections                          11-Na-23 

   No.  Group-eV   Average      No.  Group-eV   Average      No.  Group-eV   Average      No.  Group-eV   Average

   135 70000000.0 2.98168E-9    143 200000000. 0.0           151 520000000. 0.0           159 840000000. 0.0       
   136 80000000.0 8.21835E-7    144 240000000. 0.0           152 560000000. 0.0           160 880000000. 0.0       
   137 90000000.0 6.50196E-6    145 280000000. 0.0           153 600000000. 0.0           161 920000000. 0.0       
   138 100000000. 2.07993E-5    146 320000000. 0.0           154 640000000. 0.0           162 960000000. 0.0       
   139 120000000. 2.96421E-5    147 360000000. 0.0           155 680000000. 0.0           163 1.00000E+9
   140 140000000. 0.0           148 400000000. 0.0           156 720000000. 0.0       
   141 160000000. 0.0           149 440000000. 0.0           157 760000000. 0.0       
   142 180000000. 0.0           150 480000000. 0.0           158 800000000. 0.0       
 
                                                     MT=  5
 MAT 1125                         0.0        Kelvin Unshielded Cross Sections                          11-Na-23 

   No.  Group-eV   Average      No.  Group-eV   Average      No.  Group-eV   Average      No.  Group-eV   Average

   132 54000000.0 3.8038E-10    140 140000000. 0.0           148 400000000. 0.0           156 720000000. 0.0       
   133 55000000.0 1.54620E-7    141 160000000. 0.0           149 440000000. 0.0           157 760000000. 0.0       
   134 60000000.0 6.49488E-6    142 180000000. 0.0           150 480000000. 0.0           158 800000000. 0.0       
   135 70000000.0 2.60491E-5    143 200000000. 0.0           151 520000000. 0.0           159 840000000. 0.0       
   136 80000000.0 4.16044E-5    144 240000000. 0.0           152 560000000. 0.0           160 880000000. 0.0       
   137 90000000.0 4.45953E-5    145 280000000. 0.0           153 600000000. 0.0           161 920000000. 0.0       
   138 100000000. 3.36426E-5    146 320000000. 0.0           154 640000000. 0.0           162 960000000. 0.0       
   139 120000000. 1.92253E-5    147 360000000. 0.0           155 680000000. 0.0           163 1.00000E+9
 
                                                     MT=  5
 MAT 1125                         0.0        Kelvin Unshielded Cross Sections                          11-Na-23 

   No.  Group-eV   Average      No.  Group-eV   Average      No.  Group-eV   Average      No.  Group-eV   Average

   129 40000000.0 2.35560E-6    138 100000000. 1.09102E-5    147 360000000. 0.0           156 720000000. 0.0       
   130 45000000.0 2.07641E-5    139 120000000. 6.14628E-6    148 400000000. 0.0           157 760000000. 0.0       
   131 50000000.0 4.21400E-5    140 140000000. 0.0           149 440000000. 0.0           158 800000000. 0.0       
   132 54000000.0 5.19764E-5    141 160000000. 0.0           150 480000000. 0.0           159 840000000. 0.0       
   133 55000000.0 5.98680E-5    142 180000000. 0.0           151 520000000. 0.0           160 880000000. 0.0       
   134 60000000.0 6.40079E-5    143 200000000. 0.0           152 560000000. 0.0           161 920000000. 0.0       
   135 70000000.0 4.76782E-5    144 240000000. 0.0           153 600000000. 0.0           162 960000000. 0.0       
   136 80000000.0 3.01503E-5    145 280000000. 0.0           154 640000000. 0.0           163 1.00000E+9
   137 90000000.0 1.90995E-5    146 320000000. 0.0           155 680000000. 0.0       
 
                                                     MT=  5
 MAT 1125                         0.0        Kelvin Unshielded Cross Sections                          11-Na-23 

   No.  Group-eV   Average      No.  Group-eV   Average      No.  Group-eV   Average      No.  Group-eV   Average

   123 22000000.0 3.84112E-6    134 60000000.0 2.86334E-5    145 280000000. 0.0           156 720000000. 0.0       
   124 24000000.0 1.78319E-4    135 70000000.0 1.54677E-5    146 320000000. 0.0           157 760000000. 0.0       
   125 26000000.0 4.33674E-4    136 80000000.0 9.59031E-6    147 360000000. 0.0           158 800000000. 0.0       
   126 28000000.0 4.66274E-4    137 90000000.0 6.67561E-6    148 400000000. 0.0           159 840000000. 0.0       
   127 30000000.0 3.58211E-4    138 100000000. 4.54042E-6    149 440000000. 0.0           160 880000000. 0.0       
   128 35000000.0 2.13980E-4    139 120000000. 2.89936E-6    150 480000000. 0.0           161 920000000. 0.0       
   129 40000000.0 1.56945E-4    140 140000000. 0.0           151 520000000. 0.0           162 960000000. 0.0       
   130 45000000.0 1.12640E-4    141 160000000. 0.0           152 560000000. 0.0           163 1.00000E+9
   131 50000000.0 7.65366E-5    142 180000000. 0.0           153 600000000. 0.0       
   132 54000000.0 6.18086E-5    143 200000000. 0.0           154 640000000. 0.0       
   133 55000000.0 4.89632E-5    144 240000000. 0.0           155 680000000. 0.0       
 
                                                     MT=  5
 MAT 1125                         0.0        Kelvin Unshielded Cross Sections                          11-Na-23 

   No.  Group-eV   Average      No.  Group-eV   Average      No.  Group-eV   Average      No.  Group-eV   Average

   114 12000000.0 3.39468E-4    127 30000000.0 4.04851E-4    140 140000000. 0.0           153 600000000. 0.0       
   115 13000000.0 .001140191    128 35000000.0 1.61180E-4    141 160000000. 0.0           154 640000000. 0.0       
   116 14000000.0 .002103650    129 40000000.0 8.32345E-5    142 180000000. 0.0           155 680000000. 0.0       
   117 15000000.0 .003683087    130 45000000.0 4.92256E-5    143 200000000. 0.0           156 720000000. 0.0       
   118 16000000.0 .006063149    131 50000000.0 3.36003E-5    144 240000000. 0.0           157 760000000. 0.0       
   119 17000000.0 .008584778    132 54000000.0 2.80906E-5    145 280000000. 0.0           158 800000000. 0.0       
   120 18000000.0 .009937621    133 55000000.0 2.32831E-5    146 320000000. 0.0           159 840000000. 0.0       
   121 19000000.0 .009496937    134 60000000.0 1.51551E-5    147 360000000. 0.0           160 880000000. 0.0       
   122 20000000.0 .006884793    135 70000000.0 9.92237E-6    148 400000000. 0.0           161 920000000. 0.0       
   123 22000000.0 .004463770    136 80000000.0 7.63927E-6    149 440000000. 0.0           162 960000000. 0.0       
   124 24000000.0 .003272321    137 90000000.0 5.99060E-6    150 480000000. 0.0           163 1.00000E+9
   125 26000000.0 .001784658    138 100000000. 4.30688E-6    151 520000000. 0.0       
   126 28000000.0 9.23670E-4    139 120000000. 2.84457E-6    152 560000000. 0.0       
 
                                                     MT=  5
 MAT 1125                         0.0        Kelvin Unshielded Cross Sections                          11-Na-23 

   No.  Group-eV   Average      No.  Group-eV   Average      No.  Group-eV   Average      No.  Group-eV   Average

   105 8600000.00 3.40393E-7    120 18000000.0 .043444873    135 70000000.0 .004352592    150 480000000. 0.0       
   106 8800000.00 4.17426E-4    121 19000000.0 .045270077    136 80000000.0 .004355551    151 520000000. 0.0       
   107 9000000.00 7.98273E-4    122 20000000.0 .037466200    137 90000000.0 .004217310    152 560000000. 0.0       
   108 9200000.00 7.65745E-4    123 22000000.0 .029806390    138 100000000. .003796491    153 600000000. 0.0       
   109 9400000.00 7.33217E-4    124 24000000.0 .026554830    139 120000000. .002907723    154 640000000. 0.0       
   110 9600000.00 7.00689E-4    125 26000000.0 .019378358    140 140000000. 0.0           155 680000000. 0.0       
   111 9800000.00 6.68161E-4    126 28000000.0 .014048561    141 160000000. 0.0           156 720000000. 0.0       
   112 10000000.0 6.48451E-4    127 30000000.0 .009976689    142 180000000. 0.0           157 760000000. 0.0       
   113 11000000.0 9.31799E-4    128 35000000.0 .007443729    143 200000000. 0.0           158 800000000. 0.0       
   114 12000000.0 .001385554    129 40000000.0 .006029744    144 240000000. 0.0           159 840000000. 0.0       
   115 13000000.0 .002565397    130 45000000.0 .005079395    145 280000000. 0.0           160 880000000. 0.0       
   116 14000000.0 .006267073    131 50000000.0 .004601691    146 320000000. 0.0           161 920000000. 0.0       
   117 15000000.0 .013113399    132 54000000.0 .004486928    147 360000000. 0.0           162 960000000. 0.0       
   118 16000000.0 .023060054    133 55000000.0 .004403960    148 400000000. 0.0           163 1.00000E+9
   119 17000000.0 .034624521    134 60000000.0 .004312458    149 440000000. 0.0       
 
