 Create New Section Index (DICTIN 2019-1)
 ------------------------------------------------------------
 ENDF/B Input and Output Data Filenames
 ------------------------------------------------------------
 DICTIN.IN                                                               
 DICTIN.OUT                                                              
 ------------------------------------------------------------
 First Pass. Reading ENDF/B Data
 ------------------------------------------------------------
  MAT   Messages
 ------------------------------------------------------------
 4831
 ------------------------------------------------------------
 Second Pass. Creating New Index
 ------------------------------------------------------------
 ENDF/B  MAT MF  MT  Lines  Mod
 Format
 ------------------------------------------------------------
  VI    4831  1 451     67    1
        4831  3   5     33    1
        4831 10   5  12481    1
 ------------------------------------------------------------
 Original Line Count  12589
 Final Line Count     12590
 ------------------------------------------------------------
 ===============================================================================
 DICTIN   Total Execution Time                0.04 Seconds
 ===============================================================================
