 ENDF Activation Cross Sections (ACTIVATE 2019-1)
 ------------------------------------------------------------------------------
 ENDF Input and Output Data Filenames
 ------------------------------------------------------------------------------
 ACTIVATE.IN                                                             
 ACTIVATE.OUT                                                            
 ------------------------------------------------------------------------------
 ENDF Tape Label
 ------------------------------------------------------------------------------
 Retrieved by E4-util: 2019/11/11,14:56:53                            1
 ------------------------------------------------------------------------------
   Material  MAT  MF  MT  ENDF    ZAP Final      Q-Value Points Points
                          Format      State           eV     In    Out
 ------------------------------------------------------------------------------
  12-Mg-24  1225  10   5   6        1     0   0.0            78     78
  12-Mg-24  1225  10   5   6     1001     0   0.0            78     78
  12-Mg-24  1225  10   5   6     1002     0   0.0            78     78
  12-Mg-24  1225  10   5   6     1003     0   0.0            78     78
  12-Mg-24  1225  10   5   6     2004     0   0.0            78     78
  12-Mg-24  1225  10   5   6    10017     0   0.0            78     78
  12-Mg-24  1225  10   5   6    10018     0   0.0            78     78
  12-Mg-24  1225  10   5   6    10019     0   0.0            78     78
  12-Mg-24  1225  10   5   6    10020     0   0.0            78     78
  12-Mg-24  1225  10   5   6    10021     0   0.0            78     78
  12-Mg-24  1225  10   5   6    10022     0   0.0            78     78
  12-Mg-24  1225  10   5   6    11018     0   0.0            78     78
  12-Mg-24  1225  10   5   6    11019     0   0.0            78     78
  12-Mg-24  1225  10   5   6    11020     0   0.0            78     78
  12-Mg-24  1225  10   5   6    11021     0   0.0            78     78
  12-Mg-24  1225  10   5   6    11022     0   0.0            78     78
  12-Mg-24  1225  10   5   6    11023     0   0.0            78     78
  12-Mg-24  1225  10   5   6    12018     0   0.0            78     78
  12-Mg-24  1225  10   5   6    12019     0   0.0            78     78
  12-Mg-24  1225  10   5   6    12020     0   0.0            78     78
  12-Mg-24  1225  10   5   6    12021     0   0.0            78     78
  12-Mg-24  1225  10   5   6    12022     0   0.0            78     78
  12-Mg-24  1225  10   5   6    12023     0   0.0            78     78
  12-Mg-24  1225  10   5   6        0     0   0.0            78     78
 ------------------------------------------------------------------------------
                                              MAT Totals   1872   1872
 ------------------------------------------------------------------------------
 ------------------------------------------------------------------------------
 All Cross Sections Read. Maximum Tabulated Energy =  140000000. eV
 ------------------------------------------------------------------------------
 ===============================================================================
      MAT Total Execution Time                0.18 Seconds
 ===============================================================================
 ------------------------------------------------------------------------------
                                             Tape Totals   1872   1872
 ------------------------------------------------------------------------------
 ===============================================================================
 ACTIVATE Total Execution Time                0.18 Seconds
 ===============================================================================
