                                                     MT=  5
 MAT 1225                         0.0        Kelvin Unshielded Cross Sections                          12-Mg-24 

   No.  Group-eV   Average      No.  Group-eV   Average      No.  Group-eV   Average      No.  Group-eV   Average

   108 9200000.00 4.19899E-6    122 20000000.0 .029259348    136 80000000.0 .001877976    150 480000000. 0.0       
   109 9400000.00 4.00300E-5    123 22000000.0 .021784455    137 90000000.0 .001760844    151 520000000. 0.0       
   110 9600000.00 8.23803E-5    124 24000000.0 .035569563    138 100000000. .001575587    152 560000000. 0.0       
   111 9800000.00 1.24731E-4    125 26000000.0 .025689569    139 120000000. .001341940    153 600000000. 0.0       
   112 10000000.0 2.50167E-4    126 28000000.0 .013124537    140 140000000. 0.0           154 640000000. 0.0       
   113 11000000.0 4.65725E-4    127 30000000.0 .006343312    141 160000000. 0.0           155 680000000. 0.0       
   114 12000000.0 7.21939E-4    128 35000000.0 .003495632    142 180000000. 0.0           156 720000000. 0.0       
   115 13000000.0 .001135674    129 40000000.0 .002699156    143 200000000. 0.0           157 760000000. 0.0       
   116 14000000.0 .001868616    130 45000000.0 .002383358    144 240000000. 0.0           158 800000000. 0.0       
   117 15000000.0 .003395805    131 50000000.0 .002244632    145 280000000. 0.0           159 840000000. 0.0       
   118 16000000.0 .006558988    132 54000000.0 .002194797    146 320000000. 0.0           160 880000000. 0.0       
   119 17000000.0 .014180758    133 55000000.0 .002152547    147 360000000. 0.0           161 920000000. 0.0       
   120 18000000.0 .033666081    134 60000000.0 .002074044    148 400000000. 0.0           162 960000000. 0.0       
   121 19000000.0 .050286126    135 70000000.0 .001980355    149 440000000. 0.0           163 1.00000E+9
 
                                                     MT=  5
 MAT 1225                         0.0        Kelvin Unshielded Cross Sections                          12-Mg-24 

   No.  Group-eV   Average      No.  Group-eV   Average      No.  Group-eV   Average      No.  Group-eV   Average

   117 15000000.0 7.97911E-5    129 40000000.0 .002464012    141 160000000. 0.0           153 600000000. 0.0       
   118 16000000.0 6.68441E-4    130 45000000.0 .002784605    142 180000000. 0.0           154 640000000. 0.0       
   119 17000000.0 .002231477    131 50000000.0 .003080605    143 200000000. 0.0           155 680000000. 0.0       
   120 18000000.0 .006424097    132 54000000.0 .003278359    144 240000000. 0.0           156 720000000. 0.0       
   121 19000000.0 .009956065    133 55000000.0 .003530687    145 280000000. 0.0           157 760000000. 0.0       
   122 20000000.0 .004998774    134 60000000.0 .004070445    146 320000000. 0.0           158 800000000. 0.0       
   123 22000000.0 .002638964    135 70000000.0 .004552508    147 360000000. 0.0           159 840000000. 0.0       
   124 24000000.0 .003850912    136 80000000.0 .004825294    148 400000000. 0.0           160 880000000. 0.0       
   125 26000000.0 .003835787    137 90000000.0 .004889269    149 440000000. 0.0           161 920000000. 0.0       
   126 28000000.0 .003852942    138 100000000. .004761378    150 480000000. 0.0           162 960000000. 0.0       
   127 30000000.0 .003015822    139 120000000. .004430103    151 520000000. 0.0           163 1.00000E+9
   128 35000000.0 .002264340    140 140000000. 0.0           152 560000000. 0.0       
 
                                                     MT=  5
 MAT 1225                         0.0        Kelvin Unshielded Cross Sections                          12-Mg-24 

   No.  Group-eV   Average      No.  Group-eV   Average      No.  Group-eV   Average      No.  Group-eV   Average

   114 12000000.0 2.90350E-5    127 30000000.0 .007959452    140 140000000. 0.0           153 600000000. 0.0       
   115 13000000.0 2.54803E-4    128 35000000.0 .004232027    141 160000000. 0.0           154 640000000. 0.0       
   116 14000000.0 6.34827E-4    129 40000000.0 .003159796    142 180000000. 0.0           155 680000000. 0.0       
   117 15000000.0 .001389634    130 45000000.0 .002687299    143 200000000. 0.0           156 720000000. 0.0       
   118 16000000.0 .003138264    131 50000000.0 .002465536    144 240000000. 0.0           157 760000000. 0.0       
   119 17000000.0 .007087195    132 54000000.0 .002377360    145 280000000. 0.0           158 800000000. 0.0       
   120 18000000.0 .015960485    133 55000000.0 .002296209    146 320000000. 0.0           159 840000000. 0.0       
   121 19000000.0 .023945952    134 60000000.0 .002106159    147 360000000. 0.0           160 880000000. 0.0       
   122 20000000.0 .016816538    135 70000000.0 .001936645    148 400000000. 0.0           161 920000000. 0.0       
   123 22000000.0 .017623422    136 80000000.0 .001769153    149 440000000. 0.0           162 960000000. 0.0       
   124 24000000.0 .040044430    137 90000000.0 .001623268    150 480000000. 0.0           163 1.00000E+9
   125 26000000.0 .033705415    138 100000000. .001418907    151 520000000. 0.0       
   126 28000000.0 .017261019    139 120000000. .001185531    152 560000000. 0.0       
 
                                                     MT=  5
 MAT 1225                         0.0        Kelvin Unshielded Cross Sections                          12-Mg-24 

   No.  Group-eV   Average      No.  Group-eV   Average      No.  Group-eV   Average      No.  Group-eV   Average

   123 22000000.0 1.83776E-6    134 60000000.0 1.12621E-4    145 280000000. 0.0           156 720000000. 0.0       
   124 24000000.0 6.47708E-5    135 70000000.0 1.07323E-4    146 320000000. 0.0           157 760000000. 0.0       
   125 26000000.0 1.52731E-4    136 80000000.0 1.04514E-4    147 360000000. 0.0           158 800000000. 0.0       
   126 28000000.0 1.55446E-4    137 90000000.0 9.60368E-5    148 400000000. 0.0           159 840000000. 0.0       
   127 30000000.0 1.31872E-4    138 100000000. 8.35373E-5    149 440000000. 0.0           160 880000000. 0.0       
   128 35000000.0 1.07025E-4    139 120000000. 6.67173E-5    150 480000000. 0.0           161 920000000. 0.0       
   129 40000000.0 1.03241E-4    140 140000000. 0.0           151 520000000. 0.0           162 960000000. 0.0       
   130 45000000.0 1.06904E-4    141 160000000. 0.0           152 560000000. 0.0           163 1.00000E+9
   131 50000000.0 1.08017E-4    142 180000000. 0.0           153 600000000. 0.0       
   132 54000000.0 1.08132E-4    143 200000000. 0.0           154 640000000. 0.0       
   133 55000000.0 1.07645E-4    144 240000000. 0.0           155 680000000. 0.0       
 
                                                     MT=  5
 MAT 1225                         0.0        Kelvin Unshielded Cross Sections                          12-Mg-24 

   No.  Group-eV   Average      No.  Group-eV   Average      No.  Group-eV   Average      No.  Group-eV   Average

   125 26000000.0 9.77807E-8    135 70000000.0 5.44919E-6    145 280000000. 0.0           155 680000000. 0.0       
   126 28000000.0 2.92031E-6    136 80000000.0 5.94698E-6    146 320000000. 0.0           156 720000000. 0.0       
   127 30000000.0 3.39781E-6    137 90000000.0 5.52782E-6    147 360000000. 0.0           157 760000000. 0.0       
   128 35000000.0 2.16388E-6    138 100000000. 4.98438E-6    148 400000000. 0.0           158 800000000. 0.0       
   129 40000000.0 3.15272E-6    139 120000000. 3.94023E-6    149 440000000. 0.0           159 840000000. 0.0       
   130 45000000.0 3.81391E-6    140 140000000. 0.0           150 480000000. 0.0           160 880000000. 0.0       
   131 50000000.0 4.11221E-6    141 160000000. 0.0           151 520000000. 0.0           161 920000000. 0.0       
   132 54000000.0 4.24876E-6    142 180000000. 0.0           152 560000000. 0.0           162 960000000. 0.0       
   133 55000000.0 4.35362E-6    143 200000000. 0.0           153 600000000. 0.0           163 1.00000E+9
   134 60000000.0 5.47009E-6    144 240000000. 0.0           154 640000000. 0.0       
 
                                                     MT=  5
 MAT 1225                         0.0        Kelvin Unshielded Cross Sections                          12-Mg-24 

   No.  Group-eV   Average      No.  Group-eV   Average      No.  Group-eV   Average      No.  Group-eV   Average

   108 9200000.00 4.19882E-6    122 20000000.0 .007450664    136 80000000.0 7.03367E-5    150 480000000. 0.0       
   109 9400000.00 4.00283E-5    123 22000000.0 .003075985    137 90000000.0 5.93498E-5    151 520000000. 0.0       
   110 9600000.00 8.23768E-5    124 24000000.0 .003319101    138 100000000. 4.68493E-5    152 560000000. 0.0       
   111 9800000.00 1.24725E-4    125 26000000.0 .001773883    139 120000000. 3.38038E-5    153 600000000. 0.0       
   112 10000000.0 2.50156E-4    126 28000000.0 7.50056E-4    140 140000000. 0.0           154 640000000. 0.0       
   113 11000000.0 4.65720E-4    127 30000000.0 2.78391E-4    141 160000000. 0.0           155 680000000. 0.0       
   114 12000000.0 6.92907E-4    128 35000000.0 1.37150E-4    142 180000000. 0.0           156 720000000. 0.0       
   115 13000000.0 8.80878E-4    129 40000000.0 1.12316E-4    143 200000000. 0.0           157 760000000. 0.0       
   116 14000000.0 .001233807    130 45000000.0 1.07070E-4    144 240000000. 0.0           158 800000000. 0.0       
   117 15000000.0 .001926435    131 50000000.0 9.81829E-5    145 280000000. 0.0           159 840000000. 0.0       
   118 16000000.0 .002752455    132 54000000.0 9.47117E-5    146 320000000. 0.0           160 880000000. 0.0       
   119 17000000.0 .004862691    133 55000000.0 9.13212E-5    147 360000000. 0.0           161 920000000. 0.0       
   120 18000000.0 .011284289    134 60000000.0 9.17531E-5    148 400000000. 0.0           162 960000000. 0.0       
   121 19000000.0 .016391338    135 70000000.0 7.87537E-5    149 440000000. 0.0           163 1.00000E+9
 
                                                     MT=  5
 MAT 1225                         0.0        Kelvin Unshielded Cross Sections                          12-Mg-24 

   No.  Group-eV   Average      No.  Group-eV   Average      No.  Group-eV   Average      No.  Group-eV   Average

   133 55000000.0 5.4853E-13    141 160000000. 0.0           149 440000000. 0.0           157 760000000. 0.0       
   134 60000000.0 5.01622E-7    142 180000000. 0.0           150 480000000. 0.0           158 800000000. 0.0       
   135 70000000.0 7.10526E-6    143 200000000. 0.0           151 520000000. 0.0           159 840000000. 0.0       
   136 80000000.0 2.20526E-5    144 240000000. 0.0           152 560000000. 0.0           160 880000000. 0.0       
   137 90000000.0 3.20033E-5    145 280000000. 0.0           153 600000000. 0.0           161 920000000. 0.0       
   138 100000000. 3.06487E-5    146 320000000. 0.0           154 640000000. 0.0           162 960000000. 0.0       
   139 120000000. 1.99248E-5    147 360000000. 0.0           155 680000000. 0.0           163 1.00000E+9
   140 140000000. 0.0           148 400000000. 0.0           156 720000000. 0.0       
 
                                                     MT=  5
 MAT 1225                         0.0        Kelvin Unshielded Cross Sections                          12-Mg-24 

   No.  Group-eV   Average      No.  Group-eV   Average      No.  Group-eV   Average      No.  Group-eV   Average

   128 35000000.0 7.3411E-11    137 90000000.0 9.43741E-5    146 320000000. 0.0           155 680000000. 0.0       
   129 40000000.0 1.64065E-6    138 100000000. 5.70865E-5    147 360000000. 0.0           156 720000000. 0.0       
   130 45000000.0 1.43378E-5    139 120000000. 2.89830E-5    148 400000000. 0.0           157 760000000. 0.0       
   131 50000000.0 3.11111E-5    140 140000000. 0.0           149 440000000. 0.0           158 800000000. 0.0       
   132 54000000.0 4.09739E-5    141 160000000. 0.0           150 480000000. 0.0           159 840000000. 0.0       
   133 55000000.0 5.52596E-5    142 180000000. 0.0           151 520000000. 0.0           160 880000000. 0.0       
   134 60000000.0 1.04427E-4    143 200000000. 0.0           152 560000000. 0.0           161 920000000. 0.0       
   135 70000000.0 1.34960E-4    144 240000000. 0.0           153 600000000. 0.0           162 960000000. 0.0       
   136 80000000.0 1.23266E-4    145 280000000. 0.0           154 640000000. 0.0           163 1.00000E+9
 
                                                     MT=  5
 MAT 1225                         0.0        Kelvin Unshielded Cross Sections                          12-Mg-24 

   No.  Group-eV   Average      No.  Group-eV   Average      No.  Group-eV   Average      No.  Group-eV   Average

   125 26000000.0 1.50857E-8    135 70000000.0 3.19227E-5    145 280000000. 0.0           155 680000000. 0.0       
   126 28000000.0 1.53734E-5    136 80000000.0 2.05162E-5    146 320000000. 0.0           156 720000000. 0.0       
   127 30000000.0 1.10278E-4    137 90000000.0 1.34109E-5    147 360000000. 0.0           157 760000000. 0.0       
   128 35000000.0 1.20787E-4    138 100000000. 8.35813E-6    148 400000000. 0.0           158 800000000. 0.0       
   129 40000000.0 1.08099E-4    139 120000000. 5.08322E-6    149 440000000. 0.0           159 840000000. 0.0       
   130 45000000.0 9.21056E-5    140 140000000. 0.0           150 480000000. 0.0           160 880000000. 0.0       
   131 50000000.0 6.80464E-5    141 160000000. 0.0           151 520000000. 0.0           161 920000000. 0.0       
   132 54000000.0 5.81359E-5    142 180000000. 0.0           152 560000000. 0.0           162 960000000. 0.0       
   133 55000000.0 5.13249E-5    143 200000000. 0.0           153 600000000. 0.0           163 1.00000E+9
   134 60000000.0 4.34410E-5    144 240000000. 0.0           154 640000000. 0.0       
 
                                                     MT=  5
 MAT 1225                         0.0        Kelvin Unshielded Cross Sections                          12-Mg-24 

   No.  Group-eV   Average      No.  Group-eV   Average      No.  Group-eV   Average      No.  Group-eV   Average

   108 9200000.00 4.19882E-6    122 20000000.0 .007450664    136 80000000.0 3.41160E-5    150 480000000. 0.0       
   109 9400000.00 4.00283E-5    123 22000000.0 .003075985    137 90000000.0 1.97301E-5    151 520000000. 0.0       
   110 9600000.00 8.23768E-5    124 24000000.0 .003319101    138 100000000. 9.97010E-6    152 560000000. 0.0       
   111 9800000.00 1.24725E-4    125 26000000.0 .001773868    139 120000000. 4.44131E-6    153 600000000. 0.0       
   112 10000000.0 2.50156E-4    126 28000000.0 7.34683E-4    140 140000000. 0.0           154 640000000. 0.0       
   113 11000000.0 4.65720E-4    127 30000000.0 1.68113E-4    141 160000000. 0.0           155 680000000. 0.0       
   114 12000000.0 6.92907E-4    128 35000000.0 1.63629E-5    142 180000000. 0.0           156 720000000. 0.0       
   115 13000000.0 8.80878E-4    129 40000000.0 3.54244E-6    143 200000000. 0.0           157 760000000. 0.0       
   116 14000000.0 .001233807    130 45000000.0 2.01293E-5    144 240000000. 0.0           158 800000000. 0.0       
   117 15000000.0 .001926435    131 50000000.0 6.49251E-5    145 280000000. 0.0           159 840000000. 0.0       
   118 16000000.0 .002752455    132 54000000.0 9.27683E-5    146 320000000. 0.0           160 880000000. 0.0       
   119 17000000.0 .004862691    133 55000000.0 1.13391E-4    147 360000000. 0.0           161 920000000. 0.0       
   120 18000000.0 .011284289    134 60000000.0 1.05597E-4    148 400000000. 0.0           162 960000000. 0.0       
   121 19000000.0 .016391338    135 70000000.0 6.25175E-5    149 440000000. 0.0           163 1.00000E+9
 
                                                     MT=  5
 MAT 1225                         0.0        Kelvin Unshielded Cross Sections                          12-Mg-24 

   No.  Group-eV   Average      No.  Group-eV   Average      No.  Group-eV   Average      No.  Group-eV   Average

   127 30000000.0 1.05260E-6    137 90000000.0 1.88770E-5    147 360000000. 0.0           157 760000000. 0.0       
   128 35000000.0 7.15052E-5    138 100000000. 1.02563E-5    148 400000000. 0.0           158 800000000. 0.0       
   129 40000000.0 2.27296E-4    139 120000000. 4.95582E-6    149 440000000. 0.0           159 840000000. 0.0       
   130 45000000.0 2.95373E-4    140 140000000. 0.0           150 480000000. 0.0           160 880000000. 0.0       
   131 50000000.0 2.68536E-4    141 160000000. 0.0           151 520000000. 0.0           161 920000000. 0.0       
   132 54000000.0 2.34309E-4    142 180000000. 0.0           152 560000000. 0.0           162 960000000. 0.0       
   133 55000000.0 1.91121E-4    143 200000000. 0.0           153 600000000. 0.0           163 1.00000E+9
   134 60000000.0 1.08128E-4    144 240000000. 0.0           154 640000000. 0.0       
   135 70000000.0 5.55717E-5    145 280000000. 0.0           155 680000000. 0.0       
   136 80000000.0 3.12270E-5    146 320000000. 0.0           156 720000000. 0.0       
 
                                                     MT=  5
 MAT 1225                         0.0        Kelvin Unshielded Cross Sections                          12-Mg-24 

   No.  Group-eV   Average      No.  Group-eV   Average      No.  Group-eV   Average      No.  Group-eV   Average

   123 22000000.0 .001549104    134 60000000.0 9.42471E-5    145 280000000. 0.0           156 720000000. 0.0       
   124 24000000.0 .011612138    135 70000000.0 7.28521E-5    146 320000000. 0.0           157 760000000. 0.0       
   125 26000000.0 .012310971    136 80000000.0 6.42516E-5    147 360000000. 0.0           158 800000000. 0.0       
   126 28000000.0 .006053456    137 90000000.0 6.02444E-5    148 400000000. 0.0           159 840000000. 0.0       
   127 30000000.0 .002414265    138 100000000. 5.66414E-5    149 440000000. 0.0           160 880000000. 0.0       
   128 35000000.0 .001067027    139 120000000. 5.24992E-5    150 480000000. 0.0           161 920000000. 0.0       
   129 40000000.0 5.53452E-4    140 140000000. 0.0           151 520000000. 0.0           162 960000000. 0.0       
   130 45000000.0 2.97372E-4    141 160000000. 0.0           152 560000000. 0.0           163 1.00000E+9
   131 50000000.0 1.89847E-4    142 180000000. 0.0           153 600000000. 0.0       
   132 54000000.0 1.55273E-4    143 200000000. 0.0           154 640000000. 0.0       
   133 55000000.0 1.30126E-4    144 240000000. 0.0           155 680000000. 0.0       
 
                                                     MT=  5
 MAT 1225                         0.0        Kelvin Unshielded Cross Sections                          12-Mg-24 

   No.  Group-eV   Average      No.  Group-eV   Average      No.  Group-eV   Average      No.  Group-eV   Average

   135 70000000.0 8.2531E-12    143 200000000. 0.0           151 520000000. 0.0           159 840000000. 0.0       
   136 80000000.0 5.88856E-7    144 240000000. 0.0           152 560000000. 0.0           160 880000000. 0.0       
   137 90000000.0 1.58944E-5    145 280000000. 0.0           153 600000000. 0.0           161 920000000. 0.0       
   138 100000000. 1.17260E-4    146 320000000. 0.0           154 640000000. 0.0           162 960000000. 0.0       
   139 120000000. 2.37129E-4    147 360000000. 0.0           155 680000000. 0.0           163 1.00000E+9
   140 140000000. 0.0           148 400000000. 0.0           156 720000000. 0.0       
   141 160000000. 0.0           149 440000000. 0.0           157 760000000. 0.0       
   142 180000000. 0.0           150 480000000. 0.0           158 800000000. 0.0       
 
                                                     MT=  5
 MAT 1225                         0.0        Kelvin Unshielded Cross Sections                          12-Mg-24 

   No.  Group-eV   Average      No.  Group-eV   Average      No.  Group-eV   Average      No.  Group-eV   Average

   133 55000000.0 7.0956E-10    141 160000000. 0.0           149 440000000. 0.0           157 760000000. 0.0       
   134 60000000.0 6.51071E-6    142 180000000. 0.0           150 480000000. 0.0           158 800000000. 0.0       
   135 70000000.0 1.05984E-4    143 200000000. 0.0           151 520000000. 0.0           159 840000000. 0.0       
   136 80000000.0 2.97591E-4    144 240000000. 0.0           152 560000000. 0.0           160 880000000. 0.0       
   137 90000000.0 4.29071E-4    145 280000000. 0.0           153 600000000. 0.0           161 920000000. 0.0       
   138 100000000. 4.09017E-4    146 320000000. 0.0           154 640000000. 0.0           162 960000000. 0.0       
   139 120000000. 2.66481E-4    147 360000000. 0.0           155 680000000. 0.0           163 1.00000E+9
   140 140000000. 0.0           148 400000000. 0.0           156 720000000. 0.0       
 
                                                     MT=  5
 MAT 1225                         0.0        Kelvin Unshielded Cross Sections                          12-Mg-24 

   No.  Group-eV   Average      No.  Group-eV   Average      No.  Group-eV   Average      No.  Group-eV   Average

   129 40000000.0 1.36366E-8    138 100000000. 3.37300E-4    147 360000000. 0.0           156 720000000. 0.0       
   130 45000000.0 6.94065E-6    139 120000000. 2.35296E-4    148 400000000. 0.0           157 760000000. 0.0       
   131 50000000.0 7.74873E-5    140 140000000. 0.0           149 440000000. 0.0           158 800000000. 0.0       
   132 54000000.0 1.63964E-4    141 160000000. 0.0           150 480000000. 0.0           159 840000000. 0.0       
   133 55000000.0 2.94863E-4    142 180000000. 0.0           151 520000000. 0.0           160 880000000. 0.0       
   134 60000000.0 5.80740E-4    143 200000000. 0.0           152 560000000. 0.0           161 920000000. 0.0       
   135 70000000.0 7.07727E-4    144 240000000. 0.0           153 600000000. 0.0           162 960000000. 0.0       
   136 80000000.0 6.03135E-4    145 280000000. 0.0           154 640000000. 0.0           163 1.00000E+9
   137 90000000.0 4.71413E-4    146 320000000. 0.0           155 680000000. 0.0       
 
                                                     MT=  5
 MAT 1225                         0.0        Kelvin Unshielded Cross Sections                          12-Mg-24 

   No.  Group-eV   Average      No.  Group-eV   Average      No.  Group-eV   Average      No.  Group-eV   Average

   125 26000000.0 9.77807E-8    135 70000000.0 4.05840E-4    145 280000000. 0.0           155 680000000. 0.0       
   126 28000000.0 2.92031E-6    136 80000000.0 3.19937E-4    146 320000000. 0.0           156 720000000. 0.0       
   127 30000000.0 4.08220E-6    137 90000000.0 2.66334E-4    147 360000000. 0.0           157 760000000. 0.0       
   128 35000000.0 1.21132E-4    138 100000000. 2.17902E-4    148 400000000. 0.0           158 800000000. 0.0       
   129 40000000.0 4.90684E-4    139 120000000. 1.76363E-4    149 440000000. 0.0           159 840000000. 0.0       
   130 45000000.0 7.82805E-4    140 140000000. 0.0           150 480000000. 0.0           160 880000000. 0.0       
   131 50000000.0 8.73155E-4    141 160000000. 0.0           151 520000000. 0.0           161 920000000. 0.0       
   132 54000000.0 8.48488E-4    142 180000000. 0.0           152 560000000. 0.0           162 960000000. 0.0       
   133 55000000.0 7.71344E-4    143 200000000. 0.0           153 600000000. 0.0           163 1.00000E+9
   134 60000000.0 5.68146E-4    144 240000000. 0.0           154 640000000. 0.0       
 
                                                     MT=  5
 MAT 1225                         0.0        Kelvin Unshielded Cross Sections                          12-Mg-24 

   No.  Group-eV   Average      No.  Group-eV   Average      No.  Group-eV   Average      No.  Group-eV   Average

   123 22000000.0 1.83776E-6    134 60000000.0 3.20636E-4    145 280000000. 0.0           156 720000000. 0.0       
   124 24000000.0 1.49130E-4    135 70000000.0 2.45527E-4    146 320000000. 0.0           157 760000000. 0.0       
   125 26000000.0 .001609454    136 80000000.0 1.99256E-4    147 360000000. 0.0           158 800000000. 0.0       
   126 28000000.0 .002979906    137 90000000.0 1.69712E-4    148 400000000. 0.0           159 840000000. 0.0       
   127 30000000.0 .002644344    138 100000000. 1.40521E-4    149 440000000. 0.0           160 880000000. 0.0       
   128 35000000.0 .001773703    139 120000000. 1.12973E-4    150 480000000. 0.0           161 920000000. 0.0       
   129 40000000.0 .001126615    140 140000000. 0.0           151 520000000. 0.0           162 960000000. 0.0       
   130 45000000.0 7.29429E-4    141 160000000. 0.0           152 560000000. 0.0           163 1.00000E+9
   131 50000000.0 5.39065E-4    142 180000000. 0.0           153 600000000. 0.0       
   132 54000000.0 4.70384E-4    143 200000000. 0.0           154 640000000. 0.0       
   133 55000000.0 4.14112E-4    144 240000000. 0.0           155 680000000. 0.0       
 
                                                     MT=  5
 MAT 1225                         0.0        Kelvin Unshielded Cross Sections                          12-Mg-24 

   No.  Group-eV   Average      No.  Group-eV   Average      No.  Group-eV   Average      No.  Group-eV   Average

   114 12000000.0 2.90350E-5    127 30000000.0 6.15669E-4    140 140000000. 0.0           153 600000000. 0.0       
   115 13000000.0 2.54803E-4    128 35000000.0 1.69320E-4    141 160000000. 0.0           154 640000000. 0.0       
   116 14000000.0 6.34827E-4    129 40000000.0 8.54498E-5    142 180000000. 0.0           155 680000000. 0.0       
   117 15000000.0 .001389634    130 45000000.0 5.43464E-5    143 200000000. 0.0           156 720000000. 0.0       
   118 16000000.0 .003138264    131 50000000.0 3.93911E-5    144 240000000. 0.0           157 760000000. 0.0       
   119 17000000.0 .007087195    132 54000000.0 3.34074E-5    145 280000000. 0.0           158 800000000. 0.0       
   120 18000000.0 .015960485    133 55000000.0 2.80881E-5    146 320000000. 0.0           159 840000000. 0.0       
   121 19000000.0 .023945952    134 60000000.0 1.90403E-5    147 360000000. 0.0           160 880000000. 0.0       
   122 20000000.0 .016816538    135 70000000.0 1.19917E-5    148 400000000. 0.0           161 920000000. 0.0       
   123 22000000.0 .014525191    136 80000000.0 7.93904E-6    149 440000000. 0.0           162 960000000. 0.0       
   124 24000000.0 .016735787    137 90000000.0 5.40734E-6    150 480000000. 0.0           163 1.00000E+9
   125 26000000.0 .007626763    138 100000000. 3.23538E-6    151 520000000. 0.0       
   126 28000000.0 .002329683    139 120000000. 1.67843E-6    152 560000000. 0.0       
 
                                                     MT=  5
 MAT 1225                         0.0        Kelvin Unshielded Cross Sections                          12-Mg-24 

   No.  Group-eV   Average      No.  Group-eV   Average      No.  Group-eV   Average      No.  Group-eV   Average

   138 100000000. 3.24251E-8    145 280000000. 0.0           152 560000000. 0.0           159 840000000. 0.0       
   139 120000000. 5.29616E-6    146 320000000. 0.0           153 600000000. 0.0           160 880000000. 0.0       
   140 140000000. 0.0           147 360000000. 0.0           154 640000000. 0.0           161 920000000. 0.0       
   141 160000000. 0.0           148 400000000. 0.0           155 680000000. 0.0           162 960000000. 0.0       
   142 180000000. 0.0           149 440000000. 0.0           156 720000000. 0.0           163 1.00000E+9
   143 200000000. 0.0           150 480000000. 0.0           157 760000000. 0.0       
   144 240000000. 0.0           151 520000000. 0.0           158 800000000. 0.0       
 
                                                     MT=  5
 MAT 1225                         0.0        Kelvin Unshielded Cross Sections                          12-Mg-24 

   No.  Group-eV   Average      No.  Group-eV   Average      No.  Group-eV   Average      No.  Group-eV   Average

   136 80000000.0 7.1651E-10    143 200000000. 0.0           150 480000000. 0.0           157 760000000. 0.0       
   137 90000000.0 8.75441E-7    144 240000000. 0.0           151 520000000. 0.0           158 800000000. 0.0       
   138 100000000. 2.24685E-5    145 280000000. 0.0           152 560000000. 0.0           159 840000000. 0.0       
   139 120000000. 6.57912E-5    146 320000000. 0.0           153 600000000. 0.0           160 880000000. 0.0       
   140 140000000. 0.0           147 360000000. 0.0           154 640000000. 0.0           161 920000000. 0.0       
   141 160000000. 0.0           148 400000000. 0.0           155 680000000. 0.0           162 960000000. 0.0       
   142 180000000. 0.0           149 440000000. 0.0           156 720000000. 0.0           163 1.00000E+9
 
                                                     MT=  5
 MAT 1225                         0.0        Kelvin Unshielded Cross Sections                          12-Mg-24 

   No.  Group-eV   Average      No.  Group-eV   Average      No.  Group-eV   Average      No.  Group-eV   Average

   134 60000000.0 1.97468E-7    142 180000000. 0.0           150 480000000. 0.0           158 800000000. 0.0       
   135 70000000.0 1.24500E-5    143 200000000. 0.0           151 520000000. 0.0           159 840000000. 0.0       
   136 80000000.0 5.12276E-5    144 240000000. 0.0           152 560000000. 0.0           160 880000000. 0.0       
   137 90000000.0 8.75040E-5    145 280000000. 0.0           153 600000000. 0.0           161 920000000. 0.0       
   138 100000000. 9.76102E-5    146 320000000. 0.0           154 640000000. 0.0           162 960000000. 0.0       
   139 120000000. 6.21820E-5    147 360000000. 0.0           155 680000000. 0.0           163 1.00000E+9
   140 140000000. 0.0           148 400000000. 0.0           156 720000000. 0.0       
   141 160000000. 0.0           149 440000000. 0.0           157 760000000. 0.0       
 
                                                     MT=  5
 MAT 1225                         0.0        Kelvin Unshielded Cross Sections                          12-Mg-24 

   No.  Group-eV   Average      No.  Group-eV   Average      No.  Group-eV   Average      No.  Group-eV   Average

   130 45000000.0 2.58806E-9    139 120000000. 1.43975E-5    148 400000000. 0.0           157 760000000. 0.0       
   131 50000000.0 1.95161E-6    140 140000000. 0.0           149 440000000. 0.0           158 800000000. 0.0       
   132 54000000.0 7.15590E-6    141 160000000. 0.0           150 480000000. 0.0           159 840000000. 0.0       
   133 55000000.0 1.89842E-5    142 180000000. 0.0           151 520000000. 0.0           160 880000000. 0.0       
   134 60000000.0 5.76444E-5    143 200000000. 0.0           152 560000000. 0.0           161 920000000. 0.0       
   135 70000000.0 8.40568E-5    144 240000000. 0.0           153 600000000. 0.0           162 960000000. 0.0       
   136 80000000.0 7.38434E-5    145 280000000. 0.0           154 640000000. 0.0           163 1.00000E+9
   137 90000000.0 5.16111E-5    146 320000000. 0.0           155 680000000. 0.0       
   138 100000000. 2.87159E-5    147 360000000. 0.0           156 720000000. 0.0       
 
                                                     MT=  5
 MAT 1225                         0.0        Kelvin Unshielded Cross Sections                          12-Mg-24 

   No.  Group-eV   Average      No.  Group-eV   Average      No.  Group-eV   Average      No.  Group-eV   Average

   126 28000000.0 2.6946E-10    136 80000000.0 1.84489E-5    146 320000000. 0.0           156 720000000. 0.0       
   127 30000000.0 3.81368E-6    137 90000000.0 1.21143E-5    147 360000000. 0.0           157 760000000. 0.0       
   128 35000000.0 1.15680E-5    138 100000000. 7.44222E-6    148 400000000. 0.0           158 800000000. 0.0       
   129 40000000.0 2.27008E-5    139 120000000. 4.68792E-6    149 440000000. 0.0           159 840000000. 0.0       
   130 45000000.0 3.77542E-5    140 140000000. 0.0           150 480000000. 0.0           160 880000000. 0.0       
   131 50000000.0 5.16081E-5    141 160000000. 0.0           151 520000000. 0.0           161 920000000. 0.0       
   132 54000000.0 5.57863E-5    142 180000000. 0.0           152 560000000. 0.0           162 960000000. 0.0       
   133 55000000.0 5.46671E-5    143 200000000. 0.0           153 600000000. 0.0           163 1.00000E+9
   134 60000000.0 4.41288E-5    144 240000000. 0.0           154 640000000. 0.0       
   135 70000000.0 2.85292E-5    145 280000000. 0.0           155 680000000. 0.0       
 
                                                     MT=  5
 MAT 1225                         0.0        Kelvin Unshielded Cross Sections                          12-Mg-24 

   No.  Group-eV   Average      No.  Group-eV   Average      No.  Group-eV   Average      No.  Group-eV   Average

   117 15000000.0 7.97911E-5    129 40000000.0 7.95276E-5    141 160000000. 0.0           153 600000000. 0.0       
   118 16000000.0 6.68441E-4    130 45000000.0 5.26005E-5    142 180000000. 0.0           154 640000000. 0.0       
   119 17000000.0 .002231477    131 50000000.0 3.93399E-5    143 200000000. 0.0           155 680000000. 0.0       
   120 18000000.0 .006424097    132 54000000.0 3.39816E-5    144 240000000. 0.0           156 720000000. 0.0       
   121 19000000.0 .009956065    133 55000000.0 2.90992E-5    145 280000000. 0.0           157 760000000. 0.0       
   122 20000000.0 .004998774    134 60000000.0 2.04987E-5    146 320000000. 0.0           158 800000000. 0.0       
   123 22000000.0 .002638964    135 70000000.0 1.31746E-5    147 360000000. 0.0           159 840000000. 0.0       
   124 24000000.0 .003766549    136 80000000.0 9.95981E-6    148 400000000. 0.0           160 880000000. 0.0       
   125 26000000.0 .002379047    137 90000000.0 7.94554E-6    149 440000000. 0.0           161 920000000. 0.0       
   126 28000000.0 .001013103    138 100000000. 5.79926E-6    150 480000000. 0.0           162 960000000. 0.0       
   127 30000000.0 3.83020E-4    139 120000000. 3.93646E-6    151 520000000. 0.0           163 1.00000E+9
   128 35000000.0 1.44297E-4    140 140000000. 0.0           152 560000000. 0.0       
 
                                                     MT=  5
 MAT 1225                         0.0        Kelvin Unshielded Cross Sections                          12-Mg-24 

   No.  Group-eV   Average      No.  Group-eV   Average      No.  Group-eV   Average      No.  Group-eV   Average

   108 9200000.00 2.93214E-7    122 20000000.0 .043567108    136 80000000.0 .003184416    150 480000000. 0.0       
   109 9400000.00 2.79528E-6    123 22000000.0 .035778852    137 90000000.0 .003217503    151 520000000. 0.0       
   110 9600000.00 5.75258E-6    124 24000000.0 .046297422    138 100000000. .003171676    152 560000000. 0.0       
   111 9800000.00 8.70988E-6    125 26000000.0 .027963929    139 120000000. .002975799    153 600000000. 0.0       
   112 10000000.0 1.74690E-5    126 28000000.0 .014248719    140 140000000. 0.0           154 640000000. 0.0       
   113 11000000.0 7.98354E-6    127 30000000.0 .008812794    141 160000000. 0.0           155 680000000. 0.0       
   114 12000000.0 5.29526E-6    128 35000000.0 .006192550    142 180000000. 0.0           156 720000000. 0.0       
   115 13000000.0 1.20178E-4    129 40000000.0 .004481490    143 200000000. 0.0           157 760000000. 0.0       
   116 14000000.0 5.44337E-4    130 45000000.0 .003689177    144 240000000. 0.0           158 800000000. 0.0       
   117 15000000.0 .001604069    131 50000000.0 .003360588    145 280000000. 0.0           159 840000000. 0.0       
   118 16000000.0 .004200885    132 54000000.0 .003218298    146 320000000. 0.0           160 880000000. 0.0       
   119 17000000.0 .011795928    133 55000000.0 .003103140    147 360000000. 0.0           161 920000000. 0.0       
   120 18000000.0 .034764625    134 60000000.0 .003094312    148 400000000. 0.0           162 960000000. 0.0       
   121 19000000.0 .061465615    135 70000000.0 .003193944    149 440000000. 0.0           163 1.00000E+9
 
