                                                     MT=  5
 MAT  628                         0.0        Kelvin Unshielded Cross Sections                           6-C -13 

   No.  Group-eV   Average      No.  Group-eV   Average      No.  Group-eV   Average      No.  Group-eV   Average

    86 4800000.00 2.49055E-5    106 8800000.00 6.79912E-4    126 28000000.0 .005812189    146 320000000. 0.0       
    87 5000000.00 1.97053E-4    107 9000000.00 7.41338E-4    127 30000000.0 .003665643    147 360000000. 0.0       
    88 5200000.00 2.13974E-4    108 9200000.00 8.20988E-4    128 35000000.0 .002311758    148 400000000. 0.0       
    89 5400000.00 2.30501E-4    109 9400000.00 9.00637E-4    129 40000000.0 .001697734    149 440000000. 0.0       
    90 5600000.00 2.46629E-4    110 9600000.00 9.80287E-4    130 45000000.0 .001428230    150 480000000. 0.0       
    91 5800000.00 2.62756E-4    111 9800000.00 .001059936    131 50000000.0 .001347890    151 520000000. 0.0       
    92 6000000.00 2.80076E-4    112 10000000.0 .001592192    132 54000000.0 .001317556    152 560000000. 0.0       
    93 6200000.00 2.98602E-4    113 11000000.0 .002332220    133 55000000.0 .001288461    153 600000000. 0.0       
    94 6400000.00 3.17459E-4    114 12000000.0 .003050891    134 60000000.0 .001227209    154 640000000. 0.0       
    95 6600000.00 3.38322E-4    115 13000000.0 .003734145    135 70000000.0 .001153817    155 680000000. 0.0       
    96 6800000.00 3.59523E-4    116 14000000.0 .003150855    136 80000000.0 .001080783    156 720000000. 0.0       
    97 7000000.00 3.82455E-4    117 15000000.0 .002918588    137 90000000.0 .001004761    157 760000000. 0.0       
    98 7200000.00 4.07134E-4    118 16000000.0 .002700564    138 100000000. 8.91545E-4    158 800000000. 0.0       
    99 7400000.00 4.32383E-4    119 17000000.0 .002283259    139 120000000. 7.54237E-4    159 840000000. 0.0       
   100 7600000.00 4.61078E-4    120 18000000.0 .002398664    140 140000000. 0.0           160 880000000. 0.0       
   101 7800000.00 4.90353E-4    121 19000000.0 .003943816    141 160000000. 0.0           161 920000000. 0.0       
   102 8000000.00 5.22633E-4    122 20000000.0 .005792402    142 180000000. 0.0           162 960000000. 0.0       
   103 8200000.00 5.57942E-4    123 22000000.0 .008301139    143 200000000. 0.0           163 1.00000E+9
   104 8400000.00 5.94247E-4    124 24000000.0 .010681461    144 240000000. 0.0       
   105 8600000.00 6.36573E-4    125 26000000.0 .008330832    145 280000000. 0.0       
 
                                                     MT=  5
 MAT  628                         0.0        Kelvin Unshielded Cross Sections                           6-C -13 

   No.  Group-eV   Average      No.  Group-eV   Average      No.  Group-eV   Average      No.  Group-eV   Average

    86 4800000.00 2.49045E-5    106 8800000.00 6.79925E-4    126 28000000.0 .004947731    146 320000000. 0.0       
    87 5000000.00 1.97048E-4    107 9000000.00 7.41354E-4    127 30000000.0 .003126730    147 360000000. 0.0       
    88 5200000.00 2.13973E-4    108 9200000.00 8.21005E-4    128 35000000.0 .002036093    148 400000000. 0.0       
    89 5400000.00 2.30502E-4    109 9400000.00 9.00657E-4    129 40000000.0 .001655396    149 440000000. 0.0       
    90 5600000.00 2.46630E-4    110 9600000.00 9.80308E-4    130 45000000.0 .001555364    150 480000000. 0.0       
    91 5800000.00 2.62758E-4    111 9800000.00 .001059959    131 50000000.0 .001602900    151 520000000. 0.0       
    92 6000000.00 2.80078E-4    112 10000000.0 .001592232    132 54000000.0 .001641810    152 560000000. 0.0       
    93 6200000.00 2.98604E-4    113 11000000.0 .002331936    133 55000000.0 .001692434    153 600000000. 0.0       
    94 6400000.00 3.17461E-4    114 12000000.0 .003044701    134 60000000.0 .001828632    154 640000000. 0.0       
    95 6600000.00 3.38324E-4    115 13000000.0 .003734301    135 70000000.0 .001990488    155 680000000. 0.0       
    96 6800000.00 3.59526E-4    116 14000000.0 .003150988    136 80000000.0 .002083545    156 720000000. 0.0       
    97 7000000.00 3.82458E-4    117 15000000.0 .002918715    137 90000000.0 .002104367    157 760000000. 0.0       
    98 7200000.00 4.07138E-4    118 16000000.0 .002700682    138 100000000. .002038603    158 800000000. 0.0       
    99 7400000.00 4.32387E-4    119 17000000.0 .002283363    139 120000000. .001872640    159 840000000. 0.0       
   100 7600000.00 4.61083E-4    120 18000000.0 .002393916    140 140000000. 0.0           160 880000000. 0.0       
   101 7800000.00 4.90359E-4    121 19000000.0 .003883247    141 160000000. 0.0           161 920000000. 0.0       
   102 8000000.00 5.22640E-4    122 20000000.0 .005493129    142 180000000. 0.0           162 960000000. 0.0       
   103 8200000.00 5.57950E-4    123 22000000.0 .007337025    143 200000000. 0.0           163 1.00000E+9
   104 8400000.00 5.94256E-4    124 24000000.0 .009138959    144 240000000. 0.0       
   105 8600000.00 6.36585E-4    125 26000000.0 .007104235    145 280000000. 0.0       
 
                                                     MT=  5
 MAT  628                         0.0        Kelvin Unshielded Cross Sections                           6-C -13 

   No.  Group-eV   Average      No.  Group-eV   Average      No.  Group-eV   Average      No.  Group-eV   Average

   119 17000000.0 8.5439E-11    131 50000000.0 7.89999E-4    143 200000000. 0.0           155 680000000. 0.0       
   120 18000000.0 4.85073E-6    132 54000000.0 7.98644E-4    144 240000000. 0.0           156 720000000. 0.0       
   121 19000000.0 5.61599E-5    133 55000000.0 8.07269E-4    145 280000000. 0.0           157 760000000. 0.0       
   122 20000000.0 2.55852E-4    134 60000000.0 8.28100E-4    146 320000000. 0.0           158 800000000. 0.0       
   123 22000000.0 9.68724E-4    135 70000000.0 8.39945E-4    147 360000000. 0.0           159 840000000. 0.0       
   124 24000000.0 .001934084    136 80000000.0 8.28060E-4    148 400000000. 0.0           160 880000000. 0.0       
   125 26000000.0 .002004604    137 90000000.0 7.94430E-4    149 440000000. 0.0           161 920000000. 0.0       
   126 28000000.0 .001664709    138 100000000. 7.27361E-4    150 480000000. 0.0           162 960000000. 0.0       
   127 30000000.0 .001244987    139 120000000. 6.35467E-4    151 520000000. 0.0           163 1.00000E+9
   128 35000000.0 9.80728E-4    140 140000000. 0.0           152 560000000. 0.0       
   129 40000000.0 8.34398E-4    141 160000000. 0.0           153 600000000. 0.0       
   130 45000000.0 7.80432E-4    142 180000000. 0.0           154 640000000. 0.0       
 
                                                     MT=  5
 MAT  628                         0.0        Kelvin Unshielded Cross Sections                           6-C -13 

   No.  Group-eV   Average      No.  Group-eV   Average      No.  Group-eV   Average      No.  Group-eV   Average

   121 19000000.0 4.33512E-6    132 54000000.0 1.32269E-4    143 200000000. 0.0           154 640000000. 0.0       
   122 20000000.0 4.49167E-5    133 55000000.0 1.28926E-4    144 240000000. 0.0           155 680000000. 0.0       
   123 22000000.0 1.80245E-4    134 60000000.0 1.17950E-4    145 280000000. 0.0           156 720000000. 0.0       
   124 24000000.0 3.57758E-4    135 70000000.0 1.01990E-4    146 320000000. 0.0           157 760000000. 0.0       
   125 26000000.0 3.39043E-4    136 80000000.0 8.68376E-5    147 360000000. 0.0           158 800000000. 0.0       
   126 28000000.0 3.11495E-4    137 90000000.0 7.31632E-5    148 400000000. 0.0           159 840000000. 0.0       
   127 30000000.0 2.48008E-4    138 100000000. 5.64041E-5    149 440000000. 0.0           160 880000000. 0.0       
   128 35000000.0 2.02016E-4    139 120000000. 3.94640E-5    150 480000000. 0.0           161 920000000. 0.0       
   129 40000000.0 1.61242E-4    140 140000000. 0.0           151 520000000. 0.0           162 960000000. 0.0       
   130 45000000.0 1.39472E-4    141 160000000. 0.0           152 560000000. 0.0           163 1.00000E+9
   131 50000000.0 1.34425E-4    142 180000000. 0.0           153 600000000. 0.0       
 
                                                     MT=  5
 MAT  628                         0.0        Kelvin Unshielded Cross Sections                           6-C -13 

   No.  Group-eV   Average      No.  Group-eV   Average      No.  Group-eV   Average      No.  Group-eV   Average

   124 24000000.0 6.05333E-6    134 60000000.0 4.12568E-6    144 240000000. 0.0           154 640000000. 0.0       
   125 26000000.0 2.20525E-5    135 70000000.0 3.90550E-6    145 280000000. 0.0           155 680000000. 0.0       
   126 28000000.0 1.97229E-5    136 80000000.0 2.22965E-6    146 320000000. 0.0           156 720000000. 0.0       
   127 30000000.0 1.11254E-5    137 90000000.0 1.62256E-6    147 360000000. 0.0           157 760000000. 0.0       
   128 35000000.0 7.35078E-6    138 100000000. 1.26252E-6    148 400000000. 0.0           158 800000000. 0.0       
   129 40000000.0 5.53545E-6    139 120000000. 8.94971E-7    149 440000000. 0.0           159 840000000. 0.0       
   130 45000000.0 4.45744E-6    140 140000000. 0.0           150 480000000. 0.0           160 880000000. 0.0       
   131 50000000.0 3.88774E-6    141 160000000. 0.0           151 520000000. 0.0           161 920000000. 0.0       
   132 54000000.0 3.75292E-6    142 180000000. 0.0           152 560000000. 0.0           162 960000000. 0.0       
   133 55000000.0 4.15780E-6    143 200000000. 0.0           153 600000000. 0.0           163 1.00000E+9
 
                                                     MT=  5
 MAT  628                         0.0        Kelvin Unshielded Cross Sections                           6-C -13 

   No.  Group-eV   Average      No.  Group-eV   Average      No.  Group-eV   Average      No.  Group-eV   Average

   113 11000000.0 3.57794E-7    126 28000000.0 5.15692E-4    139 120000000. 4.30437E-5    152 560000000. 0.0       
   114 12000000.0 6.31351E-6    127 30000000.0 3.11403E-4    140 140000000. 0.0           153 600000000. 0.0       
   115 13000000.0 1.03413E-8    128 35000000.0 2.00991E-4    141 160000000. 0.0           154 640000000. 0.0       
   116 14000000.0 1.23743E-8    129 40000000.0 1.73450E-4    142 180000000. 0.0           155 680000000. 0.0       
   117 15000000.0 1.39725E-8    130 45000000.0 1.64424E-4    143 200000000. 0.0           156 720000000. 0.0       
   118 16000000.0 1.53531E-8    131 50000000.0 1.62144E-4    144 240000000. 0.0           157 760000000. 0.0       
   119 17000000.0 1.44777E-8    132 54000000.0 1.60316E-4    145 280000000. 0.0           158 800000000. 0.0       
   120 18000000.0 1.30239E-8    133 55000000.0 1.57975E-4    146 320000000. 0.0           159 840000000. 0.0       
   121 19000000.0 8.29093E-7    134 60000000.0 1.42994E-4    147 360000000. 0.0           160 880000000. 0.0       
   122 20000000.0 1.75586E-5    135 70000000.0 1.18528E-4    148 400000000. 0.0           161 920000000. 0.0       
   123 22000000.0 5.06711E-5    136 80000000.0 9.36592E-5    149 440000000. 0.0           162 960000000. 0.0       
   124 24000000.0 3.53875E-4    137 90000000.0 7.57964E-5    150 480000000. 0.0           163 1.00000E+9
   125 26000000.0 6.14253E-4    138 100000000. 5.85642E-5    151 520000000. 0.0       
 
                                                     MT=  5
 MAT  628                         0.0        Kelvin Unshielded Cross Sections                           6-C -13 

   No.  Group-eV   Average      No.  Group-eV   Average      No.  Group-eV   Average      No.  Group-eV   Average

   128 35000000.0 2.4639E-10    137 90000000.0 1.30905E-5    146 320000000. 0.0           155 680000000. 0.0       
   129 40000000.0 1.91543E-7    138 100000000. 9.16493E-6    147 360000000. 0.0           156 720000000. 0.0       
   130 45000000.0 1.91615E-6    139 120000000. 5.77280E-6    148 400000000. 0.0           157 760000000. 0.0       
   131 50000000.0 5.50027E-6    140 140000000. 0.0           149 440000000. 0.0           158 800000000. 0.0       
   132 54000000.0 7.97286E-6    141 160000000. 0.0           150 480000000. 0.0           159 840000000. 0.0       
   133 55000000.0 1.11868E-5    142 180000000. 0.0           151 520000000. 0.0           160 880000000. 0.0       
   134 60000000.0 1.65457E-5    143 200000000. 0.0           152 560000000. 0.0           161 920000000. 0.0       
   135 70000000.0 1.86297E-5    144 240000000. 0.0           153 600000000. 0.0           162 960000000. 0.0       
   136 80000000.0 1.62017E-5    145 280000000. 0.0           154 640000000. 0.0           163 1.00000E+9
 
                                                     MT=  5
 MAT  628                         0.0        Kelvin Unshielded Cross Sections                           6-C -13 

   No.  Group-eV   Average      No.  Group-eV   Average      No.  Group-eV   Average      No.  Group-eV   Average

   127 30000000.0 2.56672E-7    137 90000000.0 1.63236E-5    147 360000000. 0.0           157 760000000. 0.0       
   128 35000000.0 1.09219E-5    138 100000000. 1.08911E-5    148 400000000. 0.0           158 800000000. 0.0       
   129 40000000.0 3.18519E-5    139 120000000. 7.16587E-6    149 440000000. 0.0           159 840000000. 0.0       
   130 45000000.0 4.55800E-5    140 140000000. 0.0           150 480000000. 0.0           160 880000000. 0.0       
   131 50000000.0 5.11877E-5    141 160000000. 0.0           151 520000000. 0.0           161 920000000. 0.0       
   132 54000000.0 5.23262E-5    142 180000000. 0.0           152 560000000. 0.0           162 960000000. 0.0       
   133 55000000.0 5.18444E-5    143 200000000. 0.0           153 600000000. 0.0           163 1.00000E+9
   134 60000000.0 4.50369E-5    144 240000000. 0.0           154 640000000. 0.0       
   135 70000000.0 3.33012E-5    145 280000000. 0.0           155 680000000. 0.0       
   136 80000000.0 2.32753E-5    146 320000000. 0.0           156 720000000. 0.0       
 
                                                     MT=  5
 MAT  628                         0.0        Kelvin Unshielded Cross Sections                           6-C -13 

   No.  Group-eV   Average      No.  Group-eV   Average      No.  Group-eV   Average      No.  Group-eV   Average

   126 28000000.0 1.51559E-7    136 80000000.0 2.67353E-6    146 320000000. 0.0           156 720000000. 0.0       
   127 30000000.0 4.67492E-6    137 90000000.0 1.90503E-6    147 360000000. 0.0           157 760000000. 0.0       
   128 35000000.0 1.07792E-5    138 100000000. 1.18048E-6    148 400000000. 0.0           158 800000000. 0.0       
   129 40000000.0 1.05673E-5    139 120000000. 6.31035E-7    149 440000000. 0.0           159 840000000. 0.0       
   130 45000000.0 9.04250E-6    140 140000000. 0.0           150 480000000. 0.0           160 880000000. 0.0       
   131 50000000.0 7.93626E-6    141 160000000. 0.0           151 520000000. 0.0           161 920000000. 0.0       
   132 54000000.0 7.33163E-6    142 180000000. 0.0           152 560000000. 0.0           162 960000000. 0.0       
   133 55000000.0 6.64118E-6    143 200000000. 0.0           153 600000000. 0.0           163 1.00000E+9
   134 60000000.0 5.18425E-6    144 240000000. 0.0           154 640000000. 0.0       
   135 70000000.0 3.71231E-6    145 280000000. 0.0           155 680000000. 0.0       
 
                                                     MT=  5
 MAT  628                         0.0        Kelvin Unshielded Cross Sections                           6-C -13 

   No.  Group-eV   Average      No.  Group-eV   Average      No.  Group-eV   Average      No.  Group-eV   Average

   127 30000000.0 6.51960E-8    137 90000000.0 1.14902E-5    147 360000000. 0.0           157 760000000. 0.0       
   128 35000000.0 4.91366E-6    138 100000000. 7.69073E-6    148 400000000. 0.0           158 800000000. 0.0       
   129 40000000.0 1.72054E-5    139 120000000. 5.08499E-6    149 440000000. 0.0           159 840000000. 0.0       
   130 45000000.0 2.74740E-5    140 140000000. 0.0           150 480000000. 0.0           160 880000000. 0.0       
   131 50000000.0 3.31956E-5    141 160000000. 0.0           151 520000000. 0.0           161 920000000. 0.0       
   132 54000000.0 3.51034E-5    142 180000000. 0.0           152 560000000. 0.0           162 960000000. 0.0       
   133 55000000.0 3.60801E-5    143 200000000. 0.0           153 600000000. 0.0           163 1.00000E+9
   134 60000000.0 3.26295E-5    144 240000000. 0.0           154 640000000. 0.0       
   135 70000000.0 2.44242E-5    145 280000000. 0.0           155 680000000. 0.0       
   136 80000000.0 1.67307E-5    146 320000000. 0.0           156 720000000. 0.0       
 
                                                     MT=  5
 MAT  628                         0.0        Kelvin Unshielded Cross Sections                           6-C -13 

   No.  Group-eV   Average      No.  Group-eV   Average      No.  Group-eV   Average      No.  Group-eV   Average

   114 12000000.0 1.3621E-12    127 30000000.0 3.05429E-4    140 140000000. 0.0           153 600000000. 0.0       
   115 13000000.0 5.5715E-10    128 35000000.0 1.73828E-4    141 160000000. 0.0           154 640000000. 0.0       
   116 14000000.0 3.75492E-9    129 40000000.0 1.13130E-4    142 180000000. 0.0           155 680000000. 0.0       
   117 15000000.0 7.70867E-9    130 45000000.0 8.00265E-5    143 200000000. 0.0           156 720000000. 0.0       
   118 16000000.0 1.03637E-8    131 50000000.0 6.34422E-5    144 240000000. 0.0           157 760000000. 0.0       
   119 17000000.0 1.03205E-8    132 54000000.0 5.60683E-5    145 280000000. 0.0           158 800000000. 0.0       
   120 18000000.0 9.54477E-9    133 55000000.0 4.93387E-5    146 320000000. 0.0           159 840000000. 0.0       
   121 19000000.0 6.09139E-7    134 60000000.0 3.58895E-5    147 360000000. 0.0           160 880000000. 0.0       
   122 20000000.0 1.28033E-5    135 70000000.0 2.36917E-5    148 400000000. 0.0           161 920000000. 0.0       
   123 22000000.0 3.68015E-5    136 80000000.0 1.69922E-5    149 440000000. 0.0           162 960000000. 0.0       
   124 24000000.0 3.40317E-4    137 90000000.0 1.35569E-5    150 480000000. 0.0           163 1.00000E+9
   125 26000000.0 6.08861E-4    138 100000000. 1.02104E-5    151 520000000. 0.0       
   126 28000000.0 5.13395E-4    139 120000000. 6.88596E-6    152 560000000. 0.0       
 
                                                     MT=  5
 MAT  628                         0.0        Kelvin Unshielded Cross Sections                           6-C -13 

   No.  Group-eV   Average      No.  Group-eV   Average      No.  Group-eV   Average      No.  Group-eV   Average

   113 11000000.0 3.57794E-7    126 28000000.0 2.14518E-6    139 120000000. 7.71825E-7    152 560000000. 0.0       
   114 12000000.0 6.31351E-6    127 30000000.0 9.77043E-7    140 140000000. 0.0           153 600000000. 0.0       
   115 13000000.0 9.78413E-9    128 35000000.0 5.48627E-7    141 160000000. 0.0           154 640000000. 0.0       
   116 14000000.0 8.61938E-9    129 40000000.0 5.12415E-7    142 180000000. 0.0           155 680000000. 0.0       
   117 15000000.0 6.26385E-9    130 45000000.0 4.51131E-7    143 200000000. 0.0           156 720000000. 0.0       
   118 16000000.0 4.98940E-9    131 50000000.0 6.66438E-7    144 240000000. 0.0           157 760000000. 0.0       
   119 17000000.0 4.15714E-9    132 54000000.0 8.26629E-7    145 280000000. 0.0           158 800000000. 0.0       
   120 18000000.0 3.47907E-9    133 55000000.0 9.74672E-7    146 320000000. 0.0           159 840000000. 0.0       
   121 19000000.0 2.19954E-7    134 60000000.0 1.56952E-6    147 360000000. 0.0           160 880000000. 0.0       
   122 20000000.0 4.75534E-6    135 70000000.0 2.08407E-6    148 400000000. 0.0           161 920000000. 0.0       
   123 22000000.0 1.38696E-5    136 80000000.0 2.15574E-6    149 440000000. 0.0           162 960000000. 0.0       
   124 24000000.0 1.35572E-5    137 90000000.0 1.85979E-6    150 480000000. 0.0           163 1.00000E+9
   125 26000000.0 5.39204E-6    138 100000000. 1.32503E-6    151 520000000. 0.0       
 
                                                     MT=  5
 MAT  628                         0.0        Kelvin Unshielded Cross Sections                           6-C -13 

   No.  Group-eV   Average      No.  Group-eV   Average      No.  Group-eV   Average      No.  Group-eV   Average

   131 50000000.0 1.12596E-8    140 140000000. 0.0           149 440000000. 0.0           158 800000000. 0.0       
   132 54000000.0 1.12592E-7    141 160000000. 0.0           150 480000000. 0.0           159 840000000. 0.0       
   133 55000000.0 7.80262E-7    142 180000000. 0.0           151 520000000. 0.0           160 880000000. 0.0       
   134 60000000.0 9.45209E-6    143 200000000. 0.0           152 560000000. 0.0           161 920000000. 0.0       
   135 70000000.0 3.70402E-5    144 240000000. 0.0           153 600000000. 0.0           162 960000000. 0.0       
   136 80000000.0 7.12890E-5    145 280000000. 0.0           154 640000000. 0.0           163 1.00000E+9
   137 90000000.0 9.66124E-5    146 320000000. 0.0           155 680000000. 0.0       
   138 100000000. 1.03591E-4    147 360000000. 0.0           156 720000000. 0.0       
   139 120000000. 8.38139E-5    148 400000000. 0.0           157 760000000. 0.0       
 
                                                     MT=  5
 MAT  628                         0.0        Kelvin Unshielded Cross Sections                           6-C -13 

   No.  Group-eV   Average      No.  Group-eV   Average      No.  Group-eV   Average      No.  Group-eV   Average

   128 35000000.0 2.6924E-10    137 90000000.0 1.41835E-4    146 320000000. 0.0           155 680000000. 0.0       
   129 40000000.0 3.81137E-7    138 100000000. 1.23648E-4    147 360000000. 0.0           156 720000000. 0.0       
   130 45000000.0 1.79794E-6    139 120000000. 9.97970E-5    148 400000000. 0.0           157 760000000. 0.0       
   131 50000000.0 7.06778E-6    140 140000000. 0.0           149 440000000. 0.0           158 800000000. 0.0       
   132 54000000.0 1.35566E-5    141 160000000. 0.0           150 480000000. 0.0           159 840000000. 0.0       
   133 55000000.0 2.77110E-5    142 180000000. 0.0           151 520000000. 0.0           160 880000000. 0.0       
   134 60000000.0 7.17243E-5    143 200000000. 0.0           152 560000000. 0.0           161 920000000. 0.0       
   135 70000000.0 1.20932E-4    144 240000000. 0.0           153 600000000. 0.0           162 960000000. 0.0       
   136 80000000.0 1.43005E-4    145 280000000. 0.0           154 640000000. 0.0           163 1.00000E+9
 
                                                     MT=  5
 MAT  628                         0.0        Kelvin Unshielded Cross Sections                           6-C -13 

   No.  Group-eV   Average      No.  Group-eV   Average      No.  Group-eV   Average      No.  Group-eV   Average

   124 24000000.0 6.05333E-6    134 60000000.0 4.04708E-4    144 240000000. 0.0           154 640000000. 0.0       
   125 26000000.0 2.20525E-5    135 70000000.0 4.01246E-4    145 280000000. 0.0           155 680000000. 0.0       
   126 28000000.0 1.97229E-5    136 80000000.0 3.74363E-4    146 320000000. 0.0           156 720000000. 0.0       
   127 30000000.0 2.29296E-5    137 90000000.0 3.39580E-4    147 360000000. 0.0           157 760000000. 0.0       
   128 35000000.0 9.82230E-5    138 100000000. 2.93475E-4    148 400000000. 0.0           158 800000000. 0.0       
   129 40000000.0 1.86634E-4    139 120000000. 2.46025E-4    149 440000000. 0.0           159 840000000. 0.0       
   130 45000000.0 2.60433E-4    140 140000000. 0.0           150 480000000. 0.0           160 880000000. 0.0       
   131 50000000.0 3.24127E-4    141 160000000. 0.0           151 520000000. 0.0           161 920000000. 0.0       
   132 54000000.0 3.53945E-4    142 180000000. 0.0           152 560000000. 0.0           162 960000000. 0.0       
   133 55000000.0 3.76230E-4    143 200000000. 0.0           153 600000000. 0.0           163 1.00000E+9
 
                                                     MT=  5
 MAT  628                         0.0        Kelvin Unshielded Cross Sections                           6-C -13 

   No.  Group-eV   Average      No.  Group-eV   Average      No.  Group-eV   Average      No.  Group-eV   Average

   121 19000000.0 4.33512E-6    132 54000000.0 3.83167E-4    143 200000000. 0.0           154 640000000. 0.0       
   122 20000000.0 5.10495E-5    133 55000000.0 3.59783E-4    144 240000000. 0.0           155 680000000. 0.0       
   123 22000000.0 3.79047E-4    134 60000000.0 3.08173E-4    145 280000000. 0.0           156 720000000. 0.0       
   124 24000000.0 .001070970    135 70000000.0 2.53580E-4    146 320000000. 0.0           157 760000000. 0.0       
   125 26000000.0 .001315604    136 80000000.0 2.13299E-4    147 360000000. 0.0           158 800000000. 0.0       
   126 28000000.0 .001230921    137 90000000.0 1.83566E-4    148 400000000. 0.0           159 840000000. 0.0       
   127 30000000.0 9.85704E-4    138 100000000. 1.51161E-4    149 440000000. 0.0           160 880000000. 0.0       
   128 35000000.0 7.49500E-4    139 120000000. 1.18627E-4    150 480000000. 0.0           161 920000000. 0.0       
   129 40000000.0 5.61245E-4    140 140000000. 0.0           151 520000000. 0.0           162 960000000. 0.0       
   130 45000000.0 4.52555E-4    141 160000000. 0.0           152 560000000. 0.0           163 1.00000E+9
   131 50000000.0 4.05152E-4    142 180000000. 0.0           153 600000000. 0.0       
 
                                                     MT=  5
 MAT  628                         0.0        Kelvin Unshielded Cross Sections                           6-C -13 

   No.  Group-eV   Average      No.  Group-eV   Average      No.  Group-eV   Average      No.  Group-eV   Average

   119 17000000.0 8.5439E-11    131 50000000.0 1.15092E-4    143 200000000. 0.0           155 680000000. 0.0       
   120 18000000.0 4.85073E-6    132 54000000.0 1.02493E-4    144 240000000. 0.0           156 720000000. 0.0       
   121 19000000.0 5.61599E-5    133 55000000.0 9.06005E-5    145 280000000. 0.0           157 760000000. 0.0       
   122 20000000.0 2.49719E-4    134 60000000.0 6.82097E-5    146 320000000. 0.0           158 800000000. 0.0       
   123 22000000.0 7.69921E-4    135 70000000.0 4.75196E-5    147 360000000. 0.0           159 840000000. 0.0       
   124 24000000.0 .001220876    136 80000000.0 3.33051E-5    148 400000000. 0.0           160 880000000. 0.0       
   125 26000000.0 .001028048    137 90000000.0 2.33640E-5    149 440000000. 0.0           161 920000000. 0.0       
   126 28000000.0 7.45134E-4    138 100000000. 1.43920E-5    150 480000000. 0.0           162 960000000. 0.0       
   127 30000000.0 4.90197E-4    139 120000000. 7.65767E-6    151 520000000. 0.0           163 1.00000E+9
   128 35000000.0 3.17529E-4    140 140000000. 0.0           152 560000000. 0.0       
   129 40000000.0 2.03631E-4    141 160000000. 0.0           153 600000000. 0.0       
   130 45000000.0 1.43489E-4    142 180000000. 0.0           154 640000000. 0.0       
 
                                                     MT=  5
 MAT  628                         0.0        Kelvin Unshielded Cross Sections                           6-C -13 

   No.  Group-eV   Average      No.  Group-eV   Average      No.  Group-eV   Average      No.  Group-eV   Average

   133 55000000.0 2.8373E-10    141 160000000. 0.0           149 440000000. 0.0           157 760000000. 0.0       
   134 60000000.0 6.70967E-7    142 180000000. 0.0           150 480000000. 0.0           158 800000000. 0.0       
   135 70000000.0 6.57863E-6    143 200000000. 0.0           151 520000000. 0.0           159 840000000. 0.0       
   136 80000000.0 1.67563E-5    144 240000000. 0.0           152 560000000. 0.0           160 880000000. 0.0       
   137 90000000.0 2.45061E-5    145 280000000. 0.0           153 600000000. 0.0           161 920000000. 0.0       
   138 100000000. 2.51161E-5    146 320000000. 0.0           154 640000000. 0.0           162 960000000. 0.0       
   139 120000000. 1.75983E-5    147 360000000. 0.0           155 680000000. 0.0           163 1.00000E+9
   140 140000000. 0.0           148 400000000. 0.0           156 720000000. 0.0       
 
                                                     MT=  5
 MAT  628                         0.0        Kelvin Unshielded Cross Sections                           6-C -13 

   No.  Group-eV   Average      No.  Group-eV   Average      No.  Group-eV   Average      No.  Group-eV   Average

   128 35000000.0 2.62164E-7    137 90000000.0 3.59178E-5    146 320000000. 0.0           155 680000000. 0.0       
   129 40000000.0 5.68074E-6    138 100000000. 2.27458E-5    147 360000000. 0.0           156 720000000. 0.0       
   130 45000000.0 1.76329E-5    139 120000000. 1.33988E-5    148 400000000. 0.0           157 760000000. 0.0       
   131 50000000.0 2.99627E-5    140 140000000. 0.0           149 440000000. 0.0           158 800000000. 0.0       
   132 54000000.0 3.64608E-5    141 160000000. 0.0           150 480000000. 0.0           159 840000000. 0.0       
   133 55000000.0 4.28200E-5    142 180000000. 0.0           151 520000000. 0.0           160 880000000. 0.0       
   134 60000000.0 5.36838E-5    143 200000000. 0.0           152 560000000. 0.0           161 920000000. 0.0       
   135 70000000.0 5.61858E-5    144 240000000. 0.0           153 600000000. 0.0           162 960000000. 0.0       
   136 80000000.0 4.77010E-5    145 280000000. 0.0           154 640000000. 0.0           163 1.00000E+9
 
                                                     MT=  5
 MAT  628                         0.0        Kelvin Unshielded Cross Sections                           6-C -13 

   No.  Group-eV   Average      No.  Group-eV   Average      No.  Group-eV   Average      No.  Group-eV   Average

   123 22000000.0 8.17506E-8    134 60000000.0 4.77570E-5    145 280000000. 0.0           156 720000000. 0.0       
   124 24000000.0 5.59157E-5    135 70000000.0 3.02644E-5    146 320000000. 0.0           157 760000000. 0.0       
   125 26000000.0 1.67804E-4    136 80000000.0 1.98039E-5    147 360000000. 0.0           158 800000000. 0.0       
   126 28000000.0 2.14006E-4    137 90000000.0 1.44377E-5    148 400000000. 0.0           159 840000000. 0.0       
   127 30000000.0 2.04237E-4    138 100000000. 1.04719E-5    149 440000000. 0.0           160 880000000. 0.0       
   128 35000000.0 1.67428E-4    139 120000000. 7.11121E-6    150 480000000. 0.0           161 920000000. 0.0       
   129 40000000.0 1.30524E-4    140 140000000. 0.0           151 520000000. 0.0           162 960000000. 0.0       
   130 45000000.0 1.01681E-4    141 160000000. 0.0           152 560000000. 0.0           163 1.00000E+9
   131 50000000.0 8.39478E-5    142 180000000. 0.0           153 600000000. 0.0       
   132 54000000.0 7.51612E-5    143 200000000. 0.0           154 640000000. 0.0       
   133 55000000.0 6.61406E-5    144 240000000. 0.0           155 680000000. 0.0       
 
                                                     MT=  5
 MAT  628                         0.0        Kelvin Unshielded Cross Sections                           6-C -13 

   No.  Group-eV   Average      No.  Group-eV   Average      No.  Group-eV   Average      No.  Group-eV   Average

    86 4800000.00 2.49045E-5    106 8800000.00 6.79925E-4    126 28000000.0 .003086900    146 320000000. 0.0       
    87 5000000.00 1.97048E-4    107 9000000.00 7.41354E-4    127 30000000.0 .001651133    147 360000000. 0.0       
    88 5200000.00 2.13973E-4    108 9200000.00 8.21005E-4    128 35000000.0 7.76313E-4    148 400000000. 0.0       
    89 5400000.00 2.30502E-4    109 9400000.00 9.00657E-4    129 40000000.0 4.32853E-4    149 440000000. 0.0       
    90 5600000.00 2.46630E-4    110 9600000.00 9.80308E-4    130 45000000.0 2.81406E-4    150 480000000. 0.0       
    91 5800000.00 2.62758E-4    111 9800000.00 .001059959    131 50000000.0 2.14244E-4    151 520000000. 0.0       
    92 6000000.00 2.80078E-4    112 10000000.0 .001592232    132 54000000.0 1.85501E-4    152 560000000. 0.0       
    93 6200000.00 2.98604E-4    113 11000000.0 .002331936    133 55000000.0 1.58883E-4    153 600000000. 0.0       
    94 6400000.00 3.17461E-4    114 12000000.0 .003044701    134 60000000.0 1.10629E-4    154 640000000. 0.0       
    95 6600000.00 3.38324E-4    115 13000000.0 .003734301    135 70000000.0 7.05587E-5    155 680000000. 0.0       
    96 6800000.00 3.59526E-4    116 14000000.0 .003150987    136 80000000.0 5.17038E-5    156 720000000. 0.0       
    97 7000000.00 3.82458E-4    117 15000000.0 .002918707    137 90000000.0 4.18672E-5    157 760000000. 0.0       
    98 7200000.00 4.07138E-4    118 16000000.0 .002700675    138 100000000. 3.12823E-5    158 800000000. 0.0       
    99 7400000.00 4.32387E-4    119 17000000.0 .002283353    139 120000000. 2.12120E-5    159 840000000. 0.0       
   100 7600000.00 4.61083E-4    120 18000000.0 .002393906    140 140000000. 0.0           160 880000000. 0.0       
   101 7800000.00 4.90359E-4    121 19000000.0 .003882641    141 160000000. 0.0           161 920000000. 0.0       
   102 8000000.00 5.22640E-4    122 20000000.0 .005474194    142 180000000. 0.0           162 960000000. 0.0       
   103 8200000.00 5.57950E-4    123 22000000.0 .007101256    143 200000000. 0.0           163 1.00000E+9
   104 8400000.00 5.94256E-4    124 24000000.0 .007973599    144 240000000. 0.0       
   105 8600000.00 6.36585E-4    125 26000000.0 .005183208    145 280000000. 0.0       
 
                                                     MT=  5
 MAT  628                         0.0        Kelvin Unshielded Cross Sections                           6-C -13 

   No.  Group-eV   Average      No.  Group-eV   Average      No.  Group-eV   Average      No.  Group-eV   Average

    86 4800000.00 2.29830E-7    106 8800000.00 3.53206E-8    126 28000000.0 .005956758    146 320000000. 0.0       
    87 5000000.00 1.31434E-6    107 9000000.00 6.05704E-5    127 30000000.0 .003603066    147 360000000. 0.0       
    88 5200000.00 4.55550E-7    108 9200000.00 1.82085E-4    128 35000000.0 .002253500    148 400000000. 0.0       
    89 5400000.00 2.24939E-8    109 9400000.00 3.03599E-4    129 40000000.0 .001764444    149 440000000. 0.0       
    90 5600000.00 2.04524E-8    110 9600000.00 4.25113E-4    130 45000000.0 .001618809    150 480000000. 0.0       
    91 5800000.00 1.84108E-8    111 9800000.00 5.46626E-4    131 50000000.0 .001631458    151 520000000. 0.0       
    92 6000000.00 1.63978E-8    112 10000000.0 .001029466    132 54000000.0 .001640845    152 560000000. 0.0       
    93 6200000.00 1.44137E-8    113 11000000.0 .001734802    133 55000000.0 .001636881    153 600000000. 0.0       
    94 6400000.00 1.26683E-8    114 12000000.0 .002665527    134 60000000.0 .001595795    154 640000000. 0.0       
    95 6600000.00 1.23702E-8    115 13000000.0 .004635032    135 70000000.0 .001503214    155 680000000. 0.0       
    96 6800000.00 1.23158E-8    116 14000000.0 .004230785    136 80000000.0 .001399443    156 720000000. 0.0       
    97 7000000.00 1.25640E-8    117 15000000.0 .003732010    137 90000000.0 .001289622    157 760000000. 0.0       
    98 7200000.00 1.31179E-8    118 16000000.0 .003141260    138 100000000. .001117550    158 800000000. 0.0       
    99 7400000.00 1.38032E-8    119 17000000.0 .002531712    139 120000000. 8.99481E-4    159 840000000. 0.0       
   100 7600000.00 1.52843E-8    120 18000000.0 .002758564    140 140000000. 0.0           160 880000000. 0.0       
   101 7800000.00 1.68992E-8    121 19000000.0 .004605907    141 160000000. 0.0           161 920000000. 0.0       
   102 8000000.00 1.89621E-8    122 20000000.0 .007597697    142 180000000. 0.0           162 960000000. 0.0       
   103 8200000.00 2.14769E-8    123 22000000.0 .011437485    143 200000000. 0.0           163 1.00000E+9
   104 8400000.00 2.43826E-8    124 24000000.0 .013544000    144 240000000. 0.0       
   105 8600000.00 2.96530E-8    125 26000000.0 .009260936    145 280000000. 0.0       
 
