 ENDF Activation Cross Sections (ACTIVATE 2019-1)
 ------------------------------------------------------------------------------
 ENDF Input and Output Data Filenames
 ------------------------------------------------------------------------------
 ACTIVATE.IN                                                             
 ACTIVATE.OUT                                                            
 ------------------------------------------------------------------------------
 ENDF Tape Label
 ------------------------------------------------------------------------------
  JENDL/PD-2016.1  Ra-226                                             1
 ------------------------------------------------------------------------------
   Material  MAT  MF  MT  ENDF    ZAP Final      Q-Value Points Points
                          Format      State           eV     In    Out
 ------------------------------------------------------------------------------
  88-Ra-226 8834  10   5   6        1     0   0.0            88     88
  88-Ra-226 8834  10   5   6     1001     0   0.0            88     88
  88-Ra-226 8834  10   5   6     1002     0   0.0            88     88
  88-Ra-226 8834  10   5   6     1003     0   0.0            88     88
  88-Ra-226 8834  10   5   6     2003     0   0.0            88     88
  88-Ra-226 8834  10   5   6     2004     0   0.0            88     88
  88-Ra-226 8834  10   5   6    74194     0   0.0            88     88
  88-Ra-226 8834  10   5   6    75195     0   0.0            88     88
  88-Ra-226 8834  10   5   6    75196     0   0.0            88     88
  88-Ra-226 8834  10   5   6    75197     0   0.0            88     88
  88-Ra-226 8834  10   5   6    75198     0   0.0            88     88
  88-Ra-226 8834  10   5   6    76196     0   0.0            88     88
  88-Ra-226 8834  10   5   6    76197     0   0.0            88     88
  88-Ra-226 8834  10   5   6    76198     0   0.0            88     88
  88-Ra-226 8834  10   5   6    76199     0   0.0            88     88
  88-Ra-226 8834  10   5   6    76200     0   0.0            88     88
  88-Ra-226 8834  10   5   6    76201     0   0.0            88     88
  88-Ra-226 8834  10   5   6    76202     0   0.0            88     88
  88-Ra-226 8834  10   5   6    77197     0   0.0            88     88
  88-Ra-226 8834  10   5   6    77197     1   0.0            88     88
  88-Ra-226 8834  10   5   6    77198     0   0.0            88     88
  88-Ra-226 8834  10   5   6    77199     0   0.0            88     88
  88-Ra-226 8834  10   5   6    77200     0   0.0            88     88
  88-Ra-226 8834  10   5   6    77201     0   0.0            88     88
  88-Ra-226 8834  10   5   6    77202     0   0.0            88     88
  88-Ra-226 8834  10   5   6    77203     0   0.0            88     88
  88-Ra-226 8834  10   5   6    77204     0   0.0            88     88
  88-Ra-226 8834  10   5   6    78198     0   0.0            88     88
  88-Ra-226 8834  10   5   6    78199     0   0.0            88     88
  88-Ra-226 8834  10   5   6    78199     1   0.0            88     88
  88-Ra-226 8834  10   5   6    78200     0   0.0            88     88
  88-Ra-226 8834  10   5   6    78201     0   0.0            88     88
  88-Ra-226 8834  10   5   6    78202     0   0.0            88     88
  88-Ra-226 8834  10   5   6    78203     0   0.0            88     88
  88-Ra-226 8834  10   5   6    78204     0   0.0            88     88
  88-Ra-226 8834  10   5   6    78205     0   0.0            88     88
  88-Ra-226 8834  10   5   6    78206     0   0.0            88     88
  88-Ra-226 8834  10   5   6    79199     0   0.0            88     88
  88-Ra-226 8834  10   5   6    79200     0   0.0            88     88
  88-Ra-226 8834  10   5   6    79201     0   0.0            88     88
  88-Ra-226 8834  10   5   6    79202     0   0.0            88     88
  88-Ra-226 8834  10   5   6    79203     0   0.0            88     88
  88-Ra-226 8834  10   5   6    79204     0   0.0            88     88
  88-Ra-226 8834  10   5   6    79205     0   0.0            88     88
  88-Ra-226 8834  10   5   6    79206     0   0.0            88     88
  88-Ra-226 8834  10   5   6    79207     0   0.0            88     88
  88-Ra-226 8834  10   5   6    79208     0   0.0            88     88
  88-Ra-226 8834  10   5   6    79209     0   0.0            88     88
  88-Ra-226 8834  10   5   6    79210     0   0.0            88     88
  88-Ra-226 8834  10   5   6    80200     0   0.0            88     88
  88-Ra-226 8834  10   5   6    80201     0   0.0            88     88
  88-Ra-226 8834  10   5   6    80202     0   0.0            88     88
  88-Ra-226 8834  10   5   6    80203     0   0.0            88     88
  88-Ra-226 8834  10   5   6    80204     0   0.0            88     88
  88-Ra-226 8834  10   5   6    80205     0   0.0            88     88
  88-Ra-226 8834  10   5   6    80206     0   0.0            88     88
  88-Ra-226 8834  10   5   6    80207     0   0.0            88     88
  88-Ra-226 8834  10   5   6    80208     0   0.0            88     88
  88-Ra-226 8834  10   5   6    80209     0   0.0            88     88
  88-Ra-226 8834  10   5   6    80210     0   0.0            88     88
  88-Ra-226 8834  10   5   6    80211     0   0.0            88     88
  88-Ra-226 8834  10   5   6    80212     0   0.0            88     88
  88-Ra-226 8834  10   5   6    80213     0   0.0            88     88
  88-Ra-226 8834  10   5   6    80214     0   0.0            88     88
  88-Ra-226 8834  10   5   6    80215     0   0.0            88     88
  88-Ra-226 8834  10   5   6    80216     0   0.0            88     88
  88-Ra-226 8834  10   5   6    81201     0   0.0            88     88
  88-Ra-226 8834  10   5   6    81202     0   0.0            88     88
  88-Ra-226 8834  10   5   6    81203     0   0.0            88     88
  88-Ra-226 8834  10   5   6    81204     0   0.0            88     88
  88-Ra-226 8834  10   5   6    81205     0   0.0            88     88
  88-Ra-226 8834  10   5   6    81206     0   0.0            88     88
  88-Ra-226 8834  10   5   6    81207     0   0.0            88     88
  88-Ra-226 8834  10   5   6    81207     1   0.0            88     88
  88-Ra-226 8834  10   5   6    81208     0   0.0            88     88
  88-Ra-226 8834  10   5   6    81209     0   0.0            88     88
  88-Ra-226 8834  10   5   6    81210     0   0.0            88     88
  88-Ra-226 8834  10   5   6    81211     0   0.0            88     88
  88-Ra-226 8834  10   5   6    81212     0   0.0            88     88
  88-Ra-226 8834  10   5   6    81213     0   0.0            88     88
  88-Ra-226 8834  10   5   6    81214     0   0.0            88     88
  88-Ra-226 8834  10   5   6    81215     0   0.0            88     88
  88-Ra-226 8834  10   5   6    81216     0   0.0            88     88
  88-Ra-226 8834  10   5   6    81217     0   0.0            88     88
  88-Ra-226 8834  10   5   6    81218     0   0.0            88     88
  88-Ra-226 8834  10   5   6    82202     0   0.0            88     88
  88-Ra-226 8834  10   5   6    82202     1   0.0            88     88
  88-Ra-226 8834  10   5   6    82203     0   0.0            88     88
  88-Ra-226 8834  10   5   6    82203     1   0.0            88     88
  88-Ra-226 8834  10   5   6    82204     0   0.0            88     88
  88-Ra-226 8834  10   5   6    82204     1   0.0            88     88
  88-Ra-226 8834  10   5   6    82205     0   0.0            88     88
  88-Ra-226 8834  10   5   6    82206     0   0.0            88     88
  88-Ra-226 8834  10   5   6    82207     0   0.0            88     88
  88-Ra-226 8834  10   5   6    82207     1   0.0            88     88
  88-Ra-226 8834  10   5   6    82208     0   0.0            88     88
  88-Ra-226 8834  10   5   6    82209     0   0.0            88     88
  88-Ra-226 8834  10   5   6    82210     0   0.0            88     88
  88-Ra-226 8834  10   5   6    82211     0   0.0            88     88
  88-Ra-226 8834  10   5   6    82212     0   0.0            88     88
  88-Ra-226 8834  10   5   6    82213     0   0.0            88     88
  88-Ra-226 8834  10   5   6    82214     0   0.0            88     88
  88-Ra-226 8834  10   5   6    82215     0   0.0            88     88
  88-Ra-226 8834  10   5   6    82216     0   0.0            88     88
  88-Ra-226 8834  10   5   6    82217     0   0.0            88     88
  88-Ra-226 8834  10   5   6    82218     0   0.0            88     88
  88-Ra-226 8834  10   5   6    82219     0   0.0            88     88
  88-Ra-226 8834  10   5   6    82220     0   0.0            88     88
  88-Ra-226 8834  10   5   6    83203     0   0.0            88     88
  88-Ra-226 8834  10   5   6    83203     1   0.0            88     88
  88-Ra-226 8834  10   5   6    83204     0   0.0            88     88
  88-Ra-226 8834  10   5   6    83205     0   0.0            88     88
  88-Ra-226 8834  10   5   6    83206     0   0.0            88     88
  88-Ra-226 8834  10   5   6    83207     0   0.0            88     88
  88-Ra-226 8834  10   5   6    83208     0   0.0            88     88
  88-Ra-226 8834  10   5   6    83209     0   0.0            88     88
  88-Ra-226 8834  10   5   6    83210     0   0.0            88     88
  88-Ra-226 8834  10   5   6    83210     1   0.0            88     88
  88-Ra-226 8834  10   5   6    83211     0   0.0            88     88
  88-Ra-226 8834  10   5   6    83212     0   0.0            88     88
  88-Ra-226 8834  10   5   6    83213     0   0.0            88     88
  88-Ra-226 8834  10   5   6    83214     0   0.0            88     88
  88-Ra-226 8834  10   5   6    83215     0   0.0            88     88
  88-Ra-226 8834  10   5   6    83216     0   0.0            88     88
  88-Ra-226 8834  10   5   6    83216     1   0.0            88     88
  88-Ra-226 8834  10   5   6    83217     0   0.0            88     88
  88-Ra-226 8834  10   5   6    83218     0   0.0            88     88
  88-Ra-226 8834  10   5   6    83219     0   0.0            88     88
  88-Ra-226 8834  10   5   6    83220     0   0.0            88     88
  88-Ra-226 8834  10   5   6    83221     0   0.0            88     88
  88-Ra-226 8834  10   5   6    84204     0   0.0            88     88
  88-Ra-226 8834  10   5   6    84205     0   0.0            88     88
  88-Ra-226 8834  10   5   6    84206     0   0.0            88     88
  88-Ra-226 8834  10   5   6    84207     0   0.0            88     88
  88-Ra-226 8834  10   5   6    84207     1   0.0            88     88
  88-Ra-226 8834  10   5   6    84208     0   0.0            88     88
  88-Ra-226 8834  10   5   6    84209     0   0.0            88     88
  88-Ra-226 8834  10   5   6    84210     0   0.0            88     88
  88-Ra-226 8834  10   5   6    84211     0   0.0            88     88
  88-Ra-226 8834  10   5   6    84211     1   0.0            88     88
  88-Ra-226 8834  10   5   6    84212     0   0.0            88     88
  88-Ra-226 8834  10   5   6    84213     0   0.0            88     88
  88-Ra-226 8834  10   5   6    84214     0   0.0            88     88
  88-Ra-226 8834  10   5   6    84215     0   0.0            88     88
  88-Ra-226 8834  10   5   6    84216     0   0.0            88     88
  88-Ra-226 8834  10   5   6    84217     0   0.0            88     88
  88-Ra-226 8834  10   5   6    84218     0   0.0            88     88
  88-Ra-226 8834  10   5   6    84219     0   0.0            88     88
  88-Ra-226 8834  10   5   6    84220     0   0.0            88     88
  88-Ra-226 8834  10   5   6    84221     0   0.0            88     88
  88-Ra-226 8834  10   5   6    84222     0   0.0            88     88
  88-Ra-226 8834  10   5   6    85205     0   0.0            88     88
  88-Ra-226 8834  10   5   6    85206     0   0.0            88     88
  88-Ra-226 8834  10   5   6    85207     0   0.0            88     88
  88-Ra-226 8834  10   5   6    85208     0   0.0            88     88
  88-Ra-226 8834  10   5   6    85209     0   0.0            88     88
  88-Ra-226 8834  10   5   6    85210     0   0.0            88     88
  88-Ra-226 8834  10   5   6    85211     0   0.0            88     88
  88-Ra-226 8834  10   5   6    85212     0   0.0            88     88
  88-Ra-226 8834  10   5   6    85212     1   0.0            88     88
  88-Ra-226 8834  10   5   6    85213     0   0.0            88     88
  88-Ra-226 8834  10   5   6    85214     0   0.0            88     88
  88-Ra-226 8834  10   5   6    85215     0   0.0            88     88
  88-Ra-226 8834  10   5   6    85216     0   0.0            88     88
  88-Ra-226 8834  10   5   6    85217     0   0.0            88     88
  88-Ra-226 8834  10   5   6    85218     0   0.0            88     88
  88-Ra-226 8834  10   5   6    85219     0   0.0            88     88
  88-Ra-226 8834  10   5   6    85220     0   0.0            88     88
  88-Ra-226 8834  10   5   6    85221     0   0.0            88     88
  88-Ra-226 8834  10   5   6    85222     0   0.0            88     88
  88-Ra-226 8834  10   5   6    85223     0   0.0            88     88
  88-Ra-226 8834  10   5   6    86206     0   0.0            88     88
  88-Ra-226 8834  10   5   6    86207     0   0.0            88     88
  88-Ra-226 8834  10   5   6    86208     0   0.0            88     88
  88-Ra-226 8834  10   5   6    86209     0   0.0            88     88
  88-Ra-226 8834  10   5   6    86210     0   0.0            88     88
  88-Ra-226 8834  10   5   6    86211     0   0.0            88     88
  88-Ra-226 8834  10   5   6    86212     0   0.0            88     88
  88-Ra-226 8834  10   5   6    86213     0   0.0            88     88
  88-Ra-226 8834  10   5   6    86214     0   0.0            88     88
  88-Ra-226 8834  10   5   6    86215     0   0.0            88     88
  88-Ra-226 8834  10   5   6    86216     0   0.0            88     88
  88-Ra-226 8834  10   5   6    86217     0   0.0            88     88
  88-Ra-226 8834  10   5   6    86218     0   0.0            88     88
  88-Ra-226 8834  10   5   6    86219     0   0.0            88     88
  88-Ra-226 8834  10   5   6    86220     0   0.0            88     88
  88-Ra-226 8834  10   5   6    86221     0   0.0            88     88
  88-Ra-226 8834  10   5   6    86222     0   0.0            88     88
  88-Ra-226 8834  10   5   6    86223     0   0.0            88     88
  88-Ra-226 8834  10   5   6    86224     0   0.0            88     88
  88-Ra-226 8834  10   5   6    87207     0   0.0            88     88
  88-Ra-226 8834  10   5   6    87208     0   0.0            88     88
  88-Ra-226 8834  10   5   6    87209     0   0.0            88     88
  88-Ra-226 8834  10   5   6    87210     0   0.0            88     88
  88-Ra-226 8834  10   5   6    87211     0   0.0            88     88
  88-Ra-226 8834  10   5   6    87212     0   0.0            88     88
  88-Ra-226 8834  10   5   6    87213     0   0.0            88     88
  88-Ra-226 8834  10   5   6    87214     0   0.0            88     88
  88-Ra-226 8834  10   5   6    87215     0   0.0            88     88
  88-Ra-226 8834  10   5   6    87216     0   0.0            88     88
  88-Ra-226 8834  10   5   6    87217     0   0.0            88     88
  88-Ra-226 8834  10   5   6    87218     0   0.0            88     88
  88-Ra-226 8834  10   5   6    87219     0   0.0            88     88
  88-Ra-226 8834  10   5   6    87220     0   0.0            88     88
  88-Ra-226 8834  10   5   6    87221     0   0.0            88     88
  88-Ra-226 8834  10   5   6    87222     0   0.0            88     88
  88-Ra-226 8834  10   5   6    87223     0   0.0            88     88
  88-Ra-226 8834  10   5   6    87224     0   0.0            88     88
  88-Ra-226 8834  10   5   6    87225     0   0.0            88     88
  88-Ra-226 8834  10   5   6    88208     0   0.0            88     88
  88-Ra-226 8834  10   5   6    88209     0   0.0            88     88
  88-Ra-226 8834  10   5   6    88210     0   0.0            88     88
  88-Ra-226 8834  10   5   6    88211     0   0.0            88     88
  88-Ra-226 8834  10   5   6    88212     0   0.0            88     88
  88-Ra-226 8834  10   5   6    88213     0   0.0            88     88
  88-Ra-226 8834  10   5   6    88214     0   0.0            88     88
  88-Ra-226 8834  10   5   6    88215     0   0.0            88     88
  88-Ra-226 8834  10   5   6    88216     0   0.0            88     88
  88-Ra-226 8834  10   5   6    88217     0   0.0            88     88
  88-Ra-226 8834  10   5   6    88218     0   0.0            88     88
  88-Ra-226 8834  10   5   6    88219     0   0.0            88     88
  88-Ra-226 8834  10   5   6    88220     0   0.0            88     88
  88-Ra-226 8834  10   5   6    88221     0   0.0            88     88
  88-Ra-226 8834  10   5   6    88222     0   0.0            88     88
  88-Ra-226 8834  10   5   6    88223     0   0.0            88     88
  88-Ra-226 8834  10   5   6    88224     0   0.0            88     88
  88-Ra-226 8834  10   5   6    88225     0   0.0            88     88
  88-Ra-226 8834  10   5   6    88226     0   0.0            88     88
  88-Ra-226 8834  10   5   6        0     0   0.0            88     88
 ------------------------------------------------------------------------------
                                              MAT Totals  20152  20152
 ------------------------------------------------------------------------------
 ------------------------------------------------------------------------------
 All Cross Sections Read. Maximum Tabulated Energy =  200000000. eV
 ------------------------------------------------------------------------------
 ===============================================================================
      MAT Total Execution Time                0.52 Seconds
 ===============================================================================
 ------------------------------------------------------------------------------
                                             Tape Totals  20152  20152
 ------------------------------------------------------------------------------
 ===============================================================================
 ACTIVATE Total Execution Time                0.52 Seconds
 ===============================================================================
