 Create New Section Index (DICTIN 2019-1)
 ------------------------------------------------------------
 ENDF/B Input and Output Data Filenames
 ------------------------------------------------------------
 DICTIN.IN                                                               
 DICTIN.OUT                                                              
 ------------------------------------------------------------
 First Pass. Reading ENDF/B Data
 ------------------------------------------------------------
  MAT   Messages
 ------------------------------------------------------------
 1325
 ------------------------------------------------------------
 Second Pass. Creating New Index
 ------------------------------------------------------------
 ENDF/B  MAT MF  MT  Lines  Mod
 Format
 ------------------------------------------------------------
  VI    1325  1 451    153    0
        1325  3   3     37    0
        1325  3   5     37    0
        1325  3 201     32    0
        1325  3 203     34    0
        1325  3 204     30    0
        1325  3 205     30    0
        1325  3 206     26    0
        1325  3 207     34    0
        1325 10   5   1477    1
 ------------------------------------------------------------
 Original Line Count   1905
 Final Line Count      1906
 ------------------------------------------------------------
 ===============================================================================
 DICTIN   Total Execution Time                0.01 Seconds
 ===============================================================================
