 Process ENDF/B Double Differential Data - MF=6 (SIXPAK 2019-1)
 ==============================================================================
 ENDF/B Input Data Filename
 SIXPAK.IN                                                               
 ------------------------------------------------------------------------------
 Requested Ranges
 ------------------------------------------------------------------------------
    Minimum    Maximum   
    MAT  MT    MAT  MT
 ------------------------------------------------------------------------------
      1   1   9999 999
 ==============================================================================
 Terminology
 ------------------------------------------------------------------------------
 LCT  = Reference System (Lab or Center-of-Mass)
 LIP  = Product Modifier, e.g., for Isomeric States
 LAW  = Representation of Data - see, List at End of Output
 LANG = 1     = Legendre     (LAW 1)
      = 2     = Kalbach-Mann (LAW 1)
      = 11-15 = Tabulated    (LAW 1)
      = 0     = Legendre     (LAW 2)
      = 11-15 = Tabulated    (LAW 2)
 LTP  = 1-2   = Legendre     (LAW 5)
      = 11-15 = Tabulated    (LAW 5)
 LEP  = Secondary Energy Interpolation Type(1 to 5)
 ==============================================================================
 Tape Label
 ------------------------------------------------------------------------------
  CNDC, CENDL3.1/photon-Medium-Heavy Nucleus reactions, MAT=1325      1
 ------------------------------------------------------------------------------
 WARNING: MT=5 is ALLOWED in MF=6, but NOT in MF=4 or 5.
          see ENDF-102 - Strictly for diagnostic purposes
          this code will Translate MF=6 Data - but be
          WARNED - the results should not be used in ANY          APPLICATIONS.
 ------------------------------------------------------------------------------
 ==============================================================================
 Projectile   Target    Emitted    MAT  MT LCT LIP LAW LANG  LEP  ENDF/B
                                                        LTP       Output
 ==============================================================================
  Photon     13-Al-27   Neutron   1325   5 Lab   0   1    2    2      
 ------------------------------------------------------------------------------
 Expect Kalbach-Mann ONLY in c.m. System
 ------------------------------------------------------------------------------
 ------------------------------------------------------------------------------
 Projectile=      0 Emitted=      1 Cannot Define Kalbach-Mann
 Parameters for this Combination - Will use Neutron Parameters
 ------------------------------------------------------------------------------
  Photon     13-Al-27    1-H -1   1325   5 Lab   0   1    2    2      
 ------------------------------------------------------------------------------
 Expect Kalbach-Mann ONLY in c.m. System
 ------------------------------------------------------------------------------
 ------------------------------------------------------------------------------
 Projectile=      0 Emitted=   1001 Cannot Define Kalbach-Mann
 Parameters for this Combination - Will use Neutron Parameters
 ------------------------------------------------------------------------------
  Photon     13-Al-27    1-H -2   1325   5 Lab   0   1    2    2      
 ------------------------------------------------------------------------------
 Expect Kalbach-Mann ONLY in c.m. System
 ------------------------------------------------------------------------------
 ------------------------------------------------------------------------------
 Projectile=      0 Emitted=   1002 Cannot Define Kalbach-Mann
 Parameters for this Combination - Will use Neutron Parameters
 ------------------------------------------------------------------------------
  Photon     13-Al-27    1-H -3   1325   5 Lab   0   1    2    2      
 ------------------------------------------------------------------------------
 Expect Kalbach-Mann ONLY in c.m. System
 ------------------------------------------------------------------------------
 ------------------------------------------------------------------------------
 Projectile=      0 Emitted=   1003 Cannot Define Kalbach-Mann
 Parameters for this Combination - Will use Neutron Parameters
 ------------------------------------------------------------------------------
  Photon     13-Al-27    2-He-3   1325   5 Lab   0   1    2    2      
 ------------------------------------------------------------------------------
 Expect Kalbach-Mann ONLY in c.m. System
 ------------------------------------------------------------------------------
 ------------------------------------------------------------------------------
 Projectile=      0 Emitted=   2003 Cannot Define Kalbach-Mann
 Parameters for this Combination - Will use Neutron Parameters
 ------------------------------------------------------------------------------
  Photon     13-Al-27    2-He-4   1325   5 Lab   0   1    2    2      
 ------------------------------------------------------------------------------
 Expect Kalbach-Mann ONLY in c.m. System
 ------------------------------------------------------------------------------
 ------------------------------------------------------------------------------
 Projectile=      0 Emitted=   2004 Cannot Define Kalbach-Mann
 Parameters for this Combination - Will use Neutron Parameters
 ------------------------------------------------------------------------------
  Photon     13-Al-27    4-Be-8   1325   5 Lab   0   1    1    2      
  Photon     13-Al-27    6-C -12  1325   5 Lab   0   1    1    2      
  Photon     13-Al-27    6-C -13  1325   5 Lab   0   1    1    2      
  Photon     13-Al-27    7-N -13  1325   5 Lab   0   1    1    2      
  Photon     13-Al-27    7-N -14  1325   5 Lab   0   1    1    2      
  Photon     13-Al-27    7-N -15  1325   5 Lab   0   1    1    2      
  Photon     13-Al-27    7-N -16  1325   5 Lab   0   1    1    2      
  Photon     13-Al-27    8-O -15  1325   5 Lab   0   1    1    2      
  Photon     13-Al-27    8-O -16  1325   5 Lab   0   1    1    2      
  Photon     13-Al-27    8-O -17  1325   5 Lab   0   1    1    2      
  Photon     13-Al-27    8-O -18  1325   5 Lab   0   1    1    2      
  Photon     13-Al-27    9-F -17  1325   5 Lab   0   1    1    2      
  Photon     13-Al-27    9-F -18  1325   5 Lab   0   1    1    2      
  Photon     13-Al-27    9-F -19  1325   5 Lab   0   1    1    2      
  Photon     13-Al-27    9-F -20  1325   5 Lab   0   1    1    2      
  Photon     13-Al-27    9-F -21  1325   5 Lab   0   1    1    2      
  Photon     13-Al-27    9-F -22  1325   5 Lab   0   1    1    2      
  Photon     13-Al-27   10-Ne-19  1325   5 Lab   0   1    1    2      
  Photon     13-Al-27   10-Ne-20  1325   5 Lab   0   1    1    2      
  Photon     13-Al-27   10-Ne-21  1325   5 Lab   0   1    1    2      
  Photon     13-Al-27   10-Ne-22  1325   5 Lab   0   1    1    2      
  Photon     13-Al-27   10-Ne-23  1325   5 Lab   0   1    1    2      
  Photon     13-Al-27   11-Na-21  1325   5 Lab   0   1    1    2      
  Photon     13-Al-27   11-Na-22  1325   5 Lab   0   1    1    2      
  Photon     13-Al-27   11-Na-23  1325   5 Lab   0   1    1    2      
  Photon     13-Al-27   11-Na-24  1325   5 Lab   0   1    1    2      
  Photon     13-Al-27   11-Na-25  1325   5 Lab   0   1    1    2      
  Photon     13-Al-27   12-Mg-23  1325   5 Lab   0   1    1    2      
  Photon     13-Al-27   12-Mg-24  1325   5 Lab   0   1    1    2      
  Photon     13-Al-27   12-Mg-25  1325   5 Lab   0   1    1    2      
  Photon     13-Al-27   12-Mg-26  1325   5 Lab   0   1    1    2      
  Photon     13-Al-27   13-Al-24  1325   5 Lab   0   1    1    2      
  Photon     13-Al-27   13-Al-25  1325   5 Lab   0   1    1    2      
  Photon     13-Al-27   13-Al-26  1325   5 Lab   0   1    1    2      
  Photon     13-Al-27   Photon    1325   5 Lab   0   1    1    1      
 ------------------------------------------------------------------------------
 All Cross Sections Read. Maximum Tabulated Energy =  200000000. eV
 ------------------------------------------------------------------------------
 ==============================================================================
 Laws by Incident Particle
 ------------------------------------------------------------------------------
 Law Number and Definition   Photon    n     p     d     t  He-3  He-4 Other
 ------------------------------------------------------------------------------
 (0) Unknown................     0     0     0     0     0     0     0     0
 (1) Continuum Energy-Angle
      Legendre..............    35     0     0     0     0     0     0     0
      Kalbach-Mann..........     6     0     0     0     0     0     0     0
      Tabulated.............     0     0     0     0     0     0     0     0
 (2) Discrete 2 Body
      Legendre..............     0     0     0     0     0     0     0     0
      Tabulated.............     0     0     0     0     0     0     0     0
 (3) Isotropic Discrete.....     0     0     0     0     0     0     0     0
 (4) Discrete 2 Body Recoil.     0     0     0     0     0     0     0     0
 (5) Charged Particle Elastic
      Legendre..............     0     0     0     0     0     0     0     0
      Tabulated.............     0     0     0     0     0     0     0     0
 (6) n-Body Phase-Space.....     0     0     0     0     0     0     0     0
 (7) Laboratory Angle-Energy     0     0     0     0     0     0     0     0
 Not 0 to 7 (WARNING if Any)     0     0     0     0     0     0     0     0
 ==============================================================================
 Laws by Emitted Particle
 ------------------------------------------------------------------------------
 Law Number and Definition   Photon    n     p     d     t  He-3  He-4 Other
 ------------------------------------------------------------------------------
 (0) Unknown................     0     0     0     0     0     0     0     0
 (1) Continuum Energy-Angle
      Legendre..............     1     0     0     0     0     0     0    34
      Kalbach-Mann..........     0     1     1     1     1     1     1     0
      Tabulated.............     0     0     0     0     0     0     0     0
 (2) Discrete 2 Body
      Legendre..............     0     0     0     0     0     0     0     0
      Tabulated.............     0     0     0     0     0     0     0     0
 (3) Isotropic Discrete.....     0     0     0     0     0     0     0     0
 (4) Discrete 2 Body Recoil.     0     0     0     0     0     0     0     0
 (5) Charged Particle Elastic
      Legendre..............     0     0     0     0     0     0     0     0
      Tabulated.............     0     0     0     0     0     0     0     0
 (6) n-Body Phase-Space.....     0     0     0     0     0     0     0     0
 (7) Laboratory Angle-Energy     0     0     0     0     0     0     0     0
 Not 0 to 7 (WARNING if Any)     0     0     0     0     0     0     0     0
 ------------------------------------------------------------------------------
 Summary of Emitted Particle Yields
 ------------------------------------------------------------------------------
 Energy Independent.........     0     0     0     0     0     0     0     0
 Energy Dependent...........     1     1     1     1     1     1     1    34
 ------------------------------------------------------------------------------
 Summary of Angular Distributions
 ------------------------------------------------------------------------------
 Isotropic..................     1     0     0     0     0     0     0    34
 Nonisotropic...............     0     1     1     1     1     1     1     0
 Mixed......................     0     0     0     0     0     0     0     0
 ------------------------------------------------------------------------------
 Maximum Legendre Order.....     0     0     0     0     0     0     0     0
 Maximum Number of Cosines..     0     0     0     0     0     0     0     0
 ------------------------------------------------------------------------------
 Summary of Energy Distributions
 ------------------------------------------------------------------------------
 Continuous.................     1     1     1     1     1     1     1    34
 Discrete...................     0     0     0     0     0     0     0     0
 Mixed......................     0     0     0     0     0     0     0     0
 ------------------------------------------------------------------------------
 ==============================================================================
 Summary of Incident Neutron with Photon or Neutron Emitted Data
 ------------------------------------------------------------------------------
 Law Number and Definition   Output        Not Output 
 ------------------------------------------------------------------------------
                             Photon    n   Photon    n
 ------------------------------------------------------------------------------
 (0) Unknown................     0     0       0     0
 (1) Continuum Energy-Angle
      Legendre..............     0     0       0     0
      Kalbach-Mann..........     0     0       0     0
      Tabulated.............     0     0       0     0
 (2) Discrete 2 Body
      Legendre..............     0     0       0     0
      Tabulated.............     0     0       0     0
 (3) Isotropic Discrete.....     0     0       0     0
 (4) Discrete 2 Body Recoil.     0     0       0     0
 (5) Charged Particle Elastic
      Legendre..............     0     0       0     0
      Tabulated.............     0     0       0     0
 (6) n-Body Phase-Space.....     0     0       0     0
 (7) Laboratory Angle-Energy     0     0       0     0
 Not 0 to 7 (WARNING if Any)     0     0       0     0
 ==============================================================================
 End of Run
 ===============================================================================
 SIXPAK   Total Execution Time                0.25 Seconds
 ===============================================================================
