 Create New Section Index (DICTIN 2019-1)
 ------------------------------------------------------------
 ENDF/B Input and Output Data Filenames
 ------------------------------------------------------------
 DICTIN.IN                                                               
 DICTIN.OUT                                                              
 ------------------------------------------------------------
 First Pass. Reading ENDF/B Data
 ------------------------------------------------------------
  MAT   Messages
 ------------------------------------------------------------
 4725
 ------------------------------------------------------------
 Second Pass. Creating New Index
 ------------------------------------------------------------
 ENDF/B  MAT MF  MT  Lines  Mod
 Format
 ------------------------------------------------------------
  VI    4725  1 451     67    1
        4725  3   5     33    1
        4725 10   5  12321    1
 ------------------------------------------------------------
 Original Line Count  12429
 Final Line Count     12430
 ------------------------------------------------------------
 ===============================================================================
 DICTIN   Total Execution Time                0.04 Seconds
 ===============================================================================
