 Create New Section Index (DICTIN 2019-1)
 ------------------------------------------------------------
 ENDF/B Input and Output Data Filenames
 ------------------------------------------------------------
 DICTIN.IN                                                               
 DICTIN.OUT                                                              
 ------------------------------------------------------------
 First Pass. Reading ENDF/B Data
 ------------------------------------------------------------
  MAT   Messages
 ------------------------------------------------------------
 2025
 ------------------------------------------------------------
 Second Pass. Creating New Index
 ------------------------------------------------------------
 ENDF/B  MAT MF  MT  Lines  Mod
 Format
 ------------------------------------------------------------
  VI    2025  1 451     63    1
        2025  3   5     83    0
        2025 10   5   1969    1
 ------------------------------------------------------------
 Original Line Count   2123
 Final Line Count      2124
 ------------------------------------------------------------
 ===============================================================================
 DICTIN   Total Execution Time                0.01 Seconds
 ===============================================================================
