                                                     MT=  5
 MAT 2025                         0.0        Kelvin Unshielded Cross Sections                          20-Ca-40 

   No.  Group-eV   Average      No.  Group-eV   Average      No.  Group-eV   Average      No.  Group-eV   Average

   103 8200000.00 8.27789E-7    119 17000000.0 .037126251    135 70000000.0 .003342223    151 520000000. 0.0       
   104 8400000.00 1.13099E-5    120 18000000.0 .071007518    136 80000000.0 .003208855    152 560000000. 0.0       
   105 8600000.00 2.45686E-5    121 19000000.0 .092807327    137 90000000.0 .003040647    153 600000000. 0.0       
   106 8800000.00 3.78272E-5    122 20000000.0 .082689436    138 100000000. .002728119    154 640000000. 0.0       
   107 9000000.00 5.10857E-5    123 22000000.0 .044619698    139 120000000. .002352442    155 680000000. 0.0       
   108 9200000.00 6.43447E-5    124 24000000.0 .029332211    140 140000000. 0.0           156 720000000. 0.0       
   109 9400000.00 7.76037E-5    125 26000000.0 .020502792    141 160000000. 0.0           157 760000000. 0.0       
   110 9600000.00 9.08622E-5    126 28000000.0 .019907375    142 180000000. 0.0           158 800000000. 0.0       
   111 9800000.00 1.04120E-4    127 30000000.0 .013216967    143 200000000. 0.0           159 840000000. 0.0       
   112 10000000.0 6.26565E-4    128 35000000.0 .013188129    144 240000000. 0.0           160 880000000. 0.0       
   113 11000000.0 .001675521    129 40000000.0 .010051653    145 280000000. 0.0           161 920000000. 0.0       
   114 12000000.0 .005311384    130 45000000.0 .005514435    146 320000000. 0.0           162 960000000. 0.0       
   115 13000000.0 .011620426    131 50000000.0 .004181281    147 360000000. 0.0           163 1.00000E+9
   116 14000000.0 .013682584    132 54000000.0 .003866883    148 400000000. 0.0       
   117 15000000.0 .019870172    133 55000000.0 .003682126    149 440000000. 0.0       
   118 16000000.0 .022567266    134 60000000.0 .003474420    150 480000000. 0.0       
 
                                                     MT=  5
 MAT 2025                         0.0        Kelvin Unshielded Cross Sections                          20-Ca-40 

   No.  Group-eV   Average      No.  Group-eV   Average      No.  Group-eV   Average      No.  Group-eV   Average

   117 15000000.0 1.20334E-4    129 40000000.0 .004053676    141 160000000. 0.0           153 600000000. 0.0       
   118 16000000.0 .001181549    130 45000000.0 .001997043    142 180000000. 0.0           154 640000000. 0.0       
   119 17000000.0 .003112198    131 50000000.0 .001396310    143 200000000. 0.0           155 680000000. 0.0       
   120 18000000.0 .008271640    132 54000000.0 .001287688    144 240000000. 0.0           156 720000000. 0.0       
   121 19000000.0 .014123948    133 55000000.0 .001414683    145 280000000. 0.0           157 760000000. 0.0       
   122 20000000.0 .014093982    134 60000000.0 .001263009    146 320000000. 0.0           158 800000000. 0.0       
   123 22000000.0 .008630384    135 70000000.0 .001525860    147 360000000. 0.0           159 840000000. 0.0       
   124 24000000.0 .006514880    136 80000000.0 .001679702    148 400000000. 0.0           160 880000000. 0.0       
   125 26000000.0 .004599030    137 90000000.0 .001665533    149 440000000. 0.0           161 920000000. 0.0       
   126 28000000.0 .004690556    138 100000000. .001525097    150 480000000. 0.0           162 960000000. 0.0       
   127 30000000.0 .003542907    139 120000000. .001401774    151 520000000. 0.0           163 1.00000E+9
   128 35000000.0 .003905015    140 140000000. 0.0           152 560000000. 0.0       
 
                                                     MT=  5
 MAT 2025                         0.0        Kelvin Unshielded Cross Sections                          20-Ca-40 

   No.  Group-eV   Average      No.  Group-eV   Average      No.  Group-eV   Average      No.  Group-eV   Average

   103 8200000.00 3.51794E-8    119 17000000.0 .023249120    135 70000000.0 .005342162    151 520000000. 0.0       
   104 8400000.00 1.55175E-6    120 18000000.0 .035909856    136 80000000.0 .005015795    152 560000000. 0.0       
   105 8600000.00 5.84703E-6    121 19000000.0 .036131028    137 90000000.0 .004491782    153 600000000. 0.0       
   106 8800000.00 1.33169E-5    122 20000000.0 .023148946    138 100000000. .003807542    154 640000000. 0.0       
   107 9000000.00 2.39613E-5    123 22000000.0 .028957506    139 120000000. .003048221    155 680000000. 0.0       
   108 9200000.00 3.77805E-5    124 24000000.0 .037333090    140 140000000. 0.0           156 720000000. 0.0       
   109 9400000.00 5.47744E-5    125 26000000.0 .029349726    141 160000000. 0.0           157 760000000. 0.0       
   110 9600000.00 7.49424E-5    126 28000000.0 .032064033    142 180000000. 0.0           158 800000000. 0.0       
   111 9800000.00 9.82840E-5    127 30000000.0 .023204696    143 200000000. 0.0           159 840000000. 0.0       
   112 10000000.0 6.26690E-4    128 35000000.0 .022254096    144 240000000. 0.0           160 880000000. 0.0       
   113 11000000.0 .001675856    129 40000000.0 .014800970    145 280000000. 0.0           161 920000000. 0.0       
   114 12000000.0 .005281760    130 45000000.0 .007995019    146 320000000. 0.0           162 960000000. 0.0       
   115 13000000.0 .011450064    131 50000000.0 .005804442    147 360000000. 0.0           163 1.00000E+9
   116 14000000.0 .012842642    132 54000000.0 .005449411    148 400000000. 0.0       
   117 15000000.0 .016886774    133 55000000.0 .005438374    149 440000000. 0.0       
   118 16000000.0 .016827793    134 60000000.0 .005422906    150 480000000. 0.0       
 
                                                     MT=  5
 MAT 2025                         0.0        Kelvin Unshielded Cross Sections                          20-Ca-40 

   No.  Group-eV   Average      No.  Group-eV   Average      No.  Group-eV   Average      No.  Group-eV   Average

   121 19000000.0 4.9653E-15    132 54000000.0 2.25687E-5    143 200000000. 0.0           154 640000000. 0.0       
   122 20000000.0 2.2000E-14    133 55000000.0 2.07051E-5    144 240000000. 0.0           155 680000000. 0.0       
   123 22000000.0 2.5329E-14    134 60000000.0 1.78235E-5    145 280000000. 0.0           156 720000000. 0.0       
   124 24000000.0 5.10738E-6    135 70000000.0 1.53190E-5    146 320000000. 0.0           157 760000000. 0.0       
   125 26000000.0 1.93695E-5    136 80000000.0 1.12626E-5    147 360000000. 0.0           158 800000000. 0.0       
   126 28000000.0 5.60773E-5    137 90000000.0 7.94750E-6    148 400000000. 0.0           159 840000000. 0.0       
   127 30000000.0 1.12219E-4    138 100000000. 5.62411E-6    149 440000000. 0.0           160 880000000. 0.0       
   128 35000000.0 1.89989E-4    139 120000000. 4.07397E-6    150 480000000. 0.0           161 920000000. 0.0       
   129 40000000.0 1.04413E-4    140 140000000. 0.0           151 520000000. 0.0           162 960000000. 0.0       
   130 45000000.0 3.93502E-5    141 160000000. 0.0           152 560000000. 0.0           163 1.00000E+9
   131 50000000.0 2.45038E-5    142 180000000. 0.0           153 600000000. 0.0       
 
                                                     MT=  5
 MAT 2025                         0.0        Kelvin Unshielded Cross Sections                          20-Ca-40 

   No.  Group-eV   Average      No.  Group-eV   Average      No.  Group-eV   Average      No.  Group-eV   Average

   124 24000000.0 2.8828E-17    134 60000000.0 5.22646E-7    144 240000000. 0.0           154 640000000. 0.0       
   125 26000000.0 1.9985E-16    135 70000000.0 4.62484E-7    145 280000000. 0.0           155 680000000. 0.0       
   126 28000000.0 3.8825E-16    136 80000000.0 4.46094E-7    146 320000000. 0.0           156 720000000. 0.0       
   127 30000000.0 5.23517E-6    137 90000000.0 4.23996E-7    147 360000000. 0.0           157 760000000. 0.0       
   128 35000000.0 8.47875E-6    138 100000000. 3.80815E-7    148 400000000. 0.0           158 800000000. 0.0       
   129 40000000.0 4.69486E-6    139 120000000. 3.27659E-7    149 440000000. 0.0           159 840000000. 0.0       
   130 45000000.0 1.91390E-6    140 140000000. 0.0           150 480000000. 0.0           160 880000000. 0.0       
   131 50000000.0 1.15307E-6    141 160000000. 0.0           151 520000000. 0.0           161 920000000. 0.0       
   132 54000000.0 9.49979E-7    142 180000000. 0.0           152 560000000. 0.0           162 960000000. 0.0       
   133 55000000.0 7.86746E-7    143 200000000. 0.0           153 600000000. 0.0           163 1.00000E+9
 
                                                     MT=  5
 MAT 2025                         0.0        Kelvin Unshielded Cross Sections                          20-Ca-40 

   No.  Group-eV   Average      No.  Group-eV   Average      No.  Group-eV   Average      No.  Group-eV   Average

   120 18000000.0 8.3671E-15    131 50000000.0 1.48484E-7    142 180000000. 0.0           153 600000000. 0.0       
   121 19000000.0 3.6503E-13    132 54000000.0 1.16704E-7    143 200000000. 0.0           154 640000000. 0.0       
   122 20000000.0 9.9339E-13    133 55000000.0 9.39732E-8    144 240000000. 0.0           155 680000000. 0.0       
   123 22000000.0 1.0413E-12    134 60000000.0 7.60141E-8    145 280000000. 0.0           156 720000000. 0.0       
   124 24000000.0 1.0270E-12    135 70000000.0 7.38591E-8    146 320000000. 0.0           157 760000000. 0.0       
   125 26000000.0 1.08927E-6    136 80000000.0 7.12411E-8    147 360000000. 0.0           158 800000000. 0.0       
   126 28000000.0 2.22141E-6    137 90000000.0 6.77101E-8    148 400000000. 0.0           159 840000000. 0.0       
   127 30000000.0 1.51303E-6    138 100000000. 6.08143E-8    149 440000000. 0.0           160 880000000. 0.0       
   128 35000000.0 1.27874E-6    139 120000000. 5.23252E-8    150 480000000. 0.0           161 920000000. 0.0       
   129 40000000.0 6.81705E-7    140 140000000. 0.0           151 520000000. 0.0           162 960000000. 0.0       
   130 45000000.0 2.63333E-7    141 160000000. 0.0           152 560000000. 0.0           163 1.00000E+9
 
                                                     MT=  5
 MAT 2025                         0.0        Kelvin Unshielded Cross Sections                          20-Ca-40 

   No.  Group-eV   Average      No.  Group-eV   Average      No.  Group-eV   Average      No.  Group-eV   Average

   103 8200000.00 8.5772E-17    119 17000000.0 .002493626    135 70000000.0 2.45591E-5    151 520000000. 0.0       
   104 8400000.00 3.7834E-15    120 18000000.0 .005873522    136 80000000.0 2.36886E-5    152 560000000. 0.0       
   105 8600000.00 1.4256E-14    121 19000000.0 .008885593    137 90000000.0 2.25146E-5    153 600000000. 0.0       
   106 8800000.00 3.2468E-14    122 20000000.0 .008714373    138 100000000. 2.02217E-5    154 640000000. 0.0       
   107 9000000.00 5.8421E-14    123 22000000.0 .004851753    139 120000000. 1.73992E-5    155 680000000. 0.0       
   108 9200000.00 9.2114E-14    124 24000000.0 .003051617    140 140000000. 0.0           156 720000000. 0.0       
   109 9400000.00 1.3355E-13    125 26000000.0 .001826674    141 160000000. 0.0           157 760000000. 0.0       
   110 9600000.00 1.8272E-13    126 28000000.0 .001404552    142 180000000. 0.0           158 800000000. 0.0       
   111 9800000.00 2.3963E-13    127 30000000.0 5.20929E-4    143 200000000. 0.0           159 840000000. 0.0       
   112 10000000.0 2.1155E-12    128 35000000.0 1.75216E-4    144 240000000. 0.0           160 880000000. 0.0       
   113 11000000.0 7.8737E-12    129 40000000.0 9.03123E-5    145 280000000. 0.0           161 920000000. 0.0       
   114 12000000.0 3.3105E-11    130 45000000.0 4.07355E-5    146 320000000. 0.0           162 960000000. 0.0       
   115 13000000.0 8.8424E-11    131 50000000.0 2.95766E-5    147 360000000. 0.0           163 1.00000E+9
   116 14000000.0 1.33704E-4    132 54000000.0 2.75382E-5    148 400000000. 0.0       
   117 15000000.0 6.01320E-4    133 55000000.0 2.64184E-5    149 440000000. 0.0       
   118 16000000.0 .001111579    134 60000000.0 2.52757E-5    150 480000000. 0.0       
 
                                                     MT=  5
 MAT 2025                         0.0        Kelvin Unshielded Cross Sections                          20-Ca-40 

   No.  Group-eV   Average      No.  Group-eV   Average      No.  Group-eV   Average      No.  Group-eV   Average

   130 45000000.0 1.1785E-19    139 120000000. 1.10183E-5    148 400000000. 0.0           157 760000000. 0.0       
   131 50000000.0 5.6455E-19    140 140000000. 0.0           149 440000000. 0.0           158 800000000. 0.0       
   132 54000000.0 7.9315E-19    141 160000000. 0.0           150 480000000. 0.0           159 840000000. 0.0       
   133 55000000.0 1.0501E-18    142 180000000. 0.0           151 520000000. 0.0           160 880000000. 0.0       
   134 60000000.0 7.60216E-7    143 200000000. 0.0           152 560000000. 0.0           161 920000000. 0.0       
   135 70000000.0 4.27542E-6    144 240000000. 0.0           153 600000000. 0.0           162 960000000. 0.0       
   136 80000000.0 8.65140E-6    145 280000000. 0.0           154 640000000. 0.0           163 1.00000E+9
   137 90000000.0 1.10920E-5    146 320000000. 0.0           155 680000000. 0.0       
   138 100000000. 1.00860E-5    147 360000000. 0.0           156 720000000. 0.0       
 
                                                     MT=  5
 MAT 2025                         0.0        Kelvin Unshielded Cross Sections                          20-Ca-40 

   No.  Group-eV   Average      No.  Group-eV   Average      No.  Group-eV   Average      No.  Group-eV   Average

   127 30000000.0 1.0266E-11    137 90000000.0 4.33846E-5    147 360000000. 0.0           157 760000000. 0.0       
   128 35000000.0 5.2497E-11    138 100000000. 3.58233E-5    148 400000000. 0.0           158 800000000. 0.0       
   129 40000000.0 6.9540E-11    139 120000000. 3.28901E-5    149 440000000. 0.0           159 840000000. 0.0       
   130 45000000.0 3.12723E-6    140 140000000. 0.0           150 480000000. 0.0           160 880000000. 0.0       
   131 50000000.0 9.41545E-6    141 160000000. 0.0           151 520000000. 0.0           161 920000000. 0.0       
   132 54000000.0 1.39171E-5    142 180000000. 0.0           152 560000000. 0.0           162 960000000. 0.0       
   133 55000000.0 2.11694E-5    143 200000000. 0.0           153 600000000. 0.0           163 1.00000E+9
   134 60000000.0 3.67198E-5    144 240000000. 0.0           154 640000000. 0.0       
   135 70000000.0 4.39164E-5    145 280000000. 0.0           155 680000000. 0.0       
   136 80000000.0 4.58634E-5    146 320000000. 0.0           156 720000000. 0.0       
 
                                                     MT=  5
 MAT 2025                         0.0        Kelvin Unshielded Cross Sections                          20-Ca-40 

   No.  Group-eV   Average      No.  Group-eV   Average      No.  Group-eV   Average      No.  Group-eV   Average

   124 24000000.0 1.3686E-12    134 60000000.0 1.22662E-4    144 240000000. 0.0           154 640000000. 0.0       
   125 26000000.0 8.1459E-10    135 70000000.0 8.40956E-5    145 280000000. 0.0           155 680000000. 0.0       
   126 28000000.0 2.34141E-9    136 80000000.0 6.74907E-5    146 320000000. 0.0           156 720000000. 0.0       
   127 30000000.0 3.25054E-9    137 90000000.0 6.41035E-5    147 360000000. 0.0           157 760000000. 0.0       
   128 35000000.0 7.87609E-6    138 100000000. 6.31012E-5    148 400000000. 0.0           158 800000000. 0.0       
   129 40000000.0 8.92594E-5    139 120000000. 4.92950E-5    149 440000000. 0.0           159 840000000. 0.0       
   130 45000000.0 1.40486E-4    140 140000000. 0.0           150 480000000. 0.0           160 880000000. 0.0       
   131 50000000.0 1.58158E-4    141 160000000. 0.0           151 520000000. 0.0           161 920000000. 0.0       
   132 54000000.0 1.67124E-4    142 180000000. 0.0           152 560000000. 0.0           162 960000000. 0.0       
   133 55000000.0 1.59263E-4    143 200000000. 0.0           153 600000000. 0.0           163 1.00000E+9
 
                                                     MT=  5
 MAT 2025                         0.0        Kelvin Unshielded Cross Sections                          20-Ca-40 

   No.  Group-eV   Average      No.  Group-eV   Average      No.  Group-eV   Average      No.  Group-eV   Average

   117 15000000.0 1.04317E-6    129 40000000.0 8.53900E-4    141 160000000. 0.0           153 600000000. 0.0       
   118 16000000.0 1.06931E-5    130 45000000.0 2.57661E-4    142 180000000. 0.0           154 640000000. 0.0       
   119 17000000.0 3.56854E-5    131 50000000.0 1.33475E-4    143 200000000. 0.0           155 680000000. 0.0       
   120 18000000.0 1.02748E-4    132 54000000.0 1.18299E-4    144 240000000. 0.0           156 720000000. 0.0       
   121 19000000.0 1.77419E-4    133 55000000.0 1.19274E-4    145 280000000. 0.0           157 760000000. 0.0       
   122 20000000.0 2.13902E-4    134 60000000.0 1.43853E-4    146 320000000. 0.0           158 800000000. 0.0       
   123 22000000.0 1.57637E-4    135 70000000.0 1.83267E-4    147 360000000. 0.0           159 840000000. 0.0       
   124 24000000.0 1.32240E-4    136 80000000.0 2.10294E-4    148 400000000. 0.0           160 880000000. 0.0       
   125 26000000.0 3.95605E-4    137 90000000.0 2.02854E-4    149 440000000. 0.0           161 920000000. 0.0       
   126 28000000.0 .001071168    138 100000000. 1.80021E-4    150 480000000. 0.0           162 960000000. 0.0       
   127 30000000.0 .001567469    139 120000000. 1.44537E-4    151 520000000. 0.0           163 1.00000E+9
   128 35000000.0 .001870196    140 140000000. 0.0           152 560000000. 0.0       
 
                                                     MT=  5
 MAT 2025                         0.0        Kelvin Unshielded Cross Sections                          20-Ca-40 

   No.  Group-eV   Average      No.  Group-eV   Average      No.  Group-eV   Average      No.  Group-eV   Average

   125 26000000.0 2.6726E-17    135 70000000.0 9.93342E-5    145 280000000. 0.0           155 680000000. 0.0       
   126 28000000.0 7.0440E-16    136 80000000.0 1.00054E-4    146 320000000. 0.0           156 720000000. 0.0       
   127 30000000.0 1.5440E-15    137 90000000.0 9.51179E-5    147 360000000. 0.0           157 760000000. 0.0       
   128 35000000.0 2.59750E-5    138 100000000. 8.19449E-5    148 400000000. 0.0           158 800000000. 0.0       
   129 40000000.0 1.52553E-4    139 120000000. 5.83474E-5    149 440000000. 0.0           159 840000000. 0.0       
   130 45000000.0 1.10129E-4    140 140000000. 0.0           150 480000000. 0.0           160 880000000. 0.0       
   131 50000000.0 8.47749E-5    141 160000000. 0.0           151 520000000. 0.0           161 920000000. 0.0       
   132 54000000.0 6.67295E-5    142 180000000. 0.0           152 560000000. 0.0           162 960000000. 0.0       
   133 55000000.0 7.03590E-5    143 200000000. 0.0           153 600000000. 0.0           163 1.00000E+9
   134 60000000.0 8.71512E-5    144 240000000. 0.0           154 640000000. 0.0       
 
                                                     MT=  5
 MAT 2025                         0.0        Kelvin Unshielded Cross Sections                          20-Ca-40 

   No.  Group-eV   Average      No.  Group-eV   Average      No.  Group-eV   Average      No.  Group-eV   Average

   124 24000000.0 1.1231E-12    134 60000000.0 1.74249E-5    144 240000000. 0.0           154 640000000. 0.0       
   125 26000000.0 7.2093E-12    135 70000000.0 1.74360E-5    145 280000000. 0.0           155 680000000. 0.0       
   126 28000000.0 1.3854E-11    136 80000000.0 1.52613E-5    146 320000000. 0.0           156 720000000. 0.0       
   127 30000000.0 1.6695E-11    137 90000000.0 1.27758E-5    147 360000000. 0.0           157 760000000. 0.0       
   128 35000000.0 1.02894E-6    138 100000000. 1.08212E-5    148 400000000. 0.0           158 800000000. 0.0       
   129 40000000.0 7.49444E-6    139 120000000. 8.89802E-6    149 440000000. 0.0           159 840000000. 0.0       
   130 45000000.0 1.09296E-5    140 140000000. 0.0           150 480000000. 0.0           160 880000000. 0.0       
   131 50000000.0 1.31131E-5    141 160000000. 0.0           151 520000000. 0.0           161 920000000. 0.0       
   132 54000000.0 1.46570E-5    142 180000000. 0.0           152 560000000. 0.0           162 960000000. 0.0       
   133 55000000.0 1.57984E-5    143 200000000. 0.0           153 600000000. 0.0           163 1.00000E+9
 
                                                     MT=  5
 MAT 2025                         0.0        Kelvin Unshielded Cross Sections                          20-Ca-40 

   No.  Group-eV   Average      No.  Group-eV   Average      No.  Group-eV   Average      No.  Group-eV   Average

   131 50000000.0 7.7784E-13    140 140000000. 0.0           149 440000000. 0.0           158 800000000. 0.0       
   132 54000000.0 4.0366E-12    141 160000000. 0.0           150 480000000. 0.0           159 840000000. 0.0       
   133 55000000.0 8.5754E-12    142 180000000. 0.0           151 520000000. 0.0           160 880000000. 0.0       
   134 60000000.0 1.1694E-10    143 200000000. 0.0           152 560000000. 0.0           161 920000000. 0.0       
   135 70000000.0 1.13212E-9    144 240000000. 0.0           153 600000000. 0.0           162 960000000. 0.0       
   136 80000000.0 1.54553E-9    145 280000000. 0.0           154 640000000. 0.0           163 1.00000E+9
   137 90000000.0 1.36344E-9    146 320000000. 0.0           155 680000000. 0.0       
   138 100000000. 1.78479E-9    147 360000000. 0.0           156 720000000. 0.0       
   139 120000000. 2.49918E-9    148 400000000. 0.0           157 760000000. 0.0       
 
                                                     MT=  5
 MAT 2025                         0.0        Kelvin Unshielded Cross Sections                          20-Ca-40 

   No.  Group-eV   Average      No.  Group-eV   Average      No.  Group-eV   Average      No.  Group-eV   Average

   128 35000000.0 1.9216E-10    137 90000000.0 9.78060E-5    146 320000000. 0.0           155 680000000. 0.0       
   129 40000000.0 4.2045E-10    138 100000000. 8.45790E-5    147 360000000. 0.0           156 720000000. 0.0       
   130 45000000.0 3.24353E-7    139 120000000. 9.38216E-5    148 400000000. 0.0           157 760000000. 0.0       
   131 50000000.0 7.65326E-7    140 140000000. 0.0           149 440000000. 0.0           158 800000000. 0.0       
   132 54000000.0 9.86447E-7    141 160000000. 0.0           150 480000000. 0.0           159 840000000. 0.0       
   133 55000000.0 1.16166E-6    142 180000000. 0.0           151 520000000. 0.0           160 880000000. 0.0       
   134 60000000.0 2.84795E-6    143 200000000. 0.0           152 560000000. 0.0           161 920000000. 0.0       
   135 70000000.0 2.83930E-5    144 240000000. 0.0           153 600000000. 0.0           162 960000000. 0.0       
   136 80000000.0 7.85482E-5    145 280000000. 0.0           154 640000000. 0.0           163 1.00000E+9
 
                                                     MT=  5
 MAT 2025                         0.0        Kelvin Unshielded Cross Sections                          20-Ca-40 

   No.  Group-eV   Average      No.  Group-eV   Average      No.  Group-eV   Average      No.  Group-eV   Average

   123 22000000.0 1.1170E-12    134 60000000.0 7.42283E-5    145 280000000. 0.0           156 720000000. 0.0       
   124 24000000.0 3.1036E-12    135 70000000.0 1.49868E-4    146 320000000. 0.0           157 760000000. 0.0       
   125 26000000.0 3.9026E-12    136 80000000.0 1.57240E-4    147 360000000. 0.0           158 800000000. 0.0       
   126 28000000.0 5.3945E-12    137 90000000.0 1.40616E-4    148 400000000. 0.0           159 840000000. 0.0       
   127 30000000.0 2.71547E-5    138 100000000. 1.47969E-4    149 440000000. 0.0           160 880000000. 0.0       
   128 35000000.0 1.72761E-4    139 120000000. 1.31282E-4    150 480000000. 0.0           161 920000000. 0.0       
   129 40000000.0 1.61211E-4    140 140000000. 0.0           151 520000000. 0.0           162 960000000. 0.0       
   130 45000000.0 6.90534E-5    141 160000000. 0.0           152 560000000. 0.0           163 1.00000E+9
   131 50000000.0 3.92003E-5    142 180000000. 0.0           153 600000000. 0.0       
   132 54000000.0 3.27268E-5    143 200000000. 0.0           154 640000000. 0.0       
   133 55000000.0 3.44073E-5    144 240000000. 0.0           155 680000000. 0.0       
 
                                                     MT=  5
 MAT 2025                         0.0        Kelvin Unshielded Cross Sections                          20-Ca-40 

   No.  Group-eV   Average      No.  Group-eV   Average      No.  Group-eV   Average      No.  Group-eV   Average

   103 8200000.00 8.5772E-17    119 17000000.0 .002493626    135 70000000.0 6.79765E-4    151 520000000. 0.0       
   104 8400000.00 3.7834E-15    120 18000000.0 .005873522    136 80000000.0 6.08335E-4    152 560000000. 0.0       
   105 8600000.00 1.4256E-14    121 19000000.0 .008885593    137 90000000.0 5.08840E-4    153 600000000. 0.0       
   106 8800000.00 3.2468E-14    122 20000000.0 .008714373    138 100000000. 3.93510E-4    154 640000000. 0.0       
   107 9000000.00 5.8421E-14    123 22000000.0 .004851753    139 120000000. 2.91155E-4    155 680000000. 0.0       
   108 9200000.00 9.2114E-14    124 24000000.0 .003051617    140 140000000. 0.0           156 720000000. 0.0       
   109 9400000.00 1.3355E-13    125 26000000.0 .001826674    141 160000000. 0.0           157 760000000. 0.0       
   110 9600000.00 1.8272E-13    126 28000000.0 .001404552    142 180000000. 0.0           158 800000000. 0.0       
   111 9800000.00 2.3963E-13    127 30000000.0 5.20929E-4    143 200000000. 0.0           159 840000000. 0.0       
   112 10000000.0 2.1155E-12    128 35000000.0 2.24743E-4    144 240000000. 0.0           160 880000000. 0.0       
   113 11000000.0 7.8737E-12    129 40000000.0 4.29089E-4    145 280000000. 0.0           161 920000000. 0.0       
   114 12000000.0 3.3105E-11    130 45000000.0 4.39826E-4    146 320000000. 0.0           162 960000000. 0.0       
   115 13000000.0 8.8424E-11    131 50000000.0 4.69607E-4    147 360000000. 0.0           163 1.00000E+9
   116 14000000.0 1.33704E-4    132 54000000.0 5.00256E-4    148 400000000. 0.0       
   117 15000000.0 6.01320E-4    133 55000000.0 5.46096E-4    149 440000000. 0.0       
   118 16000000.0 .001111579    134 60000000.0 6.47905E-4    150 480000000. 0.0       
 
                                                     MT=  5
 MAT 2025                         0.0        Kelvin Unshielded Cross Sections                          20-Ca-40 

   No.  Group-eV   Average      No.  Group-eV   Average      No.  Group-eV   Average      No.  Group-eV   Average

   120 18000000.0 8.3671E-15    131 50000000.0 9.80989E-4    142 180000000. 0.0           153 600000000. 0.0       
   121 19000000.0 3.6503E-13    132 54000000.0 8.88993E-4    143 200000000. 0.0           154 640000000. 0.0       
   122 20000000.0 9.9339E-13    133 55000000.0 7.90425E-4    144 240000000. 0.0           155 680000000. 0.0       
   123 22000000.0 1.0413E-12    134 60000000.0 6.18545E-4    145 280000000. 0.0           156 720000000. 0.0       
   124 24000000.0 1.0270E-12    135 70000000.0 4.90292E-4    146 320000000. 0.0           157 760000000. 0.0       
   125 26000000.0 4.17478E-6    136 80000000.0 4.12375E-4    147 360000000. 0.0           158 800000000. 0.0       
   126 28000000.0 2.12430E-5    137 90000000.0 3.51553E-4    148 400000000. 0.0           159 840000000. 0.0       
   127 30000000.0 2.47459E-4    138 100000000. 2.92963E-4    149 440000000. 0.0           160 880000000. 0.0       
   128 35000000.0 .001681916    139 120000000. 2.27296E-4    150 480000000. 0.0           161 920000000. 0.0       
   129 40000000.0 .002076912    140 140000000. 0.0           151 520000000. 0.0           162 960000000. 0.0       
   130 45000000.0 .001295438    141 160000000. 0.0           152 560000000. 0.0           163 1.00000E+9
 
                                                     MT=  5
 MAT 2025                         0.0        Kelvin Unshielded Cross Sections                          20-Ca-40 

   No.  Group-eV   Average      No.  Group-eV   Average      No.  Group-eV   Average      No.  Group-eV   Average

   116 14000000.0 4.45005E-8    128 35000000.0 .003654420    140 140000000. 0.0           152 560000000. 0.0       
   117 15000000.0 1.07756E-6    129 40000000.0 .001660441    141 160000000. 0.0           153 600000000. 0.0       
   118 16000000.0 2.75693E-6    130 45000000.0 6.05528E-4    142 180000000. 0.0           154 640000000. 0.0       
   119 17000000.0 7.05645E-6    131 50000000.0 3.67004E-4    143 200000000. 0.0           155 680000000. 0.0       
   120 18000000.0 1.83023E-5    132 54000000.0 3.24752E-4    144 240000000. 0.0           156 720000000. 0.0       
   121 19000000.0 2.99300E-5    133 55000000.0 2.99007E-4    145 280000000. 0.0           157 760000000. 0.0       
   122 20000000.0 .003211911    134 60000000.0 2.67268E-4    146 320000000. 0.0           158 800000000. 0.0       
   123 22000000.0 .006212762    135 70000000.0 2.39550E-4    147 360000000. 0.0           159 840000000. 0.0       
   124 24000000.0 .007946569    136 80000000.0 2.12954E-4    148 400000000. 0.0           160 880000000. 0.0       
   125 26000000.0 .007825018    137 90000000.0 1.91949E-4    149 440000000. 0.0           161 920000000. 0.0       
   126 28000000.0 .008792926    138 100000000. 1.62467E-4    150 480000000. 0.0           162 960000000. 0.0       
   127 30000000.0 .005597812    139 120000000. 1.24930E-4    151 520000000. 0.0           163 1.00000E+9
 
                                                     MT=  5
 MAT 2025                         0.0        Kelvin Unshielded Cross Sections                          20-Ca-40 

   No.  Group-eV   Average      No.  Group-eV   Average      No.  Group-eV   Average      No.  Group-eV   Average

   124 24000000.0 2.8828E-17    134 60000000.0 1.27190E-4    144 240000000. 0.0           154 640000000. 0.0       
   125 26000000.0 1.9985E-16    135 70000000.0 9.07757E-5    145 280000000. 0.0           155 680000000. 0.0       
   126 28000000.0 3.8825E-16    136 80000000.0 7.68051E-5    146 320000000. 0.0           156 720000000. 0.0       
   127 30000000.0 6.18245E-6    137 90000000.0 7.30698E-5    147 360000000. 0.0           157 760000000. 0.0       
   128 35000000.0 4.21027E-5    138 100000000. 5.54514E-5    148 400000000. 0.0           158 800000000. 0.0       
   129 40000000.0 1.45678E-4    139 120000000. 4.49779E-5    149 440000000. 0.0           159 840000000. 0.0       
   130 45000000.0 1.69584E-4    140 140000000. 0.0           150 480000000. 0.0           160 880000000. 0.0       
   131 50000000.0 1.70528E-4    141 160000000. 0.0           151 520000000. 0.0           161 920000000. 0.0       
   132 54000000.0 1.73497E-4    142 180000000. 0.0           152 560000000. 0.0           162 960000000. 0.0       
   133 55000000.0 1.61906E-4    143 200000000. 0.0           153 600000000. 0.0           163 1.00000E+9
 
                                                     MT=  5
 MAT 2025                         0.0        Kelvin Unshielded Cross Sections                          20-Ca-40 

   No.  Group-eV   Average      No.  Group-eV   Average      No.  Group-eV   Average      No.  Group-eV   Average

   121 19000000.0 6.34925E-9    132 54000000.0 5.08458E-4    143 200000000. 0.0           154 640000000. 0.0       
   122 20000000.0 2.81315E-8    133 55000000.0 4.59878E-4    144 240000000. 0.0           155 680000000. 0.0       
   123 22000000.0 3.23891E-8    134 60000000.0 3.91420E-4    145 280000000. 0.0           156 720000000. 0.0       
   124 24000000.0 6.43626E-4    135 70000000.0 3.40739E-4    146 320000000. 0.0           157 760000000. 0.0       
   125 26000000.0 .001793304    136 80000000.0 3.00109E-4    147 360000000. 0.0           158 800000000. 0.0       
   126 28000000.0 .003831501    137 90000000.0 2.65004E-4    148 400000000. 0.0           159 840000000. 0.0       
   127 30000000.0 .005262608    138 100000000. 2.19398E-4    149 440000000. 0.0           160 880000000. 0.0       
   128 35000000.0 .006414234    139 120000000. 1.66243E-4    150 480000000. 0.0           161 920000000. 0.0       
   129 40000000.0 .003110792    140 140000000. 0.0           151 520000000. 0.0           162 960000000. 0.0       
   130 45000000.0 .001045995    141 160000000. 0.0           152 560000000. 0.0           163 1.00000E+9
   131 50000000.0 5.85034E-4    142 180000000. 0.0           153 600000000. 0.0       
 
                                                     MT=  5
 MAT 2025                         0.0        Kelvin Unshielded Cross Sections                          20-Ca-40 

   No.  Group-eV   Average      No.  Group-eV   Average      No.  Group-eV   Average      No.  Group-eV   Average

   103 8200000.00 3.51724E-8    119 17000000.0 .033525102    135 70000000.0 1.52690E-4    151 520000000. 0.0       
   104 8400000.00 1.55144E-6    120 18000000.0 .061319263    136 80000000.0 1.33732E-4    152 560000000. 0.0       
   105 8600000.00 5.84586E-6    121 19000000.0 .076180493    137 90000000.0 1.20552E-4    153 600000000. 0.0       
   106 8800000.00 1.33142E-5    122 20000000.0 .061020344    138 100000000. 1.03246E-4    154 640000000. 0.0       
   107 9000000.00 2.39565E-5    123 22000000.0 .026408316    139 120000000. 7.64668E-5    155 680000000. 0.0       
   108 9200000.00 3.77730E-5    124 24000000.0 .012342643    140 140000000. 0.0           156 720000000. 0.0       
   109 9400000.00 5.47634E-5    125 26000000.0 .005484326    141 160000000. 0.0           157 760000000. 0.0       
   110 9600000.00 7.49275E-5    126 28000000.0 .003649258    142 180000000. 0.0           158 800000000. 0.0       
   111 9800000.00 9.82644E-5    127 30000000.0 .001719853    143 200000000. 0.0           159 840000000. 0.0       
   112 10000000.0 6.26565E-4    128 35000000.0 .001216844    144 240000000. 0.0           160 880000000. 0.0       
   113 11000000.0 .001675521    129 40000000.0 6.89275E-4    145 280000000. 0.0           161 920000000. 0.0       
   114 12000000.0 .005296200    130 45000000.0 3.05942E-4    146 320000000. 0.0           162 960000000. 0.0       
   115 13000000.0 .011534980    131 50000000.0 2.11275E-4    147 360000000. 0.0           163 1.00000E+9
   116 14000000.0 .013429232    132 54000000.0 1.94844E-4    148 400000000. 0.0       
   117 15000000.0 .019127824    133 55000000.0 1.85202E-4    149 440000000. 0.0       
   118 16000000.0 .021130756    134 60000000.0 1.72107E-4    150 480000000. 0.0       
 
                                                     MT=  5
 MAT 2025                         0.0        Kelvin Unshielded Cross Sections                          20-Ca-40 

   No.  Group-eV   Average      No.  Group-eV   Average      No.  Group-eV   Average      No.  Group-eV   Average

   130 45000000.0 2.3821E-15    139 120000000. 3.33937E-8    148 400000000. 0.0           157 760000000. 0.0       
   131 50000000.0 2.21821E-9    140 140000000. 0.0           149 440000000. 0.0           158 800000000. 0.0       
   132 54000000.0 4.80305E-9    141 160000000. 0.0           150 480000000. 0.0           159 840000000. 0.0       
   133 55000000.0 8.46249E-9    142 180000000. 0.0           151 520000000. 0.0           160 880000000. 0.0       
   134 60000000.0 2.67752E-8    143 200000000. 0.0           152 560000000. 0.0           161 920000000. 0.0       
   135 70000000.0 6.02979E-8    144 240000000. 0.0           153 600000000. 0.0           162 960000000. 0.0       
   136 80000000.0 6.46960E-8    145 280000000. 0.0           154 640000000. 0.0           163 1.00000E+9
   137 90000000.0 5.12469E-8    146 320000000. 0.0           155 680000000. 0.0       
   138 100000000. 4.02277E-8    147 360000000. 0.0           156 720000000. 0.0       
 
                                                     MT=  5
 MAT 2025                         0.0        Kelvin Unshielded Cross Sections                          20-Ca-40 

   No.  Group-eV   Average      No.  Group-eV   Average      No.  Group-eV   Average      No.  Group-eV   Average

   126 28000000.0 1.42628E-6    136 80000000.0 1.65806E-5    146 320000000. 0.0           156 720000000. 0.0       
   127 30000000.0 2.14374E-5    137 90000000.0 1.59237E-5    147 360000000. 0.0           157 760000000. 0.0       
   128 35000000.0 7.01558E-5    138 100000000. 1.51738E-5    148 400000000. 0.0           158 800000000. 0.0       
   129 40000000.0 6.32753E-5    139 120000000. 1.29210E-5    149 440000000. 0.0           159 840000000. 0.0       
   130 45000000.0 3.31268E-5    140 140000000. 0.0           150 480000000. 0.0           160 880000000. 0.0       
   131 50000000.0 2.36022E-5    141 160000000. 0.0           151 520000000. 0.0           161 920000000. 0.0       
   132 54000000.0 2.14055E-5    142 180000000. 0.0           152 560000000. 0.0           162 960000000. 0.0       
   133 55000000.0 1.98439E-5    143 200000000. 0.0           153 600000000. 0.0           163 1.00000E+9
   134 60000000.0 1.78907E-5    144 240000000. 0.0           154 640000000. 0.0       
   135 70000000.0 1.71739E-5    145 280000000. 0.0           155 680000000. 0.0       
 
                                                     MT=  5
 MAT 2025                         0.0        Kelvin Unshielded Cross Sections                          20-Ca-40 

   No.  Group-eV   Average      No.  Group-eV   Average      No.  Group-eV   Average      No.  Group-eV   Average

   117 15000000.0 1.20334E-4    129 40000000.0 .002794237    141 160000000. 0.0           153 600000000. 0.0       
   118 16000000.0 .001181549    130 45000000.0 .001373461    142 180000000. 0.0           154 640000000. 0.0       
   119 17000000.0 .003112198    131 50000000.0 9.26069E-4    143 200000000. 0.0           155 680000000. 0.0       
   120 18000000.0 .008271640    132 54000000.0 7.99769E-4    144 240000000. 0.0           156 720000000. 0.0       
   121 19000000.0 .014123948    133 55000000.0 7.07280E-4    145 280000000. 0.0           157 760000000. 0.0       
   122 20000000.0 .014093982    134 60000000.0 5.71427E-4    146 320000000. 0.0           158 800000000. 0.0       
   123 22000000.0 .008630384    135 70000000.0 4.74033E-4    147 360000000. 0.0           159 840000000. 0.0       
   124 24000000.0 .006514880    136 80000000.0 4.11544E-4    148 400000000. 0.0           160 880000000. 0.0       
   125 26000000.0 .004599030    137 90000000.0 3.58591E-4    149 440000000. 0.0           161 920000000. 0.0       
   126 28000000.0 .004688268    138 100000000. 2.81661E-4    150 480000000. 0.0           162 960000000. 0.0       
   127 30000000.0 .003508610    139 120000000. 2.16698E-4    151 520000000. 0.0           163 1.00000E+9
   128 35000000.0 .003719529    140 140000000. 0.0           152 560000000. 0.0       
 
