 ENDF Activation Cross Sections (ACTIVATE 2019-1)
 ------------------------------------------------------------------------------
 ENDF Input and Output Data Filenames
 ------------------------------------------------------------------------------
 ACTIVATE.IN                                                             
 ACTIVATE.OUT                                                            
 ------------------------------------------------------------------------------
 ENDF Tape Label
 ------------------------------------------------------------------------------
  JENDL/PD-2016.1  Dy-162                                             1
 ------------------------------------------------------------------------------
   Material  MAT  MF  MT  ENDF    ZAP Final      Q-Value Points Points
                          Format      State           eV     In    Out
 ------------------------------------------------------------------------------
  66-Dy-162 6643  10   5   6        1     0   0.0            88     88
  66-Dy-162 6643  10   5   6     1001     0   0.0            88     88
  66-Dy-162 6643  10   5   6     1002     0   0.0            88     88
  66-Dy-162 6643  10   5   6     1003     0   0.0            88     88
  66-Dy-162 6643  10   5   6     2003     0   0.0            88     88
  66-Dy-162 6643  10   5   6     2004     0   0.0            88     88
  66-Dy-162 6643  10   5   6    51129     0   0.0            88     88
  66-Dy-162 6643  10   5   6    51129     1   0.0            88     88
  66-Dy-162 6643  10   5   6    51130     0   0.0            88     88
  66-Dy-162 6643  10   5   6    51130     1   0.0            88     88
  66-Dy-162 6643  10   5   6    51131     0   0.0            88     88
  66-Dy-162 6643  10   5   6    51132     0   0.0            88     88
  66-Dy-162 6643  10   5   6    51132     1   0.0            88     88
  66-Dy-162 6643  10   5   6    51133     0   0.0            88     88
  66-Dy-162 6643  10   5   6    51134     0   0.0            88     88
  66-Dy-162 6643  10   5   6    51134     1   0.0            88     88
  66-Dy-162 6643  10   5   6    51135     0   0.0            88     88
  66-Dy-162 6643  10   5   6    52130     0   0.0            88     88
  66-Dy-162 6643  10   5   6    52131     0   0.0            88     88
  66-Dy-162 6643  10   5   6    52131     1   0.0            88     88
  66-Dy-162 6643  10   5   6    52132     0   0.0            88     88
  66-Dy-162 6643  10   5   6    52133     0   0.0            88     88
  66-Dy-162 6643  10   5   6    52133     1   0.0            88     88
  66-Dy-162 6643  10   5   6    52134     0   0.0            88     88
  66-Dy-162 6643  10   5   6    52135     0   0.0            88     88
  66-Dy-162 6643  10   5   6    52136     0   0.0            88     88
  66-Dy-162 6643  10   5   6    52137     0   0.0            88     88
  66-Dy-162 6643  10   5   6    52138     0   0.0            88     88
  66-Dy-162 6643  10   5   6    53131     0   0.0            88     88
  66-Dy-162 6643  10   5   6    53132     0   0.0            88     88
  66-Dy-162 6643  10   5   6    53133     0   0.0            88     88
  66-Dy-162 6643  10   5   6    53133     1   0.0            88     88
  66-Dy-162 6643  10   5   6    53134     0   0.0            88     88
  66-Dy-162 6643  10   5   6    53135     0   0.0            88     88
  66-Dy-162 6643  10   5   6    53136     0   0.0            88     88
  66-Dy-162 6643  10   5   6    53137     0   0.0            88     88
  66-Dy-162 6643  10   5   6    53138     0   0.0            88     88
  66-Dy-162 6643  10   5   6    53139     0   0.0            88     88
  66-Dy-162 6643  10   5   6    53140     0   0.0            88     88
  66-Dy-162 6643  10   5   6    53141     0   0.0            88     88
  66-Dy-162 6643  10   5   6    54132     0   0.0            88     88
  66-Dy-162 6643  10   5   6    54133     0   0.0            88     88
  66-Dy-162 6643  10   5   6    54133     1   0.0            88     88
  66-Dy-162 6643  10   5   6    54134     0   0.0            88     88
  66-Dy-162 6643  10   5   6    54134     1   0.0            88     88
  66-Dy-162 6643  10   5   6    54135     0   0.0            88     88
  66-Dy-162 6643  10   5   6    54135     1   0.0            88     88
  66-Dy-162 6643  10   5   6    54136     0   0.0            88     88
  66-Dy-162 6643  10   5   6    54137     0   0.0            88     88
  66-Dy-162 6643  10   5   6    54138     0   0.0            88     88
  66-Dy-162 6643  10   5   6    54139     0   0.0            88     88
  66-Dy-162 6643  10   5   6    54140     0   0.0            88     88
  66-Dy-162 6643  10   5   6    54141     0   0.0            88     88
  66-Dy-162 6643  10   5   6    54142     0   0.0            88     88
  66-Dy-162 6643  10   5   6    54143     0   0.0            88     88
  66-Dy-162 6643  10   5   6    54144     0   0.0            88     88
  66-Dy-162 6643  10   5   6    55133     0   0.0            88     88
  66-Dy-162 6643  10   5   6    55134     0   0.0            88     88
  66-Dy-162 6643  10   5   6    55134     1   0.0            88     88
  66-Dy-162 6643  10   5   6    55135     0   0.0            88     88
  66-Dy-162 6643  10   5   6    55136     0   0.0            88     88
  66-Dy-162 6643  10   5   6    55136     1   0.0            88     88
  66-Dy-162 6643  10   5   6    55137     0   0.0            88     88
  66-Dy-162 6643  10   5   6    55138     0   0.0            88     88
  66-Dy-162 6643  10   5   6    55138     1   0.0            88     88
  66-Dy-162 6643  10   5   6    55139     0   0.0            88     88
  66-Dy-162 6643  10   5   6    55140     0   0.0            88     88
  66-Dy-162 6643  10   5   6    55141     0   0.0            88     88
  66-Dy-162 6643  10   5   6    55142     0   0.0            88     88
  66-Dy-162 6643  10   5   6    55143     0   0.0            88     88
  66-Dy-162 6643  10   5   6    55144     0   0.0            88     88
  66-Dy-162 6643  10   5   6    55145     0   0.0            88     88
  66-Dy-162 6643  10   5   6    55146     0   0.0            88     88
  66-Dy-162 6643  10   5   6    56134     0   0.0            88     88
  66-Dy-162 6643  10   5   6    56135     0   0.0            88     88
  66-Dy-162 6643  10   5   6    56135     1   0.0            88     88
  66-Dy-162 6643  10   5   6    56136     0   0.0            88     88
  66-Dy-162 6643  10   5   6    56136     1   0.0            88     88
  66-Dy-162 6643  10   5   6    56137     0   0.0            88     88
  66-Dy-162 6643  10   5   6    56137     1   0.0            88     88
  66-Dy-162 6643  10   5   6    56138     0   0.0            88     88
  66-Dy-162 6643  10   5   6    56139     0   0.0            88     88
  66-Dy-162 6643  10   5   6    56140     0   0.0            88     88
  66-Dy-162 6643  10   5   6    56141     0   0.0            88     88
  66-Dy-162 6643  10   5   6    56142     0   0.0            88     88
  66-Dy-162 6643  10   5   6    56143     0   0.0            88     88
  66-Dy-162 6643  10   5   6    56144     0   0.0            88     88
  66-Dy-162 6643  10   5   6    56145     0   0.0            88     88
  66-Dy-162 6643  10   5   6    56146     0   0.0            88     88
  66-Dy-162 6643  10   5   6    56147     0   0.0            88     88
  66-Dy-162 6643  10   5   6    56148     0   0.0            88     88
  66-Dy-162 6643  10   5   6    57135     0   0.0            88     88
  66-Dy-162 6643  10   5   6    57136     0   0.0            88     88
  66-Dy-162 6643  10   5   6    57136     1   0.0            88     88
  66-Dy-162 6643  10   5   6    57137     0   0.0            88     88
  66-Dy-162 6643  10   5   6    57138     0   0.0            88     88
  66-Dy-162 6643  10   5   6    57139     0   0.0            88     88
  66-Dy-162 6643  10   5   6    57140     0   0.0            88     88
  66-Dy-162 6643  10   5   6    57141     0   0.0            88     88
  66-Dy-162 6643  10   5   6    57142     0   0.0            88     88
  66-Dy-162 6643  10   5   6    57143     0   0.0            88     88
  66-Dy-162 6643  10   5   6    57144     0   0.0            88     88
  66-Dy-162 6643  10   5   6    57145     0   0.0            88     88
  66-Dy-162 6643  10   5   6    57146     0   0.0            88     88
  66-Dy-162 6643  10   5   6    57146     1   0.0            88     88
  66-Dy-162 6643  10   5   6    57147     0   0.0            88     88
  66-Dy-162 6643  10   5   6    57148     0   0.0            88     88
  66-Dy-162 6643  10   5   6    57149     0   0.0            88     88
  66-Dy-162 6643  10   5   6    57150     0   0.0            88     88
  66-Dy-162 6643  10   5   6    57151     0   0.0            88     88
  66-Dy-162 6643  10   5   6    58136     0   0.0            88     88
  66-Dy-162 6643  10   5   6    58137     0   0.0            88     88
  66-Dy-162 6643  10   5   6    58137     1   0.0            88     88
  66-Dy-162 6643  10   5   6    58138     0   0.0            88     88
  66-Dy-162 6643  10   5   6    58139     0   0.0            88     88
  66-Dy-162 6643  10   5   6    58139     1   0.0            88     88
  66-Dy-162 6643  10   5   6    58140     0   0.0            88     88
  66-Dy-162 6643  10   5   6    58141     0   0.0            88     88
  66-Dy-162 6643  10   5   6    58142     0   0.0            88     88
  66-Dy-162 6643  10   5   6    58143     0   0.0            88     88
  66-Dy-162 6643  10   5   6    58144     0   0.0            88     88
  66-Dy-162 6643  10   5   6    58145     0   0.0            88     88
  66-Dy-162 6643  10   5   6    58146     0   0.0            88     88
  66-Dy-162 6643  10   5   6    58147     0   0.0            88     88
  66-Dy-162 6643  10   5   6    58148     0   0.0            88     88
  66-Dy-162 6643  10   5   6    58149     0   0.0            88     88
  66-Dy-162 6643  10   5   6    58150     0   0.0            88     88
  66-Dy-162 6643  10   5   6    58151     0   0.0            88     88
  66-Dy-162 6643  10   5   6    58152     0   0.0            88     88
  66-Dy-162 6643  10   5   6    58153     0   0.0            88     88
  66-Dy-162 6643  10   5   6    59137     0   0.0            88     88
  66-Dy-162 6643  10   5   6    59138     0   0.0            88     88
  66-Dy-162 6643  10   5   6    59138     1   0.0            88     88
  66-Dy-162 6643  10   5   6    59139     0   0.0            88     88
  66-Dy-162 6643  10   5   6    59140     0   0.0            88     88
  66-Dy-162 6643  10   5   6    59141     0   0.0            88     88
  66-Dy-162 6643  10   5   6    59142     0   0.0            88     88
  66-Dy-162 6643  10   5   6    59142     1   0.0            88     88
  66-Dy-162 6643  10   5   6    59143     0   0.0            88     88
  66-Dy-162 6643  10   5   6    59144     0   0.0            88     88
  66-Dy-162 6643  10   5   6    59144     1   0.0            88     88
  66-Dy-162 6643  10   5   6    59145     0   0.0            88     88
  66-Dy-162 6643  10   5   6    59146     0   0.0            88     88
  66-Dy-162 6643  10   5   6    59147     0   0.0            88     88
  66-Dy-162 6643  10   5   6    59148     0   0.0            88     88
  66-Dy-162 6643  10   5   6    59148     1   0.0            88     88
  66-Dy-162 6643  10   5   6    59149     0   0.0            88     88
  66-Dy-162 6643  10   5   6    59150     0   0.0            88     88
  66-Dy-162 6643  10   5   6    59151     0   0.0            88     88
  66-Dy-162 6643  10   5   6    59152     0   0.0            88     88
  66-Dy-162 6643  10   5   6    59153     0   0.0            88     88
  66-Dy-162 6643  10   5   6    59154     0   0.0            88     88
  66-Dy-162 6643  10   5   6    60138     0   0.0            88     88
  66-Dy-162 6643  10   5   6    60139     0   0.0            88     88
  66-Dy-162 6643  10   5   6    60139     1   0.0            88     88
  66-Dy-162 6643  10   5   6    60140     0   0.0            88     88
  66-Dy-162 6643  10   5   6    60141     0   0.0            88     88
  66-Dy-162 6643  10   5   6    60141     1   0.0            88     88
  66-Dy-162 6643  10   5   6    60142     0   0.0            88     88
  66-Dy-162 6643  10   5   6    60143     0   0.0            88     88
  66-Dy-162 6643  10   5   6    60144     0   0.0            88     88
  66-Dy-162 6643  10   5   6    60145     0   0.0            88     88
  66-Dy-162 6643  10   5   6    60146     0   0.0            88     88
  66-Dy-162 6643  10   5   6    60147     0   0.0            88     88
  66-Dy-162 6643  10   5   6    60148     0   0.0            88     88
  66-Dy-162 6643  10   5   6    60149     0   0.0            88     88
  66-Dy-162 6643  10   5   6    60150     0   0.0            88     88
  66-Dy-162 6643  10   5   6    60151     0   0.0            88     88
  66-Dy-162 6643  10   5   6    60152     0   0.0            88     88
  66-Dy-162 6643  10   5   6    60153     0   0.0            88     88
  66-Dy-162 6643  10   5   6    60154     0   0.0            88     88
  66-Dy-162 6643  10   5   6    60155     0   0.0            88     88
  66-Dy-162 6643  10   5   6    60156     0   0.0            88     88
  66-Dy-162 6643  10   5   6    61139     0   0.0            88     88
  66-Dy-162 6643  10   5   6    61139     1   0.0            88     88
  66-Dy-162 6643  10   5   6    61140     0   0.0            88     88
  66-Dy-162 6643  10   5   6    61140     1   0.0            88     88
  66-Dy-162 6643  10   5   6    61141     0   0.0            88     88
  66-Dy-162 6643  10   5   6    61142     0   0.0            88     88
  66-Dy-162 6643  10   5   6    61143     0   0.0            88     88
  66-Dy-162 6643  10   5   6    61144     0   0.0            88     88
  66-Dy-162 6643  10   5   6    61145     0   0.0            88     88
  66-Dy-162 6643  10   5   6    61146     0   0.0            88     88
  66-Dy-162 6643  10   5   6    61147     0   0.0            88     88
  66-Dy-162 6643  10   5   6    61148     0   0.0            88     88
  66-Dy-162 6643  10   5   6    61148     1   0.0            88     88
  66-Dy-162 6643  10   5   6    61149     0   0.0            88     88
  66-Dy-162 6643  10   5   6    61150     0   0.0            88     88
  66-Dy-162 6643  10   5   6    61151     0   0.0            88     88
  66-Dy-162 6643  10   5   6    61152     0   0.0            88     88
  66-Dy-162 6643  10   5   6    61153     0   0.0            88     88
  66-Dy-162 6643  10   5   6    61154     0   0.0            88     88
  66-Dy-162 6643  10   5   6    61154     1   0.0            88     88
  66-Dy-162 6643  10   5   6    61155     0   0.0            88     88
  66-Dy-162 6643  10   5   6    61156     0   0.0            88     88
  66-Dy-162 6643  10   5   6    61157     0   0.0            88     88
  66-Dy-162 6643  10   5   6    62140     0   0.0            88     88
  66-Dy-162 6643  10   5   6    62141     0   0.0            88     88
  66-Dy-162 6643  10   5   6    62141     1   0.0            88     88
  66-Dy-162 6643  10   5   6    62142     0   0.0            88     88
  66-Dy-162 6643  10   5   6    62143     0   0.0            88     88
  66-Dy-162 6643  10   5   6    62143     1   0.0            88     88
  66-Dy-162 6643  10   5   6    62144     0   0.0            88     88
  66-Dy-162 6643  10   5   6    62145     0   0.0            88     88
  66-Dy-162 6643  10   5   6    62146     0   0.0            88     88
  66-Dy-162 6643  10   5   6    62147     0   0.0            88     88
  66-Dy-162 6643  10   5   6    62148     0   0.0            88     88
  66-Dy-162 6643  10   5   6    62149     0   0.0            88     88
  66-Dy-162 6643  10   5   6    62150     0   0.0            88     88
  66-Dy-162 6643  10   5   6    62151     0   0.0            88     88
  66-Dy-162 6643  10   5   6    62152     0   0.0            88     88
  66-Dy-162 6643  10   5   6    62153     0   0.0            88     88
  66-Dy-162 6643  10   5   6    62154     0   0.0            88     88
  66-Dy-162 6643  10   5   6    62155     0   0.0            88     88
  66-Dy-162 6643  10   5   6    62156     0   0.0            88     88
  66-Dy-162 6643  10   5   6    62157     0   0.0            88     88
  66-Dy-162 6643  10   5   6    62158     0   0.0            88     88
  66-Dy-162 6643  10   5   6    63141     0   0.0            88     88
  66-Dy-162 6643  10   5   6    63141     1   0.0            88     88
  66-Dy-162 6643  10   5   6    63142     0   0.0            88     88
  66-Dy-162 6643  10   5   6    63142     1   0.0            88     88
  66-Dy-162 6643  10   5   6    63143     0   0.0            88     88
  66-Dy-162 6643  10   5   6    63144     0   0.0            88     88
  66-Dy-162 6643  10   5   6    63145     0   0.0            88     88
  66-Dy-162 6643  10   5   6    63146     0   0.0            88     88
  66-Dy-162 6643  10   5   6    63147     0   0.0            88     88
  66-Dy-162 6643  10   5   6    63148     0   0.0            88     88
  66-Dy-162 6643  10   5   6    63149     0   0.0            88     88
  66-Dy-162 6643  10   5   6    63150     0   0.0            88     88
  66-Dy-162 6643  10   5   6    63150     1   0.0            88     88
  66-Dy-162 6643  10   5   6    63151     0   0.0            88     88
  66-Dy-162 6643  10   5   6    63152     0   0.0            88     88
  66-Dy-162 6643  10   5   6    63152     1   0.0            88     88
  66-Dy-162 6643  10   5   6    63152     2   0.0            88     88
  66-Dy-162 6643  10   5   6    63153     0   0.0            88     88
  66-Dy-162 6643  10   5   6    63154     0   0.0            88     88
  66-Dy-162 6643  10   5   6    63154     1   0.0            88     88
  66-Dy-162 6643  10   5   6    63155     0   0.0            88     88
  66-Dy-162 6643  10   5   6    63156     0   0.0            88     88
  66-Dy-162 6643  10   5   6    63157     0   0.0            88     88
  66-Dy-162 6643  10   5   6    63158     0   0.0            88     88
  66-Dy-162 6643  10   5   6    63159     0   0.0            88     88
  66-Dy-162 6643  10   5   6    64142     0   0.0            88     88
  66-Dy-162 6643  10   5   6    64143     0   0.0            88     88
  66-Dy-162 6643  10   5   6    64143     1   0.0            88     88
  66-Dy-162 6643  10   5   6    64144     0   0.0            88     88
  66-Dy-162 6643  10   5   6    64145     0   0.0            88     88
  66-Dy-162 6643  10   5   6    64145     1   0.0            88     88
  66-Dy-162 6643  10   5   6    64146     0   0.0            88     88
  66-Dy-162 6643  10   5   6    64147     0   0.0            88     88
  66-Dy-162 6643  10   5   6    64148     0   0.0            88     88
  66-Dy-162 6643  10   5   6    64149     0   0.0            88     88
  66-Dy-162 6643  10   5   6    64150     0   0.0            88     88
  66-Dy-162 6643  10   5   6    64151     0   0.0            88     88
  66-Dy-162 6643  10   5   6    64152     0   0.0            88     88
  66-Dy-162 6643  10   5   6    64153     0   0.0            88     88
  66-Dy-162 6643  10   5   6    64154     0   0.0            88     88
  66-Dy-162 6643  10   5   6    64155     0   0.0            88     88
  66-Dy-162 6643  10   5   6    64156     0   0.0            88     88
  66-Dy-162 6643  10   5   6    64157     0   0.0            88     88
  66-Dy-162 6643  10   5   6    64158     0   0.0            88     88
  66-Dy-162 6643  10   5   6    64159     0   0.0            88     88
  66-Dy-162 6643  10   5   6    64160     0   0.0            88     88
  66-Dy-162 6643  10   5   6    65143     0   0.0            88     88
  66-Dy-162 6643  10   5   6    65143     1   0.0            88     88
  66-Dy-162 6643  10   5   6    65144     0   0.0            88     88
  66-Dy-162 6643  10   5   6    65144     1   0.0            88     88
  66-Dy-162 6643  10   5   6    65145     0   0.0            88     88
  66-Dy-162 6643  10   5   6    65146     0   0.0            88     88
  66-Dy-162 6643  10   5   6    65146     1   0.0            88     88
  66-Dy-162 6643  10   5   6    65147     0   0.0            88     88
  66-Dy-162 6643  10   5   6    65147     1   0.0            88     88
  66-Dy-162 6643  10   5   6    65148     0   0.0            88     88
  66-Dy-162 6643  10   5   6    65148     1   0.0            88     88
  66-Dy-162 6643  10   5   6    65149     0   0.0            88     88
  66-Dy-162 6643  10   5   6    65149     1   0.0            88     88
  66-Dy-162 6643  10   5   6    65150     0   0.0            88     88
  66-Dy-162 6643  10   5   6    65150     1   0.0            88     88
  66-Dy-162 6643  10   5   6    65151     0   0.0            88     88
  66-Dy-162 6643  10   5   6    65151     1   0.0            88     88
  66-Dy-162 6643  10   5   6    65152     0   0.0            88     88
  66-Dy-162 6643  10   5   6    65152     1   0.0            88     88
  66-Dy-162 6643  10   5   6    65153     0   0.0            88     88
  66-Dy-162 6643  10   5   6    65154     0   0.0            88     88
  66-Dy-162 6643  10   5   6    65154     1   0.0            88     88
  66-Dy-162 6643  10   5   6    65155     0   0.0            88     88
  66-Dy-162 6643  10   5   6    65156     0   0.0            88     88
  66-Dy-162 6643  10   5   6    65156     1   0.0            88     88
  66-Dy-162 6643  10   5   6    65156     2   0.0            88     88
  66-Dy-162 6643  10   5   6    65157     0   0.0            88     88
  66-Dy-162 6643  10   5   6    65158     0   0.0            88     88
  66-Dy-162 6643  10   5   6    65158     1   0.0            88     88
  66-Dy-162 6643  10   5   6    65159     0   0.0            88     88
  66-Dy-162 6643  10   5   6    65160     0   0.0            88     88
  66-Dy-162 6643  10   5   6    65161     0   0.0            88     88
  66-Dy-162 6643  10   5   6    66144     0   0.0            88     88
  66-Dy-162 6643  10   5   6    66145     0   0.0            88     88
  66-Dy-162 6643  10   5   6    66146     0   0.0            88     88
  66-Dy-162 6643  10   5   6    66146     1   0.0            88     88
  66-Dy-162 6643  10   5   6    66147     0   0.0            88     88
  66-Dy-162 6643  10   5   6    66147     1   0.0            88     88
  66-Dy-162 6643  10   5   6    66148     0   0.0            88     88
  66-Dy-162 6643  10   5   6    66149     0   0.0            88     88
  66-Dy-162 6643  10   5   6    66150     0   0.0            88     88
  66-Dy-162 6643  10   5   6    66151     0   0.0            88     88
  66-Dy-162 6643  10   5   6    66152     0   0.0            88     88
  66-Dy-162 6643  10   5   6    66153     0   0.0            88     88
  66-Dy-162 6643  10   5   6    66154     0   0.0            88     88
  66-Dy-162 6643  10   5   6    66155     0   0.0            88     88
  66-Dy-162 6643  10   5   6    66156     0   0.0            88     88
  66-Dy-162 6643  10   5   6    66157     0   0.0            88     88
  66-Dy-162 6643  10   5   6    66158     0   0.0            88     88
  66-Dy-162 6643  10   5   6    66159     0   0.0            88     88
  66-Dy-162 6643  10   5   6    66160     0   0.0            88     88
  66-Dy-162 6643  10   5   6    66161     0   0.0            88     88
  66-Dy-162 6643  10   5   6    66162     0   0.0            88     88
  66-Dy-162 6643  10   5   6        0     0   0.0            88     88
 ------------------------------------------------------------------------------
                                              MAT Totals  27896  27896
 ------------------------------------------------------------------------------
 ------------------------------------------------------------------------------
 All Cross Sections Read. Maximum Tabulated Energy =  200000000. eV
 ------------------------------------------------------------------------------
 ===============================================================================
      MAT Total Execution Time                0.44 Seconds
 ===============================================================================
 ------------------------------------------------------------------------------
                                             Tape Totals  27896  27896
 ------------------------------------------------------------------------------
 ===============================================================================
 ACTIVATE Total Execution Time                0.44 Seconds
 ===============================================================================
