 ENDF Activation Cross Sections (ACTIVATE 2019-1)
 ------------------------------------------------------------------------------
 ENDF Input and Output Data Filenames
 ------------------------------------------------------------------------------
 ACTIVATE.IN                                                             
 ACTIVATE.OUT                                                            
 ------------------------------------------------------------------------------
 ENDF Tape Label
 ------------------------------------------------------------------------------
 Retrieved by E4-util: 2019/11/11,14:56:57                            1
 ------------------------------------------------------------------------------
   Material  MAT  MF  MT  ENDF    ZAP Final      Q-Value Points Points
                          Format      State           eV     In    Out
 ------------------------------------------------------------------------------
  16-S -34  1631  10   5   6        1     0   0.0            70     70
  16-S -34  1631  10   5   6     1001     0   0.0            70     70
  16-S -34  1631  10   5   6     1002     0   0.0            70     70
  16-S -34  1631  10   5   6     1003     0   0.0            70     70
  16-S -34  1631  10   5   6     2004     0   0.0            70     70
  16-S -34  1631  10   5   6    14025     0   0.0            70     70
  16-S -34  1631  10   5   6    14026     0   0.0            70     70
  16-S -34  1631  10   5   6    14027     0   0.0            70     70
  16-S -34  1631  10   5   6    14028     0   0.0            70     70
  16-S -34  1631  10   5   6    14029     0   0.0            70     70
  16-S -34  1631  10   5   6    14030     0   0.0            70     70
  16-S -34  1631  10   5   6    14031     0   0.0            70     70
  16-S -34  1631  10   5   6    14032     0   0.0            70     70
  16-S -34  1631  10   5   6    15026     0   0.0            70     70
  16-S -34  1631  10   5   6    15027     0   0.0            70     70
  16-S -34  1631  10   5   6    15028     0   0.0            70     70
  16-S -34  1631  10   5   6    15029     0   0.0            70     70
  16-S -34  1631  10   5   6    15030     0   0.0            70     70
  16-S -34  1631  10   5   6    15031     0   0.0            70     70
  16-S -34  1631  10   5   6    15032     0   0.0            70     70
  16-S -34  1631  10   5   6    15033     0   0.0            70     70
  16-S -34  1631  10   5   6    16030     0   0.0            70     70
  16-S -34  1631  10   5   6    16031     0   0.0            70     70
  16-S -34  1631  10   5   6    16032     0   0.0            70     70
  16-S -34  1631  10   5   6    16033     0   0.0            70     70
  16-S -34  1631  10   5   6        0     0   0.0            70     70
 ------------------------------------------------------------------------------
                                              MAT Totals   1820   1820
 ------------------------------------------------------------------------------
 ------------------------------------------------------------------------------
 All Cross Sections Read. Maximum Tabulated Energy =  140000000. eV
 ------------------------------------------------------------------------------
 ===============================================================================
      MAT Total Execution Time                0.21 Seconds
 ===============================================================================
 ------------------------------------------------------------------------------
                                             Tape Totals   1820   1820
 ------------------------------------------------------------------------------
 ===============================================================================
 ACTIVATE Total Execution Time                0.21 Seconds
 ===============================================================================
