 Create New Section Index (DICTIN 2019-1)
 ------------------------------------------------------------
 ENDF/B Input and Output Data Filenames
 ------------------------------------------------------------
 DICTIN.IN                                                               
 DICTIN.OUT                                                              
 ------------------------------------------------------------
 First Pass. Reading ENDF/B Data
 ------------------------------------------------------------
  MAT   Messages
 ------------------------------------------------------------
 1631
 ------------------------------------------------------------
 Second Pass. Creating New Index
 ------------------------------------------------------------
 ENDF/B  MAT MF  MT  Lines  Mod
 Format
 ------------------------------------------------------------
  VI    1631  1 451     40    1
        1631  3   5     27    1
        1631 10   5    677    1
 ------------------------------------------------------------
 Original Line Count    752
 Final Line Count       753
 ------------------------------------------------------------
 ===============================================================================
 DICTIN   Total Execution Time                0.00 Seconds
 ===============================================================================
