                                                     MT=  5
 MAT 1631                         0.0        Kelvin Unshielded Cross Sections                          16-S -34 

   No.  Group-eV   Average      No.  Group-eV   Average      No.  Group-eV   Average      No.  Group-eV   Average

   101 7800000.00 1.43445E-5    117 15000000.0 .024215350    133 55000000.0 .003097945    149 440000000. 0.0       
   102 8000000.00 6.17972E-5    118 16000000.0 .036771028    134 60000000.0 .002986930    150 480000000. 0.0       
   103 8200000.00 9.64881E-5    119 17000000.0 .039633085    135 70000000.0 .002847987    151 520000000. 0.0       
   104 8400000.00 1.31179E-4    120 18000000.0 .034906615    136 80000000.0 .002693980    152 560000000. 0.0       
   105 8600000.00 1.65870E-4    121 19000000.0 .034644593    137 90000000.0 .002522046    153 600000000. 0.0       
   106 8800000.00 2.00560E-4    122 20000000.0 .054072163    138 100000000. .002252259    154 640000000. 0.0       
   107 9000000.00 2.53537E-4    123 22000000.0 .050157522    139 120000000. .001916729    155 680000000. 0.0       
   108 9200000.00 3.24936E-4    124 24000000.0 .024323414    140 140000000. 0.0           156 720000000. 0.0       
   109 9400000.00 3.96335E-4    125 26000000.0 .013969767    141 160000000. 0.0           157 760000000. 0.0       
   110 9600000.00 4.67733E-4    126 28000000.0 .009349910    142 180000000. 0.0           158 800000000. 0.0       
   111 9800000.00 5.39132E-4    127 30000000.0 .006198722    143 200000000. 0.0           159 840000000. 0.0       
   112 10000000.0 8.57239E-4    128 35000000.0 .004377045    144 240000000. 0.0           160 880000000. 0.0       
   113 11000000.0 .001938637    129 40000000.0 .003690655    145 280000000. 0.0           161 920000000. 0.0       
   114 12000000.0 .003797477    130 45000000.0 .003371523    146 320000000. 0.0           162 960000000. 0.0       
   115 13000000.0 .006935771    131 50000000.0 .003214298    147 360000000. 0.0           163 1.00000E+9
   116 14000000.0 .013178865    132 54000000.0 .003153227    148 400000000. 0.0       
 
                                                     MT=  5
 MAT 1631                         0.0        Kelvin Unshielded Cross Sections                          16-S -34 

   No.  Group-eV   Average      No.  Group-eV   Average      No.  Group-eV   Average      No.  Group-eV   Average

   113 11000000.0 .001328213    126 28000000.0 .007540168    139 120000000. .009384284    152 560000000. 0.0       
   114 12000000.0 .003503968    127 30000000.0 .006006704    140 140000000. 0.0           153 600000000. 0.0       
   115 13000000.0 .005732139    128 35000000.0 .005751850    141 160000000. 0.0           154 640000000. 0.0       
   116 14000000.0 .009881746    129 40000000.0 .005994830    142 180000000. 0.0           155 680000000. 0.0       
   117 15000000.0 .016875279    130 45000000.0 .006347066    143 200000000. 0.0           156 720000000. 0.0       
   118 16000000.0 .024482269    131 50000000.0 .006661381    144 240000000. 0.0           157 760000000. 0.0       
   119 17000000.0 .025440190    132 54000000.0 .006853414    145 280000000. 0.0           158 800000000. 0.0       
   120 18000000.0 .021231921    133 55000000.0 .007172525    146 320000000. 0.0           159 840000000. 0.0       
   121 19000000.0 .019271179    134 60000000.0 .008251684    147 360000000. 0.0           160 880000000. 0.0       
   122 20000000.0 .026916802    135 70000000.0 .009483410    148 400000000. 0.0           161 920000000. 0.0       
   123 22000000.0 .024853965    136 80000000.0 .010051479    149 440000000. 0.0           162 960000000. 0.0       
   124 24000000.0 .014532155    137 90000000.0 .010200863    150 480000000. 0.0           163 1.00000E+9
   125 26000000.0 .010127083    138 100000000. .009973800    151 520000000. 0.0       
 
                                                     MT=  5
 MAT 1631                         0.0        Kelvin Unshielded Cross Sections                          16-S -34 

   No.  Group-eV   Average      No.  Group-eV   Average      No.  Group-eV   Average      No.  Group-eV   Average

   113 11000000.0 1.72636E-5    126 28000000.0 .007751960    139 120000000. .002788014    152 560000000. 0.0       
   114 12000000.0 2.60379E-4    127 30000000.0 .005540487    140 140000000. 0.0           153 600000000. 0.0       
   115 13000000.0 .001092416    128 35000000.0 .004191798    141 160000000. 0.0           154 640000000. 0.0       
   116 14000000.0 .002923937    129 40000000.0 .003766583    142 180000000. 0.0           155 680000000. 0.0       
   117 15000000.0 .006338139    130 45000000.0 .003651242    143 200000000. 0.0           156 720000000. 0.0       
   118 16000000.0 .010390669    131 50000000.0 .003645697    144 240000000. 0.0           157 760000000. 0.0       
   119 17000000.0 .011762143    132 54000000.0 .003659298    145 280000000. 0.0           158 800000000. 0.0       
   120 18000000.0 .011223750    133 55000000.0 .003681570    146 320000000. 0.0           159 840000000. 0.0       
   121 19000000.0 .012701599    134 60000000.0 .003727069    147 360000000. 0.0           160 880000000. 0.0       
   122 20000000.0 .024294329    135 70000000.0 .003729750    148 400000000. 0.0           161 920000000. 0.0       
   123 22000000.0 .026971643    136 80000000.0 .003645617    149 440000000. 0.0           162 960000000. 0.0       
   124 24000000.0 .015831156    137 90000000.0 .003497985    150 480000000. 0.0           163 1.00000E+9
   125 26000000.0 .010557999    138 100000000. .003200979    151 520000000. 0.0       
 
                                                     MT=  5
 MAT 1631                         0.0        Kelvin Unshielded Cross Sections                          16-S -34 

   No.  Group-eV   Average      No.  Group-eV   Average      No.  Group-eV   Average      No.  Group-eV   Average

   121 19000000.0 8.42405E-8    132 54000000.0 1.50272E-4    143 200000000. 0.0           154 640000000. 0.0       
   122 20000000.0 9.27070E-5    133 55000000.0 1.51775E-4    144 240000000. 0.0           155 680000000. 0.0       
   123 22000000.0 5.22046E-4    134 60000000.0 1.54237E-4    145 280000000. 0.0           156 720000000. 0.0       
   124 24000000.0 4.45161E-4    135 70000000.0 1.54579E-4    146 320000000. 0.0           157 760000000. 0.0       
   125 26000000.0 3.01455E-4    136 80000000.0 1.51008E-4    147 360000000. 0.0           158 800000000. 0.0       
   126 28000000.0 2.22076E-4    137 90000000.0 1.42590E-4    148 400000000. 0.0           159 840000000. 0.0       
   127 30000000.0 1.69234E-4    138 100000000. 1.28945E-4    149 440000000. 0.0           160 880000000. 0.0       
   128 35000000.0 1.46662E-4    139 120000000. 1.09496E-4    150 480000000. 0.0           161 920000000. 0.0       
   129 40000000.0 1.43502E-4    140 140000000. 0.0           151 520000000. 0.0           162 960000000. 0.0       
   130 45000000.0 1.45100E-4    141 160000000. 0.0           152 560000000. 0.0           163 1.00000E+9
   131 50000000.0 1.48449E-4    142 180000000. 0.0           153 600000000. 0.0       
 
                                                     MT=  5
 MAT 1631                         0.0        Kelvin Unshielded Cross Sections                          16-S -34 

   No.  Group-eV   Average      No.  Group-eV   Average      No.  Group-eV   Average      No.  Group-eV   Average

   122 20000000.0 5.45703E-6    133 55000000.0 5.81937E-5    144 240000000. 0.0           155 680000000. 0.0       
   123 22000000.0 2.06680E-4    134 60000000.0 5.51286E-5    145 280000000. 0.0           156 720000000. 0.0       
   124 24000000.0 2.31853E-4    135 70000000.0 5.02240E-5    146 320000000. 0.0           157 760000000. 0.0       
   125 26000000.0 1.63628E-4    136 80000000.0 4.49796E-5    147 360000000. 0.0           158 800000000. 0.0       
   126 28000000.0 1.36428E-4    137 90000000.0 3.88998E-5    148 400000000. 0.0           159 840000000. 0.0       
   127 30000000.0 9.70373E-5    138 100000000. 3.17833E-5    149 440000000. 0.0           160 880000000. 0.0       
   128 35000000.0 6.89654E-5    139 120000000. 2.38375E-5    150 480000000. 0.0           161 920000000. 0.0       
   129 40000000.0 6.28229E-5    140 140000000. 0.0           151 520000000. 0.0           162 960000000. 0.0       
   130 45000000.0 6.11201E-5    141 160000000. 0.0           152 560000000. 0.0           163 1.00000E+9
   131 50000000.0 6.00147E-5    142 180000000. 0.0           153 600000000. 0.0       
   132 54000000.0 5.92817E-5    143 200000000. 0.0           154 640000000. 0.0       
 
                                                     MT=  5
 MAT 1631                         0.0        Kelvin Unshielded Cross Sections                          16-S -34 

   No.  Group-eV   Average      No.  Group-eV   Average      No.  Group-eV   Average      No.  Group-eV   Average

   112 10000000.0 1.08728E-5    125 26000000.0 8.13088E-4    138 100000000. 3.25256E-5    151 520000000. 0.0       
   113 11000000.0 1.36480E-5    126 28000000.0 5.04922E-4    139 120000000. 2.11191E-5    152 560000000. 0.0       
   114 12000000.0 1.60291E-5    127 30000000.0 3.04358E-4    140 140000000. 0.0           153 600000000. 0.0       
   115 13000000.0 8.50490E-5    128 35000000.0 1.94164E-4    141 160000000. 0.0           154 640000000. 0.0       
   116 14000000.0 3.21971E-4    129 40000000.0 1.51304E-4    142 180000000. 0.0           155 680000000. 0.0       
   117 15000000.0 9.01256E-4    130 45000000.0 1.27995E-4    143 200000000. 0.0           156 720000000. 0.0       
   118 16000000.0 .001729361    131 50000000.0 1.12980E-4    144 240000000. 0.0           157 760000000. 0.0       
   119 17000000.0 .002215109    132 54000000.0 1.06104E-4    145 280000000. 0.0           158 800000000. 0.0       
   120 18000000.0 .002215658    133 55000000.0 9.94300E-5    146 320000000. 0.0           159 840000000. 0.0       
   121 19000000.0 .002378777    134 60000000.0 8.52417E-5    147 360000000. 0.0           160 880000000. 0.0       
   122 20000000.0 .003889915    135 70000000.0 6.89874E-5    148 400000000. 0.0           161 920000000. 0.0       
   123 22000000.0 .003479214    136 80000000.0 5.55146E-5    149 440000000. 0.0           162 960000000. 0.0       
   124 24000000.0 .001540119    137 90000000.0 4.49005E-5    150 480000000. 0.0           163 1.00000E+9
 
                                                     MT=  5
 MAT 1631                         0.0        Kelvin Unshielded Cross Sections                          16-S -34 

   No.  Group-eV   Average      No.  Group-eV   Average      No.  Group-eV   Average      No.  Group-eV   Average

   136 80000000.0 2.31406E-9    143 200000000. 0.0           150 480000000. 0.0           157 760000000. 0.0       
   137 90000000.0 5.08293E-7    144 240000000. 0.0           151 520000000. 0.0           158 800000000. 0.0       
   138 100000000. 2.63674E-5    145 280000000. 0.0           152 560000000. 0.0           159 840000000. 0.0       
   139 120000000. 1.96869E-4    146 320000000. 0.0           153 600000000. 0.0           160 880000000. 0.0       
   140 140000000. 0.0           147 360000000. 0.0           154 640000000. 0.0           161 920000000. 0.0       
   141 160000000. 0.0           148 400000000. 0.0           155 680000000. 0.0           162 960000000. 0.0       
   142 180000000. 0.0           149 440000000. 0.0           156 720000000. 0.0           163 1.00000E+9
 
                                                     MT=  5
 MAT 1631                         0.0        Kelvin Unshielded Cross Sections                          16-S -34 

   No.  Group-eV   Average      No.  Group-eV   Average      No.  Group-eV   Average      No.  Group-eV   Average

   133 55000000.0 8.9179E-23    141 160000000. 0.0           149 440000000. 0.0           157 760000000. 0.0       
   134 60000000.0 2.28005E-8    142 180000000. 0.0           150 480000000. 0.0           158 800000000. 0.0       
   135 70000000.0 4.14725E-6    143 200000000. 0.0           151 520000000. 0.0           159 840000000. 0.0       
   136 80000000.0 5.03065E-5    144 240000000. 0.0           152 560000000. 0.0           160 880000000. 0.0       
   137 90000000.0 1.93766E-4    145 280000000. 0.0           153 600000000. 0.0           161 920000000. 0.0       
   138 100000000. 4.84980E-4    146 320000000. 0.0           154 640000000. 0.0           162 960000000. 0.0       
   139 120000000. 5.66706E-4    147 360000000. 0.0           155 680000000. 0.0           163 1.00000E+9
   140 140000000. 0.0           148 400000000. 0.0           156 720000000. 0.0       
 
                                                     MT=  5
 MAT 1631                         0.0        Kelvin Unshielded Cross Sections                          16-S -34 

   No.  Group-eV   Average      No.  Group-eV   Average      No.  Group-eV   Average      No.  Group-eV   Average

   130 45000000.0 3.8475E-10    139 120000000. 2.09299E-4    148 400000000. 0.0           157 760000000. 0.0       
   131 50000000.0 2.43062E-7    140 140000000. 0.0           149 440000000. 0.0           158 800000000. 0.0       
   132 54000000.0 1.48232E-6    141 160000000. 0.0           150 480000000. 0.0           159 840000000. 0.0       
   133 55000000.0 9.55396E-6    142 180000000. 0.0           151 520000000. 0.0           160 880000000. 0.0       
   134 60000000.0 1.00304E-4    143 200000000. 0.0           152 560000000. 0.0           161 920000000. 0.0       
   135 70000000.0 4.02107E-4    144 240000000. 0.0           153 600000000. 0.0           162 960000000. 0.0       
   136 80000000.0 7.06115E-4    145 280000000. 0.0           154 640000000. 0.0           163 1.00000E+9
   137 90000000.0 7.80684E-4    146 320000000. 0.0           155 680000000. 0.0       
   138 100000000. 5.39984E-4    147 360000000. 0.0           156 720000000. 0.0       
 
                                                     MT=  5
 MAT 1631                         0.0        Kelvin Unshielded Cross Sections                          16-S -34 

   No.  Group-eV   Average      No.  Group-eV   Average      No.  Group-eV   Average      No.  Group-eV   Average

   127 30000000.0 9.64732E-7    137 90000000.0 2.18290E-4    147 360000000. 0.0           157 760000000. 0.0       
   128 35000000.0 2.44168E-5    138 100000000. 8.09514E-5    148 400000000. 0.0           158 800000000. 0.0       
   129 40000000.0 7.10009E-5    139 120000000. 2.19438E-5    149 440000000. 0.0           159 840000000. 0.0       
   130 45000000.0 9.55491E-5    140 140000000. 0.0           150 480000000. 0.0           160 880000000. 0.0       
   131 50000000.0 1.04765E-4    141 160000000. 0.0           151 520000000. 0.0           161 920000000. 0.0       
   132 54000000.0 1.21688E-4    142 180000000. 0.0           152 560000000. 0.0           162 960000000. 0.0       
   133 55000000.0 1.86972E-4    143 200000000. 0.0           153 600000000. 0.0           163 1.00000E+9
   134 60000000.0 4.45532E-4    144 240000000. 0.0           154 640000000. 0.0       
   135 70000000.0 5.73378E-4    145 280000000. 0.0           155 680000000. 0.0       
   136 80000000.0 4.02457E-4    146 320000000. 0.0           156 720000000. 0.0       
 
                                                     MT=  5
 MAT 1631                         0.0        Kelvin Unshielded Cross Sections                          16-S -34 

   No.  Group-eV   Average      No.  Group-eV   Average      No.  Group-eV   Average      No.  Group-eV   Average

   122 20000000.0 7.80281E-8    133 55000000.0 6.64149E-6    144 240000000. 0.0           155 680000000. 0.0       
   123 22000000.0 1.55023E-5    134 60000000.0 5.69956E-6    145 280000000. 0.0           156 720000000. 0.0       
   124 24000000.0 1.03552E-4    135 70000000.0 4.72159E-6    146 320000000. 0.0           157 760000000. 0.0       
   125 26000000.0 2.10111E-4    136 80000000.0 2.78888E-6    147 360000000. 0.0           158 800000000. 0.0       
   126 28000000.0 2.56395E-4    137 90000000.0 1.51332E-6    148 400000000. 0.0           159 840000000. 0.0       
   127 30000000.0 2.38243E-4    138 100000000. 7.18039E-7    149 440000000. 0.0           160 880000000. 0.0       
   128 35000000.0 1.60813E-4    139 120000000. 2.15728E-7    150 480000000. 0.0           161 920000000. 0.0       
   129 40000000.0 7.83216E-5    140 140000000. 0.0           151 520000000. 0.0           162 960000000. 0.0       
   130 45000000.0 3.12691E-5    141 160000000. 0.0           152 560000000. 0.0           163 1.00000E+9
   131 50000000.0 1.35278E-5    142 180000000. 0.0           153 600000000. 0.0       
   132 54000000.0 8.86534E-6    143 200000000. 0.0           154 640000000. 0.0       
 
                                                     MT=  5
 MAT 1631                         0.0        Kelvin Unshielded Cross Sections                          16-S -34 

   No.  Group-eV   Average      No.  Group-eV   Average      No.  Group-eV   Average      No.  Group-eV   Average

   112 10000000.0 1.08728E-5    125 26000000.0 6.02978E-4    138 100000000. 1.35952E-5    151 520000000. 0.0       
   113 11000000.0 1.36480E-5    126 28000000.0 2.48527E-4    139 120000000. 6.17343E-6    152 560000000. 0.0       
   114 12000000.0 1.60291E-5    127 30000000.0 6.51514E-5    140 140000000. 0.0           153 600000000. 0.0       
   115 13000000.0 8.50490E-5    128 35000000.0 8.93531E-6    141 160000000. 0.0           154 640000000. 0.0       
   116 14000000.0 3.21971E-4    129 40000000.0 1.08377E-5    142 180000000. 0.0           155 680000000. 0.0       
   117 15000000.0 9.01256E-4    130 45000000.0 1.26344E-4    143 200000000. 0.0           156 720000000. 0.0       
   118 16000000.0 .001729361    131 50000000.0 3.66164E-4    144 240000000. 0.0           157 760000000. 0.0       
   119 17000000.0 .002215109    132 54000000.0 5.01044E-4    145 280000000. 0.0           158 800000000. 0.0       
   120 18000000.0 .002215658    133 55000000.0 5.82495E-4    146 320000000. 0.0           159 840000000. 0.0       
   121 19000000.0 .002378777    134 60000000.0 4.90131E-4    147 360000000. 0.0           160 880000000. 0.0       
   122 20000000.0 .003889837    135 70000000.0 2.16991E-4    148 400000000. 0.0           161 920000000. 0.0       
   123 22000000.0 .003463711    136 80000000.0 8.06970E-5    149 440000000. 0.0           162 960000000. 0.0       
   124 24000000.0 .001436569    137 90000000.0 3.31829E-5    150 480000000. 0.0           163 1.00000E+9
 
                                                     MT=  5
 MAT 1631                         0.0        Kelvin Unshielded Cross Sections                          16-S -34 

   No.  Group-eV   Average      No.  Group-eV   Average      No.  Group-eV   Average      No.  Group-eV   Average

   127 30000000.0 1.94087E-6    137 90000000.0 1.03739E-5    147 360000000. 0.0           157 760000000. 0.0       
   128 35000000.0 1.10844E-4    138 100000000. 5.66800E-6    148 400000000. 0.0           158 800000000. 0.0       
   129 40000000.0 3.83421E-4    139 120000000. 2.83885E-6    149 440000000. 0.0           159 840000000. 0.0       
   130 45000000.0 5.07055E-4    140 140000000. 0.0           150 480000000. 0.0           160 880000000. 0.0       
   131 50000000.0 4.16914E-4    141 160000000. 0.0           151 520000000. 0.0           161 920000000. 0.0       
   132 54000000.0 3.32498E-4    142 180000000. 0.0           152 560000000. 0.0           162 960000000. 0.0       
   133 55000000.0 2.42954E-4    143 200000000. 0.0           153 600000000. 0.0           163 1.00000E+9
   134 60000000.0 1.05699E-4    144 240000000. 0.0           154 640000000. 0.0       
   135 70000000.0 3.70736E-5    145 280000000. 0.0           155 680000000. 0.0       
   136 80000000.0 1.78860E-5    146 320000000. 0.0           156 720000000. 0.0       
 
                                                     MT=  5
 MAT 1631                         0.0        Kelvin Unshielded Cross Sections                          16-S -34 

   No.  Group-eV   Average      No.  Group-eV   Average      No.  Group-eV   Average      No.  Group-eV   Average

   122 20000000.0 1.10043E-7    133 55000000.0 3.00361E-5    144 240000000. 0.0           155 680000000. 0.0       
   123 22000000.0 1.13402E-5    134 60000000.0 3.00089E-5    145 280000000. 0.0           156 720000000. 0.0       
   124 24000000.0 1.31757E-4    135 70000000.0 3.56472E-5    146 320000000. 0.0           157 760000000. 0.0       
   125 26000000.0 3.00313E-4    136 80000000.0 4.29744E-5    147 360000000. 0.0           158 800000000. 0.0       
   126 28000000.0 3.72664E-4    137 90000000.0 4.95146E-5    148 400000000. 0.0           159 840000000. 0.0       
   127 30000000.0 3.60176E-4    138 100000000. 5.62421E-5    149 440000000. 0.0           160 880000000. 0.0       
   128 35000000.0 3.00162E-4    139 120000000. 6.12533E-5    150 480000000. 0.0           161 920000000. 0.0       
   129 40000000.0 1.58557E-4    140 140000000. 0.0           151 520000000. 0.0           162 960000000. 0.0       
   130 45000000.0 7.09337E-5    141 160000000. 0.0           152 560000000. 0.0           163 1.00000E+9
   131 50000000.0 4.02762E-5    142 180000000. 0.0           153 600000000. 0.0       
   132 54000000.0 3.31615E-5    143 200000000. 0.0           154 640000000. 0.0       
 
                                                     MT=  5
 MAT 1631                         0.0        Kelvin Unshielded Cross Sections                          16-S -34 

   No.  Group-eV   Average      No.  Group-eV   Average      No.  Group-eV   Average      No.  Group-eV   Average

   137 90000000.0 1.3730E-12    144 240000000. 0.0           151 520000000. 0.0           158 800000000. 0.0       
   138 100000000. 9.33583E-7    145 280000000. 0.0           152 560000000. 0.0           159 840000000. 0.0       
   139 120000000. 2.84031E-5    146 320000000. 0.0           153 600000000. 0.0           160 880000000. 0.0       
   140 140000000. 0.0           147 360000000. 0.0           154 640000000. 0.0           161 920000000. 0.0       
   141 160000000. 0.0           148 400000000. 0.0           155 680000000. 0.0           162 960000000. 0.0       
   142 180000000. 0.0           149 440000000. 0.0           156 720000000. 0.0           163 1.00000E+9
   143 200000000. 0.0           150 480000000. 0.0           157 760000000. 0.0       
 
                                                     MT=  5
 MAT 1631                         0.0        Kelvin Unshielded Cross Sections                          16-S -34 

   No.  Group-eV   Average      No.  Group-eV   Average      No.  Group-eV   Average      No.  Group-eV   Average

   135 70000000.0 4.2384E-12    143 200000000. 0.0           151 520000000. 0.0           159 840000000. 0.0       
   136 80000000.0 4.73942E-7    144 240000000. 0.0           152 560000000. 0.0           160 880000000. 0.0       
   137 90000000.0 1.08155E-5    145 280000000. 0.0           153 600000000. 0.0           161 920000000. 0.0       
   138 100000000. 8.76942E-5    146 320000000. 0.0           154 640000000. 0.0           162 960000000. 0.0       
   139 120000000. 1.86436E-4    147 360000000. 0.0           155 680000000. 0.0           163 1.00000E+9
   140 140000000. 0.0           148 400000000. 0.0           156 720000000. 0.0       
   141 160000000. 0.0           149 440000000. 0.0           157 760000000. 0.0       
   142 180000000. 0.0           150 480000000. 0.0           158 800000000. 0.0       
 
                                                     MT=  5
 MAT 1631                         0.0        Kelvin Unshielded Cross Sections                          16-S -34 

   No.  Group-eV   Average      No.  Group-eV   Average      No.  Group-eV   Average      No.  Group-eV   Average

   134 60000000.0 2.79111E-7    142 180000000. 0.0           150 480000000. 0.0           158 800000000. 0.0       
   135 70000000.0 2.36738E-5    143 200000000. 0.0           151 520000000. 0.0           159 840000000. 0.0       
   136 80000000.0 1.42126E-4    144 240000000. 0.0           152 560000000. 0.0           160 880000000. 0.0       
   137 90000000.0 2.87163E-4    145 280000000. 0.0           153 600000000. 0.0           161 920000000. 0.0       
   138 100000000. 3.24454E-4    146 320000000. 0.0           154 640000000. 0.0           162 960000000. 0.0       
   139 120000000. 2.00079E-4    147 360000000. 0.0           155 680000000. 0.0           163 1.00000E+9
   140 140000000. 0.0           148 400000000. 0.0           156 720000000. 0.0       
   141 160000000. 0.0           149 440000000. 0.0           157 760000000. 0.0       
 
                                                     MT=  5
 MAT 1631                         0.0        Kelvin Unshielded Cross Sections                          16-S -34 

   No.  Group-eV   Average      No.  Group-eV   Average      No.  Group-eV   Average      No.  Group-eV   Average

   129 40000000.0 1.8174E-10    138 100000000. 2.57684E-4    147 360000000. 0.0           156 720000000. 0.0       
   130 45000000.0 1.79384E-6    139 120000000. 1.35287E-4    148 400000000. 0.0           157 760000000. 0.0       
   131 50000000.0 2.89711E-5    140 140000000. 0.0           149 440000000. 0.0           158 800000000. 0.0       
   132 54000000.0 7.36463E-5    141 160000000. 0.0           150 480000000. 0.0           159 840000000. 0.0       
   133 55000000.0 1.72691E-4    142 180000000. 0.0           151 520000000. 0.0           160 880000000. 0.0       
   134 60000000.0 4.85346E-4    143 200000000. 0.0           152 560000000. 0.0           161 920000000. 0.0       
   135 70000000.0 7.39675E-4    144 240000000. 0.0           153 600000000. 0.0           162 960000000. 0.0       
   136 80000000.0 6.72749E-4    145 280000000. 0.0           154 640000000. 0.0           163 1.00000E+9
   137 90000000.0 4.73563E-4    146 320000000. 0.0           155 680000000. 0.0       
 
                                                     MT=  5
 MAT 1631                         0.0        Kelvin Unshielded Cross Sections                          16-S -34 

   No.  Group-eV   Average      No.  Group-eV   Average      No.  Group-eV   Average      No.  Group-eV   Average

   127 30000000.0 2.52466E-7    137 90000000.0 2.17562E-4    147 360000000. 0.0           157 760000000. 0.0       
   128 35000000.0 6.55532E-5    138 100000000. 1.69663E-4    148 400000000. 0.0           158 800000000. 0.0       
   129 40000000.0 4.60260E-4    139 120000000. 1.34464E-4    149 440000000. 0.0           159 840000000. 0.0       
   130 45000000.0 9.74435E-4    140 140000000. 0.0           150 480000000. 0.0           160 880000000. 0.0       
   131 50000000.0 .001237302    141 160000000. 0.0           151 520000000. 0.0           161 920000000. 0.0       
   132 54000000.0 .001275001    142 180000000. 0.0           152 560000000. 0.0           162 960000000. 0.0       
   133 55000000.0 .001209532    143 200000000. 0.0           153 600000000. 0.0           163 1.00000E+9
   134 60000000.0 8.66593E-4    144 240000000. 0.0           154 640000000. 0.0       
   135 70000000.0 4.70461E-4    145 280000000. 0.0           155 680000000. 0.0       
   136 80000000.0 2.92558E-4    146 320000000. 0.0           156 720000000. 0.0       
 
                                                     MT=  5
 MAT 1631                         0.0        Kelvin Unshielded Cross Sections                          16-S -34 

   No.  Group-eV   Average      No.  Group-eV   Average      No.  Group-eV   Average      No.  Group-eV   Average

   122 20000000.0 5.45703E-6    133 55000000.0 3.88409E-4    144 240000000. 0.0           155 680000000. 0.0       
   123 22000000.0 2.06680E-4    134 60000000.0 2.39760E-4    145 280000000. 0.0           156 720000000. 0.0       
   124 24000000.0 2.31853E-4    135 70000000.0 1.65443E-4    146 320000000. 0.0           157 760000000. 0.0       
   125 26000000.0 1.63677E-4    136 80000000.0 1.34830E-4    147 360000000. 0.0           158 800000000. 0.0       
   126 28000000.0 1.68126E-4    137 90000000.0 1.16292E-4    148 400000000. 0.0           159 840000000. 0.0       
   127 30000000.0 8.06125E-4    138 100000000. 9.78891E-5    149 440000000. 0.0           160 880000000. 0.0       
   128 35000000.0 .001837130    139 120000000. 7.72064E-5    150 480000000. 0.0           161 920000000. 0.0       
   129 40000000.0 .001717914    140 140000000. 0.0           151 520000000. 0.0           162 960000000. 0.0       
   130 45000000.0 .001106219    141 160000000. 0.0           152 560000000. 0.0           163 1.00000E+9
   131 50000000.0 6.68733E-4    142 180000000. 0.0           153 600000000. 0.0       
   132 54000000.0 5.06657E-4    143 200000000. 0.0           154 640000000. 0.0       
 
                                                     MT=  5
 MAT 1631                         0.0        Kelvin Unshielded Cross Sections                          16-S -34 

   No.  Group-eV   Average      No.  Group-eV   Average      No.  Group-eV   Average      No.  Group-eV   Average

   121 19000000.0 8.42405E-8    132 54000000.0 1.99453E-4    143 200000000. 0.0           154 640000000. 0.0       
   122 20000000.0 1.00869E-4    133 55000000.0 1.77727E-4    144 240000000. 0.0           155 680000000. 0.0       
   123 22000000.0 .002514860    134 60000000.0 1.42831E-4    145 280000000. 0.0           156 720000000. 0.0       
   124 24000000.0 .006540954    135 70000000.0 1.14000E-4    146 320000000. 0.0           157 760000000. 0.0       
   125 26000000.0 .006940030    136 80000000.0 9.59650E-5    147 360000000. 0.0           158 800000000. 0.0       
   126 28000000.0 .005925010    137 90000000.0 8.31142E-5    148 400000000. 0.0           159 840000000. 0.0       
   127 30000000.0 .003878302    138 100000000. 6.82322E-5    149 440000000. 0.0           160 880000000. 0.0       
   128 35000000.0 .001561464    139 120000000. 5.10074E-5    150 480000000. 0.0           161 920000000. 0.0       
   129 40000000.0 6.28266E-4    140 140000000. 0.0           151 520000000. 0.0           162 960000000. 0.0       
   130 45000000.0 3.25205E-4    141 160000000. 0.0           152 560000000. 0.0           163 1.00000E+9
   131 50000000.0 2.28174E-4    142 180000000. 0.0           153 600000000. 0.0       
 
                                                     MT=  5
 MAT 1631                         0.0        Kelvin Unshielded Cross Sections                          16-S -34 

   No.  Group-eV   Average      No.  Group-eV   Average      No.  Group-eV   Average      No.  Group-eV   Average

   113 11000000.0 1.72636E-5    126 28000000.0 .001272003    139 120000000. 1.57699E-6    152 560000000. 0.0       
   114 12000000.0 2.60379E-4    127 30000000.0 3.97846E-4    140 140000000. 0.0           153 600000000. 0.0       
   115 13000000.0 .001092416    128 35000000.0 1.21262E-4    141 160000000. 0.0           154 640000000. 0.0       
   116 14000000.0 .002923937    129 40000000.0 6.47971E-5    142 180000000. 0.0           155 680000000. 0.0       
   117 15000000.0 .006338139    130 45000000.0 4.34950E-5    143 200000000. 0.0           156 720000000. 0.0       
   118 16000000.0 .010390669    131 50000000.0 3.31666E-5    144 240000000. 0.0           157 760000000. 0.0       
   119 17000000.0 .011762143    132 54000000.0 2.88315E-5    145 280000000. 0.0           158 800000000. 0.0       
   120 18000000.0 .011223750    133 55000000.0 2.47371E-5    146 320000000. 0.0           159 840000000. 0.0       
   121 19000000.0 .012701599    134 60000000.0 1.73205E-5    147 360000000. 0.0           160 880000000. 0.0       
   122 20000000.0 .024285958    135 70000000.0 1.11512E-5    148 400000000. 0.0           161 920000000. 0.0       
   123 22000000.0 .024956132    136 80000000.0 7.48453E-6    149 440000000. 0.0           162 960000000. 0.0       
   124 24000000.0 .009471835    137 90000000.0 5.10504E-6    150 480000000. 0.0           163 1.00000E+9
   125 26000000.0 .003318742    138 100000000. 3.03869E-6    151 520000000. 0.0       
 
                                                     MT=  5
 MAT 1631                         0.0        Kelvin Unshielded Cross Sections                          16-S -34 

   No.  Group-eV   Average      No.  Group-eV   Average      No.  Group-eV   Average      No.  Group-eV   Average

   130 45000000.0 4.1180E-10    139 120000000. 7.29016E-6    148 400000000. 0.0           157 760000000. 0.0       
   131 50000000.0 1.03936E-7    140 140000000. 0.0           149 440000000. 0.0           158 800000000. 0.0       
   132 54000000.0 4.43381E-7    141 160000000. 0.0           150 480000000. 0.0           159 840000000. 0.0       
   133 55000000.0 1.56410E-6    142 180000000. 0.0           151 520000000. 0.0           160 880000000. 0.0       
   134 60000000.0 6.24594E-6    143 200000000. 0.0           152 560000000. 0.0           161 920000000. 0.0       
   135 70000000.0 1.26440E-5    144 240000000. 0.0           153 600000000. 0.0           162 960000000. 0.0       
   136 80000000.0 1.57826E-5    145 280000000. 0.0           154 640000000. 0.0           163 1.00000E+9
   137 90000000.0 1.51810E-5    146 320000000. 0.0           155 680000000. 0.0       
   138 100000000. 1.14753E-5    147 360000000. 0.0           156 720000000. 0.0       
 
                                                     MT=  5
 MAT 1631                         0.0        Kelvin Unshielded Cross Sections                          16-S -34 

   No.  Group-eV   Average      No.  Group-eV   Average      No.  Group-eV   Average      No.  Group-eV   Average

   128 35000000.0 1.78069E-6    137 90000000.0 8.02604E-6    146 320000000. 0.0           155 680000000. 0.0       
   129 40000000.0 1.12358E-5    138 100000000. 5.26561E-6    147 360000000. 0.0           156 720000000. 0.0       
   130 45000000.0 1.93352E-5    139 120000000. 3.16203E-6    148 400000000. 0.0           157 760000000. 0.0       
   131 50000000.0 2.35426E-5    140 140000000. 0.0           149 440000000. 0.0           158 800000000. 0.0       
   132 54000000.0 2.47957E-5    141 160000000. 0.0           150 480000000. 0.0           159 840000000. 0.0       
   133 55000000.0 2.49002E-5    142 180000000. 0.0           151 520000000. 0.0           160 880000000. 0.0       
   134 60000000.0 2.19274E-5    143 200000000. 0.0           152 560000000. 0.0           161 920000000. 0.0       
   135 70000000.0 1.60509E-5    144 240000000. 0.0           153 600000000. 0.0           162 960000000. 0.0       
   136 80000000.0 1.13462E-5    145 280000000. 0.0           154 640000000. 0.0           163 1.00000E+9
 
                                                     MT=  5
 MAT 1631                         0.0        Kelvin Unshielded Cross Sections                          16-S -34 

   No.  Group-eV   Average      No.  Group-eV   Average      No.  Group-eV   Average      No.  Group-eV   Average

   122 20000000.0 .001762944    133 55000000.0 2.53434E-5    144 240000000. 0.0           155 680000000. 0.0       
   123 22000000.0 .004679638    134 60000000.0 1.82721E-5    145 280000000. 0.0           156 720000000. 0.0       
   124 24000000.0 .002378068    135 70000000.0 1.21844E-5    146 320000000. 0.0           157 760000000. 0.0       
   125 26000000.0 .001081369    136 80000000.0 8.88069E-6    147 360000000. 0.0           158 800000000. 0.0       
   126 28000000.0 5.47470E-4    137 90000000.0 6.89050E-6    148 400000000. 0.0           159 840000000. 0.0       
   127 30000000.0 2.49187E-4    138 100000000. 4.41727E-6    149 440000000. 0.0           160 880000000. 0.0       
   128 35000000.0 1.16116E-4    139 120000000. 1.31477E-6    150 480000000. 0.0           161 920000000. 0.0       
   129 40000000.0 6.90213E-5    140 140000000. 0.0           151 520000000. 0.0           162 960000000. 0.0       
   130 45000000.0 4.54130E-5    141 160000000. 0.0           152 560000000. 0.0           163 1.00000E+9
   131 50000000.0 3.38022E-5    142 180000000. 0.0           153 600000000. 0.0       
   132 54000000.0 2.93017E-5    143 200000000. 0.0           154 640000000. 0.0       
 
                                                     MT=  5
 MAT 1631                         0.0        Kelvin Unshielded Cross Sections                          16-S -34 

   No.  Group-eV   Average      No.  Group-eV   Average      No.  Group-eV   Average      No.  Group-eV   Average

   113 11000000.0 .001328213    126 28000000.0 4.22500E-4    139 120000000. 6.61674E-7    152 560000000. 0.0       
   114 12000000.0 .003503968    127 30000000.0 1.38218E-4    140 140000000. 0.0           153 600000000. 0.0       
   115 13000000.0 .005732139    128 35000000.0 4.59961E-5    141 160000000. 0.0           154 640000000. 0.0       
   116 14000000.0 .009881746    129 40000000.0 2.59034E-5    142 180000000. 0.0           155 680000000. 0.0       
   117 15000000.0 .016875279    130 45000000.0 1.77024E-5    143 200000000. 0.0           156 720000000. 0.0       
   118 16000000.0 .024482269    131 50000000.0 1.36606E-5    144 240000000. 0.0           157 760000000. 0.0       
   119 17000000.0 .025440190    132 54000000.0 1.20187E-5    145 280000000. 0.0           158 800000000. 0.0       
   120 18000000.0 .021231921    133 55000000.0 1.05030E-5    146 320000000. 0.0           159 840000000. 0.0       
   121 19000000.0 .019271179    134 60000000.0 7.63737E-6    147 360000000. 0.0           160 880000000. 0.0       
   122 20000000.0 .023382698    135 70000000.0 5.48893E-6    148 400000000. 0.0           161 920000000. 0.0       
   123 22000000.0 .013486366    136 80000000.0 4.33296E-6    149 440000000. 0.0           162 960000000. 0.0       
   124 24000000.0 .003576678    137 90000000.0 3.45314E-6    150 480000000. 0.0           163 1.00000E+9
   125 26000000.0 .001115553    138 100000000. 1.34788E-6    151 520000000. 0.0       
 
                                                     MT=  5
 MAT 1631                         0.0        Kelvin Unshielded Cross Sections                          16-S -34 

   No.  Group-eV   Average      No.  Group-eV   Average      No.  Group-eV   Average      No.  Group-eV   Average

   101 7800000.00 9.60817E-6    117 15000000.0 .019261981    133 55000000.0 .005302252    149 440000000. 0.0       
   102 8000000.00 1.17217E-4    118 16000000.0 .033943835    134 60000000.0 .005644487    150 480000000. 0.0       
   103 8200000.00 2.50509E-4    119 17000000.0 .041852268    135 70000000.0 .005738321    151 520000000. 0.0       
   104 8400000.00 3.83801E-4    120 18000000.0 .041768252    136 80000000.0 .005488779    152 560000000. 0.0       
   105 8600000.00 5.17092E-4    121 19000000.0 .046417314    137 90000000.0 .005137637    153 600000000. 0.0       
   106 8800000.00 6.50383E-4    122 20000000.0 .079222298    138 100000000. .004813341    154 640000000. 0.0       
   107 9000000.00 7.55643E-4    123 22000000.0 .072078071    139 120000000. .004449297    155 680000000. 0.0       
   108 9200000.00 8.32665E-4    124 24000000.0 .030864864    140 140000000. 0.0           156 720000000. 0.0       
   109 9400000.00 9.09686E-4    125 26000000.0 .016584990    141 160000000. 0.0           157 760000000. 0.0       
   110 9600000.00 9.86707E-4    126 28000000.0 .011970805    142 180000000. 0.0           158 800000000. 0.0       
   111 9800000.00 .001063728    127 30000000.0 .008657651    143 200000000. 0.0           159 840000000. 0.0       
   112 10000000.0 .001404588    128 35000000.0 .005704125    144 240000000. 0.0           160 880000000. 0.0       
   113 11000000.0 8.81801E-4    129 40000000.0 .004680176    145 280000000. 0.0           161 920000000. 0.0       
   114 12000000.0 8.42115E-4    130 45000000.0 .004535796    146 320000000. 0.0           162 960000000. 0.0       
   115 13000000.0 .003077999    131 50000000.0 .004833597    147 360000000. 0.0           163 1.00000E+9
   116 14000000.0 .008334264    132 54000000.0 .005066090    148 400000000. 0.0       
 
