 ENDF Activation Cross Sections (ACTIVATE 2019-1)
 ------------------------------------------------------------------------------
 ENDF Input and Output Data Filenames
 ------------------------------------------------------------------------------
 ACTIVATE.IN                                                             
 ACTIVATE.OUT                                                            
 ------------------------------------------------------------------------------
 ENDF Tape Label
 ------------------------------------------------------------------------------
  JENDL/PD-2016.1  F - 19                                             1
 ------------------------------------------------------------------------------
   Material  MAT  MF  MT  ENDF    ZAP Final      Q-Value Points Points
                          Format      State           eV     In    Out
 ------------------------------------------------------------------------------
   9-F -19   925  10   5   6        1     0   0.0           261    261
   9-F -19   925  10   5   6     1001     0   0.0           261    261
   9-F -19   925  10   5   6     1002     0   0.0           261    261
   9-F -19   925  10   5   6     1003     0   0.0           261    261
   9-F -19   925  10   5   6     2003     0   0.0           261    261
   9-F -19   925  10   5   6     2004     0   0.0           261    261
   9-F -19   925  10   5   6     6011     0   0.0           261    261
   9-F -19   925  10   5   6     6012     0   0.0           261    261
   9-F -19   925  10   5   6     6013     0   0.0           261    261
   9-F -19   925  10   5   6     6014     0   0.0           261    261
   9-F -19   925  10   5   6     6015     0   0.0           261    261
   9-F -19   925  10   5   6     6016     0   0.0           261    261
   9-F -19   925  10   5   6     7012     0   0.0           261    261
   9-F -19   925  10   5   6     7013     0   0.0           261    261
   9-F -19   925  10   5   6     7014     0   0.0           261    261
   9-F -19   925  10   5   6     7015     0   0.0           261    261
   9-F -19   925  10   5   6     7016     0   0.0           261    261
   9-F -19   925  10   5   6     7017     0   0.0           261    261
   9-F -19   925  10   5   6     8016     0   0.0           261    261
   9-F -19   925  10   5   6     8017     0   0.0           261    261
   9-F -19   925  10   5   6     8018     0   0.0           261    261
   9-F -19   925  10   5   6     9015     0   0.0           261    261
   9-F -19   925  10   5   6     9016     0   0.0           261    261
   9-F -19   925  10   5   6     9017     0   0.0           261    261
   9-F -19   925  10   5   6     9018     0   0.0           261    261
 ------------------------------------------------------------------------------
                                              MAT Totals   6525   6525
 ------------------------------------------------------------------------------
 ------------------------------------------------------------------------------
 All Cross Sections Read. Maximum Tabulated Energy =  140000000. eV
 ------------------------------------------------------------------------------
 ===============================================================================
      MAT Total Execution Time                0.53 Seconds
 ===============================================================================
 ------------------------------------------------------------------------------
                                             Tape Totals   6525   6525
 ------------------------------------------------------------------------------
 ===============================================================================
 ACTIVATE Total Execution Time                0.53 Seconds
 ===============================================================================
