                                                     MT=  5
 MAT  925                         0.0        Kelvin Unshielded Cross Sections                           9-F -19 

   No.  Group-eV   Average      No.  Group-eV   Average      No.  Group-eV   Average      No.  Group-eV   Average

    82 4000000.00 5.66681E-5    103 8200000.00 .002938710    124 24000000.0 .018155173    145 280000000. 0.0       
    83 4200000.00 1.86162E-4    104 8400000.00 .003257475    125 26000000.0 .020007624    146 320000000. 0.0       
    84 4400000.00 3.15899E-4    105 8600000.00 .003576239    126 28000000.0 .017587323    147 360000000. 0.0       
    85 4600000.00 4.45640E-4    106 8800000.00 .003895003    127 30000000.0 .009236690    148 400000000. 0.0       
    86 4800000.00 5.75379E-4    107 9000000.00 .004213766    128 35000000.0 .004558771    149 440000000. 0.0       
    87 5000000.00 7.05116E-4    108 9200000.00 .004532529    129 40000000.0 .002862601    150 480000000. 0.0       
    88 5200000.00 8.34847E-4    109 9400000.00 .004851291    130 45000000.0 .002242864    151 520000000. 0.0       
    89 5400000.00 9.64562E-4    110 9600000.00 .005170002    131 50000000.0 .002051412    152 560000000. 0.0       
    90 5600000.00 .001094271    111 9800000.00 .005488763    132 54000000.0 .002000602    153 600000000. 0.0       
    91 5800000.00 .001224033    112 10000000.0 .009021259    133 55000000.0 .001969102    154 640000000. 0.0       
    92 6000000.00 .001353796    113 11000000.0 .017447933    134 60000000.0 .001929156    155 680000000. 0.0       
    93 6200000.00 .001483507    114 12000000.0 .020350350    135 70000000.0 .001885252    156 720000000. 0.0       
    94 6400000.00 .001613217    115 13000000.0 .016610066    136 80000000.0 .001818159    157 760000000. 0.0       
    95 6600000.00 .001742927    116 14000000.0 .015591687    137 90000000.0 .001725686    158 800000000. 0.0       
    96 6800000.00 .001872686    117 15000000.0 .017697519    138 100000000. .001550663    159 840000000. 0.0       
    97 7000000.00 .002002446    118 16000000.0 .018712786    139 120000000. .001337170    160 880000000. 0.0       
    98 7200000.00 .002132154    119 17000000.0 .020022748    140 140000000. 0.0           161 920000000. 0.0       
    99 7400000.00 .002261862    120 18000000.0 .021544422    141 160000000. 0.0           162 960000000. 0.0       
   100 7600000.00 .002391569    121 19000000.0 .021403270    142 180000000. 0.0           163 1.00000E+9
   101 7800000.00 .002522222    122 20000000.0 .023362327    143 200000000. 0.0       
   102 8000000.00 .002683756    123 22000000.0 .018290134    144 240000000. 0.0       
 
                                                     MT=  5
 MAT  925                         0.0        Kelvin Unshielded Cross Sections                           9-F -19 

   No.  Group-eV   Average      No.  Group-eV   Average      No.  Group-eV   Average      No.  Group-eV   Average

   112 10000000.0 2.53724E-4    125 26000000.0 .010452989    138 100000000. .001734031    151 520000000. 0.0       
   113 11000000.0 .001737846    126 28000000.0 .008966048    139 120000000. .001438176    152 560000000. 0.0       
   114 12000000.0 .002792800    127 30000000.0 .005348175    140 140000000. 0.0           153 600000000. 0.0       
   115 13000000.0 .002487453    128 35000000.0 .003958528    141 160000000. 0.0           154 640000000. 0.0       
   116 14000000.0 .002677576    129 40000000.0 .002326561    142 180000000. 0.0           155 680000000. 0.0       
   117 15000000.0 .003559677    130 45000000.0 .001643391    143 200000000. 0.0           156 720000000. 0.0       
   118 16000000.0 .003567322    131 50000000.0 .001432921    144 240000000. 0.0           157 760000000. 0.0       
   119 17000000.0 .004186234    132 54000000.0 .001642749    145 280000000. 0.0           158 800000000. 0.0       
   120 18000000.0 .005413179    133 55000000.0 .002291020    146 320000000. 0.0           159 840000000. 0.0       
   121 19000000.0 .005396531    134 60000000.0 .002238614    147 360000000. 0.0           160 880000000. 0.0       
   122 20000000.0 .008164268    135 70000000.0 .002205007    148 400000000. 0.0           161 920000000. 0.0       
   123 22000000.0 .010613673    136 80000000.0 .002176154    149 440000000. 0.0           162 960000000. 0.0       
   124 24000000.0 .010809464    137 90000000.0 .001964352    150 480000000. 0.0           163 1.00000E+9
 
                                                     MT=  5
 MAT  925                         0.0        Kelvin Unshielded Cross Sections                           9-F -19 

   No.  Group-eV   Average      No.  Group-eV   Average      No.  Group-eV   Average      No.  Group-eV   Average

   101 7800000.00 2.7244E-14    117 15000000.0 .001052748    133 55000000.0 .002117005    149 440000000. 0.0       
   102 8000000.00 1.0488E-12    118 16000000.0 .001401431    134 60000000.0 .002752307    150 480000000. 0.0       
   103 8200000.00 3.2740E-12    119 17000000.0 .001805971    135 70000000.0 .002884108    151 520000000. 0.0       
   104 8400000.00 5.9575E-12    120 18000000.0 .002299254    136 80000000.0 .002821551    152 560000000. 0.0       
   105 8600000.00 9.0979E-12    121 19000000.0 .002668437    137 90000000.0 .002754704    153 600000000. 0.0       
   106 8800000.00 1.2695E-11    122 20000000.0 .005004509    138 100000000. .002666507    154 640000000. 0.0       
   107 9000000.00 1.6749E-11    123 22000000.0 .005463534    139 120000000. .002319223    155 680000000. 0.0       
   108 9200000.00 2.1261E-11    124 24000000.0 .005818333    140 140000000. 0.0           156 720000000. 0.0       
   109 9400000.00 2.6228E-11    125 26000000.0 .007283840    141 160000000. 0.0           157 760000000. 0.0       
   110 9600000.00 3.1653E-11    126 28000000.0 .006697283    142 180000000. 0.0           158 800000000. 0.0       
   111 9800000.00 3.7535E-11    127 30000000.0 .003219181    143 200000000. 0.0           159 840000000. 0.0       
   112 10000000.0 3.72095E-5    128 35000000.0 .001479765    144 240000000. 0.0           160 880000000. 0.0       
   113 11000000.0 1.95989E-4    129 40000000.0 .001151946    145 280000000. 0.0           161 920000000. 0.0       
   114 12000000.0 3.95220E-4    130 45000000.0 .001226374    146 320000000. 0.0           162 960000000. 0.0       
   115 13000000.0 5.00399E-4    131 50000000.0 .001381545    147 360000000. 0.0           163 1.00000E+9
   116 14000000.0 6.78905E-4    132 54000000.0 .001608740    148 400000000. 0.0       
 
                                                     MT=  5
 MAT  925                         0.0        Kelvin Unshielded Cross Sections                           9-F -19 

   No.  Group-eV   Average      No.  Group-eV   Average      No.  Group-eV   Average      No.  Group-eV   Average

   115 13000000.0 7.0104E-13    128 35000000.0 1.50957E-5    141 160000000. 0.0           154 640000000. 0.0       
   116 14000000.0 2.7648E-11    129 40000000.0 7.12622E-6    142 180000000. 0.0           155 680000000. 0.0       
   117 15000000.0 7.7239E-11    130 45000000.0 4.73202E-6    143 200000000. 0.0           156 720000000. 0.0       
   118 16000000.0 3.90382E-6    131 50000000.0 3.76277E-6    144 240000000. 0.0           157 760000000. 0.0       
   119 17000000.0 1.25943E-5    132 54000000.0 3.63044E-6    145 280000000. 0.0           158 800000000. 0.0       
   120 18000000.0 3.37131E-5    133 55000000.0 3.34221E-6    146 320000000. 0.0           159 840000000. 0.0       
   121 19000000.0 6.48202E-5    134 60000000.0 2.53661E-6    147 360000000. 0.0           160 880000000. 0.0       
   122 20000000.0 1.54210E-4    135 70000000.0 1.71780E-6    148 400000000. 0.0           161 920000000. 0.0       
   123 22000000.0 1.86274E-4    136 80000000.0 1.27557E-6    149 440000000. 0.0           162 960000000. 0.0       
   124 24000000.0 1.96850E-4    137 90000000.0 1.10272E-6    150 480000000. 0.0           163 1.00000E+9
   125 26000000.0 2.08787E-4    138 100000000. 1.03044E-6    151 520000000. 0.0       
   126 28000000.0 1.57410E-4    139 120000000. 9.75336E-7    152 560000000. 0.0       
   127 30000000.0 5.20562E-5    140 140000000. 0.0           153 600000000. 0.0       
 
                                                     MT=  5
 MAT  925                         0.0        Kelvin Unshielded Cross Sections                           9-F -19 

   No.  Group-eV   Average      No.  Group-eV   Average      No.  Group-eV   Average      No.  Group-eV   Average

   113 11000000.0 4.29251E-7    126 28000000.0 3.96499E-4    139 120000000. 1.30634E-5    152 560000000. 0.0       
   114 12000000.0 6.06588E-6    127 30000000.0 1.61719E-4    140 140000000. 0.0           153 600000000. 0.0       
   115 13000000.0 1.15034E-5    128 35000000.0 5.61774E-5    141 160000000. 0.0           154 640000000. 0.0       
   116 14000000.0 1.69724E-5    129 40000000.0 3.03768E-5    142 180000000. 0.0           155 680000000. 0.0       
   117 15000000.0 2.61746E-5    130 45000000.0 2.19022E-5    143 200000000. 0.0           156 720000000. 0.0       
   118 16000000.0 1.00047E-4    131 50000000.0 1.79213E-5    144 240000000. 0.0           157 760000000. 0.0       
   119 17000000.0 2.55379E-4    132 54000000.0 1.71560E-5    145 280000000. 0.0           158 800000000. 0.0       
   120 18000000.0 4.27083E-4    133 55000000.0 1.72314E-5    146 320000000. 0.0           159 840000000. 0.0       
   121 19000000.0 5.70179E-4    134 60000000.0 1.76864E-5    147 360000000. 0.0           160 880000000. 0.0       
   122 20000000.0 7.87043E-4    135 70000000.0 1.77736E-5    148 400000000. 0.0           161 920000000. 0.0       
   123 22000000.0 5.97008E-4    136 80000000.0 1.73904E-5    149 440000000. 0.0           162 960000000. 0.0       
   124 24000000.0 4.83461E-4    137 90000000.0 1.66003E-5    150 480000000. 0.0           163 1.00000E+9
   125 26000000.0 4.91100E-4    138 100000000. 1.51379E-5    151 520000000. 0.0       
 
                                                     MT=  5
 MAT  925                         0.0        Kelvin Unshielded Cross Sections                           9-F -19 

   No.  Group-eV   Average      No.  Group-eV   Average      No.  Group-eV   Average      No.  Group-eV   Average

   123 22000000.0 8.3768E-15    134 60000000.0 5.81988E-7    145 280000000. 0.0           156 720000000. 0.0       
   124 24000000.0 2.6137E-14    135 70000000.0 5.56305E-7    146 320000000. 0.0           157 760000000. 0.0       
   125 26000000.0 4.49534E-6    136 80000000.0 5.44319E-7    147 360000000. 0.0           158 800000000. 0.0       
   126 28000000.0 1.29639E-5    137 90000000.0 5.19591E-7    148 400000000. 0.0           159 840000000. 0.0       
   127 30000000.0 8.81095E-6    138 100000000. 4.73817E-7    149 440000000. 0.0           160 880000000. 0.0       
   128 35000000.0 3.14467E-6    139 120000000. 4.08885E-7    150 480000000. 0.0           161 920000000. 0.0       
   129 40000000.0 1.76158E-6    140 140000000. 0.0           151 520000000. 0.0           162 960000000. 0.0       
   130 45000000.0 1.32668E-6    141 160000000. 0.0           152 560000000. 0.0           163 1.00000E+9
   131 50000000.0 1.05075E-6    142 180000000. 0.0           153 600000000. 0.0       
   132 54000000.0 9.20804E-7    143 200000000. 0.0           154 640000000. 0.0       
   133 55000000.0 7.76107E-7    144 240000000. 0.0           155 680000000. 0.0       
 
                                                     MT=  5
 MAT  925                         0.0        Kelvin Unshielded Cross Sections                           9-F -19 

   No.  Group-eV   Average      No.  Group-eV   Average      No.  Group-eV   Average      No.  Group-eV   Average

    82 4000000.00 1.27063E-6    103 8200000.00 .001465945    124 24000000.0 .001703158    145 280000000. 0.0       
    83 4200000.00 7.15391E-6    104 8400000.00 .001617777    125 26000000.0 .001110962    146 320000000. 0.0       
    84 4400000.00 1.91446E-5    105 8600000.00 .001768200    126 28000000.0 6.15521E-4    147 360000000. 0.0       
    85 4600000.00 3.73323E-5    106 8800000.00 .001917214    127 30000000.0 1.57209E-4    148 400000000. 0.0       
    86 4800000.00 6.17168E-5    107 9000000.00 .002064819    128 35000000.0 4.86356E-5    149 440000000. 0.0       
    87 5000000.00 9.22979E-5    108 9200000.00 .002211014    129 40000000.0 2.92930E-5    150 480000000. 0.0       
    88 5200000.00 1.29075E-4    109 9400000.00 .002355801    130 45000000.0 2.67909E-5    151 520000000. 0.0       
    89 5400000.00 1.72044E-4    110 9600000.00 .002499153    131 50000000.0 2.68407E-5    152 560000000. 0.0       
    90 5600000.00 2.21209E-4    111 9800000.00 .002641121    132 54000000.0 2.72228E-5    153 600000000. 0.0       
    91 5800000.00 2.76581E-4    112 10000000.0 .004138563    133 55000000.0 2.76536E-5    154 640000000. 0.0       
    92 6000000.00 3.38149E-4    113 11000000.0 .007308486    134 60000000.0 2.83839E-5    155 680000000. 0.0       
    93 6200000.00 4.05901E-4    114 12000000.0 .008082663    135 70000000.0 2.85237E-5    156 720000000. 0.0       
    94 6400000.00 4.79849E-4    115 13000000.0 .006478331    136 80000000.0 2.79091E-5    157 760000000. 0.0       
    95 6600000.00 5.59991E-4    116 14000000.0 .005883464    137 90000000.0 2.66410E-5    158 800000000. 0.0       
    96 6800000.00 6.46345E-4    117 15000000.0 .006357910    138 100000000. 2.42941E-5    159 840000000. 0.0       
    97 7000000.00 7.38896E-4    118 16000000.0 .006331423    139 120000000. 2.09651E-5    160 880000000. 0.0       
    98 7200000.00 8.37624E-4    119 17000000.0 .006288747    140 140000000. 0.0           161 920000000. 0.0       
    99 7400000.00 9.42548E-4    120 18000000.0 .006124132    141 160000000. 0.0           162 960000000. 0.0       
   100 7600000.00 .001053665    121 19000000.0 .005318668    142 180000000. 0.0           163 1.00000E+9
   101 7800000.00 .001171428    122 20000000.0 .005227360    143 200000000. 0.0       
   102 8000000.00 .001310848    123 22000000.0 .003043311    144 240000000. 0.0       
 
                                                     MT=  5
 MAT  925                         0.0        Kelvin Unshielded Cross Sections                           9-F -19 

   No.  Group-eV   Average      No.  Group-eV   Average      No.  Group-eV   Average      No.  Group-eV   Average

   128 35000000.0 2.2074E-10    137 90000000.0 1.02093E-4    146 320000000. 0.0           155 680000000. 0.0       
   129 40000000.0 1.42376E-9    138 100000000. 9.96212E-5    147 360000000. 0.0           156 720000000. 0.0       
   130 45000000.0 2.32118E-9    139 120000000. 6.98427E-5    148 400000000. 0.0           157 760000000. 0.0       
   131 50000000.0 3.69643E-7    140 140000000. 0.0           149 440000000. 0.0           158 800000000. 0.0       
   132 54000000.0 8.25127E-7    141 160000000. 0.0           150 480000000. 0.0           159 840000000. 0.0       
   133 55000000.0 3.41848E-6    142 180000000. 0.0           151 520000000. 0.0           160 880000000. 0.0       
   134 60000000.0 1.33295E-5    143 200000000. 0.0           152 560000000. 0.0           161 920000000. 0.0       
   135 70000000.0 4.47956E-5    144 240000000. 0.0           153 600000000. 0.0           162 960000000. 0.0       
   136 80000000.0 8.12594E-5    145 280000000. 0.0           154 640000000. 0.0           163 1.00000E+9
 
                                                     MT=  5
 MAT  925                         0.0        Kelvin Unshielded Cross Sections                           9-F -19 

   No.  Group-eV   Average      No.  Group-eV   Average      No.  Group-eV   Average      No.  Group-eV   Average

   120 18000000.0 5.9614E-13    131 50000000.0 1.91335E-4    142 180000000. 0.0           153 600000000. 0.0       
   121 19000000.0 2.8066E-11    132 54000000.0 1.96494E-4    143 200000000. 0.0           154 640000000. 0.0       
   122 20000000.0 1.0154E-10    133 55000000.0 2.10467E-4    144 240000000. 0.0           155 680000000. 0.0       
   123 22000000.0 1.5555E-10    134 60000000.0 2.26701E-4    145 280000000. 0.0           156 720000000. 0.0       
   124 24000000.0 2.2740E-10    135 70000000.0 2.08651E-4    146 320000000. 0.0           157 760000000. 0.0       
   125 26000000.0 7.85935E-7    136 80000000.0 1.77910E-4    147 360000000. 0.0           158 800000000. 0.0       
   126 28000000.0 1.77092E-5    137 90000000.0 1.34234E-4    148 400000000. 0.0           159 840000000. 0.0       
   127 30000000.0 6.77072E-5    138 100000000. 1.04888E-4    149 440000000. 0.0           160 880000000. 0.0       
   128 35000000.0 1.23485E-4    139 120000000. 8.56142E-5    150 480000000. 0.0           161 920000000. 0.0       
   129 40000000.0 1.57937E-4    140 140000000. 0.0           151 520000000. 0.0           162 960000000. 0.0       
   130 45000000.0 1.79705E-4    141 160000000. 0.0           152 560000000. 0.0           163 1.00000E+9
 
                                                     MT=  5
 MAT  925                         0.0        Kelvin Unshielded Cross Sections                           9-F -19 

   No.  Group-eV   Average      No.  Group-eV   Average      No.  Group-eV   Average      No.  Group-eV   Average

   122 20000000.0 1.0452E-13    133 55000000.0 8.87250E-5    144 240000000. 0.0           155 680000000. 0.0       
   123 22000000.0 2.8426E-13    134 60000000.0 1.11226E-4    145 280000000. 0.0           156 720000000. 0.0       
   124 24000000.0 4.7728E-13    135 70000000.0 1.25713E-4    146 320000000. 0.0           157 760000000. 0.0       
   125 26000000.0 1.40043E-5    136 80000000.0 1.00413E-4    147 360000000. 0.0           158 800000000. 0.0       
   126 28000000.0 6.24160E-5    137 90000000.0 8.56939E-5    148 400000000. 0.0           159 840000000. 0.0       
   127 30000000.0 1.63090E-4    138 100000000. 9.23385E-5    149 440000000. 0.0           160 880000000. 0.0       
   128 35000000.0 1.93794E-4    139 120000000. 1.06715E-4    150 480000000. 0.0           161 920000000. 0.0       
   129 40000000.0 1.33806E-4    140 140000000. 0.0           151 520000000. 0.0           162 960000000. 0.0       
   130 45000000.0 1.01934E-4    141 160000000. 0.0           152 560000000. 0.0           163 1.00000E+9
   131 50000000.0 8.76598E-5    142 180000000. 0.0           153 600000000. 0.0       
   132 54000000.0 8.60456E-5    143 200000000. 0.0           154 640000000. 0.0       
 
                                                     MT=  5
 MAT  925                         0.0        Kelvin Unshielded Cross Sections                           9-F -19 

   No.  Group-eV   Average      No.  Group-eV   Average      No.  Group-eV   Average      No.  Group-eV   Average

   116 14000000.0 8.1997E-10    128 35000000.0 5.67020E-5    140 140000000. 0.0           152 560000000. 0.0       
   117 15000000.0 3.89169E-9    129 40000000.0 2.63111E-5    141 160000000. 0.0           153 600000000. 0.0       
   118 16000000.0 7.28069E-9    130 45000000.0 3.25101E-5    142 180000000. 0.0           154 640000000. 0.0       
   119 17000000.0 1.12214E-8    131 50000000.0 5.52999E-5    143 200000000. 0.0           155 680000000. 0.0       
   120 18000000.0 1.57413E-8    132 54000000.0 7.33309E-5    144 240000000. 0.0           156 720000000. 0.0       
   121 19000000.0 1.93015E-8    133 55000000.0 9.59398E-5    145 280000000. 0.0           157 760000000. 0.0       
   122 20000000.0 1.36322E-5    134 60000000.0 1.27832E-4    146 320000000. 0.0           158 800000000. 0.0       
   123 22000000.0 4.52679E-5    135 70000000.0 1.17571E-4    147 360000000. 0.0           159 840000000. 0.0       
   124 24000000.0 1.08898E-4    136 80000000.0 1.27425E-4    148 400000000. 0.0           160 880000000. 0.0       
   125 26000000.0 2.25934E-4    137 90000000.0 1.77166E-4    149 440000000. 0.0           161 920000000. 0.0       
   126 28000000.0 2.70202E-4    138 100000000. 2.22596E-4    150 480000000. 0.0           162 960000000. 0.0       
   127 30000000.0 1.55171E-4    139 120000000. 2.11943E-4    151 520000000. 0.0           163 1.00000E+9
 
                                                     MT=  5
 MAT  925                         0.0        Kelvin Unshielded Cross Sections                           9-F -19 

   No.  Group-eV   Average      No.  Group-eV   Average      No.  Group-eV   Average      No.  Group-eV   Average

   127 30000000.0 2.0274E-16    137 90000000.0 1.30760E-5    147 360000000. 0.0           157 760000000. 0.0       
   128 35000000.0 2.6493E-15    138 100000000. 9.10870E-6    148 400000000. 0.0           158 800000000. 0.0       
   129 40000000.0 2.29071E-6    139 120000000. 6.54448E-6    149 440000000. 0.0           159 840000000. 0.0       
   130 45000000.0 5.35584E-6    140 140000000. 0.0           150 480000000. 0.0           160 880000000. 0.0       
   131 50000000.0 6.78731E-6    141 160000000. 0.0           151 520000000. 0.0           161 920000000. 0.0       
   132 54000000.0 7.18340E-6    142 180000000. 0.0           152 560000000. 0.0           162 960000000. 0.0       
   133 55000000.0 5.37825E-6    143 200000000. 0.0           153 600000000. 0.0           163 1.00000E+9
   134 60000000.0 3.22643E-6    144 240000000. 0.0           154 640000000. 0.0       
   135 70000000.0 4.32305E-6    145 280000000. 0.0           155 680000000. 0.0       
   136 80000000.0 9.33103E-6    146 320000000. 0.0           156 720000000. 0.0       
 
                                                     MT=  5
 MAT  925                         0.0        Kelvin Unshielded Cross Sections                           9-F -19 

   No.  Group-eV   Average      No.  Group-eV   Average      No.  Group-eV   Average      No.  Group-eV   Average

   128 35000000.0 1.5084E-13    137 90000000.0 3.22519E-9    146 320000000. 0.0           155 680000000. 0.0       
   129 40000000.0 7.1276E-13    138 100000000. 2.75167E-9    147 360000000. 0.0           156 720000000. 0.0       
   130 45000000.0 1.1006E-12    139 120000000. 2.22103E-9    148 400000000. 0.0           157 760000000. 0.0       
   131 50000000.0 2.4538E-12    140 140000000. 0.0           149 440000000. 0.0           158 800000000. 0.0       
   132 54000000.0 3.9046E-12    141 160000000. 0.0           150 480000000. 0.0           159 840000000. 0.0       
   133 55000000.0 8.4593E-11    142 180000000. 0.0           151 520000000. 0.0           160 880000000. 0.0       
   134 60000000.0 9.1120E-10    143 200000000. 0.0           152 560000000. 0.0           161 920000000. 0.0       
   135 70000000.0 2.84042E-9    144 240000000. 0.0           153 600000000. 0.0           162 960000000. 0.0       
   136 80000000.0 3.32693E-9    145 280000000. 0.0           154 640000000. 0.0           163 1.00000E+9
 
                                                     MT=  5
 MAT  925                         0.0        Kelvin Unshielded Cross Sections                           9-F -19 

   No.  Group-eV   Average      No.  Group-eV   Average      No.  Group-eV   Average      No.  Group-eV   Average

   130 45000000.0 1.00473E-9    139 120000000. 4.43956E-6    148 400000000. 0.0           157 760000000. 0.0       
   131 50000000.0 3.04644E-9    140 140000000. 0.0           149 440000000. 0.0           158 800000000. 0.0       
   132 54000000.0 4.13322E-9    141 160000000. 0.0           150 480000000. 0.0           159 840000000. 0.0       
   133 55000000.0 1.72161E-7    142 180000000. 0.0           151 520000000. 0.0           160 880000000. 0.0       
   134 60000000.0 2.55354E-6    143 200000000. 0.0           152 560000000. 0.0           161 920000000. 0.0       
   135 70000000.0 5.88579E-6    144 240000000. 0.0           153 600000000. 0.0           162 960000000. 0.0       
   136 80000000.0 9.83459E-6    145 280000000. 0.0           154 640000000. 0.0           163 1.00000E+9
   137 90000000.0 8.38972E-6    146 320000000. 0.0           155 680000000. 0.0       
   138 100000000. 7.25093E-6    147 360000000. 0.0           156 720000000. 0.0       
 
                                                     MT=  5
 MAT  925                         0.0        Kelvin Unshielded Cross Sections                           9-F -19 

   No.  Group-eV   Average      No.  Group-eV   Average      No.  Group-eV   Average      No.  Group-eV   Average

   124 24000000.0 2.0213E-15    134 60000000.0 2.25145E-5    144 240000000. 0.0           154 640000000. 0.0       
   125 26000000.0 4.3577E-14    135 70000000.0 2.00771E-5    145 280000000. 0.0           155 680000000. 0.0       
   126 28000000.0 8.1012E-14    136 80000000.0 1.44764E-5    146 320000000. 0.0           156 720000000. 0.0       
   127 30000000.0 3.32965E-6    137 90000000.0 1.24201E-5    147 360000000. 0.0           157 760000000. 0.0       
   128 35000000.0 1.70503E-5    138 100000000. 9.50796E-6    148 400000000. 0.0           158 800000000. 0.0       
   129 40000000.0 2.40093E-5    139 120000000. 6.51503E-6    149 440000000. 0.0           159 840000000. 0.0       
   130 45000000.0 2.77549E-5    140 140000000. 0.0           150 480000000. 0.0           160 880000000. 0.0       
   131 50000000.0 2.82913E-5    141 160000000. 0.0           151 520000000. 0.0           161 920000000. 0.0       
   132 54000000.0 2.81831E-5    142 180000000. 0.0           152 560000000. 0.0           162 960000000. 0.0       
   133 55000000.0 2.56302E-5    143 200000000. 0.0           153 600000000. 0.0           163 1.00000E+9
 
                                                     MT=  5
 MAT  925                         0.0        Kelvin Unshielded Cross Sections                           9-F -19 

   No.  Group-eV   Average      No.  Group-eV   Average      No.  Group-eV   Average      No.  Group-eV   Average

   116 14000000.0 2.79376E-6    128 35000000.0 3.07487E-4    140 140000000. 0.0           152 560000000. 0.0       
   117 15000000.0 1.34359E-4    129 40000000.0 1.17073E-4    141 160000000. 0.0           153 600000000. 0.0       
   118 16000000.0 3.54809E-4    130 45000000.0 6.82945E-5    142 180000000. 0.0           154 640000000. 0.0       
   119 17000000.0 6.10217E-4    131 50000000.0 5.44479E-5    143 200000000. 0.0           155 680000000. 0.0       
   120 18000000.0 9.03025E-4    132 54000000.0 5.41167E-5    144 240000000. 0.0           156 720000000. 0.0       
   121 19000000.0 .001143292    133 55000000.0 5.52664E-5    145 280000000. 0.0           157 760000000. 0.0       
   122 20000000.0 .002264480    134 60000000.0 5.33967E-5    146 320000000. 0.0           158 800000000. 0.0       
   123 22000000.0 .002583468    135 70000000.0 4.26456E-5    147 360000000. 0.0           159 840000000. 0.0       
   124 24000000.0 .002801869    136 80000000.0 3.36972E-5    148 400000000. 0.0           160 880000000. 0.0       
   125 26000000.0 .003267717    137 90000000.0 2.89850E-5    149 440000000. 0.0           161 920000000. 0.0       
   126 28000000.0 .002731304    138 100000000. 2.24427E-5    150 480000000. 0.0           162 960000000. 0.0       
   127 30000000.0 .001085182    139 120000000. 1.59539E-5    151 520000000. 0.0           163 1.00000E+9
 
                                                     MT=  5
 MAT  925                         0.0        Kelvin Unshielded Cross Sections                           9-F -19 

   No.  Group-eV   Average      No.  Group-eV   Average      No.  Group-eV   Average      No.  Group-eV   Average

    82 4000000.00 1.30394E-6    103 8200000.00 .001465945    124 24000000.0 .001703158    145 280000000. 0.0       
    83 4200000.00 7.34145E-6    104 8400000.00 .001617777    125 26000000.0 .001110962    146 320000000. 0.0       
    84 4400000.00 1.96465E-5    105 8600000.00 .001768200    126 28000000.0 6.15521E-4    147 360000000. 0.0       
    85 4600000.00 3.83110E-5    106 8800000.00 .001917214    127 30000000.0 1.55677E-4    148 400000000. 0.0       
    86 4800000.00 6.33348E-5    107 9000000.00 .002064819    128 35000000.0 7.81641E-5    149 440000000. 0.0       
    87 5000000.00 9.47175E-5    108 9200000.00 .002211014    129 40000000.0 9.22558E-5    150 480000000. 0.0       
    88 5200000.00 1.32458E-4    109 9400000.00 .002355801    130 45000000.0 1.06222E-4    151 520000000. 0.0       
    89 5400000.00 1.76555E-4    110 9600000.00 .002499153    131 50000000.0 1.11706E-4    152 560000000. 0.0       
    90 5600000.00 2.27008E-4    111 9800000.00 .002641121    132 54000000.0 1.14143E-4    153 600000000. 0.0       
    91 5800000.00 2.83831E-4    112 10000000.0 .004138563    133 55000000.0 1.22830E-4    154 640000000. 0.0       
    92 6000000.00 3.47014E-4    113 11000000.0 .007308486    134 60000000.0 1.64180E-4    155 680000000. 0.0       
    93 6200000.00 4.16542E-4    114 12000000.0 .008082663    135 70000000.0 2.26403E-4    156 720000000. 0.0       
    94 6400000.00 4.92428E-4    115 13000000.0 .006478331    136 80000000.0 2.46863E-4    157 760000000. 0.0       
    95 6600000.00 5.74671E-4    116 14000000.0 .005883464    137 90000000.0 2.33457E-4    158 800000000. 0.0       
    96 6800000.00 6.63290E-4    117 15000000.0 .006357910    138 100000000. 1.96890E-4    159 840000000. 0.0       
    97 7000000.00 7.58266E-4    118 16000000.0 .006331423    139 120000000. 1.51642E-4    160 880000000. 0.0       
    98 7200000.00 8.59583E-4    119 17000000.0 .006288747    140 140000000. 0.0           161 920000000. 0.0       
    99 7400000.00 9.67257E-4    120 18000000.0 .006124132    141 160000000. 0.0           162 960000000. 0.0       
   100 7600000.00 .001081288    121 19000000.0 .005318668    142 180000000. 0.0           163 1.00000E+9
   101 7800000.00 .001201654    122 20000000.0 .005227360    143 200000000. 0.0       
   102 8000000.00 .001326580    123 22000000.0 .003043311    144 240000000. 0.0       
 
                                                     MT=  5
 MAT  925                         0.0        Kelvin Unshielded Cross Sections                           9-F -19 

   No.  Group-eV   Average      No.  Group-eV   Average      No.  Group-eV   Average      No.  Group-eV   Average

   123 22000000.0 8.3768E-15    134 60000000.0 4.79966E-5    145 280000000. 0.0           156 720000000. 0.0       
   124 24000000.0 2.6137E-14    135 70000000.0 4.62010E-5    146 320000000. 0.0           157 760000000. 0.0       
   125 26000000.0 4.49534E-6    136 80000000.0 4.39639E-5    147 360000000. 0.0           158 800000000. 0.0       
   126 28000000.0 1.35827E-5    137 90000000.0 3.73363E-5    148 400000000. 0.0           159 840000000. 0.0       
   127 30000000.0 1.92297E-5    138 100000000. 3.37712E-5    149 440000000. 0.0           160 880000000. 0.0       
   128 35000000.0 1.81028E-5    139 120000000. 2.90133E-5    150 480000000. 0.0           161 920000000. 0.0       
   129 40000000.0 1.93200E-5    140 140000000. 0.0           151 520000000. 0.0           162 960000000. 0.0       
   130 45000000.0 2.37396E-5    141 160000000. 0.0           152 560000000. 0.0           163 1.00000E+9
   131 50000000.0 2.96849E-5    142 180000000. 0.0           153 600000000. 0.0       
   132 54000000.0 3.44523E-5    143 200000000. 0.0           154 640000000. 0.0       
   133 55000000.0 4.01090E-5    144 240000000. 0.0           155 680000000. 0.0       
 
                                                     MT=  5
 MAT  925                         0.0        Kelvin Unshielded Cross Sections                           9-F -19 

   No.  Group-eV   Average      No.  Group-eV   Average      No.  Group-eV   Average      No.  Group-eV   Average

   123 22000000.0 2.77084E-8    134 60000000.0 2.25726E-5    145 280000000. 0.0           156 720000000. 0.0       
   124 24000000.0 8.87963E-6    135 70000000.0 2.34736E-5    146 320000000. 0.0           157 760000000. 0.0       
   125 26000000.0 2.94549E-5    136 80000000.0 2.34451E-5    147 360000000. 0.0           158 800000000. 0.0       
   126 28000000.0 4.12106E-5    137 90000000.0 2.24590E-5    148 400000000. 0.0           159 840000000. 0.0       
   127 30000000.0 3.33130E-5    138 100000000. 2.04459E-5    149 440000000. 0.0           160 880000000. 0.0       
   128 35000000.0 2.52649E-5    139 120000000. 1.70588E-5    150 480000000. 0.0           161 920000000. 0.0       
   129 40000000.0 2.21677E-5    140 140000000. 0.0           151 520000000. 0.0           162 960000000. 0.0       
   130 45000000.0 2.21016E-5    141 160000000. 0.0           152 560000000. 0.0           163 1.00000E+9
   131 50000000.0 2.23448E-5    142 180000000. 0.0           153 600000000. 0.0       
   132 54000000.0 2.27742E-5    143 200000000. 0.0           154 640000000. 0.0       
   133 55000000.0 2.26005E-5    144 240000000. 0.0           155 680000000. 0.0       
 
                                                     MT=  5
 MAT  925                         0.0        Kelvin Unshielded Cross Sections                           9-F -19 

   No.  Group-eV   Average      No.  Group-eV   Average      No.  Group-eV   Average      No.  Group-eV   Average

   113 11000000.0 4.29251E-7    126 28000000.0 .003252118    139 120000000. 1.31480E-4    152 560000000. 0.0       
   114 12000000.0 6.06588E-6    127 30000000.0 .001681523    140 140000000. 0.0           153 600000000. 0.0       
   115 13000000.0 1.15034E-5    128 35000000.0 7.33336E-4    141 160000000. 0.0           154 640000000. 0.0       
   116 14000000.0 1.69724E-5    129 40000000.0 4.58926E-4    142 180000000. 0.0           155 680000000. 0.0       
   117 15000000.0 2.61746E-5    130 45000000.0 3.89796E-4    143 200000000. 0.0           156 720000000. 0.0       
   118 16000000.0 1.00047E-4    131 50000000.0 3.59613E-4    144 240000000. 0.0           157 760000000. 0.0       
   119 17000000.0 2.55379E-4    132 54000000.0 3.52292E-4    145 280000000. 0.0           158 800000000. 0.0       
   120 18000000.0 4.27083E-4    133 55000000.0 3.43556E-4    146 320000000. 0.0           159 840000000. 0.0       
   121 19000000.0 5.70179E-4    134 60000000.0 3.19600E-4    147 360000000. 0.0           160 880000000. 0.0       
   122 20000000.0 .001178418    135 70000000.0 2.84176E-4    148 400000000. 0.0           161 920000000. 0.0       
   123 22000000.0 .001492483    136 80000000.0 2.47822E-4    149 440000000. 0.0           162 960000000. 0.0       
   124 24000000.0 .002068103    137 90000000.0 2.15861E-4    150 480000000. 0.0           163 1.00000E+9
   125 26000000.0 .003175143    138 100000000. 1.75162E-4    151 520000000. 0.0       
 
                                                     MT=  5
 MAT  925                         0.0        Kelvin Unshielded Cross Sections                           9-F -19 

   No.  Group-eV   Average      No.  Group-eV   Average      No.  Group-eV   Average      No.  Group-eV   Average

   115 13000000.0 8.36356E-9    128 35000000.0 2.47089E-4    141 160000000. 0.0           154 640000000. 0.0       
   116 14000000.0 3.29844E-7    129 40000000.0 1.48803E-4    142 180000000. 0.0           155 680000000. 0.0       
   117 15000000.0 9.21485E-7    130 45000000.0 1.26817E-4    143 200000000. 0.0           156 720000000. 0.0       
   118 16000000.0 1.06917E-4    131 50000000.0 1.18502E-4    144 240000000. 0.0           157 760000000. 0.0       
   119 17000000.0 3.42223E-4    132 54000000.0 1.16852E-4    145 280000000. 0.0           158 800000000. 0.0       
   120 18000000.0 7.21383E-4    133 55000000.0 1.15071E-4    146 320000000. 0.0           159 840000000. 0.0       
   121 19000000.0 .001179313    134 60000000.0 1.07120E-4    147 360000000. 0.0           160 880000000. 0.0       
   122 20000000.0 .002446135    135 70000000.0 9.64577E-5    148 400000000. 0.0           161 920000000. 0.0       
   123 22000000.0 .002647353    136 80000000.0 8.50117E-5    149 440000000. 0.0           162 960000000. 0.0       
   124 24000000.0 .002560463    137 90000000.0 7.36296E-5    150 480000000. 0.0           163 1.00000E+9
   125 26000000.0 .002609590    138 100000000. 5.81530E-5    151 520000000. 0.0       
   126 28000000.0 .001993124    139 120000000. 4.19010E-5    152 560000000. 0.0       
   127 30000000.0 7.32841E-4    140 140000000. 0.0           153 600000000. 0.0       
 
                                                     MT=  5
 MAT  925                         0.0        Kelvin Unshielded Cross Sections                           9-F -19 

   No.  Group-eV   Average      No.  Group-eV   Average      No.  Group-eV   Average      No.  Group-eV   Average

   101 7800000.00 2.7244E-14    117 15000000.0 .001002814    133 55000000.0 5.38045E-5    149 440000000. 0.0       
   102 8000000.00 1.0488E-12    118 16000000.0 .001226484    134 60000000.0 5.37723E-5    150 480000000. 0.0       
   103 8200000.00 3.2740E-12    119 17000000.0 .001378900    135 70000000.0 5.20688E-5    151 520000000. 0.0       
   104 8400000.00 5.9575E-12    120 18000000.0 .001469770    136 80000000.0 4.68109E-5    152 560000000. 0.0       
   105 8600000.00 9.0979E-12    121 19000000.0 .001361013    137 90000000.0 4.23984E-5    153 600000000. 0.0       
   106 8800000.00 1.2695E-11    122 20000000.0 .001479313    138 100000000. 3.48674E-5    154 640000000. 0.0       
   107 9000000.00 1.6749E-11    123 22000000.0 .001006721    139 120000000. 2.63941E-5    155 680000000. 0.0       
   108 9200000.00 2.1261E-11    124 24000000.0 7.54003E-4    140 140000000. 0.0           156 720000000. 0.0       
   109 9400000.00 2.6228E-11    125 26000000.0 7.32016E-4    141 160000000. 0.0           157 760000000. 0.0       
   110 9600000.00 3.1653E-11    126 28000000.0 5.84393E-4    142 180000000. 0.0           158 800000000. 0.0       
   111 9800000.00 3.7535E-11    127 30000000.0 2.45124E-4    143 200000000. 0.0           159 840000000. 0.0       
   112 10000000.0 3.68041E-5    128 35000000.0 9.73347E-5    144 240000000. 0.0           160 880000000. 0.0       
   113 11000000.0 1.93854E-4    129 40000000.0 6.36434E-5    145 280000000. 0.0           161 920000000. 0.0       
   114 12000000.0 3.87822E-4    130 45000000.0 5.58944E-5    146 320000000. 0.0           162 960000000. 0.0       
   115 13000000.0 4.86929E-4    131 50000000.0 5.33422E-5    147 360000000. 0.0           163 1.00000E+9
   116 14000000.0 6.53449E-4    132 54000000.0 5.35059E-5    148 400000000. 0.0       
 
                                                     MT=  5
 MAT  925                         0.0        Kelvin Unshielded Cross Sections                           9-F -19 

   No.  Group-eV   Average      No.  Group-eV   Average      No.  Group-eV   Average      No.  Group-eV   Average

   131 50000000.0 1.6880E-13    140 140000000. 0.0           149 440000000. 0.0           158 800000000. 0.0       
   132 54000000.0 4.3817E-13    141 160000000. 0.0           150 480000000. 0.0           159 840000000. 0.0       
   133 55000000.0 7.5385E-13    142 180000000. 0.0           151 520000000. 0.0           160 880000000. 0.0       
   134 60000000.0 1.8373E-10    143 200000000. 0.0           152 560000000. 0.0           161 920000000. 0.0       
   135 70000000.0 2.2601E-10    144 240000000. 0.0           153 600000000. 0.0           162 960000000. 0.0       
   136 80000000.0 5.9518E-10    145 280000000. 0.0           154 640000000. 0.0           163 1.00000E+9
   137 90000000.0 2.8327E-10    146 320000000. 0.0           155 680000000. 0.0       
   138 100000000. 2.4303E-10    147 360000000. 0.0           156 720000000. 0.0       
   139 120000000. 8.8349E-11    148 400000000. 0.0           157 760000000. 0.0       
 
                                                     MT=  5
 MAT  925                         0.0        Kelvin Unshielded Cross Sections                           9-F -19 

   No.  Group-eV   Average      No.  Group-eV   Average      No.  Group-eV   Average      No.  Group-eV   Average

   128 35000000.0 3.6715E-11    137 90000000.0 1.71171E-8    146 320000000. 0.0           155 680000000. 0.0       
   129 40000000.0 1.64147E-8    138 100000000. 7.33000E-9    147 360000000. 0.0           156 720000000. 0.0       
   130 45000000.0 3.31635E-8    139 120000000. 1.14061E-8    148 400000000. 0.0           157 760000000. 0.0       
   131 50000000.0 3.69827E-8    140 140000000. 0.0           149 440000000. 0.0           158 800000000. 0.0       
   132 54000000.0 3.78718E-8    141 160000000. 0.0           150 480000000. 0.0           159 840000000. 0.0       
   133 55000000.0 2.33353E-8    142 180000000. 0.0           151 520000000. 0.0           160 880000000. 0.0       
   134 60000000.0 2.78535E-8    143 200000000. 0.0           152 560000000. 0.0           161 920000000. 0.0       
   135 70000000.0 2.94120E-8    144 240000000. 0.0           153 600000000. 0.0           162 960000000. 0.0       
   136 80000000.0 1.70292E-8    145 280000000. 0.0           154 640000000. 0.0           163 1.00000E+9
 
                                                     MT=  5
 MAT  925                         0.0        Kelvin Unshielded Cross Sections                           9-F -19 

   No.  Group-eV   Average      No.  Group-eV   Average      No.  Group-eV   Average      No.  Group-eV   Average

   121 19000000.0 7.38130E-5    132 54000000.0 2.67614E-4    143 200000000. 0.0           154 640000000. 0.0       
   122 20000000.0 3.15363E-4    133 55000000.0 2.53052E-4    144 240000000. 0.0           155 680000000. 0.0       
   123 22000000.0 5.59058E-4    134 60000000.0 2.39252E-4    145 280000000. 0.0           156 720000000. 0.0       
   124 24000000.0 8.50507E-4    135 70000000.0 2.21148E-4    146 320000000. 0.0           157 760000000. 0.0       
   125 26000000.0 .001495219    136 80000000.0 2.08672E-4    147 360000000. 0.0           158 800000000. 0.0       
   126 28000000.0 .001814837    137 90000000.0 1.93156E-4    148 400000000. 0.0           159 840000000. 0.0       
   127 30000000.0 .001549937    138 100000000. 1.68108E-4    149 440000000. 0.0           160 880000000. 0.0       
   128 35000000.0 .001012667    139 120000000. 1.43170E-4    150 480000000. 0.0           161 920000000. 0.0       
   129 40000000.0 6.06418E-4    140 140000000. 0.0           151 520000000. 0.0           162 960000000. 0.0       
   130 45000000.0 3.38062E-4    141 160000000. 0.0           152 560000000. 0.0           163 1.00000E+9
   131 50000000.0 2.85964E-4    142 180000000. 0.0           153 600000000. 0.0       
 
                                                     MT=  5
 MAT  925                         0.0        Kelvin Unshielded Cross Sections                           9-F -19 

   No.  Group-eV   Average      No.  Group-eV   Average      No.  Group-eV   Average      No.  Group-eV   Average

   112 10000000.0 2.53724E-4    125 26000000.0 .008658757    138 100000000. 1.02241E-4    151 520000000. 0.0       
   113 11000000.0 .001737846    126 28000000.0 .006788274    139 120000000. 7.49071E-5    152 560000000. 0.0       
   114 12000000.0 .002792800    127 30000000.0 .003419888    140 140000000. 0.0           153 600000000. 0.0       
   115 13000000.0 .002487453    128 35000000.0 .001612317    141 160000000. 0.0           154 640000000. 0.0       
   116 14000000.0 .002677576    129 40000000.0 8.85515E-4    142 180000000. 0.0           155 680000000. 0.0       
   117 15000000.0 .003559677    130 45000000.0 5.55372E-4    143 200000000. 0.0           156 720000000. 0.0       
   118 16000000.0 .003567322    131 50000000.0 4.20451E-4    144 240000000. 0.0           157 760000000. 0.0       
   119 17000000.0 .004186234    132 54000000.0 3.73335E-4    145 280000000. 0.0           158 800000000. 0.0       
   120 18000000.0 .005413179    133 55000000.0 3.33395E-4    146 320000000. 0.0           159 840000000. 0.0       
   121 19000000.0 .005307938    134 60000000.0 2.62863E-4    147 360000000. 0.0           160 880000000. 0.0       
   122 20000000.0 .007785785    135 70000000.0 2.11108E-4    148 400000000. 0.0           161 920000000. 0.0       
   123 22000000.0 .009942807    136 80000000.0 1.71734E-4    149 440000000. 0.0           162 960000000. 0.0       
   124 24000000.0 .009788869    137 90000000.0 1.46039E-4    150 480000000. 0.0           163 1.00000E+9
 
