 Create New Section Index (DICTIN 2019-1)
 ------------------------------------------------------------
 ENDF/B Input and Output Data Filenames
 ------------------------------------------------------------
 DICTIN.IN                                                               
 DICTIN.OUT                                                              
 ------------------------------------------------------------
 First Pass. Reading ENDF/B Data
 ------------------------------------------------------------
  MAT   Messages
 ------------------------------------------------------------
  725
 ------------------------------------------------------------
 Second Pass. Creating New Index
 ------------------------------------------------------------
 ENDF/B  MAT MF  MT  Lines  Mod
 Format
 ------------------------------------------------------------
  VI     725  1 451    121    0
         725  3   3     70    0
         725  3  16     24    0
         725  3  23     44    0
         725  3  28     63    0
         725  3  32     27    0
         725  3  34     23    0
         725  3  35     20    0
         725  3  36     22    0
         725  3  44     26    0
         725  3  50     65    0
         725  3 102      7    0
         725  3 108     52    0
         725  3 109     26    0
         725  3 111     35    0
         725  3 112     47    0
         725  3 113     23    0
         725  3 114     49    0
         725  3 115     34    0
         725  3 116     24    0
         725  3 117     25    0
         725  3 118     19    0
         725  3 600     70    0
         725  3 601     65    0
         725  3 602     65    0
         725  3 603     64    0
         725  3 650     66    0
         725  3 651     58    0
         725  3 700     40    0
         725  3 701     38    0
         725  3 702     34    0
         725  3 703     32    0
         725  3 704     27    0
         725  3 705     26    0
         725  3 706     26    0
         725  3 707     25    0
         725  3 750     43    0
         725  3 751     40    0
         725  3 752     37    0
         725  3 753     35    0
         725  3 754     32    0
         725  3 755     31    0
         725  3 756     30    0
         725  3 757     27    0
         725  3 758     26    0
         725  3 800     63    0
         725  3 801     62    0
         725  3 802     59    0
         725  3 803     58    0
         725  3 804     55    0
 ------------------------------------------------------------
 Original Line Count   2181
 Final Line Count      2135
 ------------------------------------------------------------
 ===============================================================================
 DICTIN   Total Execution Time                0.01 Seconds
 ===============================================================================
