  Linearize ENDF/B Cross Sections (LINEAR 2019-1)
  ------------------------------------------------------------------------------
  Retrieval Criteria-----------        MAT
  Monitor Mode-----------------        Off
  Minimum Cross Section-------- 1.0000E-10
  Keep Evaluated Data Points---        Yes
  ------------------------------------------------------------------------------
  ENDF/B Input and Output Data Filenames
  LINEAR.IN                                                               
  LINEAR.OUT                                                              
  ------------------------------------------------------------------------------
  Requested Ranges
  ------------------------------------------------------------------------------
       Minimum       Maximum   
     MAT MF  MT    MAT MF  MT
  ------------------------------------------------------------------------------
       0  0   0 999999 99 999
  ------------------------------------------------------------------------------
  Allowable Uncertainty
  ------------------------------------------------------------------------------
      Energy Uncertainty   per-cent
  ------------------------------------------------------------------------------
  0.0         1.0000E-10     0.0000
  ------------------------------------------------------------------------------
  ENDF/B Tape Label
  ------------------------------------------------------------------------------
                                                                       1
  ------------------------------------------------------------------------------
    Material  MAT  MF  MT  ENDF/B      Kelvin     Q-Value   Points   Points
                           Format                      eV       In      Out
  ------------------------------------------------------------------------------
    7-N -14   725   3   3   VI     0.0         0.0             200      200
    7-N -14   725   3  16   VI     0.0        -30617000.0       63       63
    7-N -14   725   3  23   VI     0.0        -19772000.0      122      122
    7-N -14   725   3  28   VI     0.0        -12497000.0      178      178
    7-N -14   725   3  32   VI     0.0        -28994000.0       71       71
    7-N -14   725   3  34   VI     0.0        -32189000.0       60       60
    7-N -14   725   3  35   VI     0.0        -37684000.0       51       51
    7-N -14   725   3  36   VI     0.0        -35459000.0       55       55
    7-N -14   725   3  44   VI     0.0        -28454000.0       68       68
    7-N -14   725   3  50   VI     0.0        -10553000.0      186      186
    7-N -14   725   3 102   VI     0.0         0.0              11       11
    7-N -14   725   3 108   VI     0.0        -16070000.0      146      146
    7-N -14   725   3 109   VI     0.0        -29399000.0       67       67
    7-N -14   725   3 111   VI     0.0        -25084000.0       96       96
    7-N -14   725   3 112   VI     0.0        -18197000.0      131      131
    7-N -14   725   3 113   VI     0.0        -31868000.0       59       59
    7-N -14   725   3 114   VI     0.0        -17548000.0      137      137
    7-N -14   725   3 115   VI     0.0        -26230000.0       91       91
    7-N -14   725   3 116   VI     0.0        -31426000.0       63       63
    7-N -14   725   3 117   VI     0.0        -30279000.0       64       64
    7-N -14   725   3 118   VI     0.0        -41395000.0       46       46
    7-N -14   725   3 600   VI     0.0        -7551000.00      200      200
    7-N -14   725   3 601   VI     0.0        -10640000.0      186      186
    7-N -14   725   3 602   VI     0.0        -11236000.0      184      184
    7-N -14   725   3 603   VI     0.0        -11405000.0      183      183
    7-N -14   725   3 650   VI     0.0        -10273000.0      187      187
    7-N -14   725   3 651   VI     0.0        -14712000.0      164      164
    7-N -14   725   3 700   VI     0.0        -22737000.0      111      111
    7-N -14   725   3 701   VI     0.0        -24737000.0      103      103
    7-N -14   725   3 702   VI     0.0        -27056000.0       91       91
    7-N -14   725   3 703   VI     0.0        -27541000.0       86       86
    7-N -14   725   3 704   VI     0.0        -29076000.0       70       70
    7-N -14   725   3 705   VI     0.0        -29215000.0       69       69
    7-N -14   725   3 706   VI     0.0        -29642000.0       67       67
    7-N -14   725   3 707   VI     0.0        -30237000.0       64       64
    7-N -14   725   3 750   VI     0.0        -20736000.0      120      120
    7-N -14   725   3 751   VI     0.0        -22861000.0      111      111
    7-N -14   725   3 752   VI     0.0        -25181000.0      100      100
    7-N -14   725   3 753   VI     0.0        -25756000.0       96       96
    7-N -14   725   3 754   VI     0.0        -27479000.0       86       86
    7-N -14   725   3 755   VI     0.0        -27528000.0       84       84
    7-N -14   725   3 756   VI     0.0        -28022000.0       81       81
    7-N -14   725   3 757   VI     0.0        -28714000.0       72       72
    7-N -14   725   3 758   VI     0.0        -29296000.0       68       68
    7-N -14   725   3 800   VI     0.0        -11611000.0      178      178
    7-N -14   725   3 801   VI     0.0        -12329000.0      175      175
    7-N -14   725   3 802   VI     0.0        -13351000.0      168      168
    7-N -14   725   3 803   VI     0.0        -13765000.0      165      165
    7-N -14   725   3 804   VI     0.0        -15198000.0      154      154
  ------------------------------------------------------------------------------
                                               MAT Totals     5388     5388
  ------------------------------------------------------------------------------
 ------------------------------------------------------------------------------
 All Cross Sections Read. Maximum Tabulated Energy =  150000000. eV
 ------------------------------------------------------------------------------
 ===============================================================================
      MAT Total Execution Time                0.22 Seconds
 ===============================================================================
  ------------------------------------------------------------------------------
                                              Tape Totals     5388     5388
  ------------------------------------------------------------------------------
 ===============================================================================
 LINEAR   Total Execution Time                0.22 Seconds
 ===============================================================================
