  Merge ENDF/B Data into MAT/MF/MT Order (MERGER 2019-1)
 ************************************************************************
 Interpretation of Input Parameters
 ************************************************************************
 Output Filename
 ------------------------------------------------------------------------
 MERGER.OUT                                                              
 ------------------------------------------------------------------------
 Merged File Label
 ------------------------------------------------------------------------
                                                                      0
 ------------------------------------------------------------------------
 Retrieval Criteria-----------        MAT
 ------------------------------------------------------------------------
 Input Filenames
 ------------------------------------------------------------------------
 MERGER.IN                                                               
 ------------------------------------------------------------------------
 Retrieval Criteria
 ------------------------------------------------------------------------
 Request *   Lower Limit *   Upper Limit  
  Number *    MAT MF  MT *    MAT MF  MT  
 ------------------------------------------------------------------------
       1 *      0  1   1 * 999999  3 999
       2 *      0 10   1 * 999999 10 999
       3 *      0 33   1 * 999999 33 999
       4 *      0 40   1 * 999999 40 999
 ------------------------------------------------------------------------
 ************************************************************************
 Retrieved Data
 ************************************************************************
     ZA  MAT MF  MT  Lines  Unit Request Message
                                  Number
 ------------------------------------------------------------------------
   7014  725  1 451    168    11       1
   7014  725  3   3     71    11       1
   7014  725  3  16     25    11       1
   7014  725  3  23     45    11       1
   7014  725  3  28     64    11       1
   7014  725  3  32     28    11       1
   7014  725  3  34     24    11       1
   7014  725  3  35     21    11       1
   7014  725  3  36     23    11       1
   7014  725  3  44     27    11       1
   7014  725  3  50     66    11       1
   7014  725  3 102      8    11       1
   7014  725  3 108     53    11       1
   7014  725  3 109     27    11       1
   7014  725  3 111     36    11       1
   7014  725  3 112     48    11       1
   7014  725  3 113     24    11       1
   7014  725  3 114     50    11       1
   7014  725  3 115     35    11       1
   7014  725  3 116     25    11       1
   7014  725  3 117     26    11       1
   7014  725  3 118     20    11       1
   7014  725  3 600     71    11       1
   7014  725  3 601     66    11       1
   7014  725  3 602     66    11       1
   7014  725  3 603     65    11       1
   7014  725  3 650     67    11       1
   7014  725  3 651     59    11       1
   7014  725  3 700     41    11       1
   7014  725  3 701     39    11       1
   7014  725  3 702     35    11       1
   7014  725  3 703     33    11       1
   7014  725  3 704     28    11       1
   7014  725  3 705     27    11       1
   7014  725  3 706     27    11       1
   7014  725  3 707     26    11       1
   7014  725  3 750     44    11       1
   7014  725  3 751     41    11       1
   7014  725  3 752     38    11       1
   7014  725  3 753     36    11       1
   7014  725  3 754     33    11       1
   7014  725  3 755     32    11       1
   7014  725  3 756     31    11       1
   7014  725  3 757     28    11       1
   7014  725  3 758     27    11       1
   7014  725  3 800     64    11       1
   7014  725  3 801     63    11       1
   7014  725  3 802     60    11       1
   7014  725  3 803     59    11       1
   7014  725  3 804     56    11       1
 ------------------------------------------------------------------------
          MAT Lines   2179
 ------------------------------------------------------------------------
         Tape Lines   2181
 ------------------------------------------------------------------------
 ************************************************************************
 Retrieval Statistics
 ************************************************************************
 Merged Materials---          1
 Merged Sections----         50
 Merged Lines-------       2181
 ------------------------------------------------------------------------
 Retrieved Data for Each Request
 ------------------------------------------------------------------------
 Request *   Lower Limit *   Upper Limit *            Retrieved
  Number *    MAT MF  MT *    MAT MF  MT *   Materials    Sections  Lines
 ------------------------------------------------------------------------
       1 *      0  1   1 * 999999  3 999 *           1          50   2176
       2 *      0 10   1 * 999999 10 999 *           0           0      0
       3 *      0 33   1 * 999999 33 999 *           0           0      0
       4 *      0 40   1 * 999999 40 999 *           0           0      0
 ------------------------------------------------------------------------
  Totals                                             1          50   2181
 ------------------------------------------------------------------------
 Note..The Line Count of Retrieved Data for Each Request Does
       NOT Include FEND, MEND AND TEND Lines. Therefore the  
       Total Number of Lines Actually Retrieved and Written  
       on the Merged File Will be More than the Sum of the   
       Number of Lines for All Requests.                     
 ===============================================================================
 MERGER   Total Execution Time                0.05 Seconds
 ===============================================================================
