                                                     MT=  3
 MAT  725                         0.0        Kelvin Unshielded Cross Sections                           7-N -14 

   No.  Group-eV   Average      No.  Group-eV   Average      No.  Group-eV   Average      No.  Group-eV   Average

    99 7400000.00 1.36279E-6    116 14000000.0 .001613759    133 55000000.0 .002417692    150 480000000. 0.0       
   100 7600000.00 3.68406E-5    117 15000000.0 .002202686    134 60000000.0 .001990148    151 520000000. 0.0       
   101 7800000.00 8.71833E-5    118 16000000.0 .001693361    135 70000000.0 .001870153    152 560000000. 0.0       
   102 8000000.00 1.37526E-4    119 17000000.0 .004168669    136 80000000.0 .001750201    153 600000000. 0.0       
   103 8200000.00 1.87868E-4    120 18000000.0 .007606133    137 90000000.0 .001630277    154 640000000. 0.0       
   104 8400000.00 2.38211E-4    121 19000000.0 .010418850    138 100000000. .001453138    155 680000000. 0.0       
   105 8600000.00 2.88553E-4    122 20000000.0 .015532966    139 120000000. .001212977    156 720000000. 0.0       
   106 8800000.00 3.38895E-4    123 22000000.0 .024149824    140 140000000. 5.32645E-4    157 760000000. 0.0       
   107 9000000.00 .002338305    124 24000000.0 .016981334    141 160000000. 0.0           158 800000000. 0.0       
   108 9200000.00 4.39579E-4    125 26000000.0 .013010937    142 180000000. 0.0           159 840000000. 0.0       
   109 9400000.00 4.89921E-4    126 28000000.0 .013377100    143 200000000. 0.0           160 880000000. 0.0       
   110 9600000.00 5.40263E-4    127 30000000.0 .010423787    144 240000000. 0.0           161 920000000. 0.0       
   111 9800000.00 5.90604E-4    128 35000000.0 .006805684    145 280000000. 0.0           162 960000000. 0.0       
   112 10000000.0 7.31655E-4    129 40000000.0 .004602839    146 320000000. 0.0           163 1.00000E+9
   113 11000000.0 9.53156E-4    130 45000000.0 .003874309    147 360000000. 0.0       
   114 12000000.0 .001173373    131 50000000.0 .003216682    148 400000000. 0.0       
   115 13000000.0 .001393575    132 54000000.0 .002849303    149 440000000. 0.0       
 
                                                     MT= 16
 MAT  725                         0.0        Kelvin Unshielded Cross Sections                           7-N -14 

   No.  Group-eV   Average      No.  Group-eV   Average      No.  Group-eV   Average      No.  Group-eV   Average

   127 30000000.0 3.56548E-7    137 90000000.0 1.81127E-6    147 360000000. 0.0           157 760000000. 0.0       
   128 35000000.0 1.71364E-6    138 100000000. 1.62579E-6    148 400000000. 0.0           158 800000000. 0.0       
   129 40000000.0 2.37537E-6    139 120000000. 1.35890E-6    149 440000000. 0.0           159 840000000. 0.0       
   130 45000000.0 2.69828E-6    140 140000000. 5.96646E-7    150 480000000. 0.0           160 880000000. 0.0       
   131 50000000.0 2.56402E-6    141 160000000. 0.0           151 520000000. 0.0           161 920000000. 0.0       
   132 54000000.0 2.40755E-6    142 180000000. 0.0           152 560000000. 0.0           162 960000000. 0.0       
   133 55000000.0 2.16046E-6    143 200000000. 0.0           153 600000000. 0.0           163 1.00000E+9
   134 60000000.0 1.99025E-6    144 240000000. 0.0           154 640000000. 0.0       
   135 70000000.0 2.00877E-6    145 280000000. 0.0           155 680000000. 0.0       
   136 80000000.0 1.92513E-6    146 320000000. 0.0           156 720000000. 0.0       
 
                                                     MT= 23
 MAT  725                         0.0        Kelvin Unshielded Cross Sections                           7-N -14 

   No.  Group-eV   Average      No.  Group-eV   Average      No.  Group-eV   Average      No.  Group-eV   Average

   122 20000000.0 6.18442E-5    133 55000000.0 5.72165E-4    144 240000000. 0.0           155 680000000. 0.0       
   123 22000000.0 .001202789    134 60000000.0 4.83262E-4    145 280000000. 0.0           156 720000000. 0.0       
   124 24000000.0 .002298924    135 70000000.0 4.63975E-4    146 320000000. 0.0           157 760000000. 0.0       
   125 26000000.0 .001974960    136 80000000.0 4.35225E-4    147 360000000. 0.0           158 800000000. 0.0       
   126 28000000.0 .002095035    137 90000000.0 4.05935E-4    148 400000000. 0.0           159 840000000. 0.0       
   127 30000000.0 .001750239    138 100000000. 3.61242E-4    149 440000000. 0.0           160 880000000. 0.0       
   128 35000000.0 .001153502    139 120000000. 3.00935E-4    150 480000000. 0.0           161 920000000. 0.0       
   129 40000000.0 9.53358E-4    140 140000000. 1.32146E-4    151 520000000. 0.0           162 960000000. 0.0       
   130 45000000.0 9.08436E-4    141 160000000. 0.0           152 560000000. 0.0           163 1.00000E+9
   131 50000000.0 7.60786E-4    142 180000000. 0.0           153 600000000. 0.0       
   132 54000000.0 6.73201E-4    143 200000000. 0.0           154 640000000. 0.0       
 
                                                     MT= 28
 MAT  725                         0.0        Kelvin Unshielded Cross Sections                           7-N -14 

   No.  Group-eV   Average      No.  Group-eV   Average      No.  Group-eV   Average      No.  Group-eV   Average

   114 12000000.0 2.12479E-6    127 30000000.0 .003121024    140 140000000. 1.10014E-4    153 600000000. 0.0       
   115 13000000.0 7.07983E-5    128 35000000.0 .001555168    141 160000000. 0.0           154 640000000. 0.0       
   116 14000000.0 3.39372E-4    129 40000000.0 9.30805E-4    142 180000000. 0.0           155 680000000. 0.0       
   117 15000000.0 7.11164E-4    130 45000000.0 7.70149E-4    143 200000000. 0.0           156 720000000. 0.0       
   118 16000000.0 5.86472E-4    131 50000000.0 6.55646E-4    144 240000000. 0.0           157 760000000. 0.0       
   119 17000000.0 .001650024    132 54000000.0 5.86859E-4    145 280000000. 0.0           158 800000000. 0.0       
   120 18000000.0 .003449754    133 55000000.0 5.01747E-4    146 320000000. 0.0           159 840000000. 0.0       
   121 19000000.0 .005044784    134 60000000.0 4.14820E-4    147 360000000. 0.0           160 880000000. 0.0       
   122 20000000.0 .007731209    135 70000000.0 3.90436E-4    148 400000000. 0.0           161 920000000. 0.0       
   123 22000000.0 .010963906    136 80000000.0 3.65810E-4    149 440000000. 0.0           162 960000000. 0.0       
   124 24000000.0 .006832711    137 90000000.0 3.39543E-4    150 480000000. 0.0           163 1.00000E+9
   125 26000000.0 .005034827    138 100000000. 3.00446E-4    151 520000000. 0.0       
   126 28000000.0 .004910680    139 120000000. 2.50535E-4    152 560000000. 0.0       
 
                                                     MT= 32
 MAT  725                         0.0        Kelvin Unshielded Cross Sections                           7-N -14 

   No.  Group-eV   Average      No.  Group-eV   Average      No.  Group-eV   Average      No.  Group-eV   Average

   126 28000000.0 5.17533E-8    136 80000000.0 1.04887E-4    146 320000000. 0.0           156 720000000. 0.0       
   127 30000000.0 6.35344E-5    137 90000000.0 9.81009E-5    147 360000000. 0.0           157 760000000. 0.0       
   128 35000000.0 1.69852E-4    138 100000000. 8.78906E-5    148 400000000. 0.0           158 800000000. 0.0       
   129 40000000.0 1.93737E-4    139 120000000. 7.34921E-5    149 440000000. 0.0           159 840000000. 0.0       
   130 45000000.0 2.00140E-4    140 140000000. 3.22711E-5    150 480000000. 0.0           160 880000000. 0.0       
   131 50000000.0 1.78505E-4    141 160000000. 0.0           151 520000000. 0.0           161 920000000. 0.0       
   132 54000000.0 1.61711E-4    142 180000000. 0.0           152 560000000. 0.0           162 960000000. 0.0       
   133 55000000.0 1.39471E-4    143 200000000. 0.0           153 600000000. 0.0           163 1.00000E+9
   134 60000000.0 1.17225E-4    144 240000000. 0.0           154 640000000. 0.0       
   135 70000000.0 1.11387E-4    145 280000000. 0.0           155 680000000. 0.0       
 
                                                     MT= 34
 MAT  725                         0.0        Kelvin Unshielded Cross Sections                           7-N -14 

   No.  Group-eV   Average      No.  Group-eV   Average      No.  Group-eV   Average      No.  Group-eV   Average

   127 30000000.0 8.08845E-6    137 90000000.0 6.61814E-5    147 360000000. 0.0           157 760000000. 0.0       
   128 35000000.0 1.11620E-4    138 100000000. 5.92424E-5    148 400000000. 0.0           158 800000000. 0.0       
   129 40000000.0 1.67267E-4    139 120000000. 4.95375E-5    149 440000000. 0.0           159 840000000. 0.0       
   130 45000000.0 1.62276E-4    140 140000000. 2.17532E-5    150 480000000. 0.0           160 880000000. 0.0       
   131 50000000.0 1.40235E-4    141 160000000. 0.0           151 520000000. 0.0           161 920000000. 0.0       
   132 54000000.0 1.22961E-4    142 180000000. 0.0           152 560000000. 0.0           162 960000000. 0.0       
   133 55000000.0 1.03041E-4    143 200000000. 0.0           153 600000000. 0.0           163 1.00000E+9
   134 60000000.0 8.25535E-5    144 240000000. 0.0           154 640000000. 0.0       
   135 70000000.0 7.61587E-5    145 280000000. 0.0           155 680000000. 0.0       
   136 80000000.0 7.09969E-5    146 320000000. 0.0           156 720000000. 0.0       
 
                                                     MT= 35
 MAT  725                         0.0        Kelvin Unshielded Cross Sections                           7-N -14 

   No.  Group-eV   Average      No.  Group-eV   Average      No.  Group-eV   Average      No.  Group-eV   Average

   128 35000000.0 2.06521E-9    137 90000000.0 9.08109E-7    146 320000000. 0.0           155 680000000. 0.0       
   129 40000000.0 6.06922E-7    138 100000000. 8.13246E-7    147 360000000. 0.0           156 720000000. 0.0       
   130 45000000.0 1.53084E-6    139 120000000. 6.80053E-7    148 400000000. 0.0           157 760000000. 0.0       
   131 50000000.0 1.58697E-6    140 140000000. 2.98628E-7    149 440000000. 0.0           158 800000000. 0.0       
   132 54000000.0 1.48214E-6    141 160000000. 0.0           150 480000000. 0.0           159 840000000. 0.0       
   133 55000000.0 1.29576E-6    142 180000000. 0.0           151 520000000. 0.0           160 880000000. 0.0       
   134 60000000.0 1.09426E-6    143 200000000. 0.0           152 560000000. 0.0           161 920000000. 0.0       
   135 70000000.0 1.03405E-6    144 240000000. 0.0           153 600000000. 0.0           162 960000000. 0.0       
   136 80000000.0 9.71075E-7    145 280000000. 0.0           154 640000000. 0.0           163 1.00000E+9
 
                                                     MT= 36
 MAT  725                         0.0        Kelvin Unshielded Cross Sections                           7-N -14 

   No.  Group-eV   Average      No.  Group-eV   Average      No.  Group-eV   Average      No.  Group-eV   Average

   128 35000000.0 8.21865E-7    137 90000000.0 1.33056E-5    146 320000000. 0.0           155 680000000. 0.0       
   129 40000000.0 1.40598E-5    138 100000000. 1.19155E-5    147 360000000. 0.0           156 720000000. 0.0       
   130 45000000.0 2.46554E-5    139 120000000. 9.96420E-6    148 400000000. 0.0           157 760000000. 0.0       
   131 50000000.0 2.40880E-5    140 140000000. 4.37547E-6    149 440000000. 0.0           158 800000000. 0.0       
   132 54000000.0 2.22135E-5    141 160000000. 0.0           150 480000000. 0.0           159 840000000. 0.0       
   133 55000000.0 1.92695E-5    142 180000000. 0.0           151 520000000. 0.0           160 880000000. 0.0       
   134 60000000.0 1.61212E-5    143 200000000. 0.0           152 560000000. 0.0           161 920000000. 0.0       
   135 70000000.0 1.51733E-5    144 240000000. 0.0           153 600000000. 0.0           162 960000000. 0.0       
   136 80000000.0 1.42327E-5    145 280000000. 0.0           154 640000000. 0.0           163 1.00000E+9
 
                                                     MT= 44
 MAT  725                         0.0        Kelvin Unshielded Cross Sections                           7-N -14 

   No.  Group-eV   Average      No.  Group-eV   Average      No.  Group-eV   Average      No.  Group-eV   Average

   126 28000000.0 6.4746E-10    136 80000000.0 7.76858E-7    146 320000000. 0.0           156 720000000. 0.0       
   127 30000000.0 2.54572E-7    137 90000000.0 7.20612E-7    147 360000000. 0.0           157 760000000. 0.0       
   128 35000000.0 1.02830E-6    138 100000000. 6.25644E-7    148 400000000. 0.0           158 800000000. 0.0       
   129 40000000.0 1.19720E-6    139 120000000. 5.08264E-7    149 440000000. 0.0           159 840000000. 0.0       
   130 45000000.0 1.24953E-6    140 140000000. 2.23190E-7    150 480000000. 0.0           160 880000000. 0.0       
   131 50000000.0 1.16640E-6    141 160000000. 0.0           151 520000000. 0.0           161 920000000. 0.0       
   132 54000000.0 1.08354E-6    142 180000000. 0.0           152 560000000. 0.0           162 960000000. 0.0       
   133 55000000.0 9.59031E-7    143 200000000. 0.0           153 600000000. 0.0           163 1.00000E+9
   134 60000000.0 8.47520E-7    144 240000000. 0.0           154 640000000. 0.0       
   135 70000000.0 8.24425E-7    145 280000000. 0.0           155 680000000. 0.0       
 
                                                     MT= 50
 MAT  725                         0.0        Kelvin Unshielded Cross Sections                           7-N -14 

   No.  Group-eV   Average      No.  Group-eV   Average      No.  Group-eV   Average      No.  Group-eV   Average

   112 10000000.0 1.06513E-5    125 26000000.0 1.15786E-4    138 100000000. 2.69259E-6    151 520000000. 0.0       
   113 11000000.0 1.04736E-4    126 28000000.0 9.09847E-5    139 120000000. 2.25181E-6    152 560000000. 0.0       
   114 12000000.0 1.55714E-4    127 30000000.0 4.56502E-5    140 140000000. 9.88809E-7    153 600000000. 0.0       
   115 13000000.0 1.48459E-4    128 35000000.0 1.86692E-5    141 160000000. 0.0           154 640000000. 0.0       
   116 14000000.0 1.28910E-4    129 40000000.0 1.00084E-5    142 180000000. 0.0           155 680000000. 0.0       
   117 15000000.0 1.47212E-4    130 45000000.0 7.66627E-6    143 200000000. 0.0           156 720000000. 0.0       
   118 16000000.0 9.95722E-5    131 50000000.0 6.22580E-6    144 240000000. 0.0           157 760000000. 0.0       
   119 17000000.0 2.27434E-4    132 54000000.0 5.46518E-6    145 280000000. 0.0           158 800000000. 0.0       
   120 18000000.0 3.62156E-4    133 55000000.0 4.60280E-6    146 320000000. 0.0           159 840000000. 0.0       
   121 19000000.0 4.29442E-4    134 60000000.0 3.72071E-6    147 360000000. 0.0           160 880000000. 0.0       
   122 20000000.0 4.71692E-4    135 70000000.0 3.45233E-6    148 400000000. 0.0           161 920000000. 0.0       
   123 22000000.0 4.67101E-4    136 80000000.0 3.22462E-6    149 440000000. 0.0           162 960000000. 0.0       
   124 24000000.0 2.07988E-4    137 90000000.0 3.00705E-6    150 480000000. 0.0           163 1.00000E+9
 
                                                     MT=102
 MAT  725                         0.0        Kelvin Unshielded Cross Sections                           7-N -14 

   No.  Group-eV   Average      No.  Group-eV   Average      No.  Group-eV   Average      No.  Group-eV   Average

   107 9000000.00 1.16193E-4    122 20000000.0 0.0           137 90000000.0 0.0           152 560000000. 0.0       
   108 9200000.00 0.0           123 22000000.0 0.0           138 100000000. 0.0           153 600000000. 0.0       
   109 9400000.00 0.0           124 24000000.0 0.0           139 120000000. 0.0           154 640000000. 0.0       
   110 9600000.00 0.0           125 26000000.0 0.0           140 140000000. 0.0           155 680000000. 0.0       
   111 9800000.00 0.0           126 28000000.0 0.0           141 160000000. 0.0           156 720000000. 0.0       
   112 10000000.0 0.0           127 30000000.0 0.0           142 180000000. 0.0           157 760000000. 0.0       
   113 11000000.0 0.0           128 35000000.0 0.0           143 200000000. 0.0           158 800000000. 0.0       
   114 12000000.0 0.0           129 40000000.0 0.0           144 240000000. 0.0           159 840000000. 0.0       
   115 13000000.0 0.0           130 45000000.0 0.0           145 280000000. 0.0           160 880000000. 0.0       
   116 14000000.0 0.0           131 50000000.0 0.0           146 320000000. 0.0           161 920000000. 0.0       
   117 15000000.0 0.0           132 54000000.0 0.0           147 360000000. 0.0           162 960000000. 0.0       
   118 16000000.0 0.0           133 55000000.0 0.0           148 400000000. 0.0           163 1.00000E+9
   119 17000000.0 0.0           134 60000000.0 0.0           149 440000000. 0.0       
   120 18000000.0 0.0           135 70000000.0 0.0           150 480000000. 0.0       
   121 19000000.0 0.0           136 80000000.0 0.0           151 520000000. 0.0       
 
                                                     MT=108
 MAT  725                         0.0        Kelvin Unshielded Cross Sections                           7-N -14 

   No.  Group-eV   Average      No.  Group-eV   Average      No.  Group-eV   Average      No.  Group-eV   Average

   119 17000000.0 1.43521E-6    131 50000000.0 7.55091E-5    143 200000000. 0.0           155 680000000. 0.0       
   120 18000000.0 8.18187E-5    132 54000000.0 6.59002E-5    144 240000000. 0.0           156 720000000. 0.0       
   121 19000000.0 4.45405E-4    133 55000000.0 5.52436E-5    145 280000000. 0.0           157 760000000. 0.0       
   122 20000000.0 .001553813    134 60000000.0 4.43158E-5    146 320000000. 0.0           158 800000000. 0.0       
   123 22000000.0 .002979503    135 70000000.0 4.09296E-5    147 360000000. 0.0           159 840000000. 0.0       
   124 24000000.0 .001870201    136 80000000.0 3.81821E-5    148 400000000. 0.0           160 880000000. 0.0       
   125 26000000.0 .001252816    137 90000000.0 3.56097E-5    149 440000000. 0.0           161 920000000. 0.0       
   126 28000000.0 .001093910    138 100000000. 3.18890E-5    150 480000000. 0.0           162 960000000. 0.0       
   127 30000000.0 5.95400E-4    139 120000000. 2.66675E-5    151 520000000. 0.0           163 1.00000E+9
   128 35000000.0 2.44308E-4    140 140000000. 1.17105E-5    152 560000000. 0.0       
   129 40000000.0 1.25978E-4    141 160000000. 0.0           153 600000000. 0.0       
   130 45000000.0 9.42604E-5    142 180000000. 0.0           154 640000000. 0.0       
 
                                                     MT=109
 MAT  725                         0.0        Kelvin Unshielded Cross Sections                           7-N -14 

   No.  Group-eV   Average      No.  Group-eV   Average      No.  Group-eV   Average      No.  Group-eV   Average

   127 30000000.0 3.74592E-4    137 90000000.0 1.30649E-4    147 360000000. 0.0           157 760000000. 0.0       
   128 35000000.0 6.98214E-4    138 100000000. 1.16927E-4    148 400000000. 0.0           158 800000000. 0.0       
   129 40000000.0 4.54936E-4    139 120000000. 9.77677E-5    149 440000000. 0.0           159 840000000. 0.0       
   130 45000000.0 3.48225E-4    140 140000000. 4.29320E-5    150 480000000. 0.0           160 880000000. 0.0       
   131 50000000.0 2.79076E-4    141 160000000. 0.0           151 520000000. 0.0           161 920000000. 0.0       
   132 54000000.0 2.43330E-4    142 180000000. 0.0           152 560000000. 0.0           162 960000000. 0.0       
   133 55000000.0 2.03790E-4    143 200000000. 0.0           153 600000000. 0.0           163 1.00000E+9
   134 60000000.0 1.63161E-4    144 240000000. 0.0           154 640000000. 0.0       
   135 70000000.0 1.50437E-4    145 280000000. 0.0           155 680000000. 0.0       
   136 80000000.0 1.40190E-4    146 320000000. 0.0           156 720000000. 0.0       
 
                                                     MT=111
 MAT  725                         0.0        Kelvin Unshielded Cross Sections                           7-N -14 

   No.  Group-eV   Average      No.  Group-eV   Average      No.  Group-eV   Average      No.  Group-eV   Average

   125 26000000.0 4.59564E-8    135 70000000.0 5.32359E-6    145 280000000. 0.0           155 680000000. 0.0       
   126 28000000.0 2.06552E-6    136 80000000.0 5.00943E-6    146 320000000. 0.0           156 720000000. 0.0       
   127 30000000.0 8.99471E-6    137 90000000.0 4.63376E-6    147 360000000. 0.0           157 760000000. 0.0       
   128 35000000.0 1.08493E-5    138 100000000. 4.01826E-6    148 400000000. 0.0           158 800000000. 0.0       
   129 40000000.0 9.23768E-6    139 120000000. 3.28780E-6    149 440000000. 0.0           159 840000000. 0.0       
   130 45000000.0 8.90075E-6    140 140000000. 1.44375E-6    150 480000000. 0.0           160 880000000. 0.0       
   131 50000000.0 8.09087E-6    141 160000000. 0.0           151 520000000. 0.0           161 920000000. 0.0       
   132 54000000.0 7.43235E-6    142 180000000. 0.0           152 560000000. 0.0           162 960000000. 0.0       
   133 55000000.0 6.49712E-6    143 200000000. 0.0           153 600000000. 0.0           163 1.00000E+9
   134 60000000.0 5.58004E-6    144 240000000. 0.0           154 640000000. 0.0       
 
                                                     MT=112
 MAT  725                         0.0        Kelvin Unshielded Cross Sections                           7-N -14 

   No.  Group-eV   Average      No.  Group-eV   Average      No.  Group-eV   Average      No.  Group-eV   Average

   121 19000000.0 9.01248E-9    132 54000000.0 1.82947E-5    143 200000000. 0.0           154 640000000. 0.0       
   122 20000000.0 1.24884E-4    133 55000000.0 1.56739E-5    144 240000000. 0.0           155 680000000. 0.0       
   123 22000000.0 3.32143E-4    134 60000000.0 1.29767E-5    145 280000000. 0.0           156 720000000. 0.0       
   124 24000000.0 1.93142E-4    135 70000000.0 1.21700E-5    146 320000000. 0.0           157 760000000. 0.0       
   125 26000000.0 1.39596E-4    136 80000000.0 1.13921E-5    147 360000000. 0.0           158 800000000. 0.0       
   126 28000000.0 1.38114E-4    137 90000000.0 1.05427E-5    148 400000000. 0.0           159 840000000. 0.0       
   127 30000000.0 8.83292E-5    138 100000000. 9.24962E-6    149 440000000. 0.0           160 880000000. 0.0       
   128 35000000.0 4.66198E-5    139 120000000. 7.67453E-6    150 480000000. 0.0           161 920000000. 0.0       
   129 40000000.0 2.87134E-5    140 140000000. 3.37007E-6    151 520000000. 0.0           162 960000000. 0.0       
   130 45000000.0 2.39021E-5    141 160000000. 0.0           152 560000000. 0.0           163 1.00000E+9
   131 50000000.0 2.03979E-5    142 180000000. 0.0           153 600000000. 0.0       
 
                                                     MT=113
 MAT  725                         0.0        Kelvin Unshielded Cross Sections                           7-N -14 

   No.  Group-eV   Average      No.  Group-eV   Average      No.  Group-eV   Average      No.  Group-eV   Average

   127 30000000.0 7.78033E-7    137 90000000.0 2.03784E-5    147 360000000. 0.0           157 760000000. 0.0       
   128 35000000.0 2.46196E-5    138 100000000. 1.82454E-5    148 400000000. 0.0           158 800000000. 0.0       
   129 40000000.0 5.11018E-5    139 120000000. 1.52567E-5    149 440000000. 0.0           159 840000000. 0.0       
   130 45000000.0 5.02324E-5    140 140000000. 6.69960E-6    150 480000000. 0.0           160 880000000. 0.0       
   131 50000000.0 4.31030E-5    141 160000000. 0.0           151 520000000. 0.0           161 920000000. 0.0       
   132 54000000.0 3.77929E-5    142 180000000. 0.0           152 560000000. 0.0           162 960000000. 0.0       
   133 55000000.0 3.16778E-5    143 200000000. 0.0           153 600000000. 0.0           163 1.00000E+9
   134 60000000.0 2.53936E-5    144 240000000. 0.0           154 640000000. 0.0       
   135 70000000.0 2.34386E-5    145 280000000. 0.0           155 680000000. 0.0       
   136 80000000.0 2.18566E-5    146 320000000. 0.0           156 720000000. 0.0       
 
                                                     MT=114
 MAT  725                         0.0        Kelvin Unshielded Cross Sections                           7-N -14 

   No.  Group-eV   Average      No.  Group-eV   Average      No.  Group-eV   Average      No.  Group-eV   Average

   120 18000000.0 1.04705E-5    131 50000000.0 5.66759E-4    142 180000000. 0.0           153 600000000. 0.0       
   121 19000000.0 7.86943E-5    132 54000000.0 5.00713E-4    143 200000000. 0.0           154 640000000. 0.0       
   122 20000000.0 6.07075E-4    133 55000000.0 4.23448E-4    144 240000000. 0.0           155 680000000. 0.0       
   123 22000000.0 .002617574    134 60000000.0 3.44049E-4    145 280000000. 0.0           156 720000000. 0.0       
   124 24000000.0 .002533846    135 70000000.0 3.20079E-4    146 320000000. 0.0           157 760000000. 0.0       
   125 26000000.0 .002359463    136 80000000.0 2.99184E-4    147 360000000. 0.0           158 800000000. 0.0       
   126 28000000.0 .002705984    137 90000000.0 2.78989E-4    148 400000000. 0.0           159 840000000. 0.0       
   127 30000000.0 .002258350    138 100000000. 2.49766E-4    149 440000000. 0.0           160 880000000. 0.0       
   128 35000000.0 .001362132    139 120000000. 2.08856E-4    150 480000000. 0.0           161 920000000. 0.0       
   129 40000000.0 8.41070E-4    140 140000000. 9.17137E-5    151 520000000. 0.0           162 960000000. 0.0       
   130 45000000.0 6.83468E-4    141 160000000. 0.0           152 560000000. 0.0           163 1.00000E+9
 
                                                     MT=115
 MAT  725                         0.0        Kelvin Unshielded Cross Sections                           7-N -14 

   No.  Group-eV   Average      No.  Group-eV   Average      No.  Group-eV   Average      No.  Group-eV   Average

   125 26000000.0 1.38969E-7    135 70000000.0 1.05163E-4    145 280000000. 0.0           155 680000000. 0.0       
   126 28000000.0 1.39660E-5    136 80000000.0 9.85517E-5    146 320000000. 0.0           156 720000000. 0.0       
   127 30000000.0 1.38777E-4    137 90000000.0 9.19308E-5    147 360000000. 0.0           157 760000000. 0.0       
   128 35000000.0 2.21638E-4    138 100000000. 8.20827E-5    148 400000000. 0.0           158 800000000. 0.0       
   129 40000000.0 2.11792E-4    139 120000000. 6.85072E-5    149 440000000. 0.0           159 840000000. 0.0       
   130 45000000.0 2.03407E-4    140 140000000. 3.00831E-5    150 480000000. 0.0           160 880000000. 0.0       
   131 50000000.0 1.77483E-4    141 160000000. 0.0           151 520000000. 0.0           161 920000000. 0.0       
   132 54000000.0 1.59326E-4    142 180000000. 0.0           152 560000000. 0.0           162 960000000. 0.0       
   133 55000000.0 1.36205E-4    143 200000000. 0.0           153 600000000. 0.0           163 1.00000E+9
   134 60000000.0 1.12310E-4    144 240000000. 0.0           154 640000000. 0.0       
 
                                                     MT=116
 MAT  725                         0.0        Kelvin Unshielded Cross Sections                           7-N -14 

   No.  Group-eV   Average      No.  Group-eV   Average      No.  Group-eV   Average      No.  Group-eV   Average

   127 30000000.0 1.96841E-5    137 90000000.0 9.51867E-6    147 360000000. 0.0           157 760000000. 0.0       
   128 35000000.0 1.13716E-4    138 100000000. 8.51277E-6    148 400000000. 0.0           158 800000000. 0.0       
   129 40000000.0 7.68535E-5    139 120000000. 7.11379E-6    149 440000000. 0.0           159 840000000. 0.0       
   130 45000000.0 4.28547E-5    140 140000000. 3.12385E-6    150 480000000. 0.0           160 880000000. 0.0       
   131 50000000.0 2.12490E-5    141 160000000. 0.0           151 520000000. 0.0           161 920000000. 0.0       
   132 54000000.0 1.76978E-5    142 180000000. 0.0           152 560000000. 0.0           162 960000000. 0.0       
   133 55000000.0 1.48313E-5    143 200000000. 0.0           153 600000000. 0.0           163 1.00000E+9
   134 60000000.0 1.18908E-5    144 240000000. 0.0           154 640000000. 0.0       
   135 70000000.0 1.09683E-5    145 280000000. 0.0           155 680000000. 0.0       
   136 80000000.0 1.02175E-5    146 320000000. 0.0           156 720000000. 0.0       
 
                                                     MT=117
 MAT  725                         0.0        Kelvin Unshielded Cross Sections                           7-N -14 

   No.  Group-eV   Average      No.  Group-eV   Average      No.  Group-eV   Average      No.  Group-eV   Average

   127 30000000.0 9.84597E-5    137 90000000.0 1.51090E-5    147 360000000. 0.0           157 760000000. 0.0       
   128 35000000.0 2.33951E-4    138 100000000. 1.35220E-5    148 400000000. 0.0           158 800000000. 0.0       
   129 40000000.0 1.26915E-4    139 120000000. 1.13063E-5    149 440000000. 0.0           159 840000000. 0.0       
   130 45000000.0 6.17471E-5    140 140000000. 4.96487E-6    150 480000000. 0.0           160 880000000. 0.0       
   131 50000000.0 3.28044E-5    141 160000000. 0.0           151 520000000. 0.0           161 920000000. 0.0       
   132 54000000.0 2.81387E-5    142 180000000. 0.0           152 560000000. 0.0           162 960000000. 0.0       
   133 55000000.0 2.35660E-5    143 200000000. 0.0           153 600000000. 0.0           163 1.00000E+9
   134 60000000.0 1.88681E-5    144 240000000. 0.0           154 640000000. 0.0       
   135 70000000.0 1.73968E-5    145 280000000. 0.0           155 680000000. 0.0       
   136 80000000.0 1.62122E-5    146 320000000. 0.0           156 720000000. 0.0       
 
                                                     MT=118
 MAT  725                         0.0        Kelvin Unshielded Cross Sections                           7-N -14 

   No.  Group-eV   Average      No.  Group-eV   Average      No.  Group-eV   Average      No.  Group-eV   Average

   129 40000000.0 8.24733E-9    138 100000000. 1.32445E-7    147 360000000. 0.0           156 720000000. 0.0       
   130 45000000.0 1.88927E-7    139 120000000. 1.10754E-7    148 400000000. 0.0           157 760000000. 0.0       
   131 50000000.0 2.53029E-7    140 140000000. 4.86349E-8    149 440000000. 0.0           158 800000000. 0.0       
   132 54000000.0 2.40315E-7    141 160000000. 0.0           150 480000000. 0.0           159 840000000. 0.0       
   133 55000000.0 2.12025E-7    142 180000000. 0.0           151 520000000. 0.0           160 880000000. 0.0       
   134 60000000.0 1.79581E-7    143 200000000. 0.0           152 560000000. 0.0           161 920000000. 0.0       
   135 70000000.0 1.68914E-7    144 240000000. 0.0           153 600000000. 0.0           162 960000000. 0.0       
   136 80000000.0 1.58142E-7    145 280000000. 0.0           154 640000000. 0.0           163 1.00000E+9
   137 90000000.0 1.47809E-7    146 320000000. 0.0           155 680000000. 0.0       
 
                                                     MT=600
 MAT  725                         0.0        Kelvin Unshielded Cross Sections                           7-N -14 

   No.  Group-eV   Average      No.  Group-eV   Average      No.  Group-eV   Average      No.  Group-eV   Average

    99 7400000.00 1.36279E-6    116 14000000.0 1.55709E-4    133 55000000.0 3.75875E-6    150 480000000. 0.0       
   100 7600000.00 3.68406E-5    117 15000000.0 1.43341E-4    134 60000000.0 2.97976E-6    151 520000000. 0.0       
   101 7800000.00 8.71833E-5    118 16000000.0 7.96813E-5    135 70000000.0 2.67802E-6    152 560000000. 0.0       
   102 8000000.00 1.37526E-4    119 17000000.0 1.52279E-4    136 80000000.0 2.41436E-6    153 600000000. 0.0       
   103 8200000.00 1.87868E-4    120 18000000.0 2.12723E-4    137 90000000.0 2.17874E-6    154 640000000. 0.0       
   104 8400000.00 2.38211E-4    121 19000000.0 2.30912E-4    138 100000000. 1.94411E-6    155 680000000. 0.0       
   105 8600000.00 2.88553E-4    122 20000000.0 2.47439E-4    139 120000000. 1.62576E-6    156 720000000. 0.0       
   106 8800000.00 3.38895E-4    123 22000000.0 2.41757E-4    140 140000000. 7.13907E-7    157 760000000. 0.0       
   107 9000000.00 .002222112    124 24000000.0 1.13821E-4    141 160000000. 0.0           158 800000000. 0.0       
   108 9200000.00 4.39579E-4    125 26000000.0 6.92931E-5    142 180000000. 0.0           159 840000000. 0.0       
   109 9400000.00 4.89921E-4    126 28000000.0 5.91838E-5    143 200000000. 0.0           160 880000000. 0.0       
   110 9600000.00 5.40263E-4    127 30000000.0 3.32215E-5    144 240000000. 0.0           161 920000000. 0.0       
   111 9800000.00 5.90604E-4    128 35000000.0 1.49729E-5    145 280000000. 0.0           162 960000000. 0.0       
   112 10000000.0 6.86360E-4    129 40000000.0 8.33216E-6    146 320000000. 0.0           163 1.00000E+9
   113 11000000.0 4.40208E-4    130 45000000.0 6.41543E-6    147 360000000. 0.0       
   114 12000000.0 3.04079E-4    131 50000000.0 5.15415E-6    148 400000000. 0.0       
   115 13000000.0 2.19320E-4    132 54000000.0 4.49352E-6    149 440000000. 0.0       
 
                                                     MT=601
 MAT  725                         0.0        Kelvin Unshielded Cross Sections                           7-N -14 

   No.  Group-eV   Average      No.  Group-eV   Average      No.  Group-eV   Average      No.  Group-eV   Average

   112 10000000.0 1.78430E-7    125 26000000.0 7.76885E-5    138 100000000. 1.92384E-6    151 520000000. 0.0       
   113 11000000.0 5.60514E-6    126 28000000.0 6.70336E-5    139 120000000. 1.60888E-6    152 560000000. 0.0       
   114 12000000.0 2.31158E-5    127 30000000.0 3.67822E-5    140 140000000. 7.06501E-7    153 600000000. 0.0       
   115 13000000.0 3.72939E-5    128 35000000.0 1.57293E-5    141 160000000. 0.0           154 640000000. 0.0       
   116 14000000.0 4.35129E-5    129 40000000.0 8.45431E-6    142 180000000. 0.0           155 680000000. 0.0       
   117 15000000.0 5.47890E-5    130 45000000.0 6.44035E-6    143 200000000. 0.0           156 720000000. 0.0       
   118 16000000.0 3.72567E-5    131 50000000.0 5.17199E-6    144 240000000. 0.0           157 760000000. 0.0       
   119 17000000.0 8.38343E-5    132 54000000.0 4.50144E-6    145 280000000. 0.0           158 800000000. 0.0       
   120 18000000.0 1.35209E-4    133 55000000.0 3.76282E-6    146 320000000. 0.0           159 840000000. 0.0       
   121 19000000.0 1.65404E-4    134 60000000.0 2.98994E-6    147 360000000. 0.0           160 880000000. 0.0       
   122 20000000.0 2.06564E-4    135 70000000.0 2.69394E-6    148 400000000. 0.0           161 920000000. 0.0       
   123 22000000.0 2.35476E-4    136 80000000.0 2.42795E-6    149 440000000. 0.0           162 960000000. 0.0       
   124 24000000.0 1.22247E-4    137 90000000.0 2.17486E-6    150 480000000. 0.0           163 1.00000E+9
 
                                                     MT=602
 MAT  725                         0.0        Kelvin Unshielded Cross Sections                           7-N -14 

   No.  Group-eV   Average      No.  Group-eV   Average      No.  Group-eV   Average      No.  Group-eV   Average

   113 11000000.0 7.56394E-6    126 28000000.0 9.55774E-5    139 120000000. 2.90112E-6    152 560000000. 0.0       
   114 12000000.0 7.78492E-5    127 30000000.0 5.29552E-5    140 140000000. 1.27396E-6    153 600000000. 0.0       
   115 13000000.0 1.21314E-4    128 35000000.0 2.39802E-5    141 160000000. 0.0           154 640000000. 0.0       
   116 14000000.0 1.25634E-4    129 40000000.0 1.36545E-5    142 180000000. 0.0           155 680000000. 0.0       
   117 15000000.0 1.51227E-4    130 45000000.0 1.07560E-5    143 200000000. 0.0           156 720000000. 0.0       
   118 16000000.0 1.00890E-4    131 50000000.0 8.77248E-6    144 240000000. 0.0           157 760000000. 0.0       
   119 17000000.0 2.17578E-4    132 54000000.0 7.67379E-6    145 280000000. 0.0           158 800000000. 0.0       
   120 18000000.0 3.28745E-4    133 55000000.0 6.43762E-6    146 320000000. 0.0           159 840000000. 0.0       
   121 19000000.0 3.76232E-4    134 60000000.0 5.16436E-6    147 360000000. 0.0           160 880000000. 0.0       
   122 20000000.0 4.13471E-4    135 70000000.0 4.72117E-6    148 400000000. 0.0           161 920000000. 0.0       
   123 22000000.0 4.10909E-4    136 80000000.0 4.31581E-6    149 440000000. 0.0           162 960000000. 0.0       
   124 24000000.0 1.91087E-4    137 90000000.0 3.91369E-6    150 480000000. 0.0           163 1.00000E+9
   125 26000000.0 1.13777E-4    138 100000000. 3.46924E-6    151 520000000. 0.0       
 
                                                     MT=603
 MAT  725                         0.0        Kelvin Unshielded Cross Sections                           7-N -14 

   No.  Group-eV   Average      No.  Group-eV   Average      No.  Group-eV   Average      No.  Group-eV   Average

   113 11000000.0 8.92472E-6    126 28000000.0 1.38102E-4    139 120000000. 3.84926E-6    152 560000000. 0.0       
   114 12000000.0 1.26120E-4    127 30000000.0 7.59476E-5    140 140000000. 1.69031E-6    153 600000000. 0.0       
   115 13000000.0 1.92423E-4    128 35000000.0 3.25492E-5    141 160000000. 0.0           154 640000000. 0.0       
   116 14000000.0 1.69905E-4    129 40000000.0 1.76790E-5    142 180000000. 0.0           155 680000000. 0.0       
   117 15000000.0 1.79017E-4    130 45000000.0 1.36910E-5    143 200000000. 0.0           156 720000000. 0.0       
   118 16000000.0 1.10241E-4    131 50000000.0 1.11928E-5    144 240000000. 0.0           157 760000000. 0.0       
   119 17000000.0 2.26478E-4    132 54000000.0 9.84010E-6    145 280000000. 0.0           158 800000000. 0.0       
   120 18000000.0 3.38266E-4    133 55000000.0 8.30833E-6    146 320000000. 0.0           159 840000000. 0.0       
   121 19000000.0 3.96315E-4    134 60000000.0 6.76264E-6    147 360000000. 0.0           160 880000000. 0.0       
   122 20000000.0 4.59514E-4    135 70000000.0 6.24506E-6    148 400000000. 0.0           161 920000000. 0.0       
   123 22000000.0 5.06225E-4    136 80000000.0 5.72818E-6    149 440000000. 0.0           162 960000000. 0.0       
   124 24000000.0 2.55908E-4    137 90000000.0 5.19899E-6    150 480000000. 0.0           163 1.00000E+9
   125 26000000.0 1.60300E-4    138 100000000. 4.60330E-6    151 520000000. 0.0       
 
                                                     MT=650
 MAT  725                         0.0        Kelvin Unshielded Cross Sections                           7-N -14 

   No.  Group-eV   Average      No.  Group-eV   Average      No.  Group-eV   Average      No.  Group-eV   Average

   112 10000000.0 3.44646E-5    125 26000000.0 1.01559E-4    138 100000000. 2.09988E-6    151 520000000. 0.0       
   113 11000000.0 3.86120E-4    126 28000000.0 8.05155E-5    139 120000000. 1.75595E-6    152 560000000. 0.0       
   114 12000000.0 4.72808E-4    127 30000000.0 4.07197E-5    140 140000000. 7.71090E-7    153 600000000. 0.0       
   115 13000000.0 4.44471E-4    128 35000000.0 1.60214E-5    141 160000000. 0.0           154 640000000. 0.0       
   116 14000000.0 3.43809E-4    129 40000000.0 8.26166E-6    142 180000000. 0.0           155 680000000. 0.0       
   117 15000000.0 3.17016E-4    130 45000000.0 6.18556E-6    143 200000000. 0.0           156 720000000. 0.0       
   118 16000000.0 1.71550E-4    131 50000000.0 4.95973E-6    144 240000000. 0.0           157 760000000. 0.0       
   119 17000000.0 3.13783E-4    132 54000000.0 4.32950E-6    145 280000000. 0.0           158 800000000. 0.0       
   120 18000000.0 4.19770E-4    133 55000000.0 3.63140E-6    146 320000000. 0.0           159 840000000. 0.0       
   121 19000000.0 4.44403E-4    134 60000000.0 2.91784E-6    147 360000000. 0.0           160 880000000. 0.0       
   122 20000000.0 4.44937E-4    135 70000000.0 2.69544E-6    148 400000000. 0.0           161 920000000. 0.0       
   123 22000000.0 4.15130E-4    136 80000000.0 2.51452E-6    149 440000000. 0.0           162 960000000. 0.0       
   124 24000000.0 1.81956E-4    137 90000000.0 2.34506E-6    150 480000000. 0.0           163 1.00000E+9
 
                                                     MT=651
 MAT  725                         0.0        Kelvin Unshielded Cross Sections                           7-N -14 

   No.  Group-eV   Average      No.  Group-eV   Average      No.  Group-eV   Average      No.  Group-eV   Average

   116 14000000.0 1.45039E-8    128 35000000.0 6.43997E-5    140 140000000. 3.17501E-6    152 560000000. 0.0       
   117 15000000.0 1.00892E-4    129 40000000.0 3.36645E-5    141 160000000. 0.0           153 600000000. 0.0       
   118 16000000.0 2.16137E-4    130 45000000.0 2.53651E-5    142 180000000. 0.0           154 640000000. 0.0       
   119 17000000.0 5.66408E-4    131 50000000.0 2.04030E-5    143 200000000. 0.0           155 680000000. 0.0       
   120 18000000.0 .001006837    132 54000000.0 1.78320E-5    144 240000000. 0.0           156 720000000. 0.0       
   121 19000000.0 .001252735    133 55000000.0 1.49625E-5    145 280000000. 0.0           157 760000000. 0.0       
   122 20000000.0 .001393697    134 60000000.0 1.20308E-5    146 320000000. 0.0           158 800000000. 0.0       
   123 22000000.0 .001384932    135 70000000.0 1.11136E-5    147 360000000. 0.0           159 840000000. 0.0       
   124 24000000.0 6.38256E-4    136 80000000.0 1.03612E-5    148 400000000. 0.0           160 880000000. 0.0       
   125 26000000.0 3.72267E-4    137 90000000.0 9.65913E-6    149 440000000. 0.0           161 920000000. 0.0       
   126 28000000.0 3.04714E-4    138 100000000. 8.64678E-6    150 480000000. 0.0           162 960000000. 0.0       
   127 30000000.0 1.59021E-4    139 120000000. 7.23032E-6    151 520000000. 0.0           163 1.00000E+9
 
                                                     MT=700
 MAT  725                         0.0        Kelvin Unshielded Cross Sections                           7-N -14 

   No.  Group-eV   Average      No.  Group-eV   Average      No.  Group-eV   Average      No.  Group-eV   Average

   123 22000000.0 2.29505E-5    134 60000000.0 1.96502E-6    145 280000000. 0.0           156 720000000. 0.0       
   124 24000000.0 1.97983E-4    135 70000000.0 1.81379E-6    146 320000000. 0.0           157 760000000. 0.0       
   125 26000000.0 1.86882E-4    136 80000000.0 1.69142E-6    147 360000000. 0.0           158 800000000. 0.0       
   126 28000000.0 1.59964E-4    137 90000000.0 1.57704E-6    148 400000000. 0.0           159 840000000. 0.0       
   127 30000000.0 7.43161E-5    138 100000000. 1.41197E-6    149 440000000. 0.0           160 880000000. 0.0       
   128 35000000.0 1.96229E-5    139 120000000. 1.18069E-6    150 480000000. 0.0           161 920000000. 0.0       
   129 40000000.0 5.66946E-6    140 140000000. 5.18473E-7    151 520000000. 0.0           162 960000000. 0.0       
   130 45000000.0 4.18810E-6    141 160000000. 0.0           152 560000000. 0.0           163 1.00000E+9
   131 50000000.0 3.35299E-6    142 180000000. 0.0           153 600000000. 0.0       
   132 54000000.0 2.92520E-6    143 200000000. 0.0           154 640000000. 0.0       
   133 55000000.0 2.45130E-6    144 240000000. 0.0           155 680000000. 0.0       
 
                                                     MT=701
 MAT  725                         0.0        Kelvin Unshielded Cross Sections                           7-N -14 

   No.  Group-eV   Average      No.  Group-eV   Average      No.  Group-eV   Average      No.  Group-eV   Average

   124 24000000.0 6.36863E-6    134 60000000.0 1.04909E-6    144 240000000. 0.0           154 640000000. 0.0       
   125 26000000.0 5.90905E-5    135 70000000.0 9.69462E-7    145 280000000. 0.0           155 680000000. 0.0       
   126 28000000.0 8.49810E-5    136 80000000.0 9.04681E-7    146 320000000. 0.0           156 720000000. 0.0       
   127 30000000.0 4.45497E-5    137 90000000.0 8.43905E-7    147 360000000. 0.0           157 760000000. 0.0       
   128 35000000.0 1.27069E-5    138 100000000. 7.55839E-7    148 400000000. 0.0           158 800000000. 0.0       
   129 40000000.0 3.48915E-6    139 120000000. 6.32093E-7    149 440000000. 0.0           159 840000000. 0.0       
   130 45000000.0 2.22673E-6    140 140000000. 2.77568E-7    150 480000000. 0.0           160 880000000. 0.0       
   131 50000000.0 1.78543E-6    141 160000000. 0.0           151 520000000. 0.0           161 920000000. 0.0       
   132 54000000.0 1.55880E-6    142 180000000. 0.0           152 560000000. 0.0           162 960000000. 0.0       
   133 55000000.0 1.30705E-6    143 200000000. 0.0           153 600000000. 0.0           163 1.00000E+9
 
                                                     MT=702
 MAT  725                         0.0        Kelvin Unshielded Cross Sections                           7-N -14 

   No.  Group-eV   Average      No.  Group-eV   Average      No.  Group-eV   Average      No.  Group-eV   Average

   125 26000000.0 2.56717E-6    135 70000000.0 2.51381E-6    145 280000000. 0.0           155 680000000. 0.0       
   126 28000000.0 9.44235E-5    136 80000000.0 2.34258E-6    146 320000000. 0.0           156 720000000. 0.0       
   127 30000000.0 9.37023E-5    137 90000000.0 2.18317E-6    147 360000000. 0.0           157 760000000. 0.0       
   128 35000000.0 3.86331E-5    138 100000000. 1.95388E-6    148 400000000. 0.0           158 800000000. 0.0       
   129 40000000.0 1.25117E-5    139 120000000. 1.63371E-6    149 440000000. 0.0           159 840000000. 0.0       
   130 45000000.0 5.83437E-6    140 140000000. 7.17410E-7    150 480000000. 0.0           160 880000000. 0.0       
   131 50000000.0 4.66410E-6    141 160000000. 0.0           151 520000000. 0.0           161 920000000. 0.0       
   132 54000000.0 4.06610E-6    142 180000000. 0.0           152 560000000. 0.0           162 960000000. 0.0       
   133 55000000.0 3.40534E-6    143 200000000. 0.0           153 600000000. 0.0           163 1.00000E+9
   134 60000000.0 2.72648E-6    144 240000000. 0.0           154 640000000. 0.0       
 
                                                     MT=703
 MAT  725                         0.0        Kelvin Unshielded Cross Sections                           7-N -14 

   No.  Group-eV   Average      No.  Group-eV   Average      No.  Group-eV   Average      No.  Group-eV   Average

   125 26000000.0 4.73289E-8    135 70000000.0 1.81379E-6    145 280000000. 0.0           155 680000000. 0.0       
   126 28000000.0 4.80934E-5    136 80000000.0 1.69142E-6    146 320000000. 0.0           156 720000000. 0.0       
   127 30000000.0 7.10525E-5    137 90000000.0 1.57704E-6    147 360000000. 0.0           157 760000000. 0.0       
   128 35000000.0 2.85972E-5    138 100000000. 1.41197E-6    148 400000000. 0.0           158 800000000. 0.0       
   129 40000000.0 9.54359E-6    139 120000000. 1.18069E-6    149 440000000. 0.0           159 840000000. 0.0       
   130 45000000.0 4.20320E-6    140 140000000. 5.18473E-7    150 480000000. 0.0           160 880000000. 0.0       
   131 50000000.0 3.35299E-6    141 160000000. 0.0           151 520000000. 0.0           161 920000000. 0.0       
   132 54000000.0 2.92520E-6    142 180000000. 0.0           152 560000000. 0.0           162 960000000. 0.0       
   133 55000000.0 2.45130E-6    143 200000000. 0.0           153 600000000. 0.0           163 1.00000E+9
   134 60000000.0 1.96502E-6    144 240000000. 0.0           154 640000000. 0.0       
 
                                                     MT=704
 MAT  725                         0.0        Kelvin Unshielded Cross Sections                           7-N -14 

   No.  Group-eV   Average      No.  Group-eV   Average      No.  Group-eV   Average      No.  Group-eV   Average

   126 28000000.0 4.75881E-7    136 80000000.0 8.99627E-7    146 320000000. 0.0           156 720000000. 0.0       
   127 30000000.0 2.40862E-5    137 90000000.0 8.39198E-7    147 360000000. 0.0           157 760000000. 0.0       
   128 35000000.0 1.51788E-5    138 100000000. 7.51626E-7    148 400000000. 0.0           158 800000000. 0.0       
   129 40000000.0 5.88321E-6    139 120000000. 6.28577E-7    149 440000000. 0.0           159 840000000. 0.0       
   130 45000000.0 2.41403E-6    140 140000000. 2.76024E-7    150 480000000. 0.0           160 880000000. 0.0       
   131 50000000.0 1.77532E-6    141 160000000. 0.0           151 520000000. 0.0           161 920000000. 0.0       
   132 54000000.0 1.54996E-6    142 180000000. 0.0           152 560000000. 0.0           162 960000000. 0.0       
   133 55000000.0 1.29966E-6    143 200000000. 0.0           153 600000000. 0.0           163 1.00000E+9
   134 60000000.0 1.04319E-6    144 240000000. 0.0           154 640000000. 0.0       
   135 70000000.0 9.64028E-7    145 280000000. 0.0           155 680000000. 0.0       
 
                                                     MT=705
 MAT  725                         0.0        Kelvin Unshielded Cross Sections                           7-N -14 

   No.  Group-eV   Average      No.  Group-eV   Average      No.  Group-eV   Average      No.  Group-eV   Average

   126 28000000.0 1.09245E-6    136 80000000.0 2.89820E-6    146 320000000. 0.0           156 720000000. 0.0       
   127 30000000.0 6.45324E-5    137 90000000.0 2.69966E-6    147 360000000. 0.0           157 760000000. 0.0       
   128 35000000.0 4.37774E-5    138 100000000. 2.41517E-6    148 400000000. 0.0           158 800000000. 0.0       
   129 40000000.0 1.87655E-5    139 120000000. 2.01922E-6    149 440000000. 0.0           159 840000000. 0.0       
   130 45000000.0 7.97425E-6    140 140000000. 8.86697E-7    150 480000000. 0.0           160 880000000. 0.0       
   131 50000000.0 5.79672E-6    141 160000000. 0.0           151 520000000. 0.0           161 920000000. 0.0       
   132 54000000.0 5.04959E-6    142 180000000. 0.0           152 560000000. 0.0           162 960000000. 0.0       
   133 55000000.0 4.22625E-6    143 200000000. 0.0           153 600000000. 0.0           163 1.00000E+9
   134 60000000.0 3.37938E-6    144 240000000. 0.0           154 640000000. 0.0       
   135 70000000.0 3.11223E-6    145 280000000. 0.0           155 680000000. 0.0       
 
                                                     MT=706
 MAT  725                         0.0        Kelvin Unshielded Cross Sections                           7-N -14 

   No.  Group-eV   Average      No.  Group-eV   Average      No.  Group-eV   Average      No.  Group-eV   Average

   127 30000000.0 4.20899E-5    137 90000000.0 2.13943E-6    147 360000000. 0.0           157 760000000. 0.0       
   128 35000000.0 3.64602E-5    138 100000000. 1.91479E-6    148 400000000. 0.0           158 800000000. 0.0       
   129 40000000.0 1.57480E-5    139 120000000. 1.60104E-6    149 440000000. 0.0           159 840000000. 0.0       
   130 45000000.0 6.56856E-6    140 140000000. 7.03063E-7    150 480000000. 0.0           160 880000000. 0.0       
   131 50000000.0 4.56845E-6    141 160000000. 0.0           151 520000000. 0.0           161 920000000. 0.0       
   132 54000000.0 3.98303E-6    142 180000000. 0.0           152 560000000. 0.0           162 960000000. 0.0       
   133 55000000.0 3.33595E-6    143 200000000. 0.0           153 600000000. 0.0           163 1.00000E+9
   134 60000000.0 2.67125E-6    144 240000000. 0.0           154 640000000. 0.0       
   135 70000000.0 2.46313E-6    145 280000000. 0.0           155 680000000. 0.0       
   136 80000000.0 2.29553E-6    146 320000000. 0.0           156 720000000. 0.0       
 
                                                     MT=707
 MAT  725                         0.0        Kelvin Unshielded Cross Sections                           7-N -14 

   No.  Group-eV   Average      No.  Group-eV   Average      No.  Group-eV   Average      No.  Group-eV   Average

   127 30000000.0 2.51223E-5    137 90000000.0 1.55482E-6    147 360000000. 0.0           157 760000000. 0.0       
   128 35000000.0 2.80847E-5    138 100000000. 1.39212E-6    148 400000000. 0.0           158 800000000. 0.0       
   129 40000000.0 1.20362E-5    139 120000000. 1.16411E-6    149 440000000. 0.0           159 840000000. 0.0       
   130 45000000.0 5.08630E-6    140 140000000. 5.11191E-7    150 480000000. 0.0           160 880000000. 0.0       
   131 50000000.0 3.30424E-6    141 160000000. 0.0           151 520000000. 0.0           161 920000000. 0.0       
   132 54000000.0 2.88291E-6    142 180000000. 0.0           152 560000000. 0.0           162 960000000. 0.0       
   133 55000000.0 2.41601E-6    143 200000000. 0.0           153 600000000. 0.0           163 1.00000E+9
   134 60000000.0 1.93695E-6    144 240000000. 0.0           154 640000000. 0.0       
   135 70000000.0 1.78804E-6    145 280000000. 0.0           155 680000000. 0.0       
   136 80000000.0 1.66750E-6    146 320000000. 0.0           156 720000000. 0.0       
 
                                                     MT=750
 MAT  725                         0.0        Kelvin Unshielded Cross Sections                           7-N -14 

   No.  Group-eV   Average      No.  Group-eV   Average      No.  Group-eV   Average      No.  Group-eV   Average

   122 20000000.0 2.66391E-5    133 55000000.0 8.57541E-6    144 240000000. 0.0           155 680000000. 0.0       
   123 22000000.0 5.77039E-4    134 60000000.0 6.87750E-6    145 280000000. 0.0           156 720000000. 0.0       
   124 24000000.0 4.24124E-4    135 70000000.0 6.35083E-6    146 320000000. 0.0           157 760000000. 0.0       
   125 26000000.0 2.50667E-4    136 80000000.0 5.92386E-6    147 360000000. 0.0           158 800000000. 0.0       
   126 28000000.0 1.96741E-4    137 90000000.0 5.52426E-6    148 400000000. 0.0           159 840000000. 0.0       
   127 30000000.0 9.81249E-5    138 100000000. 4.94669E-6    149 440000000. 0.0           160 880000000. 0.0       
   128 35000000.0 3.81724E-5    139 120000000. 4.13665E-6    150 480000000. 0.0           161 920000000. 0.0       
   129 40000000.0 1.95916E-5    140 140000000. 1.81651E-6    151 520000000. 0.0           162 960000000. 0.0       
   130 45000000.0 1.46353E-5    141 160000000. 0.0           152 560000000. 0.0           163 1.00000E+9
   131 50000000.0 1.17237E-5    142 180000000. 0.0           153 600000000. 0.0       
   132 54000000.0 1.02308E-5    143 200000000. 0.0           154 640000000. 0.0       
 
                                                     MT=751
 MAT  725                         0.0        Kelvin Unshielded Cross Sections                           7-N -14 

   No.  Group-eV   Average      No.  Group-eV   Average      No.  Group-eV   Average      No.  Group-eV   Average

   123 22000000.0 4.16346E-6    134 60000000.0 3.73883E-6    145 280000000. 0.0           156 720000000. 0.0       
   124 24000000.0 1.20678E-4    135 70000000.0 3.45641E-6    146 320000000. 0.0           157 760000000. 0.0       
   125 26000000.0 1.31061E-4    136 80000000.0 3.22626E-6    147 360000000. 0.0           158 800000000. 0.0       
   126 28000000.0 1.04917E-4    137 90000000.0 3.01001E-6    148 400000000. 0.0           159 840000000. 0.0       
   127 30000000.0 5.24819E-5    138 100000000. 2.69623E-6    149 440000000. 0.0           160 880000000. 0.0       
   128 35000000.0 2.05318E-5    139 120000000. 2.25488E-6    150 480000000. 0.0           161 920000000. 0.0       
   129 40000000.0 1.05806E-5    140 140000000. 9.90192E-7    151 520000000. 0.0           162 960000000. 0.0       
   130 45000000.0 7.92412E-6    141 160000000. 0.0           152 560000000. 0.0           163 1.00000E+9
   131 50000000.0 6.35711E-6    142 180000000. 0.0           153 600000000. 0.0       
   132 54000000.0 5.55159E-6    143 200000000. 0.0           154 640000000. 0.0       
   133 55000000.0 4.65612E-6    144 240000000. 0.0           155 680000000. 0.0       
 
                                                     MT=752
 MAT  725                         0.0        Kelvin Unshielded Cross Sections                           7-N -14 

   No.  Group-eV   Average      No.  Group-eV   Average      No.  Group-eV   Average      No.  Group-eV   Average

   124 24000000.0 3.33563E-7    134 60000000.0 9.33703E-6    144 240000000. 0.0           154 640000000. 0.0       
   125 26000000.0 1.18969E-4    135 70000000.0 8.61166E-6    145 280000000. 0.0           155 680000000. 0.0       
   126 28000000.0 2.23372E-4    136 80000000.0 8.02677E-6    146 320000000. 0.0           156 720000000. 0.0       
   127 30000000.0 1.33741E-4    137 90000000.0 7.48161E-6    147 360000000. 0.0           157 760000000. 0.0       
   128 35000000.0 5.24305E-5    138 100000000. 6.69671E-6    148 400000000. 0.0           158 800000000. 0.0       
   129 40000000.0 2.67881E-5    139 120000000. 5.59956E-6    149 440000000. 0.0           159 840000000. 0.0       
   130 45000000.0 1.99548E-5    140 140000000. 2.45892E-6    150 480000000. 0.0           160 880000000. 0.0       
   131 50000000.0 1.59599E-5    141 160000000. 0.0           151 520000000. 0.0           161 920000000. 0.0       
   132 54000000.0 1.39164E-5    142 180000000. 0.0           152 560000000. 0.0           162 960000000. 0.0       
   133 55000000.0 1.16572E-5    143 200000000. 0.0           153 600000000. 0.0           163 1.00000E+9
 
                                                     MT=753
 MAT  725                         0.0        Kelvin Unshielded Cross Sections                           7-N -14 

   No.  Group-eV   Average      No.  Group-eV   Average      No.  Group-eV   Average      No.  Group-eV   Average

   125 26000000.0 4.59114E-5    135 70000000.0 6.35083E-6    145 280000000. 0.0           155 680000000. 0.0       
   126 28000000.0 1.59384E-4    136 80000000.0 5.92386E-6    146 320000000. 0.0           156 720000000. 0.0       
   127 30000000.0 9.64763E-5    137 90000000.0 5.52426E-6    147 360000000. 0.0           157 760000000. 0.0       
   128 35000000.0 3.81716E-5    138 100000000. 4.94669E-6    148 400000000. 0.0           158 800000000. 0.0       
   129 40000000.0 1.95916E-5    139 120000000. 4.13665E-6    149 440000000. 0.0           159 840000000. 0.0       
   130 45000000.0 1.46353E-5    140 140000000. 1.81651E-6    150 480000000. 0.0           160 880000000. 0.0       
   131 50000000.0 1.17237E-5    141 160000000. 0.0           151 520000000. 0.0           161 920000000. 0.0       
   132 54000000.0 1.02308E-5    142 180000000. 0.0           152 560000000. 0.0           162 960000000. 0.0       
   133 55000000.0 8.57541E-6    143 200000000. 0.0           153 600000000. 0.0           163 1.00000E+9
   134 60000000.0 6.87750E-6    144 240000000. 0.0           154 640000000. 0.0       
 
                                                     MT=754
 MAT  725                         0.0        Kelvin Unshielded Cross Sections                           7-N -14 

   No.  Group-eV   Average      No.  Group-eV   Average      No.  Group-eV   Average      No.  Group-eV   Average

   126 28000000.0 7.20813E-5    136 80000000.0 9.41517E-6    146 320000000. 0.0           156 720000000. 0.0       
   127 30000000.0 1.28389E-4    137 90000000.0 8.77164E-6    147 360000000. 0.0           157 760000000. 0.0       
   128 35000000.0 6.18637E-5    138 100000000. 7.84835E-6    148 400000000. 0.0           158 800000000. 0.0       
   129 40000000.0 3.16926E-5    139 120000000. 6.56192E-6    149 440000000. 0.0           159 840000000. 0.0       
   130 45000000.0 2.35424E-5    140 140000000. 2.88148E-6    150 480000000. 0.0           160 880000000. 0.0       
   131 50000000.0 1.88009E-5    141 160000000. 0.0           151 520000000. 0.0           161 920000000. 0.0       
   132 54000000.0 1.63821E-5    142 180000000. 0.0           152 560000000. 0.0           162 960000000. 0.0       
   133 55000000.0 1.37146E-5    143 200000000. 0.0           153 600000000. 0.0           163 1.00000E+9
   134 60000000.0 1.09712E-5    144 240000000. 0.0           154 640000000. 0.0       
   135 70000000.0 1.01080E-5    145 280000000. 0.0           155 680000000. 0.0       
 
                                                     MT=755
 MAT  725                         0.0        Kelvin Unshielded Cross Sections                           7-N -14 

   No.  Group-eV   Average      No.  Group-eV   Average      No.  Group-eV   Average      No.  Group-eV   Average

   126 28000000.0 5.09662E-5    136 80000000.0 5.92386E-6    146 320000000. 0.0           156 720000000. 0.0       
   127 30000000.0 8.94285E-5    137 90000000.0 5.52426E-6    147 360000000. 0.0           157 760000000. 0.0       
   128 35000000.0 3.81704E-5    138 100000000. 4.94669E-6    148 400000000. 0.0           158 800000000. 0.0       
   129 40000000.0 1.95916E-5    139 120000000. 4.13665E-6    149 440000000. 0.0           159 840000000. 0.0       
   130 45000000.0 1.46353E-5    140 140000000. 1.81651E-6    150 480000000. 0.0           160 880000000. 0.0       
   131 50000000.0 1.17237E-5    141 160000000. 0.0           151 520000000. 0.0           161 920000000. 0.0       
   132 54000000.0 1.02308E-5    142 180000000. 0.0           152 560000000. 0.0           162 960000000. 0.0       
   133 55000000.0 8.57541E-6    143 200000000. 0.0           153 600000000. 0.0           163 1.00000E+9
   134 60000000.0 6.87750E-6    144 240000000. 0.0           154 640000000. 0.0       
   135 70000000.0 6.35083E-6    145 280000000. 0.0           155 680000000. 0.0       
 
                                                     MT=756
 MAT  725                         0.0        Kelvin Unshielded Cross Sections                           7-N -14 

   No.  Group-eV   Average      No.  Group-eV   Average      No.  Group-eV   Average      No.  Group-eV   Average

   126 28000000.0 3.02098E-5    136 80000000.0 8.02677E-6    146 320000000. 0.0           156 720000000. 0.0       
   127 30000000.0 1.08471E-4    137 90000000.0 7.48161E-6    147 360000000. 0.0           157 760000000. 0.0       
   128 35000000.0 5.23231E-5    138 100000000. 6.69671E-6    148 400000000. 0.0           158 800000000. 0.0       
   129 40000000.0 2.67877E-5    139 120000000. 5.59956E-6    149 440000000. 0.0           159 840000000. 0.0       
   130 45000000.0 1.99548E-5    140 140000000. 2.45892E-6    150 480000000. 0.0           160 880000000. 0.0       
   131 50000000.0 1.59599E-5    141 160000000. 0.0           151 520000000. 0.0           161 920000000. 0.0       
   132 54000000.0 1.39164E-5    142 180000000. 0.0           152 560000000. 0.0           162 960000000. 0.0       
   133 55000000.0 1.16572E-5    143 200000000. 0.0           153 600000000. 0.0           163 1.00000E+9
   134 60000000.0 9.33703E-6    144 240000000. 0.0           154 640000000. 0.0       
   135 70000000.0 8.61166E-6    145 280000000. 0.0           155 680000000. 0.0       
 
                                                     MT=757
 MAT  725                         0.0        Kelvin Unshielded Cross Sections                           7-N -14 

   No.  Group-eV   Average      No.  Group-eV   Average      No.  Group-eV   Average      No.  Group-eV   Average

   126 28000000.0 3.09814E-6    136 80000000.0 5.92386E-6    146 320000000. 0.0           156 720000000. 0.0       
   127 30000000.0 7.18521E-5    137 90000000.0 5.52426E-6    147 360000000. 0.0           157 760000000. 0.0       
   128 35000000.0 3.81628E-5    138 100000000. 4.94669E-6    148 400000000. 0.0           158 800000000. 0.0       
   129 40000000.0 1.95916E-5    139 120000000. 4.13665E-6    149 440000000. 0.0           159 840000000. 0.0       
   130 45000000.0 1.46353E-5    140 140000000. 1.81651E-6    150 480000000. 0.0           160 880000000. 0.0       
   131 50000000.0 1.17237E-5    141 160000000. 0.0           151 520000000. 0.0           161 920000000. 0.0       
   132 54000000.0 1.02308E-5    142 180000000. 0.0           152 560000000. 0.0           162 960000000. 0.0       
   133 55000000.0 8.57541E-6    143 200000000. 0.0           153 600000000. 0.0           163 1.00000E+9
   134 60000000.0 6.87750E-6    144 240000000. 0.0           154 640000000. 0.0       
   135 70000000.0 6.35083E-6    145 280000000. 0.0           155 680000000. 0.0       
 
                                                     MT=758
 MAT  725                         0.0        Kelvin Unshielded Cross Sections                           7-N -14 

   No.  Group-eV   Average      No.  Group-eV   Average      No.  Group-eV   Average      No.  Group-eV   Average

   126 28000000.0 4.10541E-8    136 80000000.0 5.92386E-6    146 320000000. 0.0           156 720000000. 0.0       
   127 30000000.0 5.78926E-5    137 90000000.0 5.52426E-6    147 360000000. 0.0           157 760000000. 0.0       
   128 35000000.0 3.80996E-5    138 100000000. 4.94669E-6    148 400000000. 0.0           158 800000000. 0.0       
   129 40000000.0 1.95914E-5    139 120000000. 4.13665E-6    149 440000000. 0.0           159 840000000. 0.0       
   130 45000000.0 1.46353E-5    140 140000000. 1.81651E-6    150 480000000. 0.0           160 880000000. 0.0       
   131 50000000.0 1.17237E-5    141 160000000. 0.0           151 520000000. 0.0           161 920000000. 0.0       
   132 54000000.0 1.02308E-5    142 180000000. 0.0           152 560000000. 0.0           162 960000000. 0.0       
   133 55000000.0 8.57541E-6    143 200000000. 0.0           153 600000000. 0.0           163 1.00000E+9
   134 60000000.0 6.87750E-6    144 240000000. 0.0           154 640000000. 0.0       
   135 70000000.0 6.35083E-6    145 280000000. 0.0           155 680000000. 0.0       
 
                                                     MT=800
 MAT  725                         0.0        Kelvin Unshielded Cross Sections                           7-N -14 

   No.  Group-eV   Average      No.  Group-eV   Average      No.  Group-eV   Average      No.  Group-eV   Average

   114 12000000.0 1.15646E-5    127 30000000.0 5.54118E-5    140 140000000. 1.01197E-6    153 600000000. 0.0       
   115 13000000.0 1.57588E-4    128 35000000.0 2.14512E-5    141 160000000. 0.0           154 640000000. 0.0       
   116 14000000.0 2.81291E-4    129 40000000.0 1.09790E-5    142 180000000. 0.0           155 680000000. 0.0       
   117 15000000.0 3.11483E-4    130 45000000.0 8.18838E-6    143 200000000. 0.0           156 720000000. 0.0       
   118 16000000.0 1.90183E-4    131 50000000.0 6.55340E-6    144 240000000. 0.0           157 760000000. 0.0       
   119 17000000.0 3.95772E-4    132 54000000.0 5.71620E-6    145 280000000. 0.0           158 800000000. 0.0       
   120 18000000.0 5.78126E-4    133 55000000.0 4.78944E-6    146 320000000. 0.0           159 840000000. 0.0       
   121 19000000.0 6.33838E-4    134 60000000.0 3.83822E-6    147 360000000. 0.0           160 880000000. 0.0       
   122 20000000.0 6.32196E-4    135 70000000.0 3.54185E-6    148 400000000. 0.0           161 920000000. 0.0       
   123 22000000.0 5.82462E-4    136 80000000.0 3.30223E-6    149 440000000. 0.0           162 960000000. 0.0       
   124 24000000.0 2.52477E-4    137 90000000.0 3.07852E-6    150 480000000. 0.0           163 1.00000E+9
   125 26000000.0 1.40316E-4    138 100000000. 2.75596E-6    151 520000000. 0.0       
   126 28000000.0 1.10934E-4    139 120000000. 2.30453E-6    152 560000000. 0.0       
 
                                                     MT=801
 MAT  725                         0.0        Kelvin Unshielded Cross Sections                           7-N -14 

   No.  Group-eV   Average      No.  Group-eV   Average      No.  Group-eV   Average      No.  Group-eV   Average

   115 13000000.0 1.91066E-6    128 35000000.0 1.32840E-5    141 160000000. 0.0           154 640000000. 0.0       
   116 14000000.0 2.51276E-5    129 40000000.0 6.84210E-6    142 180000000. 0.0           155 680000000. 0.0       
   117 15000000.0 6.99233E-5    130 45000000.0 5.12372E-6    143 200000000. 0.0           156 720000000. 0.0       
   118 16000000.0 6.18618E-5    131 50000000.0 4.11021E-6    144 240000000. 0.0           157 760000000. 0.0       
   119 17000000.0 1.66625E-4    132 54000000.0 3.58913E-6    145 280000000. 0.0           158 800000000. 0.0       
   120 18000000.0 2.94125E-4    133 55000000.0 3.01003E-6    146 320000000. 0.0           159 840000000. 0.0       
   121 19000000.0 3.56348E-4    134 60000000.0 2.41698E-6    147 360000000. 0.0           160 880000000. 0.0       
   122 20000000.0 3.83099E-4    135 70000000.0 2.23445E-6    148 400000000. 0.0           161 920000000. 0.0       
   123 22000000.0 3.59521E-4    136 80000000.0 2.08565E-6    149 440000000. 0.0           162 960000000. 0.0       
   124 24000000.0 1.56443E-4    137 90000000.0 1.94587E-6    150 480000000. 0.0           163 1.00000E+9
   125 26000000.0 8.70645E-5    138 100000000. 1.74293E-6    151 520000000. 0.0       
   126 28000000.0 6.86353E-5    139 120000000. 1.45763E-6    152 560000000. 0.0       
   127 30000000.0 3.41512E-5    140 140000000. 6.40076E-7    153 600000000. 0.0       
 
                                                     MT=802
 MAT  725                         0.0        Kelvin Unshielded Cross Sections                           7-N -14 

   No.  Group-eV   Average      No.  Group-eV   Average      No.  Group-eV   Average      No.  Group-eV   Average

   116 14000000.0 3.75388E-7    128 35000000.0 3.60707E-6    140 140000000. 1.83999E-7    152 560000000. 0.0       
   117 15000000.0 7.18760E-6    129 40000000.0 1.89636E-6    141 160000000. 0.0           153 600000000. 0.0       
   118 16000000.0 1.12744E-5    130 45000000.0 1.43595E-6    142 180000000. 0.0           154 640000000. 0.0       
   119 17000000.0 3.32689E-5    131 50000000.0 1.15868E-6    143 200000000. 0.0           155 680000000. 0.0       
   120 18000000.0 6.43253E-5    132 54000000.0 1.01482E-6    144 240000000. 0.0           156 720000000. 0.0       
   121 19000000.0 8.71448E-5    133 55000000.0 8.53219E-7    145 280000000. 0.0           157 760000000. 0.0       
   122 20000000.0 1.05509E-4    134 60000000.0 6.88192E-7    146 320000000. 0.0           158 800000000. 0.0       
   123 22000000.0 1.02109E-4    135 70000000.0 6.38581E-7    147 360000000. 0.0           159 840000000. 0.0       
   124 24000000.0 4.38496E-5    136 80000000.0 5.97452E-7    148 400000000. 0.0           160 880000000. 0.0       
   125 26000000.0 2.41426E-5    137 90000000.0 5.58314E-7    149 440000000. 0.0           161 920000000. 0.0       
   126 28000000.0 1.87180E-5    138 100000000. 5.00837E-7    150 480000000. 0.0           162 960000000. 0.0       
   127 30000000.0 9.16215E-6    139 120000000. 4.19011E-7    151 520000000. 0.0           163 1.00000E+9
 
                                                     MT=803
 MAT  725                         0.0        Kelvin Unshielded Cross Sections                           7-N -14 

   No.  Group-eV   Average      No.  Group-eV   Average      No.  Group-eV   Average      No.  Group-eV   Average

   116 14000000.0 9.90090E-8    128 35000000.0 1.32840E-5    140 140000000. 6.40076E-7    152 560000000. 0.0       
   117 15000000.0 9.42067E-6    129 40000000.0 6.84210E-6    141 160000000. 0.0           153 600000000. 0.0       
   118 16000000.0 2.57548E-5    130 45000000.0 5.12372E-6    142 180000000. 0.0           154 640000000. 0.0       
   119 17000000.0 8.93099E-5    131 50000000.0 4.11021E-6    143 200000000. 0.0           155 680000000. 0.0       
   120 18000000.0 1.82648E-4    132 54000000.0 3.58913E-6    144 240000000. 0.0           156 720000000. 0.0       
   121 19000000.0 2.62565E-4    133 55000000.0 3.01003E-6    145 280000000. 0.0           157 760000000. 0.0       
   122 20000000.0 3.40228E-4    134 60000000.0 2.41698E-6    146 320000000. 0.0           158 800000000. 0.0       
   123 22000000.0 3.47225E-4    135 70000000.0 2.23445E-6    147 360000000. 0.0           159 840000000. 0.0       
   124 24000000.0 1.53908E-4    136 80000000.0 2.08565E-6    148 400000000. 0.0           160 880000000. 0.0       
   125 26000000.0 8.62119E-5    137 90000000.0 1.94587E-6    149 440000000. 0.0           161 920000000. 0.0       
   126 28000000.0 6.83488E-5    138 100000000. 1.74293E-6    150 480000000. 0.0           162 960000000. 0.0       
   127 30000000.0 3.42566E-5    139 120000000. 1.45763E-6    151 520000000. 0.0           163 1.00000E+9
 
                                                     MT=804
 MAT  725                         0.0        Kelvin Unshielded Cross Sections                           7-N -14 

   No.  Group-eV   Average      No.  Group-eV   Average      No.  Group-eV   Average      No.  Group-eV   Average

   118 16000000.0 2.46344E-6    130 45000000.0 6.55289E-6    142 180000000. 0.0           154 640000000. 0.0       
   119 17000000.0 4.44405E-5    131 50000000.0 5.25511E-6    143 200000000. 0.0           155 680000000. 0.0       
   120 18000000.0 1.41143E-4    132 54000000.0 4.58858E-6    144 240000000. 0.0           156 720000000. 0.0       
   121 19000000.0 2.14708E-4    133 55000000.0 3.84798E-6    145 280000000. 0.0           157 760000000. 0.0       
   122 20000000.0 3.29278E-4    134 60000000.0 3.08875E-6    146 320000000. 0.0           158 800000000. 0.0       
   123 22000000.0 3.96859E-4    135 70000000.0 2.85423E-6    147 360000000. 0.0           159 840000000. 0.0       
   124 24000000.0 1.85280E-4    136 80000000.0 2.66354E-6    148 400000000. 0.0           160 880000000. 0.0       
   125 26000000.0 1.05582E-4    137 90000000.0 2.48471E-6    149 440000000. 0.0           161 920000000. 0.0       
   126 28000000.0 8.47532E-5    138 100000000. 2.22560E-6    150 480000000. 0.0           162 960000000. 0.0       
   127 30000000.0 4.33435E-5    139 120000000. 1.86132E-6    151 520000000. 0.0           163 1.00000E+9
   128 35000000.0 1.69858E-5    140 140000000. 8.17364E-7    152 560000000. 0.0       
   129 40000000.0 8.75195E-6    141 160000000. 0.0           153 600000000. 0.0       
 
