                                                     MT=  5
 MAT 1637                         0.0        Kelvin Unshielded Cross Sections                          16-S -36 

   No.  Group-eV   Average      No.  Group-eV   Average      No.  Group-eV   Average      No.  Group-eV   Average

   107 9000000.00 9.92487E-5    122 20000000.0 .053822935    137 90000000.0 .002634946    152 560000000. 0.0       
   108 9200000.00 2.68883E-4    123 22000000.0 .049728954    138 100000000. .002354943    153 600000000. 0.0       
   109 9400000.00 4.37725E-4    124 24000000.0 .024194946    139 120000000. .002005364    154 640000000. 0.0       
   110 9600000.00 6.06567E-4    125 26000000.0 .013890393    140 140000000. 0.0           155 680000000. 0.0       
   111 9800000.00 7.75408E-4    126 28000000.0 .009412156    141 160000000. 0.0           156 720000000. 0.0       
   112 10000000.0 .001154731    127 30000000.0 .006271248    142 180000000. 0.0           157 760000000. 0.0       
   113 11000000.0 .001993151    128 35000000.0 .004462516    143 200000000. 0.0           158 800000000. 0.0       
   114 12000000.0 .003563581    129 40000000.0 .003786682    144 240000000. 0.0           159 840000000. 0.0       
   115 13000000.0 .006662398    130 45000000.0 .003476176    145 280000000. 0.0           160 880000000. 0.0       
   116 14000000.0 .012941108    131 50000000.0 .003324997    146 320000000. 0.0           161 920000000. 0.0       
   117 15000000.0 .024224388    132 54000000.0 .003266656    147 360000000. 0.0           162 960000000. 0.0       
   118 16000000.0 .037115829    133 55000000.0 .003213851    148 400000000. 0.0           163 1.00000E+9
   119 17000000.0 .039874860    134 60000000.0 .003106726    149 440000000. 0.0       
   120 18000000.0 .034946822    135 70000000.0 .002968861    150 480000000. 0.0       
   121 19000000.0 .034690359    136 80000000.0 .002812089    151 520000000. 0.0       
 
                                                     MT=  5
 MAT 1637                         0.0        Kelvin Unshielded Cross Sections                          16-S -36 

   No.  Group-eV   Average      No.  Group-eV   Average      No.  Group-eV   Average      No.  Group-eV   Average

   107 9000000.00 7.95013E-5    122 20000000.0 .080245019    137 90000000.0 .010676407    152 560000000. 0.0       
   108 9200000.00 2.52760E-4    123 22000000.0 .078043426    138 100000000. .010226583    153 600000000. 0.0       
   109 9400000.00 4.26162E-4    124 24000000.0 .038351030    139 120000000. .009363911    154 640000000. 0.0       
   110 9600000.00 5.99563E-4    125 26000000.0 .021915343    140 140000000. 0.0           155 680000000. 0.0       
   111 9800000.00 7.72965E-4    126 28000000.0 .014778877    141 160000000. 0.0           156 720000000. 0.0       
   112 10000000.0 .001154330    127 30000000.0 .010604608    142 180000000. 0.0           157 760000000. 0.0       
   113 11000000.0 .001947440    128 35000000.0 .008845100    143 200000000. 0.0           158 800000000. 0.0       
   114 12000000.0 .003266301    129 40000000.0 .008443174    144 240000000. 0.0           159 840000000. 0.0       
   115 13000000.0 .005781622    130 45000000.0 .008609341    145 280000000. 0.0           160 880000000. 0.0       
   116 14000000.0 .011140787    131 50000000.0 .008971875    146 320000000. 0.0           161 920000000. 0.0       
   117 15000000.0 .021117658    132 54000000.0 .009188112    147 360000000. 0.0           162 960000000. 0.0       
   118 16000000.0 .033159902    133 55000000.0 .009421728    148 400000000. 0.0           163 1.00000E+9
   119 17000000.0 .040225226    134 60000000.0 .009925044    149 440000000. 0.0       
   120 18000000.0 .041453748    135 70000000.0 .010454751    150 480000000. 0.0       
   121 19000000.0 .046265435    136 80000000.0 .010694993    151 520000000. 0.0       
 
                                                     MT=  5
 MAT 1637                         0.0        Kelvin Unshielded Cross Sections                          16-S -36 

   No.  Group-eV   Average      No.  Group-eV   Average      No.  Group-eV   Average      No.  Group-eV   Average

   115 13000000.0 6.16373E-7    128 35000000.0 .001373013    141 160000000. 0.0           154 640000000. 0.0       
   116 14000000.0 5.83991E-5    129 40000000.0 .001427774    142 180000000. 0.0           155 680000000. 0.0       
   117 15000000.0 3.43159E-4    130 45000000.0 .001510577    143 200000000. 0.0           156 720000000. 0.0       
   118 16000000.0 7.92763E-4    131 50000000.0 .001595808    144 240000000. 0.0           157 760000000. 0.0       
   119 17000000.0 9.88357E-4    132 54000000.0 .001640924    145 280000000. 0.0           158 800000000. 0.0       
   120 18000000.0 9.80024E-4    133 55000000.0 .001687891    146 320000000. 0.0           159 840000000. 0.0       
   121 19000000.0 .001135967    134 60000000.0 .001810151    147 360000000. 0.0           160 880000000. 0.0       
   122 20000000.0 .002292434    135 70000000.0 .001925135    148 400000000. 0.0           161 920000000. 0.0       
   123 22000000.0 .002836358    136 80000000.0 .001986195    149 440000000. 0.0           162 960000000. 0.0       
   124 24000000.0 .001968877    137 90000000.0 .001986556    150 480000000. 0.0           163 1.00000E+9
   125 26000000.0 .001600293    138 100000000. .001912172    151 520000000. 0.0       
   126 28000000.0 .001434415    139 120000000. .001747768    152 560000000. 0.0       
   127 30000000.0 .001358946    140 140000000. 0.0           153 600000000. 0.0       
 
                                                     MT=  5
 MAT 1637                         0.0        Kelvin Unshielded Cross Sections                          16-S -36 

   No.  Group-eV   Average      No.  Group-eV   Average      No.  Group-eV   Average      No.  Group-eV   Average

   121 19000000.0 7.0670E-11    132 54000000.0 1.25549E-4    143 200000000. 0.0           154 640000000. 0.0       
   122 20000000.0 6.89248E-6    133 55000000.0 1.28896E-4    144 240000000. 0.0           155 680000000. 0.0       
   123 22000000.0 7.51608E-5    134 60000000.0 1.31274E-4    145 280000000. 0.0           156 720000000. 0.0       
   124 24000000.0 1.15072E-4    135 70000000.0 1.30911E-4    146 320000000. 0.0           157 760000000. 0.0       
   125 26000000.0 1.18523E-4    136 80000000.0 1.24150E-4    147 360000000. 0.0           158 800000000. 0.0       
   126 28000000.0 1.11792E-4    137 90000000.0 1.15913E-4    148 400000000. 0.0           159 840000000. 0.0       
   127 30000000.0 1.06039E-4    138 100000000. 9.95538E-5    149 440000000. 0.0           160 880000000. 0.0       
   128 35000000.0 1.07316E-4    139 120000000. 7.89415E-5    150 480000000. 0.0           161 920000000. 0.0       
   129 40000000.0 1.11926E-4    140 140000000. 0.0           151 520000000. 0.0           162 960000000. 0.0       
   130 45000000.0 1.17948E-4    141 160000000. 0.0           152 560000000. 0.0           163 1.00000E+9
   131 50000000.0 1.22922E-4    142 180000000. 0.0           153 600000000. 0.0       
 
                                                     MT=  5
 MAT 1637                         0.0        Kelvin Unshielded Cross Sections                          16-S -36 

   No.  Group-eV   Average      No.  Group-eV   Average      No.  Group-eV   Average      No.  Group-eV   Average

   121 19000000.0 4.8648E-10    132 54000000.0 4.12146E-5    143 200000000. 0.0           154 640000000. 0.0       
   122 20000000.0 4.46886E-5    133 55000000.0 4.21229E-5    144 240000000. 0.0           155 680000000. 0.0       
   123 22000000.0 1.42974E-4    134 60000000.0 4.08226E-5    145 280000000. 0.0           156 720000000. 0.0       
   124 24000000.0 8.85285E-5    135 70000000.0 3.87667E-5    146 320000000. 0.0           157 760000000. 0.0       
   125 26000000.0 4.93277E-5    136 80000000.0 3.42096E-5    147 360000000. 0.0           158 800000000. 0.0       
   126 28000000.0 3.69708E-5    137 90000000.0 3.05098E-5    148 400000000. 0.0           159 840000000. 0.0       
   127 30000000.0 3.36546E-5    138 100000000. 2.41318E-5    149 440000000. 0.0           160 880000000. 0.0       
   128 35000000.0 3.50692E-5    139 120000000. 1.73671E-5    150 480000000. 0.0           161 920000000. 0.0       
   129 40000000.0 3.77344E-5    140 140000000. 0.0           151 520000000. 0.0           162 960000000. 0.0       
   130 45000000.0 3.97882E-5    141 160000000. 0.0           152 560000000. 0.0           163 1.00000E+9
   131 50000000.0 4.06690E-5    142 180000000. 0.0           153 600000000. 0.0       
 
                                                     MT=  5
 MAT 1637                         0.0        Kelvin Unshielded Cross Sections                          16-S -36 

   No.  Group-eV   Average      No.  Group-eV   Average      No.  Group-eV   Average      No.  Group-eV   Average

   112 10000000.0 2.80973E-7    125 26000000.0 .002227055    138 100000000. 1.34396E-4    151 520000000. 0.0       
   113 11000000.0 4.55861E-5    126 28000000.0 .001610931    139 120000000. 8.59774E-5    152 560000000. 0.0       
   114 12000000.0 2.97139E-4    127 30000000.0 .001089217    140 140000000. 0.0           153 600000000. 0.0       
   115 13000000.0 8.80043E-4    128 35000000.0 7.90227E-4    141 160000000. 0.0           154 640000000. 0.0       
   116 14000000.0 .001741848    129 40000000.0 6.52508E-4    142 180000000. 0.0           155 680000000. 0.0       
   117 15000000.0 .002763807    130 45000000.0 5.63390E-4    143 200000000. 0.0           156 720000000. 0.0       
   118 16000000.0 .003403956    131 50000000.0 5.02468E-4    144 240000000. 0.0           157 760000000. 0.0       
   119 17000000.0 .003012821    132 54000000.0 4.72477E-4    145 280000000. 0.0           158 800000000. 0.0       
   120 18000000.0 .002378279    133 55000000.0 4.38797E-4    146 320000000. 0.0           159 840000000. 0.0       
   121 19000000.0 .002184256    134 60000000.0 3.73513E-4    147 360000000. 0.0           160 880000000. 0.0       
   122 20000000.0 .003279923    135 70000000.0 2.98384E-4    148 400000000. 0.0           161 920000000. 0.0       
   123 22000000.0 .004108954    136 80000000.0 2.38102E-4    149 440000000. 0.0           162 960000000. 0.0       
   124 24000000.0 .003113972    137 90000000.0 1.88030E-4    150 480000000. 0.0           163 1.00000E+9
 
                                                     MT=  5
 MAT 1637                         0.0        Kelvin Unshielded Cross Sections                          16-S -36 

   No.  Group-eV   Average      No.  Group-eV   Average      No.  Group-eV   Average      No.  Group-eV   Average

   134 60000000.0 2.61895E-9    142 180000000. 0.0           150 480000000. 0.0           158 800000000. 0.0       
   135 70000000.0 2.77239E-6    143 200000000. 0.0           151 520000000. 0.0           159 840000000. 0.0       
   136 80000000.0 2.86938E-5    144 240000000. 0.0           152 560000000. 0.0           160 880000000. 0.0       
   137 90000000.0 6.87041E-5    145 280000000. 0.0           153 600000000. 0.0           161 920000000. 0.0       
   138 100000000. 1.07326E-4    146 320000000. 0.0           154 640000000. 0.0           162 960000000. 0.0       
   139 120000000. 1.14391E-4    147 360000000. 0.0           155 680000000. 0.0           163 1.00000E+9
   140 140000000. 0.0           148 400000000. 0.0           156 720000000. 0.0       
   141 160000000. 0.0           149 440000000. 0.0           157 760000000. 0.0       
 
                                                     MT=  5
 MAT 1637                         0.0        Kelvin Unshielded Cross Sections                          16-S -36 

   No.  Group-eV   Average      No.  Group-eV   Average      No.  Group-eV   Average      No.  Group-eV   Average

   129 40000000.0 5.9270E-15    138 100000000. 1.30254E-4    147 360000000. 0.0           156 720000000. 0.0       
   130 45000000.0 1.24810E-8    139 120000000. 6.57652E-5    148 400000000. 0.0           157 760000000. 0.0       
   131 50000000.0 1.68008E-6    140 140000000. 0.0           149 440000000. 0.0           158 800000000. 0.0       
   132 54000000.0 7.10731E-6    141 160000000. 0.0           150 480000000. 0.0           159 840000000. 0.0       
   133 55000000.0 2.64033E-5    142 180000000. 0.0           151 520000000. 0.0           160 880000000. 0.0       
   134 60000000.0 1.06216E-4    143 200000000. 0.0           152 560000000. 0.0           161 920000000. 0.0       
   135 70000000.0 1.87714E-4    144 240000000. 0.0           153 600000000. 0.0           162 960000000. 0.0       
   136 80000000.0 2.01442E-4    145 280000000. 0.0           154 640000000. 0.0           163 1.00000E+9
   137 90000000.0 1.77932E-4    146 320000000. 0.0           155 680000000. 0.0       
 
                                                     MT=  5
 MAT 1637                         0.0        Kelvin Unshielded Cross Sections                          16-S -36 

   No.  Group-eV   Average      No.  Group-eV   Average      No.  Group-eV   Average      No.  Group-eV   Average

   128 35000000.0 1.96837E-8    137 90000000.0 5.46114E-5    146 320000000. 0.0           155 680000000. 0.0       
   129 40000000.0 1.38643E-5    138 100000000. 2.92085E-5    147 360000000. 0.0           156 720000000. 0.0       
   130 45000000.0 1.02281E-4    139 120000000. 1.34120E-5    148 400000000. 0.0           157 760000000. 0.0       
   131 50000000.0 2.07592E-4    140 140000000. 0.0           149 440000000. 0.0           158 800000000. 0.0       
   132 54000000.0 2.47827E-4    141 160000000. 0.0           150 480000000. 0.0           159 840000000. 0.0       
   133 55000000.0 2.59342E-4    142 180000000. 0.0           151 520000000. 0.0           160 880000000. 0.0       
   134 60000000.0 2.11601E-4    143 200000000. 0.0           152 560000000. 0.0           161 920000000. 0.0       
   135 70000000.0 1.29122E-4    144 240000000. 0.0           153 600000000. 0.0           162 960000000. 0.0       
   136 80000000.0 8.40712E-5    145 280000000. 0.0           154 640000000. 0.0           163 1.00000E+9
 
                                                     MT=  5
 MAT 1637                         0.0        Kelvin Unshielded Cross Sections                          16-S -36 

   No.  Group-eV   Average      No.  Group-eV   Average      No.  Group-eV   Average      No.  Group-eV   Average

   125 26000000.0 1.38435E-7    135 70000000.0 4.16867E-5    145 280000000. 0.0           155 680000000. 0.0       
   126 28000000.0 1.42382E-5    136 80000000.0 2.86070E-5    146 320000000. 0.0           156 720000000. 0.0       
   127 30000000.0 1.96144E-4    137 90000000.0 2.05707E-5    147 360000000. 0.0           157 760000000. 0.0       
   128 35000000.0 4.61536E-4    138 100000000. 1.37195E-5    148 400000000. 0.0           158 800000000. 0.0       
   129 40000000.0 5.17374E-4    139 120000000. 8.65027E-6    149 440000000. 0.0           159 840000000. 0.0       
   130 45000000.0 4.05925E-4    140 140000000. 0.0           150 480000000. 0.0           160 880000000. 0.0       
   131 50000000.0 2.58868E-4    141 160000000. 0.0           151 520000000. 0.0           161 920000000. 0.0       
   132 54000000.0 1.90701E-4    142 180000000. 0.0           152 560000000. 0.0           162 960000000. 0.0       
   133 55000000.0 1.36138E-4    143 200000000. 0.0           153 600000000. 0.0           163 1.00000E+9
   134 60000000.0 7.17406E-5    144 240000000. 0.0           154 640000000. 0.0       
 
                                                     MT=  5
 MAT 1637                         0.0        Kelvin Unshielded Cross Sections                          16-S -36 

   No.  Group-eV   Average      No.  Group-eV   Average      No.  Group-eV   Average      No.  Group-eV   Average

   122 20000000.0 1.25824E-4    133 55000000.0 2.54374E-5    144 240000000. 0.0           155 680000000. 0.0       
   123 22000000.0 .001744127    134 60000000.0 1.94420E-5    145 280000000. 0.0           156 720000000. 0.0       
   124 24000000.0 .002487653    135 70000000.0 1.45863E-5    146 320000000. 0.0           157 760000000. 0.0       
   125 26000000.0 .002062841    136 80000000.0 1.13922E-5    147 360000000. 0.0           158 800000000. 0.0       
   126 28000000.0 .001548045    137 90000000.0 9.02595E-6    148 400000000. 0.0           159 840000000. 0.0       
   127 30000000.0 8.83154E-4    138 100000000. 6.56168E-6    149 440000000. 0.0           160 880000000. 0.0       
   128 35000000.0 3.27480E-4    139 120000000. 4.26235E-6    150 480000000. 0.0           161 920000000. 0.0       
   129 40000000.0 1.21056E-4    140 140000000. 0.0           151 520000000. 0.0           162 960000000. 0.0       
   130 45000000.0 5.51363E-5    141 160000000. 0.0           152 560000000. 0.0           163 1.00000E+9
   131 50000000.0 3.50319E-5    142 180000000. 0.0           153 600000000. 0.0       
   132 54000000.0 2.94434E-5    143 200000000. 0.0           154 640000000. 0.0       
 
                                                     MT=  5
 MAT 1637                         0.0        Kelvin Unshielded Cross Sections                          16-S -36 

   No.  Group-eV   Average      No.  Group-eV   Average      No.  Group-eV   Average      No.  Group-eV   Average

   112 10000000.0 2.80973E-7    125 26000000.0 1.64077E-4    138 100000000. 9.51728E-7    151 520000000. 0.0       
   113 11000000.0 4.55861E-5    126 28000000.0 4.86466E-5    139 120000000. 4.64654E-7    152 560000000. 0.0       
   114 12000000.0 2.97139E-4    127 30000000.0 9.91877E-6    140 140000000. 0.0           153 600000000. 0.0       
   115 13000000.0 8.80043E-4    128 35000000.0 1.19064E-6    141 160000000. 0.0           154 640000000. 0.0       
   116 14000000.0 .001741848    129 40000000.0 2.85525E-7    142 180000000. 0.0           155 680000000. 0.0       
   117 15000000.0 .002763807    130 45000000.0 2.16711E-6    143 200000000. 0.0           156 720000000. 0.0       
   118 16000000.0 .003403956    131 50000000.0 8.51053E-6    144 240000000. 0.0           157 760000000. 0.0       
   119 17000000.0 .003012821    132 54000000.0 1.25915E-5    145 280000000. 0.0           158 800000000. 0.0       
   120 18000000.0 .002378279    133 55000000.0 1.49402E-5    146 320000000. 0.0           159 840000000. 0.0       
   121 19000000.0 .002184256    134 60000000.0 1.30916E-5    147 360000000. 0.0           160 880000000. 0.0       
   122 20000000.0 .003154100    135 70000000.0 6.58337E-6    148 400000000. 0.0           161 920000000. 0.0       
   123 22000000.0 .002364825    136 80000000.0 3.26224E-6    149 440000000. 0.0           162 960000000. 0.0       
   124 24000000.0 6.26317E-4    137 90000000.0 1.82663E-6    150 480000000. 0.0           163 1.00000E+9
 
                                                     MT=  5
 MAT 1637                         0.0        Kelvin Unshielded Cross Sections                          16-S -36 

   No.  Group-eV   Average      No.  Group-eV   Average      No.  Group-eV   Average      No.  Group-eV   Average

   124 24000000.0 1.00611E-8    134 60000000.0 1.00578E-5    144 240000000. 0.0           154 640000000. 0.0       
   125 26000000.0 6.63843E-8    135 70000000.0 1.56478E-5    145 280000000. 0.0           155 680000000. 0.0       
   126 28000000.0 1.58952E-7    136 80000000.0 2.14178E-5    146 320000000. 0.0           156 720000000. 0.0       
   127 30000000.0 1.87885E-6    137 90000000.0 2.64792E-5    147 360000000. 0.0           157 760000000. 0.0       
   128 35000000.0 3.34887E-6    138 100000000. 3.17510E-5    148 400000000. 0.0           158 800000000. 0.0       
   129 40000000.0 3.29693E-6    139 120000000. 3.55493E-5    149 440000000. 0.0           159 840000000. 0.0       
   130 45000000.0 3.42650E-6    140 140000000. 0.0           150 480000000. 0.0           160 880000000. 0.0       
   131 50000000.0 4.35091E-6    141 160000000. 0.0           151 520000000. 0.0           161 920000000. 0.0       
   132 54000000.0 5.17039E-6    142 180000000. 0.0           152 560000000. 0.0           162 960000000. 0.0       
   133 55000000.0 6.38937E-6    143 200000000. 0.0           153 600000000. 0.0           163 1.00000E+9
 
                                                     MT=  5
 MAT 1637                         0.0        Kelvin Unshielded Cross Sections                          16-S -36 

   No.  Group-eV   Average      No.  Group-eV   Average      No.  Group-eV   Average      No.  Group-eV   Average

   137 90000000.0 1.7001E-12    144 240000000. 0.0           151 520000000. 0.0           158 800000000. 0.0       
   138 100000000. 4.41068E-7    145 280000000. 0.0           152 560000000. 0.0           159 840000000. 0.0       
   139 120000000. 2.00616E-5    146 320000000. 0.0           153 600000000. 0.0           160 880000000. 0.0       
   140 140000000. 0.0           147 360000000. 0.0           154 640000000. 0.0           161 920000000. 0.0       
   141 160000000. 0.0           148 400000000. 0.0           155 680000000. 0.0           162 960000000. 0.0       
   142 180000000. 0.0           149 440000000. 0.0           156 720000000. 0.0           163 1.00000E+9
   143 200000000. 0.0           150 480000000. 0.0           157 760000000. 0.0       
 
                                                     MT=  5
 MAT 1637                         0.0        Kelvin Unshielded Cross Sections                          16-S -36 

   No.  Group-eV   Average      No.  Group-eV   Average      No.  Group-eV   Average      No.  Group-eV   Average

   135 70000000.0 2.7221E-18    143 200000000. 0.0           151 520000000. 0.0           159 840000000. 0.0       
   136 80000000.0 2.22931E-8    144 240000000. 0.0           152 560000000. 0.0           160 880000000. 0.0       
   137 90000000.0 2.38193E-6    145 280000000. 0.0           153 600000000. 0.0           161 920000000. 0.0       
   138 100000000. 5.42682E-5    146 320000000. 0.0           154 640000000. 0.0           162 960000000. 0.0       
   139 120000000. 1.90743E-4    147 360000000. 0.0           155 680000000. 0.0           163 1.00000E+9
   140 140000000. 0.0           148 400000000. 0.0           156 720000000. 0.0       
   141 160000000. 0.0           149 440000000. 0.0           157 760000000. 0.0       
   142 180000000. 0.0           150 480000000. 0.0           158 800000000. 0.0       
 
                                                     MT=  5
 MAT 1637                         0.0        Kelvin Unshielded Cross Sections                          16-S -36 

   No.  Group-eV   Average      No.  Group-eV   Average      No.  Group-eV   Average      No.  Group-eV   Average

   134 60000000.0 6.36672E-8    142 180000000. 0.0           150 480000000. 0.0           158 800000000. 0.0       
   135 70000000.0 1.05959E-5    143 200000000. 0.0           151 520000000. 0.0           159 840000000. 0.0       
   136 80000000.0 1.00240E-4    144 240000000. 0.0           152 560000000. 0.0           160 880000000. 0.0       
   137 90000000.0 2.79116E-4    145 280000000. 0.0           153 600000000. 0.0           161 920000000. 0.0       
   138 100000000. 4.31474E-4    146 320000000. 0.0           154 640000000. 0.0           162 960000000. 0.0       
   139 120000000. 3.47352E-4    147 360000000. 0.0           155 680000000. 0.0           163 1.00000E+9
   140 140000000. 0.0           148 400000000. 0.0           156 720000000. 0.0       
   141 160000000. 0.0           149 440000000. 0.0           157 760000000. 0.0       
 
                                                     MT=  5
 MAT 1637                         0.0        Kelvin Unshielded Cross Sections                          16-S -36 

   No.  Group-eV   Average      No.  Group-eV   Average      No.  Group-eV   Average      No.  Group-eV   Average

   131 50000000.0 1.92684E-8    140 140000000. 0.0           149 440000000. 0.0           158 800000000. 0.0       
   132 54000000.0 3.00651E-7    141 160000000. 0.0           150 480000000. 0.0           159 840000000. 0.0       
   133 55000000.0 4.58793E-6    142 180000000. 0.0           151 520000000. 0.0           160 880000000. 0.0       
   134 60000000.0 8.86507E-5    143 200000000. 0.0           152 560000000. 0.0           161 920000000. 0.0       
   135 70000000.0 3.78472E-4    144 240000000. 0.0           153 600000000. 0.0           162 960000000. 0.0       
   136 80000000.0 5.70716E-4    145 280000000. 0.0           154 640000000. 0.0           163 1.00000E+9
   137 90000000.0 5.23108E-4    146 320000000. 0.0           155 680000000. 0.0       
   138 100000000. 3.29774E-4    147 360000000. 0.0           156 720000000. 0.0       
   139 120000000. 1.76938E-4    148 400000000. 0.0           157 760000000. 0.0       
 
                                                     MT=  5
 MAT 1637                         0.0        Kelvin Unshielded Cross Sections                          16-S -36 

   No.  Group-eV   Average      No.  Group-eV   Average      No.  Group-eV   Average      No.  Group-eV   Average

   128 35000000.0 1.94916E-8    137 90000000.0 4.38007E-4    146 320000000. 0.0           155 680000000. 0.0       
   129 40000000.0 1.02822E-5    138 100000000. 3.32779E-4    147 360000000. 0.0           156 720000000. 0.0       
   130 45000000.0 1.08094E-4    139 120000000. 2.63734E-4    148 400000000. 0.0           157 760000000. 0.0       
   131 50000000.0 3.26325E-4    140 140000000. 0.0           149 440000000. 0.0           158 800000000. 0.0       
   132 54000000.0 4.79022E-4    141 160000000. 0.0           150 480000000. 0.0           159 840000000. 0.0       
   133 55000000.0 6.50588E-4    142 180000000. 0.0           151 520000000. 0.0           160 880000000. 0.0       
   134 60000000.0 8.94603E-4    143 200000000. 0.0           152 560000000. 0.0           161 920000000. 0.0       
   135 70000000.0 8.14172E-4    144 240000000. 0.0           153 600000000. 0.0           162 960000000. 0.0       
   136 80000000.0 5.88987E-4    145 280000000. 0.0           154 640000000. 0.0           163 1.00000E+9
 
                                                     MT=  5
 MAT 1637                         0.0        Kelvin Unshielded Cross Sections                          16-S -36 

   No.  Group-eV   Average      No.  Group-eV   Average      No.  Group-eV   Average      No.  Group-eV   Average

   127 30000000.0 9.97216E-6    137 90000000.0 2.64664E-4    147 360000000. 0.0           157 760000000. 0.0       
   128 35000000.0 1.45111E-4    138 100000000. 2.34152E-4    148 400000000. 0.0           158 800000000. 0.0       
   129 40000000.0 5.32134E-4    139 120000000. 2.01235E-4    149 440000000. 0.0           159 840000000. 0.0       
   130 45000000.0 8.13872E-4    140 140000000. 0.0           150 480000000. 0.0           160 880000000. 0.0       
   131 50000000.0 8.27731E-4    141 160000000. 0.0           151 520000000. 0.0           161 920000000. 0.0       
   132 54000000.0 7.67260E-4    142 180000000. 0.0           152 560000000. 0.0           162 960000000. 0.0       
   133 55000000.0 6.70488E-4    143 200000000. 0.0           153 600000000. 0.0           163 1.00000E+9
   134 60000000.0 4.80374E-4    144 240000000. 0.0           154 640000000. 0.0       
   135 70000000.0 3.47438E-4    145 280000000. 0.0           155 680000000. 0.0       
   136 80000000.0 2.94316E-4    146 320000000. 0.0           156 720000000. 0.0       
 
                                                     MT=  5
 MAT 1637                         0.0        Kelvin Unshielded Cross Sections                          16-S -36 

   No.  Group-eV   Average      No.  Group-eV   Average      No.  Group-eV   Average      No.  Group-eV   Average

   121 19000000.0 4.8648E-10    132 54000000.0 3.04135E-4    143 200000000. 0.0           154 640000000. 0.0       
   122 20000000.0 4.46886E-5    133 55000000.0 2.72032E-4    144 240000000. 0.0           155 680000000. 0.0       
   123 22000000.0 1.42974E-4    134 60000000.0 2.27161E-4    145 280000000. 0.0           156 720000000. 0.0       
   124 24000000.0 8.85285E-5    135 70000000.0 1.95551E-4    146 320000000. 0.0           157 760000000. 0.0       
   125 26000000.0 5.13723E-5    136 80000000.0 1.76759E-4    147 360000000. 0.0           158 800000000. 0.0       
   126 28000000.0 9.39723E-5    137 90000000.0 1.62107E-4    148 400000000. 0.0           159 840000000. 0.0       
   127 30000000.0 4.59784E-4    138 100000000. 1.43940E-4    149 440000000. 0.0           160 880000000. 0.0       
   128 35000000.0 8.28979E-4    139 120000000. 1.26468E-4    150 480000000. 0.0           161 920000000. 0.0       
   129 40000000.0 6.89801E-4    140 140000000. 0.0           151 520000000. 0.0           162 960000000. 0.0       
   130 45000000.0 4.70940E-4    141 160000000. 0.0           152 560000000. 0.0           163 1.00000E+9
   131 50000000.0 3.47120E-4    142 180000000. 0.0           153 600000000. 0.0       
 
                                                     MT=  5
 MAT 1637                         0.0        Kelvin Unshielded Cross Sections                          16-S -36 

   No.  Group-eV   Average      No.  Group-eV   Average      No.  Group-eV   Average      No.  Group-eV   Average

   121 19000000.0 7.0670E-11    132 54000000.0 1.80345E-4    143 200000000. 0.0           154 640000000. 0.0       
   122 20000000.0 6.89248E-6    133 55000000.0 1.71011E-4    144 240000000. 0.0           155 680000000. 0.0       
   123 22000000.0 1.78114E-4    134 60000000.0 1.53509E-4    145 280000000. 0.0           156 720000000. 0.0       
   124 24000000.0 7.42053E-4    135 70000000.0 1.36392E-4    146 320000000. 0.0           157 760000000. 0.0       
   125 26000000.0 .001102366    136 80000000.0 1.23505E-4    147 360000000. 0.0           158 800000000. 0.0       
   126 28000000.0 .001165518    137 90000000.0 1.12517E-4    148 400000000. 0.0           159 840000000. 0.0       
   127 30000000.0 8.67173E-4    138 100000000. 9.83465E-5    149 440000000. 0.0           160 880000000. 0.0       
   128 35000000.0 4.56426E-4    139 120000000. 8.11443E-5    150 480000000. 0.0           161 920000000. 0.0       
   129 40000000.0 2.85053E-4    140 140000000. 0.0           151 520000000. 0.0           162 960000000. 0.0       
   130 45000000.0 2.17945E-4    141 160000000. 0.0           152 560000000. 0.0           163 1.00000E+9
   131 50000000.0 1.90661E-4    142 180000000. 0.0           153 600000000. 0.0       
 
                                                     MT=  5
 MAT 1637                         0.0        Kelvin Unshielded Cross Sections                          16-S -36 

   No.  Group-eV   Average      No.  Group-eV   Average      No.  Group-eV   Average      No.  Group-eV   Average

   115 13000000.0 6.16373E-7    128 35000000.0 7.79262E-5    141 160000000. 0.0           154 640000000. 0.0       
   116 14000000.0 5.83991E-5    129 40000000.0 4.92421E-5    142 180000000. 0.0           155 680000000. 0.0       
   117 15000000.0 3.43159E-4    130 45000000.0 3.50761E-5    143 200000000. 0.0           156 720000000. 0.0       
   118 16000000.0 7.92763E-4    131 50000000.0 2.74109E-5    144 240000000. 0.0           157 760000000. 0.0       
   119 17000000.0 9.88357E-4    132 54000000.0 2.40803E-5    145 280000000. 0.0           158 800000000. 0.0       
   120 18000000.0 9.80024E-4    133 55000000.0 2.09224E-5    146 320000000. 0.0           159 840000000. 0.0       
   121 19000000.0 .001135967    134 60000000.0 1.50629E-5    147 360000000. 0.0           160 880000000. 0.0       
   122 20000000.0 .002292434    135 70000000.0 9.92323E-6    148 400000000. 0.0           161 920000000. 0.0       
   123 22000000.0 .002733405    136 80000000.0 6.69889E-6    149 440000000. 0.0           162 960000000. 0.0       
   124 24000000.0 .001341880    137 90000000.0 4.55194E-6    150 480000000. 0.0           163 1.00000E+9
   125 26000000.0 6.14275E-4    138 100000000. 2.63805E-6    151 520000000. 0.0       
   126 28000000.0 3.23371E-4    139 120000000. 1.27512E-6    152 560000000. 0.0       
   127 30000000.0 1.57955E-4    140 140000000. 0.0           153 600000000. 0.0       
 
                                                     MT=  5
 MAT 1637                         0.0        Kelvin Unshielded Cross Sections                          16-S -36 

   No.  Group-eV   Average      No.  Group-eV   Average      No.  Group-eV   Average      No.  Group-eV   Average

   136 80000000.0 7.0682E-11    143 200000000. 0.0           150 480000000. 0.0           157 760000000. 0.0       
   137 90000000.0 1.61755E-7    144 240000000. 0.0           151 520000000. 0.0           158 800000000. 0.0       
   138 100000000. 8.90470E-6    145 280000000. 0.0           152 560000000. 0.0           159 840000000. 0.0       
   139 120000000. 3.65707E-5    146 320000000. 0.0           153 600000000. 0.0           160 880000000. 0.0       
   140 140000000. 0.0           147 360000000. 0.0           154 640000000. 0.0           161 920000000. 0.0       
   141 160000000. 0.0           148 400000000. 0.0           155 680000000. 0.0           162 960000000. 0.0       
   142 180000000. 0.0           149 440000000. 0.0           156 720000000. 0.0           163 1.00000E+9
 
                                                     MT=  5
 MAT 1637                         0.0        Kelvin Unshielded Cross Sections                          16-S -36 

   No.  Group-eV   Average      No.  Group-eV   Average      No.  Group-eV   Average      No.  Group-eV   Average

   134 60000000.0 9.1900E-10    142 180000000. 0.0           150 480000000. 0.0           158 800000000. 0.0       
   135 70000000.0 1.71700E-6    143 200000000. 0.0           151 520000000. 0.0           159 840000000. 0.0       
   136 80000000.0 2.37477E-5    144 240000000. 0.0           152 560000000. 0.0           160 880000000. 0.0       
   137 90000000.0 6.88689E-5    145 280000000. 0.0           153 600000000. 0.0           161 920000000. 0.0       
   138 100000000. 1.04041E-4    146 320000000. 0.0           154 640000000. 0.0           162 960000000. 0.0       
   139 120000000. 8.60447E-5    147 360000000. 0.0           155 680000000. 0.0           163 1.00000E+9
   140 140000000. 0.0           148 400000000. 0.0           156 720000000. 0.0       
   141 160000000. 0.0           149 440000000. 0.0           157 760000000. 0.0       
 
                                                     MT=  5
 MAT 1637                         0.0        Kelvin Unshielded Cross Sections                          16-S -36 

   No.  Group-eV   Average      No.  Group-eV   Average      No.  Group-eV   Average      No.  Group-eV   Average

   131 50000000.0 4.12054E-9    140 140000000. 0.0           149 440000000. 0.0           158 800000000. 0.0       
   132 54000000.0 1.01948E-7    141 160000000. 0.0           150 480000000. 0.0           159 840000000. 0.0       
   133 55000000.0 2.78149E-6    142 180000000. 0.0           151 520000000. 0.0           160 880000000. 0.0       
   134 60000000.0 5.11509E-5    143 200000000. 0.0           152 560000000. 0.0           161 920000000. 0.0       
   135 70000000.0 1.61102E-4    144 240000000. 0.0           153 600000000. 0.0           162 960000000. 0.0       
   136 80000000.0 1.95822E-4    145 280000000. 0.0           154 640000000. 0.0           163 1.00000E+9
   137 90000000.0 1.61409E-4    146 320000000. 0.0           155 680000000. 0.0       
   138 100000000. 9.91460E-5    147 360000000. 0.0           156 720000000. 0.0       
   139 120000000. 5.41542E-5    148 400000000. 0.0           157 760000000. 0.0       
 
                                                     MT=  5
 MAT 1637                         0.0        Kelvin Unshielded Cross Sections                          16-S -36 

   No.  Group-eV   Average      No.  Group-eV   Average      No.  Group-eV   Average      No.  Group-eV   Average

   128 35000000.0 1.35401E-6    137 90000000.0 1.07545E-4    146 320000000. 0.0           155 680000000. 0.0       
   129 40000000.0 5.71736E-5    138 100000000. 6.80999E-5    147 360000000. 0.0           156 720000000. 0.0       
   130 45000000.0 2.19827E-4    139 120000000. 4.14478E-5    148 400000000. 0.0           157 760000000. 0.0       
   131 50000000.0 3.60573E-4    140 140000000. 0.0           149 440000000. 0.0           158 800000000. 0.0       
   132 54000000.0 4.16020E-4    141 160000000. 0.0           150 480000000. 0.0           159 840000000. 0.0       
   133 55000000.0 4.52799E-4    142 180000000. 0.0           151 520000000. 0.0           160 880000000. 0.0       
   134 60000000.0 4.15650E-4    143 200000000. 0.0           152 560000000. 0.0           161 920000000. 0.0       
   135 70000000.0 2.68247E-4    144 240000000. 0.0           153 600000000. 0.0           162 960000000. 0.0       
   136 80000000.0 1.62524E-4    145 280000000. 0.0           154 640000000. 0.0           163 1.00000E+9
 
                                                     MT=  5
 MAT 1637                         0.0        Kelvin Unshielded Cross Sections                          16-S -36 

   No.  Group-eV   Average      No.  Group-eV   Average      No.  Group-eV   Average      No.  Group-eV   Average

   126 28000000.0 3.41962E-5    136 80000000.0 8.32174E-5    146 320000000. 0.0           156 720000000. 0.0       
   127 30000000.0 5.17923E-4    137 90000000.0 6.42321E-5    147 360000000. 0.0           157 760000000. 0.0       
   128 35000000.0 .001003894    138 100000000. 4.58302E-5    148 400000000. 0.0           158 800000000. 0.0       
   129 40000000.0 9.65429E-4    139 120000000. 2.99835E-5    149 440000000. 0.0           159 840000000. 0.0       
   130 45000000.0 6.98016E-4    140 140000000. 0.0           150 480000000. 0.0           160 880000000. 0.0       
   131 50000000.0 4.58886E-4    141 160000000. 0.0           151 520000000. 0.0           161 920000000. 0.0       
   132 54000000.0 3.58817E-4    142 180000000. 0.0           152 560000000. 0.0           162 960000000. 0.0       
   133 55000000.0 2.79553E-4    143 200000000. 0.0           153 600000000. 0.0           163 1.00000E+9
   134 60000000.0 1.72775E-4    144 240000000. 0.0           154 640000000. 0.0       
   135 70000000.0 1.12294E-4    145 280000000. 0.0           155 680000000. 0.0       
 
                                                     MT=  5
 MAT 1637                         0.0        Kelvin Unshielded Cross Sections                          16-S -36 

   No.  Group-eV   Average      No.  Group-eV   Average      No.  Group-eV   Average      No.  Group-eV   Average

   118 16000000.0 2.39813E-4    130 45000000.0 2.80386E-4    142 180000000. 0.0           154 640000000. 0.0       
   119 17000000.0 .004349787    131 50000000.0 2.15157E-4    143 200000000. 0.0           155 680000000. 0.0       
   120 18000000.0 .009863190    132 54000000.0 1.92672E-4    144 240000000. 0.0           156 720000000. 0.0       
   121 19000000.0 .014893111    133 55000000.0 1.73115E-4    145 280000000. 0.0           157 760000000. 0.0       
   122 20000000.0 .031916830    134 60000000.0 1.37662E-4    146 320000000. 0.0           158 800000000. 0.0       
   123 22000000.0 .033628352    135 70000000.0 1.04962E-4    147 360000000. 0.0           159 840000000. 0.0       
   124 24000000.0 .016328064    136 80000000.0 8.24756E-5    148 400000000. 0.0           160 880000000. 0.0       
   125 26000000.0 .008970681    137 90000000.0 6.55895E-5    149 440000000. 0.0           161 920000000. 0.0       
   126 28000000.0 .005750393    138 100000000. 4.78414E-5    150 480000000. 0.0           162 960000000. 0.0       
   127 30000000.0 .002967093    139 120000000. 3.12754E-5    151 520000000. 0.0           163 1.00000E+9
   128 35000000.0 .001052028    140 140000000. 0.0           152 560000000. 0.0       
   129 40000000.0 4.66380E-4    141 160000000. 0.0           153 600000000. 0.0       
 
                                                     MT=  5
 MAT 1637                         0.0        Kelvin Unshielded Cross Sections                          16-S -36 

   No.  Group-eV   Average      No.  Group-eV   Average      No.  Group-eV   Average      No.  Group-eV   Average

   107 9000000.00 7.95013E-5    122 20000000.0 .016285524    137 90000000.0 1.66344E-5    152 560000000. 0.0       
   108 9200000.00 2.52760E-4    123 22000000.0 .008939634    138 100000000. 1.21994E-5    153 600000000. 0.0       
   109 9400000.00 4.26162E-4    124 24000000.0 .002580282    139 120000000. 7.84944E-6    154 640000000. 0.0       
   110 9600000.00 5.99563E-4    125 26000000.0 9.22940E-4    140 140000000. 0.0           155 680000000. 0.0       
   111 9800000.00 7.72965E-4    126 28000000.0 4.31273E-4    141 160000000. 0.0           156 720000000. 0.0       
   112 10000000.0 .001154330    127 30000000.0 1.97891E-4    142 180000000. 0.0           157 760000000. 0.0       
   113 11000000.0 .001947440    128 35000000.0 1.00884E-4    143 200000000. 0.0           158 800000000. 0.0       
   114 12000000.0 .003266301    129 40000000.0 7.10270E-5    144 240000000. 0.0           159 840000000. 0.0       
   115 13000000.0 .005781622    130 45000000.0 5.51746E-5    145 280000000. 0.0           160 880000000. 0.0       
   116 14000000.0 .011140787    131 50000000.0 4.62161E-5    146 320000000. 0.0           161 920000000. 0.0       
   117 15000000.0 .021117658    132 54000000.0 4.27384E-5    147 360000000. 0.0           162 960000000. 0.0       
   118 16000000.0 .032680275    133 55000000.0 4.00579E-5    148 400000000. 0.0           163 1.00000E+9
   119 17000000.0 .031525637    134 60000000.0 3.25207E-5    149 440000000. 0.0       
   120 18000000.0 .021727318    135 70000000.0 2.57299E-5    150 480000000. 0.0       
   121 19000000.0 .016479206    136 80000000.0 2.05074E-5    151 520000000. 0.0       
 
                                                     MT=  5
 MAT 1637                         0.0        Kelvin Unshielded Cross Sections                          16-S -36 

   No.  Group-eV   Average      No.  Group-eV   Average      No.  Group-eV   Average      No.  Group-eV   Average

   107 9000000.00 1.40604E-7    122 20000000.0 .043083513    137 90000000.0 .005638742    152 560000000. 0.0       
   108 9200000.00 4.47024E-7    123 22000000.0 .046321455    138 100000000. .005261613    153 600000000. 0.0       
   109 9400000.00 7.53697E-7    124 24000000.0 .027416376    139 120000000. .004470291    154 640000000. 0.0       
   110 9600000.00 1.06037E-6    125 26000000.0 .018324926    140 140000000. 0.0           155 680000000. 0.0       
   111 9800000.00 1.36704E-6    126 28000000.0 .014066264    141 160000000. 0.0           156 720000000. 0.0       
   112 10000000.0 1.10011E-6    127 30000000.0 .009191805    142 180000000. 0.0           157 760000000. 0.0       
   113 11000000.0 4.13691E-4    128 35000000.0 .005845595    143 200000000. 0.0           158 800000000. 0.0       
   114 12000000.0 .002292549    129 40000000.0 .005472014    144 240000000. 0.0           159 840000000. 0.0       
   115 13000000.0 .005878977    130 45000000.0 .005438294    145 280000000. 0.0           160 880000000. 0.0       
   116 14000000.0 .013273027    131 50000000.0 .005352339    146 320000000. 0.0           161 920000000. 0.0       
   117 15000000.0 .028388255    132 54000000.0 .005349331    147 360000000. 0.0           162 960000000. 0.0       
   118 16000000.0 .047487846    133 55000000.0 .005418302    148 400000000. 0.0           163 1.00000E+9
   119 17000000.0 .048594040    134 60000000.0 .005618721    149 440000000. 0.0       
   120 18000000.0 .035425812    135 70000000.0 .005747416    150 480000000. 0.0       
   121 19000000.0 .029424501    136 80000000.0 .005765748    151 520000000. 0.0       
 
