  Linearize ENDF/B Cross Sections (LINEAR 2019-1)
  ------------------------------------------------------------------------------
  Retrieval Criteria-----------        MAT
  Monitor Mode-----------------        Off
  Minimum Cross Section-------- 1.0000E-10
  Keep Evaluated Data Points---        Yes
  ------------------------------------------------------------------------------
  ENDF/B Input and Output Data Filenames
  LINEAR.IN                                                               
  LINEAR.OUT                                                              
  ------------------------------------------------------------------------------
  Requested Ranges
  ------------------------------------------------------------------------------
       Minimum       Maximum   
     MAT MF  MT    MAT MF  MT
  ------------------------------------------------------------------------------
       0  0   0 999999 99 999
  ------------------------------------------------------------------------------
  Allowable Uncertainty
  ------------------------------------------------------------------------------
      Energy Uncertainty   per-cent
  ------------------------------------------------------------------------------
  0.0         1.0000E-10     0.0000
  ------------------------------------------------------------------------------
  ENDF/B Tape Label
  ------------------------------------------------------------------------------
   CNDC, CENDL3.1/photon-Medium-Heavy Nucleus reactions, MAT=4025      1
  ------------------------------------------------------------------------------
    Material  MAT  MF  MT  ENDF/B      Kelvin     Q-Value   Points   Points
                           Format                      eV       In      Out
  ------------------------------------------------------------------------------
   40-Zr-90  4025   3   5   VI     0.0         0.0              99       99
   40-Zr-90  4025   3 201   VI     0.0        -11971000.0       83       83
   40-Zr-90  4025   3 203   VI     0.0        -8356500.00       90       90
   40-Zr-90  4025   3 204   VI     0.0        -17612000.0       46       46
   40-Zr-90  4025   3 205   VI     0.0        -20706000.0       33       33
   40-Zr-90  4025   3 206   VI     0.0        -18827000.0       27       27
   40-Zr-90  4025   3 207   VI     0.0        -6677100.00       86       86
  ------------------------------------------------------------------------------
                                               MAT Totals      464      464
  ------------------------------------------------------------------------------
 ------------------------------------------------------------------------------
 All Cross Sections Read. Maximum Tabulated Energy =  200000000. eV
 ------------------------------------------------------------------------------
 ===============================================================================
      MAT Total Execution Time                0.06 Seconds
 ===============================================================================
  ------------------------------------------------------------------------------
                                              Tape Totals      464      464
  ------------------------------------------------------------------------------
 ===============================================================================
 LINEAR   Total Execution Time                0.06 Seconds
 ===============================================================================
